Iteration	Posterior	Likelihood	Prior	branch_rates	root_freq[1]	root_freq[2]	root_freq[3]	root_freq[4]	speciation_rate
0	-285.1234	-281.8023	-3.321183	0.5922891	0.00554648	0.395934	0.042991	0.555528	0.153871
200	-285.2922	-284.1667	-1.125519	0.5222575	0.0141569	0.0399921	0.143735	0.802116	0.009472183
400	-289.5989	-284.1898	-5.409126	0.5866325	0.114136	0.113334	0.632211	0.140319	0.3591143
600	-284.1956	-281.0523	-3.143316	0.6534825	0.0182671	0.0083871	0.620901	0.352444	0.0789565
800	-285.0586	-281.3624	-3.696191	0.748262	0.0411331	0.118088	0.0564116	0.784368	0.03999671
1000	-288.8738	-285.5837	-3.290179	0.5427299	0.090224	0.514209	0.274153	0.121414	0.2005071
1200	-283.3962	-281.2973	-2.098857	0.5928405	0.00629242	0.244329	0.406475	0.342904	0.03535289
1400	-283.5967	-281.4484	-2.148301	0.6272169	0.0161275	0.234518	0.423482	0.325873	0.007328224
1600	-290.9457	-285.5956	-5.350115	0.8147016	0.131585	0.590176	0.11866	0.159579	0.1427257
1800	-284.5409	-282.2029	-2.337923	0.541917	0.0327837	0.0228323	0.751242	0.193142	0.1046639
2000	-287.7846	-286.1832	-1.601424	0.4683854	0.0280765	0.328356	0.197	0.446569	0.1070731
2200	-284.575	-282.4665	-2.108536	0.619564	0.0111994	0.215221	0.0568481	0.716732	0.01048407
2400	-284.216	-281.5668	-2.649162	0.601648	0.0286284	0.0293027	0.541813	0.400256	0.07885742
2600	-284.2954	-281.4626	-2.832813	0.6446586	0.0135359	0.33306	0.107319	0.546086	0.05645127
2800	-287.6412	-282.0669	-5.574294	0.8145232	0.0591855	0.0539357	0.365136	0.521743	0.1604584
3000	-283.9397	-280.6715	-3.268166	0.6508882	0.00627711	0.0221922	0.950459	0.0210721	0.09274624
3200	-284.479	-282.1401	-2.338914	0.5969821	0.0212135	0.201181	0.20159	0.576015	0.05314806
3400	-285.1377	-281.2423	-3.895413	0.7757491	0.00266692	0.357737	0.167726	0.47187	0.03278812
3600	-287.5817	-285.2901	-2.291593	0.6095403	0.0502864	0.622056	0.0851167	0.242541	0.03833475
3800	-284.379	-282.0243	-2.354713	0.6263257	0.00526078	0.387388	0.472978	0.134373	0.02798468
4000	-285.2316	-281.2527	-3.978851	0.7068793	0.022639	0.373871	0.377835	0.225655	0.1068679
4200	-283.5673	-281.969	-1.598303	0.5596268	0.00510597	0.459264	0.402901	0.132729	0.0191308
4400	-286.2926	-285.3454	-0.9472102	0.499522	0.0154377	0.584385	0.27685	0.123327	0.01398547
4600	-283.7463	-282.637	-1.109279	0.5219154	0.0130839	0.242296	0.69279	0.0518303	0.008540815
4800	-284.7621	-283.7745	-0.9875712	0.4875113	0.0163338	0.0963562	0.836273	0.0510374	0.02952627
5000	-285.336	-282.5711	-2.764907	0.6643085	0.0153261	0.00937003	0.0665287	0.908775	0.03025582
5200	-288.1194	-284.3604	-3.758952	0.6740655	0.103774	0.0553713	0.314479	0.526376	0.1211446
5400	-285.128	-281.1772	-3.950846	0.6399464	0.0158017	0.0368375	0.868281	0.0790802	0.1686042
5600	-287.4292	-281.6054	-5.823835	0.6619679	0.0166926	0.399946	0.0144021	0.568959	0.3273597
5800	-285.5526	-283.9064	-1.646249	0.5689982	0.0257055	0.146377	0.771354	0.0565632	0.01507842
6000	-284.3733	-282.5283	-1.845076	0.5955873	0.0564026	0.135522	0.451847	0.356228	0.00851973
6200	-283.3079	-280.6601	-2.647856	0.6718819	0.00910661	0.00394325	0.106241	0.880709	0.01218528
6400	-283.7055	-282.0331	-1.672305	0.5505893	0.0044146	0.0673784	0.210883	0.717324	0.0354116
6600	-284.0778	-282.7268	-1.351023	0.5474431	0.0211393	0.471508	0.455634	0.0517184	0.007236578
6800	-286.8749	-282.3275	-4.547367	0.8645692	0.0814723	0.0147567	0.165893	0.737878	0.01004388
7000	-287.7373	-281.5528	-6.18448	0.7862944	0.00502933	0.179305	0.445159	0.370507	0.2524289
7200	-284.782	-281.12	-3.662071	0.7420852	0.00473652	0.0506126	0.238924	0.705727	0.04216436
7400	-291.7635	-284.9436	-6.819912	0.7182921	0.108643	0.799564	0.0173739	0.0744193	0.3886869
7600	-286.2479	-282.1881	-4.059802	0.6451722	0.0216532	0.453763	0.496241	0.028343	0.1774372
7800	-292.6556	-288.6492	-4.006376	0.5337113	0.0638022	0.305628	0.344253	0.286317	0.2703954
8000	-284.3734	-282.5694	-1.804045	0.578172	0.0224575	0.165896	0.129583	0.682064	0.02077084
8200	-287.7367	-282.6325	-5.104248	0.7214303	0.0584918	0.0131866	0.145934	0.782388	0.2024787
8400	-289.9752	-286.615	-3.360212	0.7117359	0.20199	0.311082	0.435931	0.0509965	0.04261673
8600	-288.8763	-285.0822	-3.794072	0.576555	0.0412974	0.0271778	0.213624	0.717901	0.2047801
8800	-292.5645	-287.8389	-4.725543	0.6815888	0.0324034	0.193556	0.745823	0.0282175	0.1966317
9000	-282.7421	-280.9834	-1.758737	0.5822695	0.00733868	0.021498	0.730491	0.240672	0.01274109
9200	-283.9764	-280.9005	-3.075979	0.6399415	0.0236468	0.0371193	0.457069	0.482165	0.08340886
9400	-287.1193	-283.0912	-4.028079	0.7111698	0.0169616	0.355286	0.383383	0.244369	0.11119
9600	-284.5037	-281.7595	-2.744204	0.5783253	0.0223839	0.282441	0.668287	0.0268879	0.1097825
9800	-285.5252	-283.2254	-2.29979	0.6427992	0.0325169	0.222355	0.21744	0.527689	0.006902113
10000	-285.3658	-282.7483	-2.617479	0.6722005	0.0156847	0.0129232	0.138006	0.833386	0.008909912
10200	-283.784	-281.0278	-2.756132	0.6955051	0.0242734	0.096831	0.781382	0.0975132	7.501024e-05
10400	-283.8145	-281.7535	-2.060939	0.6241565	0.0502997	0.0918501	0.662491	0.195359	0.00181847
10600	-283.1017	-281.1727	-1.929055	0.609949	0.00574022	0.0634256	0.148426	0.782408	0.002825831
10800	-283.4616	-281.5261	-1.93552	0.609271	0.00193862	0.601583	0.108939	0.28754	0.004050032
11000	-288.4117	-285.1759	-3.235862	0.6512916	0.0133137	0.1439	0.577085	0.265701	0.0906486
11200	-286.6235	-282.3789	-4.244631	0.7949278	0.0756452	0.13766	0.573357	0.213338	0.04855666
11400	-286.5355	-283.5456	-2.989962	0.6022751	0.00990213	0.00863888	0.447134	0.534325	0.1120401
11600	-289.2131	-285.4638	-3.749248	0.6828686	0.0276409	0.162906	0.397107	0.412346	0.1049631
11800	-284.7661	-281.1113	-3.654724	0.6184357	0.00188466	0.0685668	0.419888	0.509661	0.1620194
12000	-286.0752	-285.0884	-0.9868364	0.4885324	0.00339941	0.0226985	0.00573978	0.968162	0.02887191
12200	-286.103	-281.4071	-4.695909	0.6048432	0.00216352	0.461277	0.149601	0.386958	0.2715914
12400	-285.5421	-284.8764	-0.6657044	0.4603465	0.0454637	0.054291	0.281194	0.619051	0.02409283
12600	-286.7366	-283.6582	-3.078457	0.4988425	0.00374856	0.567378	0.251718	0.177155	0.2161048
12800	-290.4735	-286.4454	-4.028052	0.5014144	0.00297393	0.041334	0.520792	0.4349	0.3034418
13000	-284.7799	-281.0418	-3.738108	0.6526532	0.00758546	0.284869	0.591073	0.116473	0.1353384
13200	-283.0981	-280.7744	-2.323737	0.632874	0.00692419	0.14961	0.0648646	0.778601	0.01866801
13400	-284.8781	-281.18	-3.698074	0.7056918	0.0221999	0.204973	0.376741	0.396086	0.08125611
13600	-289.446	-287.3783	-2.067697	0.6054841	0.0404696	0.116107	0.540111	0.303312	0.01985909
13800	-286.3135	-282.3111	-4.002459	0.6450598	0.0485503	0.0185482	0.122538	0.810364	0.164653
14000	-285.4918	-281.3166	-4.175128	0.7688351	0.00372658	0.662131	0.291172	0.0429697	0.06626048
14200	-285.8806	-281.0805	-4.800159	0.5820317	0.00989838	0.0555533	0.557781	0.376767	0.3009786
14400	-285.6955	-284.3582	-1.337306	0.5149395	0.0660955	0.232742	0.383031	0.318131	0.03624698
14600	-287.6341	-284.7743	-2.859863	0.6127259	0.140546	0.189126	0.642353	0.0279759	0.08807812
14800	-283.568	-280.9948	-2.573233	0.6112721	0.00614965	0.204819	0.716962	0.0720691	0.06288009
15000	-283.5121	-282.0715	-1.440586	0.5501669	0.0333259	0.0233747	0.0795071	0.863792	0.0130064
15200	-288.2031	-286.7468	-1.456288	0.5602738	0.110106	0.679041	0.190742	0.0201108	0.005198033
15400	-285.73	-282.6695	-3.060438	0.6326085	0.0527029	0.508984	0.0220799	0.416234	0.08839085
15600	-289.7636	-284.5944	-5.169133	0.6243736	0.00396222	0.633311	0.00332114	0.359405	0.3086467
15800	-286.4391	-283.5592	-2.879885	0.6701226	0.0341372	0.569873	0.290873	0.105117	0.03683945
16000	-284.6913	-282.5959	-2.095355	0.6130498	0.0682248	0.186496	0.54578	0.199499	0.01575453
16200	-287.2022	-282.9258	-4.276388	0.8433379	0.0938725	0.132938	0.48767	0.285519	0.004307138
16400	-284.5849	-282.7476	-1.837259	0.5987435	0.0535168	0.318269	0.406661	0.221553	0.004748174
16600	-286.5279	-282.3977	-4.13017	0.7954462	0.079932	0.0586045	0.338529	0.522934	0.03598117
16800	-285.5649	-282.2272	-3.337665	0.5231504	0.00868684	0.261342	0.510146	0.219825	0.2156723
17000	-286.2598	-281.1076	-5.152146	0.6277523	0.0174554	0.188691	0.437381	0.356473	0.2933014
17200	-286.5514	-284.4096	-2.141833	0.6285279	0.00936836	0.235016	0.21857	0.537046	0.005325116
17400	-285.7638	-282.2479	-3.515865	0.6699086	0.0320076	0.224149	0.609736	0.134108	0.09852363
17600	-284.6488	-282.4413	-2.207529	0.629258	0.0135139	0.0930612	0.389904	0.503521	0.0109295
17800	-285.5233	-281.2868	-4.236507	0.7702281	0.0248218	0.11558	0.336101	0.523497	0.07163451
18000	-287.3384	-284.6639	-2.674465	0.4959237	0.0496571	0.447183	0.451371	0.0517895	0.1798885
18200	-285.9295	-284.4939	-1.435613	0.515141	0.0197408	0.616389	0.0604916	0.303378	0.04658782
18400	-288.4392	-282.9884	-5.450852	0.9199354	0.0124793	0.908245	0.0293536	0.0499222	0.04556858
18600	-286.2186	-284.6714	-1.547155	0.5615325	0.114276	0.258212	0.0277468	0.599764	0.01248873
18800	-285.8083	-282.9892	-2.819142	0.6753398	0.0374825	0.216157	0.491676	0.254685	0.02592699
19000	-286.8102	-282.3035	-4.506719	0.6922075	0.0700419	0.00628294	0.306146	0.61753	0.173163
19200	-285.4292	-283.4628	-1.966424	0.5973655	0.0561019	0.50072	0.0403723	0.402805	0.01855559
19400	-285.8891	-282.9922	-2.896917	0.5701353	0.0118426	0.608819	0.258367	0.120971	0.1326583
19600	-286.5909	-285.9019	-0.6889648	0.464556	0.025121	0.232886	0.0686667	0.673327	0.02283488
19800	-290.304	-287.776	-2.527918	0.4997954	0.13175	0.00723872	0.778635	0.0823762	0.1624681
20000	-285.0337	-281.1759	-3.857791	0.7258274	0.0117648	0.209571	0.278261	0.500404	0.07632105
20200	-284.0881	-281.163	-2.925118	0.6556797	0.0243638	0.194476	0.273125	0.508036	0.05379976
20400	-287.0321	-282.2028	-4.829267	0.59727	0.0362055	0.259873	0.344364	0.359558	0.2873076
20600	-283.3124	-281.8965	-1.415912	0.5599218	0.00339978	0.147011	0.449026	0.400563	0.001567709
20800	-283.7517	-281.8971	-1.854599	0.5701952	0.00313273	0.231666	0.600026	0.165175	0.03371048
21000	-283.3625	-281.988	-1.374551	0.5504266	0.0266169	0.101939	0.853884	0.01756	0.006650817
21200	-284.605	-281.7532	-2.851826	0.6197985	0.0398266	0.220942	0.533039	0.206193	0.08095019
21400	-285.5929	-284.1659	-1.427078	0.4780019	0.0267105	0.177452	0.779257	0.0165803	0.079663
21600	-284.7805	-282.0395	-2.740978	0.6729756	0.0049666	0.385157	0.170109	0.439767	0.02012298
21800	-289.8747	-286.8977	-2.977049	0.5469246	0.0976361	0.0656775	0.180016	0.65667	0.1588973
22000	-288.3636	-283.3144	-5.049236	0.7599213	0.05536	0.0237213	0.624909	0.29601	0.1634455
22200	-286.0023	-281.8279	-4.174359	0.5494865	0.00106885	0.281003	0.345572	0.372356	0.268942
22400	-288.4211	-285.1996	-3.221414	0.6492828	0.000763676	0.28708	0.532302	0.179855	0.08466817
22600	-284.8128	-281.128	-3.684754	0.6211062	0.0252487	0.00262661	0.0163258	0.955799	0.1584869
22800	-284.6493	-283.5391	-1.110117	0.5255487	0.0389906	0.285523	0.340985	0.334501	0.005144709
23000	-287.4923	-282.5697	-4.92259	0.9060308	0.0847864	0.0244763	0.753369	0.137368	0.006183215
23200	-283.3253	-280.6085	-2.716782	0.6910671	0.00988697	0.0873036	0.275933	0.626877	0.0005617689
23400	-285.6301	-283.4294	-2.200611	0.6020067	0.0334467	0.564825	0.121089	0.280639	0.03651625
23600	-284.5782	-282.1961	-2.382135	0.5422006	0.00165394	0.336824	0.418438	0.243083	0.109072
23800	-286.6902	-283.1784	-3.511819	0.6658394	0.0968599	0.14826	0.486677	0.268203	0.1022643
24000	-287.2674	-282.4978	-4.769618	0.5798283	0.0291508	0.53272	0.180877	0.257253	0.3028667
24200	-282.4509	-280.4591	-1.991832	0.6102881	0.0018668	0.0160723	0.800827	0.181233	0.008509806
24400	-290.0941	-282.4656	-7.628552	0.6434661	0.0177373	0.13786	0.00748527	0.836917	0.5319113
24600	-286.3537	-283.1155	-3.238186	0.6306658	0.0248096	0.626876	0.137115	0.2112	0.1098018
24800	-286.1572	-281.8773	-4.279944	0.6791746	0.0165859	0.109022	0.364867	0.509525	0.1637948
25000	-288.22	-284.1207	-4.099263	0.5831171	0.0660558	0.399481	0.0708043	0.463659	0.2389051
25200	-286.0178	-281.3103	-4.707486	0.7029116	0.0417818	0.0103204	0.0481548	0.899743	0.1784671
25400	-289.3225	-284.9588	-4.363715	0.5899898	0.0789829	0.149908	0.130329	0.64078	0.2579253
25600	-286.9651	-283.732	-3.233085	0.5153709	0.0216518	0.0489282	0.745778	0.183642	0.2182773
25800	-285.5675	-282.8308	-2.736748	0.6292857	0.00841506	0.00740288	0.632344	0.351838	0.05967143
26000	-286.516	-283.5274	-2.988595	0.5727703	0.00968826	0.230894	0.60419	0.155228	0.1361206
26200	-291.095	-288.315	-2.779985	0.4603087	0.0271814	0.133924	0.80149	0.0374044	0.2237977
26400	-285.3988	-281.6216	-3.777209	0.7138905	0.0211608	0.183093	0.280193	0.515553	0.08133138
26600	-287.0542	-285.543	-1.51121	0.494153	0.0993691	0.0765477	0.600937	0.223146	0.07303009
26800	-285.735	-280.6971	-5.037895	0.7546867	0.00751838	0.0203974	0.626876	0.345208	0.1626409
27000	-287.1831	-282.6177	-4.56543	0.5957309	0.0237626	0.137345	0.62923	0.209662	0.2641138
27200	-285.1359	-282.8636	-2.272288	0.5449978	0.0300373	0.0316615	0.88139	0.0569107	0.0981572
27400	-287.5401	-284.9439	-2.596188	0.5790109	0.0253741	0.524288	0.187125	0.263212	0.09847752
27600	-287.4513	-283.0243	-4.427042	0.6769766	0.0765379	0.0878751	0.523843	0.311744	0.1757988
27800	-285.7392	-282.3866	-3.352638	0.6979972	0.0543664	0.393266	0.187746	0.364621	0.05669564
28000	-284.4218	-282.0405	-2.381258	0.6053383	0.0294672	0.113715	0.238263	0.618555	0.0508243
28200	-288.7364	-282.1322	-6.604252	0.7660944	0.0390191	0.291642	0.517451	0.151888	0.3031022
28400	-284.9294	-282.3331	-2.596325	0.6624668	0.0024983	0.513347	0.392718	0.091437	0.01641224
28600	-285.8332	-283.5275	-2.305646	0.5900487	0.0524103	0.50131	0.182735	0.263544	0.05677094
28800	-285.4733	-282.4337	-3.03957	0.6641331	0.0228184	0.130425	0.40889	0.437867	0.05718252
29000	-284.1533	-281.1422	-3.01111	0.630466	0.0075786	0.120877	0.471061	0.400483	0.08737815
29200	-283.8424	-281.1199	-2.722477	0.6157843	0.00203422	0.140876	0.0137552	0.843335	0.07147773
29400	-287.51	-282.6546	-4.855459	0.8417036	0.013378	0.180587	0.242179	0.563856	0.06373509
29600	-284.0028	-282.0559	-1.946852	0.5695135	0.0113177	0.188857	0.798739	0.00108537	0.04212223
29800	-286.9684	-283.4911	-3.477251	0.7376195	0.0804582	0.692022	0.156916	0.0706039	0.02896518
30000	-286.7995	-286.3033	-0.4961118	0.4644779	0.0329971	0.114252	0.516093	0.336658	0.004665122
30200	-286.364	-282.7345	-3.6295	0.7432663	0.0630233	0.00104016	0.658485	0.277452	0.03785621
30400	-284.2529	-281.472	-2.780853	0.648163	0.0165313	0.367014	0.361922	0.254533	0.04779199
30600	-283.9644	-282.5576	-1.406805	0.5531141	0.0025625	0.461082	0.00848028	0.527875	0.007069776
30800	-289.5155	-287.3685	-2.146937	0.4708287	0.0193321	0.486553	0.435286	0.0588289	0.1560886
31000	-283.8434	-281.3667	-2.476719	0.5889604	0.0233608	0.00990971	0.437104	0.529626	0.07583474
31200	-285.5807	-282.9588	-2.621898	0.4990805	0.000791539	0.163025	0.698645	0.137539	0.1696734
31400	-285.2704	-283.9748	-1.295546	0.4897448	0.0140738	0.515805	0.0286023	0.441519	0.05626072
31600	-286.6001	-285.5344	-1.065711	0.4926865	0.0734512	0.210794	0.208756	0.506999	0.03221221
31800	-285.5513	-284.218	-1.333325	0.4971456	0.0325863	0.0217999	0.239989	0.705625	0.05276521
32000	-286.0251	-282.3922	-3.632947	0.7268252	0.0516905	0.75657	0.0140503	0.177689	0.05509084
32200	-282.9475	-281.227	-1.720538	0.5786086	0.00252417	0.0668752	0.506619	0.423982	0.01268385
32400	-287.2446	-282.7376	-4.506947	0.778255	0.0774361	0.00839237	0.580507	0.333664	0.08848315
32600	-287.0966	-283.3136	-3.782992	0.7528287	0.00952343	0.138063	0.0528945	0.799519	0.04258408
32800	-284.9733	-282.3773	-2.596044	0.587123	0.0480111	0.067282	0.104237	0.78047	0.08673784
33000	-284.9863	-284.1004	-0.885961	0.4661884	0.00157844	0.0867196	0.626397	0.285305	0.04051526
33200	-286.3111	-283.9694	-2.341727	0.5619213	0.0827096	0.388123	0.0903306	0.438836	0.08790385
33400	-284.0365	-281.818	-2.218514	0.622926	0.00440678	0.813303	0.140125	0.0421653	0.0180194
33600	-291.1424	-288.1877	-2.954678	0.4499314	0.0312637	0.540612	0.120134	0.307989	0.2548739
33800	-285.5872	-282.1634	-3.423804	0.7297215	0.0572877	0.140808	0.740039	0.0618652	0.03155713
34000	-289.0864	-286.4934	-2.59304	0.6371134	0.0496886	0.553406	0.140096	0.256809	0.03992791
34200	-289.4677	-284.7634	-4.704297	0.4869305	0.045402	0.217763	0.498796	0.238038	0.3736573
34400	-288.7876	-281.9126	-6.874976	0.6115125	0.0260347	0.0573824	0.32026	0.596323	0.478532
34600	-289.052	-285.0834	-3.96858	0.710834	0.172084	0.110872	0.474527	0.242517	0.1015804
34800	-284.6957	-281.2257	-3.470013	0.6971491	0.0298477	0.0897017	0.475861	0.404589	0.0677581
35000	-284.9017	-280.6048	-4.296903	0.69416	0.00100635	0.0938128	0.454191	0.450989	0.1477669
35200	-285.8963	-282.1781	-3.718156	0.7552875	0.0742873	0.0800652	0.794416	0.051231	0.03573947
35400	-285.6234	-283.4907	-2.132731	0.6138138	0.0722221	0.173733	0.0925425	0.661503	0.01814404
35600	-284.343	-280.4365	-3.906451	0.702729	0.00201544	0.0494993	0.753792	0.194694	0.1042737
35800	-286.6651	-285.1436	-1.521421	0.4900367	0.0203685	0.0357365	0.231394	0.712501	0.07835007
36000	-285.7815	-284.0603	-1.721139	0.5186206	0.0175022	0.110304	0.360581	0.511614	0.07045439
36200	-286.6261	-284.1494	-2.476709	0.6550288	0.0188651	0.116078	0.827991	0.0370655	0.01259817
36400	-293.1512	-285.6852	-7.466068	0.666984	0.0185765	0.00128314	0.629402	0.350738	0.4605581
36600	-283.3794	-280.9939	-2.385502	0.6032591	0.000972963	0.140684	0.286901	0.571442	0.05273095
36800	-283.3723	-281.1227	-2.249587	0.6423652	0.0151509	0.168298	0.442539	0.374013	0.002470786
37000	-283.3139	-280.9376	-2.37628	0.6125317	0.000473158	0.122224	0.0171846	0.860119	0.0433015
37200	-288.0667	-283.797	-4.269698	0.7936314	0.146711	0.195495	0.121752	0.536042	0.05196117
37400	-286.5533	-284.7363	-1.817062	0.5912755	0.0815671	0.092313	0.796664	0.0294557	0.01011335
37600	-286.6386	-283.4716	-3.167031	0.7125685	0.0980218	0.400397	0.00621755	0.495363	0.02336541
37800	-288.1755	-282.3229	-5.852601	0.8349373	0.0597942	0.066672	0.439056	0.434478	0.1675538
38000	-285.9566	-281.1541	-4.802472	0.8617558	0.00138206	0.249895	0.462626	0.286096	0.03831412
38200	-287.0677	-282.2006	-4.867179	0.626148	0.0346978	0.0520283	0.449645	0.463629	0.2682523
38400	-285.9982	-282.1576	-3.840563	0.6113185	0.0395894	0.347558	0.384763	0.22809	0.1836526
38600	-284.502	-281.6159	-2.886116	0.6514906	0.0374343	0.043633	0.523651	0.395282	0.05431099
38800	-287.8297	-284.8276	-3.002123	0.6668908	0.016892	0.650948	0.278597	0.053563	0.05204972
39000	-285.5637	-284.3551	-1.208622	0.5293556	0.00333546	0.101731	0.452868	0.442066	0.01117819
39200	-284.9532	-281.3573	-3.595854	0.7684318	0.00777649	0.401895	0.323545	0.266784	0.01106753
39400	-285.5302	-285.0617	-0.4685243	0.4465654	0.0451517	0.0110838	0.0299359	0.913829	0.01871776
39600	-286.858	-283.2334	-3.624613	0.551696	0.043294	0.435909	0.162452	0.358345	0.2199675
39800	-285.1882	-281.6742	-3.513954	0.6486739	0.00395074	0.292257	0.416926	0.286865	0.1195977
40000	-284.5071	-282.0736	-2.433572	0.5581557	0.0323979	0.110572	0.0148265	0.842203	0.09951588
40200	-284.8327	-281.2832	-3.54951	0.7726159	0.0105986	0.103679	0.739856	0.145867	0.002233308
40400	-284.4687	-282.8709	-1.597755	0.5158826	0.0335862	0.0163867	0.264445	0.685582	0.05953156
40600	-288.4219	-284.1076	-4.314296	0.6077769	0.107093	0.264602	0.471437	0.156867	0.2300853
40800	-285.7743	-283.8638	-1.910444	0.4972176	0.0038883	0.0744245	0.709369	0.212318	0.1054902
41000	-286.6279	-283.9236	-2.704288	0.6583797	0.137758	0.00801834	0.0445004	0.809723	0.03065974
41200	-287.3701	-284.5731	-2.79701	0.6984566	0.0161616	0.589056	0.352564	0.0422183	0.001155784
41400	-287.5275	-284.4367	-3.090782	0.71005	0.0741281	0.248668	0.22984	0.447364	0.01881906
41600	-285.228	-282.642	-2.586002	0.6784136	0.0776304	0.158353	0.382476	0.38154	0.0001513312
41800	-285.0089	-281.6996	-3.309239	0.7062081	0.0386462	0.107016	0.433751	0.420587	0.04254388
42000	-285.8115	-283.2083	-2.603222	0.6784379	0.00360487	0.112766	0.100158	0.78347	0.001808808
42200	-285.0383	-281.6616	-3.376779	0.6369785	0.00689413	0.0664043	0.829154	0.0975475	0.112746
42400	-287.3893	-284.9886	-2.400682	0.5562494	0.0176515	0.591774	0.330234	0.0603411	0.0961986
42600	-285.9432	-281.3391	-4.604116	0.8051262	0.0337093	0.00035106	0.647996	0.317943	0.07471494
42800	-286.2352	-283.3441	-2.891085	0.6342002	0.0377353	0.255736	0.701721	0.00480785	0.07076338
43000	-284.7275	-281.6989	-3.028594	0.6829947	0.00631004	0.182711	0.281888	0.529092	0.03849349
43200	-283.4303	-281.0366	-2.393692	0.6582088	0.0015479	0.124631	0.677141	0.19668	0.001086935
43400	-285.6586	-281.292	-4.366554	0.8550618	0.00186376	0.0565853	0.421323	0.520228	0.001548877
43600	-286.5982	-285.2874	-1.310817	0.4880692	0.0271936	0.647282	0.15229	0.173235	0.05952066
43800	-289.3513	-284.353	-4.99834	0.8217995	0.00598242	0.0647058	0.496133	0.433179	0.09614934
44000	-287.3896	-284.1721	-3.217427	0.6127724	0.0112206	0.394123	0.351929	0.242727	0.1218488
44200	-284.6912	-282.2825	-2.408745	0.6361655	0.0516515	0.0197327	0.632236	0.29638	0.02417623
44400	-285.6044	-282.0052	-3.599196	0.7619903	0.0565694	0.305714	0.224714	0.413002	0.01749846
44600	-287.3439	-283.0704	-4.273453	0.7156187	0.120911	0.0626696	0.62488	0.19154	0.1279723
44800	-284.4662	-281.6993	-2.766996	0.6309982	0.037184	0.124698	0.420459	0.417659	0.06201384
45000	-285.2766	-281.634	-3.642594	0.546416	0.000659228	0.00723459	0.208833	0.783273	0.2292059
45200	-287.3404	-285.0704	-2.269994	0.6310955	0.0100082	0.216746	0.598523	0.174723	0.01506561
45400	-288.8609	-286.4289	-2.432066	0.6539199	0.0934216	0.215974	0.374115	0.316489	0.008951487
45600	-285.939	-284.7433	-1.195676	0.482025	0.0505877	0.0888734	0.364592	0.495946	0.05381288
45800	-283.9727	-282.5307	-1.441932	0.5463682	0.0326634	0.0764496	0.168569	0.722318	0.01708227
46000	-286.126	-283.7714	-2.354594	0.6512914	0.0105559	0.482092	0.351184	0.156167	0.004029654
46200	-284.6589	-282.7593	-1.899583	0.5979025	0.00854044	0.0444513	0.0764281	0.87058	0.01189704
46400	-285.667	-281.0584	-4.608568	0.6763818	0.0114429	0.22859	0.306315	0.453652	0.197273
46600	-289.834	-285.2139	-4.620051	0.7069082	0.0989452	0.354585	0.200709	0.345761	0.1736394
46800	-285.7712	-281.6168	-4.154379	0.7439052	0.0325127	0.380233	0.545994	0.0412596	0.0880779
47000	-284.6617	-281.9832	-2.67847	0.6603937	0.0647784	0.0849334	0.59721	0.253079	0.02621352
47200	-284.0934	-282.3214	-1.771963	0.5572162	0.00422312	0.338504	0.233179	0.424094	0.03817211
47400	-287.5741	-284.3218	-3.252271	0.6159001	0.000653831	0.165021	0.630151	0.204175	0.1199793
47600	-289.3187	-287.3952	-1.923515	0.47565	0.0642512	0.100709	0.658577	0.176463	0.1289213
47800	-284.5888	-282.4801	-2.108698	0.6201125	0.0659795	0.109704	0.409314	0.415003	0.0103528
48000	-290.4218	-285.3455	-5.07626	0.7913782	0.10482	0.268443	0.0280025	0.598735	0.1327705
48200	-284.7145	-282.8661	-1.848346	0.5382936	0.00439929	0.364088	0.0593598	0.572153	0.06193534
48400	-285.9082	-283.704	-2.204218	0.4824021	0.026356	0.10203	0.669652	0.201963	0.1473678
48600	-284.3382	-283.418	-0.9201939	0.5097417	0.027199	0.22246	0.0911497	0.659192	0.002124562
48800	-286.8941	-282.5261	-4.36793	0.7043046	0.0259671	0.109289	0.678046	0.186697	0.1515517
49000	-285.3824	-282.598	-2.78435	0.6006155	0.0735348	0.0633587	0.843957	0.0191495	0.09253841
49200	-288.2469	-281.7077	-6.539238	0.6943999	0.0242644	0.37301	0.226833	0.375892	0.3601862
49400	-288.1711	-282.7488	-5.422327	0.8913281	0.0315894	0.427315	0.164949	0.376147	0.07045103
49600	-286.427	-284.1473	-2.279664	0.5406073	0.0333476	0.295427	0.421671	0.249555	0.1002981
49800	-283.9873	-282.6975	-1.289809	0.523423	0.0234154	0.172536	0.202556	0.601493	0.02414305
50000	-284.2119	-281.2682	-2.943662	0.6528192	0.0170396	0.181693	0.156017	0.64525	0.05931292
50200	-288.5853	-283.2063	-5.378909	0.87665	0.0874653	0.0663383	0.556508	0.289689	0.07842645
50400	-283.5625	-281.1749	-2.387654	0.5685308	0.00392427	0.0910924	0.250919	0.654064	0.08545614
50600	-284.9142	-281.8858	-3.028411	0.6473068	0.0544203	0.130042	0.423122	0.392416	0.07256142
50800	-285.0612	-283.5162	-1.54503	0.5545219	0.0249229	0.133096	0.0118301	0.830151	0.01917418
51000	-286.6174	-281.9504	-4.667024	0.7618052	0.0541775	0.166515	0.671232	0.108075	0.1205499
51200	-287.0783	-281.7577	-5.320569	0.7625694	0.0416902	0.50692	0.444758	0.0066316	0.1865252
51400	-288.2865	-286.2985	-1.988012	0.58994	0.0558075	0.197354	0.673841	0.0729971	0.02725781
51600	-284.8603	-281.5766	-3.283667	0.6681732	0.0408521	0.0330475	0.512086	0.414014	0.07833217
51800	-286.3177	-284.2853	-2.032423	0.5930189	0.0325353	0.503972	0.00363123	0.459861	0.02917169
52000	-282.597	-280.6338	-1.963218	0.5839738	0.00366631	0.0187943	0.586932	0.390607	0.03054682
52200	-285.7626	-283.6551	-2.107547	0.5366553	0.0462693	0.142427	0.0324402	0.778863	0.09061269
52400	-288.3223	-283.5892	-4.733105	0.5970523	0.05721	0.321943	0.374493	0.246354	0.288944
52600	-286.5646	-283.0969	-3.467696	0.7425999	0.00456144	0.168675	0.327465	0.499298	0.02389781
52800	-284.5321	-281.786	-2.746139	0.5692929	0.0043726	0.153746	0.18441	0.657471	0.1163392
53000	-283.3662	-280.6794	-2.686772	0.6547092	0.00984534	0.10189	0.594015	0.29425	0.03237143
53200	-284.6553	-281.9921	-2.663263	0.6528644	0.0408015	0.154946	0.369751	0.434502	0.03177196
53400	-285.4384	-284.268	-1.170395	0.5212606	0.0717725	0.0807926	0.326281	0.521154	0.01463559
53600	-284.3786	-281.4924	-2.886161	0.7005082	0.00574787	0.0162108	0.0271694	0.950872	0.00793456
53800	-284.885	-283.5629	-1.322144	0.5052387	0.013822	0.289851	0.0250089	0.671318	0.0446477
54000	-284.1343	-281.0708	-3.063554	0.6690729	0.0227016	0.0691911	0.724398	0.18371	0.05526975
54200	-284.0458	-282.0853	-1.960536	0.6098125	0.0185823	0.0419815	0.123948	0.815488	0.006026085
54400	-285.1999	-281.8927	-3.307186	0.6096734	0.0141011	0.431815	0.0641012	0.489983	0.1364308
54600	-287.675	-282.0555	-5.619517	0.9543659	0.0275965	0.425857	0.3306	0.215946	0.02804377
54800	-283.5766	-282.5451	-1.031451	0.5128888	0.0103136	0.0868994	0.0181009	0.884686	0.009533575
55000	-286.4393	-284.9014	-1.537916	0.555681	0.0154064	0.154944	0.458965	0.370684	0.01678563
55200	-284.5625	-282.4938	-2.068676	0.5987677	0.0153246	0.0412572	0.129396	0.814022	0.02694824
55400	-287.6362	-283.4516	-4.184613	0.5294496	0.0443325	0.0593218	0.129516	0.76683	0.2849808
55600	-284.3385	-283.0908	-1.247748	0.5306727	0.0177062	0.426799	0.457938	0.0975574	0.01344241
55800	-286.4073	-285.8051	-0.602174	0.4699821	0.00775272	0.191514	0.324065	0.476668	0.009601523
56000	-286.6208	-284.4517	-2.169098	0.6348867	0.110356	0.0980934	0.406244	0.385307	0.001963516
56200	-285.8213	-281.8092	-4.012021	0.6582096	0.0241634	0.073453	0.737627	0.164757	0.1553115
56400	-285.4106	-281.9648	-3.445775	0.6107677	0.0366713	0.0951999	0.132401	0.735728	0.1491192
56600	-287.6941	-286.6886	-1.005475	0.4787683	0.0606886	0.469938	0.0823942	0.386979	0.03971765
56800	-285.5664	-281.8396	-3.726778	0.78653	0.0332791	0.592221	0.211515	0.162985	0.006108615
57000	-285.6831	-281.1435	-4.539619	0.7075348	0.0181305	0.217333	0.352782	0.411755	0.1615446
57200	-284.3065	-281.9286	-2.377853	0.6476342	0.0128717	0.325423	0.209601	0.452105	0.009956607
57400	-284.6141	-282.2976	-2.316547	0.5649245	0.0283567	0.00112551	0.707931	0.262587	0.08332489
57600	-284.7944	-283.461	-1.333392	0.5325787	0.0699011	0.0138765	0.712737	0.203485	0.01951265
57800	-284.8476	-283.0599	-1.787647	0.5730351	0.0119107	0.354604	0.386814	0.246671	0.0237913
58000	-285.8775	-281.9702	-3.907329	0.7088594	0.0167139	0.628917	0.281102	0.073267	0.09891029
58200	-287.9671	-281.1859	-6.781212	0.8103334	0.02113	0.0388285	0.846475	0.0935663	0.2847033
58400	-285.8085	-282.7824	-3.026084	0.6340216	0.0391525	0.313186	0.395588	0.252073	0.08407959
58600	-285.8334	-282.765	-3.068437	0.6419307	0.0467349	0.143853	0.627493	0.181919	0.08302545
58800	-286.125	-284.5603	-1.56466	0.5219357	0.0597675	0.268239	0.273464	0.39853	0.05148828
59000	-283.6953	-281.4936	-2.201685	0.5890242	0.0216169	0.215384	0.542177	0.220822	0.04827089
59200	-287.8263	-284.6837	-3.142594	0.6429917	0.0782019	0.0746969	0.0748617	0.772239	0.09089349
59400	-286.3475	-285.6931	-0.6544295	0.478712	0.0179425	0.304995	0.0549496	0.622113	0.006195593
59600	-288.5125	-283.7461	-4.766342	0.699479	0.0638097	0.0711137	0.504447	0.360629	0.1940304
59800	-288.7082	-281.3712	-7.336936	0.7458799	0.0324651	0.193949	0.223763	0.549823	0.3933383
60000	-286.1245	-282.3489	-3.775607	0.7879616	0.0136043	0.0557246	0.470601	0.46007	0.009514929
60200	-284.5051	-282.3111	-2.194025	0.6235715	0.0741775	0.0534819	0.458553	0.413788	0.0150835
60400	-284.5166	-281.9052	-2.611442	0.6447052	0.0503019	0.205843	0.0571407	0.686715	0.03496615
60600	-284.572	-281.914	-2.658009	0.6651434	0.0189345	0.247169	0.504508	0.229388	0.02030945
60800	-286.0381	-281.4574	-4.580727	0.7539568	0.05007	0.056977	0.793239	0.0997136	0.1197516
61000	-284.0761	-282.1786	-1.897511	0.5581025	0.00686713	0.386819	0.576123	0.0301903	0.04919246
61200	-285.8525	-283.7419	-2.110614	0.5605984	0.0188738	0.234646	0.550899	0.195582	0.06898035
61400	-283.2048	-281.5331	-1.671718	0.5769838	0.0136183	0.164719	0.446913	0.374749	0.009678545
61600	-288.4302	-285.4366	-2.993663	0.5673545	0.0698963	0.0390807	0.487107	0.403916	0.1381261
61800	-284.2473	-282.5885	-1.658781	0.52877	0.00163507	0.362032	0.235984	0.400349	0.05441899
62000	-286.3535	-281.6704	-4.683016	0.8272262	0.0012965	0.0650392	0.151411	0.782254	0.05980974
62200	-290.2871	-283.0247	-7.262406	0.7345146	0.0737175	0.383902	0.382605	0.159775	0.3913415
62400	-285.7462	-282.9468	-2.799357	0.6672803	0.0147166	0.179688	0.65818	0.147415	0.03043745
62600	-285.9158	-281.4291	-4.486633	0.6587484	0.039645	0.109507	0.658388	0.19246	0.2011427
62800	-283.0493	-281.1578	-1.891557	0.593502	0.0016025	0.257525	0.0723721	0.6685	0.01492831
63000	-285.4939	-283.515	-1.97884	0.5129626	0.0134527	0.203546	0.379864	0.403137	0.09882798
63200	-283.2507	-281.3502	-1.90049	0.5603609	0.00289191	0.167274	0.30222	0.527614	0.04701341
63400	-285.5105	-283.0529	-2.457548	0.5413301	0.0392507	0.0358662	0.379056	0.545827	0.1203259
63600	-285.4489	-284.4396	-1.009301	0.4836159	0.0176627	0.562966	0.166039	0.253332	0.03512656
63800	-285.0227	-282.6649	-2.357749	0.5958909	0.0164889	0.456811	0.430264	0.0964359	0.05594725
64000	-288.6037	-286.4344	-2.169259	0.612495	0.160136	0.191176	0.3649	0.283788	0.02367233
64200	-284.402	-281.2427	-3.159361	0.719618	0.00325643	0.621552	0.226948	0.148243	0.01600625
64400	-282.9028	-281.2179	-1.684855	0.5616955	0.00408325	0.0938845	0.896076	0.00595666	0.02525941
64600	-288.9594	-282.8893	-6.07008	0.5922677	0.00734954	0.0915952	0.742038	0.159017	0.4114385
64800	-285.2469	-283.9594	-1.28752	0.5434846	0.0688123	0.21297	0.43959	0.278628	0.005025442
65000	-284.5114	-282.2017	-2.309706	0.5943483	0.0396626	0.0477899	0.562944	0.349603	0.05372366
65200	-283.9415	-282.957	-0.9844944	0.5095726	0.000551376	0.231502	0.10674	0.661207	0.008467643
65400	-284.1478	-281.1248	-3.023033	0.6934464	0.0135713	0.394739	0.553794	0.0378955	0.02785811
65600	-287.0342	-281.7677	-5.266552	0.8862848	0.00612883	0.0798874	0.38098	0.533004	0.05781363
65800	-287.7129	-283.4904	-4.222506	0.6130316	0.0993499	0.150235	0.72035	0.0300652	0.2157485
66000	-285.6991	-283.2627	-2.436392	0.6324151	0.0780304	0.226517	0.124913	0.57054	0.03038648
66200	-286.726	-281.2524	-5.473575	0.5603283	0.0140169	0.0127076	0.4187	0.554576	0.3858798
66400	-284.5443	-281.1484	-3.395943	0.6229904	0.022576	0.156268	0.0839624	0.737194	0.1291614
66600	-288.3475	-283.5565	-4.790969	0.6945889	0.122444	0.222494	0.326534	0.328528	0.1972093
66800	-286.5257	-283.4002	-3.125442	0.6742058	0.0177308	0.042826	0.194573	0.74487	0.0566179
67000	-283.5537	-281.3968	-2.156945	0.5788419	0.0125935	0.189623	0.255486	0.542298	0.05365048
67200	-288.1339	-285.5631	-2.570728	0.6039898	0.151057	0.0278989	0.430708	0.390336	0.06844026
67400	-284.3706	-282.7275	-1.643116	0.5607588	0.0365994	0.0331903	0.464953	0.465257	0.02191314
67600	-285.4638	-283.3296	-2.134205	0.6266975	0.00349444	0.380259	0.53893	0.0773166	0.006600099
67800	-286.9868	-283.8856	-3.101147	0.7077782	0.0611162	0.056011	0.690409	0.192464	0.02166423
68000	-285.2307	-284.1729	-1.057746	0.5244076	0.0341065	0.205683	0.520621	0.239589	0.001264923
68200	-286.8482	-284.8818	-1.966365	0.567404	0.0237078	0.45921	0.117608	0.399474	0.04851247
68400	-288.4369	-283.014	-5.42281	0.5325109	0.0174122	0.556323	0.375657	0.0506073	0.4068156
68600	-285.7815	-282.8551	-2.926466	0.6450227	0.0608825	0.232304	0.285029	0.421785	0.06586864
68800	-286.8581	-283.6714	-3.186699	0.7211807	0.0424205	0.306794	0.0013556	0.64943	0.0176421
69000	-288.4363	-284.5885	-3.8478	0.7794202	0.167999	0.344098	0.350434	0.137469	0.02549179
69200	-286.8116	-281.426	-5.385662	0.6647231	0.013924	0.134822	0.573065	0.278189	0.2873509
69400	-285.0942	-282.4676	-2.626589	0.582494	0.0531856	0.171978	0.0742507	0.700585	0.09535463
69600	-286.1071	-284.5864	-1.520723	0.4749482	0.0378243	0.051226	0.0570786	0.853871	0.09020403
69800	-287.2355	-283.4673	-3.768134	0.6102823	0.108537	0.00272961	0.495776	0.392957	0.1793197
70000	-283.4714	-281.7543	-1.717034	0.5688668	0.0278226	0.00138859	0.847149	0.12364	0.02189671
70200	-284.3099	-283.1378	-1.172158	0.4945126	0.00985439	0.0827166	0.238089	0.66934	0.03992837
70400	-284.6214	-282.1023	-2.519108	0.5971837	0.00317848	0.178447	0.389189	0.429186	0.07256828
70600	-286.7537	-282.9578	-3.795902	0.7397325	0.0103538	0.0147357	0.558823	0.416087	0.05639089
70800	-287.2615	-285.8411	-1.420482	0.4522427	0.0231021	0.455648	0.0127053	0.508545	0.1026656
71000	-288.7315	-286.4569	-2.274551	0.5224269	0.0600768	0.187391	0.600132	0.1524	0.1175295
71200	-286.4402	-284.8305	-1.609714	0.5168821	0.00336874	0.00769731	0.494217	0.494717	0.0599257
71400	-286.7183	-281.6422	-5.076041	0.7445016	0.0596621	0.0204501	0.0362359	0.883652	0.1759326
71600	-284.9215	-281.1639	-3.757637	0.6405596	0.0130764	0.0384342	0.730396	0.218094	0.1460619
71800	-285.9611	-282.2127	-3.748435	0.6867929	0.00704705	0.320301	0.518496	0.154157	0.1066617
72000	-286.6317	-285.1839	-1.447862	0.4580301	0.0220807	0.1244	0.282065	0.571454	0.09872406
72200	-285.6905	-282.1007	-3.589856	0.6239841	0.0292429	0.464604	0.101763	0.40439	0.1498702
72400	-283.4181	-281.0659	-2.352116	0.5948985	0.00118199	0.0314114	0.275463	0.691944	0.05844788
72600	-289.0098	-285.1781	-3.831678	0.5162764	0.0189992	0.295406	0.548608	0.136986	0.2645642
72800	-286.1324	-281.4729	-4.659474	0.8522802	0.0234239	0.280684	0.622602	0.0732908	0.03333612
73000	-284.2167	-281.1503	-3.06644	0.715492	0.000954851	0.28996	0.607948	0.101137	0.01066987
73200	-284.9098	-282.702	-2.207765	0.5832678	0.0241464	0.0858387	0.537794	0.35222	0.05500636
73400	-283.8615	-282.6661	-1.195437	0.5042251	0.00503726	0.260827	0.114817	0.619319	0.03308109
73600	-286.5155	-281.9645	-4.551007	0.7268477	0.0273622	0.0602533	0.750139	0.162245	0.1447042
73800	-286.7538	-284.0432	-2.710624	0.5359392	0.0419076	0.618863	0.267216	0.072013	0.1456016
74000	-286.99	-282.5506	-4.439456	0.5491934	0.0280009	0.315314	0.365397	0.291288	0.2980886
74200	-286.5057	-281.5116	-4.994199	0.8215794	0.0351289	0.025637	0.487339	0.451896	0.0966071
74400	-285.479	-282.7078	-2.771252	0.6232152	0.0259409	0.35463	0.307182	0.312247	0.0690541
74600	-285.6547	-282.0594	-3.595268	0.7464777	0.0519561	0.294381	0.27558	0.378083	0.03190172
74800	-285.5911	-283.1977	-2.393372	0.6104325	0.0876176	0.245436	0.398171	0.268776	0.04657466
75000	-283.5842	-281.5977	-1.98643	0.5957658	0.0178519	0.00910985	0.934316	0.0387222	0.02157575
75200	-284.3428	-281.5029	-2.83989	0.6712745	0.0203035	0.086232	0.414982	0.478482	0.03203117
75400	-289.2017	-288.2753	-0.92631	0.4269375	0.0176269	0.298292	0.254403	0.429678	0.0803256
75600	-285.634	-283.9763	-1.657702	0.5496522	0.0149553	0.514601	0.328671	0.141773	0.03430437
75800	-284.0787	-282.3148	-1.76384	0.5882021	0.0117789	0.130319	0.825512	0.0323893	0.007741721
76000	-285.8913	-282.6031	-3.288148	0.6851461	0.0286859	0.606906	0.0185176	0.34589	0.06216379
76200	-283.6711	-281.864	-1.807145	0.5872731	0.0135231	0.373492	0.288374	0.324611	0.01283921
76400	-286.1186	-283.321	-2.797632	0.697118	0.0574524	0.487204	0.288912	0.166431	0.002492543
76600	-284.5709	-281.6073	-2.96355	0.6829002	0.00847916	0.489527	0.0736853	0.428308	0.03246612
76800	-293.4311	-290.3637	-3.067343	0.4731322	0.121341	0.253805	0.465341	0.159513	0.2341943
77000	-283.4261	-281.0265	-2.39957	0.6378327	0.00147773	0.15689	0.731158	0.110474	0.02092517
77200	-286.5149	-285.1954	-1.319463	0.5033125	0.00326823	0.441765	0.249227	0.305739	0.04480736
77400	-288.671	-282.826	-5.844976	0.8946858	0.0769929	0.334464	0.48174	0.106803	0.1113622
77600	-286.0659	-283.2043	-2.861617	0.6482829	0.0455759	0.0223176	0.590965	0.341142	0.05361192
77800	-285.7212	-282.5808	-3.140356	0.6841831	0.0290684	0.388695	0.261751	0.320486	0.04881668
78000	-285.3368	-284.6002	-0.7366177	0.4808959	0.0158463	0.545563	0.233253	0.205337	0.01200526
78200	-286.6315	-281.94	-4.691501	0.6596762	0.0261181	0.345493	0.489469	0.138919	0.2211016
78400	-283.4532	-280.9504	-2.502791	0.6254998	0.00781559	0.233857	0.511042	0.247285	0.04275738
78600	-285.6918	-283.8841	-1.807744	0.5182346	0.00634335	0.108814	0.760515	0.124328	0.07865708
78800	-290.8085	-285.8278	-4.980686	0.9091962	0.0714271	0.591143	0.220584	0.116846	0.009013775
79000	-285.0233	-282.4539	-2.569422	0.5584156	0.0218389	0.04449	0.509746	0.423925	0.1115821
79200	-283.9064	-282.3763	-1.530182	0.5523793	0.0425483	0.130236	0.324446	0.50277	0.01939214
79400	-286.0282	-284.445	-1.583201	0.5519951	0.0823558	0.326372	0.470297	0.120976	0.02520389
79600	-283.4258	-281.2041	-2.221659	0.63926	0.0154781	0.0950086	0.460224	0.429289	0.002787368
79800	-285.414	-282.806	-2.607999	0.6014645	0.0381009	0.182532	0.558429	0.220938	0.07389732
80000	-292.1032	-285.6322	-6.47096	0.6667599	0.0334446	0.47549	0.44143	0.0496355	0.4004502
80200	-285.3615	-283.4098	-1.95168	0.5961162	0.0199304	0.199223	0.0958478	0.684998	0.01800044
80400	-285.6874	-282.2434	-3.444029	0.68159	0.00504674	0.521404	0.423415	0.0501345	0.07895817
80600	-288.5422	-283.8355	-4.706722	0.7625849	0.145756	0.37148	0.126478	0.356286	0.1247155
80800	-290.1849	-286.2506	-3.934345	0.5094172	0.0218105	0.000425533	0.0550484	0.922716	0.2786456
81000	-283.5855	-282.159	-1.426523	0.5576977	0.0182346	0.226549	0.658526	0.0966905	0.004699756
81200	-286.4913	-283.6352	-2.856194	0.5437103	0.0683658	0.0864512	0.811982	0.0332011	0.1540803
81400	-285.4579	-281.1928	-4.265175	0.6109401	0.017383	0.00778737	0.453633	0.521196	0.2223304
81600	-290.2478	-289.2534	-0.9943742	0.4795218	0.0456206	0.476607	0.214843	0.262929	0.0369696
81800	-286.0995	-283.2074	-2.892038	0.6742302	0.00948842	0.274562	0.23586	0.48009	0.03318282
82000	-285.6517	-281.9764	-3.675322	0.704586	0.0459021	0.0321177	0.91856	0.00342043	0.08183012
82200	-287.6115	-283.2911	-4.320329	0.7018135	0.0268409	0.149128	0.421685	0.402346	0.1410015
82400	-286.3647	-284.6782	-1.6865	0.5733162	0.0739975	0.307135	0.134388	0.484479	0.01502014
82600	-283.7442	-281.2667	-2.4775	0.6225828	0.00426393	0.263312	0.376223	0.3562	0.04343409
82800	-285.5563	-283.3569	-2.199425	0.5970742	0.0132108	0.125462	0.604211	0.257116	0.04117707
83000	-284.5195	-282.4842	-2.035287	0.5935084	0.0216716	0.0377004	0.46785	0.472777	0.028117
83200	-284.7489	-283.4724	-1.276565	0.5242878	0.0117396	0.331233	0.50351	0.153517	0.02243946
83400	-286.142	-285.4587	-0.6833227	0.4110293	0.00333466	0.0464945	0.441178	0.508993	0.07051979
83600	-288.1124	-284.0549	-4.057491	0.5774437	0.0317632	0.156105	0.252324	0.559808	0.2284755
83800	-286.861	-284.5315	-2.329495	0.5965772	0.0142325	0.867447	0.0171946	0.101126	0.05472686
84000	-286.2108	-283.2332	-2.977558	0.7171155	0.122614	0.10711	0.599792	0.170484	0.0005926926
84200	-288.6914	-288.4725	-0.2188858	0.438744	0.0199885	0.756811	0.0948962	0.128304	0.00298885
84400	-290.2531	-285.1969	-5.05621	0.5883134	0.041223	0.544962	0.367224	0.0465915	0.3267633
84600	-284.7163	-283.5159	-1.200453	0.5399906	0.0507306	0.0379478	0.0125982	0.898723	2.42357e-05
84800	-283.8242	-283.0028	-0.8214273	0.4943802	0.00228817	0.350913	0.0100268	0.636772	0.007279014
85000	-284.5984	-281.2516	-3.346813	0.6615969	0.0187929	0.189854	0.320686	0.470668	0.08869512
85200	-287.9591	-284.53	-3.429176	0.6493492	0.0602856	0.400267	0.0764437	0.463004	0.1112057
85400	-285.3414	-281.9711	-3.370299	0.6673845	0.0656697	0.0693095	0.603006	0.262015	0.08579393
85600	-285.3978	-281.3399	-4.057979	0.7742836	0.0341694	0.194713	0.267743	0.503374	0.05035658
85800	-287.4329	-283.3891	-4.043807	0.5479346	0.0109438	0.304708	0.456444	0.227904	0.2667821
86000	-286.3946	-286.1022	-0.292424	0.4392799	0.0247421	0.314704	0.0704082	0.590146	0.009214692
86200	-286.2794	-283.5474	-2.732003	0.5596987	0.0589358	0.200255	0.107916	0.632893	0.1286701
86400	-285.3485	-281.7129	-3.635643	0.6885384	0.0496964	0.109878	0.121531	0.718894	0.0915302
86600	-286.8038	-284.4871	-2.316718	0.5519357	0.11555	0.0444049	0.0558106	0.784235	0.09507625
86800	-287.9978	-286.0847	-1.913115	0.5565723	0.0117288	0.529922	0.00954677	0.448802	0.05153681
87000	-286.7724	-281.6131	-5.15933	0.7883385	0.042693	0.0789647	0.216261	0.662082	0.1435644
87200	-288.9886	-282.3411	-6.6475	0.7415097	0.00999615	0.173535	0.25521	0.561259	0.3393265
87400	-286.0574	-283.1624	-2.894916	0.5588587	0.0107017	0.786046	0.131551	0.0717012	0.143974
87600	-292.7251	-284.975	-7.750192	0.4781633	0.0596244	0.0668966	0.13582	0.737659	0.6761788
87800	-285.0028	-282.787	-2.215795	0.6130417	0.0502986	0.325821	0.439798	0.184082	0.02677775
88000	-286.3669	-283.8846	-2.482299	0.6354827	0.0309797	0.200547	0.153922	0.614552	0.03154795
88200	-287.2652	-281.6101	-5.655088	0.8750193	0.020624	0.000340366	0.0605927	0.918443	0.1088537
88400	-285.6586	-281.7748	-3.883801	0.771465	0.0213176	0.608592	0.234871	0.135218	0.03536068
88600	-285.4876	-284.6546	-0.8330685	0.4855067	0.0619508	0.0932272	0.11156	0.733262	0.01651263
88800	-289.9966	-286.7839	-3.212669	0.5134106	0.0509902	0.497392	0.0255307	0.426087	0.2181621
89000	-286.2125	-283.9118	-2.300788	0.5819984	0.0844555	0.121975	0.774562	0.019008	0.0645883
89200	-287.8914	-285.0386	-2.852785	0.5678079	0.0660849	0.405596	0.492315	0.0360042	0.132499
89400	-286.7508	-281.0641	-5.686669	0.7858262	0.0122133	0.280827	0.0685313	0.638429	0.1993769
89600	-285.4034	-281.4453	-3.958154	0.8128774	0.033118	0.13197	0.661008	0.173904	0.002825943
89800	-286.9293	-282.9074	-4.021872	0.7615952	0.0997482	0.324088	0.145421	0.430743	0.06024242
90000	-289.6297	-285.8041	-3.825556	0.651274	0.0327076	0.00177674	0.12288	0.842636	0.1388936
90200	-283.503	-282.1008	-1.402216	0.5530203	0.0223485	0.215361	0.349704	0.412586	0.006808851
90400	-287.9881	-281.677	-6.311094	0.6414215	0.00118992	0.30497	0.0235569	0.670283	0.3972457
90600	-284.6177	-281.2434	-3.374337	0.6122266	0.0203942	0.0614543	0.258457	0.659694	0.139517
90800	-283.927	-281.7889	-2.138043	0.5862022	0.0176745	0.376972	0.315452	0.289901	0.04506129
91000	-285.3489	-283.9536	-1.395311	0.5397259	0.0476966	0.658844	0.205974	0.0874861	0.01891446
91200	-286.3646	-283.6185	-2.746148	0.5266468	0.0450341	0.00959444	0.895636	0.0497352	0.1608297
91400	-288.8939	-285.816	-3.07784	0.6308636	0.00166316	0.714974	0.170803	0.112561	0.09444576
91600	-286.087	-283.36	-2.727069	0.6018215	0.00328233	0.225645	0.542341	0.228731	0.08489117
91800	-285.0432	-284.2297	-0.8135314	0.4765063	0.00531583	0.375689	0.0405853	0.57841	0.02315779
92000	-285.2762	-281.9322	-3.344034	0.607812	0.0261375	0.125633	0.231529	0.6167	0.1423362
92200	-285.8304	-281.7533	-4.077116	0.631219	0.0171131	0.0426272	0.937371	0.00288857	0.1920704
92400	-283.449	-281.8174	-1.631595	0.5443826	0.00666644	0.085172	0.493256	0.414905	0.03670193
92600	-284.4654	-282.3974	-2.067996	0.5362851	0.0244028	0.113251	0.24757	0.614776	0.08522622
92800	-287.6339	-284.5452	-3.088687	0.616556	0.0150854	0.189621	0.713629	0.0816651	0.1113749
93000	-287.2426	-284.0304	-3.212253	0.6897441	0.0156462	0.726364	0.0682366	0.189753	0.0503335
93200	-286.1854	-283.1771	-3.008352	0.6235796	0.000303386	0.129281	0.0342761	0.83614	0.09174854
93400	-286.1101	-283.8671	-2.243059	0.5517905	0.0655917	0.503153	0.325008	0.106247	0.08790947
93600	-288.7413	-285.2192	-3.522101	0.6549299	0.0843955	0.543859	0.153128	0.218618	0.1136923
93800	-284.1374	-282.357	-1.780347	0.5235868	0.0139364	0.064757	0.510221	0.411086	0.07010055
94000	-290.4539	-287.8968	-2.557105	0.6339822	0.00359444	0.172284	0.709127	0.114995	0.04218652
94200	-284.9071	-283.8422	-1.06491	0.515786	0.00531589	0.176008	0.32674	0.491935	0.01007479
94400	-286.0647	-282.7907	-3.274073	0.6459355	0.015208	0.66923	0.1279	0.187662	0.098535
94600	-285.9048	-282.9231	-2.981672	0.6880913	0.0256111	0.321278	0.546599	0.106511	0.02903728
94800	-283.0148	-281.5037	-1.511054	0.570129	0.0178916	0.131675	0.252691	0.597743	0.0008964919
95000	-287.1281	-283.576	-3.552105	0.6055652	0.0962569	0.00202007	0.224172	0.677551	0.1651892
95200	-286.0936	-283.6846	-2.409046	0.5485361	0.0321585	0.443948	0.25088	0.273013	0.1071434
95400	-286.6291	-284.0423	-2.586811	0.6329019	0.018669	0.0608295	0.600617	0.319884	0.04519531
95600	-287.8474	-284.7025	-3.144863	0.4945669	0.0327837	0.791164	0.137715	0.0383377	0.2271307
95800	-286.674	-282.7606	-3.913414	0.6947502	0.021779	0.865483	0.0772534	0.0354845	0.112514
96000	-285.6993	-281.642	-4.057221	0.674748	0.0203882	0.332696	0.265529	0.381387	0.1466654
96200	-286.5598	-283.3897	-3.170111	0.6041097	0.0349752	0.446446	0.50179	0.0167888	0.1270534
96400	-286.0287	-281.623	-4.405715	0.7442692	0.0018008	0.0790462	0.833974	0.0851794	0.1146083
96600	-285.5916	-280.9547	-4.636892	0.7685551	0.0132828	0.19279	0.130039	0.663888	0.1108846
96800	-286.5422	-281.629	-4.913265	0.8876728	0.0216825	0.0422338	0.630562	0.305521	0.02315328
97000	-287.047	-283.687	-3.359991	0.5291547	0.0473712	0.174415	0.762964	0.0152494	0.2113758
97200	-284.492	-281.6413	-2.850619	0.6777704	0.0296137	0.115438	0.685838	0.16911	0.02674335
97400	-286.5292	-285.338	-1.19119	0.5029597	0.0358816	0.758606	0.0677503	0.137762	0.03488391
97600	-287.6925	-283.1058	-4.586743	0.5874436	0.0127206	0.0981257	0.607875	0.281279	0.2687981
97800	-286.5316	-282.4881	-4.043507	0.7719794	0.0593032	0.0167854	0.340405	0.583507	0.0516025
98000	-286.8586	-285.831	-1.027602	0.5139661	0.102396	0.578838	0.259183	0.0595825	0.008325369
98200	-284.5243	-282.083	-2.44133	0.6068468	0.0184821	0.266989	0.0394926	0.675036	0.05543365
98400	-283.2059	-281.9216	-1.284352	0.5270673	0.00474953	0.0504057	0.283683	0.661162	0.02003084
98600	-285.6518	-283.9127	-1.739135	0.548332	0.00304542	0.121853	0.263664	0.611438	0.04339297
98800	-286.202	-283.2268	-2.975137	0.5502272	0.0434886	0.187312	0.624413	0.144786	0.1569203
99000	-286.7231	-284.511	-2.212057	0.6176061	0.0161303	0.0664692	0.273706	0.643694	0.02201256
99200	-283.7509	-281.1714	-2.579546	0.6598796	0.0389702	0.0321216	0.354097	0.574811	0.01723876
99400	-283.9058	-281.0363	-2.869475	0.6267671	0.0106479	0.120099	0.762489	0.106764	0.07749482
99600	-286.5875	-281.5971	-4.990406	0.7537246	0.0226661	0.181835	0.278916	0.516583	0.1604867
99800	-287.9517	-283.9282	-4.023466	0.557331	0.0225229	0.186982	0.560895	0.2296	0.2478785
100000	-285.2728	-283.3274	-1.945399	0.5440802	0.0389948	0.0200091	0.742704	0.198292	0.06787449
100200	-290.8164	-287.8525	-2.963913	0.7128545	0.168814	0.0304005	0.588718	0.212068	0.003449225
100400	-286.5046	-285.2989	-1.205682	0.4723405	0.0655585	0.216897	0.032457	0.685087	0.06383266
100600	-286.7868	-282.5993	-4.187534	0.8173403	0.0140502	0.139787	0.597437	0.248726	0.0211952
100800	-287.604	-281.5617	-6.04231	0.7839542	0.0060636	0.261656	0.654583	0.0776974	0.2410618
101000	-287.8155	-282.4365	-5.378972	0.6868712	0.0301818	0.500505	0.0464064	0.422907	0.2602406
101200	-287.1789	-281.9343	-5.244615	0.7331069	0.016101	0.956348	0.016802	0.0107489	0.207515
101400	-288.689	-283.8086	-4.880317	0.5459668	0.0395561	0.189864	0.695904	0.0746753	0.3461299
101600	-287.5023	-282.8178	-4.684545	0.8615111	0.0618011	0.0627475	0.346006	0.529445	0.02694419
101800	-289.4005	-286.8605	-2.539951	0.4969497	0.0529281	0.426166	0.512742	0.00816479	0.1626964
102000	-284.9771	-284.0479	-0.9292223	0.4917949	0.0227359	0.00570124	0.12009	0.851473	0.01960641
102200	-287.0261	-286.057	-0.9691006	0.5070544	0.0618712	0.266408	0.51294	0.158781	0.009305726
102400	-287.089	-282.3647	-4.724233	0.8823412	0.027552	0.391897	0.190656	0.389895	0.009950273
102600	-285.7535	-282.6167	-3.136769	0.5964443	0.0323881	0.249082	0.697319	0.0212107	0.1307176
102800	-288.0475	-280.7656	-7.281929	0.8154557	3.40666e-05	0.0375862	0.842897	0.119483	0.3267615
103000	-284.5107	-280.9265	-3.584235	0.6623745	0.0250093	0.0702126	0.592582	0.312196	0.1102082
103200	-285.4314	-282.4357	-2.995767	0.5978182	0.0178651	0.0482199	0.0685223	0.865393	0.1171965
103400	-284.1886	-282.3989	-1.789689	0.5794694	0.00444896	0.04076	0.00538787	0.949403	0.01898915
103600	-289.2814	-284.0218	-5.259557	0.8138107	0.153317	0.121863	0.563318	0.161501	0.1309409
103800	-287.1039	-283.2677	-3.836215	0.7002987	0.0870283	0.0228557	0.362218	0.527898	0.09989953
104000	-287.6427	-283.0952	-4.547499	0.8109134	0.0810311	0.357303	0.145036	0.41663	0.0617547
104200	-287.0079	-284.8921	-2.115839	0.5095711	0.00377131	0.192308	0.49184	0.312081	0.112289
104400	-286.6028	-281.7848	-4.817928	0.701163	0.0358003	0.0605939	0.0151527	0.888453	0.1980178
104600	-284.7438	-281.3684	-3.375371	0.6382976	0.0109492	0.297439	0.388419	0.303192	0.1133718
104800	-287.6179	-285.7084	-1.909537	0.4796463	0.0267763	0.489643	0.102205	0.381376	0.1224374
105000	-286.8075	-284.8732	-1.934288	0.4898518	0.00417471	0.266415	0.227666	0.501744	0.1148238
105200	-285.9618	-282.7992	-3.162521	0.7355561	0.0448263	0.0332464	0.423457	0.498471	0.0006294179
105400	-283.5066	-281.1725	-2.334106	0.5744445	0.0099647	0.0746125	0.127473	0.78795	0.07388812
105600	-287.888	-282.6133	-5.274654	0.6763746	0.0842845	0.0399251	0.182011	0.693779	0.256713
105800	-290.7336	-284.3238	-6.409816	0.8552392	0.0906687	0.316848	0.324486	0.267998	0.1960916
106000	-286.7665	-284.3119	-2.454617	0.5043519	0.0318078	0.428332	0.0926726	0.447187	0.1528674
106200	-285.3717	-283.3077	-2.063944	0.5826172	0.0873852	0.165113	0.379827	0.367674	0.04133279
106400	-285.3457	-284.0412	-1.304482	0.4914746	0.0644835	0.00515109	0.865347	0.0650185	0.05516311
106600	-285.7696	-283.0342	-2.735371	0.5628346	0.0343298	0.445315	0.0341146	0.486241	0.1250981
106800	-287.5577	-284.6063	-2.951344	0.4909168	0.0390421	0.186834	0.0536748	0.720449	0.2117738
107000	-287.3761	-282.8888	-4.487246	0.8319667	0.0639128	0.598217	0.278729	0.0591414	0.03538072
107200	-286.1416	-280.9817	-5.159931	0.7697081	0.0167176	0.152738	0.0742337	0.756311	0.1630743
107400	-287.1653	-286.1865	-0.9787514	0.4592631	0.0200622	0.380822	0.127421	0.471695	0.05454111
107600	-286.0164	-282.5562	-3.460192	0.5501286	0.00706761	0.0157418	0.0368523	0.940338	0.198412
107800	-286.1859	-281.6262	-4.559722	0.761292	0.0121126	0.332247	0.377178	0.278463	0.1147428
108000	-285.7623	-282.6418	-3.12056	0.6478638	0.0393507	0.56105	0.130305	0.269295	0.08146266
108200	-286.3785	-282.4911	-3.887399	0.7900083	0.0437701	0.192625	0.565544	0.198061	0.01864624
108400	-286.7757	-284.5208	-2.25495	0.529216	0.0498405	0.211547	0.731464	0.00714858	0.1080603
108600	-283.9812	-281.2558	-2.725416	0.5547739	0.00451228	0.111162	0.600619	0.283707	0.1299321
108800	-290.5875	-284.821	-5.766523	0.7745396	0.136169	0.157527	0.531342	0.174962	0.2186466
109000	-285.7006	-282.3577	-3.342975	0.6138839	0.0514325	0.074842	0.620288	0.253437	0.1360548
109200	-284.9613	-283.7196	-1.241695	0.5205212	0.0090663	0.167017	0.766203	0.0577137	0.0228457
109400	-288.0706	-285.9405	-2.130185	0.5138935	0.125017	0.0655853	0.549757	0.259641	0.1117223
109600	-286.6281	-281.896	-4.732113	0.8482767	0.022152	0.205055	0.53793	0.234863	0.04553764
109800	-285.1038	-282.4873	-2.616468	0.6458823	0.0186089	0.142715	0.630987	0.207689	0.03532997
110000	-286.3561	-283.6516	-2.704524	0.6436368	0.0540167	0.521325	0.213413	0.211245	0.0460071
110200	-287.0568	-283.4158	-3.640969	0.704099	0.107543	0.149033	0.333305	0.410118	0.07624919
110400	-284.3596	-281.4781	-2.881498	0.6789526	0.0285175	0.253262	0.260947	0.457273	0.02798379
110600	-284.4192	-282.7974	-1.621762	0.5477621	0.0234364	0.0265783	0.875217	0.074768	0.03264567
110800	-285.3016	-282.6583	-2.643311	0.5880275	0.0195569	0.380183	0.463397	0.136863	0.09065215
111000	-284.6732	-281.6776	-2.995677	0.6245191	0.0102659	0.256887	0.444241	0.288606	0.08938591
111200	-287.7005	-284.7079	-2.992618	0.6156752	0.0158528	0.0357824	0.257627	0.690738	0.1037508
111400	-286.941	-285.1568	-1.784174	0.4993809	0.0235214	0.0728732	0.0819069	0.821698	0.09402133
111600	-285.6014	-281.55	-4.051347	0.7057112	0.0342138	0.347273	0.41347	0.205043	0.1162123
111800	-286.6243	-282.6979	-3.926313	0.6769063	0.00962556	0.433743	0.0243243	0.532307	0.1331692
112000	-285.8792	-281.5516	-4.327624	0.7746411	0.00308861	0.00814754	0.529958	0.458806	0.0746456
112200	-286.4095	-284.7471	-1.662394	0.5200058	0.0156091	0.193656	0.743299	0.047436	0.06223987
112400	-284.0918	-282.6847	-1.407029	0.5406602	0.00483894	0.190965	0.0866871	0.717509	0.01927447
112600	-284.9995	-284.0819	-0.9176167	0.5062171	0.0186039	0.147466	0.735384	0.0985454	0.00529853
112800	-286.492	-281.2374	-5.254571	0.7099993	0.012784	0.238934	0.626951	0.121331	0.2304705
113000	-285.3813	-283.5606	-1.820683	0.6002085	0.0647879	0.406281	0.0402347	0.488696	0.001778384
113200	-286.2093	-284.1646	-2.044659	0.5343382	0.0626765	0.0114328	0.439059	0.486832	0.08737489
113400	-287.4131	-285.0561	-2.356982	0.4990856	0.00802351	0.0965284	0.220684	0.674764	0.1444963
113600	-284.2854	-282.8533	-1.432101	0.4851815	0.0188089	0.0247161	0.661786	0.294689	0.07296248
113800	-284.1809	-280.769	-3.411911	0.6570345	0.00602891	0.144161	0.705256	0.144554	0.09862007
114000	-287.026	-283.5218	-3.504212	0.6752749	0.017713	0.509405	0.162391	0.310491	0.09536199
114200	-285.95	-282.6698	-3.280153	0.6281714	0.0674551	0.33855	0.560926	0.0330682	0.1136607
114400	-288.6714	-286.6945	-1.976811	0.5502024	0.0106897	0.612075	0.263593	0.113642	0.06220998
114600	-286.4191	-283.3559	-3.063259	0.58704	0.0947933	0.0141826	0.101566	0.789458	0.1334112
114800	-285.326	-281.5096	-3.816483	0.6715099	0.00969	0.193775	0.174536	0.621999	0.1240896
115000	-285.1376	-282.0354	-3.10219	0.6625493	0.0457606	0.157875	0.202728	0.593636	0.06392021
115200	-284.534	-281.3151	-3.218905	0.6546434	0.00390669	0.268286	0.713698	0.0141095	0.08369506
115400	-285.4676	-282.2176	-3.249993	0.5714294	0.0348431	0.262883	0.350303	0.351971	0.1644778
115600	-287.311	-283.3323	-3.978757	0.7439702	0.111263	0.427596	0.0617293	0.399412	0.07109034
115800	-284.8108	-282.0023	-2.808525	0.547064	0.00254757	0.250718	0.495608	0.251127	0.1459733
116000	-285.702	-282.1543	-3.54769	0.5859248	0.00701873	0.0617782	0.149569	0.781634	0.1839081
116200	-284.8625	-281.518	-3.344508	0.7335952	0.0428817	0.0308919	0.0502206	0.876006	0.02056276
116400	-287.3053	-283.2846	-4.02067	0.5693128	0.0342723	0.146048	0.440819	0.37886	0.2389911
116600	-284.3572	-282.0065	-2.350679	0.5467524	0.000926611	0.265905	0.722016	0.0111518	0.1029321
116800	-285.0404	-283.187	-1.853393	0.5031501	0.00680841	0.126771	0.188324	0.678097	0.09671293
117000	-284.8425	-280.928	-3.914466	0.6692244	1.28406e-05	0.306128	0.527463	0.166396	0.1373559
117200	-284.7365	-283.3852	-1.351326	0.4980184	0.0175431	0.237719	0.201667	0.54307	0.05283246
117400	-286.3368	-284.8471	-1.489667	0.5611935	0.101467	0.349661	0.160528	0.388344	0.007436382
117600	-285.5915	-284.4694	-1.122024	0.4782393	0.0357406	0.0658352	0.121056	0.777368	0.05099427
117800	-283.9333	-281.1855	-2.7478	0.6924729	0.00818643	0.0759532	0.584637	0.331223	0.002157173
118000	-285.5422	-282.4387	-3.103446	0.6153967	0.0466217	0.178662	0.695182	0.0795341	0.1083476
118200	-285.0524	-281.9637	-3.08862	0.612023	0.00598521	0.216728	0.287505	0.489782	0.1138946
118400	-286.4058	-281.8996	-4.506249	0.5795941	0.0210013	0.105064	0.33731	0.536625	0.2785919
118600	-284.1041	-281.2736	-2.830556	0.6307118	0.0144867	0.0547047	0.404289	0.52652	0.06908518
118800	-284.7392	-282.5893	-2.149901	0.5755686	0.0307247	0.279713	0.434754	0.254808	0.0562445
119000	-285.388	-281.928	-3.460025	0.6354394	0.024664	0.261908	0.351782	0.361645	0.1256772
119200	-285.1582	-283.4546	-1.70353	0.5332448	0.0187856	0.680886	0.0164903	0.283839	0.05365505
119400	-285.6109	-283.1573	-2.45352	0.5552308	0.0474435	0.222748	0.3972	0.332609	0.1055934
119600	-283.5385	-281.2709	-2.267602	0.6188614	0.0269568	0.06873	0.294047	0.610266	0.02630656
119800	-287.8512	-282.1388	-5.712414	0.9262284	0.0342448	0.0944404	0.180897	0.690418	0.06372197
120000	-288.01	-287.5224	-0.4875795	0.4470851	0.0766595	0.172124	0.488551	0.262665	0.02039746
120200	-285.9464	-281.13	-4.816433	0.8441262	0.00292638	0.144808	0.424536	0.427729	0.05751676
120400	-284.0575	-281.8913	-2.166191	0.5716843	0.0232727	0.0601602	0.813354	0.103213	0.06206978
120600	-288.424	-283.1045	-5.31952	0.7609398	0.081209	0.287012	0.452776	0.179003	0.1882982
120800	-290.1599	-288.4201	-1.739732	0.4219359	0.0871509	0.0642425	0.336204	0.512402	0.15826
121000	-289.5588	-283.6599	-5.898845	0.6222769	0.0589795	0.302651	0.19043	0.44794	0.3740201
121200	-288.4899	-286.7016	-1.78825	0.5588744	0.176605	0.18062	0.344814	0.297962	0.03876368
121400	-283.2598	-281.5198	-1.740059	0.5781013	0.0205105	0.0920871	0.553356	0.334046	0.01487688
121600	-283.996	-281.7455	-2.250445	0.6251042	0.020885	0.0184696	0.841439	0.119206	0.0190179
121800	-285.2817	-282.5255	-2.75625	0.681069	0.0621692	0.217956	0.569548	0.150327	0.01396929
122000	-285.172	-282.5476	-2.62442	0.554353	0.0119758	0.255741	0.559301	0.172982	0.1229239
122200	-286.9079	-282.944	-3.963941	0.5934632	0.0135366	0.00508093	0.957352	0.02403	0.2100718
122400	-287.3546	-283.6181	-3.736527	0.7150772	0.0928277	0.628323	0.190807	0.0880418	0.07495991
122600	-286.5016	-281.8661	-4.635539	0.6449549	0.0354378	0.261734	0.313834	0.388994	0.2292396
122800	-284.6347	-282.5649	-2.069755	0.6109197	0.0395829	0.619058	0.0938916	0.247468	0.01540027
123000	-286.0932	-282.0983	-3.994939	0.6331554	0.0681996	0.0468844	0.421948	0.462968	0.1785504
123200	-283.6114	-282.1746	-1.436739	0.5404898	0.0152583	0.0825483	0.755352	0.146842	0.0221432
123400	-286.1031	-281.6458	-4.457315	0.6367557	0.0174404	0.0723136	0.479672	0.430574	0.2180315
123600	-286.2033	-282.9749	-3.228465	0.5179404	0.028676	0.0722481	0.194202	0.704874	0.2073971
123800	-284.6557	-281.4256	-3.230103	0.611657	0.0295381	0.100203	0.114952	0.755307	0.1249103
124000	-284.57	-282.393	-2.17705	0.6145356	0.0180814	0.0919806	0.758671	0.131267	0.02186737
124200	-287.9667	-282.6695	-5.297194	0.7588325	0.00316502	0.297864	0.340099	0.358872	0.1796242
124400	-286.2881	-281.7695	-4.518526	0.7125963	0.0530585	0.0162452	0.324989	0.605707	0.1530012
124600	-284.7951	-283.1737	-1.621416	0.5009015	0.00894711	0.0984034	0.843961	0.0486889	0.07448969
124800	-284.8871	-282.7853	-2.101794	0.5444644	0.0100432	0.0723191	0.212757	0.704881	0.07943009
125000	-287.7772	-283.2934	-4.483874	0.8464915	0.0387585	0.16137	0.170124	0.629747	0.02209844
125200	-286.7045	-285.3764	-1.328091	0.4712564	0.0146794	0.640168	0.0432475	0.301906	0.07757527
125400	-283.9311	-281.9073	-2.023772	0.5668645	0.0146976	0.218257	0.313618	0.453427	0.05279782
125600	-285.5359	-281.4672	-4.068761	0.7322377	0.0236706	0.0691236	0.49653	0.410676	0.09346809
125800	-287.1706	-282.9054	-4.265213	0.6701253	0.0875218	0.0749684	0.28973	0.54778	0.1733813
126000	-289.9469	-285.9709	-3.975988	0.8107603	0.0615597	0.212098	0.493531	0.232812	0.006511674
126200	-286.2845	-283.5872	-2.697336	0.627568	0.0628047	0.170896	0.189013	0.577286	0.05999165
126400	-285.2921	-283.4092	-1.882916	0.5957945	0.0109029	0.196206	0.33929	0.453602	0.01178872
126600	-285.251	-283.0863	-2.164687	0.5954785	5.23114e-05	0.230329	0.00381826	0.7658	0.03801942
126800	-284.6776	-282.7372	-1.940458	0.5512738	0.00509093	0.0849214	0.819471	0.0905167	0.05887068
127000	-285.6912	-283.4622	-2.229038	0.6031745	0.0694088	0.0765294	0.456708	0.397353	0.03887804
127200	-290.4232	-289.4594	-0.9638201	0.4588192	0.0753175	0.501342	0.313468	0.109873	0.05248148
127400	-283.7869	-281.1528	-2.6341	0.6407657	0.00202066	0.0190263	0.708859	0.270094	0.04099189
127600	-285.1507	-282.3634	-2.787275	0.6608894	0.0642054	0.0499295	0.0318043	0.854061	0.0364297
127800	-285.0199	-282.8368	-2.183033	0.6026281	0.0505697	0.625291	0.257632	0.0665069	0.03393219
128000	-284.7405	-282.1618	-2.578738	0.6594985	0.0306845	0.154258	0.423085	0.391973	0.01767912
128200	-283.5448	-281.0606	-2.484145	0.6424074	0.00813154	0.316733	0.3776	0.297536	0.0246291
128400	-283.8826	-281.8168	-2.065759	0.60192	0.00213465	0.479362	0.463712	0.0547913	0.02371105
128600	-286.4134	-283.07	-3.34337	0.6414402	0.0110588	0.016228	0.740267	0.232447	0.1061961
128800	-286.0406	-284.4031	-1.637464	0.5288609	0.00530084	0.254077	0.363232	0.37739	0.05331179
129000	-284.0031	-281.7089	-2.294193	0.6403276	0.0033782	0.347141	0.354975	0.294506	0.008664134
129200	-283.5315	-281.3215	-2.209999	0.5826049	0.0257848	0.0370019	0.608694	0.32852	0.05534582
129400	-286.6714	-282.6227	-4.048716	0.6550423	0.0436775	0.0992255	0.325338	0.531759	0.165995
129600	-287.1644	-283.7823	-3.382083	0.5818925	0.0869508	0.335511	0.0594342	0.518104	0.1678331
129800	-286.7871	-283.5729	-3.214166	0.6857354	0.0288667	0.15205	0.165911	0.653173	0.05506293
130000	-291.0308	-283.1001	-7.930684	0.6948237	0.0996066	0.211464	0.461062	0.227868	0.5020476
130200	-288.1139	-285.0934	-3.020504	0.6702962	0.151122	0.317889	0.262298	0.268691	0.05049361
130400	-286.6317	-283.5094	-3.122274	0.7213126	0.0975113	0.221058	0.291734	0.389697	0.0105901
130600	-285.3183	-282.2958	-3.022534	0.6569903	0.0181362	0.419132	0.0953338	0.467398	0.06191949
130800	-287.7266	-283.6356	-4.09096	0.8074861	0.00963244	0.139521	0.569249	0.281597	0.0211695
131000	-284.9285	-281.2456	-3.682829	0.6652316	0.0130356	0.12785	0.774272	0.0848423	0.1159309
131200	-287.9166	-284.1909	-3.725628	0.7714581	0.0643291	0.395744	0.115494	0.424433	0.02108023
131400	-285.5245	-283.4165	-2.108041	0.5388396	0.0132578	0.130642	0.710608	0.145493	0.08898879
131600	-286.6718	-282.5543	-4.117504	0.7988668	0.0404455	0.183703	0.252781	0.523071	0.03147127
131800	-286.4032	-284.5086	-1.894641	0.5777788	0.0915006	0.288448	0.0234836	0.596568	0.02980606
132000	-287.0919	-285.465	-1.626861	0.5508983	0.102933	0.0164086	0.41906	0.461598	0.03061556
132200	-288.6172	-286.5759	-2.041277	0.5427446	0.0386672	0.499435	0.245052	0.216845	0.07399973
132400	-291.0574	-289.2204	-1.836984	0.4924052	0.0964442	0.284664	0.0455095	0.573382	0.1065209
132600	-287.5538	-281.4888	-6.064937	0.8274182	0.00335483	0.0705349	0.892943	0.0331674	0.1917365
132800	-289.1953	-285.31	-3.885242	0.5594905	0.033597	0.0716157	0.0462278	0.848559	0.2295036
133000	-285.9847	-282.8832	-3.101501	0.6755415	0.0516852	0.0884875	0.464704	0.395124	0.05363366
133200	-284.1563	-282.3084	-1.8479	0.5621427	0.000379492	0.392302	0.248268	0.35905	0.03973908
133400	-285.7724	-281.8867	-3.885701	0.6742112	0.0206905	0.767323	0.0339152	0.178071	0.1294626
133600	-286.1866	-282.8035	-3.383056	0.6450704	0.053525	0.0996713	0.734392	0.112412	0.1098747
133800	-285.3452	-283.8665	-1.478618	0.5365477	0.0319554	0.0167888	0.939433	0.0118227	0.02989633
134000	-284.9144	-281.6355	-3.278949	0.737256	0.0059289	0.639539	0.353262	0.00127075	0.01025442
134200	-285.3732	-281.7338	-3.639341	0.5634121	0.0212793	0.0127308	0.497296	0.468694	0.2120307
134400	-283.1812	-281.5755	-1.605711	0.5488295	0.00191378	0.0475232	0.273988	0.676575	0.03017103
134600	-282.8971	-281.4091	-1.487968	0.5514335	0.00913749	0.00677606	0.416115	0.567972	0.0161272
134800	-284.3797	-282.0528	-2.326894	0.5546152	0.0148542	0.099805	0.41398	0.471361	0.09353106
135000	-284.3338	-281.7014	-2.632462	0.6511805	0.0231722	0.415502	0.107251	0.454075	0.03095605
135200	-284.0681	-282.3207	-1.747487	0.5932601	0.0403599	0.358568	0.0163627	0.58471	0.001384954
135400	-284.8219	-283.5121	-1.309827	0.5296914	0.0410614	0.436289	0.512528	0.0101218	0.01998687
135600	-285.0301	-282.0642	-2.965877	0.5816104	0.0101158	0.506569	0.0622129	0.421102	0.127536
135800	-285.3369	-283.9215	-1.415388	0.4882389	0.00618555	0.443157	0.318187	0.232471	0.06841209
136000	-284.7271	-281.8703	-2.856795	0.5489249	0.0124298	0.0925381	0.137478	0.757554	0.1478836
136200	-284.8337	-281.4679	-3.365825	0.642099	0.0436766	0.0268015	0.293144	0.636378	0.1095908
136400	-286.3926	-282.3444	-4.048209	0.8240407	0.0505144	0.439523	0.275143	0.234819	0.0007609294
136600	-287.0646	-283.8888	-3.175844	0.7103968	0.0787607	0.475787	0.41831	0.0271418	0.02676236
136800	-286.4187	-282.2865	-4.132213	0.6127147	0.0434701	0.239383	0.126982	0.590165	0.2110856
137000	-286.5646	-283.8167	-2.747839	0.5975946	0.00712103	0.715138	0.114811	0.16293	0.09264938
137200	-289.4579	-285.1646	-4.293314	0.7849437	0.118897	0.349255	0.0735761	0.458272	0.06195586
137400	-284.8086	-281.7832	-3.025449	0.5440742	0.00540491	0.169847	0.161709	0.663038	0.1676731
137600	-284.09	-281.8155	-2.274499	0.6359167	0.0158513	0.408637	0.426147	0.149365	0.01087551
137800	-289.9863	-285.9592	-4.027075	0.6448285	0.0560963	0.13862	0.627882	0.177401	0.1696833
138000	-286.1437	-282.0716	-4.072164	0.6891724	0.0470395	0.423525	0.0708597	0.458576	0.1322289
138200	-285.124	-283.3316	-1.792421	0.5954882	3.19443e-05	0.310519	0.129737	0.559712	0.003655253
138400	-284.4265	-282.6106	-1.815915	0.5799532	0.0294502	0.0354448	0.0431538	0.891951	0.02008509
138600	-286.3874	-285.6107	-0.7766373	0.4951986	0.0513683	0.161368	0.60154	0.185723	0.002245482
138800	-284.6713	-281.2865	-3.384776	0.6329249	0.00804718	0.230832	0.14673	0.614391	0.1200016
139000	-284.7324	-281.6582	-3.074162	0.5901471	0.0150011	0.046452	0.877848	0.060699	0.1290928
139200	-285.2622	-283.0432	-2.218978	0.6057312	0.0652664	0.0484961	0.687198	0.19904	0.03398611
139400	-287.1357	-281.4886	-5.647078	0.7367189	0.00347426	0.0347092	0.227976	0.733841	0.2350346
139600	-284.1489	-281.9784	-2.17049	0.6001973	0.00411849	0.0164706	0.0699782	0.909433	0.0356355
139800	-288.1459	-286.1697	-1.976271	0.4614852	0.0157404	0.0579698	0.430495	0.495794	0.1428818
140000	-284.6898	-283.5715	-1.118375	0.5089325	0.0439222	0.0734488	0.407824	0.474805	0.0217689
140200	-288.2238	-282.2415	-5.982311	0.6213071	0.0318808	0.117606	0.793352	0.0571613	0.3751517
140400	-284.4621	-281.8535	-2.608585	0.6275597	0.0368719	0.0368077	0.259217	0.667103	0.05108888
140600	-291.5924	-289.889	-1.703381	0.5853458	0.143761	0.0542899	0.759026	0.0429234	0.004999126
140800	-286.7286	-284.0803	-2.648303	0.6760866	0.0966397	0.317877	0.459666	0.125817	0.008552012
141000	-284.1859	-281.3584	-2.82748	0.6410239	0.0321729	0.15378	0.216435	0.597612	0.05882122
141200	-286.6342	-282.6088	-4.02546	0.508288	0.00361677	0.101401	0.363597	0.531385	0.2882518
141400	-288.1264	-285.6308	-2.495671	0.6678548	0.0135008	0.0634478	0.469274	0.453777	0.001590223
141600	-286.8481	-282.2748	-4.573322	0.7903016	0.0403745	0.262306	0.394024	0.303295	0.0847065
141800	-285.4277	-283.4284	-1.999294	0.5998783	0.0269417	0.0304132	0.538433	0.404212	0.01907606
142000	-285.073	-283.3162	-1.756825	0.5910348	0.0165638	0.127605	0.256109	0.599722	0.004551189
142200	-291.0099	-283.5539	-7.456054	0.5963424	0.0366116	0.0733213	0.843434	0.0466326	0.5209141
142400	-287.9871	-286.6523	-1.334818	0.5284401	0.075087	0.26177	0.0113151	0.651827	0.02378416
142600	-285.2995	-281.9475	-3.351933	0.7340188	0.0121201	0.380029	0.361701	0.24615	0.02008342
142800	-286.5509	-281.971	-4.579907	0.525149	0.0173108	0.0476224	0.745726	0.189341	0.3302174
143000	-285.7337	-282.5311	-3.202624	0.5593113	0.0288027	0.244907	0.0217951	0.704495	0.1697727
143200	-285.1706	-283.4031	-1.767569	0.4989743	0.00755438	0.477162	0.203465	0.311819	0.09246509
143400	-284.9697	-282.2074	-2.762344	0.6299796	0.0156828	0.200995	0.390325	0.392996	0.06497219
143600	-285.6265	-282.5017	-3.124763	0.6272084	0.0428109	0.566969	0.387041	0.00317871	0.09993374
143800	-284.4806	-281.7928	-2.687809	0.6836736	0.0131331	0.129323	0.251639	0.605905	0.00489386
144000	-285.7312	-282.5885	-3.142748	0.7269021	0.0449452	0.358332	0.282393	0.31433	0.00698743
144200	-287.1145	-285.2406	-1.873865	0.4688643	0.0245567	0.163475	0.555941	0.256027	0.1271767
144400	-284.1608	-281.8876	-2.273256	0.64618	0.0374713	0.0516716	0.727353	0.183504	0.001094313
144600	-285.6091	-283.1606	-2.448542	0.6133789	0.0692229	0.205635	0.430827	0.294315	0.04830565
144800	-284.9142	-282.2484	-2.665777	0.683825	0.0416781	0.219854	0.0128149	0.725653	0.002690306
145000	-285.2426	-282.5763	-2.666288	0.6299679	0.000888236	0.0224959	0.0266109	0.950005	0.05352882
145200	-283.3689	-280.5854	-2.783507	0.6391966	0.000996119	0.00340213	0.525624	0.469978	0.05559839
145400	-284.5019	-281.6869	-2.815072	0.6344901	0.0379374	0.0298435	0.24923	0.682989	0.06289333
145600	-290.3243	-286.0271	-4.297257	0.755173	0.0426042	0.537174	0.275677	0.144545	0.0918899
145800	-284.6049	-283.421	-1.183874	0.5230053	0.00244723	0.392502	0.428796	0.176255	0.01478522
146000	-282.7658	-281.1707	-1.595087	0.5770841	0.0220394	0.00301208	0.490777	0.484171	0.002257892
146200	-292.5568	-288.6049	-3.951977	0.4931795	0.104854	0.138797	0.746982	0.00936738	0.3008457
146400	-286.2428	-283.5788	-2.663954	0.5977516	0.0601209	0.60828	0.161505	0.170094	0.0849517
146600	-285.2966	-282.4362	-2.860398	0.6623789	0.0918597	0.00381568	0.176977	0.727348	0.04182154
146800	-285.8486	-282.2028	-3.645732	0.7069546	0.0143735	0.682888	0.299526	0.00321165	0.07484615
147000	-285.3113	-282.6528	-2.658536	0.6381174	0.0457766	0.496777	0.0696604	0.387786	0.04514583
147200	-284.5439	-282.2949	-2.249054	0.5457924	0.0197641	0.224409	0.508702	0.247125	0.0939919
147400	-285.3383	-283.5663	-1.771929	0.5714789	0.0548122	0.703504	0.14478	0.0969043	0.02448682
147600	-285.9878	-283.0033	-2.984541	0.5909248	0.00567052	0.132365	0.118037	0.743928	0.118755
147800	-286.5771	-285.1667	-1.410389	0.4873905	0.00973619	0.0939542	0.720227	0.176083	0.06995508
148000	-288.9705	-283.2978	-5.672677	0.5580271	0.0146944	0.142512	0.0499083	0.792886	0.4142486
148200	-284.8544	-281.0973	-3.757094	0.6654075	0.0155367	0.132819	0.0508399	0.800805	0.1250207
148400	-285.5067	-284.6477	-0.8590767	0.4986867	0.0489426	0.227733	0.215935	0.507389	0.006780325
148600	-286.2741	-282.081	-4.193116	0.7996852	0.0548013	0.116612	0.526592	0.301995	0.03986349
148800	-285.552	-283.7474	-1.804607	0.5633617	0.0882679	0.075043	0.464353	0.372336	0.03522938
149000	-287.2362	-283.7858	-3.45039	0.5876582	0.0599031	0.0711855	0.55853	0.310381	0.1677036
149200	-286.3049	-282.4098	-3.895068	0.5947739	0.0553891	0.163142	0.183775	0.597694	0.2048882
149400	-286.7097	-282.0052	-4.704532	0.812354	0.0417771	0.154663	0.133105	0.670455	0.07662088
149600	-287.7739	-282.9681	-4.805864	0.5296899	0.0244243	0.204915	0.070653	0.700007	0.3458445
149800	-288.9512	-285.5462	-3.404994	0.7139236	0.105582	0.433988	0.206993	0.253437	0.04533929
150000	-287.3036	-284.9862	-2.317366	0.4941481	0.0520413	0.0704796	0.826891	0.0505878	0.1432938
150200	-284.3457	-281.9542	-2.391533	0.6171884	0.0303752	0.0400875	0.289589	0.639948	0.04022351
150400	-282.8734	-281.1529	-1.720561	0.5623842	0.0125182	0.0109566	0.377662	0.598863	0.02781983
150600	-284.5885	-280.9332	-3.655298	0.7561637	0.00555776	0.15943	0.506411	0.328601	0.02900422
150800	-286.0367	-282.1852	-3.851444	0.7530639	0.0748222	0.186446	0.690685	0.0480465	0.05129434
151000	-285.4176	-281.5989	-3.818725	0.6912132	0.0184175	0.0663453	0.902817	0.0124199	0.1059523
151200	-285.9538	-283.2311	-2.72269	0.6837097	0.109032	0.242421	0.597657	0.05089	0.008180924
151400	-286.8957	-285.6695	-1.22621	0.5056895	0.0127985	0.150482	0.807249	0.0294707	0.03389121
151600	-288.1251	-284.5804	-3.544733	0.7515927	0.0854732	0.0690594	0.358346	0.487122	0.02204247
151800	-291.2151	-286.4576	-4.757468	0.6795795	0.23368	0.119035	0.310034	0.337252	0.2072977
152000	-286.2117	-282.9098	-3.301911	0.6245507	0.000170925	0.0266778	0.554811	0.418341	0.1191357
152200	-286.2231	-282.4589	-3.764199	0.7681562	0.00641148	0.0267819	0.118515	0.848291	0.02719723
152400	-283.4048	-281.244	-2.160756	0.6334571	0.00710024	0.405041	0.422635	0.165224	0.002473918
152600	-283.0573	-281.5477	-1.509644	0.5651976	0.0102604	0.019137	0.806978	0.163625	0.005477693
152800	-284.4155	-281.7019	-2.713588	0.5887609	0.0408649	0.0405962	0.790827	0.127712	0.09744524
153000	-284.5165	-281.6156	-2.900902	0.6195573	0.00373516	0.0692045	0.315105	0.611955	0.08806515
153200	-285.0829	-282.5985	-2.484441	0.6238662	0.0425703	0.343103	0.584524	0.0298037	0.04329782
153400	-290.9053	-285.6431	-5.26221	0.8633502	0.0198674	0.629698	0.0200575	0.330377	0.07900901
153600	-287.4899	-284.2828	-3.207154	0.7090956	0.1212	0.137542	0.288919	0.452338	0.03087853
153800	-285.2616	-283.1746	-2.087033	0.5392208	0.0191698	0.5351	0.403373	0.0423577	0.08535028
154000	-290.5319	-286.67	-3.86184	0.5820518	0.170298	0.214025	0.0276395	0.588038	0.2201932
154200	-286.774	-285.231	-1.542999	0.57397	0.0543149	0.104755	0.80456	0.036371	0.0002952384
154400	-284.4689	-281.6353	-2.833574	0.5806908	0.0310733	0.0256631	0.867448	0.0758159	0.1158112
154600	-287.8111	-284.0692	-3.74192	0.5402214	0.00119375	0.340419	0.453423	0.204965	0.2440774
154800	-286.7423	-285.1517	-1.590599	0.5398956	0.0986034	0.0193636	0.450624	0.431409	0.03790942
155000	-286.1708	-281.1139	-5.056814	0.6709046	0.0150463	0.0779399	0.236265	0.670749	0.2425887
155200	-284.9818	-283.1657	-1.816156	0.5617411	0.00363852	0.041449	0.840106	0.114806	0.03715371
155400	-284.7421	-281.5552	-3.186884	0.6693573	0.000873043	0.593666	0.27183	0.13363	0.06686321
155600	-286.2705	-282.2699	-4.000676	0.6181506	0.0407	0.0225151	0.225781	0.711003	0.1971336
155800	-284.5386	-282.5191	-2.019514	0.6160312	0.00732466	0.243747	0.347544	0.401385	0.005588029
156000	-286.4754	-285.4253	-1.050116	0.5085352	0.0956454	0.0923713	0.739823	0.0721605	0.0155563
156200	-289.1743	-282.0175	-7.156878	0.7841119	0.0581114	0.309965	0.113379	0.518544	0.3459647
156400	-284.563	-282.0256	-2.537396	0.5703894	0.0321792	0.213527	0.0183422	0.735951	0.09772218
156600	-289.263	-284.6159	-4.647091	0.7094644	0.0331923	0.0769362	0.694862	0.195009	0.1670686
156800	-286.1212	-282.0055	-4.115787	0.8061017	0.0158128	0.22226	0.516747	0.245181	0.02479676
157000	-284.0093	-281.3278	-2.681469	0.6847458	0.00748156	0.0400251	0.639288	0.313205	0.003240001
157200	-285.1468	-281.9002	-3.24653	0.6860048	0.0441356	0.297868	0.12072	0.537276	0.05654966
157400	-286.9	-283.8759	-3.024017	0.6358056	0.134618	0.0621428	0.17794	0.625299	0.08268271
157600	-286.978	-282.6874	-4.290646	0.6996847	0.0241736	0.0531425	0.482464	0.44022	0.1471202
157800	-286.3707	-284.5085	-1.862193	0.5306528	0.0351751	0.0378959	0.696435	0.230494	0.07110565
158000	-289.2801	-286.4475	-2.832558	0.5085192	0.0786408	0.406565	0.344805	0.169989	0.1823006
158200	-285.7113	-282.556	-3.155336	0.7040627	0.0177885	0.697917	0.186835	0.0974601	0.03003695
158400	-286.3485	-282.7848	-3.563673	0.5307842	6.40217e-05	0.484256	0.057027	0.458653	0.2297327
158600	-288.173	-283.5039	-4.669163	0.693065	0.0454854	0.0275838	0.690548	0.236383	0.1924052
158800	-286.7378	-282.1227	-4.615097	0.7030626	0.0656157	0.195651	0.599767	0.138966	0.1726881
159000	-287.9024	-285.1226	-2.77981	0.5355241	0.101694	0.0945405	0.659575	0.14419	0.1567796
159200	-288.3786	-285.2933	-3.085275	0.4833813	0.0429637	0.70528	0.20545	0.0463067	0.232395
159400	-285.9114	-284.3146	-1.596838	0.5438952	0.060932	0.00213898	0.0540287	0.8829	0.03367192
159600	-287.1511	-283.5145	-3.636543	0.6094245	0.0443832	0.0479449	0.577911	0.329761	0.1684107
159800	-288.1995	-285.5541	-2.645431	0.6181724	0.0257722	0.461232	0.432156	0.0808395	0.06167668
160000	-284.1749	-282.324	-1.850933	0.5686375	0.0116338	0.0588468	0.538165	0.391355	0.03521476
160200	-286.1146	-283.4611	-2.653528	0.5511878	0.0622358	0.123619	0.57788	0.236265	0.1283496
160400	-284.4601	-282.816	-1.644106	0.5387303	0.00477033	0.310857	0.0719222	0.612451	0.04390274
160600	-288.7722	-285.7912	-2.981029	0.5365738	0.0411021	0.357133	0.0147645	0.587	0.1739949
160800	-286.3061	-283.64	-2.666067	0.6535403	0.102824	0.105082	0.0077181	0.784376	0.03204238
161000	-285.2279	-282.6265	-2.601354	0.5079598	0.0107383	0.064893	0.197609	0.72676	0.1590413
161200	-286.6038	-281.3683	-5.235459	0.7970182	0.00903624	0.316656	0.664313	0.0099949	0.1406435
161400	-285.3938	-284.123	-1.270818	0.5105231	0.0284268	0.466467	0.191867	0.313239	0.03476621
161600	-285.5153	-281.913	-3.602322	0.7289708	0.0270092	0.0266766	0.738042	0.208272	0.04903811
161800	-288.1799	-286.8453	-1.334552	0.4676156	0.041622	0.0403546	0.468576	0.449447	0.08277479
162000	-289.173	-284.9605	-4.212485	0.678811	0.17928	0.147664	0.422158	0.250898	0.1615673
162200	-286.6766	-284.2892	-2.387409	0.5050672	0.0262325	0.499409	0.262757	0.211602	0.1458374
162400	-284.1276	-282.0611	-2.066478	0.5947944	0.0431397	0.187887	0.260605	0.508369	0.03024075
162600	-284.487	-282.7863	-1.700649	0.5642008	0.0329963	0.199896	0.362202	0.404906	0.02436803
162800	-284.8358	-282.6222	-2.213641	0.5901955	0.0491654	0.217637	0.611353	0.121844	0.04910696
163000	-285.1608	-282.3414	-2.819333	0.6487114	0.0583586	0.128176	0.757918	0.0555477	0.05156003
163200	-284.4372	-282.9082	-1.528974	0.5484302	0.0322075	0.341896	0.0655367	0.56036	0.02299587
163400	-284.6591	-281.7791	-2.879926	0.6604816	0.00728213	0.181009	0.0386929	0.773016	0.04563643
163600	-283.9104	-281.3988	-2.511624	0.5810163	0.00979519	0.00642362	0.300753	0.683028	0.08727919
163800	-286.0044	-282.5422	-3.462267	0.7608522	0.065668	0.029173	0.23359	0.671569	0.005158889
164000	-285.8672	-283.6687	-2.19846	0.608642	0.10297	0.0157676	0.251259	0.630003	0.02955516
164200	-285.1322	-282.9125	-2.219761	0.5865716	0.0806251	0.0668922	0.249976	0.602507	0.05231439
164400	-289.683	-283.8283	-5.854732	0.6292798	0.0532126	0.69073	0.0581067	0.197951	0.3675591
164600	-290.7875	-282.9925	-7.794921	0.7397005	0.0582246	0.366518	0.452147	0.12311	0.4446179
164800	-287.1715	-281.5044	-5.667133	0.6162445	0.00463837	0.162243	0.601674	0.231444	0.3484723
165000	-286.2853	-282.3261	-3.9592	0.6763339	0.0414535	0.850416	0.0494674	0.0586633	0.1359391
165200	-286.5135	-285.431	-1.082566	0.5241096	0.0344978	0.518059	0.425275	0.0221685	0.004024995
165400	-288.4112	-284.438	-3.973232	0.6720031	0.108213	0.0803184	0.788075	0.0233933	0.1378302
165600	-290.9537	-288.238	-2.715618	0.5550141	0.115041	0.00782976	0.748889	0.128241	0.1258751
165800	-285.3142	-284.3096	-1.004583	0.4595246	0.00956991	0.205769	0.176794	0.607867	0.05654959
166000	-284.9357	-283.5443	-1.391443	0.5085572	0.00216581	0.0296416	0.0323773	0.935815	0.04796819
166200	-288.1126	-284.5951	-3.517456	0.6909162	0.0340372	0.153342	0.250961	0.56166	0.08028339
166400	-284.7844	-282.4192	-2.365131	0.6074069	0.046623	0.169996	0.00750962	0.775871	0.04750062
166600	-285.0832	-283.0439	-2.039336	0.6116924	0.0439046	0.570475	0.146883	0.238737	0.01184084
166800	-283.3793	-280.9869	-2.39238	0.6174034	0.00309553	0.233116	0.72474	0.0390482	0.03988429
167000	-286.6423	-283.1389	-3.503451	0.7036779	0.049237	0.486977	0.0640254	0.399761	0.06508247
167200	-287.9964	-284.8292	-3.167246	0.5448937	0.0163926	0.31543	0.131556	0.536621	0.1745296
167400	-284.5651	-282.3812	-2.183862	0.5228602	0.00868145	0.148748	0.0398717	0.802699	0.1068901
167600	-288.01	-285.4788	-2.531228	0.4955759	0.0416544	0.140192	0.556576	0.261577	0.1627701
167800	-286.4888	-282.7343	-3.754488	0.7872056	0.0615731	0.0707986	0.828101	0.0395274	0.008278853
168000	-289.9372	-285.5312	-4.406074	0.7446998	0.159781	0.0309572	0.444826	0.364435	0.1168203
168200	-285.3096	-282.0748	-3.234846	0.7002257	0.0338752	0.0201871	0.0597905	0.886147	0.04142849
168400	-283.0926	-281.2175	-1.875041	0.5615853	0.0125712	0.0212852	0.571973	0.39417	0.04312217
168600	-285.7767	-281.9518	-3.824921	0.6598072	0.0201068	0.392956	0.0898522	0.497085	0.134276
168800	-286.795	-284.0882	-2.706784	0.6101229	0.0277684	0.434227	0.366122	0.171883	0.07613288
169000	-284.6163	-282.0259	-2.590389	0.6083548	0.0398832	0.162679	0.720364	0.0770739	0.06798344
169200	-284.7928	-282.4149	-2.377928	0.52539	0.0358427	0.000477313	0.776539	0.187141	0.1243374
169400	-285.6004	-282.9752	-2.625193	0.5782885	0.0483464	0.293823	0.0707129	0.587118	0.0991636
169600	-286.7378	-285.0649	-1.672844	0.5709469	0.0418785	0.132625	0.557953	0.267544	0.01596635
169800	-283.8887	-280.6898	-3.198963	0.5986089	0.00542141	0.027702	0.738922	0.227954	0.1339887
170000	-284.6594	-281.9271	-2.732277	0.5898459	0.00646368	0.172077	0.126827	0.694633	0.1000211
170200	-286.0727	-282.6789	-3.393797	0.5811527	0.023748	0.261009	0.180022	0.535221	0.1726556
170400	-285.8983	-284.0917	-1.806576	0.5339797	0.0061651	0.024074	0.846512	0.123249	0.06460628
170600	-288.093	-285.1247	-2.968325	0.5016815	0.0471882	0.669532	0.0210379	0.262242	0.2042503
170800	-284.4441	-281.0395	-3.40464	0.7479153	0.0201395	0.159009	0.340461	0.480391	0.01202743
171000	-287.9041	-281.7692	-6.134827	0.690169	0.0121291	0.130243	0.71385	0.143779	0.3218041
171200	-287.3096	-281.5626	-5.746994	0.7192369	0.0132502	0.260226	0.610268	0.116256	0.269877
171400	-284.9609	-281.6155	-3.345434	0.7125839	0.0387113	0.0521437	0.291555	0.61759	0.04120381
171600	-287.4619	-284.9446	-2.517307	0.6078515	0.141185	0.182446	0.366706	0.309663	0.06129526
171800	-284.7037	-283.0527	-1.650976	0.567641	0.0480057	0.382334	0.236956	0.332704	0.01638233
172000	-286.0804	-282.2276	-3.852716	0.684323	0.011325	0.107368	0.687137	0.19417	0.1172455
172200	-286.2684	-281.2593	-5.009022	0.7024456	0.00134065	0.366737	0.287898	0.344024	0.2074015
172400	-283.8051	-280.4547	-3.350396	0.7462455	0.00373544	0.0812374	0.0419937	0.873033	0.008400856
172600	-287.3538	-283.3728	-3.980998	0.7355281	0.0544988	0.2932	0.37755	0.274751	0.07875154
172800	-287.6967	-287.3889	-0.3077832	0.4033632	0.0347701	0.136827	0.285909	0.542494	0.04385772
173000	-284.0984	-282.6875	-1.410849	0.5069516	0.0249767	0.0731776	0.622576	0.279269	0.05029806
173200	-285.3739	-283.5243	-1.849534	0.561823	0.0793642	0.162617	0.493117	0.264902	0.04087719
173400	-286.2951	-284.5535	-1.741539	0.4848584	0.0496408	0.143427	0.440803	0.366129	0.1005689
173600	-288.715	-284.59	-4.124916	0.8146033	0.0217145	0.583868	0.281737	0.11268	0.01751484
173800	-285.6518	-284.0504	-1.601381	0.4942848	0.0234748	0.309283	0.193058	0.474184	0.07985594
174000	-285.063	-281.6519	-3.411068	0.6413644	0.0440641	0.0276154	0.0749977	0.853323	0.113632
174200	-284.4308	-282.8176	-1.613231	0.5279734	0.0221285	0.051189	0.882096	0.0445863	0.0512253
174400	-285.4091	-281.995	-3.414126	0.5930298	0.0316361	0.0387702	0.796532	0.133062	0.1591852
174600	-286.1703	-284.3109	-1.859356	0.5986899	0.00223206	0.316341	0.506803	0.174624	0.006713142
174800	-285.8874	-282.7989	-3.088547	0.6585263	0.0889634	0.212172	0.544063	0.154802	0.06723953
175000	-288.3708	-282.1526	-6.218241	0.6929148	0.020661	0.555119	0.315465	0.108755	0.3389082
175200	-286.0379	-285.1608	-0.8770695	0.4777906	0.00874854	0.286045	0.541161	0.164046	0.0272468
175400	-288.1322	-282.9004	-5.231778	0.6718777	0.0577184	0.746041	0.177323	0.0189184	0.2581188
175600	-288.9816	-285.1332	-3.848379	0.7266268	0.101087	0.391276	0.451157	0.0564794	0.07661835
175800	-289.3746	-281.9067	-7.467909	0.6833949	0.015723	0.235263	0.405752	0.343262	0.4710953
176000	-286.1581	-284.1528	-2.005265	0.585202	0.022415	0.0948443	0.857803	0.0249382	0.03463649
176200	-284.6544	-281.9567	-2.697705	0.6440574	0.00513957	0.762504	0.0953941	0.136963	0.04402748
176400	-290.9109	-287.4638	-3.447114	0.750264	0.0493406	0.11619	0.6878	0.146669	0.01402728
176600	-287.1595	-282.9511	-4.208369	0.8083068	0.105498	0.0432547	0.323469	0.527778	0.03145065
176800	-288.2755	-288.2837	0.008255693	0.4151474	0.0262321	0.511164	0.204419	0.258184	0.003760266
177000	-288.3014	-286.03	-2.271465	0.6061514	0.165365	0.127044	0.204768	0.502822	0.03915841
177200	-284.8952	-283.9532	-0.9420925	0.5057226	0.022623	0.0617613	0.133734	0.781882	0.007747402
177400	-287.6857	-284.2524	-3.433363	0.6906945	0.11147	0.112766	0.665698	0.110066	0.07295476
177600	-286.5859	-285.4688	-1.117031	0.4974334	0.0015849	0.386918	0.208489	0.403008	0.03207968
177800	-286.3068	-284.049	-2.257784	0.612842	0.0261372	0.339455	0.242729	0.391679	0.03274744
178000	-284.4791	-281.8537	-2.625345	0.5738834	0.00615793	0.298171	0.155953	0.539719	0.1038834
178200	-285.6808	-283.3917	-2.289182	0.4775182	0.00613595	0.0455947	0.638961	0.309309	0.1592152
178400	-285.6721	-281.8759	-3.796264	0.6934837	0.0174768	0.128264	0.0772102	0.777049	0.09955054
178600	-285.0275	-283.9682	-1.059238	0.5217747	0.0623363	0.119151	0.0686443	0.749868	0.00389678
178800	-286.3358	-282.8738	-3.461989	0.5716159	0.00890159	0.596118	0.105223	0.289757	0.1873209
179000	-284.8671	-282.1061	-2.760973	0.5903264	0.0498052	0.110935	0.248871	0.590389	0.09980776
179200	-285.8808	-284.1052	-1.775647	0.5612471	0.0119726	0.233939	0.564525	0.189564	0.03448996
179400	-287.2782	-283.959	-3.319179	0.7101126	0.141681	0.617867	0.0892384	0.151213	0.04111869
179600	-287.4044	-285.61	-1.794448	0.5432766	0.077514	0.157759	0.293818	0.470909	0.05182286
179800	-286.4346	-282.5793	-3.855362	0.6657518	0.00854076	0.0114091	0.8769	0.103151	0.1298595
180000	-286.8274	-283.7292	-3.0982	0.601676	0.105497	0.107683	0.15794	0.62888	0.1219211
180200	-284.4986	-281.027	-3.471572	0.6013789	0.0103052	0.0212397	0.0219681	0.946487	0.1580922
180400	-289.7485	-282.9221	-6.82641	0.674956	0.0195529	0.442121	0.0141926	0.524134	0.4266118
180600	-292.9222	-286.797	-6.125151	1.01615	0.0425981	0.673429	0.0950583	0.188914	0.01571847
180800	-285.6513	-282.2332	-3.418112	0.7406784	0.0342436	0.43377	0.17138	0.360607	0.02043132
181000	-285.0282	-284.0483	-0.9799304	0.5139444	0.00739817	0.166301	0.232219	0.594082	0.003764557
181200	-286.1051	-284.5136	-1.59157	0.4924325	0.0220832	0.196498	0.0519608	0.729457	0.08004173
181400	-287.1968	-285.2174	-1.979403	0.558172	0.0137055	0.498417	0.270108	0.21777	0.05673462
181600	-283.8476	-282.2339	-1.613743	0.4983278	0.00472803	0.0397182	0.204175	0.751379	0.07723114
181800	-286.0187	-282.4983	-3.520322	0.6290442	0.0805388	0.0545155	0.541365	0.323581	0.135403
182000	-285.2007	-284.1782	-1.022508	0.5171417	0.0240693	0.164971	0.024004	0.786956	0.004683822
182200	-285.6962	-284.352	-1.344165	0.478095	0.000450808	0.757605	0.125015	0.116928	0.07245457
182400	-285.3513	-283.3576	-1.99375	0.5749742	0.06064	0.105105	0.30412	0.530135	0.04231373
182600	-286.0131	-281.3401	-4.67304	0.6530773	0.024725	0.0944294	0.310084	0.570761	0.2277819
182800	-288.5958	-285.8766	-2.719244	0.499712	0.0225321	0.0198768	0.415122	0.542469	0.1855704
183000	-289.0061	-287.4558	-1.550396	0.4212229	0.0130665	0.292783	0.386321	0.30783	0.1458906
183200	-284.0427	-282.7163	-1.32644	0.5298232	0.0156757	0.136599	0.51819	0.329535	0.02156676
183400	-288.7556	-287.0374	-1.718239	0.5862579	0.0629693	0.22895	0.469638	0.238443	0.005068864
183600	-285.6321	-282.7213	-2.910746	0.7002375	0.100685	0.0411842	0.279319	0.578812	0.01052402
183800	-284.0197	-282.1086	-1.911155	0.6109372	7.05417e-05	0.60638	0.328479	0.0650698	0.0001430911
184000	-287.3297	-283.7768	-3.552907	0.7187837	0.142319	0.142045	0.478784	0.236852	0.05439765
184200	-283.2284	-281.1331	-2.095306	0.5945674	0.00259096	0.319046	0.469597	0.208766	0.03314018
184400	-285.7223	-280.9229	-4.799417	0.7360015	0.00431968	0.266812	0.715836	0.0130323	0.1609555
184600	-285.1362	-282.2736	-2.862529	0.6758311	0.0583223	0.414971	0.234862	0.291845	0.02896617
184800	-291.587	-281.9302	-9.656875	0.6401399	0.03935	0.253207	0.420804	0.286639	0.7155875
185000	-285.8914	-283.8679	-2.023526	0.6146157	0.0991964	0.228585	0.640823	0.031395	0.007382865
185200	-285.8812	-281.861	-4.020149	0.7980508	0.00783226	0.244845	0.410092	0.337231	0.02333301
185400	-288.598	-283.6502	-4.947774	0.8860145	0.000181448	0.0142021	0.388769	0.596847	0.02885333
185600	-284.7469	-282.1359	-2.611009	0.6310059	0.0346351	0.326294	0.16711	0.471961	0.04837185
185800	-285.8171	-283.6699	-2.147283	0.5324323	0.0492384	0.0324863	0.243597	0.674679	0.09714919
186000	-286.2434	-281.3651	-4.878233	0.7892029	0.00696359	0.364167	0.00876964	0.6201	0.1139922
186200	-288.1845	-284.6128	-3.571731	0.6027519	0.0994752	0.750734	0.0400225	0.109768	0.169559
186400	-284.114	-282.2209	-1.893117	0.6005242	0.0487919	0.161345	0.511002	0.278861	0.00823566
186600	-284.5361	-283.4138	-1.122276	0.5223162	0.047688	0.145183	0.129855	0.677274	0.00941014
186800	-285.6823	-282.4632	-3.219077	0.6861034	0.0123898	0.110821	0.0942437	0.782546	0.05349275
187000	-284.2532	-281.0295	-3.22363	0.7323603	0.0193655	0.1927	0.538578	0.249357	0.009645042
187200	-283.5377	-280.9296	-2.608109	0.6127022	0.00164553	0.00795167	0.751797	0.238606	0.06455506
187400	-286.4425	-284.2567	-2.185877	0.5661544	0.110634	0.0670716	0.594604	0.22769	0.06921691
187600	-285.7008	-284.0009	-1.699914	0.5119094	0.0415207	0.283165	0.586139	0.0891752	0.07321495
187800	-283.1261	-281.3175	-1.808576	0.5845338	0.00306926	0.0489472	0.112719	0.835264	0.01579764
188000	-285.4429	-282.8161	-2.626754	0.5627066	0.0518929	0.0353311	0.518006	0.39477	0.1137253
188200	-287.563	-282.9372	-4.625767	0.7179179	0.105815	0.0397019	0.160102	0.694382	0.1609755
188400	-284.6811	-281.1881	-3.493071	0.688368	0.0148834	0.411853	0.0863635	0.4869	0.07831815
188600	-285.5571	-281.7954	-3.76176	0.7249341	0.0657383	0.0483361	0.39459	0.491335	0.06919
188800	-283.8918	-282.6504	-1.241325	0.5106471	0.00883958	0.175533	0.629132	0.186496	0.03175809
189000	-285.8094	-284.3259	-1.483467	0.5489251	0.0273321	0.169571	0.399404	0.403692	0.0185369
189200	-286.3146	-282.8842	-3.430384	0.6213947	0.0401375	0.250589	0.340425	0.368849	0.1319915
189400	-286.3082	-281.0219	-5.286306	0.7622386	0.012778	0.00859918	0.859946	0.118677	0.1847394
189600	-287.1986	-282.1587	-5.039873	0.6462591	0.038737	0.0634398	0.157991	0.739833	0.2653895
189800	-288.0011	-282.5372	-5.463901	0.8769121	0.0761963	0.44686	0.428764	0.0481795	0.09080295
190000	-284.2323	-281.7882	-2.444087	0.6637399	0.021438	0.437703	0.470956	0.0699031	0.0006172221
190200	-286.9014	-282.3376	-4.563833	0.5675023	0.0466691	0.0545622	0.199683	0.699086	0.2895811
190400	-285.0604	-282.0852	-2.975233	0.6728239	0.0171171	0.0844527	0.402297	0.496133	0.04333175
190600	-284.7974	-281.9009	-2.896455	0.6362793	0.0287946	0.297454	0.416814	0.256937	0.07098368
190800	-286.3506	-281.6432	-4.707351	0.6821355	0.0108153	0.111852	0.642739	0.234594	0.2046249
191000	-293.5696	-286.1333	-7.436285	1.121066	0.103337	0.0596137	0.519109	0.31794	0.04295702
191200	-284.6092	-281.4262	-3.182943	0.7238345	0.00720456	0.684062	0.159646	0.149087	0.01386108
191400	-287.8448	-283.4082	-4.436565	0.6313635	0.0840823	0.616095	0.263826	0.0359959	0.2252582
191600	-284.3546	-282.1448	-2.209738	0.5386803	0.0182024	0.0190463	0.488235	0.474517	0.0946855
191800	-288.1772	-281.8134	-6.363746	0.5890434	0.0157284	0.0432131	0.766757	0.174302	0.4354957
192000	-283.5336	-280.8296	-2.703941	0.6873665	0.000642475	0.294724	0.605493	0.0991407	0.002892091
192200	-283.8342	-280.9826	-2.85163	0.604183	0.00159371	0.0473932	0.423918	0.527095	0.09701876
192400	-287.2644	-282.9735	-4.290948	0.8361183	0.10527	0.460616	0.243881	0.190233	0.01280773
192600	-283.7013	-282.8263	-0.8749568	0.4790987	0.00516255	0.0116444	0.572384	0.410809	0.02630824
192800	-288.2018	-284.9953	-3.206504	0.7082572	0.0104544	0.355059	0.412481	0.222005	0.03157387
193000	-288.0648	-285.0351	-3.029775	0.5724634	0.0786661	0.229108	0.281452	0.410773	0.1399306
193200	-287.5719	-284.8156	-2.756279	0.660308	0.0330254	0.206586	0.382165	0.378223	0.03376429
193400	-286.3956	-284.1324	-2.263126	0.6401162	0.104645	0.542175	0.108513	0.244667	0.005897377
193600	-285.9856	-284.4991	-1.486485	0.5377301	0.0483713	0.0992313	0.127896	0.724501	0.02934481
193800	-284.7124	-281.6526	-3.059729	0.6201054	0.00941243	0.150194	0.0428791	0.797515	0.1012199
194000	-285.4267	-283.3321	-2.09457	0.5421101	0.0109396	0.0458496	0.702525	0.240686	0.08175034
194200	-285.124	-284.1774	-0.9465937	0.505906	0.0142531	0.0667394	0.0551763	0.863831	0.007991729
194400	-283.6923	-281.1987	-2.493632	0.5974701	0.0269069	0.0455435	0.320653	0.606896	0.06805458
194600	-287.282	-284.1243	-3.157705	0.6000982	0.0700932	0.548074	0.341232	0.0406005	0.1285814
194800	-285.3978	-282.8761	-2.521674	0.6601113	0.0684123	0.109248	0.170915	0.651425	0.01175948
195000	-284.3032	-280.4451	-3.858029	0.7453667	0.00207728	0.0690393	0.64075	0.288133	0.05791379
195200	-294.8312	-286.2045	-8.626767	0.7738955	0.157154	0.0495061	0.28345	0.509889	0.5076955
195400	-285.0098	-282.8133	-2.196482	0.5956572	0.0334327	0.703546	0.147568	0.115453	0.04179221
195600	-286.434	-282.0299	-4.404116	0.7678338	0.0090295	0.0260972	0.340159	0.624715	0.08882429
195800	-287.3506	-286.9185	-0.4321181	0.4283229	0.00674249	0.0704869	0.0825617	0.840209	0.03312495
196000	-285.1677	-282.2538	-2.913953	0.6641352	0.0602929	0.373987	0.343819	0.2219	0.04511634
196200	-284.4495	-281.4381	-3.011427	0.6625825	0.0202398	0.0219326	0.751359	0.206468	0.05573692
196400	-285.1418	-283.4072	-1.734588	0.5108652	0.00329264	0.127461	0.764629	0.104617	0.07809949
196600	-287.3044	-282.5394	-4.764962	0.8753041	0.0806078	0.52044	0.375179	0.0237737	0.02109663
196800	-285.4266	-282.9161	-2.51052	0.6222686	0.0503368	0.54498	0.357916	0.0467679	0.0461235
197000	-284.4112	-281.2177	-3.193447	0.6957058	0.000688521	0.281528	0.289191	0.428593	0.04304174
197200	-284.0156	-282.3286	-1.687014	0.5261113	0.0175841	0.0102509	0.220193	0.751972	0.05998424
197400	-286.5364	-281.4875	-5.048943	0.768027	0.0495243	0.00118628	0.171867	0.777422	0.1521462
197600	-285.6991	-282.1377	-3.561332	0.6740902	0.0342553	0.243345	0.621808	0.100591	0.09930175
197800	-285.2225	-280.7187	-4.503761	0.6354792	0.00910455	0.13352	0.178222	0.679154	0.2240663
198000	-285.5793	-281.4889	-4.090402	0.8111134	0.0160751	0.387155	0.388697	0.208073	0.01777426
198200	-286.2451	-283.2249	-3.020189	0.5635053	0.00615963	0.220095	0.582722	0.191024	0.1546691
198400	-285.6076	-282.046	-3.561593	0.7746089	0.0485678	0.583823	0.213634	0.153976	0.001481115
198600	-284.9776	-283.4969	-1.480724	0.5155998	0.0588899	0.0700403	0.346051	0.525019	0.04923625
198800	-286.9373	-280.5639	-6.373422	0.6093526	0.000640593	0.0372045	0.907883	0.0542721	0.4252087
199000	-287.2384	-282.4467	-4.791651	0.8401149	0.0724387	0.310936	0.192479	0.424146	0.05760507
199200	-287.3044	-284.687	-2.617462	0.6644209	0.0168136	0.231316	0.674921	0.0769496	0.01673354
199400	-289.6502	-283.9318	-5.718414	0.6205927	0.0297563	0.699832	0.191856	0.0785558	0.3503205
199600	-289.6166	-287.1374	-2.479135	0.6595586	0.19352	0.0487233	0.0902547	0.667502	0.008053934
199800	-284.6336	-281.8025	-2.831102	0.7005532	0.0212486	0.327349	0.310039	0.341363	0.002408065
200000	-284.2249	-282.1781	-2.046785	0.5693449	0.0160155	0.318525	0.067094	0.598365	0.0530231
