Iteration	Posterior	Likelihood	Prior	branch_rates	speciation_rate
0	-331.0187	-311.1895	-19.82924	2.076731	0.1418647
200	-332.2355	-307.8476	-24.38787	2.584624	0.09278799
400	-333.6082	-317.3394	-16.26879	1.694458	0.1652409
600	-331.8118	-315.6396	-16.1722	1.749685	0.1041108
800	-331.6627	-311.5244	-20.13831	2.171005	0.08275883
1000	-331.4166	-313.1531	-18.26351	1.988281	0.0754689
1200	-330.5638	-310.7652	-19.7986	2.212123	0.008153436
1400	-331.2954	-314.1	-17.19546	1.94737	0.0126375
1600	-331.4069	-308.7261	-22.68081	2.496774	0.01218468
1800	-331.4652	-315.5278	-15.93736	1.8063	0.0271537
2000	-330.9091	-310.4149	-20.49419	2.183447	0.1029285
2200	-336.7134	-318.7401	-17.97327	1.874606	0.1596586
2400	-333.7786	-308.7787	-24.99987	2.681182	0.05775122
2600	-331.5252	-308.6455	-22.87972	2.516705	0.01168469
2800	-331.0694	-311.4503	-19.61915	2.175073	0.02632568
3000	-332.5237	-308.5877	-23.93602	2.366237	0.2626265
3200	-331.8675	-311.8231	-20.04439	2.12801	0.1150071
3400	-330.075	-311.3485	-18.72656	2.072724	0.03990541
3600	-330.6437	-310.983	-19.66065	2.16457	0.0405274
3800	-331.5017	-310.8432	-20.6585	2.193004	0.1109142
4000	-332.2535	-317.3111	-14.94245	1.670724	0.06243187
4200	-330.8386	-310.3794	-20.45918	2.221154	0.06511204
4400	-330.0369	-313.0007	-17.03617	1.942793	0.001549233
4600	-331.003	-314.0925	-16.91055	1.875663	0.05414929
4800	-334.142	-311.2036	-22.93834	2.138858	0.381973
5000	-330.9766	-309.432	-21.54461	2.322501	0.07238006
5200	-338.0882	-314.1451	-23.94308	2.297627	0.3338282
5400	-330.4369	-313.7776	-16.65933	1.882468	0.02321142
5600	-332.8941	-317.1132	-15.78096	1.703626	0.1126299
5800	-333.008	-309.5863	-23.42166	2.252813	0.3212054
6000	-331.7166	-310.4652	-21.25145	2.326432	0.03836922
6200	-330.9971	-310.7034	-20.29371	2.229189	0.0400117
6400	-331.8908	-308.5732	-23.31757	2.474854	0.09520538
6600	-331.4416	-309.757	-21.68462	2.264444	0.140026
6800	-333.2469	-311.8433	-21.40361	2.132249	0.2402677
7000	-332.664	-310.5108	-22.15315	2.407457	0.04630734
7200	-331.0531	-310.5641	-20.48905	2.286009	0.003673883
7400	-330.0284	-312.9123	-17.11609	1.932866	0.01883346
7600	-330.5372	-309.7975	-20.73966	2.310362	0.004297211
7800	-332.8924	-311.4968	-21.39552	2.139179	0.2324566
8000	-331.9377	-311.19	-20.74771	2.239237	0.07598905
8200	-332.2488	-309.0715	-23.17731	2.410184	0.1441033
8400	-329.5572	-310.3494	-19.20774	2.156108	0.005332706
8600	-330.0038	-309.6125	-20.3913	2.23436	0.04412006
8800	-330.3737	-312.3702	-18.00349	1.98008	0.05959624
9000	-330.9451	-311.0516	-19.89347	2.133724	0.09283345
9200	-334.4131	-307.3132	-27.09985	2.775012	0.1698817
9400	-335.3503	-314.7012	-20.64909	1.886682	0.4031941
9600	-333.5948	-311.62	-21.97485	2.04998	0.3777466
9800	-331.0822	-308.0564	-23.02583	2.441994	0.0996276
10000	-330.6498	-312.436	-18.21379	1.967776	0.09137987
10200	-333.5592	-306.0181	-27.54111	2.856572	0.1370533
10400	-331.0965	-313.9818	-17.11464	1.883944	0.06596391
10600	-330.6386	-314.8897	-15.74893	1.79874	0.01624841
10800	-332.5389	-310.79	-21.74897	2.257377	0.1529049
11000	-331.1204	-315.4832	-15.63717	1.78015	0.02361024
11200	-331.3847	-312.1515	-19.23321	2.088973	0.07240181
11400	-331.5867	-312.4978	-19.08888	1.994145	0.149595
11600	-333.8304	-315.7728	-18.05761	2.006376	0.03814857
11800	-329.808	-309.4031	-20.4049	2.251425	0.02890561
12000	-330.6247	-313.3528	-17.2719	1.940802	0.02649407
12200	-334.0647	-307.2026	-26.86214	2.737914	0.1853588
12400	-331.797	-313.9889	-17.80812	2.011226	0.0102041
12600	-332.2416	-310.8445	-21.39703	2.25814	0.1218784
12800	-331.7738	-308.3327	-23.44115	2.403588	0.1774156
13000	-333.4773	-307.0253	-26.45199	2.872657	0.01316441
13200	-331.6722	-310.9614	-20.71078	2.147603	0.1597132
13400	-332.3001	-313.5393	-18.76082	2.094745	0.02130178
13600	-335.2888	-308.1605	-27.12823	2.778956	0.1711009
13800	-330.9051	-313.7193	-17.18582	1.882235	0.07445338
14000	-333.592	-316.6029	-16.98912	1.858607	0.07892035
14200	-332.4472	-309.3182	-23.12897	2.545541	0.008183748
14400	-329.9865	-311.6396	-18.34686	2.035781	0.03869745
14600	-331.5017	-308.3273	-23.17439	2.434002	0.1210803
14800	-329.828	-309.5549	-20.27318	2.247383	0.02004395
15000	-331.7191	-310.5623	-21.15677	2.293935	0.0607536
15200	-332.0604	-306.5979	-25.46246	2.717331	0.06855456
15400	-333.1931	-316.3074	-16.88568	1.744664	0.1807639
15600	-330.6305	-309.5192	-21.11133	2.304941	0.04624347
15800	-331.7812	-314.6895	-17.09173	1.810312	0.1338799
16000	-331.369	-313.9598	-17.40919	1.870777	0.1080885
16200	-330.09	-309.9637	-20.12635	2.250849	0.002515614
16400	-331.9173	-311.5234	-20.39391	2.274966	0.005031299
16600	-330.496	-309.6249	-20.87104	2.315957	0.0118483
16800	-330.884	-309.0893	-21.79462	2.390318	0.02879221
17000	-333.3696	-310.2688	-23.1008	2.459063	0.09113699
17200	-330.7843	-311.1153	-19.66903	2.166243	0.04140509
17400	-330.7683	-307.744	-23.02429	2.499548	0.04232289
17600	-332.7715	-311.7039	-21.06756	2.265635	0.07771204
17800	-333.4018	-314.9814	-18.42042	1.935481	0.1418132
18000	-330.9034	-312.9073	-17.99617	1.973164	0.06437962
18200	-330.1215	-310.1371	-19.98443	2.185189	0.05219782
18400	-331.817	-311.0112	-20.80579	2.186138	0.1351985
18600	-333.1474	-313.2477	-19.89974	2.200675	0.02836791
18800	-334.6377	-319.0274	-15.61025	1.721794	0.07591836
19000	-333.3445	-310.2588	-23.08566	2.409724	0.1380764
19200	-331.1999	-314.3412	-16.85863	1.926438	0.000209937
19400	-332.201	-309.6185	-22.58242	2.315831	0.1797082
19600	-331.9482	-308.1085	-23.83974	2.53661	0.08484543
19800	-330.6829	-310.5407	-20.1422	2.188204	0.06494503
20000	-330.1626	-308.665	-21.49753	2.361515	0.02811875
20200	-333.6925	-313.7893	-19.90318	2.16387	0.06324332
20400	-329.8458	-310.7897	-19.05609	2.140443	0.005825467
20600	-330.7663	-313.0615	-17.70473	1.919289	0.08882522
20800	-330.6087	-311.9318	-18.67688	2.020456	0.08600724
21000	-330.1298	-310.4182	-19.71159	2.157221	0.05300673
21200	-330.4112	-312.375	-18.03623	1.978706	0.06399954
21400	-331.6845	-306.5166	-25.1679	2.75649	0.001072527
21600	-332.8297	-315.7476	-17.08215	1.764802	0.1752473
21800	-330.3741	-309.0252	-21.34894	2.297701	0.07562855
22000	-334.6598	-311.6011	-23.05866	2.121304	0.4221585
22200	-333.8407	-318.345	-15.49568	1.678667	0.1076721
22400	-330.9961	-309.0398	-21.95635	2.367216	0.06906715
22600	-329.9569	-308.5458	-21.41114	2.370296	0.01139622
22800	-330.8823	-307.2287	-23.65355	2.57976	0.02583026
23000	-332.5662	-308.8818	-23.68437	2.341428	0.258097
23200	-333.4822	-310.7869	-22.69522	2.461631	0.04925436
23400	-330.9363	-310.1784	-20.75785	2.306727	0.009430082
23600	-332.9814	-314.8806	-18.1008	1.917018	0.1303189
23800	-330.5373	-312.7977	-17.73953	1.989405	0.02426019
24000	-330.8331	-312.2086	-18.62454	2.097523	0.005582499
24200	-331.1404	-312.9929	-18.14751	1.953773	0.09813368
24400	-332.5403	-313.6825	-18.85781	1.937522	0.1870032
24600	-331.641	-312.2422	-19.39881	1.982158	0.1909005
24800	-332.6585	-317.8985	-14.75998	1.641254	0.07218652
25000	-331.8643	-310.6938	-21.17054	2.246577	0.1112037
25200	-330.5656	-309.6139	-20.95174	2.237365	0.09545967
25400	-331.4573	-307.0617	-24.39555	2.619151	0.06028162
25600	-330.7419	-311.9921	-18.74979	2.00451	0.1070585
25800	-331.0758	-313.6439	-17.43192	1.917995	0.06323246
26000	-333.3363	-310.2766	-23.05975	2.515644	0.03007247
26200	-331.4465	-311.039	-20.40753	2.221139	0.05924149
26400	-329.953	-310.1532	-19.79985	2.214637	0.005989223
26600	-332.7055	-311.9549	-20.75059	2.152357	0.1592869
26800	-331.8699	-310.4887	-21.38111	2.30184	0.07536966
27000	-331.9026	-306.705	-25.1976	2.676459	0.08254614
27200	-330.9575	-312.3445	-18.61306	2.012234	0.08724732
27400	-334.7479	-311.6757	-23.07222	2.48196	0.06361455
27600	-332.3725	-310.1412	-22.23123	2.30947	0.1502676
27800	-331.4933	-314.0778	-17.41549	1.877472	0.1030429
28000	-333.707	-312.0934	-21.61352	2.141846	0.2565797
28200	-331.8858	-311.6209	-20.26494	2.071313	0.1883762
28400	-331.3696	-312.0006	-19.36906	2.124839	0.0529506
28600	-331.5713	-308.7993	-22.77195	2.348492	0.1661408
28800	-330.3464	-311.7709	-18.5755	2.052261	0.04543011
29000	-330.0652	-308.639	-21.42626	2.382561	0.0008323956
29200	-330.6582	-312.9031	-17.75509	1.984718	0.03017285
29400	-331.692	-311.6612	-20.03075	2.203047	0.03958067
29600	-337.1227	-318.8935	-18.2292	2.042487	0.0204144
29800	-332.3937	-311.8886	-20.50506	2.168243	0.1205015
30000	-329.7537	-310.6295	-19.12418	2.13981	0.01298971
30200	-332.6221	-317.0864	-15.53565	1.770799	0.02231475
30400	-332.7998	-311.4957	-21.30406	2.279557	0.08973913
30600	-332.198	-312.5412	-19.65686	2.137574	0.0676178
30800	-329.9275	-312.2071	-17.72032	2.007481	0.005167013
31000	-329.7655	-310.1075	-19.658	2.175337	0.0302574
31200	-330.8787	-310.835	-20.04375	2.200715	0.04326985
31400	-331.4138	-313.9121	-17.50179	1.92318	0.06504561
31600	-330.961	-311.0785	-19.88251	2.117742	0.1090706
31800	-331.4935	-309.9666	-21.52693	2.355695	0.03802219
32000	-333.0197	-313.0486	-19.97108	2.146222	0.08875793
32200	-330.5902	-313.3107	-17.27947	1.932838	0.03535828
32400	-330.4127	-310.0288	-20.38393	2.237152	0.04161339
32600	-332.6692	-309.1262	-23.543	2.548839	0.04549652
32800	-330.4084	-309.2815	-21.12696	2.284956	0.06685054
33000	-330.6349	-307.8438	-22.79115	2.497864	0.02134887
33200	-330.8115	-311.1904	-19.62111	2.126961	0.0736978
33400	-331.6007	-308.999	-22.60172	2.365031	0.1350143
33600	-330.7959	-309.5702	-21.22576	2.237951	0.1223069
33800	-329.8528	-310.689	-19.16386	2.142421	0.01435315
34000	-332.6223	-306.5133	-26.10895	2.773838	0.07566329
34200	-331.8167	-316.4074	-15.40929	1.742376	0.03840492
34400	-331.3096	-310.6096	-20.70004	2.300273	0.0105964
34600	-331.8907	-317.5311	-14.35961	1.651119	0.02471911
34800	-330.3213	-310.2145	-20.10675	2.209163	0.04159209
35000	-330.7347	-313.3034	-17.43134	1.933803	0.04790522
35200	-331.5283	-309.4481	-22.08024	2.258898	0.1860671
35400	-333.0217	-313.7435	-19.27814	2.01924	0.1465761
35600	-333.3133	-310.2336	-23.07974	2.275763	0.2639844
35800	-332.2552	-311.4989	-20.75628	2.181908	0.1287976
36000	-333.2104	-315.6863	-17.52413	1.935291	0.05719196
36200	-332.5646	-309.5634	-23.00117	2.486264	0.05370432
36400	-333.0804	-314.2867	-18.79374	2.093865	0.02605334
36600	-332.9787	-308.6176	-24.36109	2.397792	0.276852
36800	-331.5019	-314.3882	-17.11367	1.857689	0.09035585
37000	-331.4874	-308.127	-23.36043	2.576397	0.0004338152
37200	-331.5732	-307.6312	-23.942	2.529488	0.1025721
37400	-335.9064	-315.4088	-20.49755	2.159406	0.1263944
37600	-331.4453	-308.5768	-22.86848	2.409584	0.116044
37800	-330.1771	-310.7698	-19.40727	2.122869	0.05691282
38000	-330.8605	-312.1607	-18.69989	2.098959	0.01126341
38200	-330.522	-309.995	-20.527	2.249791	0.0423209
38400	-331.9842	-310.1773	-21.8069	2.320816	0.09961407
38600	-332.6951	-308.7541	-23.94096	2.420173	0.206326
38800	-329.7308	-310.2685	-19.4623	2.172963	0.01360088
39000	-331.4811	-313.0699	-18.41125	2.050622	0.0313667
39200	-329.802	-311.3807	-18.42134	2.077715	0.005134068
39400	-331.6793	-309.3524	-22.32688	2.303363	0.1684452
39600	-332.8671	-314.9954	-17.87173	1.958478	0.06624145
39800	-335.8655	-307.1622	-28.70336	2.941323	0.1677913
40000	-331.6083	-309.8232	-21.78513	2.293852	0.1222132
40200	-330.2914	-312.2329	-18.05848	1.999404	0.04559974
40400	-331.3954	-308.1741	-23.22132	2.449307	0.1104529
40600	-333.7959	-314.8185	-18.97736	2.001539	0.1383156
40800	-330.5881	-308.3063	-22.28174	2.430272	0.0376844
41000	-330.8356	-312.7733	-18.06235	1.979016	0.06620926
41200	-333.5092	-309.9188	-23.59045	2.383199	0.209131
41400	-332.0184	-314.8479	-17.17056	1.917927	0.03889112
41600	-331.4274	-309.4745	-21.95287	2.347324	0.08805454
41800	-330.9575	-313.0345	-17.92294	2.014783	0.01820369
42000	-332.2254	-308.6142	-23.61116	2.357267	0.2362219
42200	-331.972	-308.9855	-22.98645	2.383921	0.1538283
42400	-335.0477	-312.423	-22.62462	2.263738	0.2272426
42600	-329.7885	-312.4347	-17.35375	1.970905	0.005117171
42800	-331.0463	-312.6407	-18.40555	2.045383	0.0350611
43000	-333.756	-315.5354	-18.22065	1.791198	0.2592245
43200	-333.8679	-307.0076	-26.86029	2.692394	0.2329236
43400	-334.7014	-310.53	-24.17144	2.489849	0.1718338
43600	-331.1279	-309.4257	-21.70224	2.407077	0.003788464
43800	-329.5323	-311.409	-18.12327	2.048265	0.004685437
44000	-332.2324	-307.302	-24.93041	2.657393	0.07446405
44200	-334.6178	-307.5174	-27.1004	2.667682	0.2806041
44400	-330.1246	-311.8632	-18.2614	2.022215	0.04310634
44600	-334.3425	-314.0351	-20.30734	2.237262	0.03505063
44800	-333.9182	-310.4646	-23.45358	2.245689	0.3393353
45000	-330.7406	-310.4981	-20.24256	2.137122	0.124371
45200	-332.368	-309.2487	-23.11926	2.344867	0.2008725
45400	-331.8489	-312.7575	-19.09144	1.949728	0.1921652
45600	-333.0465	-309.6558	-23.39076	2.500283	0.07856991
45800	-331.8508	-307.8275	-24.02331	2.56986	0.07095227
46000	-332.0736	-310.294	-21.77963	2.417812	0.0009267315
46200	-331.4509	-309.506	-21.94494	2.322648	0.1096721
46400	-332.513	-318.8544	-13.65861	1.595395	0.01073797
46600	-337.009	-312.6343	-24.37471	2.616431	0.05805591
46800	-332.4997	-311.7038	-20.79589	2.143831	0.1753597
47000	-331.3954	-309.9943	-21.40102	2.232583	0.1458437
47200	-332.6027	-312.4306	-20.17209	2.002913	0.2509382
47400	-333.9	-309.9018	-23.99826	2.208358	0.4171634
47600	-330.1144	-308.8808	-21.23359	2.339267	0.02455997
47800	-331.0828	-311.1507	-19.93203	2.189653	0.04404333
48000	-330.8689	-310.3704	-20.49844	2.202119	0.0855599
48200	-331.0914	-313.311	-17.7804	1.925661	0.09110127
48400	-331.1981	-311.2334	-19.96463	2.146275	0.08873639
48600	-330.4066	-310.8594	-19.54725	2.126247	0.06800558
48800	-331.985	-313.0909	-18.8941	1.927383	0.1967478
49000	-331.9141	-315.1675	-16.74661	1.875327	0.03908077
49200	-333.0359	-306.8763	-26.15954	2.839729	0.01661811
49400	-331.7581	-308.0262	-23.73189	2.447093	0.163604
49600	-332.4908	-309.7766	-22.71414	2.476277	0.03430463
49800	-330.8985	-311.237	-19.66155	2.083644	0.1197721
50000	-329.8378	-309.9699	-19.86794	2.21961	0.007878741
50200	-330.0111	-312.4382	-17.57294	1.996487	0.001552574
50400	-332.2377	-309.5727	-22.66501	2.413235	0.09497232
50600	-330.1023	-311.5005	-18.60186	2.061839	0.03845306
50800	-332.7928	-306.6877	-26.10506	2.808364	0.04186672
51000	-333.4982	-310.6695	-22.82867	2.185905	0.3284267
51200	-330.6209	-313.4725	-17.14842	1.901518	0.05284532
51400	-330.1195	-310.2909	-19.82863	2.205723	0.01733867
51600	-332.4161	-313.6861	-18.73	2.034987	0.07743754
51800	-331.6009	-312.0747	-19.52625	2.072088	0.1157116
52000	-330.432	-313.0787	-17.35331	1.927049	0.04749581
52200	-330.3623	-309.5152	-20.84708	2.24236	0.08049
52400	-332.7291	-315.928	-16.80107	1.771104	0.1444047
52600	-334.9378	-315.2952	-19.64263	2.184345	0.01997051
52800	-335.0763	-309.0366	-26.03972	2.757071	0.0864245
53000	-330.0498	-308.3606	-21.68925	2.400751	0.008779694
53200	-332.5994	-313.7111	-18.88833	1.998143	0.1267353
53400	-331.4508	-315.0113	-16.43952	1.854852	0.02881438
53600	-330.5166	-311.7304	-18.7862	2.095982	0.02321375
53800	-330.4037	-308.6015	-21.80214	2.412832	0.008151826
54000	-329.7475	-311.5186	-18.22899	2.047395	0.01565492
54200	-334.0643	-316.8368	-17.2275	1.924181	0.03802692
54400	-332.6621	-311.2669	-21.39527	2.126946	0.2487149
54600	-330.6451	-312.542	-18.10308	2.032033	0.01853624
54800	-334.4042	-312.4919	-21.91233	2.260642	0.1701968
55000	-335.0574	-305.9234	-29.13393	2.957841	0.1961172
55200	-331.8117	-312.7608	-19.05088	1.975935	0.1653284
55400	-330.8941	-307.5909	-23.3032	2.552298	0.01874606
55600	-331.5391	-313.5344	-18.00471	2.020922	0.01947946
55800	-331.2797	-308.4981	-22.7816	2.501744	0.01734205
56000	-332.3601	-313.861	-18.49912	2.01734	0.07202275
56200	-330.7664	-309.1603	-21.6061	2.372971	0.02766304
56400	-332.5511	-309.4981	-23.05294	2.330354	0.2135862
56600	-332.007	-313.9992	-18.00784	1.860434	0.1739713
56800	-335.1843	-318.0768	-17.1075	1.637763	0.2979977
57000	-332.2238	-314.4527	-17.77116	1.825965	0.1843213
57200	-332.8845	-310.4688	-22.41561	2.344006	0.1396464
57400	-329.947	-310.4151	-19.53192	2.173763	0.01996881
57600	-334.1693	-315.419	-18.75031	1.965967	0.1457142
57800	-332.5481	-306.2661	-26.28195	2.77461	0.09222827
58000	-331.5261	-306.4766	-25.04958	2.724845	0.02055674
58200	-330.6119	-308.2457	-22.3662	2.422967	0.05293224
58400	-332.046	-314.5666	-17.47943	1.918746	0.06835499
58600	-330.5822	-310.9036	-19.67864	2.201533	0.006837517
58800	-332.583	-306.7668	-25.81623	2.718261	0.1026635
59000	-333.2899	-310.8609	-22.42904	2.378328	0.1017947
59200	-330.6219	-312.1605	-18.46141	1.997538	0.08683897
59400	-333.7946	-305.944	-27.85065	3.021916	0.004003079
59600	-333.2928	-315.2435	-18.04932	1.961189	0.08136203
59800	-334.7858	-311.5823	-23.20347	2.230413	0.3264161
60000	-330.5707	-311.7388	-18.83186	2.076003	0.0463598
60200	-332.7869	-317.5608	-15.22608	1.660698	0.09946249
60400	-333.6606	-312.9025	-20.7581	2.151816	0.1627706
60600	-331.1377	-308.5878	-22.54984	2.356215	0.1355722
60800	-332.2161	-316.6497	-15.56637	1.772346	0.02393367
61000	-332.0732	-307.956	-24.11723	2.579127	0.07173901
61200	-331.589	-308.9303	-22.65869	2.490958	0.01586931
61400	-331.9063	-317.4186	-14.48772	1.662193	0.02652882
61600	-331.4679	-311.2122	-20.25572	2.244656	0.02178372
61800	-331.8862	-309.3478	-22.53836	2.400445	0.09429984
62000	-333.1701	-309.0516	-24.11852	2.437402	0.2157755
62200	-332.0846	-312.7082	-19.37638	2.106673	0.06867333
62400	-331.3473	-311.0523	-20.295	2.183476	0.08476277
62600	-330.817	-313.5574	-17.25961	1.952348	0.01425925
62800	-331.0654	-308.4793	-22.58611	2.463037	0.03578641
63000	-332.6087	-314.3776	-18.23113	1.831698	0.2222192
63200	-331.3641	-313.673	-17.69113	1.943358	0.06481444
63400	-330.4492	-313.2772	-17.17206	1.911052	0.04567912
63600	-332.3175	-311.397	-20.92043	2.247855	0.08255408
63800	-332.4191	-307.7555	-24.6635	2.601456	0.1032718
64000	-331.2205	-310.6652	-20.55532	2.288148	0.008049911
64200	-339.1793	-310.5972	-28.5821	3.0907	0.008160615
64400	-332.7456	-310.2851	-22.46056	2.351977	0.1318607
64600	-332.0816	-311.9411	-20.1405	2.144909	0.107636
64800	-329.9224	-312.3851	-17.53726	1.983421	0.01073106
65000	-331.7105	-311.626	-20.08444	2.179715	0.0679467
65200	-331.1575	-314.0041	-17.15345	1.877514	0.07715046
65400	-330.0147	-312.7567	-17.25807	1.957517	0.008893035
65600	-333.4885	-307.2561	-26.23239	2.597242	0.2599501
65800	-333.2632	-306.9159	-26.34727	2.636135	0.2339641
66000	-330.5126	-308.7805	-21.73218	2.412224	0.001745423
66200	-332.06	-314.3397	-17.72033	1.944041	0.06712425
66400	-331.0514	-312.1949	-18.8565	2.058409	0.06522489
66600	-330.8864	-310.2043	-20.68216	2.295103	0.01397528
66800	-332.2005	-313.3287	-18.87174	1.97792	0.1436053
67000	-331.7121	-308.2622	-23.44989	2.502583	0.08326
67200	-332.6396	-315.2644	-17.37515	1.812462	0.1579191
67400	-330.1326	-311.3942	-18.73842	2.053144	0.05977686
67600	-332.7071	-307.8403	-24.86681	2.478878	0.2411102
67800	-330.6208	-308.2847	-22.33611	2.402193	0.07056979
68000	-332.3868	-308.358	-24.02884	2.45346	0.1830531
68200	-332.2087	-312.8798	-19.32892	1.981375	0.1888721
68400	-330.007	-312.3362	-17.67075	1.992306	0.01526924
68600	-336.5564	-307.7732	-28.78325	2.564934	0.5391287
68800	-333.2601	-310.6811	-22.57903	2.182378	0.3096427
69000	-330.4171	-309.1716	-21.24553	2.313496	0.05122712
69200	-332.9232	-310.2779	-22.64525	2.298175	0.2038483
69400	-331.3457	-313.0766	-18.26917	1.98436	0.08099461
69600	-331.3804	-310.3855	-20.99491	2.153909	0.1794255
69800	-331.1023	-310.9869	-20.11537	2.137567	0.111528
70000	-330.4178	-309.1989	-21.21896	2.318517	0.04252867
70200	-334.3552	-311.1272	-23.22808	2.158962	0.3923715
70400	-333.4989	-314.7579	-18.741	2.020837	0.09027198
70600	-330.1071	-310.1694	-19.9377	2.212168	0.02189987
70800	-330.5564	-310.1018	-20.45461	2.22339	0.06222406
71000	-330.8707	-313.6631	-17.20755	1.891442	0.06850543
71200	-331.5197	-311.6551	-19.86461	2.038321	0.1823923
71400	-330.4857	-311.4404	-19.04528	2.084802	0.0582153
71600	-332.9777	-311.8676	-21.11009	2.143391	0.205252
71800	-332.0401	-312.5435	-19.49655	2.155483	0.03387631
72000	-331.4531	-314.8614	-16.59167	1.844886	0.05353017
72200	-332.708	-312.9226	-19.78532	2.066003	0.1455598
72400	-332.7017	-314.1836	-18.51807	2.06362	0.02839724
72600	-333.2727	-309.0601	-24.2126	2.54379	0.1161311
72800	-331.0798	-310.4361	-20.64366	2.205274	0.09598776
73000	-333.8478	-311.8293	-22.01844	2.326144	0.1102553
73200	-331.4088	-309.8715	-21.53735	2.295381	0.09673331
73400	-333.8048	-308.3529	-25.45197	2.677039	0.1088932
73600	-333.5877	-314.7536	-18.8341	1.956929	0.1611921
73800	-335.4536	-318.7122	-16.74137	1.81926	0.08865369
74000	-331.389	-313.7935	-17.59556	1.995647	0.004495698
74200	-329.944	-311.4122	-18.53178	2.086499	0.007253414
74400	-332.9074	-313.6451	-19.26223	1.919766	0.2373081
74600	-330.5965	-309.1524	-21.44411	2.323205	0.06055236
74800	-330.8931	-313.7723	-17.12083	1.880977	0.07014832
75000	-333.2098	-309.7268	-23.48301	2.301364	0.2798
75200	-330.6267	-307.8872	-22.73946	2.484592	0.0291889
75400	-333.2903	-309.2859	-24.00447	2.325056	0.3071233
75600	-333.8911	-309.1101	-24.781	2.483934	0.2350292
75800	-330.3059	-308.5853	-21.72052	2.370572	0.0410272
76000	-337.1999	-310.9127	-26.28718	2.660184	0.2030158
76200	-330.9567	-311.3662	-19.59056	2.176361	0.02256924
76400	-332.4108	-307.4479	-24.96282	2.718603	0.01780771
76600	-330.795	-307.905	-22.89003	2.517674	0.01188597
76800	-334.3473	-312.3637	-21.9836	1.994929	0.4309761
77000	-332.8582	-312.5026	-20.3556	2.124571	0.1491718
77200	-334.4023	-308.1284	-26.27386	2.426359	0.431662
77400	-332.2455	-312.4223	-19.82322	2.053231	0.1685417
77600	-334.5124	-309.2333	-25.27911	2.436733	0.3262324
77800	-332.2371	-308.0061	-24.23106	2.522016	0.1381791
78000	-333.3501	-318.4296	-14.92046	1.609373	0.1184312
78200	-335.4609	-309.3081	-26.15281	2.483119	0.3677049
78400	-332.8191	-310.4623	-22.3568	2.36183	0.1102402
78600	-332.0203	-307.0397	-24.98062	2.620105	0.1153146
78800	-332.5438	-311.0372	-21.50665	2.171641	0.2186487
79000	-329.9019	-308.3375	-21.56431	2.392537	0.004579555
79200	-330.4599	-310.1338	-20.32613	2.19889	0.07190614
79400	-330.8227	-313.9654	-16.85726	1.882047	0.04303768
79600	-333.5995	-311.0609	-22.53868	2.406167	0.08876944
79800	-331.5085	-307.9545	-23.554	2.514185	0.07900171
80000	-330.0489	-311.9489	-18.09995	2.032484	0.01790284
80200	-331.2123	-308.7368	-22.47553	2.360192	0.1241543
80400	-332.3907	-318.8584	-13.5323	1.585809	0.007884171
80600	-333.3848	-315.2676	-18.11717	2.035826	0.01683181
80800	-331.8454	-311.9923	-19.85312	2.082392	0.1430869
81000	-331.0944	-314.2225	-16.8719	1.834643	0.08961181
81200	-331.1223	-311.7434	-19.37896	2.159115	0.0191332
81400	-330.6096	-310.6369	-19.97268	2.119323	0.1146271
81600	-333.9755	-315.196	-18.77946	2.002758	0.1087415
81800	-332.5648	-313.8177	-18.74711	2.06236	0.05213202
82000	-330.9953	-310.3433	-20.65203	2.268923	0.03685658
82200	-332.5304	-316.0154	-16.51499	1.768348	0.1201523
82400	-333.5213	-313.9475	-19.57375	1.980241	0.2088856
82600	-334.0345	-314.4041	-19.63045	2.01818	0.1767374
82800	-333.9175	-316.4493	-17.46826	1.76037	0.219304
83000	-330.6891	-310.0613	-20.62784	2.300863	0.002622166
83200	-331.8837	-308.1361	-23.74751	2.578624	0.03659802
83400	-330.1155	-311.0323	-19.08318	2.121653	0.02689987
83600	-329.8401	-310.5017	-19.33845	2.158071	0.0162935
83800	-332.1395	-314.2682	-17.87127	2.000576	0.02679678
84000	-332.2083	-312.532	-19.67632	2.18133	0.02604118
84200	-331.257	-310.5559	-20.70107	2.296826	0.01407504
84400	-332.4614	-313.7546	-18.70681	1.989938	0.1213398
84600	-331.4916	-308.9055	-22.5861	2.324057	0.170981
84800	-330.0433	-310.467	-19.57626	2.171583	0.02593048
85000	-332.3749	-311.6137	-20.76127	2.215907	0.1008818
85200	-330.8508	-312.0529	-18.79796	2.053279	0.06537951
85400	-331.4545	-311.032	-20.42246	2.128676	0.1498415
85600	-331.7476	-313.3407	-18.40688	1.915446	0.1611247
85800	-333.4792	-315.8442	-17.63499	1.963906	0.03972092
86000	-330.9879	-310.8626	-20.12536	2.098102	0.149922
86200	-330.1129	-309.1517	-20.96122	2.301682	0.0346219
86400	-332.931	-315.2616	-17.66941	1.94383	0.06104131
86600	-330.0518	-312.3314	-17.72039	1.983217	0.02893007
86800	-332.4432	-316.8346	-15.60863	1.780154	0.02116475
87000	-330.739	-314.6281	-16.11094	1.819612	0.03139006
87200	-333.6635	-313.5961	-20.06745	2.167863	0.07669455
87400	-331.159	-307.2293	-23.92979	2.579124	0.0534065
87600	-332.4789	-310.2385	-22.24037	2.405252	0.05747572
87800	-331.8956	-308.7664	-23.12923	2.543687	0.009860721
88000	-331.6342	-309.5477	-22.08657	2.328584	0.1171455
88200	-332.707	-308.3801	-24.32688	2.524825	0.1429085
88400	-330.6824	-309.9393	-20.74303	2.298333	0.01627761
88600	-330.4333	-312.5466	-17.88664	2.027525	0.001897769
88800	-331.2579	-311.3858	-19.87214	2.19695	0.03034812
89000	-331.5203	-308.5744	-22.94591	2.502259	0.03226089
89200	-331.6788	-313.1639	-18.51486	1.91821	0.1692699
89400	-335.8865	-318.2944	-17.59219	1.90701	0.0864987
89600	-331.5104	-313.2181	-18.29239	1.973037	0.09547415
89800	-330.0249	-312.2695	-17.75537	1.98618	0.02941158
90000	-331.2517	-308.0519	-23.19975	2.468063	0.09040344
90200	-334.8929	-316.1132	-18.77968	1.958871	0.1494428
90400	-331.5078	-312.9848	-18.52307	2.062414	0.03053676
90600	-332.6431	-306.6055	-26.0376	2.757357	0.08483117
90800	-330.3836	-308.6265	-21.75718	2.381433	0.03408657
91000	-333.818	-319.4322	-14.38576	1.618183	0.05782286
91200	-332.3417	-317.1187	-15.22305	1.718095	0.04357047
91400	-332.6482	-308.6804	-23.9678	2.432215	0.2032945
91600	-334.8124	-319.3698	-15.4426	1.64161	0.1393743
91800	-331.1011	-310.5258	-20.57529	2.194057	0.1007231
92000	-330.0672	-312.6228	-17.4444	1.959669	0.02480477
92200	-334.7615	-309.0645	-25.697	2.728962	0.07938519
92400	-331.6386	-310.8706	-20.76809	2.22209	0.09532776
92600	-331.3775	-307.3449	-24.03255	2.568928	0.07297109
92800	-331.2449	-310.2264	-21.01847	2.289157	0.05272069
93000	-333.4828	-312.549	-20.93381	2.294522	0.03763681
93200	-334.0239	-309.9593	-24.06454	2.446482	0.1986182
93400	-330.9178	-309.5644	-21.3534	2.305713	0.06819502
93600	-331.4827	-312.2604	-19.22234	1.997157	0.1618912
93800	-330.082	-311.005	-19.07697	2.115663	0.03153783
94000	-330.2681	-308.7727	-21.49538	2.3624	0.02745466
94200	-331.7999	-313.5212	-18.27871	2.037167	0.03082626
94400	-331.7788	-315.0342	-16.74463	1.873575	0.03946496
94600	-332.8465	-315.4618	-17.38469	1.861729	0.111292
94800	-332.4166	-311.4682	-20.94839	2.292099	0.0425706
95000	-331.2318	-307.3054	-23.92644	2.613902	0.01952149
95200	-331.4782	-312.1448	-19.3334	2.167023	0.00700764
95400	-331.2761	-308.1939	-23.08225	2.530299	0.01850991
95600	-334.3646	-309.5762	-24.78842	2.236144	0.4658574
95800	-333.2479	-308.7405	-24.50735	2.463509	0.2185509
96000	-332.266	-311.1024	-21.16355	2.111271	0.2391366
96200	-333.3553	-314.5969	-18.75842	1.936026	0.1805347
96400	-330.2941	-309.4849	-20.80919	2.26356	0.05718251
96600	-331.1981	-314.8825	-16.31559	1.811761	0.05791134
96800	-334.1793	-307.1214	-27.05791	2.880464	0.06427864
97000	-337.7533	-307.0543	-30.69907	2.658295	0.6332726
97200	-332.0186	-311.4029	-20.61572	2.090312	0.2035713
97400	-336.3457	-315.3834	-20.96233	2.285562	0.04812905
97600	-334.7594	-314.641	-20.11835	2.122082	0.1307904
97800	-331.2601	-307.3424	-23.91763	2.626537	0.005866327
98000	-332.1997	-308.1454	-24.05435	2.510852	0.1311195
98200	-331.7874	-307.0855	-24.70187	2.644676	0.0653499
98400	-332.4948	-307.7371	-24.75778	2.56228	0.1518867
98600	-331.8013	-314.7828	-17.01853	1.856236	0.0833608
98800	-335.7901	-310.3629	-25.4272	2.755399	0.02659107
99000	-333.9371	-308.5933	-25.3438	2.759496	0.01510503
99200	-330.6525	-312.1967	-18.45588	2.028461	0.05610753
99400	-330.1431	-310.5223	-19.62073	2.171685	0.03058784
99600	-332.1698	-307.4321	-24.73772	2.594728	0.1196945
99800	-333.6103	-314.2208	-19.38945	2.127978	0.05171288
100000	-331.3834	-309.7371	-21.64627	2.40322	0.002102595
100200	-333.4524	-307.2357	-26.21675	2.831455	0.03070494
100400	-335.1985	-318.9964	-16.20211	1.746716	0.1106072
100600	-332.1009	-310.7613	-21.3396	2.190169	0.179946
100800	-334.4119	-309.3834	-25.02859	2.537073	0.2002628
101000	-332.0614	-313.1556	-18.90581	2.075869	0.05289312
101200	-332.8475	-311.409	-21.43851	2.07449	0.2992657
101400	-330.3494	-309.9958	-20.35351	2.201235	0.07221553
101600	-330.6001	-311.4449	-19.15521	2.058403	0.09404557
101800	-331.6071	-313.1544	-18.45271	2.039733	0.04506076
102000	-331.6905	-307.8461	-23.84439	2.537569	0.08540229
102200	-337.1365	-306.7299	-30.40664	2.735461	0.5445447
102400	-332.4825	-312.849	-19.63352	2.016959	0.186228
102600	-332.1043	-308.4074	-23.69693	2.48968	0.119367
102800	-333.682	-313.9518	-19.73021	1.939573	0.2724863
103000	-330.2327	-312.777	-17.45567	1.948952	0.03639538
103200	-332.0548	-314.4972	-17.55757	1.983824	0.01222425
103400	-331.7522	-316.4634	-15.28876	1.707708	0.05938997
103600	-331.6693	-310.6937	-20.97557	2.276545	0.06197994
103800	-329.964	-310.5977	-19.3663	2.125083	0.05077266
104000	-331.3848	-310.95	-20.43476	2.181057	0.1004963
104200	-330.5975	-309.7307	-20.86679	2.220316	0.1036419
104400	-331.9073	-315.4023	-16.50505	1.813009	0.07724107
104600	-336.0874	-320.1752	-15.91227	1.716377	0.1159236
104800	-330.8646	-312.6739	-18.19068	1.993018	0.06544791
105000	-333.6464	-314.0743	-19.57209	2.157853	0.0388763
105200	-332.0591	-309.5279	-22.5312	2.26337	0.2215982
105400	-330.3405	-314.0915	-16.24895	1.857102	0.008264733
105600	-334.9762	-316.7022	-18.27397	1.994747	0.07033308
105800	-333.2305	-306.4202	-26.81026	2.857269	0.06247751
106000	-330.8725	-313.0666	-17.80584	2.021236	0.0001374812
106200	-332.0648	-316.1205	-15.94433	1.814478	0.0198414
106400	-335.2882	-314.9848	-20.30343	2.25744	0.01335531
106600	-331.7255	-315.0254	-16.70009	1.83795	0.06929331
106800	-334.5715	-317.0728	-17.49871	1.913592	0.07542426
107000	-333.6578	-314.5455	-19.11227	1.922761	0.2273963
107200	-332.038	-313.0035	-19.03447	2.075237	0.0680897
107400	-333.7114	-312.8405	-20.87091	2.163403	0.1655396
107600	-334.8488	-308.7092	-26.13959	2.692178	0.1649898
107800	-331.6109	-314.0358	-17.57512	1.988419	0.009883779
108000	-331.2462	-311.4096	-19.83666	2.053002	0.1657808
108200	-331.9086	-312.6587	-19.24995	2.139071	0.02679338
108400	-333.6487	-310.9222	-22.72651	2.100493	0.4007024
108600	-333.3173	-309.3195	-23.99776	2.281348	0.3528141
108800	-331.9806	-311.673	-20.30758	2.109475	0.1607429
109000	-331.3048	-313.2078	-18.09697	1.943007	0.104861
109200	-329.9359	-308.7272	-21.20875	2.348982	0.01244935
109400	-335.1745	-306.435	-28.73944	3.019093	0.09579165
109600	-332.7357	-311.2291	-21.50657	2.145817	0.2374826
109800	-332.3113	-310.7324	-21.57889	2.352881	0.04649988
110000	-331.8939	-308.9845	-22.90932	2.310235	0.2149908
110200	-331.5371	-308.595	-22.94206	2.482342	0.0513441
110400	-330.1067	-309.3219	-20.78476	2.286206	0.03262365
110600	-333.6591	-313.6569	-20.00214	2.03973	0.1923754
110800	-332.181	-307.3229	-24.85813	2.657123	0.06772657
111000	-330.215	-309.9852	-20.22972	2.26065	0.003035249
111200	-334.6819	-317.933	-16.74891	1.793483	0.1196419
111400	-330.2169	-309.0585	-21.15839	2.316459	0.03934361
111600	-330.1638	-311.2681	-18.89573	2.085536	0.04409198
111800	-331.4739	-309.5947	-21.8792	2.272864	0.1506462
112000	-330.8351	-310.3433	-20.49185	2.215679	0.07217545
112200	-333.1506	-312.8216	-20.32892	2.069172	0.2010993
112400	-330.3359	-309.3726	-20.96329	2.291231	0.04543199
112600	-334.3933	-319.316	-15.07737	1.652276	0.09035241
112800	-330.381	-310.5179	-19.86312	2.131607	0.09239746
113000	-330.074	-308.3049	-21.76902	2.411569	0.006012905
113200	-331.8157	-309.9911	-21.82467	2.372511	0.05001762
113400	-332.5914	-316.915	-15.67643	1.750531	0.05596375
113600	-331.3288	-313.2523	-18.07652	2.031766	0.01584695
113800	-332.1947	-313.3784	-18.8163	2.057779	0.06122621
114000	-334.0525	-308.7175	-25.33505	2.701346	0.07111774
114200	-331.5335	-309.8989	-21.63458	2.270472	0.1321372
114400	-332.7583	-311.3315	-21.42679	2.219214	0.1583318
114600	-331.8457	-316.1337	-15.712	1.811337	0.0006537035
114800	-331.9394	-315.6531	-16.28626	1.763415	0.1021505
115000	-330.6239	-309.6309	-20.99306	2.283745	0.05452131
115200	-329.8881	-309.8931	-19.99507	2.213603	0.02585017
115400	-330.4842	-310.402	-20.08213	2.157587	0.0884987
115600	-331.9806	-312.7354	-19.24518	2.139208	0.02511353
115800	-331.7581	-316.1647	-15.59333	1.73448	0.06388425
116000	-330.4553	-309.6573	-20.79799	2.271444	0.04727646
116200	-330.7185	-310.0245	-20.69403	2.22039	0.08774214
116400	-330.8482	-314.7319	-16.11629	1.839101	0.01310596
116600	-333.6842	-309.3887	-24.29551	2.54361	0.1241694
116800	-334.2166	-306.5547	-27.66187	2.849335	0.1578376
117000	-333.3982	-306.7243	-26.67389	2.811176	0.097924
117200	-334.4819	-306.7731	-27.70881	2.658328	0.3450547
117400	-331.4374	-314.7211	-16.71623	1.825882	0.08326664
117600	-329.7165	-311.6952	-18.0213	2.027685	0.01472281
117800	-335.059	-305.8277	-29.23127	2.899609	0.2607668
118000	-332.3222	-309.3027	-23.01951	2.537147	0.005379501
118200	-330.9014	-308.3705	-22.53089	2.489208	0.004549618
118400	-332.1146	-311.5815	-20.53311	2.257127	0.03635137
118600	-329.8819	-308.975	-20.90695	2.310837	0.02021169
118800	-329.8077	-311.8599	-17.94773	2.024584	0.01054141
119000	-337.4892	-312.5967	-24.89249	2.443456	0.2703403
119200	-331.1656	-312.6022	-18.56346	2.009791	0.08370753
119400	-331.802	-310.9494	-20.85261	2.294929	0.03149651
119600	-333.811	-306.5003	-27.31073	2.750495	0.2149872
119800	-331.8607	-311.8819	-19.97885	2.219756	0.01882649
120000	-332.1374	-314.362	-17.77541	2.006704	0.01120014
120200	-334.7008	-313.9221	-20.77866	1.867256	0.4324127
120400	-330.2337	-310.9093	-19.32443	2.105358	0.06543063
120600	-332.8763	-311.7431	-21.13312	2.112302	0.2351151
120800	-330.7219	-309.4808	-21.24112	2.361061	0.003783526
121000	-333.843	-309.9555	-23.88753	2.200908	0.4183158
121200	-331.2765	-310.9322	-20.34425	2.121142	0.1514063
121400	-331.7861	-310.2589	-21.52713	2.291435	0.1012903
121600	-331.7077	-311.3329	-20.37484	2.228293	0.04805329
121800	-333.7749	-310.6878	-23.08706	2.45141	0.09748584
122000	-329.7055	-309.3434	-20.36208	2.26039	0.01609611
122200	-330.0451	-312.4761	-17.56892	1.985935	0.01135353
122400	-329.6065	-310.2102	-19.39632	2.166342	0.01360009
122600	-329.7212	-310.7973	-18.92388	2.112159	0.02051337
122800	-333.0756	-312.1153	-20.96028	2.324356	0.01209477
123000	-330.6416	-311.1057	-19.53594	2.194327	5.89836e-05
123200	-332.5931	-308.5735	-24.01956	2.462092	0.1734143
123400	-330.7588	-311.9403	-18.81844	2.090407	0.0313822
123600	-333.8467	-308.7602	-25.08651	2.690689	0.05861168
123800	-337.6444	-317.8868	-19.75755	1.961009	0.2421665
124000	-330.9694	-308.2788	-22.69066	2.498039	0.01185271
124200	-330.7854	-314.0018	-16.78366	1.902716	0.01573079
124400	-336.0256	-309.9277	-26.09789	2.73953	0.107778
124600	-331.8669	-309.1982	-22.66872	2.43408	0.07076779
124800	-332.2976	-313.7723	-18.52536	2.0353	0.05589358
125000	-330.177	-313.3189	-16.85818	1.911135	0.01507616
125200	-330.5031	-309.6194	-20.88371	2.265329	0.06256685
125400	-331.2414	-311.3192	-19.92216	2.095891	0.1348961
125600	-331.7262	-309.071	-22.65522	2.366974	0.136514
125800	-332.6831	-316.0499	-16.63323	1.872488	0.03015335
126000	-329.9172	-310.4494	-19.46779	2.155006	0.03178571
126200	-331.2965	-315.0497	-16.24676	1.783686	0.0785727
126400	-330.5643	-308.8417	-21.72262	2.400718	0.01187205
126600	-329.9723	-309.4305	-20.54176	2.291481	0.003366677
126800	-330.8906	-309.8213	-21.0693	2.289693	0.05736316
127000	-332.942	-310.3608	-22.58121	2.318439	0.176783
127200	-330.1679	-307.8508	-22.31708	2.468057	0.004308251
127400	-332.3785	-313.9652	-18.41336	1.946877	0.1303104
127600	-331.6419	-313.2514	-18.39051	2.05888	0.02049522
127800	-335.7559	-314.4339	-21.32195	2.055606	0.298097
128000	-333.4554	-308.4567	-24.99866	2.61863	0.1234439
128200	-331.2873	-308.9219	-22.36544	2.457045	0.0198881
128400	-331.5451	-314.1307	-17.41446	1.906004	0.07290087
128600	-332.0771	-308.8863	-23.1908	2.377648	0.1768754
128800	-329.8825	-312.6706	-17.21195	1.954173	0.007618168
129000	-331.3901	-314.0857	-17.30437	1.929177	0.0416873
129200	-331.8171	-314.0919	-17.72514	1.899697	0.1083074
129400	-334.4919	-313.2323	-21.25964	2.125269	0.2353735
129600	-334.0859	-319.6138	-14.47206	1.582217	0.1033473
129800	-332.007	-309.7857	-22.22124	2.207718	0.2464511
130000	-331.3391	-309.5473	-21.79176	2.293766	0.1243587
130200	-330.396	-308.1006	-22.29539	2.462715	0.007524209
130400	-333.4035	-308.6373	-24.76618	2.63303	0.08478674
130600	-335.436	-319.7856	-15.65041	1.772075	0.03159774
130800	-331.7841	-314.4034	-17.38061	1.898987	0.07594319
131000	-330.3861	-310.9241	-19.46202	2.178465	0.008369542
131200	-331.1425	-314.6675	-16.47499	1.82211	0.06340946
131400	-330.8503	-311.1448	-19.70545	2.174436	0.03589435
131600	-335.1049	-306.7485	-28.35636	2.970374	0.1046423
131800	-334.0697	-309.3654	-24.70428	2.498043	0.2064941
132000	-333.5186	-313.7844	-19.73411	2.089505	0.1222925
132200	-330.7834	-307.3396	-23.44377	2.581528	0.003619112
132400	-333.68	-306.4673	-27.21277	2.83006	0.1284539
132600	-331.1366	-313.8184	-17.31818	1.871577	0.09726373
132800	-330.7517	-311.6477	-19.10396	2.035045	0.1131428
133000	-333.342	-311.4434	-21.89857	2.347821	0.08128986
133200	-330.8366	-311.0131	-19.82349	2.10591	0.1129861
133400	-330.6602	-310.3089	-20.35126	2.212853	0.06270037
133600	-332.263	-310.9751	-21.2879	2.263808	0.1009487
133800	-334.2911	-306.777	-27.51413	2.688299	0.3006917
134000	-330.5586	-311.7027	-18.8559	2.10234	0.02339527
134200	-331.9548	-311.5193	-20.43547	2.07587	0.2008752
134400	-332.32	-309.3212	-22.99875	2.476162	0.06345329
134600	-332.9866	-314.2905	-18.69603	2.02547	0.08488613
134800	-329.5775	-310.1539	-19.42363	2.182394	0.0007443929
135000	-333.5536	-306.2648	-27.28887	2.895822	0.0724079
135200	-332.2937	-312.8712	-19.42246	2.028477	0.1518471
135400	-331.9959	-310.2814	-21.71457	2.164241	0.2415912
135600	-333.9962	-310.892	-23.10418	2.148772	0.3977135
135800	-331.1414	-309.4328	-21.70857	2.254814	0.1531695
136000	-330.9078	-313.5192	-17.38858	1.961034	0.01827472
136200	-334.0033	-311.0758	-22.92751	2.46706	0.06342472
136400	-335.8092	-312.4842	-23.32504	2.109931	0.4515339
136600	-336.5437	-321.4509	-15.09287	1.655738	0.09228436
136800	-330.8449	-310.2884	-20.55649	2.183242	0.1087736
137000	-332.0882	-307.5002	-24.58804	2.59778	0.09911022
137200	-331.2964	-310.273	-21.02345	2.305761	0.03760581
137400	-334.7926	-316.776	-18.01668	1.869772	0.173354
137600	-334.4015	-314.1493	-20.25227	1.992554	0.274016
137800	-331.076	-310.4311	-20.64488	2.211809	0.09067803
138000	-331.0812	-309.6699	-21.4113	2.312201	0.06789363
138200	-332.9669	-313.6748	-19.29206	2.120043	0.0481482
138400	-330.3923	-308.4981	-21.8942	2.409987	0.01953843
138600	-334.8534	-306.3189	-28.53452	2.981844	0.1101141
138800	-333.1629	-307.74	-25.42283	2.500307	0.2778989
139000	-334.6874	-314.9326	-19.75484	1.878402	0.3279363
139200	-333.539	-314.5795	-18.95952	2.069781	0.06531957
139400	-330.2334	-312.3939	-17.83952	1.968806	0.05382613
139600	-337.1488	-316.2077	-20.94102	2.264196	0.0664231
139800	-338.713	-315.1878	-23.52527	1.87559	0.6759819
140000	-331.335	-313.6104	-17.72459	1.946408	0.06612705
140200	-333.0536	-313.3966	-19.657	2.121722	0.08075336
140400	-331.0442	-309.2153	-21.82894	2.308756	0.1107931
140600	-330.6786	-311.1201	-19.55852	2.102098	0.09067133
140800	-330.6831	-309.9487	-20.73441	2.310349	0.003820405
141000	-331.7399	-312.2116	-19.52828	2.083306	0.1055116
141200	-335.3012	-315.2425	-20.05864	2.145564	0.09807139
141400	-330.5393	-311.612	-18.92726	2.081033	0.05158869
141600	-332.3848	-314.7316	-17.65318	1.840412	0.1602309
141800	-332.4885	-313.3167	-19.17179	2.075756	0.08254128
142000	-332.1539	-307.1935	-24.96038	2.622645	0.1102719
142200	-332.4653	-307.5219	-24.94339	2.574306	0.1563288
142400	-331.6395	-316.695	-14.94458	1.698571	0.03521397
142600	-332.069	-306.4974	-25.5716	2.753844	0.04326527
142800	-332.326	-312.2366	-20.08941	2.208709	0.04099489
143000	-331.9774	-311.0415	-20.93583	2.321207	0.0129514
143200	-332.5805	-309.5917	-22.98881	2.508477	0.02981084
143400	-332.9465	-312.1753	-20.77122	2.241915	0.0732414
143600	-331.6367	-313.9649	-17.6718	1.888378	0.1157802
143800	-330.8047	-313.8014	-17.00325	1.936703	0.004264219
144000	-334.242	-315.1954	-19.04659	1.942066	0.1997282
144200	-331.4701	-312.81	-18.66002	1.995138	0.1094934
144400	-334.9654	-305.7325	-29.23287	2.93179	0.2283885
144600	-331.742	-306.6391	-25.10296	2.698599	0.05098618
144800	-333.304	-313.7533	-19.55077	2.113832	0.08125926
145000	-329.7727	-309.9364	-19.83632	2.204	0.0197189
145200	-333.2358	-317.3558	-15.87998	1.773875	0.05484786
145400	-330.4712	-309.4466	-21.02458	2.330873	0.01204157
145600	-334.0966	-313.8214	-20.27513	2.193449	0.07078876
145800	-331.2326	-312.3797	-18.85291	2.108851	0.01671673
146000	-330.9427	-308.3874	-22.55528	2.462844	0.03265143
146200	-331.993	-309.2202	-22.77281	2.349259	0.1643472
146400	-329.7466	-309.4338	-20.31272	2.257016	0.01457662
146600	-330.4933	-309.3723	-21.12106	2.264671	0.08565855
146800	-330.7013	-309.7113	-20.98995	2.239782	0.09663426
147000	-330.4171	-309.4331	-20.98401	2.331016	0.0079775
147200	-332.0102	-313.7267	-18.28352	1.942275	0.122299
147400	-331.6507	-312.6161	-19.03457	2.074396	0.06805754
147600	-330.194	-308.9863	-21.20766	2.306088	0.05371356
147800	-335.3753	-316.1813	-19.194	2.085146	0.06950647
148000	-330.8146	-310.9203	-19.89428	2.10096	0.1242939
148200	-335.6431	-317.018	-18.6251	2.02841	0.07254378
148400	-334.3774	-316.1683	-18.20914	1.729937	0.3162359
148600	-331.9378	-307.0983	-24.83951	2.605704	0.1164516
148800	-333.615	-315.6079	-18.00711	1.769297	0.2615469
149000	-331.1236	-313.8108	-17.31277	1.959255	0.01248678
149200	-333.8495	-312.7477	-21.10184	2.176311	0.1717137
149400	-331.0339	-312.2657	-18.76818	2.082129	0.03492236
149600	-330.9942	-309.3139	-21.68028	2.379158	0.02914497
149800	-329.655	-310.1671	-19.48786	2.17916	0.01018012
150000	-331.5509	-311.8846	-19.66625	2.147242	0.05716167
150200	-332.186	-313.1795	-19.00652	1.959466	0.173901
150400	-331.4211	-309.351	-22.07009	2.359909	0.0875534
150600	-331.615	-311.1769	-20.43805	2.14667	0.1366843
150800	-333.7621	-314.0308	-19.73132	1.893296	0.3157037
151000	-331.0094	-308.8395	-22.1699	2.411088	0.04647174
151200	-330.0838	-312.4312	-17.65268	1.963295	0.04121901
151400	-330.3075	-309.0927	-21.21478	2.342066	0.01970321
151600	-330.3891	-310.1547	-20.2344	2.260074	0.00409678
151800	-331.2116	-309.8373	-21.37427	2.252145	0.1248207
152000	-332.9223	-309.2275	-23.69475	2.575392	0.03479262
152200	-330.6871	-311.9907	-18.69635	2.005539	0.1021233
152400	-332.1902	-313.0453	-19.1449	2.028899	0.1230334
152600	-330.0252	-309.3993	-20.62588	2.266672	0.03559725
152800	-330.7617	-312.955	-17.80674	1.92745	0.09120182
153000	-332.3214	-309.4653	-22.8561	2.473785	0.0534103
153200	-331.2716	-314.3301	-16.94147	1.869992	0.06192481
153400	-330.3014	-308.8342	-21.46713	2.333324	0.05293199
153600	-334.8678	-319.1798	-15.688	1.710496	0.09920643
153800	-331.1409	-311.4844	-19.65653	2.157528	0.04674816
154000	-333.7998	-312.405	-21.39481	2.155048	0.2211107
154200	-330.1459	-309.4969	-20.649	2.276627	0.02820771
154400	-331.7666	-311.356	-20.41055	2.20544	0.07326775
154600	-334.6014	-318.4869	-16.11445	1.716449	0.1330431
154800	-330.2655	-313.6291	-16.63638	1.891067	0.01306123
155000	-331.4214	-315.7226	-15.69874	1.774443	0.03446637
155200	-336.4745	-309.0272	-27.44725	2.681359	0.3016035
155400	-330.6553	-311.2596	-19.39565	2.159384	0.02046143
155600	-330.4711	-313.122	-17.34916	1.946085	0.0284734
155800	-332.0533	-308.5519	-23.50144	2.549207	0.04105204
156000	-333.0093	-308.4731	-24.53616	2.578961	0.1170089
156200	-336.7112	-319.1175	-17.59371	1.970128	0.0296537
156400	-331.6711	-308.1077	-23.56346	2.4493	0.146152
156600	-333.2232	-315.6544	-17.56878	1.861469	0.135118
156800	-333.029	-316.5915	-16.43746	1.835127	0.04825309
157000	-332.0095	-309.5603	-22.44914	2.435438	0.0482445
157200	-331.754	-313.3679	-18.38611	1.91973	0.1550984
157400	-338.1217	-318.1695	-19.95226	1.847998	0.3796157
157600	-330.7836	-307.2034	-23.58012	2.573872	0.02429675
157800	-331.0986	-310.7897	-20.3089	2.254397	0.01690566
158000	-330.7765	-308.0967	-22.6798	2.476693	0.03151341
158200	-334.3881	-316.9227	-17.46538	1.785553	0.1965753
158400	-333.7632	-306.7066	-27.05653	2.873874	0.0724651
158600	-331.0507	-314.3407	-16.71	1.838024	0.07134899
158800	-331.8092	-313.9155	-17.89366	1.958247	0.07020074
159000	-330.3149	-310.312	-20.00296	2.223684	0.0166885
159200	-332.6806	-309.2557	-23.42491	2.406027	0.1709741
159400	-331.4335	-306.9866	-24.44691	2.616367	0.06766116
159600	-333.6545	-306.3799	-27.27464	2.897663	0.06862598
159800	-331.9625	-315.6179	-16.34463	1.798949	0.0739314
160000	-333.0758	-305.6344	-27.44138	2.983978	0.0009325523
160200	-334.6295	-305.1657	-29.4638	3.110403	0.07532494
160400	-333.4557	-310.2268	-23.22891	2.17349	0.3781895
160600	-333.9321	-314.7589	-19.17318	2.053796	0.1012139
160800	-332.0014	-313.8042	-18.19714	1.938217	0.1172866
161000	-336.2966	-318.775	-17.52154	1.825728	0.1586927
161200	-329.7348	-310.4987	-19.23611	2.145706	0.01817263
161400	-330.2949	-310.8233	-19.47156	2.145014	0.04115629
161600	-333.7598	-313.8703	-19.88955	1.979072	0.2477922
161800	-330.4135	-312.1218	-18.29167	2.06301	0.006787441
162000	-330.7593	-312.5175	-18.24177	1.97568	0.08740669
162200	-333.0439	-314.7705	-18.27342	1.857132	0.2043538
162400	-333.3057	-309.0816	-24.22406	2.551511	0.111499
162600	-332.0692	-307.4743	-24.59492	2.618411	0.0820424
162800	-331.5129	-310.3262	-21.18669	2.236141	0.122907
163000	-333.7991	-309.9295	-23.86956	2.252881	0.3625848
163200	-330.052	-310.4045	-19.64741	2.171389	0.03359381
163400	-331.1512	-307.6267	-23.52449	2.506745	0.08495395
163600	-330.5626	-314.4159	-16.14672	1.831211	0.02349605
163800	-330.9569	-313.9289	-17.028	1.936771	0.006517221
164000	-331.49	-308.1484	-23.34158	2.485895	0.08888414
164200	-333.8579	-317.4792	-16.37872	1.811802	0.06338904
164400	-329.815	-308.8892	-20.92581	2.327998	0.005274688
164600	-330.7005	-309.1169	-21.58357	2.344694	0.05263447
164800	-334.9486	-306.5862	-28.36248	3.073427	0.003542028
165000	-330.2799	-310.5688	-19.71108	2.14049	0.06997134
165200	-331.3955	-307.3702	-24.02524	2.556903	0.08523309
165400	-330.3722	-311.8221	-18.55013	2.044404	0.05062312
165600	-335.2327	-314.138	-21.09465	2.121855	0.2200151
165800	-333.3773	-313.5563	-19.82103	2.072627	0.1470348
166000	-331.3667	-314.2943	-17.07245	1.894694	0.05260708
166200	-333.7343	-314.8301	-18.9042	1.999298	0.13263
166400	-331.861	-309.637	-22.22394	2.430708	0.03125421
166600	-332.0249	-308.4987	-23.52613	2.392707	0.1951276
166800	-330.4551	-311.4806	-18.97448	2.057955	0.07866266
167000	-332.2156	-309.5265	-22.68907	2.461375	0.04743185
167200	-332.0976	-306.8308	-25.2668	2.664213	0.1022152
167400	-342.5407	-319.8803	-22.66042	2.452193	0.05188755
167600	-333.4039	-309.6259	-23.77806	2.432769	0.1788265
167800	-331.2883	-311.6471	-19.6412	2.115102	0.08751602
168000	-336.865	-308.3108	-28.5542	3.047569	0.05033778
168200	-331.7628	-310.4125	-21.35034	2.143355	0.224818
168400	-330.2289	-313.4358	-16.79307	1.901699	0.01778973
168600	-330.1057	-310.8705	-19.23521	2.153838	0.01030533
168800	-331.1216	-308.8013	-22.32038	2.452834	0.01938188
169000	-331.2654	-313.0218	-18.24359	1.945163	0.1163019
169200	-331.5791	-311.0719	-20.50713	2.178259	0.1102982
169400	-331.3639	-307.9345	-23.42941	2.485786	0.09603592
169600	-334.2454	-310.5569	-23.68846	2.248364	0.3613074
169800	-330.0553	-310.1438	-19.9115	2.169536	0.06030585
170000	-332.1295	-307.5994	-24.53011	2.565128	0.1256798
170200	-331.4361	-311.9738	-19.46225	2.156115	0.0301264
170400	-335.9298	-313.9524	-21.9774	2.317027	0.1187476
170600	-331.5022	-309.3514	-22.15084	2.415639	0.0393432
170800	-332.9067	-310.5664	-22.34036	2.392298	0.08103193
171000	-330.8351	-313.1246	-17.71047	1.957494	0.05232748
171200	-330.4842	-311.102	-19.38219	2.175873	0.003079522
171400	-331.2305	-308.9492	-22.28129	2.406906	0.05971951
171600	-336.6986	-314.1828	-22.51578	2.161461	0.3284915
171800	-330.5403	-311.2558	-19.28456	2.167506	0.001700128
172000	-329.943	-310.9219	-19.02109	2.130517	0.01193104
172200	-331.216	-309.8441	-21.37193	2.320245	0.0564794
172400	-332.4593	-307.0239	-25.43539	2.759322	0.02528908
172600	-334.5705	-309.1867	-25.38383	2.418706	0.3612324
172800	-331.311	-312.3794	-18.93165	2.028334	0.1022459
173000	-332.6162	-312.5001	-20.11608	2.185832	0.06676527
173200	-331.5544	-311.8312	-19.72326	2.121587	0.08740365
173400	-333.6409	-318.1331	-15.50786	1.773641	0.017351
173600	-334.0042	-308.0092	-25.995	2.792149	0.04635501
173800	-332.6729	-309.51	-23.16292	2.361651	0.1934618
174000	-330.2034	-308.5678	-21.63563	2.396787	0.007318858
174200	-332.7392	-315.9581	-16.78113	1.868233	0.05008836
174400	-332.3187	-311.8455	-20.47317	2.286732	0.001308895
174600	-330.9869	-312.2573	-18.72965	2.036405	0.07404907
174800	-332.5821	-311.4326	-21.14947	2.302753	0.05027673
175000	-331.4669	-313.856	-17.61089	1.94816	0.05126732
175200	-331.113	-313.814	-17.29902	1.8948	0.07448441
175400	-331.2718	-313.7892	-17.48257	1.9786	0.01022338
175600	-333.952	-311.9063	-22.04572	2.381954	0.06222217
175800	-333.1722	-312.1802	-20.99197	2.155159	0.175309
176000	-332.1348	-313.0167	-19.11804	2.069969	0.08027578
176200	-334.2728	-308.0446	-26.22823	2.687325	0.1741814
176400	-329.8826	-310.1765	-19.706	2.179516	0.03123701
176600	-330.139	-311.5148	-18.62412	2.087085	0.01551957
176800	-331.1135	-312.1945	-18.91901	1.999567	0.1282551
177000	-330.898	-313.6194	-17.27868	1.921829	0.04493814
177200	-333.3396	-318.0739	-15.26569	1.723144	0.04278418
177400	-335.7095	-311.6245	-24.08498	2.251357	0.4018279
177600	-332.6554	-309.1045	-23.55099	2.300126	0.2881195
177800	-330.3291	-309.1705	-21.15857	2.308834	0.04686368
178000	-333.0626	-318.3488	-14.71387	1.688644	0.02272713
178200	-331.2613	-310.3744	-20.8869	2.320916	0.008299919
178400	-334.3738	-316.5049	-17.8689	1.928204	0.1006875
178600	-330.4979	-311.1946	-19.30321	2.08382	0.08538826
178800	-332.3462	-316.0717	-16.27448	1.759793	0.1047347
179000	-330.4286	-312.5819	-17.84669	1.985347	0.03877692
179200	-331.8821	-309.7062	-22.17586	2.255151	0.199871
179400	-330.4004	-312.7519	-17.64854	1.988011	0.01738027
179600	-334.7171	-307.5603	-27.1568	2.786779	0.1659298
179800	-331.0391	-315.0201	-16.01897	1.79595	0.0452988
180000	-331.4998	-313.2894	-18.21038	1.902858	0.1540125
180200	-330.1319	-308.4084	-21.72352	2.386908	0.02545162
180400	-331.6408	-308.9403	-22.7005	2.504631	0.00595293
180600	-329.9677	-310.3256	-19.64215	2.165295	0.03824649
180800	-333.0583	-310.6584	-22.39992	2.237475	0.2421545
181000	-331.7125	-309.3947	-22.31782	2.394076	0.07856488
181200	-330.3276	-309.9854	-20.34218	2.2017	0.07086203
181400	-330.4386	-311.9631	-18.47548	2.033637	0.05299383
181600	-331.0893	-310.3974	-20.69187	2.167712	0.1375435
181800	-331.4785	-315.0732	-16.40525	1.874002	0.007123205
182000	-331.7135	-313.154	-18.55947	2.052708	0.04299546
182200	-335.7508	-309.0382	-26.71263	2.569798	0.3326814
182400	-330.956	-310.2444	-20.71166	2.175039	0.1325746
182600	-330.2779	-310.4161	-19.86174	2.218908	0.00791224
182800	-332.0714	-306.8845	-25.18691	2.640547	0.1154238
183000	-329.8709	-309.3815	-20.48946	2.277528	0.0119936
183200	-332.296	-308.5325	-23.76344	2.562033	0.05435942
183400	-333.0825	-309.849	-23.2335	2.459279	0.1003239
183600	-331.1164	-309.5376	-21.57879	2.387847	0.01070595
183800	-330.6917	-311.7851	-18.90663	2.023602	0.1051166
184000	-332.395	-312.954	-19.441	1.95641	0.2212179
184200	-330.7971	-310.2223	-20.57476	2.236565	0.06011064
184400	-331.4769	-314.2546	-17.2223	1.903484	0.0580348
184600	-330.7817	-309.8752	-20.9065	2.217097	0.1116872
184800	-330.1225	-310.9795	-19.14298	2.086658	0.06604742
185000	-333.3809	-311.0942	-22.28672	2.130509	0.3289124
185200	-330.3627	-307.853	-22.50967	2.471054	0.02019014
185400	-331.7182	-310.9644	-20.7538	2.266363	0.04768286
185600	-337.0958	-308.6459	-28.4499	2.605335	0.4731291
185800	-330.5587	-308.4716	-22.08715	2.426845	0.02188062
186000	-330.384	-313.2356	-17.14845	1.928947	0.02556767
186200	-330.0329	-310.1932	-19.8397	2.217085	0.007453225
186400	-333.5593	-312.3122	-21.2471	2.348404	0.01671238
186600	-331.8901	-310.3281	-21.56201	2.249007	0.1461945
186800	-336.9656	-314.1516	-22.81404	2.264409	0.2532273
187000	-331.4238	-311.3579	-20.06588	2.171474	0.07231756
187200	-330.3965	-308.5614	-21.83513	2.37484	0.04815244
187400	-333.5732	-309.0756	-24.49755	2.676563	0.01381138
187600	-331.054	-309.0158	-22.03819	2.322055	0.1181097
187800	-332.4326	-309.7703	-22.66228	2.417927	0.08736573
188000	-333.093	-311.3363	-21.75667	2.389389	0.02603297
188200	-331.9703	-316.7029	-15.26741	1.730576	0.03549759
188400	-332.2492	-309.4384	-22.8108	2.455197	0.06581299
188600	-333.31	-313.4436	-19.86638	2.09351	0.1276459
188800	-332.7919	-315.8996	-16.89239	1.817016	0.10999
189000	-331.662	-312.8283	-18.83377	1.935769	0.1816028
189200	-331.3569	-308.5847	-22.77229	2.362738	0.1518467
189400	-331.1453	-311.771	-19.37433	2.165632	0.01222049
189600	-334.1778	-314.8334	-19.34438	2.115465	0.05731086
189800	-330.1156	-312.3318	-17.78384	1.973077	0.04442449
190000	-337.6438	-325.0233	-12.62051	1.481272	0.02010518
190200	-331.4476	-310.3234	-21.12419	2.162358	0.1835062
190400	-332.7379	-309.0567	-23.68128	2.315887	0.285827
190600	-331.5778	-316.7178	-14.85997	1.714004	0.01250606
190800	-331.0435	-308.8018	-22.24169	2.350656	0.110184
191000	-331.8564	-309.5545	-22.30188	2.368173	0.09923202
191200	-330.1971	-312.5108	-17.68624	2.006753	0.002576281
191400	-330.2055	-311.4201	-18.78541	2.061133	0.05609256
191600	-330.2714	-309.6152	-20.65628	2.250246	0.05534838
191800	-329.6514	-310.7157	-18.9357	2.134162	0.0001999618
192000	-331.1954	-308.6348	-22.56064	2.361506	0.1324887
192200	-331.6617	-313.1828	-18.47888	2.000715	0.08762753
192400	-334.7988	-316.4008	-18.39794	1.91897	0.1577165
192600	-331.368	-314.1484	-17.21965	1.897633	0.06363844
192800	-330.656	-309.2349	-21.42108	2.312858	0.06814698
193000	-330.0217	-310.753	-19.26863	2.12851	0.03847252
193200	-332.1544	-309.2448	-22.90966	2.377569	0.1531294
193400	-330.1442	-311.2668	-18.87737	2.111911	0.01643923
193600	-330.9904	-315.0081	-15.98226	1.791945	0.04510279
193800	-331.3235	-312.7237	-18.59973	2.026164	0.07273089
194000	-334.4266	-318.08	-16.34662	1.711829	0.1594526
194200	-332.3507	-308.9884	-23.36231	2.461893	0.1126096
194400	-330.6061	-309.6807	-20.92538	2.31494	0.01792164
194600	-331.7759	-308.1449	-23.63101	2.550757	0.05348143
194800	-332.4164	-306.9173	-25.49904	2.685815	0.1019153
195000	-332.2872	-308.7703	-23.51682	2.337489	0.2483712
195200	-332.8774	-309.35	-23.52738	2.515438	0.0766222
195400	-332.8895	-316.4312	-16.45828	1.735349	0.1453474
195600	-332.5335	-314.6942	-17.83927	2.009484	0.01433016
195800	-335.4995	-308.5686	-26.93089	2.395209	0.5251805
196000	-330.9534	-313.5979	-17.35548	1.964693	0.01142099
196200	-332.0993	-306.9071	-25.19216	2.708005	0.05167814
196400	-331.5351	-312.5951	-18.93992	2.031831	0.1021812
196600	-330.5092	-309.7721	-20.73714	2.286157	0.02731566
196800	-331.138	-313.6212	-17.51687	1.95318	0.03904292
197000	-329.6585	-310.7538	-18.90465	2.108511	0.02200784
197200	-330.6668	-311.5931	-19.07372	2.064078	0.0828447
197400	-330.1849	-311.1716	-19.01329	2.12888	0.01292198
197600	-330.7166	-312.2214	-18.49516	2.05773	0.032138
197800	-331.418	-307.6849	-23.73309	2.522392	0.09039693
198000	-330.4498	-309.4059	-21.0439	2.344356	0.0008257858
198200	-331.5892	-312.4841	-19.10507	1.979098	0.1686564
198400	-330.5159	-314.5239	-15.99196	1.833177	0.006557963
198600	-332.2088	-312.2741	-19.93465	2.140509	0.09336479
198800	-332.9212	-310.1766	-22.74462	2.508235	0.0067644
199000	-331.1739	-307.3091	-23.86477	2.575109	0.05048319
199200	-332.4339	-311.9745	-20.45942	2.036459	0.2457974
199400	-331.7453	-313.3409	-18.40439	2.064353	0.01645679
199600	-332.6316	-316.8874	-15.74413	1.743843	0.06771892
199800	-333.0219	-307.0493	-25.97257	2.730287	0.1055379
200000	-331.5228	-314.6432	-16.87959	1.866314	0.06056666
