Iteration	Posterior	Likelihood	Prior	branch_rates	speciation_rate
0	-303.8967	-286.5571	-17.33967	1.694263	0.272196
200	-304.2497	-285.3284	-18.92129	1.81623	0.3071165
400	-302.4489	-284.7819	-17.66696	2.001096	0.006056939
600	-301.3583	-284.7654	-16.59286	1.896073	0.003879776
800	-302.7679	-285.6199	-17.14806	1.718239	0.2312485
1000	-301.9836	-284.9844	-16.99915	1.888392	0.05156663
1200	-302.128	-287.7945	-14.33353	1.587261	0.08624126
1400	-301.669	-286.8792	-14.78983	1.669173	0.04847217
1600	-305.0141	-284.9281	-20.08604	2.083602	0.1553917
1800	-302.5871	-285.6005	-16.9866	1.774518	0.1650732
2000	-301.9626	-283.7634	-18.19919	2.006007	0.05385393
2200	-306.0464	-285.9858	-20.06062	2.067829	0.1651176
2400	-302.5868	-286.7953	-15.79143	1.789898	0.02793609
2600	-305.3408	-291.1907	-14.15017	1.634027	0.02039479
2800	-303.0218	-283.4449	-19.57694	2.147681	0.0507002
3000	-302.3349	-286.0794	-16.25555	1.821883	0.04516431
3200	-302.3721	-286.0899	-16.28213	1.729482	0.1340463
3400	-303.3113	-288.2719	-15.03944	1.659096	0.08205873
3600	-300.4437	-286.3843	-14.05941	1.645121	0.001570639
3800	-301.282	-285.821	-15.46107	1.741738	0.04521358
4000	-302.9762	-288.5983	-14.37796	1.648192	0.02804792
4200	-302.6279	-286.9674	-15.66045	1.720402	0.08293265
4400	-301.8751	-288.3669	-13.50826	1.486525	0.1007935
4600	-301.9282	-288.9705	-12.95777	1.503569	0.03121178
4800	-302.4764	-285.4698	-17.00659	1.755429	0.1791815
5000	-305.9486	-286.3588	-19.5898	1.764716	0.4172094
5200	-301.4665	-285.6453	-15.82119	1.721501	0.09903812
5400	-301.9548	-286.8493	-15.10558	1.628534	0.1204955
5600	-305.0365	-289.862	-15.17455	1.670804	0.08087049
5800	-306.3822	-289.3003	-17.08193	1.876382	0.07173111
6000	-307.2537	-291.8853	-15.36844	1.332404	0.4345188
6200	-304.0956	-287.9171	-16.17848	1.758947	0.09386001
6400	-301.6938	-290.2485	-11.44532	1.377404	0.007662316
6600	-302.461	-285.1902	-17.2708	1.910671	0.05755556
6800	-305.1704	-293.0208	-12.14967	1.37899	0.07024373
7000	-301.9188	-284.5447	-17.37411	1.823112	0.1524375
7200	-303.1271	-287.468	-15.65916	1.543491	0.2537236
7400	-300.7205	-286.7996	-13.92082	1.617944	0.01483945
7600	-302.4986	-287.0259	-15.47265	1.749858	0.03535264
7800	-304.3538	-286.1617	-18.19215	1.678195	0.3722336
8000	-303.645	-286.456	-17.18905	1.653021	0.2939804
8200	-303.8631	-286.8565	-17.00663	1.66141	0.2658565
8400	-310.9671	-290.4775	-20.4896	1.653837	0.6012731
8600	-302.945	-286.3858	-16.55926	1.864807	0.03034839
8800	-303.029	-287.9856	-15.04345	1.725716	0.01772908
9000	-302.4345	-286.2072	-16.22725	1.642574	0.2153302
9200	-302.6265	-285.4919	-17.13454	1.89454	0.05682501
9400	-303.1025	-284.2836	-18.81892	1.923639	0.194073
9600	-301.4375	-285.497	-15.94045	1.760658	0.07139897
9800	-301.0981	-286.8508	-14.24729	1.662796	0.002584526
10000	-301.3215	-288.8332	-12.48823	1.472791	0.01624303
10200	-303.8719	-287.7855	-16.08639	1.523721	0.3128727
10400	-302.5831	-287.1867	-15.39641	1.58809	0.1876273
10600	-305.1499	-284.0306	-21.11924	2.320928	0.03025826
10800	-302.1708	-287.2215	-14.94932	1.670361	0.06123308
11000	-302.3609	-290.6348	-11.72609	1.377035	0.03478159
11200	-307.8581	-288.8664	-18.99166	1.74186	0.3657215
11400	-302.853	-286.6754	-16.17762	1.774058	0.07870535
11600	-301.8438	-284.6028	-17.24098	1.937559	0.02630757
11800	-302.6987	-290.9646	-11.73414	1.384696	0.02824892
12000	-301.0014	-285.0066	-15.99476	1.763972	0.07522976
12200	-304.3517	-284.6426	-19.70916	1.957146	0.2433354
12400	-302.2082	-284.0491	-18.15907	1.997294	0.05813824
12600	-301.2096	-286.5809	-14.62872	1.650888	0.05064127
12800	-301.8581	-289.034	-12.8241	1.443091	0.0767811
13000	-302.744	-284.7473	-17.99678	2.006173	0.03270709
13200	-301.1374	-284.6368	-16.50068	1.872088	0.01827692
13400	-301.2211	-286.2271	-14.99402	1.69831	0.04104655
13600	-301.3475	-287.8913	-13.45623	1.563074	0.02210138
13800	-304.7248	-288.2183	-16.50652	1.657442	0.2202593
14000	-303.303	-290.3221	-12.98089	1.395426	0.1362417
14200	-305.6333	-284.0065	-21.62685	2.047789	0.3471726
14400	-302.911	-285.5553	-17.35566	1.88182	0.0890936
14600	-302.4157	-290.7252	-11.69054	1.405971	0.003614332
14800	-303.0587	-287.5976	-15.46105	1.681763	0.09757344
15000	-301.7938	-285.0937	-16.70011	1.753544	0.1547888
15200	-302.1897	-283.7996	-18.39011	2.023674	0.05530174
15400	-305.3215	-287.0563	-18.26524	1.789415	0.2722972
15600	-303.6643	-286.3186	-17.34571	1.840061	0.1258993
15800	-307.4616	-288.556	-18.90554	1.930124	0.1884171
16000	-301.6987	-288.136	-13.56276	1.555729	0.03920978
16200	-304.5157	-287.1901	-17.32563	1.610971	0.3437994
16400	-306.2091	-286.4301	-19.77901	1.658897	0.5430413
16600	-303.48	-285.306	-18.17401	1.774763	0.2731024
16800	-301.5938	-287.2135	-14.38024	1.624039	0.05228954
17000	-300.8679	-287.2043	-13.66358	1.579076	0.0272984
17200	-302.2013	-288.1027	-14.09853	1.577167	0.07103676
17400	-302.6491	-283.4986	-19.15047	2.124852	0.03110948
17600	-304.079	-283.5762	-20.50283	1.989133	0.2970868
17800	-304.5626	-292.8742	-11.68838	1.260618	0.1439789
18000	-301.1141	-288.5164	-12.5977	1.495462	0.004977914
18200	-308.245	-290.5565	-17.68851	1.778796	0.2198894
18400	-301.4581	-286.5482	-14.90987	1.660842	0.06788167
18600	-300.3728	-285.0662	-15.30654	1.764862	0.00644515
18800	-301.1608	-288.5086	-12.65218	1.491089	0.0142973
19000	-301.2474	-286.887	-14.36036	1.62535	0.04928366
19200	-303.3925	-285.3709	-18.02167	1.897684	0.1371397
19400	-305.4021	-287.0443	-18.35781	1.868578	0.1999743
19600	-303.7975	-285.1737	-18.62383	2.067946	0.03454396
19800	-302.8044	-285.3505	-17.45391	1.867943	0.1138317
20000	-303.213	-290.9927	-12.22034	1.444964	0.01695539
20200	-301.3397	-285.7759	-15.56375	1.796623	0.000519189
20400	-300.3962	-285.8601	-14.53607	1.674806	0.01921858
20600	-301.3436	-283.9352	-17.40837	1.92436	0.05689774
20800	-301.8718	-285.0581	-16.81378	1.896895	0.02419517
21000	-301.1904	-286.6979	-14.49249	1.627533	0.06104912
21200	-301.4896	-286.2518	-15.23786	1.704247	0.05755954
21400	-302.1518	-286.2142	-15.93757	1.658446	0.1714499
21600	-300.3986	-284.8343	-15.56429	1.795319	0.00186448
21800	-302.1842	-285.6437	-16.54048	1.848591	0.04357604
22000	-301.6686	-287.7344	-13.93417	1.581073	0.05104335
22200	-303.328	-283.3947	-19.93329	2.027828	0.2068144
22400	-301.7705	-286.7532	-15.01726	1.734941	0.007076996
22600	-302.8136	-284.4453	-18.36827	1.859988	0.2131562
22800	-303.3003	-285.3784	-17.92186	1.741601	0.2826513
23000	-304.3851	-291.4321	-12.95295	1.512807	0.02142044
23200	-303.2182	-290.4125	-12.80568	1.398605	0.1196299
23400	-303.489	-288.8395	-14.64949	1.555974	0.1386446
23600	-302.8843	-288.0495	-14.83482	1.499878	0.2195867
23800	-303.7207	-291.8686	-11.85208	1.347048	0.07570698
24000	-301.3185	-284.8358	-16.48273	1.836498	0.05148978
24200	-302.4376	-284.9655	-17.47209	1.906682	0.07757647
24400	-300.9378	-284.8739	-16.06398	1.84065	0.006380252
24600	-302.8117	-287.4725	-15.33925	1.761044	0.0125633
24800	-302.6858	-284.2785	-18.4073	1.991358	0.08684992
25000	-301.1427	-287.9749	-13.16773	1.529941	0.0263573
25200	-305.2747	-284.5538	-20.72086	1.992481	0.3248937
25400	-304.9688	-286.142	-18.82675	1.996123	0.1168437
25600	-302.2475	-288.0743	-14.17318	1.505273	0.1500033
25800	-303.1636	-286.9479	-16.21569	1.815765	0.04359511
26000	-301.4611	-287.0652	-14.39582	1.677872	0.002381052
26200	-307.1578	-285.9369	-21.22091	2.227552	0.1318393
26400	-303.2561	-287.2277	-16.02843	1.6438	0.1901808
26600	-302.3266	-286.1188	-16.20785	1.75859	0.09883183
26800	-301.7321	-287.4255	-14.30659	1.562227	0.1046425
27000	-303.0452	-288.4829	-14.5623	1.47091	0.2209048
27200	-301.2611	-287.274	-13.98714	1.578918	0.05976095
27400	-301.072	-283.6526	-17.41946	1.969533	0.01311603
27600	-302.7251	-289.2415	-13.48358	1.487512	0.09674461
27800	-302.7981	-287.1236	-15.67449	1.583353	0.2166803
28000	-302.9389	-286.4682	-16.47073	1.87574	0.01169263
28200	-301.3376	-285.533	-15.80457	1.776812	0.04301014
28400	-303.4487	-288.0675	-15.38122	1.55136	0.2177455
28600	-302.5917	-289.8049	-12.78671	1.442431	0.07390439
28800	-302.7527	-285.7406	-17.01206	1.730516	0.2109561
29000	-301.9964	-283.5333	-18.46307	2.060633	0.026318
29200	-305.282	-291.2211	-14.06091	1.64045	0.006141672
29400	-304.2742	-293.0978	-11.17641	1.256505	0.0989644
29600	-301.5178	-285.1241	-16.39364	1.854499	0.0259306
29800	-300.6676	-284.5977	-16.06989	1.830394	0.01728451
30000	-303.866	-289.9936	-13.87238	1.547916	0.07697352
30200	-302.2536	-285.7897	-16.46384	1.688787	0.1928857
30400	-304.931	-287.5001	-17.43089	1.948393	0.0328322
30600	-303.9992	-288.5376	-15.46159	1.707615	0.0724054
30800	-306.6222	-290.2969	-16.32532	1.75413	0.1169388
31000	-306.581	-284.9936	-21.5874	2.138706	0.2442648
31200	-303.7019	-287.9423	-15.75959	1.545738	0.2668169
31400	-304.6535	-290.9386	-13.71496	1.33416	0.2690127
31600	-301.6826	-284.1987	-17.48389	1.911396	0.07598854
31800	-301.089	-285.7893	-15.29968	1.721647	0.04763171
32000	-305.8327	-283.8232	-22.00952	2.171631	0.2755346
32200	-302.8456	-283.1154	-19.73022	2.16946	0.04354597
32400	-302.6385	-284.9298	-17.70865	1.872329	0.1336256
32600	-304.1925	-284.6708	-19.52166	1.956773	0.2390484
32800	-300.939	-285.5033	-15.43571	1.711316	0.07179715
33000	-302.6018	-287.1071	-15.49469	1.665235	0.1176377
33200	-302.8476	-285.631	-17.21664	1.931895	0.029227
33400	-304.2852	-285.0528	-19.23241	2.101667	0.05856049
33600	-300.962	-284.0146	-16.94738	1.898453	0.03677786
33800	-301.2371	-286.456	-14.78105	1.636721	0.07961713
34000	-302.0534	-285.7521	-16.30121	1.840148	0.02903975
34200	-303.1067	-287.7708	-15.33591	1.691531	0.08399321
34400	-303.0584	-287.1082	-15.9502	1.737956	0.09742463
34600	-301.0024	-286.1868	-14.8156	1.692748	0.02846653
34800	-302.5709	-287.1227	-15.44826	1.652888	0.1294754
35000	-303.2718	-283.7906	-19.48119	2.023187	0.1618392
35200	-304.8562	-286.3094	-18.54682	2.087595	0.007979255
35400	-301.229	-285.7358	-15.49316	1.774882	0.01461238
35600	-304.1883	-290.4107	-13.77757	1.537981	0.07761052
35800	-303.3631	-285.035	-18.32807	1.863681	0.2024341
36000	-303.828	-290.1964	-13.63161	1.567591	0.03480907
36200	-305.9241	-288.6419	-17.28212	1.690387	0.2537213
36400	-302.0637	-285.9184	-16.14529	1.804898	0.04780077
36600	-303.2364	-283.4606	-19.7758	2.14172	0.07507412
36800	-302.3513	-289.486	-12.86531	1.41754	0.105911
37000	-300.8739	-285.581	-15.29291	1.758673	0.01097152
37200	-302.7701	-286.5965	-16.17358	1.643006	0.2100625
37400	-302.3766	-286.1874	-16.18919	1.647396	0.2062665
37600	-304.2027	-291.0614	-13.14135	1.430656	0.1158126
37800	-301.5777	-284.6281	-16.94953	1.900124	0.03560919
38000	-304.45	-286.611	-17.83904	1.814137	0.2015025
38200	-304.3955	-282.9923	-21.40325	2.162361	0.2159517
38400	-303.7636	-288.0941	-15.66952	1.586979	0.2061142
38600	-302.9356	-288.045	-14.89064	1.533074	0.1898574
38800	-302.1055	-290.2376	-11.86784	1.404041	0.02220234
39000	-302.1411	-287.7201	-14.421	1.558046	0.1195111
39200	-301.6734	-289.799	-11.87443	1.421724	0.006245667
39400	-303.764	-289.6109	-14.1531	1.58792	0.06553609
39600	-301.9414	-283.6869	-18.25448	2.063578	0.002594102
39800	-302.7978	-290.1118	-12.686	1.439804	0.06728156
40000	-303.5493	-290.1811	-13.36811	1.457883	0.1162543
40200	-301.576	-285.8378	-15.7382	1.754909	0.05942923
40400	-301.4225	-288.1911	-13.23142	1.514931	0.0478105
40600	-305.3927	-285.5624	-19.83032	2.063272	0.1546078
40800	-303.0966	-285.6764	-17.42026	1.813561	0.1610801
41000	-302.1575	-287.2467	-14.91084	1.59716	0.1292359
41200	-301.4331	-287.6044	-13.82862	1.567599	0.05551754
41400	-300.747	-285.603	-15.14391	1.740361	0.01430746
41600	-300.6345	-285.7629	-14.87164	1.689609	0.03731166
41800	-301.1644	-285.3737	-15.79077	1.728404	0.08932
42000	-303.5935	-286.8572	-16.73631	1.792136	0.1190723
42200	-301.8834	-284.1161	-17.76731	2.015898	0.001571909
42400	-303.0105	-283.3023	-19.70822	2.210904	0.0006956039
42600	-304.8556	-294.0547	-10.80085	1.306875	0.0136904
42800	-300.503	-286.6351	-13.86792	1.602082	0.02491528
43000	-303.2112	-283.751	-19.46023	2.126517	0.05843062
43200	-303.0412	-289.5216	-13.51958	1.483058	0.1096468
43400	-302.612	-283.2334	-19.37861	2.141241	0.03669685
43600	-302.5426	-286.3515	-16.19112	1.788219	0.06712473
43800	-301.7049	-286.7791	-14.92582	1.599943	0.1289278
44000	-300.7318	-287.7002	-13.03162	1.522477	0.02079478
44200	-302.453	-286.1818	-16.27114	1.641426	0.2214502
44400	-302.3201	-287.39	-14.9301	1.563145	0.1673294
44600	-302.4249	-284.7624	-17.66256	1.799344	0.2032134
44800	-301.3833	-285.5297	-15.85361	1.772095	0.05185616
45000	-302.2743	-290.7722	-11.50211	1.383701	0.006901287
45200	-302.393	-286.7342	-15.65883	1.803917	0.002606222
45400	-302.5971	-289.5326	-13.06451	1.470387	0.07325489
45600	-304.3527	-283.7412	-20.61154	2.047573	0.2487084
45800	-303.1049	-288.3458	-14.7591	1.635536	0.07486093
46000	-302.4607	-290.4002	-12.06051	1.371995	0.07158797
46200	-302.8796	-287.4454	-15.43421	1.721985	0.05764926
46400	-301.1675	-286.1014	-15.06605	1.742712	0.004607237
46600	-301.1984	-288.7537	-12.44471	1.467334	0.01729318
46800	-300.8061	-287.2146	-13.59151	1.589017	0.01079976
47000	-302.1911	-284.8143	-17.37686	1.902112	0.07434518
47200	-303.4692	-289.9364	-13.53283	1.434978	0.1495212
47400	-301.9984	-287.8408	-14.15761	1.582933	0.07267207
47600	-301.2451	-287.5694	-13.67577	1.559309	0.04833288
47800	-303.6423	-287.9768	-15.66555	1.576107	0.2284574
48000	-301.9489	-286.4695	-15.47942	1.716196	0.06888186
48200	-302.5661	-287.638	-14.92807	1.638187	0.09266711
48400	-301.331	-285.7184	-15.6126	1.776986	0.02402553
48600	-303.1451	-285.9036	-17.24147	1.801012	0.1591209
48800	-302.7766	-285.5137	-17.2629	1.866065	0.09521644
49000	-302.1589	-285.5444	-16.61455	1.889075	0.01323475
49200	-303.749	-287.9837	-15.76527	1.54629	0.2650501
49400	-305.0783	-284.6369	-20.44139	2.200461	0.079743
49600	-301.8272	-287.1288	-14.69841	1.562429	0.1440658
49800	-302.3568	-289.1437	-13.21307	1.517355	0.04438088
50000	-305.9407	-294.7278	-11.21284	1.2354	0.1165124
50200	-302.9839	-286.9511	-16.03281	1.841518	0.002607238
50400	-301.3503	-284.8167	-16.53363	1.801913	0.09181008
50600	-302.9064	-285.5118	-17.39456	1.848324	0.1272981
50800	-302.5326	-291.0546	-11.478	1.336937	0.04935367
51000	-302.8927	-287.9431	-14.94957	1.707858	0.02682941
51200	-301.6168	-285.85	-15.76678	1.812566	0.004677393
51400	-302.802	-290.0692	-12.73277	1.453907	0.0559079
51600	-301.7776	-283.9872	-17.79035	1.987881	0.0310815
51800	-304.7515	-287.45	-17.30154	1.930499	0.03821746
52000	-304.0234	-292.1091	-11.91429	1.369141	0.05821832
52200	-301.9918	-287.4279	-14.56398	1.618321	0.07449988
52400	-303.342	-283.0714	-20.27064	2.209727	0.05697588
52600	-303.1043	-285.3355	-17.76872	1.741324	0.2721763
52800	-304.1127	-290.6967	-13.41596	1.519204	0.06062736
53000	-302.9845	-285.7686	-17.21585	1.709576	0.2440558
53200	-300.4437	-284.8394	-15.60433	1.793246	0.007894481
53400	-302.0443	-284.7282	-17.31605	1.827473	0.141467
53600	-303.5752	-284.9205	-18.65474	2.044836	0.05857433
53800	-300.7218	-284.9553	-15.76652	1.781782	0.03525201
54000	-300.8762	-286.7317	-14.14451	1.651505	0.00373274
54200	-302.4761	-284.3357	-18.14035	1.928934	0.1225545
54400	-302.1368	-286.3434	-15.79341	1.701713	0.1151782
54600	-302.0189	-288.5721	-13.44685	1.501135	0.08094374
54800	-300.9179	-286.7368	-14.18111	1.636453	0.02154586
55000	-306.0319	-282.7603	-23.27165	2.1986	0.372573
55200	-306.1882	-288.0224	-18.16583	1.613697	0.4111738
55400	-303.9785	-283.2992	-20.67935	2.297281	0.01112488
55600	-300.9019	-286.8724	-14.02955	1.629516	0.01397897
55800	-302.8824	-283.6199	-19.26259	2.141261	0.02500545
56000	-302.9937	-287.6884	-15.30537	1.67092	0.09560578
56200	-310.6339	-286.9429	-23.69095	2.430809	0.1793152
56400	-301.4699	-284.4931	-16.97683	1.851766	0.08471071
56600	-301.6469	-286.6912	-14.95575	1.706037	0.02961167
56800	-302.3479	-286.8445	-15.50338	1.723134	0.06366188
57000	-301.5819	-285.3459	-16.23598	1.773162	0.08858669
57200	-300.5714	-284.6125	-15.95885	1.826905	0.009603279
57400	-306.8987	-291.0469	-15.85178	1.5178	0.2956939
57600	-301.5903	-285.9197	-15.67066	1.803656	0.004030479
57800	-301.761	-288.4323	-13.32866	1.470633	0.1003287
58000	-307.0086	-293.5883	-13.42032	1.476141	0.09959007
58200	-302.2773	-284.4265	-17.85075	1.924791	0.09771265
58400	-305.358	-287.1362	-18.22176	1.901131	0.1517801
58600	-303.0301	-285.5154	-17.51468	1.848799	0.1447522
58800	-303.356	-291.4147	-11.9413	1.335294	0.09458599
59000	-302.5226	-288.4186	-14.10401	1.5851	0.06131725
59200	-301.2126	-287.8706	-13.34198	1.57296	0.001919569
59400	-300.909	-285.2952	-15.61383	1.782593	0.01915869
59600	-301.5487	-284.5822	-16.9665	1.904381	0.03190478
59800	-303.6922	-286.8857	-16.80654	1.676922	0.231524
60000	-303.0471	-287.5879	-15.45925	1.734321	0.04932265
60200	-301.6638	-284.0907	-17.57315	1.93187	0.06563737
60400	-303.5089	-290.8067	-12.70222	1.487366	0.02255819
60600	-301.7892	-284.2129	-17.57626	1.914485	0.08172968
60800	-301.9821	-283.8352	-18.14689	2.020669	0.03388006
61000	-303.7455	-286.4128	-17.33277	1.945876	0.02605885
61200	-305.1801	-286.2955	-18.88463	2.129146	0.0001032522
61400	-302.5534	-284.5262	-18.02712	1.941386	0.09935204
61600	-303.71	-285.0474	-18.66254	1.856113	0.2417951
61800	-302.0138	-285.3304	-16.68335	1.876018	0.03154899
62000	-302.5941	-289.5669	-13.02724	1.463111	0.07531259
62200	-302.339	-285.5365	-16.80248	1.813631	0.1052482
62400	-300.6014	-285.7844	-14.81693	1.717074	0.005276902
62600	-302.9247	-287.5482	-15.37644	1.665747	0.1071668
62800	-304.386	-284.2124	-20.1736	2.230637	0.02645039
63000	-303.8414	-285.2847	-18.55673	1.900399	0.1936585
63200	-300.6473	-285.07	-15.57722	1.759378	0.03833209
63400	-301.1544	-285.3414	-15.81301	1.778084	0.04246264
63600	-302.0245	-286.3985	-15.62605	1.676173	0.1216403
63800	-301.2185	-285.6968	-15.52166	1.751037	0.04024388
64000	-302.029	-288.2518	-13.77714	1.539283	0.07884318
64200	-302.6759	-289.4389	-13.237	1.421757	0.1368698
64400	-301.9173	-290.4443	-11.47299	1.371202	0.01634414
64600	-301.337	-287.1883	-14.14866	1.568871	0.08366938
64800	-301.8585	-286.8659	-14.99259	1.660535	0.07680455
65000	-302.3528	-284.2311	-18.12179	1.991437	0.05945382
65200	-305.6253	-285.5842	-20.04103	2.142464	0.09582667
65400	-301.6184	-286.5112	-15.10718	1.648336	0.09892411
65600	-300.9086	-286.665	-14.24365	1.657961	0.006860327
65800	-304.9101	-290.344	-14.56606	1.675996	0.02071568
66000	-300.7122	-286.7913	-13.92092	1.625359	0.007489321
66200	-305.3655	-285.6652	-19.70033	1.980889	0.213332
66400	-305.951	-291.1729	-14.77806	1.63018	0.08270413
66600	-302.4135	-286.13	-16.28344	1.856256	0.0120667
66800	-302.7103	-287.4225	-15.28776	1.692261	0.0757147
67000	-303.9933	-290.7991	-13.1942	1.468138	0.0839506
67200	-301.3241	-286.0763	-15.24782	1.686925	0.07782281
67400	-304.4726	-289.3523	-15.12025	1.537845	0.1986582
67600	-302.1535	-282.9018	-19.25174	2.155345	0.01058439
67800	-302.7049	-285.3744	-17.33049	1.917278	0.05761097
68000	-301.5345	-287.3178	-14.21666	1.548703	0.1113269
68200	-303.318	-285.4408	-17.87724	1.75406	0.2645843
68400	-306.0865	-283.9392	-22.14723	2.218993	0.2334632
68600	-306.988	-291.5179	-15.47009	1.338478	0.4212264
68800	-302.127	-286.7065	-15.42049	1.623727	0.152719
69000	-301.1433	-283.7495	-17.39381	1.944204	0.03574619
69200	-301.8162	-288.5688	-13.24739	1.46579	0.09634171
69400	-302.3725	-287.5266	-14.84591	1.608621	0.1100723
69600	-300.6732	-285.013	-15.66025	1.804055	0.002762309
69800	-305.3606	-283.9925	-21.36807	2.253304	0.1191187
70000	-300.3775	-286.9553	-13.42212	1.58168	0.00129387
70200	-307.2753	-289.6221	-17.65328	1.93056	0.07136042
70400	-309.0451	-293.0819	-15.96317	1.796521	0.03864066
70600	-301.6847	-286.2718	-15.41294	1.664803	0.1127512
70800	-302.0928	-284.3597	-17.73312	1.856137	0.1565686
71000	-300.8363	-287.1252	-13.71111	1.587677	0.02324876
71200	-304.3518	-285.7485	-18.60337	1.897249	0.1915388
71400	-301.8192	-285.6532	-16.16608	1.83635	0.01988872
71600	-304.1672	-285.5752	-18.592	2.090013	0.009462389
71800	-301.9672	-287.7934	-14.1738	1.534371	0.118459
72000	-302.7761	-290.381	-12.39513	1.439668	0.03822263
72200	-302.1769	-286.0756	-16.10123	1.739133	0.1122012
72400	-301.3655	-286.3837	-14.9818	1.668917	0.06751001
72600	-302.522	-284.1305	-18.39152	1.929201	0.1494797
72800	-300.5192	-284.5389	-15.98026	1.822013	0.01658353
73000	-300.7525	-285.9349	-14.81764	1.700819	0.02093493
73200	-301.3455	-284.7588	-16.58665	1.858497	0.04012288
73400	-300.5385	-285.5774	-14.9611	1.727582	0.009102241
73600	-301.053	-287.649	-13.40396	1.528358	0.05153271
73800	-303.1332	-285.2054	-17.92782	2.007065	0.02490854
74000	-302.4258	-285.2821	-17.14374	1.914419	0.03877225
74200	-304.3828	-288.2074	-16.17536	1.745403	0.1071069
74400	-302.1797	-290.8283	-11.35133	1.360273	0.01481281
74600	-303.6086	-284.5674	-19.04121	2.070483	0.07161659
74800	-302.1906	-287.1472	-15.04341	1.633874	0.1089573
75000	-301.5082	-285.4126	-16.09567	1.812266	0.03723837
75200	-302.006	-285.3913	-16.61478	1.863187	0.03717571
75400	-303.4979	-288.0327	-15.46524	1.743634	0.04165713
75600	-300.9922	-285.792	-15.20013	1.760737	6.833988e-05
75800	-301.6977	-285.6804	-16.01731	1.790551	0.05096019
76000	-300.4267	-284.8014	-15.62535	1.800221	0.003039142
76200	-302.0083	-283.9698	-18.0385	1.982297	0.06063121
76400	-303.8666	-283.0784	-20.78822	2.295615	0.02355601
76600	-304.0014	-285.3086	-18.69283	1.999676	0.1120815
76800	-300.3278	-285.5977	-14.73019	1.707366	0.006278773
77000	-301.6938	-286.1795	-15.51433	1.776969	0.01535117
77200	-302.4277	-286.6174	-15.81036	1.717132	0.09852114
77400	-306.7741	-288.2876	-18.48657	1.661771	0.3918586
77600	-307.0111	-286.7985	-20.21262	1.861983	0.382327
77800	-301.6153	-285.8738	-15.74156	1.731355	0.08220181
78000	-303.5602	-282.8686	-20.69154	2.155469	0.1529529
78200	-302.8905	-286.4729	-16.41764	1.817803	0.06097486
78400	-301.0981	-285.8975	-15.20066	1.675775	0.08274934
78600	-304.5372	-283.1234	-21.41378	2.12117	0.2566274
78800	-301.7023	-290.4584	-11.24386	1.363876	0.001249909
79000	-304.7356	-286.7927	-17.94285	1.926801	0.1031195
79200	-302.0884	-288.408	-13.68035	1.586984	0.02035442
79400	-301.4586	-285.7757	-15.68294	1.79996	0.008681905
79600	-305.4578	-287.1845	-18.27332	1.97547	0.08541677
79800	-300.9754	-287.7559	-13.21951	1.526609	0.03502431
80000	-300.7283	-286.2198	-14.5085	1.67439	0.01688811
80200	-301.6098	-285.0434	-16.56642	1.82318	0.07174356
80400	-301.1734	-285.2937	-15.87975	1.803869	0.02401947
80600	-302.8941	-288.5703	-14.32378	1.538146	0.1266489
80800	-300.9932	-285.5981	-15.39513	1.766188	0.01355316
81000	-301.9245	-286.1558	-15.76871	1.698096	0.118108
81200	-301.5837	-284.9168	-16.66693	1.864468	0.0425263
81400	-300.981	-287.1109	-13.87007	1.589287	0.03730325
81600	-301.9721	-286.7725	-15.19956	1.743298	0.01629438
81800	-301.0815	-287.9683	-13.11321	1.537291	0.01441388
82000	-303.5407	-282.6538	-20.88685	2.263788	0.0657669
82200	-304.7362	-284.1272	-20.60901	2.268783	0.03141447
82400	-301.1757	-285.7255	-15.45028	1.771879	0.01338004
82600	-301.5852	-285.5531	-16.03207	1.778815	0.06513965
82800	-302.4527	-289.5014	-12.95138	1.44816	0.08386468
83000	-302.6309	-287.7563	-14.87457	1.640786	0.08133306
83200	-303.2824	-289.5093	-13.77317	1.491866	0.1190372
83400	-304.0697	-287.9949	-16.07483	1.523175	0.3117595
83600	-302.806	-284.6272	-18.17882	1.865646	0.1876898
83800	-303.8145	-287.1014	-16.71313	1.661258	0.2393382
84000	-302.4775	-289.7359	-12.74166	1.415823	0.0975854
84200	-301.7948	-288.9723	-12.82247	1.487836	0.03322824
84400	-302.3016	-288.6239	-13.67772	1.601398	0.00701652
84600	-302.7219	-286.637	-16.08486	1.753605	0.09015861
84800	-303.0681	-285.1539	-17.9142	1.791792	0.232178
85000	-308.1086	-285.5357	-22.57284	2.354926	0.1311992
85200	-302.5687	-288.6584	-13.91033	1.61414	0.01640381
85400	-302.4866	-283.0945	-19.39213	2.173202	0.006915686
85600	-300.6706	-285.8292	-14.84131	1.678076	0.04601967
85800	-301.8596	-290.3139	-11.54571	1.37623	0.01826863
86000	-304.193	-294.5175	-9.675511	1.203402	0.00464313
86200	-304.6306	-289.1105	-15.52013	1.745855	0.04551386
86400	-301.7708	-283.5662	-18.20465	2.018114	0.04315463
86600	-304.7527	-291.8625	-12.89012	1.508645	0.02095522
86800	-301.096	-286.236	-14.85999	1.679347	0.04709801
87000	-303.5542	-284.3808	-19.17347	2.0621	0.09140576
87200	-307.6354	-298.7409	-8.894493	1.107472	0.02144791
87400	-304.4905	-284.6975	-19.79302	1.821321	0.3894481
87600	-302.3486	-286.575	-15.77355	1.706635	0.1053053
87800	-301.6857	-288.1514	-13.53433	1.532343	0.05884506
88000	-301.5619	-284.2312	-17.33074	1.9285	0.04418004
88200	-303.5898	-286.1554	-17.43443	1.924772	0.05494796
88400	-301.7161	-284.5069	-17.20927	1.907002	0.053875
88600	-304.4753	-286.2045	-18.27082	1.658985	0.3989307
88800	-303.396	-287.3664	-16.02959	1.731213	0.1041122
89000	-301.8524	-284.5169	-17.33555	1.943761	0.02948761
89200	-304.7867	-287.2245	-17.56218	1.636257	0.3424962
89400	-303.8791	-283.7335	-20.14557	2.129062	0.1225102
89600	-302.9047	-289.6349	-13.26987	1.405643	0.156251
89800	-304.8155	-290.7227	-14.09284	1.571661	0.07595046
90000	-302.4382	-287.2369	-15.20126	1.717488	0.04044427
90200	-302.5265	-285.8812	-16.64526	1.78083	0.1186463
90400	-301.9043	-288.5692	-13.33507	1.569379	0.004568561
90600	-302.0381	-286.1846	-15.85354	1.82575	0.0003727764
90800	-306.4142	-289.4418	-16.97237	1.539943	0.3650014
91000	-306.3077	-286.4174	-19.89036	1.814881	0.4010503
91200	-303.3888	-287.6523	-15.73649	1.611798	0.1953171
91400	-307.3283	-285.3663	-21.96197	2.313195	0.1151154
91600	-301.4015	-284.8244	-16.57713	1.813391	0.08402445
91800	-301.5268	-284.0318	-17.495	1.934078	0.05623917
92000	-302.6539	-285.1766	-17.47733	1.860652	0.1221199
92200	-303.1355	-285.7283	-17.40725	1.900454	0.07621276
92400	-301.7502	-287.5767	-14.1735	1.562533	0.09176414
92600	-301.4031	-283.5058	-17.89722	2.010238	0.01997647
92800	-301.4558	-289.6007	-11.85515	1.403541	0.02217228
93000	-302.5608	-288.1513	-14.40956	1.495364	0.1795608
93200	-302.8911	-285.0967	-17.79441	2.001412	0.0176966
93400	-300.5364	-284.8086	-15.7278	1.789451	0.02368977
93600	-302.863	-283.7089	-19.15408	2.069463	0.0859305
93800	-303.8225	-287.3641	-16.45839	1.848133	0.03511989
94000	-301.3451	-285.7318	-15.61333	1.769861	0.03082724
94200	-301.9076	-286.506	-15.40154	1.762412	0.01768591
94400	-304.4891	-290.1431	-14.34599	1.643762	0.02983638
94600	-300.8798	-286.6076	-14.27217	1.66657	0.001435684
94800	-302.1141	-287.7649	-14.3492	1.66563	0.009431048
95000	-301.4442	-286.7347	-14.70947	1.665991	0.04564311
95200	-301.4318	-286.4319	-14.99995	1.654683	0.08263771
95400	-301.1324	-286.4333	-14.69903	1.678593	0.03063875
95600	-300.5166	-286.2422	-14.27436	1.664104	0.003998163
95800	-302.386	-288.8039	-13.58218	1.464352	0.1285277
96000	-301.632	-284.5817	-17.05037	1.941048	0.004598012
96200	-301.7334	-286.9113	-14.82209	1.717138	0.005501508
96400	-302.5356	-288.5282	-14.00736	1.498317	0.1372748
96600	-304.0142	-286.2465	-17.7677	1.805705	0.1976689
96800	-303.6067	-291.4882	-12.11856	1.426878	0.02434843
97000	-307.0089	-285.3276	-21.6813	1.996842	0.394061
97200	-303.8687	-285.4213	-18.44743	1.737862	0.3365489
97400	-302.6545	-287.5758	-15.07867	1.665623	0.08128367
97600	-304.9165	-285.6497	-19.26678	1.809228	0.3403518
97800	-301.8484	-284.8388	-17.00963	1.887131	0.05282232
98000	-300.9688	-287.5364	-13.43244	1.545814	0.0371138
98200	-304.7338	-284.4516	-20.28221	2.140075	0.1235895
98400	-302.1508	-285.2008	-16.95	1.922686	0.01293164
98600	-302.2539	-284.0416	-18.2123	2.027611	0.03326217
98800	-302.8132	-287.5907	-15.22247	1.734133	0.0277906
99000	-304.5209	-285.3515	-19.16937	1.834973	0.3077372
99200	-306.4735	-287.3564	-19.11711	1.920409	0.2176907
99400	-300.7286	-287.5871	-13.14157	1.551746	0.00306958
99600	-308.6676	-285.7808	-22.88685	2.072917	0.428074
99800	-301.7531	-285.9085	-15.84466	1.759214	0.06642494
100000	-300.5941	-284.6017	-15.99237	1.818432	0.02143616
100200	-302.4795	-287.334	-15.14545	1.678831	0.07119662
100400	-303.0663	-289.5687	-13.49762	1.536494	0.04984415
100600	-304.167	-285.609	-18.55805	1.987243	0.1031115
100800	-302.5595	-286.3389	-16.22061	1.851922	0.01013559
101000	-301.7633	-285.1727	-16.5906	1.818019	0.07982486
101200	-302.474	-290.107	-12.36695	1.429147	0.04524946
101400	-301.6277	-285.8901	-15.73764	1.76215	0.04995523
101600	-303.124	-284.2471	-18.87683	2.103905	0.0235806
101800	-301.3209	-288.237	-13.0839	1.484858	0.06284424
102000	-301.6311	-288.6956	-12.93546	1.502448	0.03060203
102200	-302.7861	-283.0741	-19.71208	2.146004	0.06620436
102400	-301.5832	-286.9951	-14.58804	1.576326	0.1196513
102600	-303.9976	-284.6721	-19.32553	2.033134	0.1332231
102800	-301.0897	-286.5524	-14.53721	1.686802	0.007391835
103000	-304.6725	-287.494	-17.17853	1.913934	0.04121595
103200	-302.0655	-287.1397	-14.92579	1.590842	0.136418
103400	-301.1934	-285.7895	-15.40386	1.761349	0.01905095
103600	-301.8973	-285.8044	-16.09281	1.718735	0.1311174
103800	-309.7674	-287.3794	-22.38798	2.003675	0.439889
104000	-302.6668	-285.0322	-17.63454	1.937533	0.06312424
104200	-300.9896	-286.3682	-14.62141	1.696383	0.006240129
104400	-303.8332	-284.8047	-19.02853	1.844033	0.2894702
104600	-301.1111	-283.9878	-17.12333	1.934056	0.01913532
104800	-303.5859	-288.8675	-14.7184	1.556543	0.1447398
105000	-306.0726	-289.2593	-16.81332	1.836827	0.08105883
105200	-302.6397	-283.9631	-18.67656	2.017658	0.09200569
105400	-302.1245	-285.8485	-16.27594	1.844319	0.02364868
105600	-302.0182	-283.0188	-18.99932	2.105324	0.03512108
105800	-306.378	-284.7372	-21.64079	2.098271	0.2878167
106000	-302.4352	-284.5288	-17.90641	2.019592	0.011355
106200	-301.0747	-285.4431	-15.63158	1.715198	0.0870593
106400	-303.0692	-282.9227	-20.14644	2.145023	0.1092357
106600	-302.1936	-284.2772	-17.91639	2.01032	0.02241589
106800	-301.0044	-285.4235	-15.58088	1.785208	0.013131
107000	-304.0812	-290.924	-13.15719	1.473933	0.07885165
107200	-303.908	-288.719	-15.18899	1.708208	0.04710029
107400	-303.1637	-286.9623	-16.20137	1.796571	0.06530764
107600	-301.0329	-284.8039	-16.22905	1.828045	0.0347606
107800	-302.0751	-284.7069	-17.36816	1.824698	0.149075
108000	-302.6615	-288.0949	-14.56659	1.630165	0.06275869
108200	-301.9952	-288.8654	-13.12975	1.531239	0.02107008
108400	-303.3694	-285.9138	-17.45563	1.834403	0.1433082
108600	-302.2789	-289.2046	-13.07424	1.530511	0.01671847
108800	-303.2879	-286.6549	-16.63293	1.777386	0.1179003
109000	-301.6014	-285.9192	-15.68223	1.800707	0.007846188
109200	-303.5406	-287.947	-15.59356	1.714633	0.08208123
109400	-305.8416	-291.4568	-14.38479	1.662989	0.01556536
109600	-303.1086	-290.731	-12.37757	1.427556	0.04961335
109800	-303.1621	-289.6202	-13.54186	1.434327	0.1532403
110000	-301.3654	-285.858	-15.50738	1.68049	0.1084022
110200	-303.6624	-291.3335	-12.32889	1.411818	0.05698179
110400	-303.9955	-288.4939	-15.50161	1.627465	0.1545067
110600	-301.4828	-285.477	-16.00584	1.831302	0.00985215
110800	-302.0126	-283.8304	-18.18221	2.023655	0.03486606
111000	-303.3264	-286.8152	-16.51119	1.667331	0.2133162
111200	-301.9346	-287.4922	-14.44249	1.646914	0.03583228
111400	-301.4878	-285.7307	-15.75706	1.74728	0.06772783
111600	-302.1728	-285.7928	-16.38002	1.691741	0.183175
111800	-304.4638	-287.8786	-16.58514	1.695396	0.1886099
112000	-303.8619	-288.5609	-15.30102	1.704345	0.06072365
112200	-303.3424	-285.4538	-17.88862	1.936828	0.08732556
112400	-305.6251	-286.079	-19.54609	1.917166	0.2673045
112600	-301.9406	-289.6707	-12.26984	1.411776	0.05348692
112800	-301.4382	-284.4293	-17.00892	1.877618	0.0635436
113000	-304.444	-286.4625	-17.9815	1.928879	0.1030119
113200	-305.0735	-288.8093	-16.26417	1.786367	0.07485912
113400	-301.333	-284.6066	-16.72641	1.877916	0.03448542
113600	-300.8776	-285.0553	-15.82226	1.800203	0.02211015
113800	-302.6404	-286.6077	-16.03261	1.71559	0.1211405
114000	-301.0365	-287.6629	-13.37363	1.540482	0.0366583
114200	-302.7011	-286.5454	-16.15563	1.751608	0.102455
114400	-305.6778	-289.7384	-15.93944	1.762904	0.06718983
114600	-302.657	-285.345	-17.31203	1.889566	0.08334934
114800	-304.9996	-286.3447	-18.65493	1.964488	0.1341882
115000	-304.4573	-286.7704	-17.68693	1.891237	0.1089358
115200	-307.0564	-284.9897	-22.06675	2.260604	0.1754706
115400	-305.8776	-289.19	-16.68756	1.682597	0.2141143
115600	-302.1131	-286.3821	-15.73099	1.678932	0.1347718
115800	-300.6172	-284.6598	-15.95742	1.816048	0.02008707
116000	-301.6765	-283.7055	-17.97104	1.964108	0.07373206
116200	-300.812	-286.6625	-14.14955	1.604063	0.05046179
116400	-302.9488	-290.1144	-12.83436	1.514457	0.008924594
116600	-302.7979	-289.461	-13.3369	1.511218	0.05967944
116800	-301.1614	-288.7615	-12.39991	1.470801	0.009851101
117000	-302.9435	-287.0863	-15.85724	1.662149	0.1548633
117200	-301.9055	-283.7968	-18.10865	2.004995	0.04584959
117400	-302.2112	-284.6441	-17.56709	1.984434	0.01245496
117600	-303.6645	-286.9323	-16.73226	1.638216	0.2628199
117800	-309.61	-295.6944	-13.9156	1.448984	0.1797
118000	-301.3589	-287.7583	-13.60067	1.577177	0.02239564
118200	-302.7125	-289.6201	-13.09232	1.417535	0.1266169
118400	-304.2669	-288.1647	-16.10216	1.541522	0.3042036
118600	-303.6501	-284.8609	-18.78919	2.018359	0.09618913
118800	-301.9714	-289.2187	-12.75272	1.451162	0.06167176
119000	-303.4587	-282.7297	-20.729	2.213182	0.09952311
119200	-304.1264	-288.4621	-15.66434	1.584686	0.2062379
119400	-300.6904	-284.1088	-16.58164	1.885733	0.01304727
119600	-302.8516	-284.4626	-18.38898	1.904852	0.169181
119800	-302.4392	-288.4527	-13.98652	1.606896	0.03015658
120000	-302.3149	-289.477	-12.83795	1.523765	0.0007785071
120200	-302.6373	-287.0714	-15.56594	1.646569	0.1452221
120400	-304.9082	-289.5765	-15.33168	1.641017	0.1237643
120600	-301.2006	-285.1928	-16.00786	1.791998	0.04942239
120800	-302.029	-284.7793	-17.24966	1.876443	0.08704693
121000	-303.6145	-285.6122	-18.00227	1.896953	0.1351221
121200	-300.9313	-286.0195	-14.91177	1.682775	0.0487284
121400	-303.2137	-291.7233	-11.49045	1.30605	0.08101136
121600	-301.9931	-284.2898	-17.70327	1.919892	0.09035174
121800	-307.9461	-291.13	-16.81607	1.873836	0.04730303
122000	-302.9949	-286.4601	-16.53486	1.851768	0.04085364
122200	-300.3658	-286.5014	-13.8644	1.620129	0.006956675
122400	-303.4838	-286.756	-16.72783	1.798703	0.1073728
122600	-304.1538	-292.9053	-11.24854	1.29565	0.06650033
122800	-303.5884	-291.052	-12.5364	1.455932	0.03592421
123000	-304.8489	-287.2165	-17.63233	1.913044	0.08373452
123200	-301.2191	-288.8478	-12.37128	1.453783	0.02320243
123400	-302.0541	-284.4583	-17.59587	1.850192	0.1490477
123600	-304.6467	-292.2427	-12.40397	1.372222	0.0996034
123800	-300.5666	-286.1791	-14.38752	1.669024	0.01014997
124000	-302.0578	-287.4538	-14.60395	1.647529	0.05051032
124200	-301.2348	-288.0663	-13.16848	1.532408	0.02403098
124400	-304.612	-289.2631	-15.34897	1.577196	0.1930961
124600	-301.9064	-288.3913	-13.51513	1.555296	0.03473437
124800	-304.7438	-284.8679	-19.87587	2.178685	0.04786371
125000	-301.2945	-285.9351	-15.35935	1.775943	0.0007460417
125200	-302.0889	-283.3454	-18.74352	2.023223	0.0912507
125400	-302.8643	-286.9933	-15.87094	1.797661	0.03081513
125600	-301.0446	-286.094	-14.9507	1.662897	0.07126892
125800	-302.6765	-290.9276	-11.74885	1.405498	0.009597018
126000	-301.7656	-285.5179	-16.24778	1.736918	0.1264418
126200	-301.7166	-284.228	-17.48866	1.984491	0.005230962
126400	-302.6239	-284.981	-17.6429	1.882798	0.118847
126600	-301.5873	-287.94	-13.64736	1.600538	0.00470565
126800	-300.9871	-286.3457	-14.64137	1.660596	0.04357669
127000	-301.9578	-285.9538	-16.00402	1.711152	0.1249334
127200	-302.2382	-285.5185	-16.71974	1.880829	0.03015136
127400	-302.1108	-287.0124	-15.09833	1.585069	0.1595811
127600	-303.9383	-283.4259	-20.51237	2.252191	0.03881669
127800	-301.0759	-287.6779	-13.39798	1.536462	0.04286429
128000	-302.6172	-288.6143	-14.00291	1.561058	0.07878751
128200	-301.737	-287.6979	-14.03905	1.609934	0.03301164
128400	-304.1314	-289.9242	-14.20712	1.627399	0.03137604
128600	-304.5961	-293.3232	-11.27283	1.24544	0.1155528
128800	-303.8997	-289.0944	-14.80523	1.571238	0.1423611
129000	-303.3366	-284.2647	-19.07188	2.121807	0.02577045
129200	-302.5497	-285.3448	-17.20485	1.810117	0.1472257
129400	-304.4295	-284.5176	-19.91193	2.155382	0.07236501
129600	-304.3697	-284.6015	-19.76823	2.194944	0.02143791
129800	-308.1512	-290.566	-17.58513	1.879775	0.1157376
130000	-301.9414	-289.0165	-12.92491	1.518553	0.01374775
130200	-305.4363	-287.2628	-18.17343	1.939878	0.1173695
130400	-302.5993	-287.8724	-14.7269	1.619744	0.09302193
130600	-302.2981	-284.3327	-17.96536	1.987927	0.04752108
130800	-300.687	-285.8639	-14.82306	1.707329	0.01522507
131000	-303.3637	-288.7944	-14.56931	1.661779	0.03320624
131200	-302.0994	-286.9398	-15.15955	1.709831	0.0455515
131400	-302.1125	-286.9925	-15.11997	1.630741	0.1204342
131600	-302.2835	-284.3115	-17.97192	1.904031	0.1302053
131800	-301.9062	-283.3624	-18.54385	2.064752	0.02992035
132000	-301.9613	-288.9576	-13.00369	1.456993	0.08194931
132200	-301.5363	-286.3381	-15.19816	1.64393	0.113092
132400	-302.6032	-286.5647	-16.03841	1.71833	0.1194516
132600	-303.3458	-286.2581	-17.08769	1.739832	0.1982654
132800	-301.8993	-285.7114	-16.18797	1.720867	0.1350267
133000	-303.4196	-289.1358	-14.28379	1.565096	0.09955611
133200	-301.9556	-286.673	-15.28259	1.690047	0.07605799
133400	-300.8901	-285.2231	-15.66703	1.763801	0.0424365
133600	-302.7166	-287.3474	-15.36926	1.684009	0.08864834
133800	-301.8653	-284.4999	-17.36542	1.975689	0.001579266
134000	-305.8188	-286.2013	-19.61754	1.801876	0.3818273
134200	-301.1939	-286.807	-14.38686	1.631893	0.0471776
134400	-301.5164	-286.8469	-14.66947	1.587158	0.1178932
134600	-301.4899	-285.3271	-16.16277	1.85599	0.001092396
134800	-301.5865	-286.5111	-15.07543	1.630973	0.1162511
135000	-301.3844	-288.2942	-13.09027	1.511917	0.03630541
135200	-301.3308	-289.5718	-11.75897	1.407704	0.008627913
135400	-305.2601	-292.3193	-12.9408	1.454392	0.0742686
135600	-300.5215	-286.5332	-13.98827	1.617495	0.0216054
135800	-302.2667	-286.8884	-15.3783	1.673357	0.09931606
136000	-300.4856	-284.7724	-15.71322	1.79316	0.01863698
136200	-306.163	-283.5162	-22.64682	2.320052	0.1795783
136400	-301.0172	-285.1607	-15.85644	1.748334	0.07656046
136600	-302.3222	-285.0801	-17.24217	1.804047	0.1554834
136800	-307.1422	-285.3318	-21.81034	1.805284	0.5945519
137000	-301.6592	-288.3555	-13.30367	1.557342	0.01295178
137200	-300.8211	-285.3649	-15.45621	1.74053	0.04556841
137400	-304.9571	-286.3412	-18.6159	1.859431	0.2330822
137600	-302.2135	-289.6312	-12.58235	1.450401	0.04834881
137800	-301.5136	-284.9115	-16.60205	1.834446	0.06490352
138000	-303.8155	-285.4673	-18.34817	2.064247	0.01067045
138200	-303.0082	-289.8707	-13.13759	1.474066	0.07678622
138400	-302.0653	-287.6386	-14.42666	1.622744	0.05909975
138600	-301.7427	-287.4939	-14.24877	1.623762	0.0412869
138800	-302.7452	-283.9294	-18.81579	2.096346	0.02542354
139000	-301.1898	-288.8092	-12.38056	1.458832	0.01961687
139200	-302.8639	-287.0986	-15.76529	1.809478	0.007298286
139400	-303.0655	-285.0299	-18.0356	1.904305	0.1341959
139600	-304.1545	-291.9318	-12.2227	1.29542	0.1633176
139800	-302.5007	-285.5854	-16.91528	1.770144	0.1557935
140000	-306.3755	-283.2802	-23.09524	2.521861	0.02755374
140200	-304.3531	-289.9476	-14.40556	1.580238	0.09747625
140400	-301.5113	-284.1897	-17.32161	1.920118	0.05287527
140600	-302.583	-288.1966	-14.3864	1.6759	0.00325596
140800	-301.88	-283.4023	-18.47771	2.012632	0.07576627
141000	-304.9309	-288.9036	-16.02729	1.649412	0.1819809
141200	-302.3222	-289.5601	-12.76204	1.507057	0.009332343
141400	-303.8595	-285.8775	-17.98201	1.914322	0.1186499
141600	-302.3325	-286.7621	-15.57033	1.644959	0.1459417
141800	-302.7643	-291.8846	-10.87973	1.294453	0.03337069
142000	-304.864	-285.9577	-18.90632	1.794824	0.3169077
142200	-301.9463	-288.0182	-13.92814	1.614916	0.01739894
142400	-302.3671	-286.1961	-16.17104	1.81634	0.03965377
142600	-303.2238	-284.8991	-18.32477	1.900257	0.1667758
142800	-301.8535	-288.7778	-13.07571	1.517486	0.02896912
143000	-304.0478	-287.1572	-16.89064	1.823115	0.09831909
143200	-303.9426	-289.9503	-13.99233	1.615451	0.02256292
143400	-308.057	-286.8328	-21.2242	1.864709	0.4786111
143600	-301.4699	-285.7604	-15.70953	1.788274	0.02279957
143800	-308.2669	-290.4666	-17.80026	1.690103	0.3116345
144000	-301.3546	-287.3584	-13.99621	1.610852	0.02946794
144200	-300.8183	-286.7201	-14.09814	1.608401	0.04173683
144400	-301.5555	-285.243	-16.31252	1.869246	0.00267384
144600	-303.3493	-285.4703	-17.87898	1.875536	0.1444569
144800	-302.3024	-283.673	-18.6294	2.102624	0.001103536
145000	-303.3056	-284.128	-19.17757	2.008535	0.1514056
145200	-301.4869	-289.8183	-11.66857	1.393397	0.01377066
145400	-301.9792	-288.7214	-13.2578	1.547887	0.01743635
145600	-301.7893	-287.8687	-13.92062	1.626192	0.006240351
145800	-301.6043	-287.5951	-14.0092	1.596432	0.04281428
146000	-306.5944	-289.5649	-17.02952	1.779165	0.1526857
146200	-304.5382	-288.5352	-16.003	1.643409	0.1890827
146400	-304.2356	-288.9641	-15.27153	1.735346	0.03007814
146600	-302.6089	-289.7812	-12.82768	1.467882	0.05348559
146800	-306.6322	-287.1035	-19.52869	1.816446	0.3456884
147000	-306.42	-292.3844	-14.03559	1.372233	0.2721367
147200	-301.521	-288.7605	-12.76053	1.51042	0.006098482
147400	-301.7414	-287.5116	-14.22984	1.640383	0.02209989
147600	-305.6924	-283.0721	-22.62023	2.500075	0.00267918
147800	-306.9551	-283.3221	-23.63296	2.377879	0.221396
148000	-301.1497	-287.3363	-13.81346	1.554313	0.06571962
148200	-305.5119	-286.0848	-19.42715	1.837036	0.3300074
148400	-305.8453	-291.1896	-14.65564	1.618696	0.08668411
148600	-304.6156	-293.4131	-11.20243	1.336783	0.02301909
148800	-300.9412	-287.1537	-13.78757	1.588615	0.02986664
149000	-301.3463	-288.6006	-12.74569	1.472365	0.04152015
149200	-301.0363	-286.109	-14.92723	1.70544	0.02690163
149400	-302.8968	-287.5968	-15.30001	1.576931	0.1864514
149600	-303.029	-286.8029	-16.22612	1.693127	0.161515
149800	-304.9363	-286.3893	-18.54701	1.87362	0.2054461
150000	-302.1034	-284.5365	-17.56689	1.833757	0.1606348
150200	-304.5142	-287.7732	-16.74096	1.814177	0.09245485
150400	-305.014	-286.8778	-18.13612	1.859146	0.1784109
150600	-303.1769	-287.4239	-15.75303	1.744637	0.06589286
150800	-307.0499	-288.5536	-18.49629	1.957778	0.1242696
151000	-301.7608	-283.3897	-18.37105	2.037919	0.03952671
151200	-301.5138	-287.8733	-13.64049	1.545713	0.05781546
151400	-306.2693	-284.9403	-21.32893	2.28791	0.0797984
151600	-303.2912	-286.82	-16.47122	1.640422	0.2354597
151800	-302.2884	-285.6436	-16.64476	1.882922	0.02130427
152000	-304.7868	-292.9291	-11.85775	1.295235	0.1241087
152200	-302.7655	-287.2425	-15.52298	1.59341	0.1916804
152400	-301.4359	-286.0755	-15.3604	1.750309	0.02519935
152600	-301.8013	-287.9504	-13.85097	1.530789	0.09419503
152800	-305.0714	-285.1585	-19.91282	2.192763	0.03655839
153000	-301.2901	-286.7413	-14.54878	1.593173	0.1000302
153200	-304.7226	-284.2122	-20.51046	2.221623	0.06641262
153400	-301.3821	-284.8682	-16.51387	1.832469	0.05876601
153600	-301.5796	-288.2404	-13.33914	1.55929	0.01473457
153800	-302.9299	-286.3821	-16.54773	1.876788	0.01742175
154000	-301.6208	-287.3329	-14.28789	1.562346	0.1043233
154200	-301.4711	-288.1301	-13.34103	1.521156	0.053273
154400	-301.3849	-287.3497	-14.03516	1.562088	0.07933902
154600	-302.3073	-288.0389	-14.26843	1.595747	0.07057956
154800	-306.4803	-291.1972	-15.28309	1.551421	0.2025776
155000	-303.8274	-288.1123	-15.71509	1.520312	0.2864495
155200	-302.7173	-289.1708	-13.54651	1.530897	0.05986362
155400	-305.3832	-292.674	-12.7092	1.272344	0.2293126
155600	-304.0556	-288.0027	-16.05298	1.629421	0.2045166
155800	-302.0367	-284.2416	-17.79515	1.898376	0.1221686
156000	-305.16	-283.3241	-21.83589	2.254133	0.1695074
156200	-301.9297	-287.3651	-14.56467	1.554506	0.1383423
156400	-301.7852	-288.5799	-13.20536	1.525435	0.03467665
156600	-305.248	-287.474	-17.77399	1.650423	0.3695314
156800	-302.1943	-287.2781	-14.91627	1.606828	0.1238197
157000	-304.8217	-286.8147	-18.00698	1.621708	0.400965
157200	-302.7896	-285.5352	-17.25444	1.827456	0.1319567
157400	-303.2391	-285.4526	-17.78653	1.873662	0.1435222
157600	-305.4671	-292.2901	-13.17699	1.518281	0.04065852
157800	-303.4659	-290.0564	-13.40946	1.551171	0.02805724
158000	-301.642	-287.501	-14.14098	1.622833	0.03219823
158200	-301.061	-284.8804	-16.1805	1.832041	0.02598894
158400	-301.8379	-284.4265	-17.41139	1.870453	0.1110835
158600	-304.0505	-287.1625	-16.88804	1.780965	0.1364402
158800	-300.9263	-286.2671	-14.65924	1.634461	0.07084291
159000	-301.8827	-288.0249	-13.85776	1.540724	0.08173914
159200	-302.4983	-286.1842	-16.31409	1.782095	0.08528057
159400	-300.8456	-285.8068	-15.0388	1.734747	0.009522315
159600	-301.7456	-286.5316	-15.21398	1.663457	0.09471012
159800	-302.8211	-285.4376	-17.38348	1.856551	0.1171855
160000	-303.3704	-292.0682	-11.30225	1.350394	0.01915672
160200	-301.9016	-288.7491	-13.15252	1.476523	0.07860548
160400	-302.9908	-288.0244	-14.96649	1.623294	0.1061572
160600	-303.3704	-282.9868	-20.38359	2.225809	0.05247337
160800	-302.7986	-288.7197	-14.07886	1.527078	0.1138432
161000	-303.9466	-284.7368	-19.20978	2.032275	0.1286403
161200	-305.9292	-291.8871	-14.04209	1.496679	0.1385691
161400	-305.8403	-289.3856	-16.45464	1.714152	0.1642264
161600	-303.0331	-287.0018	-16.03137	1.797321	0.04317076
161800	-301.5215	-286.8128	-14.70868	1.693107	0.01750436
162000	-301.0865	-288.0322	-13.05429	1.497551	0.04727558
162200	-306.5311	-284.5451	-21.98599	2.333207	0.1035959
162400	-302.0662	-284.9234	-17.14277	1.925284	0.02837843
162600	-302.0106	-290.2334	-11.77722	1.403158	0.01450077
162800	-303.8525	-287.9359	-15.91667	1.814745	0.01637764
163000	-302.3738	-290.3199	-12.0539	1.400515	0.04342671
163200	-303.0019	-286.7416	-16.26028	1.701629	0.1616531
163400	-303.0246	-286.9785	-16.04609	1.838889	0.006282919
163600	-302.3823	-289.3773	-13.005	1.496043	0.04339571
163800	-307.3136	-287.5262	-19.78744	2.097198	0.1206433
164000	-304.2633	-287.3344	-16.92884	1.659147	0.2572918
164200	-302.8297	-288.6455	-14.18422	1.539292	0.1139064
164400	-301.222	-287.6348	-13.58719	1.557766	0.03993347
164600	-302.0432	-285.1444	-16.89883	1.753509	0.1733026
164800	-301.7366	-286.7406	-14.99604	1.697597	0.04081792
165000	-304.1612	-287.5327	-16.62847	1.863153	0.03927339
165200	-304.7471	-291.6722	-13.07496	1.377507	0.1575244
165400	-301.7177	-288.9411	-12.77665	1.496509	0.02074003
165600	-304.7789	-286.2439	-18.53503	1.886658	0.2022654
165800	-303.9741	-290.2266	-13.74751	1.610669	0.004701518
166000	-305.5124	-291.6387	-13.87373	1.58725	0.03791587
166200	-303.7797	-289.1636	-14.61605	1.674247	0.02706501
166400	-305.6027	-286.7106	-18.89215	1.70066	0.4214755
166600	-300.7907	-287.0764	-13.71436	1.57389	0.03771197
166800	-302.2051	-283.6781	-18.52694	1.99311	0.1007352
167000	-303.9589	-290.4444	-13.51445	1.371409	0.2096493
167200	-301.8417	-284.4058	-17.43591	1.879677	0.1021674
167400	-301.5841	-289.221	-12.36302	1.472259	0.004769238
167600	-305.1818	-285.2991	-19.88264	2.21747	0.01093935
167800	-301.4516	-287.6268	-13.82481	1.615805	0.007029142
168000	-303.3691	-285.2569	-18.11215	1.926628	0.1186268
168200	-302.7357	-286.4153	-16.32033	1.87111	0.001711613
168400	-302.0646	-287.5485	-14.51613	1.671625	0.01929909
168600	-301.8785	-284.3806	-17.49797	1.923657	0.06477778
168800	-304.3765	-289.4254	-14.95109	1.669356	0.06736261
169000	-306.992	-289.7803	-17.21167	1.938044	0.02300701
169200	-301.0442	-286.3804	-14.66385	1.662688	0.0427471
169400	-302.9464	-285.9556	-16.99077	1.915363	0.0227551
169600	-301.1493	-284.2868	-16.86245	1.912258	0.01449225
169800	-303.729	-291.4287	-12.30031	1.350341	0.113198
170000	-300.3301	-284.9906	-15.33948	1.766015	0.0085866
170200	-301.9045	-288.5947	-13.30982	1.559832	0.01125983
170400	-302.3353	-288.6305	-13.70477	1.549678	0.06027547
170600	-301.7846	-284.1657	-17.61886	1.97457	0.02720945
170800	-301.4478	-286.1312	-15.31654	1.665785	0.1031393
171000	-303.8797	-287.3716	-16.5081	1.837994	0.0515655
171200	-301.2848	-287.6056	-13.67926	1.577694	0.03039102
171400	-302.5379	-287.2485	-15.2894	1.701785	0.0671672
171600	-301.3724	-284.564	-16.80835	1.863928	0.05727328
171800	-301.6134	-286.1813	-15.43208	1.706726	0.07392018
172000	-301.3836	-287.8677	-13.51589	1.563651	0.02797122
172200	-302.5561	-283.1396	-19.41654	2.136862	0.04486129
172400	-300.7101	-286.3327	-14.37746	1.659452	0.01869054
172600	-302.7708	-288.8861	-13.88465	1.594462	0.03227457
172800	-302.8128	-286.4859	-16.32684	1.786775	0.08109423
173000	-301.8067	-289.1825	-12.62422	1.48134	0.02068798
173200	-307.632	-284.0743	-23.55768	2.395036	0.1917432
173400	-303.7796	-285.6296	-18.15005	1.824118	0.222571
173600	-301.1942	-284.632	-16.56219	1.883326	0.01363045
173800	-301.6115	-284.5674	-17.04406	1.944272	0.0008948678
174000	-300.8403	-284.7638	-16.07648	1.828101	0.01978615
174200	-302.5501	-288.6283	-13.92172	1.489242	0.1384638
174400	-301.3404	-285.2128	-16.12755	1.745456	0.1067156
174600	-304.6	-285.4864	-19.11359	2.009243	0.1375868
174800	-303.8151	-289.7721	-14.04292	1.612891	0.03080997
175000	-302.675	-283.0762	-19.59876	2.085383	0.1154878
175200	-301.603	-284.9236	-16.67938	1.832945	0.07362048
175400	-303.4368	-286.7875	-16.64934	1.832811	0.07246013
175600	-302.8221	-285.1647	-17.65742	2.000242	0.005997063
175800	-301.8566	-286.4383	-15.41829	1.67233	0.1053529
176000	-302.4106	-284.3758	-18.03475	1.845685	0.1959493
176200	-306.7182	-284.193	-22.52517	2.461221	0.03005979
176400	-303.2641	-287.6965	-15.56766	1.599054	0.188296
176600	-301.579	-289.3396	-12.23941	1.457837	0.006512006
176800	-302.4755	-287.0051	-15.4704	1.725689	0.05862725
177000	-301.116	-284.5024	-16.61366	1.870074	0.03130928
177200	-304.5142	-285.4264	-19.08783	2.10679	0.04028269
177400	-302.1863	-285.61	-16.57629	1.870174	0.02678242
177600	-301.3971	-284.7796	-16.61748	1.803302	0.09826564
177800	-302.9978	-282.7105	-20.28733	2.186427	0.08334253
178000	-302.1922	-287.9925	-14.19971	1.64102	0.01885884
178200	-303.3728	-286.1569	-17.2159	1.878008	0.08331323
178400	-303.1176	-284.1178	-18.99978	2.033585	0.1032843
178600	-304.0715	-285.1574	-18.91415	2.02696	0.1010895
178800	-304.2851	-284.9811	-19.30393	2.050822	0.1132297
179000	-305.0119	-282.5763	-22.43561	2.424085	0.05971665
179200	-302.4067	-285.009	-17.39775	1.765212	0.2123279
179400	-303.5512	-286.8991	-16.65215	1.879848	0.02624519
179600	-301.528	-287.3842	-14.14386	1.622476	0.03130013
179800	-300.5802	-286.1062	-14.47402	1.680099	0.008020124
180000	-302.5038	-290.5972	-11.90658	1.360242	0.06968521
180200	-303.404	-287.1889	-16.21502	1.817599	0.04292594
180400	-303.2991	-285.3625	-17.93661	1.766877	0.2587045
180600	-301.9568	-286.8011	-15.15574	1.688954	0.06463322
180800	-301.2452	-284.9761	-16.26912	1.802245	0.06380143
181000	-300.8125	-284.6568	-16.15569	1.819603	0.03627857
181200	-304.0647	-292.3149	-11.74975	1.403613	0.01217382
181400	-302.5597	-288.08	-14.47971	1.504998	0.1801788
181600	-303.608	-287.2575	-16.35052	1.709282	0.1573171
181800	-301.5283	-289.5016	-12.02675	1.409093	0.03330733
182000	-301.6378	-286.9767	-14.66107	1.640435	0.06328303
182200	-304.5589	-284.8895	-19.66941	2.142292	0.06197888
182400	-301.7853	-284.9724	-16.81294	1.921412	0.0006643147
182600	-303.1704	-287.8363	-15.33408	1.688434	0.07897325
182800	-301.765	-286.7101	-15.05487	1.65517	0.08698246
183000	-301.2162	-287.4201	-13.79605	1.60172	0.01806252
183200	-304.9113	-286.3211	-18.59025	1.853537	0.2278522
183400	-302.8097	-285.2557	-17.55403	1.976947	0.01817789
183600	-304.3739	-284.8331	-19.5408	2.13822	0.05462553
183800	-304.0346	-288.7584	-15.27612	1.530681	0.222319
184000	-304.1816	-287.3462	-16.83537	1.778599	0.1387359
184200	-301.9882	-288.8632	-13.12497	1.545953	0.00689376
184400	-303.4994	-288.0367	-15.46268	1.758063	0.02692624
184600	-310.7753	-291.9807	-18.79462	2.084738	0.03461174
184800	-303.8003	-283.1832	-20.61712	2.064078	0.2362272
185000	-300.5847	-285.9893	-14.59537	1.669043	0.03083094
185200	-303.1185	-291.8698	-11.24871	1.3615	0.003918659
185400	-304.6814	-290.5134	-14.16798	1.64629	0.01094682
185600	-302.369	-283.9754	-18.39357	2.05153	0.02764763
185800	-302.7507	-288.0677	-14.68304	1.670411	0.03708494
186000	-302.4623	-284.0052	-18.45712	1.934258	0.1508923
186200	-301.6078	-283.107	-18.50078	2.069468	0.02129683
186400	-302.363	-286.1686	-16.19441	1.67237	0.1813024
186600	-302.3082	-287.4764	-14.83182	1.720803	0.002945794
186800	-301.5831	-284.3497	-17.23338	1.874577	0.08741592
187000	-301.7832	-284.6392	-17.14403	1.925199	0.02882631
187200	-305.2242	-282.6639	-22.5603	2.291593	0.2046585
187400	-302.4086	-283.4945	-18.91407	2.108045	0.02371527
187600	-302.9035	-283.8043	-19.09921	1.982232	0.1689775
187800	-302.4619	-284.5805	-17.88131	1.86093	0.1680954
188000	-301.1592	-287.2339	-13.92529	1.613224	0.01908202
188200	-302.5822	-289.4402	-13.14203	1.538211	0.01606402
188400	-301.1325	-284.7603	-16.37217	1.818399	0.05892284
188600	-303.3977	-287.3991	-15.9986	1.808539	0.03083452
188800	-304.5117	-291.4567	-13.05505	1.380419	0.1532841
189000	-301.0177	-286.6259	-14.3918	1.664191	0.01539912
189200	-301.6709	-285.8456	-15.82523	1.702104	0.116926
189400	-301.6882	-286.3359	-15.35232	1.716605	0.05643981
189600	-303.6723	-286.5936	-17.07874	1.924883	0.02176321
189800	-302.4572	-290.0962	-12.36098	1.415317	0.06081032
190000	-302.2726	-285.6376	-16.63492	1.887451	0.01584821
190200	-304.1494	-290.1124	-14.03701	1.515535	0.121795
190400	-301.3809	-287.7367	-13.6442	1.563752	0.03942041
190600	-303.6038	-292.3451	-11.25873	1.276322	0.08754756
190800	-301.8519	-288.4084	-13.44357	1.510202	0.07125178
191000	-302.7202	-285.8729	-16.84728	1.921216	0.004084949
191200	-303.3167	-286.6458	-16.67091	1.819573	0.08320889
191400	-302.4829	-284.7869	-17.69603	1.987889	0.02246872
191600	-301.1293	-286.1761	-14.9532	1.680837	0.05311013
191800	-301.5187	-287.8212	-13.69748	1.58575	0.02345928
192000	-301.994	-288.2635	-13.73049	1.539914	0.06982369
192200	-302.8092	-286.7108	-16.09839	1.788998	0.06058851
192400	-302.1769	-284.8721	-17.30479	1.964484	0.006434762
192600	-302.4275	-285.166	-17.2615	1.925585	0.03952182
192800	-302.1758	-287.0772	-15.09859	1.631909	0.1174098
193000	-301.8358	-285.1386	-16.69724	1.779674	0.1273423
193200	-303.7357	-287.0481	-16.68756	1.67595	0.2339692
193400	-302.3772	-285.7598	-16.61737	1.801941	0.09600215
193600	-302.4264	-290.3054	-12.12094	1.397474	0.05283207
193800	-306.1167	-290.2415	-15.87519	1.696084	0.1236653
194000	-301.2759	-285.8434	-15.43247	1.752296	0.03042256
194200	-304.0111	-284.6971	-19.31403	2.095134	0.07584663
194400	-302.9532	-284.0324	-18.92074	2.03157	0.09833588
194600	-302.1045	-284.936	-17.1685	1.937166	0.01975938
194800	-300.9714	-285.0452	-15.92624	1.783125	0.04954719
195000	-301.4171	-284.017	-17.40015	1.962823	0.01756548
195200	-307.0398	-298.2907	-8.74914	1.084321	0.03048663
195400	-304.8364	-282.7723	-22.06407	2.26066	0.1897336
195600	-301.2048	-285.0174	-16.18734	1.795847	0.06345342
195800	-301.662	-287.374	-14.28799	1.65793	0.01103846
196000	-301.1357	-288.9879	-12.14778	1.438562	0.01653387
196200	-302.2263	-284.9907	-17.23554	1.89614	0.06512707
196400	-302.2946	-287.6329	-14.66164	1.607286	0.0938346
196600	-304.6194	-287.1748	-17.44464	1.909898	0.07287056
196800	-302.1508	-286.1274	-16.02335	1.831064	0.01174226
197000	-303.0953	-287.718	-15.3773	1.760099	0.01774313
197200	-308.5409	-292.5854	-15.95553	1.810462	0.0244528
197400	-301.4982	-285.5864	-15.91173	1.812802	0.01831188
197600	-302.6377	-283.5891	-19.04862	1.99225	0.1513929
197800	-302.4795	-286.6278	-15.85168	1.624792	0.1935856
198000	-302.9707	-283.9718	-18.99893	2.128505	0.01185959
198200	-301.362	-287.2317	-14.13035	1.645701	0.007854277
198400	-301.7691	-289.5493	-12.21978	1.46059	0.002053978
198600	-300.794	-286.344	-14.45008	1.684338	0.001430094
198800	-302.1667	-284.0969	-18.06982	1.911641	0.13314
199000	-302.1164	-286.2669	-15.84948	1.750891	0.07091315
199200	-301.4283	-284.1509	-17.27741	1.921604	0.04580294
199400	-301.744	-289.4249	-12.31912	1.426075	0.04508909
199600	-304.6311	-284.5531	-20.07803	2.035705	0.2127698
199800	-302.1773	-287.1977	-14.97962	1.59035	0.1423395
200000	-305.5662	-292.2742	-13.29202	1.425697	0.1408871
