Iteration	Posterior	Likelihood	Prior	branch_rates	speciation_rate
0	-313.6338	-305.1711	-8.462701	0.9982745	0.08534343
200	-314.6903	-305.5841	-9.106163	0.9484269	0.1945367
400	-314.48	-306.3104	-8.169588	1.014424	0.04202516
600	-314.5115	-303.8076	-10.70392	1.292119	0.01906265
800	-316.8494	-306.9542	-9.895222	1.156198	0.07106419
1000	-314.677	-308.1389	-6.538016	0.8841301	0.009964872
1200	-314.2663	-304.3745	-9.891783	1.170914	0.05856477
1400	-316.2461	-307.8016	-8.444466	0.966329	0.1119924
1600	-314.7992	-303.943	-10.85621	1.257304	0.0679723
1800	-312.6958	-304.7923	-7.903496	0.9964232	0.033185
2000	-313.5988	-305.4396	-8.159152	1.032099	0.02375125
2200	-316.1989	-303.1852	-13.01373	1.468074	0.07393104
2400	-316.3051	-308.571	-7.734082	0.9362865	0.07309524
2600	-316.9462	-304.284	-12.66225	1.284578	0.2143163
2800	-316.1323	-305.0372	-11.09507	1.200628	0.1443166
3000	-314.0339	-304.9929	-9.041025	1.105881	0.03731139
3200	-312.969	-304.728	-8.241036	1.059236	0.005531532
3400	-316.0756	-305.5706	-10.50496	1.268625	0.02238679
3600	-314.7604	-305.2989	-9.461467	1.073013	0.1100871
3800	-316.8373	-306.0467	-10.79053	1.227936	0.08673707
4000	-319.0624	-311.7237	-7.33871	0.8024719	0.1593797
4200	-314.651	-307.2577	-7.393261	0.9650256	0.01428007
4400	-315.8274	-307.9495	-7.877942	0.9836098	0.04189749
4600	-313.5418	-303.1765	-10.36531	1.2319	0.04413238
4800	-313.7963	-303.2229	-10.57331	1.262955	0.03396861
5000	-315.1875	-303.2468	-11.9407	1.270079	0.161625
5200	-314.7346	-306.7446	-7.989961	0.924267	0.112319
5400	-314.2379	-306.5033	-7.734649	0.9475166	0.06459826
5600	-315.0174	-305.3971	-9.620342	1.033293	0.1606867
5800	-313.6137	-304.1548	-9.458922	1.168218	0.01788711
6000	-314.7597	-304.1024	-10.65729	1.20437	0.100114
6200	-316.9798	-309.8644	-7.115422	0.9216599	0.02829372
6400	-314.2912	-304.8222	-9.468952	1.130546	0.05488074
6600	-315.3043	-305.3032	-10.00111	1.16257	0.0758594
6800	-316.5683	-305.2245	-11.34384	1.196916	0.1790107
7000	-315.9621	-303.4118	-12.5503	1.261161	0.2274627
7200	-317.2752	-305.9217	-11.35354	1.25557	0.115254
7400	-314.3454	-306.7054	-7.640023	0.9566681	0.04603428
7600	-313.1383	-306.0431	-7.095191	0.925507	0.02354619
7800	-314.5209	-304.7544	-9.76654	1.008988	0.2003637
8000	-314.9102	-303.4345	-11.47568	1.332035	0.05459821
8200	-319.2394	-303.8594	-15.37998	1.634106	0.1407144
8400	-316.7821	-306.2162	-10.5659	1.094876	0.1909703
8600	-314.8301	-303.8614	-10.96872	1.220713	0.1121402
8800	-313.822	-304.7295	-9.09258	1.099786	0.04807861
9000	-315.2703	-308.2317	-7.038551	0.8775024	0.06400453
9200	-314.2729	-304.9478	-9.325039	1.097456	0.07364492
9400	-315.0548	-306.1319	-8.92288	1.02131	0.1084854
9600	-315.7677	-306.3233	-9.44442	1.101801	0.08127251
9800	-314.9204	-306.6475	-8.272937	1.023011	0.04278131
10000	-313.1233	-304.1837	-8.939609	1.119345	0.01501137
10200	-316.6662	-304.5341	-12.13204	1.033804	0.4007478
10400	-312.8363	-305.5283	-7.307952	0.9569548	0.01391529
10600	-313.6752	-303.429	-10.24619	1.255784	0.009270714
10800	-318.4395	-304.5639	-13.8756	1.317509	0.2952319
11000	-312.7984	-305.1014	-7.697058	1.000983	0.009159287
11200	-314.6957	-306.0391	-8.656641	0.9795054	0.1214879
11400	-313.4401	-304.0316	-9.408535	1.164794	0.01662127
11600	-315.6358	-307.0641	-8.571681	0.9591814	0.1338991
11800	-313.6142	-306.0569	-7.557259	0.9118799	0.08040286
12000	-315.2966	-304.8669	-10.42979	1.234386	0.04965576
12200	-317.2833	-304.0579	-13.22538	1.464521	0.0992893
12400	-314.3017	-303.5452	-10.75649	1.239305	0.07483343
12600	-312.53	-304.0143	-8.515747	1.075038	0.01662756
12800	-315.8115	-305.5573	-10.25421	1.147456	0.1164577
13000	-315.5354	-304.5333	-11.00214	1.221262	0.1191049
13200	-313.7868	-304.2832	-9.503662	1.093853	0.09262178
13400	-313.7309	-304.4273	-9.303593	1.107429	0.06063129
13600	-312.9957	-305.5536	-7.442168	0.9668734	0.01754866
13800	-313.7797	-304.1218	-9.657968	1.072361	0.1295658
14000	-315.9231	-304.1173	-11.80578	1.322237	0.0971225
14200	-315.6674	-306.6012	-9.066125	0.9947696	0.1447135
14400	-313.1795	-303.316	-9.863484	1.199057	0.02718515
14600	-313.255	-303.2256	-10.02949	1.226591	0.01650839
14800	-314.3209	-303.8394	-10.48154	1.277221	0.01144643
15000	-317.594	-306.0911	-11.50287	1.229523	0.1547484
15200	-315.4054	-308.7879	-6.617556	0.8359562	0.06451124
15400	-312.6253	-304.7082	-7.91714	1.015157	0.01672202
15600	-313.0708	-304.2515	-8.819238	1.104709	0.01764193
15800	-315.4725	-304.7807	-10.69182	1.094527	0.205174
16000	-314.1609	-303.1055	-11.05546	1.286047	0.05886443
16200	-312.6818	-304.5419	-8.139881	1.052933	0.001761247
16400	-318.6582	-305.8328	-12.82537	1.090599	0.4277661
16600	-313.7289	-305.698	-8.030848	0.9672464	0.07428866
16800	-315.9407	-304.9534	-10.98733	1.320593	0.01799676
17000	-318.2689	-305.2639	-13.00498	1.189937	0.3346678
17200	-317.4114	-309.415	-7.996469	0.9628429	0.0725233
17400	-314.0749	-307.438	-6.636893	0.9009195	0.003390841
17600	-317.642	-304.6977	-12.94435	1.455407	0.07656025
17800	-314.5822	-304.5219	-10.06034	1.233212	0.01363953
18000	-314.5611	-304.2961	-10.26502	1.097009	0.1643421
18200	-313.2553	-305.6527	-7.602609	0.9492362	0.04980651
18400	-312.6548	-303.7255	-8.929288	1.133049	0.000648814
18600	-316.7063	-310.1182	-6.588024	0.781316	0.1128886
18800	-315.724	-303.787	-11.937	1.207784	0.2194043
19000	-313.4339	-303.1988	-10.2351	1.223408	0.03967453
19200	-318.2502	-303.7938	-14.45647	1.504669	0.1753259
19400	-315.215	-302.9509	-12.2641	1.464169	0.002955318
19600	-312.5212	-304.3193	-8.201998	1.059848	0.001098949
19800	-314.5263	-304.3834	-10.14283	1.18374	0.0708151
20000	-314.5917	-302.9518	-11.63992	1.361544	0.04220538
20200	-318.6384	-303.6027	-15.03574	1.373367	0.3617335
20400	-312.9205	-304.0672	-8.853385	1.113518	0.01217462
20600	-315.9793	-309.4235	-6.555799	0.8398297	0.05459559
20800	-315.7348	-302.8265	-12.9083	1.43232	0.09648744
21000	-316.5329	-306.3285	-10.20437	0.9080901	0.3385572
21200	-316.5498	-306.0308	-10.51901	1.218135	0.07246012
21400	-315.0669	-304.1036	-10.96325	1.242865	0.09176473
21600	-314.3134	-305.5769	-8.736533	0.9872099	0.1231637
21800	-314.8477	-306.9055	-7.942186	0.9175111	0.1139857
22000	-315.9277	-307.5887	-8.33896	1.074056	0.0006103725
22200	-315.8513	-304.0155	-11.83581	1.282019	0.137526
22400	-314.0712	-307.1256	-6.945563	0.929124	0.006015795
22600	-317.2858	-307.3429	-9.942875	0.8514941	0.3626107
22800	-313.0094	-304.6022	-8.407198	1.025466	0.05408701
23000	-314.3264	-306.3283	-7.998068	0.9874735	0.05024466
23200	-316.0511	-305.6445	-10.4066	1.14284	0.1380875
23400	-315.3761	-304.0727	-11.30347	1.313628	0.05552396
23600	-315.6514	-308.985	-6.666434	0.8380453	0.06492525
23800	-312.7301	-303.8108	-8.91928	1.113418	0.01864786
24000	-314.8933	-303.2033	-11.69005	1.306958	0.1010424
24200	-316.6343	-305.2559	-11.37839	1.095774	0.2678229
24400	-314.8694	-306.6398	-8.229594	0.8926954	0.163383
24600	-318.899	-303.1731	-15.72584	1.356549	0.4430424
24800	-314.7337	-304.6272	-10.10653	1.048856	0.1938877
25000	-314.4384	-304.4264	-10.01202	1.10112	0.1355531
25200	-315.154	-304.5415	-10.6125	1.041351	0.2503785
25400	-318.6281	-307.8638	-10.76426	1.00255	0.3033298
25600	-314.5025	-303.87	-10.63254	1.244935	0.05868261
25800	-315.5655	-303.7999	-11.76552	1.386446	0.03030198
26000	-313.7251	-303.8386	-9.886484	1.099725	0.1246784
26200	-314.1333	-303.2106	-10.92267	1.286634	0.04522042
26400	-312.7476	-304.9877	-7.759878	1.01405	0.002652684
26600	-315.5335	-306.5735	-8.959927	1.131889	0.004808001
26800	-317.2892	-303.8577	-13.43152	1.249605	0.3290652
27000	-314.1107	-305.3239	-8.786835	1.095776	0.02268116
27200	-313.482	-304.6884	-8.793625	1.1144	0.005682919
27400	-314.0179	-303.6083	-10.40957	1.138863	0.1373348
27600	-313.3071	-304.2783	-9.028795	1.127684	0.01542903
27800	-314.9602	-306.0614	-8.898797	1.106523	0.02335132
28000	-314.4029	-303.7831	-10.61982	1.255801	0.04560537
28200	-315.5004	-305.5953	-9.90509	1.15195	0.07762196
28400	-315.1329	-306.115	-9.017921	1.058829	0.07854801
28600	-315.5801	-305.0542	-10.52596	1.177091	0.1159059
28800	-316.0763	-304.5749	-11.5014	1.093297	0.2831531
29000	-315.2635	-303.7687	-11.49483	1.144924	0.2356958
29200	-315.0363	-306.2726	-8.76371	1.003739	0.111622
29400	-317.7388	-305.5394	-12.19936	1.216511	0.2385342
29600	-316.4763	-304.2616	-12.21473	1.320138	0.1421289
29800	-313.6221	-303.8666	-9.755503	1.176439	0.03891493
30000	-314.8734	-306.4115	-8.461886	1.058357	0.02803709
30200	-313.2994	-303.9731	-9.326268	1.120658	0.05064868
30400	-312.9571	-304.9516	-8.005518	0.9978444	0.04164949
30600	-315.2914	-304.0989	-11.19253	1.114948	0.2335329
30800	-314.8603	-307.3046	-7.555713	0.9812415	0.01470585
31000	-314.7051	-304.7178	-9.987303	1.211005	0.02783619
31200	-320.2167	-303.7908	-16.42586	1.540246	0.3304816
31400	-317.2729	-303.1546	-14.11828	1.57463	0.07751634
31600	-315.124	-303.5195	-11.60458	1.383354	0.01749842
31800	-314.1282	-303.9071	-10.22108	1.190721	0.07133307
32000	-318.1598	-311.2671	-6.892644	0.8568078	0.06897192
32200	-314.1748	-306.4838	-7.691012	0.9816218	0.02779344
32400	-316.8841	-305.9909	-10.89315	1.016381	0.2944691
32600	-316.268	-307.9834	-8.284524	0.9047767	0.1533603
32800	-319.2351	-305.948	-13.28711	1.300797	0.2699632
33000	-316.8778	-303.9491	-12.92878	1.149267	0.3758238
33200	-313.2564	-304.867	-8.389414	1.026315	0.0518745
33400	-316.5467	-310.2424	-6.304271	0.8442201	0.02651951
33600	-318.0548	-305.8275	-12.2273	1.228485	0.2226273
33800	-313.3134	-304.0039	-9.309511	1.109277	0.06085042
34000	-313.7861	-307.1608	-6.625224	0.9023553	0.0009138243
34200	-315.9679	-304.087	-11.88094	1.083295	0.3318886
34400	-315.9345	-304.9636	-10.97097	1.279348	0.05885249
34600	-313.5821	-304.5086	-9.073453	1.097549	0.04971312
34800	-313.3507	-305.4147	-7.936056	1.014788	0.01855678
35000	-318.1913	-312.0318	-6.159504	0.7774771	0.07367056
35200	-318.6203	-311.2918	-7.328506	0.8973462	0.0719989
35400	-314.1364	-303.4254	-10.71096	1.298902	0.01282074
35600	-319.5678	-307.0471	-12.52069	1.481764	0.01129505
35800	-312.9465	-305.2663	-7.680256	0.9787359	0.02890618
36000	-313.4391	-305.0703	-8.368832	0.9886803	0.08538909
36200	-314.3911	-303.4779	-10.91315	1.266198	0.06405219
36400	-315.3389	-302.8565	-12.48238	1.487746	0.001253417
36600	-314.9596	-305.5734	-9.38618	1.160561	0.01787647
36800	-313.5328	-304.3024	-9.230425	1.111574	0.04998281
37000	-315.565	-306.9366	-8.628471	0.9113262	0.186678
37200	-317.5478	-311.2826	-6.265273	0.8087139	0.05746368
37400	-313.9754	-305.7282	-8.247205	1.034115	0.03039039
37600	-315.0253	-306.7594	-8.265941	1.055237	0.01209126
37800	-313.3609	-304.579	-8.781956	1.097704	0.02058048
38000	-314.1452	-305.476	-8.6692	1.106414	0.001264125
38200	-316.9656	-303.5668	-13.39877	1.475158	0.1023569
38400	-312.8222	-303.7595	-9.062689	1.144682	0.002312899
38600	-314.5088	-305.0958	-9.412993	1.160557	0.02065258
38800	-315.8111	-308.3227	-7.488371	0.8542055	0.1298435
39000	-313.3527	-305.2464	-8.106241	0.9811685	0.06768314
39200	-312.9509	-305.3448	-7.606146	0.9559032	0.04356047
39400	-315.4703	-304.3815	-11.08882	1.30036	0.04821578
39600	-314.1263	-303.5251	-10.60115	1.182913	0.1129849
39800	-314.6148	-303.7906	-10.82417	1.193274	0.1275964
40000	-313.9366	-304.723	-9.21366	1.012389	0.1426321
40200	-316.0602	-309.7865	-6.273606	0.8250354	0.04138217
40400	-317.6675	-305.1333	-12.53427	1.218862	0.2604702
40600	-313.7822	-304.1637	-9.618497	1.180695	0.02133852
40800	-312.8215	-305.2242	-7.597334	0.9969647	0.003446399
41000	-316.4882	-309.2473	-7.240923	0.8496926	0.1086144
41200	-314.3146	-307.9292	-6.385477	0.8592782	0.01909892
41400	-315.1236	-308.7876	-6.336018	0.8419374	0.03153562
41600	-313.8386	-307.744	-6.094579	0.835018	0.01455531
41800	-315.3797	-305.552	-9.827701	1.001246	0.2153712
42000	-314.2105	-303.9419	-10.26862	1.205131	0.0598518
42200	-314.4904	-305.7969	-8.693495	1.045779	0.06103308
42400	-314.1384	-305.4242	-8.714211	1.069598	0.04052874
42600	-316.1585	-305.2799	-10.8786	1.174064	0.1549189
42800	-316.9714	-307.6814	-9.289987	1.034207	0.1320649
43000	-313.1629	-304.4399	-8.723027	1.056596	0.05449808
43200	-312.8375	-304.8205	-8.016997	1.020329	0.02120734
43400	-313.5774	-304.0097	-9.567734	1.134055	0.06150295
43600	-313.0924	-305.489	-7.603381	0.9813916	0.01901537
43800	-318.2195	-304.919	-13.30043	1.350036	0.2174436
44000	-316.0908	-304.4461	-11.64472	1.044878	0.3439777
44200	-315.2863	-302.8513	-12.435	1.36652	0.1141505
44400	-315.6044	-305.4678	-10.13653	1.22484	0.02985418
44600	-313.9172	-303.8697	-10.0475	1.204309	0.03974102
44800	-317.4039	-309.5151	-7.888771	0.9319972	0.09349504
45000	-316.6119	-303.9861	-12.62577	1.227788	0.2714895
45200	-317.328	-303.6716	-13.65636	1.368316	0.233283
45400	-317.0725	-310.9923	-6.080225	0.7814826	0.06228267
45600	-314.6303	-307.2591	-7.371193	0.9048578	0.06977203
45800	-314.0669	-306.8824	-7.184496	0.8976344	0.05885481
46000	-315.6298	-306.1656	-9.464196	0.9982812	0.1823695
46200	-315.806	-306.4498	-9.356133	1.019939	0.1470491
46400	-318.9025	-304.4035	-14.49905	1.383364	0.3108256
46600	-315.4587	-306.721	-8.737656	1.018233	0.09376208
46800	-313.0175	-304.1914	-8.826141	1.120149	0.003182411
47000	-314.6555	-305.0729	-9.582582	1.059749	0.1369655
47200	-314.1013	-305.4379	-8.663419	1.075682	0.02988737
47400	-314.4659	-305.1167	-9.349117	1.048634	0.1220103
47600	-314.5552	-304.6117	-9.943565	1.137949	0.09434594
47800	-316.8474	-305.8886	-10.95873	1.294013	0.04069462
48000	-316.163	-304.7312	-11.43175	1.251285	0.132248
48200	-314.5181	-304.2345	-10.28361	1.200921	0.06714227
48400	-315.7353	-305.3224	-10.41287	1.075791	0.2011209
48600	-314.1779	-305.5383	-8.639648	0.9763903	0.1215875
48800	-314.0843	-305.8257	-8.258575	0.9734735	0.08983174
49000	-318.4986	-308.4194	-10.07926	0.8098267	0.4133387
49200	-313.4713	-304.3779	-9.093417	1.074683	0.07229789
49400	-313.9775	-307.2583	-6.719239	0.9085855	0.003957757
49600	-317.1907	-303.1318	-14.05892	1.584353	0.06074623
49800	-312.7216	-304.5889	-8.132719	1.024172	0.02849892
50000	-318.2096	-310.4566	-7.752975	0.941087	0.07305294
50200	-315.9766	-304.4885	-11.48803	1.364076	0.02561611
50400	-315.3069	-304.3584	-10.94848	1.142505	0.1872647
50600	-314.8824	-304.3166	-10.56578	1.292588	0.004688373
50800	-316.1402	-308.3208	-7.819474	0.9409125	0.07956673
51000	-313.1774	-305.5176	-7.659799	0.983642	0.02247571
51200	-312.7501	-304.4461	-8.303987	1.041045	0.02905302
51400	-316.0977	-308.7111	-7.38662	0.8533229	0.1199715
51600	-315.3427	-305.4858	-9.856903	1.172537	0.05377552
51800	-315.7877	-306.6625	-9.125186	0.9417301	0.2040959
52000	-312.9947	-303.7842	-9.210506	1.143363	0.01803724
52200	-314.6265	-305.0206	-9.605923	1.082375	0.1152196
52400	-314.5075	-306.001	-8.506513	0.9196169	0.1645522
52600	-315.6648	-305.1156	-10.54925	1.244448	0.05144523
52800	-313.5116	-306.1292	-7.382366	0.956746	0.02144096
53000	-313.4482	-304.671	-8.777206	1.009752	0.103746
53200	-312.961	-305.1052	-7.855798	0.9751045	0.04908235
53400	-314.5639	-307.2772	-7.286697	0.8879125	0.07840473
53600	-313.503	-303.1262	-10.37681	1.270324	0.007920776
53800	-313.0494	-304.7392	-8.310203	1.047341	0.02387895
54000	-313.0425	-303.2401	-9.802409	1.206598	0.01395555
54200	-313.2972	-304.1188	-9.17835	1.068752	0.08642929
54400	-318.0353	-307.2415	-10.79384	0.9961406	0.3156281
54600	-314.2626	-303.4107	-10.85181	1.177488	0.143396
54800	-315.0403	-307.1404	-7.899822	0.9357324	0.0904518
55000	-315.3216	-305.0075	-10.31412	1.069959	0.1944811
55200	-313.6784	-305.3	-8.378407	0.985176	0.08864648
55400	-318.3727	-308.5853	-9.787359	1.188181	0.03139604
55600	-316.9663	-306.8984	-10.06783	1.02184	0.2128436
55800	-312.5579	-303.7943	-8.763601	1.106854	0.009937036
56000	-317.8314	-305.9172	-11.9142	1.228767	0.1950791
56200	-314.6361	-303.1155	-11.52065	1.316878	0.07363996
56400	-315.3508	-303.711	-11.63989	1.272879	0.1281077
56600	-312.8241	-305.2984	-7.525716	0.9857575	0.00736203
56800	-316.5562	-304.8383	-11.7179	1.351902	0.05961578
57000	-315.9561	-308.7979	-7.158183	0.9520922	0.004358472
57200	-313.5831	-304.0885	-9.494633	1.162466	0.02686021
57400	-313.6273	-306.1831	-7.44414	0.9084795	0.07337414
57600	-313.3031	-303.6221	-9.680995	1.139258	0.06740737
57800	-312.9356	-303.4068	-9.528768	1.167656	0.02511996
58000	-316.8259	-304.6494	-12.17654	1.368426	0.0885342
58200	-314.3155	-307.8858	-6.429735	0.8760156	0.007529526
58400	-317.0067	-304.2766	-12.73008	1.244919	0.2665886
58600	-314.785	-303.111	-11.67393	1.40177	0.006323156
58800	-315.1102	-303.8417	-11.26851	1.365249	0.002297664
59000	-313.6527	-303.8637	-9.788996	1.135301	0.0812134
59200	-315.534	-306.5437	-8.990349	0.929228	0.2038909
59400	-316.1881	-304.9092	-11.27896	1.062391	0.2973428
59600	-313.4481	-303.6404	-9.807723	1.146229	0.07309565
59800	-314.6265	-304.2953	-10.33123	1.102699	0.1641125
60000	-313.9494	-303.8998	-10.0496	1.221771	0.02323957
60200	-313.3749	-303.6363	-9.738588	1.175362	0.03807687
60400	-316.1633	-308.4312	-7.732091	0.8610729	0.1465379
60600	-313.3207	-306.4148	-6.90592	0.9215525	0.009471368
60800	-316.1178	-303.1623	-12.95554	1.361045	0.1699116
61000	-315.3673	-303.9226	-11.44467	1.336504	0.04899981
61200	-317.2998	-310.3811	-6.918691	0.789931	0.1370706
61400	-314.3806	-304.753	-9.627617	1.191486	0.01175796
61600	-317.7583	-308.9343	-8.823953	0.9663606	0.1542755
61800	-314.383	-303.101	-11.28199	1.327907	0.03987213
62000	-314.1953	-303.6845	-10.51079	1.262168	0.02874401
62200	-315.1973	-305.4036	-9.793683	1.153649	0.06504864
62400	-315.0702	-308.5361	-6.534094	0.8823172	0.01150108
62600	-312.5906	-304.5994	-7.991189	1.021247	0.01798412
62800	-313.105	-305.9768	-7.128273	0.931477	0.02133189
63000	-314.8833	-305.8012	-9.082111	0.99575	0.1487068
63200	-316.9382	-305.9301	-11.00807	1.156201	0.1849995
63400	-313.3353	-305.0188	-8.316434	0.9840589	0.08421304
63600	-314.2776	-308.069	-6.208683	0.8545464	0.00671093
63800	-315.2261	-307.251	-7.975141	1.008823	0.02891676
64000	-314.8889	-305.9666	-8.922325	1.007004	0.1232271
64200	-313.7101	-304.6445	-9.065653	1.132923	0.01396196
64400	-316.0718	-305.0667	-11.0051	1.191085	0.1433197
64600	-315.2773	-305.8391	-9.438198	1.10386	0.07611994
64800	-314.0416	-304.8468	-9.194735	1.121528	0.0379641
65000	-314.5103	-305.7751	-8.735113	0.9822763	0.1260087
65200	-313.9786	-304.0673	-9.911389	1.214223	0.01695438
65400	-316.276	-303.6629	-12.6131	1.215189	0.274473
65600	-315.3417	-306.289	-9.05265	1.123262	0.02145034
65800	-314.9094	-303.0751	-11.8343	1.31653	0.1053144
66000	-315.9456	-307.6054	-8.340249	0.9734485	0.09669496
66200	-316.3984	-303.1168	-13.28162	1.421661	0.1428668
66400	-316.125	-308.726	-7.398936	0.9375325	0.04000956
66600	-313.4762	-305.5372	-7.939035	0.958216	0.07331942
66800	-314.7579	-306.1832	-8.574646	1.018145	0.07782709
67000	-313.0743	-304.129	-8.945237	1.064596	0.06790265
67200	-314.6993	-304.2233	-10.47607	1.221521	0.06518482
67400	-316.3518	-307.6011	-8.750773	1.003263	0.1092843
67600	-315.3877	-307.979	-7.408751	0.9500977	0.02974592
67800	-315.9392	-307.5251	-8.414051	0.978246	0.1031185
68000	-316.9154	-304.9888	-11.92655	1.202674	0.2239118
68200	-313.7243	-303.9928	-9.731528	1.178973	0.03438863
68400	-313.8379	-303.7649	-10.07309	1.159018	0.08717561
68600	-313.8725	-305.1104	-8.762021	1.011975	0.1012007
68800	-313.5316	-305.2627	-8.268869	1.046279	0.02060496
69000	-317.5157	-310.4675	-7.048166	0.7459112	0.1895445
69200	-318.4279	-306.6671	-11.76079	1.283956	0.1257638
69400	-313.9687	-303.7301	-10.23857	1.201618	0.06163339
69600	-314.3315	-305.9263	-8.405169	1.057619	0.02314985
69800	-313.9073	-305.9119	-7.995428	1.03252	0.007698866
70000	-313.1828	-305.2616	-7.921155	1.019999	0.01225974
70200	-313.8256	-303.8926	-9.933043	1.152536	0.07884268
70400	-317.4935	-304.1548	-13.33872	1.187219	0.3827004
70600	-313.8535	-305.8176	-8.035935	0.9606129	0.08102182
70800	-315.6179	-308.2127	-7.40512	0.9094822	0.06963303
71000	-313.7959	-307.3066	-6.489316	0.8544077	0.03357463
71200	-314.1023	-303.1304	-10.97198	1.259178	0.07620597
71400	-317.4544	-302.9351	-14.51932	1.344495	0.3354063
71600	-314.6541	-306.43	-8.224171	0.9861227	0.07549784
71800	-317.8151	-307.124	-10.69113	1.28462	0.02364702
72000	-315.3791	-302.9352	-12.44383	1.401975	0.08169777
72200	-313.604	-303.5124	-10.0916	1.159406	0.08713589
72400	-315.2744	-308.5962	-6.678171	0.907298	0.001276558
72600	-314.3186	-307.8605	-6.458144	0.8806346	0.005710609
72800	-315.3721	-304.986	-10.38608	1.076216	0.1999777
73000	-316.4635	-305.7913	-10.67214	1.278743	0.02861036
73200	-314.4772	-303.7757	-10.70147	1.220518	0.08780718
73400	-315.0143	-304.0539	-10.96041	1.186233	0.1460405
73600	-314.4576	-307.0542	-7.403387	0.8923455	0.08499718
73800	-314.0483	-307.3768	-6.671517	0.9011671	0.006598285
74000	-317.1593	-307.8876	-9.271719	1.151831	0.01617503
74200	-313.939	-304.8257	-9.113302	1.036757	0.111185
74400	-313.367	-303.7	-9.667043	1.169083	0.03728507
74600	-313.1808	-304.6413	-8.539527	1.068897	0.02508271
74800	-313.1461	-303.8979	-9.248223	1.111292	0.05274699
75000	-319.1774	-308.9102	-10.26714	0.9693473	0.2909798
75200	-315.91	-308.8454	-7.06453	0.8878598	0.056406
75400	-314.9408	-304.1582	-10.78257	1.065546	0.243408
75600	-315.1058	-307.2224	-7.883412	0.9125968	0.1099212
75800	-313.7637	-304.5787	-9.185	1.15497	0.004130438
76000	-314.4162	-304.8982	-9.518031	1.096622	0.09201802
76200	-313.5694	-304.8299	-8.739427	1.026591	0.08517913
76400	-315.3458	-302.9932	-12.3526	1.33377	0.1376772
76600	-317.6523	-306.8018	-10.85054	1.182262	0.1374659
76800	-315.7963	-307.7744	-8.021923	0.9444648	0.09185541
77000	-313.986	-304.1825	-9.803442	1.125914	0.09264499
77200	-315.6683	-307.7122	-7.956181	0.9397312	0.09307046
77400	-316.6654	-306.2982	-10.3672	1.127179	0.1474036
77600	-314.4667	-305.0544	-9.412368	1.139451	0.04043307
77800	-316.2216	-303.6065	-12.61514	1.18533	0.3056841
78000	-313.1914	-304.2366	-8.954736	1.078857	0.05488373
78200	-315.4365	-308.8934	-6.543147	0.8477071	0.04512459
78400	-314.5271	-307.2951	-7.231979	0.9036967	0.0569195
78600	-314.8032	-306.1748	-8.628418	0.9732439	0.1247978
78800	-314.6603	-305.3687	-9.291616	0.9517199	0.2076136
79000	-313.8964	-304.6865	-9.209957	1.142592	0.01868367
79200	-314.018	-304.8541	-9.16393	1.086982	0.06764221
79400	-314.4191	-307.4423	-6.976801	0.9288775	0.009316395
79600	-313.0169	-304.3766	-8.640278	1.104742	7.831024e-05
79800	-314.0051	-304.7756	-9.229566	1.018386	0.1395613
80000	-313.4486	-304.779	-8.669575	1.073715	0.03296232
80200	-318.8443	-309.1951	-9.649142	0.9850351	0.2025326
80400	-316.4789	-309.1441	-7.334787	0.8980812	0.07521584
80600	-318.4079	-311.1952	-7.212714	0.9135447	0.04453067
80800	-315.6638	-304.3836	-11.28018	1.079772	0.2758857
81000	-314.2923	-305.7018	-8.590478	0.956916	0.1380607
81200	-313.8265	-304.4968	-9.329679	1.067212	0.1036341
81400	-314.5906	-308.1628	-6.427843	0.8140282	0.06584826
81600	-318.5676	-308.3536	-10.21397	0.8207608	0.4165362
81800	-322.7378	-304.1385	-18.59938	1.703757	0.3917162
82000	-316.6619	-307.0295	-9.632376	1.134307	0.0699514
82200	-314.6186	-306.1811	-8.437466	0.9495205	0.1284673
82400	-312.725	-303.8743	-8.850714	1.093667	0.03102659
82600	-316.3801	-305.5996	-10.7805	1.011776	0.291941
82800	-314.9347	-303.9075	-11.02723	1.285921	0.05663598
83000	-314.5256	-305.5951	-8.93044	1.096588	0.03547363
83200	-315.2296	-308.0379	-7.191652	0.8662664	0.09083359
83400	-313.3611	-304.9914	-8.369644	1.06025	0.01713463
83600	-312.8979	-305.0062	-7.891701	0.9889281	0.03931719
83800	-318.1731	-309.8454	-8.327661	0.9493079	0.1225434
84000	-313.2571	-305.7457	-7.511357	0.9596124	0.03073371
84200	-318.4523	-304.4546	-13.99777	1.285294	0.3396509
84400	-317.8789	-309.5792	-8.29971	0.9152327	0.1461596
84600	-314.1204	-303.1388	-10.98154	1.301479	0.0364448
84800	-314.6781	-308.9958	-5.682237	0.7878858	0.02014049
85000	-314.6567	-305.0138	-9.642876	0.9997981	0.1973643
85200	-320.2119	-303.1388	-17.07306	1.527349	0.4144048
85400	-316.6515	-303.2107	-13.44082	1.372541	0.2064308
85600	-314.0228	-304.0589	-9.9639	1.161604	0.07369754
85800	-315.3256	-306.5722	-8.753462	1.081289	0.03372192
86000	-315.4074	-304.7221	-10.68535	1.207538	0.09654384
86200	-314.9664	-304.6064	-10.36006	1.170155	0.1016032
86400	-313.0176	-304.3491	-8.668464	1.081682	0.0253299
86600	-314.5706	-305.1349	-9.435754	1.04648	0.1307024
86800	-315.1181	-304.5492	-10.56894	1.255295	0.04145989
87000	-315.0434	-303.9101	-11.13334	1.234342	0.1163102
87200	-315.8497	-306.3982	-9.451492	1.073525	0.1079375
87400	-315.3228	-306.1326	-9.190185	1.014848	0.1406937
87600	-314.861	-304.1361	-10.72497	1.198453	0.1139562
87800	-312.8487	-304.8031	-8.045598	1.036579	0.008336507
88000	-316.0747	-304.1229	-11.95176	1.355306	0.07753042
88200	-318.4527	-311.5008	-6.951849	0.8814451	0.05053276
88400	-313.8584	-304.5185	-9.33991	1.143923	0.03058707
88600	-314.1669	-303.1471	-11.01978	1.256777	0.0831231
88800	-314.2358	-304.4582	-9.777615	1.21551	0.002975973
89000	-318.1996	-307.3087	-10.89087	1.01565	0.3064293
89200	-313.0848	-304.222	-8.862824	1.066859	0.05821801
89400	-313.5801	-306.4647	-7.115458	0.9462254	0.00587036
89600	-313.7446	-306.5839	-7.160744	0.9047847	0.04959193
89800	-314.767	-307.4988	-7.268177	0.9349332	0.03208235
90000	-313.988	-304.7544	-9.233593	1.081146	0.0788594
90200	-315.5466	-302.9888	-12.55778	1.484572	0.01167812
90400	-314.2507	-305.9582	-8.292414	0.9894262	0.07709004
90600	-312.9341	-305.8449	-7.089164	0.9222237	0.02626354
90800	-314.1994	-303.786	-10.41345	1.213173	0.06762675
91000	-313.3001	-303.361	-9.939112	1.228248	0.006282773
91200	-312.9481	-304.468	-8.480104	1.06822	0.01992454
91400	-313.9055	-303.9305	-9.975016	1.147196	0.08897287
91600	-313.2896	-306.883	-6.406602	0.8769936	0.004262067
91800	-315.8253	-303.2508	-12.57452	1.472596	0.02497098
92000	-314.3193	-305.7845	-8.534786	1.008063	0.08344321
92200	-315.303	-303.9198	-11.38324	1.168148	0.2048966
92400	-315.9619	-304.3427	-11.61922	1.131031	0.266497
92600	-312.9119	-305.3572	-7.554659	0.9714396	0.02356466
92800	-312.8987	-304.6483	-8.250335	1.06387	0.001914895
93000	-315.1864	-302.9205	-12.26593	1.323404	0.1397913
93200	-313.4994	-305.6338	-7.86553	0.993813	0.03255149
93400	-312.9659	-303.9398	-9.026097	1.099158	0.04252539
93600	-313.1445	-303.628	-9.516434	1.161957	0.02940315
93800	-314.6197	-304.7283	-9.891364	1.031083	0.192489
94000	-315.3043	-307.3745	-7.92976	1.019393	0.01403463
94200	-317.8256	-304.2161	-13.60947	1.472034	0.1277029
94400	-314.4028	-307.587	-6.815827	0.8991453	0.02265045
94600	-317.4025	-305.7606	-11.64189	1.363922	0.04180217
94800	-318.7569	-303.8414	-14.91547	1.495174	0.2312389
95000	-315.0381	-307.631	-7.407121	0.8812078	0.09655667
95200	-314.3084	-305.6465	-8.661919	1.09732	0.009454432
95400	-318.41	-308.7019	-9.708124	1.127836	0.07755374
95600	-313.9114	-306.0747	-7.836649	0.9136221	0.106052
95800	-313.5779	-306.5907	-6.987156	0.8993122	0.03819553
96000	-315.763	-303.3792	-12.38372	1.21271	0.2601229
96200	-317.2107	-305.8725	-11.33814	1.030666	0.3234302
96400	-313.1313	-306.0872	-7.044152	0.940272	0.004712341
96600	-319.3487	-313.4461	-5.902537	0.7952968	0.03294299
96800	-318.0858	-311.9197	-6.166124	0.8193556	0.03701776
97000	-316.8502	-312.2694	-4.580795	0.6974829	0.001311897
97200	-314.6759	-304.7593	-9.916631	1.088783	0.1391726
97400	-315.4507	-304.0202	-11.43045	1.247554	0.1305529
97600	-314.7668	-303.995	-10.77177	1.203411	0.1109051
97800	-317.3593	-302.9123	-14.44701	1.353941	0.3227512
98000	-317.761	-306.398	-11.36304	1.202793	0.1706872
98200	-320.7889	-306.9226	-13.86637	1.341587	0.2764025
98400	-314.0992	-306.3153	-7.783913	0.9753031	0.04229541
98600	-314.674	-303.1943	-11.47969	1.382347	0.006337782
98800	-316.4636	-308.2682	-8.195481	0.9393888	0.116746
99000	-316.2066	-308.1853	-8.021276	0.9412791	0.09891973
99200	-315.3258	-303.2303	-12.09551	1.396193	0.05228213
99400	-314.3328	-304.605	-9.72779	1.213489	8.109209e-05
99600	-316.4131	-303.5065	-12.90665	1.347434	0.1766141
99800	-313.2129	-304.3984	-8.814515	1.08892	0.03205421
100000	-315.443	-304.0905	-11.35242	1.221178	0.1540155
100200	-314.8933	-308.2108	-6.682508	0.8819387	0.02540941
100400	-317.7775	-306.1287	-11.64878	1.155037	0.2453041
100600	-313.9372	-306.2445	-7.692709	0.9932071	0.0163263
100800	-313.3906	-304.6493	-8.741294	1.029423	0.082733
101000	-313.6361	-303.9513	-9.684762	1.160965	0.04647109
101200	-314.1474	-304.7561	-9.391344	1.171343	0.008383452
101400	-313.5531	-305.8061	-7.74705	1.009742	0.005461197
101600	-313.5369	-305.6631	-7.873797	0.9776899	0.04874611
101800	-318.0003	-310.2337	-7.766622	1.001216	0.01484082
102000	-314.1107	-304.2434	-9.867305	1.110262	0.1146667
102200	-313.7712	-303.7138	-10.05742	1.232248	0.0140272
102400	-315.3906	-307.6134	-7.777157	0.8838322	0.128177
102600	-314.0762	-306.1436	-7.93262	0.9137885	0.1148791
102800	-314.9469	-307.714	-7.232901	0.9066812	0.0540271
103000	-315.9717	-306.8431	-9.128678	1.033713	0.1135529
103200	-313.1839	-306.0581	-7.125756	0.919262	0.03274149
103400	-317.7818	-307.4113	-10.37047	1.244467	0.03327219
103600	-319.9307	-308.5166	-11.4141	1.076496	0.2960166
103800	-314.8478	-303.2985	-11.54927	1.375423	0.0201868
104000	-313.0079	-305.24	-7.767867	0.9657917	0.04927289
104200	-315.5543	-307.1751	-8.37922	0.879776	0.1916761
104400	-315.043	-306.3779	-8.665068	0.9038416	0.1920911
104600	-316.2587	-303.7928	-12.46589	1.18415	0.2890558
104800	-315.0654	-305.9247	-9.140625	0.9617515	0.1825188
105000	-316.7286	-303.6668	-13.06172	1.175455	0.3570799
105200	-313.9911	-307.2051	-6.78605	0.890595	0.02747544
105400	-313.3418	-303.1194	-10.22242	1.233987	0.02810806
105600	-317.1256	-310.8951	-6.230501	0.856857	0.006462452
105800	-313.2416	-305.0974	-8.144179	1.039927	0.01498298
106000	-316.2129	-304.1154	-12.0975	1.404801	0.04498223
106200	-316.6257	-307.8336	-8.792094	1.094912	0.02469149
106400	-314.3315	-304.0319	-10.29962	1.10348	0.1625079
106600	-312.6681	-304.8978	-7.770278	0.9939223	0.02276559
106800	-313.4264	-304.7329	-8.693548	1.066697	0.04203345
107000	-313.9352	-304.3514	-9.583806	1.141047	0.05541701
107200	-313.4152	-305.8748	-7.54039	0.9224391	0.069153
107400	-316.0501	-303.1154	-12.93471	1.2454	0.2780296
107600	-314.7623	-306.8136	-7.948722	0.8938116	0.1335432
107800	-317.4755	-306.5596	-10.91597	1.095465	0.2281123
108000	-319.2827	-308.4782	-10.80443	1.040745	0.2759412
108200	-314.3043	-307.2881	-7.016199	0.9406321	0.001705817
108400	-316.9105	-307.2671	-9.643403	1.009905	0.1899783
108600	-313.7027	-304.8499	-8.852786	1.074803	0.04975423
108800	-313.1549	-304.3543	-8.800588	1.100984	0.01929004
109000	-314.2218	-304.5832	-9.638659	1.152882	0.05002653
109200	-315.9585	-305.3695	-10.58901	1.081111	0.2145605
109400	-314.522	-303.5014	-11.02065	1.314371	0.02829159
109600	-313.5307	-303.3224	-10.2083	1.221585	0.03883531
109800	-317.2483	-303.1178	-14.13052	1.489058	0.1605941
110000	-315.8927	-307.0231	-8.869591	1.111621	0.01623547
110200	-317.4393	-309.5062	-7.933132	0.8078512	0.2170838
110400	-314.2675	-306.1084	-8.159078	1.007409	0.04769307
110600	-315.3123	-304.4061	-10.90617	1.257904	0.07225332
110800	-314.4439	-305.45	-8.993879	1.081657	0.05610242
111000	-313.6248	-303.3586	-10.26622	1.201745	0.06384028
111200	-314.0536	-307.176	-6.877601	0.8952467	0.03215083
111400	-314.2275	-305.7021	-8.525435	1.064258	0.02872355
111600	-313.947	-304.9869	-8.960103	1.000384	0.130298
111800	-314.8692	-305.1276	-9.74161	1.040657	0.1668009
112000	-313.4956	-304.9086	-8.586943	1.011874	0.08322491
112200	-312.9372	-304.2898	-8.647363	1.062911	0.04089375
112400	-316.4765	-306.1564	-10.32008	1.067132	0.2023163
112600	-314.3309	-305.3752	-8.955711	0.9884308	0.1403407
112800	-312.9061	-305.5293	-7.376765	0.9589302	0.01866048
113000	-315.9032	-303.8496	-12.05361	1.34877	0.09531137
113200	-314.4759	-307.7222	-6.753702	0.9130975	0.002878232
113400	-315.0926	-307.1921	-7.900548	0.9208212	0.1074957
113600	-313.6138	-305.0035	-8.610308	1.042993	0.05758761
113800	-312.9678	-305.5591	-7.408699	0.9639686	0.01683693
114000	-314.0149	-303.8291	-10.18586	1.176282	0.08175989
114200	-314.3225	-303.4162	-10.90627	1.199802	0.1284223
114400	-315.196	-303.3886	-11.80736	1.318737	0.09996163
114600	-314.0939	-303.7023	-10.39166	1.224835	0.05422578
114800	-313.9527	-303.8752	-10.07753	1.228028	0.01996874
115000	-314.1853	-304.532	-9.653333	1.141288	0.06342463
115200	-314.5365	-304.9433	-9.593173	1.167369	0.03107539
115400	-320.1408	-309.7872	-10.35364	1.270217	0.005442268
115600	-315.1878	-303.1194	-12.06847	1.314407	0.1300316
115800	-318.2373	-310.3921	-7.845212	0.9735094	0.05210866
116000	-314.2181	-302.8903	-11.32778	1.36914	0.00431163
116200	-314.4495	-307.9093	-6.540172	0.8631508	0.02975791
116400	-314.6677	-303.4093	-11.25842	1.198902	0.1634606
116600	-313.836	-305.429	-8.406987	0.9743811	0.101795
116800	-314.9365	-305.5523	-9.384123	1.094086	0.08297556
117000	-313.9632	-304.9793	-8.983876	1.009801	0.1250297
117200	-312.8254	-303.8335	-8.991934	1.096462	0.04179275
117400	-313.8088	-306.5396	-7.269262	0.9552524	0.01193356
117600	-313.6927	-304.5447	-9.147989	1.071488	0.08175163
117800	-314.5197	-305.9227	-8.59695	0.9632252	0.132924
118000	-312.9705	-305.2536	-7.71683	0.9928515	0.01864597
118200	-316.0159	-306.5086	-9.507239	1.013569	0.1726413
118400	-313.6415	-305.139	-8.502584	0.9766259	0.1098933
118600	-314.6413	-305.742	-8.899366	1.012088	0.116488
118800	-313.3512	-305.0016	-8.349593	1.046584	0.02789063
119000	-314.4845	-304.1206	-10.3639	1.15336	0.1200505
119200	-314.0138	-304.1635	-9.850265	1.204797	0.02038385
119400	-315.7312	-304.9702	-10.76098	1.039457	0.2670225
119600	-315.114	-308.1546	-6.959491	0.8586936	0.07542293
119800	-314.3608	-307.3648	-6.995966	0.9070747	0.03154505
120000	-316.9039	-306.8962	-10.00765	1.239148	0.002303029
120200	-315.2359	-309.6006	-5.635244	0.7812293	0.02208337
120400	-316.1878	-303.1189	-13.06893	1.359116	0.1849522
120600	-316.7508	-305.7688	-10.98204	1.039089	0.2871345
120800	-317.1912	-305.2071	-11.98414	1.255557	0.1800795
121000	-315.258	-307.6657	-7.592267	0.9994336	0.000573319
121200	-314.3346	-305.4915	-8.84305	1.070958	0.05219496
121400	-315.4213	-307.4295	-7.991764	0.8878766	0.1430853
121600	-313.798	-303.2292	-10.56887	1.219773	0.07569282
121800	-316.2116	-306.5829	-9.628695	1.069252	0.1277763
122000	-313.223	-305.1694	-8.053619	0.9929358	0.05115469
122200	-316.4177	-303.1331	-13.28461	1.568095	0.00114638
122400	-315.2713	-303.5788	-11.69249	1.401653	0.00843404
122600	-314.3085	-303.6584	-10.65017	1.221888	0.08226635
122800	-313.0141	-304.0958	-8.918303	1.106266	0.02530723
123000	-317.5372	-310.4716	-7.065556	0.8052314	0.1361003
123200	-319.7035	-305.2481	-14.45539	1.407887	0.2819199
123400	-312.7501	-303.7137	-9.036392	1.129553	0.0144278
123600	-313.5158	-305.4127	-8.103054	1.008307	0.0405906
123800	-314.7638	-303.9892	-10.77459	1.23195	0.08232025
124000	-314.1738	-305.3518	-8.821986	1.1123	0.01058652
124200	-320.5061	-311.6817	-8.824333	1.07126	0.04780872
124400	-316.0644	-306.7712	-9.293169	1.046943	0.1220155
124600	-313.7203	-304.804	-8.916381	0.994075	0.1322578
124800	-313.4283	-305.8107	-7.617594	0.9789005	0.02268504
125000	-312.6615	-304.1466	-8.514842	1.062487	0.02859784
125200	-312.8639	-304.222	-8.641878	1.078111	0.02576895
125400	-312.6983	-305.1102	-7.588076	0.9956676	0.003772124
125600	-321.8749	-310.1298	-11.74507	1.136936	0.272504
125800	-314.3392	-304.6017	-9.737546	1.017209	0.1894351
126000	-313.8152	-304.6422	-9.173047	1.139053	0.01806513
126200	-312.532	-304.2372	-8.294784	1.070048	0.0002172012
126400	-313.0572	-304.7954	-8.261842	1.026069	0.03919243
126600	-316.7699	-307.8996	-8.870254	0.9338268	0.1882336
126800	-313.0424	-305.7226	-7.319753	0.9616347	0.01078063
127000	-318.2093	-306.3952	-11.81412	1.128972	0.2850514
127200	-318.8505	-303.91	-14.94042	1.401502	0.3277652
127400	-312.9259	-304.773	-8.152912	1.000699	0.05298996
127600	-313.9653	-303.5548	-10.41058	1.260027	0.02104775
127800	-312.557	-304.6259	-7.931101	1.026292	0.007332748
128000	-317.8629	-305.1503	-12.71256	1.148982	0.3521952
128200	-313.4235	-303.1283	-10.29527	1.26499	0.005163975
128400	-314.32	-303.9217	-10.39826	1.210232	0.06838048
128600	-313.7801	-303.6505	-10.12955	1.13781	0.1121019
128800	-314.9185	-308.918	-6.000481	0.8153893	0.02443869
129000	-314.5107	-303.3323	-11.17843	1.34694	0.01138934
129200	-313.5823	-305.2795	-8.302836	1.052134	0.01861362
129400	-314.1678	-307.2314	-6.936352	0.8914252	0.04125519
129600	-316.2868	-306.4063	-9.880456	1.138875	0.08750106
129800	-314.1139	-305.0761	-9.037803	1.016925	0.1242318
130000	-315.1996	-305.7154	-9.484142	1.030742	0.1535987
130200	-313.8149	-304.6367	-9.178284	1.137228	0.02080746
130400	-313.587	-304.1441	-9.442857	1.164113	0.02002997
130600	-314.6549	-307.6223	-7.032638	0.9080757	0.03450058
130800	-317.5106	-303.2755	-14.23509	1.448263	0.2097543
131000	-314.6952	-306.5061	-8.189095	1.005541	0.05078519
131200	-312.8071	-304.0875	-8.719608	1.077863	0.03348301
131400	-315.2565	-307.3007	-7.955819	0.899954	0.1326083
131600	-313.2251	-303.6045	-9.6206	1.145957	0.0548135
131800	-313.468	-303.7827	-9.68533	1.209064	0.0002528306
132000	-315.6683	-308.4624	-7.205927	0.9401486	0.01969852
132200	-315.5098	-304.3477	-11.16206	1.319641	0.03651428
132400	-313.4388	-306.4496	-6.989267	0.9171739	0.02128004
132600	-313.7214	-303.2842	-10.43719	1.271562	0.01244705
132800	-314.263	-305.2361	-9.026849	1.129261	0.0135778
133000	-314.6782	-307.1488	-7.529348	0.9160308	0.07279434
133200	-318.1339	-305.4799	-12.65404	1.448806	0.05720536
133400	-316.3815	-304.4743	-11.90722	1.064869	0.3501761
133600	-314.597	-306.2822	-8.314852	0.9695915	0.09703416
133800	-315.3142	-305.5945	-9.719714	1.027406	0.1808883
134000	-313.8414	-304.458	-9.383459	1.077219	0.09930176
134200	-315.4015	-306.1015	-9.299979	1.024031	0.1414028
134400	-313.6748	-303.8934	-9.781356	1.200307	0.01825406
134600	-318.1513	-307.1263	-11.02501	1.081074	0.2561918
134800	-314.1595	-306.6924	-7.467094	0.9813954	0.005830215
135000	-314.6884	-306.6635	-8.024929	1.013998	0.02829142
135200	-315.0176	-307.1417	-7.875899	1.00662	0.02082265
135400	-314.7923	-303.5588	-11.2335	1.217395	0.1422305
135600	-315.3048	-307.7542	-7.55065	0.9888442	0.00684835
135800	-313.9903	-305.3433	-8.646967	1.05997	0.04367591
136000	-313.7786	-306.2369	-7.541675	0.9897402	0.005064219
136200	-315.1789	-303.8285	-11.35033	1.359454	0.01601498
136400	-313.3786	-303.5099	-9.868652	1.157166	0.06810452
136600	-318.5851	-307.7237	-10.86135	1.196788	0.1274488
136800	-315.9063	-303.6832	-12.22311	1.371748	0.08831158
137000	-314.9843	-309.5119	-5.472351	0.7843238	0.003552584
137200	-314.3451	-304.4648	-9.880355	1.219002	0.009410182
137400	-316.3529	-305.4469	-10.90603	1.245103	0.08479747
137600	-314.1512	-303.7882	-10.363	1.19572	0.07815803
137800	-313.6097	-303.6018	-10.00783	1.134407	0.1034089
138000	-316.4797	-309.7754	-6.704337	0.8729068	0.0372008
138200	-315.4411	-309.4272	-6.013934	0.8003661	0.03908009
138400	-313.9497	-304.574	-9.375726	1.128228	0.04814473
138600	-317.2041	-305.6465	-11.55757	1.16968	0.2277924
138800	-317.1884	-303.9433	-13.24512	1.564328	0.0009663206
139000	-316.7545	-304.2372	-12.51729	1.280221	0.2054827
139200	-317.7131	-310.7663	-6.946782	0.7970803	0.1303724
139400	-313.8006	-303.5376	-10.26293	1.184531	0.08066926
139600	-312.6517	-305.2105	-7.441221	0.9762306	0.008364845
139800	-314.4443	-304.3237	-10.12064	1.246822	0.005809883
140000	-315.8461	-305.3774	-10.4687	1.167372	0.1170416
140200	-314.793	-307.9578	-6.835131	0.854335	0.06604541
140400	-313.5871	-305.8455	-7.74163	0.9339488	0.07713435
140600	-314.8001	-307.3445	-7.455565	0.8950877	0.08856735
140800	-313.5699	-305.3438	-8.226081	1.020892	0.04157299
141000	-314.4333	-302.8752	-11.55802	1.361852	0.03368991
141200	-313.3622	-304.3552	-9.007041	1.070648	0.06805539
141400	-313.0988	-305.4268	-7.671955	0.9924366	0.01505128
141600	-314.197	-304.8205	-9.376481	1.064702	0.1099512
141800	-313.4409	-304.4429	-8.99795	1.060871	0.07747107
142000	-314.0148	-304.1587	-9.856104	1.226039	0.0003650682
142200	-313.2179	-304.5169	-8.700963	1.085496	0.02427582
142400	-318.4943	-307.4851	-11.00928	1.136074	0.1942628
142600	-314.2414	-303.3419	-10.89949	1.313731	0.01650211
142800	-316.6572	-308.7163	-7.940878	0.9283873	0.1019818
143000	-316.7597	-310.0118	-6.747946	0.866456	0.04777884
143200	-312.74	-304.4111	-8.328866	1.068663	0.004838993
143400	-313.2327	-303.5841	-9.64864	1.184149	0.0209504
143600	-316.4056	-306.6875	-9.718037	1.17699	0.03396335
143800	-317.622	-306.0135	-11.60848	1.210136	0.1888516
144000	-315.2749	-306.1538	-9.121117	1.029479	0.1166752
144200	-317.0794	-305.7855	-11.29384	1.037528	0.3176093
144400	-315.045	-304.5616	-10.4834	1.256592	0.03189243
144600	-313.2382	-303.6386	-9.599576	1.185896	0.01452808
144800	-315.8377	-306.3917	-9.446035	1.051568	0.1283619
145000	-314.1183	-305.7101	-8.408159	1.015391	0.06303702
145200	-314.1169	-307.2048	-6.91215	0.8678371	0.06157102
145400	-313.3228	-305.302	-8.020815	1.0084	0.03281325
145600	-314.0805	-305.2796	-8.800891	1.01157	0.1053705
145800	-317.1047	-304.116	-12.98872	1.38985	0.1501206
146000	-314.4325	-305.3022	-9.13033	0.9736389	0.1735713
146200	-313.9052	-307.0893	-6.815878	0.9184999	0.003720397
146400	-314.1651	-305.2979	-8.867266	1.126875	0.0006180845
146600	-316.0117	-306.7921	-9.219558	1.092097	0.0661397
146800	-313.6329	-304.1543	-9.478674	1.133116	0.05428833
147000	-313.994	-304.3432	-9.650751	1.072465	0.129754
147200	-313.6046	-305.5392	-8.065386	0.9541808	0.08962094
147400	-315.1436	-305.2808	-9.862766	1.080087	0.1399237
147600	-317.2699	-305.9521	-11.31778	1.230505	0.134885
147800	-316.6566	-304.8538	-11.80272	1.256426	0.162769
148000	-315.6067	-304.6295	-10.97717	1.102363	0.2286527
148200	-314.2598	-303.7384	-10.52141	1.134925	0.1528906
148400	-314.2251	-305.8242	-8.400923	1.076636	0.004045833
148600	-314.9938	-303.4345	-11.55924	1.257149	0.1360616
148800	-314.9661	-303.4015	-11.5646	1.370942	0.0260162
149000	-314.6979	-303.0135	-11.68433	1.393231	0.01551
149200	-313.2878	-303.6331	-9.654701	1.174078	0.03103835
149400	-313.8179	-305.0674	-8.750465	1.02413	0.08858628
149600	-316.9894	-304.311	-12.67838	1.207295	0.2949942
149800	-315.35	-307.466	-7.883972	0.9587284	0.06575344
150000	-313.4305	-305.6595	-7.770917	0.9728175	0.04335511
150200	-314.5731	-305.7253	-8.847788	1.032363	0.09191547
150400	-316.6025	-308.4851	-8.117396	0.9569295	0.08819217
150600	-313.8777	-303.0499	-10.82782	1.264624	0.05695917
150800	-313.3486	-304.8064	-8.542173	1.077883	0.01675314
151000	-315.0624	-308.8877	-6.174671	0.8088374	0.04625352
151200	-316.8726	-306.408	-10.46459	1.140621	0.1397235
151400	-316.314	-306.2272	-10.0868	0.9240219	0.3074808
151600	-313.4252	-303.3256	-10.09964	1.182881	0.06557149
151800	-315.1857	-305.6821	-9.503665	1.18916	0.001952177
152000	-313.4433	-306.5343	-6.909048	0.9046955	0.02578341
152200	-316.9364	-303.4456	-13.49071	1.544684	0.04391547
152400	-315.9642	-305.9895	-9.97477	1.106375	0.1288845
152600	-313.5362	-305.0892	-8.447039	1.064622	0.02056984
152800	-313.7196	-306.8428	-6.876781	0.9057494	0.02177094
153000	-313.2865	-306.3946	-6.891915	0.9295918	0.0003783133
153200	-314.2478	-305.0875	-9.160253	0.9775883	0.1714874
153400	-315.1091	-304.8948	-10.21429	1.258759	0.003322062
153600	-314.341	-303.2868	-11.05424	1.275347	0.06849425
153800	-312.9721	-303.5104	-9.461734	1.179444	0.007323816
154000	-314.6481	-304.5116	-10.13649	1.224888	0.02848224
154200	-313.5554	-303.3363	-10.21912	1.214485	0.04695103
154400	-314.8417	-303.9602	-10.88153	1.083185	0.2363474
154600	-314.8072	-304.0191	-10.78808	1.173642	0.1440504
154800	-314.1707	-306.0335	-8.13716	1.054192	0.0003009856
155000	-315.9376	-304.0973	-11.84027	1.215152	0.2010849
155200	-314.8116	-307.2791	-7.532518	0.963254	0.03035142
155400	-313.8358	-306.799	-7.036762	0.9004309	0.04250251
155600	-313.7843	-306.1097	-7.674577	0.9319502	0.07315423
155800	-315.3463	-304.8364	-10.50993	1.118264	0.1686222
156000	-316.0734	-306.0559	-10.01749	1.035144	0.2050167
156200	-313.6214	-303.1344	-10.48695	1.22824	0.05922039
156400	-315.3468	-307.8545	-7.492324	0.8702315	0.1161848
156600	-315.9852	-307.6995	-8.285688	0.9970373	0.07084389
156800	-313.707	-305.0935	-8.613583	1.021062	0.07835727
157000	-316.8305	-305.174	-11.65658	1.291765	0.1123057
157200	-317.9897	-312.3382	-5.651594	0.7808132	0.02351346
157400	-315.6938	-303.642	-12.05174	1.319325	0.1233674
157600	-314.187	-303.7745	-10.41249	1.106271	0.1692028
157800	-314.5345	-304.3509	-10.18363	1.20595	0.05302844
158000	-314.3302	-302.8979	-11.43233	1.355694	0.02762049
158200	-315.324	-303.8587	-11.46526	1.190182	0.1934486
158400	-315.5646	-307.077	-8.487544	1.047503	0.04173936
158600	-316.786	-310.5111	-6.274924	0.8048844	0.06115205
158800	-313.7183	-304.919	-8.799238	1.119916	0.000780995
159000	-312.7172	-304.3212	-8.396048	1.068951	0.01111239
159200	-316.2752	-304.3304	-11.94481	1.042915	0.376023
159400	-313.118	-305.2382	-7.87986	1.00515	0.02264787
159600	-313.9703	-307.5738	-6.396505	0.8430481	0.03551403
159800	-314.6476	-306.0138	-8.633807	0.9692933	0.1307711
160000	-314.144	-304.2716	-9.872401	1.130146	0.09629528
160200	-321.3764	-308.6577	-12.71872	1.512197	0.0004579836
160400	-313.4656	-304.803	-8.6626	1.095888	0.01102447
160600	-316.1487	-309.0104	-7.138262	0.8131392	0.1358924
160800	-315.4087	-309.3691	-6.039633	0.8251051	0.0185721
161000	-313.0771	-305.8597	-7.217408	0.9276948	0.03330126
161200	-313.2368	-305.8276	-7.409223	0.9434049	0.03678868
161400	-313.0422	-304.7892	-8.253014	1.020532	0.04373873
161600	-313.3976	-306.4238	-6.973825	0.9152371	0.0217205
161800	-315.4751	-307.1765	-8.298538	0.9168688	0.143895
162000	-313.0936	-304.6855	-8.408156	1.062886	0.01819509
162200	-316.9157	-305.588	-11.32771	1.139826	0.2310548
162400	-315.5349	-304.5931	-10.94179	1.224509	0.1074939
162600	-318.1469	-304.3195	-13.82734	1.527018	0.0945052
162800	-315.6547	-304.1094	-11.54523	1.186201	0.1995391
163000	-315.0126	-304.2215	-10.79114	1.222914	0.09468056
163200	-314.5588	-305.5074	-9.051456	1.137853	0.007784813
163400	-313.53	-305.3897	-8.140315	1.000529	0.05230074
163600	-315.4783	-303.3941	-12.08417	1.413337	0.03592352
163800	-313.2651	-304.6451	-8.620082	1.05204	0.04854068
164000	-314.6799	-304.4349	-10.24501	1.182199	0.08081185
164200	-313.7734	-305.4812	-8.292206	0.9956152	0.07040104
164400	-312.9536	-303.7109	-9.242734	1.158851	0.006056746
164600	-313.0543	-305.4316	-7.622612	0.9825352	0.01975744
164800	-312.4565	-304.386	-8.070431	1.036428	0.01091105
165000	-315.8403	-308.706	-7.134299	0.9407834	0.01335662
165200	-314.4698	-305.8901	-8.579624	0.9478783	0.1432931
165400	-318.4813	-305.6984	-12.78283	1.413818	0.1011569
165600	-317.1476	-305.3582	-11.78945	1.008274	0.3999268
165800	-314.8177	-304.7839	-10.03372	1.014239	0.2195617
166000	-313.726	-305.7313	-7.994734	1.02609	0.01355138
166200	-314.3951	-303.5284	-10.86665	1.218124	0.1049887
166400	-314.5833	-305.1648	-9.418479	1.119645	0.06043113
166600	-313.4176	-305.8359	-7.581724	0.9559396	0.04165522
166800	-316.2848	-304.3778	-11.90706	1.098571	0.3235074
167000	-314.3941	-304.7294	-9.664745	1.137519	0.0680715
167200	-314.5087	-304.0275	-10.48128	1.076146	0.2047414
167400	-314.2639	-305.421	-8.842896	1.097289	0.02760017
167600	-313.3412	-305.2126	-8.128586	1.015457	0.03633459
167800	-314.067	-303.3303	-10.73673	1.244149	0.06774642
168000	-313.8149	-307.2065	-6.608374	0.8549577	0.04446986
168200	-313.9098	-305.1528	-8.757	1.01829	0.09294611
168400	-313.9553	-305.3875	-8.567797	0.9934806	0.1005032
168600	-314.9159	-304.0233	-10.89256	1.195086	0.1298929
168800	-321.155	-311.3243	-9.830717	0.9183829	0.2977123
169000	-314.6667	-306.1204	-8.54622	0.9202775	0.1664576
169200	-313.6941	-303.9391	-9.754981	1.133731	0.07976097
169400	-313.2487	-305.3916	-7.857136	0.9877193	0.03697749
169600	-314.5932	-305.3096	-9.283536	1.07923	0.08503548
169800	-314.6813	-305.0758	-9.605418	1.178179	0.0226926
170000	-313.5535	-303.3249	-10.22863	1.258945	0.004642151
170200	-314.0047	-303.832	-10.17265	1.140918	0.113295
170400	-314.1746	-303.1153	-11.0593	1.317651	0.02854705
170600	-314.8785	-304.1349	-10.7436	1.315078	7.32354e-05
170800	-314.7211	-304.6538	-10.06728	1.154882	0.09056035
171000	-315.0085	-304.8416	-10.16689	1.221146	0.03524253
171200	-314.2429	-306.0727	-8.170175	1.02653	0.03014473
171400	-314.089	-307.4386	-6.650305	0.8637811	0.04040295
171600	-314.2285	-304.4547	-9.773867	1.178217	0.03908429
171800	-315.1872	-305.1099	-10.07731	0.986297	0.2500963
172000	-314.928	-306.7679	-8.160029	0.9829256	0.07164554
172200	-318.3775	-306.5131	-11.86442	1.024622	0.3845469
172400	-313.3812	-306.0857	-7.295555	0.9571944	0.01274149
172600	-314.8389	-309.0517	-5.78723	0.7965681	0.02171917
172800	-314.4809	-307.9037	-6.577158	0.8967746	0.001634011
173000	-318.0289	-303.7367	-14.29222	1.107946	0.5385231
173200	-314.0021	-306.0386	-7.963511	0.9322831	0.09993846
173400	-313.3794	-304.0506	-9.328742	1.117961	0.0544535
173600	-313.836	-306.9295	-6.906497	0.9304821	0.0009400539
173800	-315.4372	-303.9963	-11.4409	1.11721	0.2553715
174000	-314.3032	-304.4957	-9.807473	1.194136	0.02730756
174200	-314.6085	-304.1317	-10.4768	1.116569	0.1654221
174400	-316.7005	-306.4373	-10.26319	1.26404	0.002907203
174600	-313.6793	-304.8433	-8.836056	1.087912	0.03594345
174800	-313.1644	-306.0746	-7.089762	0.9415637	0.00780062
175000	-314.2509	-305.4906	-8.76027	1.017105	0.09644184
175200	-313.4284	-305.1919	-8.236441	0.9810913	0.07916033
175400	-316.9532	-306.1117	-10.84156	1.170325	0.1491339
175600	-315.8815	-306.0252	-9.856351	0.942361	0.2703918
175800	-313.2573	-303.9046	-9.352701	1.090195	0.08268195
176000	-315.5833	-304.8183	-10.76501	1.24249	0.07519351
176200	-317.924	-305.6366	-12.28745	1.389083	0.07888229
176400	-316.4177	-305.7959	-10.62177	1.195329	0.1017684
176600	-313.9547	-306.341	-7.613654	0.9618475	0.03938768
176800	-313.0438	-303.4408	-9.603017	1.1692	0.03084361
177000	-314.7608	-304.0396	-10.72124	1.125074	0.1837171
177200	-314.364	-303.4853	-10.87868	1.23629	0.09075481
177400	-315.0372	-305.7756	-9.261655	1.013887	0.1474758
177600	-317.5059	-311.7822	-5.72368	0.7562733	0.05323294
177800	-313.8996	-305.5762	-8.323398	1.039841	0.03233111
178000	-314.1675	-304.8644	-9.303071	1.01478	0.149133
178200	-317.0066	-306.3206	-10.68606	0.967428	0.32975
178400	-316.6391	-305.694	-10.9451	1.188516	0.1431213
178600	-314.8397	-307.4849	-7.354814	0.8808869	0.09028744
178800	-313.7	-305.2537	-8.446294	0.9935372	0.08850233
179000	-315.5132	-303.6456	-11.86755	1.122543	0.2921494
179200	-314.5943	-307.0855	-7.508797	0.9021198	0.08685946
179400	-317.2888	-305.2023	-12.08651	1.120034	0.3223521
179600	-316.4636	-305.7485	-10.7151	1.275957	0.03455273
179800	-314.2361	-305.2026	-9.033502	1.041674	0.1000827
180000	-318.1116	-308.032	-10.07952	1.137683	0.1126056
180200	-317.0284	-311.6774	-5.350996	0.7686648	0.006652887
180400	-315.5959	-305.5232	-10.07269	1.081233	0.1598575
180600	-314.2914	-304.5355	-9.755832	1.087195	0.1252996
180800	-317.8716	-304.5615	-13.31008	1.227999	0.3437958
181000	-314.5618	-304.5459	-10.01594	1.230304	0.01188333
181200	-314.168	-306.5291	-7.638905	1.001299	0.003239554
181400	-320.1821	-303.7804	-16.40163	1.801574	0.07801389
181600	-314.436	-305.8736	-8.56241	1.018123	0.07705124
181800	-313.9481	-305.5977	-8.350402	1.017532	0.05721585
182000	-312.7287	-303.3537	-9.375006	1.172494	0.005594815
182200	-314.9523	-304.7589	-10.19333	1.027489	0.2214499
182400	-316.8421	-303.9691	-12.87296	1.232	0.2853252
182600	-313.3727	-307.028	-6.344676	0.8713908	0.00371321
182800	-315.442	-304.2364	-11.20557	1.268254	0.09095483
183000	-316.8346	-305.4993	-11.33526	1.019822	0.337803
183200	-315.5707	-303.7094	-11.86134	1.350268	0.07492582
183400	-314.2196	-305.1421	-9.07755	1.11236	0.03447929
183600	-313.9236	-306.1589	-7.76471	0.9956104	0.02108515
183800	-314.8056	-307.8232	-6.982402	0.9269001	0.01166966
184000	-318.0252	-309.0877	-8.937523	0.989253	0.1426648
184200	-316.6048	-305.3548	-11.25	1.118943	0.2326454
184400	-314.132	-305.092	-9.039975	1.053055	0.08835982
184600	-316.5827	-308.4133	-8.169443	0.9762574	0.07669715
184800	-315.2336	-307.5027	-7.730854	0.881972	0.1263461
185000	-317.0341	-303.2642	-13.76991	1.376667	0.2319919
185200	-313.8157	-303.8875	-9.928244	1.232266	0.001333204
185400	-317.802	-304.3733	-13.42871	1.502438	0.07798055
185600	-315.7671	-305.7719	-9.995249	1.061848	0.1751583
185800	-315.8753	-303.8873	-11.988	1.244293	0.1899871
186000	-313.7856	-304.8984	-8.887229	1.03188	0.09385986
186200	-319.2675	-303.4937	-15.77379	1.720788	0.09562984
186400	-314.2242	-305.6731	-8.551126	0.9598578	0.1307133
186600	-315.825	-304.7453	-11.07972	1.253857	0.09099457
186800	-314.1189	-306.825	-7.293917	0.8747068	0.09044893
187000	-314.9177	-303.2788	-11.63885	1.384225	0.01970912
187200	-316.5917	-305.5136	-11.07806	0.9557489	0.3757434
187400	-315.1861	-309.0005	-6.185583	0.8120802	0.04422081
187600	-315.1897	-305.1312	-10.0585	1.205435	0.04039627
187800	-316.0702	-305.1053	-10.96496	1.334422	0.002822511
188000	-313.7654	-306.1393	-7.626077	0.92014	0.07986595
188200	-316.7563	-304.0229	-12.73336	1.339047	0.1698436
188400	-313.6365	-304.7204	-8.916146	1.082839	0.04705681
188600	-314.5167	-303.0462	-11.47045	1.307994	0.07801842
188800	-313.4715	-303.5876	-9.883851	1.199204	0.02903188
189000	-314.585	-305.8074	-8.777603	1.018764	0.09640319
189200	-313.6673	-304.7625	-8.904789	1.06962	0.06023366
189400	-313.8225	-304.2019	-9.620599	1.053573	0.1433565
189600	-313.9176	-304.3037	-9.613868	1.14883	0.05170453
189800	-315.2817	-305.1329	-10.14882	1.233942	0.02062716
190000	-315.2452	-303.4272	-11.81797	1.297134	0.1244517
190200	-313.2703	-305.0523	-8.218007	0.9788528	0.08017233
190400	-315.2075	-303.9861	-11.22136	1.205636	0.1527771
190600	-316.7702	-305.4882	-11.28207	1.320782	0.04614557
190800	-315.6405	-303.6138	-12.02668	1.15738	0.2737833
191000	-316.689	-305.456	-11.23295	1.319436	0.04469244
191200	-315.8606	-304.2068	-11.65375	1.188808	0.2100284
191400	-317.8185	-306.5912	-11.22725	1.010229	0.3371337
191600	-315.5952	-303.5843	-12.01093	1.13976	0.291479
191800	-316.7899	-307.9873	-8.802636	1.059648	0.06181615
192000	-317.4937	-305.0607	-12.43303	1.281327	0.1997475
192200	-314.0978	-304.9397	-9.158075	1.123202	0.0321409
192400	-313.3755	-305.9036	-7.47188	0.9682194	0.01882815
192600	-317.0068	-303.1739	-13.83291	1.228657	0.3798274
192800	-317.6951	-307.8569	-9.838234	0.9531541	0.2633107
193000	-313.4736	-305.2039	-8.269763	1.029935	0.03698028
193200	-313.9834	-304.7187	-9.26477	1.145228	0.02137616
193400	-315.8174	-304.8397	-10.97767	1.095651	0.2346185
193600	-313.9927	-305.0132	-8.979446	1.08715	0.05042051
193800	-313.6956	-303.3328	-10.36277	1.235053	0.04071937
194000	-314.727	-302.9347	-11.79221	1.366177	0.05257465
194200	-313.9482	-304.6822	-9.26601	1.132973	0.03296298
194400	-316.2519	-303.3976	-12.85427	1.354844	0.1647857
194600	-315.4502	-304.1083	-11.3419	1.294359	0.07846749
194800	-316.0427	-304.1416	-11.90102	1.199243	0.2216731
195000	-313.9791	-303.4188	-10.56029	1.220391	0.07324596
195200	-314.1212	-305.9902	-8.131062	0.988136	0.0632896
195400	-313.4662	-306.0256	-7.440665	0.9268894	0.05566358
195600	-313.6033	-303.2619	-10.34139	1.19775	0.0745362
195800	-315.9627	-304.7895	-11.17324	1.343329	0.01458921
196000	-315.6815	-305.47	-10.21147	1.049709	0.2016036
196200	-314.1534	-303.7619	-10.39154	1.259072	0.0201646
196400	-315.1938	-305.9995	-9.194288	1.07064	0.08812675
196600	-316.9371	-311.145	-5.792107	0.7222929	0.09272668
196800	-314.0009	-305.6311	-8.369789	1.043883	0.03292634
197000	-313.9391	-304.3225	-9.616599	1.180372	0.0219463
197200	-313.8935	-304.8501	-9.043352	1.098476	0.04529113
197400	-312.8395	-304.4526	-8.386906	1.053083	0.02556003
197600	-313.4252	-306.3836	-7.041547	0.9021548	0.04084621
197800	-312.7365	-304.0943	-8.642183	1.087533	0.01684807
198000	-312.969	-306.4047	-6.564377	0.89397	0.003097423
198200	-313.6495	-305.3125	-8.336988	0.9853566	0.08495836
198400	-314.6223	-306.5647	-8.05756	0.9211636	0.1204687
198600	-313.899	-303.5166	-10.38234	1.170664	0.1039085
198800	-316.7799	-304.4665	-12.31334	1.422775	0.04864986
199000	-317.571	-307.1739	-10.39704	0.921838	0.3442619
199200	-314.6126	-306.3347	-8.277934	0.949191	0.1163134
199400	-312.4302	-303.8846	-8.545567	1.094832	0.0005005395
199600	-314.9224	-304.2297	-10.69276	1.293113	0.01659568
199800	-316.1209	-304.1033	-12.01764	1.079333	0.3479884
200000	-312.449	-304.2522	-8.196845	1.046409	0.01351677
