Iteration	Posterior	Likelihood	Prior	branch_rates	speciation_rate
0	-333.1948	-315.482	-17.71276	1.792013	0.2142866
200	-330.9981	-308.3772	-22.62094	2.450521	0.05152099
400	-330.0374	-310.5426	-19.49473	2.15529	0.03373368
600	-332.3777	-311.569	-20.80866	2.318779	0.002780538
800	-332.1285	-310.3209	-21.80759	2.196688	0.2224967
1000	-331.4322	-307.4836	-23.94858	2.604701	0.02989362
1200	-331.3655	-314.2273	-17.13816	1.839698	0.1111442
1400	-331.3275	-313.0155	-18.31193	1.929345	0.1381264
1600	-334.8663	-317.7031	-17.16323	1.823249	0.1347888
1800	-332.8132	-308.6105	-24.20265	2.555743	0.1049703
2000	-330.9115	-311.0102	-19.90124	2.127847	0.1013861
2200	-334.612	-317.1145	-17.49747	1.855475	0.1305778
2400	-331.6711	-311.9126	-19.75851	2.076378	0.1346822
2600	-329.9461	-312.0611	-17.88503	2.009105	0.01955967
2800	-331.0123	-308.2478	-22.76447	2.450641	0.06461667
3000	-330.8291	-310.0227	-20.80639	2.291617	0.02904212
3200	-330.6819	-309.2705	-21.41133	2.326096	0.05427108
3400	-332.6364	-317.3052	-15.33116	1.729004	0.04343468
3600	-336.4196	-324.0888	-12.33082	1.469843	0.003936512
3800	-330.3173	-309.2535	-21.06383	2.320763	0.02624959
4000	-331.444	-314.4956	-16.94838	1.885782	0.04823943
4200	-334.5563	-311.0198	-23.53656	2.32183	0.2677065
4400	-331.8846	-308.7002	-23.18437	2.471105	0.08770858
4600	-330.0731	-311.3891	-18.68394	2.083907	0.02462678
4800	-330.5555	-310.2104	-20.3451	2.219222	0.05446679
5000	-331.524	-309.1565	-22.36748	2.312995	0.1611978
5200	-330.5603	-307.7762	-22.78402	2.507173	0.01174106
5400	-332.3079	-312.2058	-20.10209	2.205038	0.04424756
5600	-332.4315	-309.9619	-22.46959	2.241005	0.236543
5800	-330.4282	-308.584	-21.84426	2.404004	0.02071575
6000	-330.9277	-312.535	-18.39273	1.957357	0.1177957
6200	-330.8167	-314.3115	-16.5052	1.845763	0.04419091
6400	-336.5635	-312.7323	-23.83124	2.333903	0.2772454
6600	-330.0444	-309.2407	-20.80369	2.292495	0.02823316
6800	-331.0553	-309.8678	-21.18747	2.276679	0.08070572
7000	-333.248	-311.9545	-21.29345	2.225047	0.1393374
7200	-332.9238	-312.6436	-20.28017	2.207922	0.05974149
7400	-330.4222	-310.0464	-20.37584	2.240556	0.03762397
7600	-331.5872	-314.2974	-17.28982	1.958858	0.01066979
7800	-329.9071	-312.0707	-17.83635	2.01452	0.00972809
8000	-332.05	-315.3591	-16.69092	1.804122	0.1039827
8200	-333.0421	-308.5857	-24.45643	2.475717	0.206391
8400	-332.3935	-308.2685	-24.12505	2.415915	0.2335532
8600	-330.2545	-309.8494	-20.40514	2.233937	0.04584512
8800	-332.2078	-306.9206	-25.28719	2.674431	0.09267813
9000	-331.8251	-306.8405	-24.98454	2.653149	0.08342044
9200	-329.9989	-311.1787	-18.82021	2.08334	0.03800859
9400	-332.6728	-315.0976	-17.57523	1.846182	0.1472937
9600	-331.4209	-309.8841	-21.53674	2.229052	0.1632208
9800	-330.5357	-312.3499	-18.18574	1.983664	0.0731156
10000	-330.7738	-313.0232	-17.75064	1.988056	0.02684637
10200	-330.4595	-309.209	-21.25041	2.285115	0.07873449
10400	-330.7857	-313.0903	-17.69537	1.994691	0.01549632
10600	-333.5055	-307.6093	-25.89616	2.78937	0.03962577
10800	-331.6451	-309.2499	-22.39523	2.320746	0.154513
11000	-333.9765	-318.04	-15.93646	1.668059	0.1626325
11200	-332.4518	-314.5684	-17.88347	1.880268	0.1474614
11400	-331.7954	-309.2028	-22.59263	2.441433	0.05769203
11600	-331.2133	-307.58	-23.63327	2.559424	0.04402927
11800	-331.0574	-308.6118	-22.4456	2.461255	0.02366362
12000	-332.6028	-310.0579	-22.54494	2.435698	0.05821644
12200	-331.6024	-314.6919	-16.91051	1.896233	0.03457268
12400	-333.8326	-312.97	-20.86267	2.08088	0.2373231
12600	-331.5597	-311.5271	-20.03259	2.067638	0.1735906
12800	-331.5635	-310.0645	-21.49903	2.342483	0.04613718
13000	-333.7288	-310.433	-23.29577	2.376845	0.1843325
13200	-330.629	-310.6561	-19.97286	2.206909	0.03003512
13400	-333.6085	-311.9552	-21.65335	2.054647	0.3404972
13600	-330.5429	-313.5797	-16.96321	1.90201	0.03431654
13800	-331.5316	-312.9374	-18.59419	2.089012	0.01120768
14000	-330.9735	-311.3549	-19.61851	2.147977	0.05373323
14200	-332.5437	-310.0085	-22.53517	2.362353	0.1272006
14400	-331.653	-307.9294	-23.72354	2.454081	0.1543277
14600	-331.6326	-313.03	-18.60257	2.066839	0.0339697
14800	-331.1307	-315.2464	-15.88426	1.823265	0.005774173
15000	-331.5824	-312.5603	-19.02214	2.01083	0.1272007
15200	-332.4127	-308.1163	-24.29641	2.622704	0.04836855
15400	-335.2417	-309.9038	-25.33787	2.620824	0.1467903
15600	-330.2566	-310.5061	-19.75046	2.17224	0.04231299
15800	-336.1788	-315.7248	-20.45399	2.271002	0.0146112
16000	-334.2822	-307.419	-26.86316	2.538607	0.3756402
16200	-332.3522	-306.4639	-25.88839	2.802808	0.02691516
16400	-332.1647	-317.0846	-15.08017	1.745684	0.003001309
16600	-330.8437	-308.1558	-22.68787	2.43485	0.07257143
16800	-330.341	-311.4627	-18.87824	2.117	0.0112583
17000	-335.5009	-314.9829	-20.51801	1.963736	0.3300941
17200	-329.9295	-309.4562	-20.47326	2.271975	0.01567229
17400	-332.4157	-311.1552	-21.2605	2.348152	0.01832625
17600	-331.1736	-309.198	-21.97564	2.301051	0.1335307
17800	-331.0442	-308.67	-22.37427	2.34691	0.128047
18000	-331.0577	-308.503	-22.55475	2.417709	0.07711286
18200	-335.1633	-312.3668	-22.79649	2.465344	0.05522213
18400	-332.7229	-314.1522	-18.57069	1.979828	0.1143101
18600	-330.486	-309.2022	-21.28375	2.289477	0.07799613
18800	-330.8333	-312.5666	-18.26666	2.006762	0.05932049
19000	-330.5254	-309.9482	-20.57715	2.199968	0.09578349
19200	-334.747	-316.0465	-18.70049	1.89011	0.2151165
19400	-331.224	-309.425	-21.79894	2.397758	0.02310061
19600	-331.0356	-313.6703	-17.36526	1.89786	0.07657072
19800	-330.9786	-310.8656	-20.11304	2.167352	0.08204358
20000	-329.7286	-311.3054	-18.42315	2.069287	0.01336688
20200	-331.6445	-309.5136	-22.13098	2.257364	0.1930515
20400	-330.1991	-311.2195	-18.97951	2.094079	0.04353178
20600	-332.3873	-309.4679	-22.91943	2.390879	0.1369222
20800	-332.6662	-312.1134	-20.55282	2.126026	0.1614871
21000	-331.5357	-312.382	-19.1537	2.102306	0.05278081
21200	-330.2777	-313.7349	-16.54282	1.891714	0.003225236
21400	-331.3962	-308.8034	-22.59279	2.497035	0.00298404
21600	-333.2631	-308.5257	-24.73746	2.37123	0.3337487
21800	-331.7912	-312.875	-18.91617	2.131119	0.0012766
22000	-332.6329	-313.7841	-18.8488	1.949888	0.166743
22200	-333.5395	-313.5309	-20.00861	1.937854	0.291245
22400	-329.5644	-310.1857	-19.37875	2.173416	0.005108111
22600	-330.899	-311.1212	-19.77787	2.163014	0.05539921
22800	-332.5871	-313.3868	-19.20025	2.123322	0.03598385
23000	-332.4212	-307.9849	-24.43631	2.551941	0.1285183
23200	-330.139	-313.0526	-17.08642	1.924111	0.02453261
23400	-333.092	-315.5755	-17.51652	1.882837	0.109722
23600	-330.8761	-310.0848	-20.79136	2.295089	0.02454116
23800	-331.8363	-309.3598	-22.47649	2.318479	0.1687007
24000	-330.4313	-309.0464	-21.38493	2.354555	0.0242089
24200	-332.2922	-310.717	-21.57515	2.219187	0.172948
24400	-330.103	-310.8807	-19.22237	2.157434	0.005355698
24600	-332.5694	-314.3115	-18.25789	1.856514	0.2032211
24800	-332.7968	-312.4193	-20.37745	2.099037	0.1753894
25000	-332.4426	-308.8009	-23.64171	2.373913	0.2271517
25200	-330.2218	-312.0395	-18.18228	2.036628	0.02209954
25400	-330.9786	-313.7951	-17.18344	1.930081	0.02867542
25600	-330.7916	-307.9854	-22.80626	2.4687	0.05176639
25800	-330.4082	-308.0537	-22.3545	2.448268	0.02715063
26000	-330.0273	-310.941	-19.08631	2.111598	0.03641334
26200	-330.5755	-312.3193	-18.25619	2.02434	0.04058154
26400	-330.1409	-312.7663	-17.37453	1.954011	0.02340666
26600	-336.2141	-310.9185	-25.29558	2.21995	0.5372847
26800	-330.6295	-311.3647	-19.26488	2.096951	0.06793917
27000	-331.3591	-307.948	-23.41114	2.497384	0.08226711
27200	-333.7327	-306.7692	-26.96358	2.850051	0.0859101
27400	-330.8106	-309.4337	-21.37689	2.369246	0.009039803
27600	-333.2416	-311.8298	-21.41178	2.370463	0.0110419
27800	-329.6802	-310.5714	-19.10882	2.12942	0.02161609
28000	-332.7102	-309.0655	-23.64463	2.395884	0.2043418
28200	-332.5908	-315.9133	-16.67749	1.752878	0.1496165
28400	-330.027	-309.5202	-20.50685	2.27673	0.0146124
28600	-333.8877	-315.0496	-18.8381	1.826938	0.2887905
28800	-330.9313	-313.6081	-17.32321	1.924793	0.04711271
29000	-329.9335	-311.4296	-18.50385	2.04762	0.04221099
29200	-330.2918	-309.3543	-20.93757	2.286561	0.04682467
29400	-331.7264	-307.3443	-24.38211	2.674318	0.004633605
29600	-331.4732	-310.1959	-21.2773	2.337371	0.03122797
29800	-334.6563	-312.8556	-21.80075	2.048825	0.3708392
30000	-331.4914	-307.0809	-24.41053	2.602855	0.07761991
30200	-330.2538	-309.6714	-20.58244	2.283619	0.01497936
30400	-332.145	-317.5659	-14.57908	1.68262	0.0155962
30600	-330.1723	-308.3675	-21.8048	2.411516	0.009585051
30800	-331.3976	-309.4506	-21.94697	2.325555	0.106694
31000	-331.2769	-311.7212	-19.55569	2.045828	0.1451467
31200	-330.8656	-312.7863	-18.07926	2.040459	0.008185022
31400	-330.547	-310.0569	-20.4901	2.194597	0.09343892
31600	-332.9773	-307.0193	-25.95797	2.639906	0.1927232
31800	-334.0745	-306.3628	-27.71179	2.765479	0.2429462
32000	-330.4786	-309.1167	-21.3619	2.305105	0.06969984
32200	-331.9208	-309.9536	-21.96718	2.295046	0.1381093
32400	-330.6105	-314.8241	-15.78646	1.80204	0.01678243
32600	-332.9641	-309.2844	-23.67969	2.540274	0.06668833
32800	-329.9935	-309.1346	-20.85896	2.287857	0.03776936
33000	-331.2293	-308.6346	-22.59468	2.392138	0.1071781
33200	-331.359	-309.0145	-22.34452	2.434012	0.04047697
33400	-330.2698	-309.9314	-20.33834	2.198397	0.07441269
33600	-330.2783	-312.9828	-17.29549	1.939051	0.03038632
33800	-331.4036	-316.1541	-15.2494	1.76437	0.001299609
34000	-331.65	-313.8269	-17.82303	2.004117	0.01844834
34200	-334.3059	-309.5327	-24.77315	2.354216	0.3505987
34400	-330.815	-311.1772	-19.6378	2.200515	0.003903819
34600	-340.0386	-320.1472	-19.89136	1.662302	0.5530983
34800	-331.624	-313.3619	-18.26203	1.948727	0.1139677
35000	-331.3275	-310.8423	-20.4852	2.19637	0.0899014
35200	-330.8227	-310.5738	-20.24891	2.151343	0.110805
35400	-330.8499	-310.5324	-20.31753	2.261471	0.01113261
35600	-330.0562	-311.9926	-18.06365	2.037915	0.008972136
35800	-331.9733	-313.7355	-18.2378	1.937395	0.1235041
36000	-336.2218	-316.8379	-19.38385	2.117185	0.06196927
36200	-330.3069	-310.8529	-19.454	2.176395	0.009436952
36400	-333.9847	-315.636	-18.3487	2.003231	0.06948617
36600	-331.6451	-315.425	-16.22009	1.788354	0.07109067
36800	-332.3902	-311.6812	-20.70901	2.036353	0.2686704
37000	-330.0689	-309.0818	-20.98706	2.331043	0.008183802
37200	-334.959	-317.1058	-17.85327	1.80279	0.2224437
37400	-330.2234	-311.0158	-19.20759	2.088827	0.07048513
37600	-331.0363	-315.1176	-15.91867	1.826676	0.005804583
37800	-330.6758	-314.1719	-16.50388	1.87674	0.01395662
38000	-330.4773	-310.6576	-19.81971	2.163207	0.05776696
38200	-333.8641	-310.2579	-23.60617	2.309094	0.2938564
38400	-329.8056	-310.1925	-19.61306	2.18746	0.0142213
38600	-333.291	-316.0511	-17.23992	1.873065	0.09064781
38800	-333.0262	-309.4027	-23.6235	2.367524	0.2328433
39000	-331.7162	-309.9714	-21.74477	2.284918	0.1263695
39200	-333.4673	-308.554	-24.91329	2.40161	0.3196564
39400	-332.5656	-310.7916	-21.77397	2.379706	0.03657908
39600	-333.399	-309.1605	-24.23855	2.603447	0.0610998
39800	-330.7015	-310.6183	-20.08316	2.177453	0.06968974
40000	-330.2538	-309.4411	-20.81272	2.28096	0.04018736
40200	-331.8435	-310.5289	-21.31461	2.312843	0.05955829
40400	-330.3139	-309.928	-20.38597	2.217844	0.06055819
40600	-332.3989	-310.7182	-21.68069	2.148222	0.2520919
40800	-335.4427	-313.9595	-21.48321	2.195916	0.1972476
41000	-334.4396	-317.7952	-16.64438	1.885256	0.020235
41200	-330.5296	-314.0576	-16.47203	1.850904	0.03559511
41400	-329.8644	-309.678	-20.18639	2.250129	0.008958799
41600	-330.9395	-312.0579	-18.88157	2.08022	0.04783843
41800	-331.4232	-312.9787	-18.4445	2.053537	0.03087055
42000	-330.6599	-312.1327	-18.52724	2.065301	0.02760761
42200	-333.5421	-312.5566	-20.98546	2.179387	0.1603831
42400	-331.3135	-307.3311	-23.98241	2.604786	0.03339214
42600	-333.4741	-305.4404	-28.03371	3.015631	0.02829028
42800	-333.6123	-311.6205	-21.99177	2.150808	0.2866399
43000	-332.0569	-313.4115	-18.64547	2.05961	0.04468102
43200	-332.8152	-313.6377	-19.17748	1.911048	0.2382667
43400	-334.9071	-316.1822	-18.72486	1.972115	0.1326401
43600	-334.6945	-310.6234	-24.07116	2.227628	0.4082049
43800	-329.9831	-309.3088	-20.67438	2.274723	0.03262944
44000	-334.7525	-314.8114	-19.94112	2.194345	0.04017712
44200	-330.5307	-309.5622	-20.96853	2.327622	0.01002808
44400	-332.9073	-316.5429	-16.36439	1.821738	0.05549328
44600	-330.6502	-311.1483	-19.50184	2.071453	0.1155197
44800	-331.4909	-309.6488	-21.84218	2.419689	0.005149727
45000	-330.2367	-311.6927	-18.54404	2.071849	0.02263203
45200	-332.6252	-308.2874	-24.33781	2.402607	0.2651528
45400	-331.0569	-309.1482	-21.90875	2.424582	0.007003397
45600	-332.2192	-309.9213	-22.29794	2.375219	0.09131245
45800	-331.567	-310.767	-20.8	2.163787	0.1557631
46000	-332.8069	-317.9689	-14.83795	1.669882	0.05334281
46200	-335.3566	-309.2619	-26.09468	2.787866	0.05941738
46400	-331.462	-316.9433	-14.51863	1.689471	0.003040861
46600	-333.2548	-319.7495	-13.50528	1.567487	0.02276573
46800	-332.2698	-308.402	-23.86782	2.576052	0.05190344
47000	-330.7622	-309.2139	-21.54829	2.320689	0.07319751
47200	-330.0179	-310.9251	-19.09275	2.12046	0.02881021
47400	-331.047	-311.2489	-19.79807	2.074421	0.142447
47600	-330.167	-309.9653	-20.2017	2.203671	0.05539683
47800	-329.7732	-309.1094	-20.66378	2.304444	0.002667721
48000	-330.945	-310.0888	-20.85612	2.214969	0.1079441
48200	-332.1456	-307.8258	-24.31976	2.661302	0.01139876
48400	-332.4761	-311.8733	-20.60279	2.094289	0.2034887
48600	-330.0566	-310.1697	-19.88689	2.197288	0.03102027
48800	-332.0939	-310.6979	-21.39604	2.137007	0.2390435
49000	-330.6199	-312.7725	-17.84745	2.021541	0.003809703
49200	-333.1826	-313.7093	-19.47329	1.990924	0.1968304
49400	-334.1505	-308.0005	-26.15009	2.611179	0.2396271
49600	-332.4415	-316.5629	-15.87858	1.746785	0.08064916
49800	-333.3719	-311.9264	-21.44548	2.199866	0.1757563
50000	-333.0219	-314.7007	-18.32116	2.067528	0.005098425
50200	-331.2311	-307.9986	-23.23247	2.541014	0.02305304
50400	-331.708	-309.5027	-22.20529	2.425921	0.03513972
50600	-330.5126	-309.8945	-20.61803	2.240415	0.05968318
50800	-334.3852	-312.4053	-21.97981	2.007624	0.4171789
51000	-330.1851	-310.0641	-20.12092	2.189404	0.06204241
51200	-330.9051	-307.4641	-23.441	2.542385	0.04196554
51400	-330.5397	-308.6502	-21.88948	2.402553	0.02623809
51600	-330.4371	-307.8562	-22.5809	2.475646	0.02267491
51800	-331.5272	-315.5661	-15.96115	1.825131	0.01123903
52000	-331.2803	-309.9203	-21.36	2.235771	0.139477
52200	-329.5958	-310.8319	-18.76394	2.116119	0.00103699
52400	-330.8682	-313.865	-17.00312	1.915775	0.02441791
52600	-332.8091	-315.2163	-17.59271	1.825575	0.1683107
52800	-332.2431	-316.6953	-15.54779	1.731719	0.06259208
53000	-333.1667	-309.8485	-23.31817	2.208348	0.3543171
53200	-331.6176	-311.1785	-20.43908	2.261561	0.0225776
53400	-332.0463	-309.3691	-22.67724	2.404016	0.1022188
53600	-330.4081	-312.035	-18.37308	2.03155	0.04493253
53800	-330.5588	-309.4607	-21.0981	2.275921	0.07270149
54000	-329.5662	-310.6036	-18.96258	2.126595	0.01011226
54200	-333.1179	-312.0508	-21.06706	2.006896	0.3293176
54400	-332.9841	-307.9562	-25.02795	2.693361	0.04954381
54600	-329.6993	-310.9475	-18.75183	2.104246	0.01131147
54800	-332.5224	-308.6787	-23.84378	2.576233	0.0472039
55000	-332.4021	-315.5652	-16.83689	1.786501	0.1347068
55200	-336.3961	-317.7273	-18.66873	1.755206	0.3510143
55400	-330.8137	-309.9318	-20.88188	2.262285	0.06641366
55600	-330.0722	-313.5598	-16.51238	1.886661	0.005209539
55800	-332.0518	-312.18	-19.87177	2.036013	0.1873391
56000	-332.3428	-310.5968	-21.74596	2.181999	0.2312179
56200	-338.9007	-314.3835	-24.51721	2.279707	0.3828678
56400	-332.1841	-308.1195	-24.06461	2.53726	0.1098315
56600	-332.6651	-309.8082	-22.85691	2.519078	0.007562883
56800	-330.432	-310.2196	-20.21238	2.19262	0.06685
57000	-334.1109	-316.7765	-17.33436	1.713568	0.2512427
57200	-330.0884	-310.3335	-19.75498	2.173502	0.04131038
57400	-333.5932	-310.6364	-22.95681	2.259594	0.2680533
57600	-330.9591	-313.3821	-17.57693	1.933955	0.06364486
57800	-331.0183	-313.5362	-17.48215	1.949878	0.0388139
58000	-339.3757	-303.9867	-35.38899	3.773847	0.005803013
58200	-335.4343	-307.7776	-27.65665	2.935565	0.07038484
58400	-333.8668	-306.4715	-27.39534	2.974458	0.005988163
58600	-330.8708	-309.6345	-21.23623	2.338736	0.02458944
58800	-330.0216	-308.5235	-21.49811	2.383896	0.006514416
59000	-333.1272	-312.4274	-20.69981	2.160342	0.1496324
59200	-330.4952	-309.218	-21.27718	2.28795	0.07907892
59400	-329.6589	-308.9386	-20.72031	2.31123	0.001545396
59600	-333.5294	-309.4357	-24.09366	2.38812	0.2589407
59800	-331.2647	-310.4382	-20.82648	2.152699	0.1665156
60000	-330.6633	-308.352	-22.31132	2.43343	0.03740285
60200	-332.8018	-314.7339	-18.06794	1.895114	0.1445065
60400	-330.1053	-311.2601	-18.84521	2.109771	0.01503777
60600	-333.362	-305.9107	-27.45136	2.939083	0.04693733
60800	-331.5311	-310.355	-21.1761	2.272127	0.08616738
61000	-332.7816	-309.775	-23.00659	2.438782	0.1008706
61200	-331.6971	-308.7612	-22.93583	2.507599	0.02675453
61400	-333.1286	-311.3049	-21.82367	2.254161	0.166317
61600	-332.4694	-309.9759	-22.49353	2.486156	0.003812249
61800	-332.0448	-311.4101	-20.63467	2.159046	0.1386415
62000	-334.7693	-320.9028	-13.86654	1.606475	0.02080114
62200	-330.1157	-311.047	-19.06869	2.12761	0.01945055
62400	-330.1654	-311.5325	-18.63294	2.101084	0.002945787
62600	-333.7478	-313.7732	-19.97466	2.184819	0.05189737
62800	-330.7816	-312.4934	-18.28815	1.992607	0.07382013
63000	-332.192	-312.4558	-19.73628	2.060115	0.1501699
63200	-333.1022	-306.4916	-26.61056	2.867903	0.03278934
63400	-330.8518	-312.9301	-17.9217	1.9549	0.07658487
63600	-332.2412	-306.6447	-25.59651	2.778656	0.02119938
63800	-332.0279	-316.7263	-15.3016	1.726272	0.04269919
64000	-331.4711	-312.6286	-18.84244	2.059399	0.06257679
64200	-331.8476	-312.1295	-19.71808	2.109826	0.1002089
64400	-331.0441	-311.3079	-19.73621	2.066739	0.1419947
64600	-331.6678	-312.9531	-18.71472	2.02141	0.08709936
64800	-332.7337	-316.0889	-16.64484	1.889612	0.01489173
65000	-331.7315	-310.4815	-21.25009	2.259178	0.1041242
65200	-330.7755	-314.0544	-16.72108	1.860352	0.05122866
65400	-332.7399	-309.2306	-23.50928	2.479109	0.1122445
65600	-330.8723	-308.7621	-22.11021	2.398844	0.05285051
65800	-333.6008	-306.4945	-27.10629	2.896181	0.05602565
66000	-333.2892	-310.7314	-22.55773	2.148585	0.3413008
66200	-330.2365	-309.967	-20.26949	2.196526	0.06908635
66400	-331.5215	-314.4396	-17.08184	1.87815	0.0684453
66600	-332.7891	-313.1597	-19.62942	2.062701	0.1348008
66800	-331.9296	-312.1244	-19.80521	2.182605	0.03677987
67000	-331.5694	-310.624	-20.94549	2.248785	0.08683111
67200	-330.2809	-309.7266	-20.55429	2.295931	0.0002807202
67400	-333.5682	-312.6034	-20.96478	2.042696	0.2867869
67600	-330.3619	-312.2059	-18.15604	2.010852	0.04451418
67800	-331.3131	-310.5077	-20.80534	2.240316	0.07890375
68000	-332.7307	-312.4326	-20.29804	1.997468	0.2609438
68200	-333.6108	-308.2761	-25.33469	2.711699	0.06016012
68400	-330.6371	-310.5376	-20.09948	2.131057	0.1157974
68600	-330.5908	-310.3218	-20.26905	2.224322	0.04320366
68800	-331.7814	-310.5531	-21.22831	2.251323	0.1073034
69000	-331.1144	-309.8545	-21.25988	2.3627	0.004113949
69200	-331.7514	-311.7087	-20.04274	2.197475	0.04565389
69400	-332.4115	-310.9081	-21.5034	2.193648	0.1886904
69600	-329.9345	-311.6077	-18.3268	2.06394	0.009326596
69800	-333.3136	-310.6909	-22.6227	2.43665	0.06352545
70000	-333.4198	-311.1634	-22.2563	2.269301	0.1982906
70200	-331.337	-311.9403	-19.39664	2.057855	0.1183959
70400	-333.0285	-310.0003	-23.0282	2.309118	0.2255114
70600	-330.9359	-314.5309	-16.40493	1.861506	0.01897796
70800	-331.6343	-313.0703	-18.56399	1.982514	0.1111991
71000	-332.3755	-307.6366	-24.7389	2.607676	0.1069324
71200	-330.3995	-307.8528	-22.54672	2.488087	0.00725167
71400	-334.1263	-310.2705	-23.85587	2.413201	0.2102117
71600	-330.7693	-311.6818	-19.08747	2.053065	0.09481109
71800	-334.3475	-320.9193	-13.42823	1.533944	0.04794981
72000	-334.0926	-310.5812	-23.5114	2.420755	0.1628154
72200	-330.8954	-309.3706	-21.52484	2.384235	0.008831127
72400	-331.2484	-312.7088	-18.53967	2.009239	0.08318003
72600	-332.9179	-313.3991	-19.51874	2.011375	0.1765212
72800	-330.4049	-310.8894	-19.51547	2.173632	0.01803691
73000	-336.8121	-307.3784	-29.43371	2.632182	0.5310132
73200	-330.7387	-313.3546	-17.38409	1.975953	0.003188724
73400	-332.4484	-307.7257	-24.72277	2.573781	0.1390717
73600	-330.4314	-311.8258	-18.60552	2.036902	0.06331304
73800	-331.4579	-308.1537	-23.30421	2.43789	0.1302894
74000	-330.5324	-308.8038	-21.72855	2.348874	0.06248649
74200	-329.7707	-311.359	-18.41164	2.072964	0.008815774
74400	-331.3135	-311.124	-20.1895	2.117124	0.1365928
74600	-333.0387	-312.6732	-20.36551	2.244119	0.03315728
74800	-331.0014	-309.938	-21.06334	2.219748	0.1239024
75000	-331.3433	-313.2285	-18.11483	2.008707	0.04253404
75200	-333.8085	-307.4765	-26.33193	2.80786	0.06460528
75400	-332.356	-311.5647	-20.79134	2.194778	0.1214659
75600	-330.151	-311.2237	-18.92736	2.121923	0.01115642
75800	-332.0889	-317.2736	-14.81537	1.690482	0.03062425
76000	-330.7294	-313.2098	-17.51958	1.967165	0.0253409
76200	-332.0294	-312.7048	-19.32465	1.970751	0.1948608
76400	-331.7091	-316.1926	-15.51654	1.777771	0.01450273
76600	-332.2502	-308.3686	-23.88159	2.40196	0.2200882
76800	-331.3996	-312.5323	-18.86726	2.100281	0.02621419
77000	-333.4073	-317.9864	-15.4209	1.705611	0.07513901
77200	-331.2157	-308.4017	-22.81395	2.505071	0.01671968
77400	-332.8137	-307.3738	-25.4399	2.744325	0.03967282
77600	-330.7789	-308.6124	-22.16647	2.413953	0.0426091
77800	-333.245	-310.5911	-22.65386	2.459104	0.04660192
78000	-331.4924	-311.1574	-20.33503	2.248694	0.0248675
78200	-330.4934	-310.2202	-20.27321	2.232072	0.03478067
78400	-332.7935	-312.5526	-20.24081	2.170757	0.09232978
78600	-330.1944	-309.855	-20.33938	2.217408	0.05523358
78800	-331.0523	-307.6234	-23.42884	2.51346	0.06867628
79000	-335.6171	-316.6922	-18.92483	1.823798	0.3092497
79200	-337.9671	-312.4497	-25.51742	2.376469	0.4046545
79400	-331.963	-309.9416	-22.02132	2.345344	0.09598394
79600	-332.9381	-308.0413	-24.8968	2.547192	0.1821735
79800	-331.2214	-307.8928	-23.3286	2.46718	0.1046565
80000	-331.6649	-307.8293	-23.83561	2.523414	0.1004788
80200	-333.2257	-317.5834	-15.64234	1.804401	0.000613892
80400	-333.0245	-307.7626	-25.26185	2.675353	0.09029005
80600	-332.2794	-311.3084	-20.97098	2.101959	0.2287677
80800	-332.0463	-310.6685	-21.37778	2.141295	0.2297789
81000	-334.1173	-314.6074	-19.50997	1.872256	0.3150171
81200	-331.7458	-315.2963	-16.44945	1.798678	0.08333971
81400	-330.4537	-312.2218	-18.23186	2.058193	0.005527494
81600	-330.669	-311.4326	-19.23643	2.07311	0.08846876
81800	-330.847	-310.6949	-20.15208	2.170282	0.08500902
82000	-331.6617	-307.6504	-24.01125	2.591224	0.0503896
82200	-331.7704	-310.5846	-21.18581	2.249346	0.1077513
82400	-330.7594	-308.0634	-22.69602	2.441981	0.06700887
82600	-333.6231	-308.8485	-24.77461	2.582622	0.1337196
82800	-333.4903	-309.7228	-23.7675	2.363944	0.2480432
83000	-332.0238	-314.7029	-17.32098	1.968272	0.004521273
83200	-330.8014	-310.4816	-20.31976	2.19559	0.07555897
83400	-330.751	-313.3816	-17.3694	1.971155	0.006277062
83600	-331.2587	-307.9117	-23.34703	2.528576	0.045822
83800	-331.038	-310.7162	-20.32172	2.227568	0.04373731
84000	-331.4913	-308.4471	-23.04415	2.530147	0.01454937
84200	-331.9518	-312.4988	-19.45292	2.141517	0.04353917
84400	-333.2859	-317.716	-15.56987	1.677532	0.1155508
84600	-333.0343	-306.6167	-26.41759	2.77482	0.1075947
84800	-334.5748	-313.0244	-21.55043	2.025775	0.3511017
85000	-336.0105	-311.471	-24.53944	2.617621	0.07739467
85200	-335.111	-312.9062	-22.20476	2.013946	0.4300413
85400	-331.8297	-311.2215	-20.60818	2.251305	0.05018326
85600	-336.6121	-318.5609	-18.05121	1.665798	0.3740255
85800	-334.5188	-318.362	-16.15676	1.615166	0.230019
86000	-331.7035	-311.1232	-20.58026	2.262251	0.03483473
86200	-330.5805	-310.5806	-19.99998	2.192942	0.0474528
86400	-330.9489	-309.0817	-21.86728	2.409566	0.01769733
86600	-329.9586	-310.4729	-19.48565	2.160033	0.0282582
86800	-331.1979	-310.4775	-20.72033	2.247307	0.06283132
87000	-330.3967	-308.8995	-21.49725	2.382498	0.007851097
87200	-331.6688	-311.9845	-19.68426	2.053232	0.1544365
87400	-332.0119	-313.2587	-18.75317	1.904982	0.2033091
87600	-330.3569	-312.3768	-17.98014	2.038541	0.0002630671
87800	-330.6613	-311.2418	-19.41947	2.109545	0.07081563
88000	-331.6698	-313.6022	-18.06754	2.03693	0.01067721
88200	-334.0121	-311.6343	-22.37784	2.264366	0.2085239
88400	-331.1695	-313.3854	-17.78411	1.987388	0.03106363
88600	-331.8822	-311.8071	-20.07502	2.206067	0.04253732
88800	-333.2715	-310.6558	-22.61572	2.252838	0.2376018
89000	-331.3102	-312.272	-19.03817	2.073272	0.06988111
89200	-330.3795	-310.9964	-19.38311	2.135411	0.04233709
89400	-331.5534	-309.9145	-21.63884	2.389962	0.01416389
89600	-334.556	-320.4867	-14.06926	1.521331	0.1214966
89800	-334.8291	-313.2666	-21.56249	2.143362	0.249709
90000	-330.2039	-313.8724	-16.33144	1.859073	0.01434366
90200	-332.9797	-315.3735	-17.60612	1.891234	0.1061413
90400	-330.8093	-310.7971	-20.01225	2.117721	0.1193678
90600	-333.1656	-309.9395	-23.22607	2.223719	0.3333356
90800	-331.6727	-308.6671	-23.00552	2.405644	0.1327609
91000	-331.9326	-314.3485	-17.58404	1.999158	4.003303e-05
91200	-332.6325	-307.2661	-25.36638	2.703685	0.07146331
91400	-331.9821	-312.5104	-19.47166	2.018686	0.1614559
91600	-331.6542	-314.0809	-17.57329	1.946674	0.05024577
91800	-330.9871	-311.1843	-19.80283	2.221072	5.782962e-06
92000	-331.2097	-309.807	-21.40272	2.291208	0.08841932
92200	-334.243	-315.5938	-18.64922	2.03536	0.07000182
92400	-332.2728	-311.8494	-20.42346	2.087411	0.1927805
92600	-329.7048	-310.5728	-19.13198	2.134682	0.01879763
92800	-331.04	-312.3693	-18.67077	2.029621	0.07603839
93000	-332.8738	-316.3707	-16.50315	1.879552	0.01118061
93200	-331.0573	-314.4134	-16.64383	1.840184	0.06341339
93400	-330.7355	-311.7897	-18.94573	2.116809	0.01770143
93600	-332.3601	-307.3689	-24.99119	2.570028	0.1681114
93800	-332.8519	-308.0662	-24.78569	2.594494	0.124441
94000	-330.6655	-308.7854	-21.88009	2.352606	0.07380628
94200	-334.309	-316.3631	-17.94583	1.765084	0.256026
94400	-332.416	-308.3799	-24.03614	2.63123	0.01282598
94600	-332.6706	-313.9534	-18.71718	2.078746	0.0329915
94800	-331.4325	-307.6758	-23.75673	2.499872	0.1145277
95000	-332.0963	-313.4297	-18.66656	1.990403	0.1167004
95200	-330.7402	-314.1836	-16.55655	1.884473	0.01160912
95400	-331.4857	-308.2843	-23.20136	2.491047	0.06891548
95600	-330.206	-311.0901	-19.11583	2.126638	0.02495299
95800	-330.438	-310.1132	-20.32481	2.238301	0.03377742
96000	-333.5243	-313.3792	-20.14507	2.024567	0.2195389
96200	-331.4	-314.2696	-17.13039	1.951184	0.002606687
96400	-332.5059	-312.265	-20.24088	2.247319	0.01727805
96600	-332.5046	-311.1315	-21.37316	2.181934	0.1910387
96800	-330.5306	-311.672	-18.85859	2.030022	0.0936742
97000	-331.6032	-307.5737	-24.02952	2.615147	0.02876202
97200	-330.7442	-314.1281	-16.61606	1.873106	0.02875919
97400	-333.3881	-320.1916	-13.19657	1.546906	0.01304599
97600	-334.108	-313.7688	-20.33916	2.245173	0.02905241
97800	-330.5942	-313.6387	-16.95558	1.910916	0.02467078
98000	-333.2836	-306.9041	-26.3795	2.864047	0.01470699
98200	-332.6497	-308.9716	-23.67808	2.527513	0.07769354
98400	-333.3675	-312.147	-21.22056	2.355318	0.007714386
98600	-332.3308	-315.4162	-16.9146	1.810842	0.1175771
98800	-331.3647	-315.1147	-16.25002	1.817918	0.04699854
99000	-333.4804	-314.8863	-18.59407	2.080946	0.01912954
99200	-329.7776	-309.5738	-20.20384	2.234154	0.02621605
99400	-331.3167	-307.2611	-24.05565	2.620515	0.02582106
99600	-337.9738	-319.1562	-18.8176	2.067447	0.05110927
99800	-331.6968	-307.2484	-24.44842	2.667332	0.01826115
100000	-330.3521	-310.3685	-19.98366	2.163377	0.07362425
100200	-331.8693	-307.8923	-23.97694	2.536586	0.1004883
100400	-330.3455	-310.507	-19.8385	2.14787	0.07509654
100600	-332.0382	-310.2474	-21.79082	2.225819	0.1929628
100800	-332.0452	-311.1031	-20.94204	2.076709	0.2498188
101000	-331.9477	-313.0188	-18.92889	2.090588	0.04227766
101200	-332.4384	-315.3346	-17.10382	1.866177	0.08035234
101400	-330.5569	-311.0637	-19.4932	2.087675	0.09976273
101600	-336.0171	-313.0797	-22.93743	2.474856	0.06005023
101800	-333.805	-308.9706	-24.83446	2.651242	0.07059691
102000	-330.9413	-309.74	-21.20128	2.250395	0.1066353
102200	-334.3975	-309.4389	-24.9586	2.398395	0.3297924
102400	-332.9868	-312.5579	-20.42891	2.148245	0.1296255
102600	-332.7083	-313.8814	-18.82696	2.016242	0.1028811
102800	-330.0882	-310.1434	-19.94479	2.185144	0.04840566
103000	-331.2716	-314.472	-16.79964	1.858441	0.06135533
103200	-333.0583	-311.965	-21.09334	2.232636	0.1156979
103400	-330.5464	-308.8652	-21.68119	2.382653	0.02531423
103600	-330.0992	-310.6653	-19.43389	2.14364	0.03915249
103800	-331.476	-311.2446	-20.23143	2.21438	0.04821359
104000	-330.8573	-313.6295	-17.22785	1.940946	0.02203553
104200	-330.5766	-309.1531	-21.42351	2.379607	0.003399025
104400	-329.725	-310.8536	-18.87136	2.117282	0.01033021
104600	-330.7112	-310.7727	-19.93857	2.145876	0.08637364
104800	-332.5761	-310.6004	-21.97565	2.306173	0.1313264
105000	-331.44	-310.9158	-20.52422	2.292982	0.0002306415
105200	-330.7791	-308.9043	-21.87484	2.377723	0.04986693
105400	-332.0059	-309.2219	-22.78404	2.353514	0.1606121
105600	-331.2573	-310.4702	-20.78715	2.270245	0.04750609
105800	-335.9637	-315.2414	-20.72235	1.851745	0.4438865
106000	-332.7877	-314.5632	-18.22443	1.967323	0.09137298
106200	-333.4307	-309.8682	-23.56248	2.289088	0.2997218
106400	-332.1193	-306.6679	-25.45136	2.737417	0.04695653
106600	-330.7795	-312.8333	-17.94615	1.955252	0.07854143
106800	-333.082	-312.6354	-20.44656	2.083802	0.1969264
107000	-332.3229	-312.8126	-19.51028	1.946572	0.2350448
107200	-334.1556	-307.4213	-26.73424	2.555182	0.3541402
107400	-334.3147	-314.623	-19.69173	1.950918	0.2478307
107600	-336.4316	-309.6431	-26.78843	2.331406	0.5637651
107800	-338.4433	-307.8144	-30.62898	3.196576	0.1079382
108000	-330.0802	-313.1568	-16.9234	1.918598	0.01394616
108200	-332.4591	-313.867	-18.59208	1.900501	0.1900975
108400	-332.2982	-310.9556	-21.34259	2.089502	0.2758849
108600	-330.0931	-310.3356	-19.75748	2.198265	0.01792024
108800	-330.9483	-311.4579	-19.49043	2.134319	0.05330748
109000	-331.9147	-314.3064	-17.60833	1.861343	0.1374291
109200	-333.3304	-310.1989	-23.13155	2.52686	0.02636576
109400	-331.0752	-312.4967	-18.57849	2.042518	0.05497951
109600	-330.4559	-311.3887	-19.06714	2.122804	0.02436686
109800	-334.4133	-314.1062	-20.30713	2.240789	0.03003722
110000	-333.2619	-312.1782	-21.0837	2.196206	0.1464681
110200	-332.8216	-310.203	-22.61862	2.320361	0.1782919
110400	-330.4382	-307.9112	-22.52701	2.466534	0.02642517
110600	-333.7597	-308.6708	-25.08886	2.566735	0.179195
110800	-334.5599	-311.3193	-23.24054	2.18522	0.3638211
111000	-330.2796	-313.0115	-17.26811	1.95215	0.01476052
111200	-331.7703	-307.916	-23.85433	2.52798	0.09482713
111400	-331.0049	-309.0387	-21.96624	2.310183	0.1233802
111600	-332.6656	-316.3696	-16.29599	1.815692	0.0518434
111800	-334.9055	-310.3084	-24.5971	2.40345	0.2929196
112000	-331.6642	-310.8167	-20.84757	2.20022	0.1201337
112200	-330.6021	-314.3829	-16.21923	1.84873	0.01368747
112400	-330.8087	-308.8016	-22.00714	2.391186	0.04971977
112600	-333.2832	-312.7521	-20.53108	2.074122	0.2126278
112800	-337.5008	-320.1606	-17.3402	1.933238	0.04078004
113000	-329.9439	-309.4992	-20.44473	2.265993	0.01865883
113200	-329.7544	-310.6375	-19.11695	2.142391	0.009938021
113400	-330.0071	-311.6248	-18.38233	2.033708	0.04407401
113600	-332.422	-315.2176	-17.20442	1.79054	0.1646931
113800	-330.4252	-311.3422	-19.08303	2.083142	0.06373105
114000	-331.9024	-310.0487	-21.85368	2.352706	0.07216897
114200	-336.7485	-314.8094	-21.93916	2.307222	0.1218231
114400	-330.4731	-311.2498	-19.22336	2.150741	0.01207506
114600	-332.6854	-310.903	-21.78247	2.390851	0.02743374
114800	-331.8218	-313.5962	-18.22568	1.943202	0.1166361
115000	-331.5915	-312.4007	-19.19083	2.012847	0.1419352
115200	-333.7037	-318.8378	-14.8659	1.611601	0.1103002
115400	-333.0416	-309.41	-23.63158	2.29904	0.3018825
115600	-331.0004	-315.8144	-15.18605	1.740383	0.01820838
115800	-330.9216	-311.4777	-19.44388	2.172236	0.01297753
116000	-330.1803	-310.4186	-19.76175	2.152184	0.06315416
116200	-330.2649	-308.8717	-21.39318	2.36988	0.0100539
116400	-332.699	-310.2884	-22.41066	2.164342	0.3077115
116600	-331.2768	-308.7147	-22.56215	2.484379	0.01249797
116800	-331.5912	-311.1564	-20.43478	2.136452	0.1413058
117000	-330.981	-309.6735	-21.30742	2.34598	0.0255988
117200	-331.2616	-308.6659	-22.5957	2.431212	0.06754798
117400	-332.6987	-308.7266	-23.97209	2.555523	0.08009969
117600	-330.5322	-312.2796	-18.25264	2.039271	0.02623818
117800	-331.0936	-311.7938	-19.29977	2.108714	0.06186922
118000	-330.2639	-309.0082	-21.25567	2.351517	0.01476439
118200	-330.3005	-310.3011	-19.99941	2.216189	0.02431866
118400	-330.6596	-312.173	-18.48661	2.065665	0.02272894
118600	-330.2421	-313.2069	-17.03515	1.925152	0.01835287
118800	-331.3507	-314.078	-17.27269	1.859081	0.1048804
119000	-331.2426	-307.0932	-24.14933	2.648974	0.006744212
119200	-331.756	-309.9983	-21.75771	2.330174	0.08272004
119400	-330.1259	-313.5931	-16.53279	1.890427	0.003547758
119600	-333.669	-311.7948	-21.8742	2.074644	0.3497472
119800	-333.9586	-311.9081	-22.05052	2.267358	0.1744823
120000	-332.816	-310.0719	-22.74409	2.238787	0.2687701
120200	-330.3968	-309.7295	-20.66733	2.263278	0.04377317
120400	-331.305	-312.1545	-19.15053	2.083059	0.07124478
120600	-332.4656	-309.5118	-22.95375	2.534567	0.00156512
120800	-332.6876	-315.5333	-17.15427	1.873435	0.07941792
121000	-331.3681	-316.5242	-14.84384	1.713425	0.0113382
121200	-331.6777	-312.4318	-19.2459	1.986947	0.1750013
121400	-331.0909	-309.2234	-21.86757	2.333707	0.09139105
121600	-330.6185	-313.3106	-17.30784	1.953866	0.01704033
121800	-333.5928	-314.6174	-18.97537	1.953381	0.1752222
122000	-331.5997	-312.9327	-18.66706	2.034226	0.07164983
122200	-331.9622	-317.1241	-14.83803	1.688402	0.03485218
122400	-331.4041	-310.2396	-21.1645	2.340346	0.01654469
122600	-332.7671	-311.4716	-21.29549	2.191647	0.1770362
122800	-331.4571	-308.8987	-22.55844	2.366137	0.127725
123000	-332.5262	-313.327	-19.19923	2.125879	0.03414689
123200	-334.136	-311.3552	-22.78083	2.222381	0.2853673
123400	-334.5907	-311.8384	-22.75228	2.012217	0.4843461
123600	-330.04	-310.5211	-19.51888	2.156155	0.03590344
123800	-333.2985	-306.1844	-27.11407	2.936203	0.01587715
124000	-333.0947	-318.5315	-14.5632	1.624162	0.06938465
124200	-330.6339	-308.9285	-21.7054	2.386016	0.02456604
124400	-333.6189	-307.0941	-26.52481	2.640983	0.2486981
124600	-330.1109	-309.3822	-20.72874	2.254914	0.05679004
124800	-331.1615	-307.0809	-24.08067	2.627781	0.0204172
125000	-332.2597	-315.7889	-16.47084	1.843589	0.04291898
125200	-330.9756	-307.311	-23.66467	2.554778	0.05106664
125400	-331.9521	-313.2182	-18.7339	2.011857	0.09863458
125600	-330.1412	-309.9636	-20.1776	2.212919	0.04390643
125800	-332.8677	-312.6121	-20.25564	2.243422	0.02300224
126000	-330.1915	-311.4424	-18.74917	2.052699	0.06143876
126200	-329.7418	-312.4689	-17.27291	1.959455	0.008307335
126400	-330.4863	-312.0842	-18.40207	2.035921	0.04439065
126600	-332.0767	-310.7333	-21.34341	2.328347	0.04604242
126800	-330.6674	-313.758	-16.9094	1.905769	0.02520473
127000	-330.5125	-312.8508	-17.66177	1.950139	0.05437742
127200	-333.5131	-306.4013	-27.11183	2.768418	0.1799633
127400	-331.0827	-309.7181	-21.36457	2.263349	0.1092727
127600	-331.3249	-312.3648	-18.96016	1.979813	0.1515366
127800	-332.7852	-313.7105	-19.07468	2.088286	0.05720972
128000	-332.2874	-309.4938	-22.79353	2.244452	0.26748
128200	-333.6228	-315.2843	-18.33846	1.926509	0.1406436
128400	-330.7912	-310.7597	-20.03142	2.146841	0.09387769
128600	-329.6535	-310.7208	-18.93268	2.113355	0.01995875
128800	-331.5325	-310.5934	-20.93905	2.30205	0.03136038
129000	-332.0311	-311.7558	-20.27527	2.236067	0.03127411
129200	-336.0072	-308.3347	-27.67247	2.595258	0.4134429
129400	-335.7971	-310.0897	-25.70739	2.663107	0.1470647
129600	-330.2462	-309.1828	-21.06337	2.33984	0.007109133
129800	-332.0377	-311.2094	-20.82833	2.069605	0.2464551
130000	-331.4168	-307.0079	-24.40897	2.67483	0.006856629
130200	-330.6897	-315.1593	-15.53042	1.792129	0.001664738
130400	-329.9002	-311.965	-17.93523	2.016614	0.01699446
130600	-331.2854	-310.3359	-20.94954	2.260509	0.07254048
130800	-330.3722	-310.7063	-19.66586	2.18669	0.02061787
131000	-331.1395	-311.9907	-19.14878	2.08949	0.063266
131200	-330.8716	-308.8907	-21.9809	2.374123	0.06442657
131400	-330.8935	-307.5247	-23.36882	2.571878	0.005618584
131600	-331.6346	-311.267	-20.36761	2.110765	0.1637446
131800	-332.9132	-311.3866	-21.52668	2.382529	0.0111013
132000	-330.8464	-307.8416	-23.00478	2.520392	0.02030157
132200	-332.0312	-316.826	-15.20517	1.727094	0.03312656
132400	-331.0277	-308.6112	-22.41646	2.389628	0.09142583
132600	-330.8211	-311.5987	-19.22233	2.138904	0.02352224
132800	-331.8264	-310.7481	-21.07824	2.152421	0.1939786
133000	-330.5979	-307.3786	-23.2193	2.56258	0.0001407893
133200	-333.7307	-310.3158	-23.41491	2.207778	0.3585371
133400	-330.0162	-309.7133	-20.30287	2.262747	0.008047698
133600	-331.3068	-309.0773	-22.22948	2.317956	0.142847
133800	-333.2987	-309.3299	-23.96876	2.347365	0.2824901
134000	-331.3688	-310.4638	-20.90495	2.181035	0.1462172
134200	-341.964	-319.3526	-22.61134	1.603356	0.8655596
134400	-332.3391	-310.1154	-22.22363	2.4631	5.509829e-05
134600	-330.8359	-309.7394	-21.0965	2.283913	0.06535987
134800	-331.1052	-307.3566	-23.74859	2.547898	0.06628921
135000	-330.0237	-311.4912	-18.53257	2.079582	0.01404327
135200	-332.0471	-309.5051	-22.54195	2.483483	0.01118273
135400	-332.256	-315.5398	-16.71621	1.841965	0.06807904
135600	-330.4964	-314.2086	-16.28784	1.85988	0.009467925
135800	-333.9443	-313.0956	-20.84868	2.194269	0.1240239
136000	-331.5162	-312.5448	-18.97146	2.044556	0.0905794
136200	-335.6749	-306.7828	-28.89216	3.069366	0.05979791
136400	-331.71	-316.3295	-15.38049	1.718103	0.05810329
136600	-331.5985	-312.9766	-18.62185	1.995057	0.1066917
136800	-330.4694	-313.2772	-17.19219	1.926362	0.032267
137000	-331.536	-311.4874	-20.04863	2.054251	0.1844277
137200	-333.328	-312.6222	-20.70574	2.095872	0.2105917
137400	-330.8487	-307.4513	-23.39739	2.534218	0.04527235
137600	-333.2576	-315.526	-17.73157	1.815938	0.1920603
137800	-331.5339	-312.756	-18.77796	2.057715	0.05941604
138000	-331.8299	-313.5361	-18.29378	1.90272	0.1615103
138200	-332.5658	-308.5671	-23.99864	2.45658	0.1823124
138400	-330.3221	-309.5999	-20.72221	2.262035	0.04978837
138600	-331.6327	-308.0195	-23.61321	2.450335	0.148655
138800	-330.8305	-312.7895	-18.041	2.028417	0.01591291
139000	-330.701	-309.2129	-21.48807	2.338914	0.04965669
139200	-332.7901	-307.6891	-25.10099	2.559557	0.1896499
139400	-333.7374	-313.6294	-20.10791	2.199804	0.05150588
139600	-333.1765	-311.469	-21.70755	2.200629	0.2044453
139800	-332.3625	-310.7332	-21.62928	2.295505	0.1045699
140000	-330.6251	-310.7217	-19.90333	2.134184	0.09429896
140200	-332.4308	-310.2708	-22.16001	2.311959	0.1414177
140400	-335.0022	-314.8474	-20.15482	2.221246	0.03405348
140600	-330.9996	-310.715	-20.28462	2.245415	0.02332869
140800	-333.3465	-309.5698	-23.77668	2.598836	0.01939875
141000	-332.2388	-314.5704	-17.66841	1.948143	0.05631346
141200	-332.4824	-311.3751	-21.10722	2.11556	0.2287801
141400	-331.3262	-313.1797	-18.14642	1.984457	0.06799011
141600	-337.8397	-314.1441	-23.69562	2.600653	0.008949361
141800	-330.2547	-310.9126	-19.34203	2.118246	0.05536343
142000	-330.5703	-312.9464	-17.62394	2.000449	0.002662136
142200	-331.1684	-307.8289	-23.33956	2.500434	0.07373101
142400	-334.5409	-318.7131	-15.82784	1.751901	0.06728248
142600	-332.348	-317.4569	-14.89117	1.651379	0.07529136
142800	-330.9782	-311.1938	-19.78437	2.134597	0.08381387
143000	-331.6211	-313.0386	-18.5825	2.080182	0.01802563
143200	-331.5421	-310.4107	-21.13139	2.296918	0.05516443
143400	-335.9506	-318.2115	-17.7391	1.994435	0.01873612
143600	-338.1288	-316.6656	-21.46324	2.255379	0.1267281
143800	-332.7366	-313.6749	-19.06169	2.081528	0.06284474
144000	-332.99	-313.3007	-19.68933	1.938729	0.258726
144200	-332.0647	-311.7772	-20.28748	2.192171	0.07434117
144400	-329.8394	-310.3967	-19.4427	2.167017	0.01756067
144600	-332.7475	-311.9547	-20.79278	2.081587	0.2270699
144800	-332.8912	-314.8878	-18.00337	1.944083	0.09311641
145000	-331.0492	-313.6996	-17.34959	1.882587	0.09041586
145200	-332.812	-310.9039	-21.90815	2.271174	0.1572757
145400	-333.5336	-316.5694	-16.96422	1.766964	0.1613762
145600	-332.9797	-312.9877	-19.99203	2.036835	0.2030698
145800	-333.5638	-315.676	-17.88779	1.966022	0.06420443
146000	-330.8577	-310.627	-20.23073	2.154906	0.1075632
146200	-332.5675	-307.5928	-24.97471	2.609602	0.1254906
146400	-330.0501	-310.2128	-19.83724	2.219723	0.004698642
146600	-333.6609	-308.7739	-24.88698	2.419144	0.3100204
146800	-329.8846	-308.939	-20.94553	2.312405	0.02232201
147000	-331.3105	-310.7504	-20.56008	2.142357	0.1523068
147200	-331.0576	-309.7025	-21.35502	2.328725	0.0459449
147400	-332.5967	-308.7141	-23.88258	2.507071	0.1171189
147600	-332.0276	-310.8455	-21.18208	2.25531	0.09911272
147800	-330.548	-310.7403	-19.80767	2.191058	0.02969821
148000	-336.196	-311.6836	-24.51241	2.175784	0.5048435
148200	-334.1865	-317.7577	-16.42881	1.875228	0.007924925
148400	-329.5915	-309.5945	-19.99703	2.232809	0.007434875
148600	-330.7437	-313.627	-17.11671	1.8781	0.07198066
148800	-332.6443	-315.2655	-17.37872	1.874548	0.1023355
149000	-331.5773	-312.7246	-18.85265	2.071275	0.05257966
149200	-330.7878	-310.1814	-20.60634	2.27676	0.02404784
149400	-332.4553	-307.7267	-24.72862	2.708088	0.00538755
149600	-330.4688	-309.9823	-20.48649	2.288148	0.001265707
149800	-338.3818	-307.3533	-31.02857	3.070426	0.2628896
150000	-332.981	-312.1855	-20.79553	2.07835	0.2410852
150200	-332.5585	-315.8132	-16.74538	1.745973	0.1622774
150400	-334.3872	-307.08	-27.30726	2.875712	0.0928851
150600	-331.4317	-310.543	-20.88872	2.23196	0.09696486
150800	-333.1918	-311.403	-21.78884	2.394466	0.024362
151000	-331.1945	-312.9353	-18.25914	2.05185	0.01440759
151200	-332.2283	-311.2421	-20.98613	2.251355	0.08400897
151400	-332.7882	-310.6084	-22.17981	2.397551	0.05907786
151600	-331.357	-309.5727	-21.78426	2.297302	0.1171676
151800	-334.8665	-320.4347	-14.43187	1.648902	0.03424492
152000	-332.6062	-310.4581	-22.1481	2.206745	0.2401075
152200	-333.0897	-314.9919	-18.0978	1.962132	0.08667796
152400	-333.4894	-306.8788	-26.61059	2.830667	0.07118779
152600	-331.3163	-311.3238	-19.99255	2.15036	0.08615632
152800	-331.4624	-311.3285	-20.1339	2.133036	0.1178375
153000	-330.1103	-310.8198	-19.2905	2.109361	0.05870617
153200	-331.9535	-308.6143	-23.33917	2.494794	0.07666237
153400	-330.0754	-312.3006	-17.77485	2.005965	0.0119233
153600	-338.851	-307.1476	-31.70339	3.155602	0.2514545
153800	-330.7923	-315.0347	-15.75755	1.788297	0.02717762
154000	-335.867	-306.9413	-28.9257	2.984813	0.1429808
154200	-330.8364	-310.3183	-20.51806	2.167264	0.1224081
154400	-329.9329	-311.356	-18.5769	2.083896	0.01438468
154600	-332.5464	-314.2917	-18.25468	2.051952	0.01366669
154800	-331.0876	-314.1578	-16.9298	1.852012	0.07958681
155000	-330.2431	-308.9243	-21.31889	2.343296	0.02860423
155200	-330.1577	-312.7303	-17.42738	1.941386	0.04076362
155400	-337.623	-313.5023	-24.1207	2.036378	0.6026985
155600	-331.119	-308.5671	-22.55191	2.432636	0.06160446
155800	-330.1745	-308.7848	-21.38978	2.344246	0.0344683
156000	-330.9562	-309.7199	-21.23628	2.25071	0.112349
156200	-330.4089	-314.4283	-15.98068	1.833353	0.005366346
156400	-331.0282	-310.8265	-20.20167	2.154744	0.1052108
156600	-335.0534	-316.0156	-19.03781	1.787749	0.3381979
156800	-334.0262	-312.714	-21.31226	2.001038	0.3655396
157000	-332.4888	-312.7553	-19.73354	2.15191	0.05902472
157200	-330.9162	-309.5459	-21.3703	2.297038	0.07843473
157400	-331.9641	-308.0314	-23.93276	2.563436	0.07047019
157600	-335.9304	-320.1713	-15.75915	1.540939	0.2626018
157800	-331.4396	-309.3093	-22.1303	2.275133	0.1734471
158000	-332.0238	-312.3352	-19.68857	2.08259	0.1223013
158200	-332.7688	-307.6141	-25.15473	2.668407	0.0856562
158400	-332.1963	-309.8772	-22.31916	2.458148	0.0139854
158600	-330.7272	-311.1989	-19.52826	2.099888	0.09187411
158800	-332.3885	-316.753	-15.63557	1.799216	0.005003378
159000	-332.8638	-312.2698	-20.59408	2.288333	0.01129805
159200	-331.7227	-309.6099	-22.11282	2.419191	0.03222833
159400	-331.2231	-312.7909	-18.43218	2.024224	0.05923295
159600	-330.1931	-309.8835	-20.30966	2.214294	0.05639365
159800	-332.351	-314.5668	-17.78423	1.946721	0.07257302
160000	-334.6535	-318.0001	-16.65337	1.655929	0.2415505
160200	-333.2567	-313.9039	-19.35289	2.115854	0.05883815
160400	-332.0296	-308.2783	-23.75124	2.465103	0.1498674
160600	-334.2317	-319.0563	-15.17537	1.67381	0.08170525
160800	-332.8108	-305.977	-26.83384	2.860546	0.06261316
161000	-331.5513	-312.1823	-19.36892	2.15995	0.01745447
161200	-333.6117	-315.7576	-17.85407	1.831356	0.1838263
161400	-333.1866	-314.8226	-18.36403	1.969104	0.1087845
161600	-332.0781	-315.7142	-16.36389	1.777299	0.09551096
161800	-330.5735	-309.3062	-21.26729	2.348974	0.01811653
162000	-330.5726	-308.251	-22.32161	2.431555	0.0409056
162200	-332.3547	-316.6613	-15.69335	1.728323	0.07924479
162400	-335.4276	-311.3267	-24.10089	2.56715	0.07956193
162600	-332.9599	-309.9517	-23.00821	2.466788	0.07279696
162800	-331.5163	-307.8591	-23.65711	2.509253	0.0944569
163000	-332.1765	-311.76	-20.41647	2.127467	0.1514457
163200	-332.0424	-310.9305	-21.11195	2.321804	0.0291375
163400	-331.1619	-312.6154	-18.54655	2.017103	0.07588229
163600	-331.0352	-312.173	-18.86222	2.03551	0.08929507
163800	-332.9907	-318.6557	-14.33504	1.626751	0.04526923
164000	-334.1004	-307.0929	-27.00751	2.668628	0.2696313
164200	-333.6707	-309.531	-24.1397	2.416266	0.233824
164400	-331.0491	-310.2862	-20.7629	2.253428	0.06109217
164600	-334.5418	-310.2166	-24.32515	2.253162	0.4038591
164800	-331.4688	-312.3497	-19.11911	1.989353	0.1599896
165000	-331.7338	-314.1207	-17.61309	1.897975	0.1010511
165200	-334.2013	-307.7319	-26.46932	2.654941	0.2271421
165400	-336.0977	-312.6175	-23.48017	1.967896	0.5929024
165600	-336.0875	-315.1114	-20.97609	2.290903	0.04389331
165800	-337.213	-310.1977	-27.01529	2.539044	0.3990723
166000	-331.8183	-313.1581	-18.66016	2.038145	0.06565861
166200	-330.6602	-308.8314	-21.8288	2.328071	0.09302908
166400	-333.6686	-309.4628	-24.20584	2.45347	0.2008702
166600	-330.3582	-308.407	-21.95124	2.399714	0.0357221
166800	-331.098	-311.9228	-19.17526	2.103047	0.05445728
167000	-331.0942	-310.0226	-21.07158	2.232706	0.1141122
167200	-334.0643	-313.6436	-20.42067	2.25221	0.02951843
167400	-330.9306	-308.7957	-22.13488	2.39857	0.05437946
167600	-329.9934	-310.9252	-19.06825	2.11092	0.03554291
167800	-332.6271	-307.7598	-24.86725	2.56059	0.1626139
168000	-330.8096	-310.2785	-20.53105	2.222066	0.06992428
168200	-330.0751	-311.1421	-18.933	2.071572	0.06023731
168400	-330.7876	-309.4181	-21.36945	2.283168	0.09290786
168600	-331.2479	-311.5144	-19.7335	2.13076	0.08090261
168800	-332.2486	-312.6118	-19.63688	2.043551	0.1596355
169000	-331.4168	-311.8452	-19.57162	2.067304	0.1278703
169200	-329.7862	-309.8376	-19.94855	2.219999	0.01537268
169400	-330.21	-310.0695	-20.14048	2.252688	0.002140709
169600	-330.3253	-309.4295	-20.89581	2.282606	0.04722842
169800	-330.021	-309.8224	-20.19855	2.246756	0.01373306
170000	-331.856	-308.9956	-22.86036	2.348902	0.1765634
170200	-330.2869	-311.2679	-19.01902	2.067581	0.07314565
170400	-330.9283	-309.1686	-21.75967	2.298998	0.1140324
170600	-334.0375	-315.7072	-18.33039	1.862873	0.2003121
170800	-331.6439	-309.0719	-22.57206	2.481165	0.01635365
171000	-331.1483	-312.3944	-18.75385	2.024374	0.08875019
171200	-332.3452	-309.0043	-23.34088	2.385507	0.1872816
171400	-332.7711	-309.7963	-22.97481	2.460054	0.07589346
171600	-330.817	-314.6395	-16.17752	1.820365	0.03711041
171800	-332.3136	-308.0967	-24.21694	2.521654	0.1375588
172000	-332.7572	-313.6323	-19.12493	1.977704	0.1692485
172200	-330.7164	-313.1015	-17.61494	1.992769	0.009095961
172400	-332.3853	-315.3243	-17.06104	1.877963	0.06554177
172600	-331.0197	-308.63	-22.38972	2.383966	0.09242683
172800	-333.655	-308.2703	-25.38471	2.623178	0.1528259
173000	-331.9215	-310.0665	-21.85506	2.206382	0.216109
173200	-332.8299	-308.451	-24.37882	2.672109	0.006614365
173400	-330.9308	-309.1467	-21.78408	2.342549	0.07585157
173600	-332.5013	-312.6235	-19.87782	2.209951	0.01846518
173800	-333.2329	-316.2264	-17.00655	1.752937	0.1804398
174000	-331.688	-313.4574	-18.23068	1.940753	0.1173246
174200	-330.6713	-308.7594	-21.91188	2.353165	0.07648951
174400	-333.8785	-309.6506	-24.2279	2.382788	0.2824587
174600	-332.3247	-314.397	-17.92772	1.967453	0.06472466
174800	-329.7119	-310.1097	-19.60218	2.200603	0.0004031206
175000	-334.1362	-314.8541	-19.28215	1.97473	0.1835084
175200	-334.0588	-316.2118	-17.84702	1.917204	0.1068717
175400	-332.6068	-310.9526	-21.65419	2.285077	0.1180144
175600	-331.5913	-312.7279	-18.86346	1.98981	0.1356813
175800	-330.6717	-310.9967	-19.67498	2.086329	0.1179841
176000	-332.4833	-313.4362	-19.04714	1.987165	0.1521364
176200	-329.7069	-311.1404	-18.56644	2.076464	0.02038182
176400	-332.6588	-307.5163	-25.14241	2.574104	0.1771107
176600	-330.9896	-314.3251	-16.66452	1.841541	0.06281947
176800	-333.1261	-312.3549	-20.77114	2.207117	0.1058433
177000	-330.4108	-311.8097	-18.6011	2.069169	0.03082368
177200	-330.0485	-312.4656	-17.58294	1.963857	0.03383839
177400	-334.0769	-307.9916	-26.08523	2.747328	0.09959969
177600	-332.1641	-312.6734	-19.49068	1.977471	0.205448
177800	-331.7934	-309.7607	-22.03271	2.364606	0.07704257
178000	-332.4215	-309.6515	-22.76993	2.388817	0.1285744
178200	-330.8373	-307.5953	-23.24206	2.508634	0.05483873
178400	-332.3704	-308.7138	-23.65661	2.398842	0.2050877
178600	-330.7632	-315.353	-15.4102	1.780202	0.001540222
178800	-335.1371	-319.0539	-16.08319	1.628902	0.2124009
179000	-330.632	-314.5836	-16.0484	1.831472	0.01358738
179200	-332.6886	-315.8171	-16.87156	1.800277	0.1238624
179400	-332.9414	-312.019	-20.92236	2.322157	0.01082951
179600	-333.4579	-311.9964	-21.4615	2.133647	0.2507835
179800	-331.2998	-314.8723	-16.42755	1.842293	0.03933312
180000	-329.8472	-310.2248	-19.62237	2.183116	0.01927943
180200	-332.8062	-307.8337	-24.97249	2.526902	0.2072619
180400	-334.2736	-311.1767	-23.09693	2.541844	0.008201948
180600	-331.1149	-308.4766	-22.63827	2.410952	0.09124968
180800	-331.4166	-308.6692	-22.74742	2.506613	0.008730219
181000	-330.7608	-311.0304	-19.73038	2.18722	0.02603436
181200	-331.8557	-315.0653	-16.7904	1.84213	0.07683426
181400	-331.1331	-309.9296	-21.20346	2.258365	0.1021226
181600	-329.977	-311.9096	-18.06739	2.029706	0.01728188
181800	-332.7402	-312.4281	-20.31206	2.109383	0.1550455
182000	-331.6078	-316.0853	-15.5225	1.77075	0.02139115
182200	-330.2429	-311.1421	-19.10081	2.130072	0.02022097
182400	-331.244	-310.2034	-21.04054	2.191611	0.1470567
182600	-330.6675	-313.5858	-17.08164	1.924237	0.0244142
182800	-333.2471	-316.4233	-16.82375	1.714107	0.2012689
183000	-330.5974	-308.7588	-21.83861	2.350635	0.07213442
183200	-333.761	-315.3162	-18.44484	2.031309	0.05279908
183400	-334.4277	-314.5014	-19.92628	1.95793	0.2652003
183600	-332.0473	-311.5324	-20.51499	2.215062	0.07569653
183800	-331.9535	-309.9396	-22.01392	2.310454	0.1264632
184000	-331.3069	-312.9238	-18.38312	2.05335	0.02579691
184200	-330.593	-309.1514	-21.44157	2.320257	0.06365343
184400	-331.3265	-309.9541	-21.37232	2.194368	0.1784551
184600	-331.343	-311.1021	-20.24092	2.114925	0.1452494
184800	-331.4317	-312.5255	-18.90626	2.114816	0.01621014
185000	-330.6874	-314.8197	-15.86767	1.806963	0.01990536
185200	-333.569	-311.3138	-22.25511	2.373639	0.08978529
185400	-333.9884	-307.1513	-26.83715	2.866405	0.05829941
185600	-333.3441	-317.1689	-16.17528	1.84326	0.01502453
185800	-333.4373	-313.2462	-20.19109	2.035442	0.2175006
186000	-331.4743	-309.684	-21.79023	2.303628	0.1113019
186200	-332.5376	-311.2425	-21.29507	2.278289	0.08762057
186400	-331.3735	-310.4661	-20.9074	2.146244	0.1790638
186600	-333.4916	-315.7426	-17.74898	1.767892	0.2390574
186800	-332.0096	-316.4603	-15.54933	1.711086	0.08202168
187000	-329.9169	-311.8379	-18.07905	2.04405	0.004508928
187200	-330.8707	-309.8598	-21.01085	2.219462	0.1186388
187400	-332.1938	-308.6183	-23.5755	2.519277	0.07957268
187600	-331.5916	-312.8659	-18.72562	1.946728	0.1607795
187800	-330.1841	-312.436	-17.74807	2.012994	0.002528555
188000	-331.6449	-314.1391	-17.50575	1.909677	0.07912348
188200	-329.7654	-310.6914	-19.07402	2.137097	0.01088504
188400	-331.6705	-306.8701	-24.80038	2.700967	0.01940328
188600	-330.8493	-312.8125	-18.03679	2.032351	0.01204056
188800	-331.3209	-308.5582	-22.76271	2.516234	0.00081832
189000	-332.594	-309.12	-23.47398	2.542172	0.04626513
189200	-333.1437	-306.9895	-26.15413	2.84737	0.008689456
189400	-332.0975	-311.2995	-20.79807	2.065634	0.2480717
189600	-331.2792	-308.4271	-22.85205	2.416457	0.1083962
189800	-333.7783	-316.8466	-16.93171	1.917792	0.01597693
190000	-330.6395	-311.616	-19.02348	2.087779	0.05452822
190200	-331.6197	-311.2664	-20.35329	2.131119	0.1386852
190400	-332.5365	-312.3846	-20.15188	1.994273	0.2568199
190600	-332.1613	-309.347	-22.81432	2.512345	0.009778133
190800	-330.9551	-307.1657	-23.78946	2.61044	0.009077916
191000	-331.834	-307.1107	-24.72324	2.617926	0.093249
191200	-333.5805	-311.8368	-21.74369	2.405153	0.009743824
191400	-330.2865	-312.1889	-18.09753	2.018848	0.03066681
191600	-329.9334	-311.4838	-18.44955	2.054141	0.03057963
191800	-329.8818	-311.8332	-18.04856	2.012347	0.03209085
192000	-334.0884	-318.1838	-15.90466	1.732547	0.09622637
192200	-332.0389	-314.3483	-17.69066	1.996891	0.01289728
192400	-331.0603	-311.6287	-19.43158	2.079342	0.1015876
192600	-332.6873	-306.3821	-26.3052	2.767772	0.1020494
192800	-330.8104	-309.7471	-21.06334	2.290435	0.05630357
193000	-334.7123	-314.7222	-19.99011	1.981557	0.2586008
193200	-330.495	-310.9315	-19.56355	2.184982	0.01172827
193400	-332.6309	-312.5167	-20.11426	2.140315	0.1082011
193600	-330.8508	-307.6473	-23.20348	2.516145	0.04434132
193800	-331.7299	-308.7421	-22.98774	2.429687	0.107071
194000	-331.5433	-308.8672	-22.67609	2.401574	0.106723
194200	-331.3002	-311.1734	-20.1268	2.154506	0.09624669
194400	-336.1243	-316.4492	-19.6751	2.138898	0.06837365
194600	-331.0018	-314.2844	-16.71743	1.834092	0.0753301
194800	-336.214	-314.8761	-21.33786	2.005087	0.347641
195000	-335.92	-309.9732	-25.94672	2.719954	0.1144355
195200	-334.2541	-312.258	-21.99616	2.40952	0.02993623
195400	-331.603	-310.4048	-21.19822	2.232114	0.1282809
195600	-331.7737	-306.9973	-24.77646	2.68032	0.03741371
195800	-332.7822	-317.8569	-14.92525	1.687612	0.04401101
196000	-330.3275	-313.3442	-16.98333	1.909127	0.02870564
196200	-330.4708	-311.7306	-18.74016	2.091616	0.02301963
196400	-333.5834	-316.605	-16.97842	1.920649	0.01730656
196600	-329.8141	-309.6236	-20.19049	2.251543	0.008105023
196800	-332.8675	-313.8197	-19.04778	1.958136	0.1856686
197000	-337.0138	-313.3988	-23.61504	2.556351	0.0447228
197200	-334.6426	-309.858	-24.78456	2.29059	0.4254939
197400	-330.4202	-312.3742	-18.04593	2.02476	0.01989243
197600	-332.7566	-314.088	-18.66857	2.044366	0.06380614
197800	-332.7826	-314.9398	-17.84286	1.97669	0.04732412
198000	-331.6005	-310.7373	-20.86318	2.216996	0.1101906
198200	-330.2197	-308.2106	-22.0091	2.412494	0.02850594
198400	-331.4964	-313.4774	-18.01898	1.896646	0.1420205
198600	-332.082	-312.0712	-20.01086	2.195231	0.04641536
198800	-332.0076	-311.2792	-20.72838	2.074662	0.2305449
199000	-332.8039	-309.9574	-22.84656	2.412813	0.114166
199200	-332.4573	-311.5477	-20.90958	2.113715	0.2159988
199400	-330.875	-307.9617	-22.91335	2.528248	0.00387618
199600	-330.6727	-312.5229	-18.14976	2.000429	0.05455772
199800	-330.6883	-310.2519	-20.43636	2.283074	0.001329495
200000	-332.3832	-306.7145	-25.66872	2.762153	0.04571629
