Iteration	Posterior	Likelihood	Prior	branch_rates	speciation_rate
0	-292.8912	-284.6319	-8.25932	0.9805771	0.08902215
200	-291.4665	-286.2948	-5.171658	0.7063015	0.05088558
400	-291.6586	-286.5228	-5.135805	0.7111094	0.04224279
600	-291.9766	-286.3763	-5.600309	0.6898006	0.1084842
800	-292.168	-287.1939	-4.974056	0.69298	0.04487055
1000	-291.5005	-284.9777	-6.522811	0.8583871	0.03474991
1200	-290.9403	-285.5544	-5.385848	0.7526987	0.02648463
1400	-291.9703	-285.495	-6.475286	0.7760018	0.1134904
1600	-294.1381	-286.2873	-7.8508	0.8443422	0.1777872
1800	-291.2793	-285.5378	-5.741484	0.765274	0.04940245
2000	-291.1938	-286.5435	-4.650307	0.6993185	0.006568956
2200	-294.0908	-286.0041	-8.08673	0.8874031	0.1581834
2400	-291.5491	-286.171	-5.378065	0.7007875	0.07761399
2600	-296.4018	-287.0004	-9.401377	0.8311336	0.3398298
2800	-293.0154	-286.4551	-6.560297	0.7820794	0.1107707
3000	-292.9008	-285.039	-7.861763	0.806326	0.2205564
3200	-292.3845	-288.6934	-3.691106	0.5839886	0.02532879
3400	-301.5275	-284.9995	-16.52796	1.161457	0.7596551
3600	-291.8775	-285.46	-6.417554	0.7845886	0.09682189
3800	-295.1389	-285.8874	-9.251491	0.7069409	0.4567612
4000	-294.5737	-287.3055	-7.268217	0.9574847	0.01024032
4200	-292.0766	-286.2906	-5.785995	0.7952681	0.02479686
4400	-292.8942	-286.5142	-6.38001	0.8027268	0.0754617
4600	-294.1617	-286.6446	-7.517122	0.8178529	0.1720604
4800	-290.5474	-285.6557	-4.891723	0.7294488	0.0005184167
5000	-292.5264	-285.7448	-6.781662	0.7272808	0.1903459
5200	-294.6474	-287.8223	-6.825048	0.8158847	0.1082384
5400	-291.8712	-286.4965	-5.374659	0.6854738	0.09059969
5600	-293.5014	-289.6642	-3.837215	0.6069431	0.01698902
5800	-292.886	-287.2302	-5.655751	0.7948528	0.01190406
6000	-293.4331	-287.3621	-6.071045	0.6575958	0.1859438
6200	-293.213	-287.0465	-6.166476	0.6829744	0.1724844
6400	-292.3687	-286.4783	-5.890394	0.7115637	0.1195076
6600	-292.8792	-287.7872	-5.092003	0.6747829	0.07187953
6800	-291.2262	-286.364	-4.86221	0.7077125	0.01881935
7000	-292.2279	-285.7902	-6.437676	0.8602151	0.02382205
7200	-292.6225	-288.719	-3.903578	0.6024332	0.02878442
7400	-291.4399	-286.6424	-4.797592	0.7127652	0.007644813
7600	-291.9623	-286.2047	-5.75758	0.8059958	0.01021945
7800	-293.1183	-287.2769	-5.841401	0.7822432	0.04404255
8000	-291.5014	-287.6759	-3.825459	0.6204343	0.002883852
8200	-293.7894	-290.8028	-2.986578	0.539309	0.0001428496
8400	-292.263	-286.3061	-5.956907	0.7929779	0.04469121
8600	-291.5508	-285.2406	-6.31027	0.8709684	0.0008566409
8800	-292.7989	-288.2395	-4.559329	0.6356495	0.05851809
9000	-294.7791	-285.2371	-9.542043	1.010411	0.1863609
9200	-291.7586	-287.611	-4.147529	0.6264413	0.02882417
9400	-297.0617	-286.6467	-10.41497	0.8296026	0.4613603
9600	-291.7628	-286.0749	-5.687886	0.7728673	0.03623057
9800	-293.2746	-287.5965	-5.678069	0.7557943	0.0528791
10000	-294.7185	-289.396	-5.322502	0.6075864	0.1639607
10200	-294.3004	-286.7386	-7.561815	0.7485587	0.2390096
10400	-291.4435	-285.995	-5.448452	0.7373946	0.04803881
10600	-292.9513	-288.5837	-4.367586	0.6125359	0.06299404
10800	-292.2553	-287.2336	-5.021752	0.6389493	0.1012583
11000	-291.5463	-287.5069	-4.039417	0.6136041	0.03004813
11200	-292.7112	-288.7209	-3.99032	0.6383652	0.001436502
11400	-292.2231	-286.3679	-5.855158	0.7937039	0.03165552
11600	-295.4198	-284.2808	-11.13899	1.068866	0.2946156
11800	-291.9173	-287.7341	-4.183261	0.6406761	0.01764418
12000	-292.4921	-287.1961	-5.295971	0.6389521	0.1302423
12200	-293.6951	-287.2075	-6.48756	0.6286738	0.2539133
12400	-293.2879	-288.8792	-4.408613	0.5777332	0.09854911
12600	-293.8255	-287.8186	-6.006926	0.6102285	0.2243176
12800	-293.3964	-285.7838	-7.612664	0.9270718	0.07798513
13000	-291.9606	-287.292	-4.668622	0.6769942	0.02936869
13200	-291.0499	-285.652	-5.397853	0.7568079	0.02368734
13400	-292.4136	-286.5418	-5.871823	0.7548236	0.07105427
13600	-296.12	-291.7753	-4.344734	0.6469821	0.02644098
13800	-294.2063	-288.5714	-5.634886	0.5718095	0.2212498
14000	-294.5193	-288.0023	-6.516985	0.6605772	0.2298648
14200	-294.6444	-287.6759	-6.968527	0.8898503	0.04607214
14400	-298.0335	-293.1081	-4.925378	0.644283	0.08327168
14600	-292.4463	-288.6116	-3.83464	0.5857158	0.03672981
14800	-294.0977	-289.7588	-4.338872	0.6003877	0.06953681
15000	-291.765	-286.2786	-5.486411	0.6775026	0.1101272
15200	-292.4226	-288.4378	-3.984836	0.6217867	0.01693869
15400	-293.5842	-287.5367	-6.047469	0.8404376	0.004972213
15600	-290.8277	-284.992	-5.835739	0.8056958	0.01891355
15800	-291.856	-287.4736	-4.382475	0.6605549	0.01811966
16000	-292.8408	-285.7109	-7.129894	0.7254825	0.2258117
16200	-294.9338	-288.1889	-6.744889	0.59379	0.3168743
16400	-296.8883	-285.7421	-11.14612	1.122224	0.233626
16600	-293.0528	-286.3201	-6.732668	0.7226239	0.1924146
16800	-291.5729	-286.3384	-5.234501	0.7026826	0.06073385
17000	-293.0025	-287.6889	-5.313644	0.7409082	0.03112117
17200	-296.9173	-287.4118	-9.50552	0.8634655	0.340758
17400	-294.2531	-288.961	-5.292044	0.6185147	0.1431432
17600	-291.7011	-286.8473	-4.85373	0.6738799	0.05113882
17800	-295.1515	-290.0047	-5.146813	0.6148353	0.1412794
18000	-291.902	-286.1625	-5.739507	0.7056174	0.1077092
18200	-295.6539	-289.781	-5.872894	0.6005872	0.2227672
18400	-292.0364	-286.2734	-5.762966	0.7442103	0.07324449
18600	-292.2259	-287.5406	-4.685334	0.6951957	0.01439456
18800	-294.8451	-290.9212	-3.92389	0.615412	0.01762965
19000	-292.2111	-288.8148	-3.3963	0.56715	0.01297262
19200	-291.9254	-287.6621	-4.263282	0.6162489	0.04949421
19400	-297.3316	-286.0884	-11.24317	1.064483	0.3094207
19600	-293.2502	-287.3904	-5.859763	0.7760072	0.04985472
19800	-292.961	-287.8221	-5.138877	0.6699466	0.08310819
20000	-292.5913	-287.5948	-4.996526	0.6957107	0.04363486
20200	-292.0779	-287.7588	-4.319075	0.6350608	0.03600747
20400	-293.1471	-284.3596	-8.787531	1.11176	0.008023987
20600	-292.5877	-288.8634	-3.724276	0.5654473	0.04631073
20800	-292.4947	-286.2731	-6.221565	0.7000484	0.1624204
21000	-291.6438	-285.5135	-6.130355	0.853043	0.0007998085
21200	-291.4729	-284.4925	-6.980306	0.8951407	0.04451931
21400	-291.2085	-286.5673	-4.641228	0.697622	0.007078723
21600	-296.5851	-288.6893	-7.895702	0.9191421	0.1085225
21800	-292.3416	-286.7328	-5.608884	0.7525135	0.04750013
22000	-291.0042	-286.3297	-4.674454	0.6914788	0.01637938
22200	-293.1618	-289.6808	-3.481062	0.5826146	0.006039717
22400	-293.55	-286.8045	-6.745532	0.691135	0.2237871
22600	-295.2872	-285.5768	-9.71034	0.7528786	0.4549885
22800	-295.4241	-290.2018	-5.222351	0.5835653	0.1729908
23000	-291.7288	-286.0868	-5.642053	0.7024742	0.1025601
23200	-293.8001	-287.0472	-6.752917	0.7019903	0.2090845
23400	-292.2114	-286.8041	-5.407303	0.7274051	0.05210099
23600	-293.8822	-286.1939	-7.688274	0.8895849	0.1228279
23800	-293.2401	-288.3299	-4.910138	0.597202	0.1339209
24000	-293.2933	-287.8245	-5.468778	0.6583594	0.1285507
24200	-293.9741	-287.6417	-6.332366	0.707391	0.1583349
24400	-292.494	-284.3773	-8.116692	1.007217	0.04624574
24600	-292.095	-285.9029	-6.192176	0.7738542	0.08412114
24800	-292.5508	-287.0566	-5.494267	0.7354787	0.05409651
25000	-291.9581	-287.0671	-4.890948	0.6500545	0.0774219
25200	-294.8835	-287.6818	-7.201781	0.6664624	0.2976078
25400	-292.0624	-285.1706	-6.891769	0.8551581	0.07445683
25600	-291.1245	-286.2974	-4.827118	0.6860876	0.03664307
25800	-294.9878	-288.9141	-6.07372	0.7253867	0.1251213
26000	-295.7125	-290.8304	-4.882146	0.6011694	0.1192949
26200	-294.0612	-286.0217	-8.039453	0.875618	0.1703906
26400	-290.8892	-285.6624	-5.226715	0.7622555	0.001195864
26600	-291.6994	-286.0744	-5.624977	0.7243534	0.07777056
26800	-293.7576	-285.2401	-8.517528	0.8365384	0.2576747
27000	-294.9003	-287.1144	-7.785917	0.6555634	0.35986
27200	-293.7394	-286.3209	-7.418493	0.864748	0.1144486
27400	-293.8168	-286.2632	-7.553613	0.8670816	0.1319698
27600	-299.7924	-295.4165	-4.375869	0.5004714	0.1761733
27800	-292.4315	-286.6458	-5.785679	0.6772951	0.1425774
28000	-292.396	-285.1179	-7.278107	0.8887015	0.07977678
28200	-291.2068	-286.41	-4.796785	0.7123354	0.007986751
28400	-295.5651	-290.5628	-5.002267	0.6453792	0.09637885
28600	-292.6292	-287.2141	-5.415113	0.6712019	0.1118351
28800	-293.7143	-286.4058	-7.308534	0.7663441	0.1979133
29000	-292.5199	-286.7855	-5.734398	0.7668012	0.04827637
29200	-292.465	-285.6529	-6.81212	0.7907158	0.1304113
29400	-291.4241	-287.436	-3.988101	0.6371482	0.002422565
29600	-292.8024	-289.7079	-3.09451	0.532295	0.01702888
29800	-294.4891	-288.9035	-5.585606	0.7667904	0.03082307
30000	-292.0161	-286.7779	-5.238211	0.7499775	0.01424732
30200	-292.485	-287.6611	-4.823903	0.6654532	0.0549288
30400	-297.3484	-288.8847	-8.463764	0.8971336	0.1934084
30600	-296.9365	-290.4053	-6.531189	0.8259444	0.06460329
30800	-293.7537	-286.7963	-6.957461	0.7014592	0.2273398
31000	-294.3798	-286.103	-8.276757	0.863299	0.1989189
31200	-292.8412	-287.5536	-5.287623	0.669404	0.0969229
31400	-292.2015	-287.3126	-4.888921	0.7184289	0.01079805
31600	-295.6345	-287.3546	-8.279892	0.6127781	0.4456863
31800	-294.659	-287.5912	-7.067876	0.6267076	0.3056565
32000	-291.8758	-284.766	-7.109775	0.9315006	0.02079652
32200	-293.3409	-287.3737	-5.967149	0.7262	0.1093233
32400	-293.9893	-287.8568	-6.132594	0.7277097	0.1279869
32600	-292.6198	-285.6643	-6.955485	0.8153621	0.1187977
32800	-293.7149	-285.136	-8.57898	0.8865456	0.2163325
33000	-295.3242	-287.4618	-7.862375	0.6995315	0.3144563
33200	-293.669	-287.8831	-5.785903	0.8150899	0.004190312
33400	-292.0473	-287.8402	-4.207027	0.6502113	0.01073198
33600	-294.1943	-288.0485	-6.145759	0.7072172	0.148858
33800	-299.3228	-287.635	-11.68781	0.7453575	0.6454538
34000	-294.1911	-289.0528	-5.138332	0.5779593	0.173385
34200	-291.4724	-286.3517	-5.120685	0.7185649	0.03325438
34400	-292.9779	-286.6542	-6.323709	0.8068486	0.06457614
34600	-291.9454	-286.92	-5.025435	0.6575551	0.08522375
34800	-292.7391	-287.4703	-5.268846	0.6136624	0.1520884
35000	-292.8608	-285.4401	-7.420669	0.9773385	0.005584633
35200	-292.9756	-285.7429	-7.232702	0.801577	0.1590922
35400	-295.1402	-290.1554	-4.984809	0.6792049	0.05799611
35600	-292.6058	-287.4004	-5.205353	0.7024477	0.05641113
35800	-291.8523	-288.5	-3.352298	0.5660192	0.009750148
36000	-293.6876	-287.5889	-6.098707	0.7201783	0.1242405
36200	-290.8994	-286.1492	-4.750204	0.7018722	0.01365591
36400	-293.0087	-284.6956	-8.313019	0.9204159	0.1561484
36600	-292.0068	-287.0241	-4.982759	0.7265959	0.01228872
36800	-294.779	-290.1235	-4.655479	0.6450937	0.0593661
37000	-294.2305	-287.4548	-6.775725	0.7742184	0.143662
37200	-293.7664	-287.2462	-6.520116	0.7084242	0.1797037
37400	-293.7528	-287.8781	-5.874694	0.7528191	0.07448928
37600	-292.3322	-289.0174	-3.314781	0.5693419	0.002811869
37800	-292.2673	-288.2704	-3.996938	0.6252535	0.01472124
38000	-291.4144	-284.9853	-6.429096	0.87421	0.009554656
38200	-292.4944	-286.8144	-5.679994	0.6598843	0.1469552
38400	-293.3846	-287.5751	-5.809475	0.701377	0.1177494
38600	-291.4686	-286.7332	-4.735342	0.6853392	0.02799476
38800	-292.574	-288.9642	-3.609855	0.5932188	0.008246341
39000	-292.2211	-287.55	-4.671092	0.6940991	0.0134553
39200	-291.3576	-286.008	-5.349624	0.7554004	0.0198522
39400	-292.3034	-286.9959	-5.307566	0.7502785	0.0208024
39600	-292.006	-285.6574	-6.348645	0.8408404	0.03425713
39800	-292.2933	-286.1808	-6.112502	0.8058077	0.047396
40000	-294.2799	-286.4306	-7.849233	0.7624162	0.2589175
40200	-292.8533	-289.5446	-3.308672	0.5377641	0.03266324
40400	-292.8347	-285.4438	-7.390934	0.8895122	0.08950985
40600	-292.6952	-287.7515	-4.943672	0.6366009	0.09459806
40800	-295.5646	-287.4607	-8.103925	0.8116335	0.2428484
41000	-291.4702	-286.0915	-5.378658	0.7408089	0.03699907
41200	-291.5089	-286.8806	-4.628283	0.6667785	0.03551999
41400	-294.8311	-288.3772	-6.453963	0.6795486	0.2046457
41600	-293.5006	-287.8182	-5.682366	0.7728953	0.03540691
41800	-291.919	-284.7693	-7.149736	0.8886828	0.06829086
42000	-293.8749	-290.4068	-3.468082	0.5603178	0.02625436
42200	-292.7544	-286.74	-6.014358	0.7500976	0.08908354
42400	-294.1696	-287.2467	-6.922941	0.8346869	0.09496617
42600	-291.6545	-286.7959	-4.858618	0.6788471	0.04666381
42800	-293.9455	-288.1813	-5.764246	0.7346743	0.0825286
43000	-290.7471	-285.8583	-4.888795	0.720734	0.0088295
43200	-291.5651	-284.3281	-7.236983	0.9600522	0.004542155
43400	-293.5916	-287.546	-6.045587	0.7828395	0.06249505
43600	-294.5908	-285.4698	-9.121002	1.052843	0.1003894
43800	-292.9957	-288.173	-4.822724	0.713219	0.009614452
44000	-291.7492	-288.3646	-3.384633	0.5711985	0.007879442
44200	-292.6314	-285.5468	-7.084531	0.8380165	0.1111163
44400	-291.0501	-284.7881	-6.262036	0.8607819	0.006322657
44600	-294.502	-287.6419	-6.860077	0.8657902	0.06148196
44800	-291.3741	-285.711	-5.663042	0.7268391	0.08044055
45000	-291.2802	-284.8446	-6.435646	0.848106	0.03698725
45200	-293.6236	-287.4173	-6.206304	0.6591552	0.1922256
45400	-294.5054	-285.2152	-9.290118	1.024635	0.1467357
45600	-292.979	-285.325	-7.654011	0.9837405	0.02259443
45800	-292.0006	-286.5504	-5.450191	0.7320533	0.05159715
46000	-294.5204	-288.982	-5.53842	0.68951	0.1021562
46200	-293.8464	-287.0714	-6.775032	0.7357419	0.1790638
46400	-302.1131	-287.0673	-15.04582	0.6804873	1.062773
46600	-293.7964	-288.8676	-4.928806	0.6412342	0.09271138
46800	-292.0447	-285.5254	-6.519302	0.8344567	0.05801732
47000	-291.9896	-286.8348	-5.154815	0.6716596	0.08502231
47200	-294.9451	-286.0685	-8.876626	1.085761	0.04240803
47400	-290.9057	-286.6143	-4.291433	0.6593643	0.01043226
47600	-292.2301	-287.1633	-5.066736	0.7468702	0.0005818159
47800	-292.6361	-288.0191	-4.616941	0.605081	0.09281869
48000	-293.5183	-286.5703	-6.948053	0.809324	0.1294622
48200	-294.9462	-285.3231	-9.623127	0.9041622	0.2963186
48400	-294.7677	-289.4707	-5.296966	0.5636021	0.2010239
48600	-292.7901	-286.284	-6.506119	0.8537053	0.03707604
48800	-293.2637	-288.7186	-4.545061	0.687127	0.008201288
49000	-291.5322	-286.1119	-5.420249	0.7811572	0.001615924
49200	-291.1642	-285.3329	-5.831314	0.7675645	0.05684241
49400	-292.0889	-286.9302	-5.158732	0.6907495	0.06333912
49600	-295.622	-293.1824	-2.439523	0.4638966	0.02024034
49800	-291.805	-287.9548	-3.850214	0.5963559	0.02855266
50000	-295.0307	-288.2296	-6.801164	0.6573892	0.2545554
50200	-292.8195	-289.3427	-3.476759	0.5560537	0.03113413
50400	-297.0049	-286.8532	-10.15176	1.250534	0.00540543
50600	-294.316	-287.429	-6.887064	0.8242261	0.1019083
50800	-291.2494	-286.796	-4.453429	0.651744	0.03394093
51000	-294.6987	-288.8579	-5.840719	0.7250184	0.09563934
51200	-295.3042	-289.3655	-5.938663	0.6512351	0.1846003
51400	-291.1765	-286.3247	-4.851805	0.7090009	0.01649733
51600	-291.6328	-286.8526	-4.780175	0.6747444	0.04280609
51800	-291.059	-286.826	-4.233002	0.6569597	0.006946106
52000	-293.5721	-286.1443	-7.427869	0.7105108	0.2746563
52200	-294.4241	-288.8752	-5.548959	0.6118198	0.1768115
52400	-293.4426	-286.9797	-6.462871	0.6363972	0.2439861
52600	-293.5919	-290.2016	-3.390231	0.522507	0.05456517
52800	-292.5491	-286.9297	-5.619364	0.7774005	0.02525514
53000	-291.028	-286.7908	-4.23716	0.6536201	0.01075482
53200	-293.6643	-286.4799	-7.184446	0.8803812	0.0761518
53400	-291.374	-285.4602	-5.913836	0.7815365	0.0504815
53600	-292.493	-287.4533	-5.039703	0.7228822	0.02123666
53800	-292.4399	-287.3728	-5.067087	0.6943067	0.05073403
54000	-293.8965	-288.4714	-5.425106	0.6847172	0.09555699
54200	-292.8033	-287.8344	-4.968958	0.6275928	0.1049095
54400	-291.68	-285.8402	-5.83989	0.7628724	0.06277451
54600	-294.0439	-285.717	-8.32691	0.7238947	0.3493978
54800	-293.3444	-288.8613	-4.483136	0.6735217	0.01518214
55000	-295.0642	-292.587	-2.477192	0.4763855	0.01166551
55200	-292.269	-287.3972	-4.871737	0.6858267	0.04057901
55400	-295.1079	-289.4653	-5.642553	0.6121492	0.192776
55600	-294.2643	-286.2271	-8.037251	0.8477008	0.1901734
55800	-292.1688	-287.0076	-5.161114	0.6966996	0.05896613
56000	-291.9407	-287.6063	-4.33446	0.6319636	0.04046715
56200	-291.2483	-284.9526	-6.295645	0.8283075	0.0424221
56400	-292.8066	-289.4599	-3.346674	0.5506909	0.02377451
56600	-292.7264	-287.7922	-4.934184	0.7296885	0.004562582
56800	-292.2722	-285.2981	-6.974098	0.7783976	0.1588075
57000	-291.791	-285.7171	-6.073912	0.7926009	0.05454866
57200	-292.406	-287.8598	-4.546262	0.6126954	0.08234349
57400	-294.3673	-288.484	-5.883341	0.6919789	0.1363157
57600	-293.1277	-285.5706	-7.557054	0.751938	0.2434059
57800	-292.411	-284.8923	-7.518684	0.8155227	0.1783026
58000	-291.6247	-286.0956	-5.529045	0.7141421	0.08006899
58200	-292.7411	-285.6004	-7.140728	0.8490639	0.1046571
58400	-296.1028	-289.2743	-6.82847	0.835639	0.08360621
58600	-294.4534	-286.81	-7.643454	0.9422917	0.0627631
58800	-295.7392	-288.232	-7.507214	0.7322446	0.2449866
59000	-292.4756	-286.2319	-6.243688	0.8341112	0.03031181
59200	-291.585	-286.101	-5.484065	0.7867095	0.002427533
59400	-297.893	-292.6852	-5.207729	0.5085001	0.2456125
59600	-291.8277	-286.7145	-5.113198	0.6766162	0.07441777
59800	-293.9028	-285.207	-8.69584	0.8223109	0.2895734
60000	-292.3305	-286.6865	-5.643964	0.7196841	0.08248891
60200	-293.2668	-288.9434	-4.323342	0.6284788	0.04490584
60400	-297.3729	-288.7967	-8.57625	0.6094087	0.4759382
60600	-292.341	-286.7541	-5.586887	0.7980228	0.001435212
60800	-291.8265	-287.6039	-4.222585	0.6333	0.02853413
61000	-293.5202	-290.0982	-3.422056	0.5304039	0.05058919
61200	-296.6158	-294.1783	-2.437496	0.4713443	0.01257629
61400	-294.3744	-285.715	-8.659469	1.002796	0.1073627
61600	-291.8838	-285.513	-6.370765	0.8543278	0.0232703
61800	-293.1738	-290.4108	-2.762985	0.5104	0.006314813
62000	-291.8363	-287.0033	-4.832961	0.7210947	0.002860199
62200	-297.2761	-292.3571	-4.918965	0.643936	0.08425173
62400	-292.0597	-288.6339	-3.42578	0.5605699	0.02222895
62600	-291.0916	-285.9858	-5.105793	0.6981652	0.0527834
62800	-293.1023	-286.9132	-6.189103	0.6975617	0.1567979
63000	-292.0384	-287.7119	-4.326521	0.6661656	0.007376852
63200	-292.2338	-286.7189	-5.514925	0.6924976	0.09668625
63400	-293.2428	-286.4957	-6.747075	0.8152544	0.09691623
63600	-298.2316	-290.9497	-7.281947	0.772834	0.200474
63800	-295.9418	-288.2915	-7.650353	0.9621033	0.04215663
64000	-293.094	-287.3154	-5.778599	0.7849563	0.03360186
64200	-293.7593	-288.6426	-5.116636	0.6615298	0.08870725
64400	-292.9921	-288.0409	-4.95111	0.6704022	0.06404379
64600	-296.3108	-288.0613	-8.249511	0.5998536	0.4475758
64800	-295.1093	-284.2249	-10.88435	1.044872	0.2917975
65000	-294.0087	-286.9989	-7.009735	0.6443784	0.2945962
65200	-291.3573	-285.125	-6.232296	0.8568476	0.007182081
65400	-291.79	-287.9617	-3.828303	0.5962423	0.0267378
65600	-292.2899	-285.45	-6.839897	0.7717078	0.1535805
65800	-293.4559	-290.1158	-3.340169	0.5494435	0.02374403
66000	-292.5125	-284.6885	-7.824017	0.8522474	0.1733279
66200	-291.3319	-285.33	-6.001834	0.7998003	0.04082857
66400	-291.9943	-288.0788	-3.915533	0.6101267	0.02134179
66600	-292.6509	-284.6551	-7.995726	0.8714515	0.1722726
66800	-292.7621	-286.0896	-6.672469	0.8837797	0.02369122
67000	-295.6484	-288.8167	-6.831694	0.6040395	0.3111077
67200	-293.0523	-285.2135	-7.838783	0.8894179	0.1352161
67400	-294.915	-289.5986	-5.316398	0.7722996	0.000133245
67600	-293.2854	-287.6525	-5.632889	0.6890611	0.1116149
67800	-294.4416	-286.5641	-7.877489	0.8455613	0.1855156
68000	-292.6651	-289.2475	-3.417666	0.5769868	0.005237025
68200	-293.2263	-285.2498	-7.976497	0.8599344	0.1771115
68400	-293.8902	-290.4423	-3.447864	0.5265991	0.0559285
68600	-292.5362	-288.0515	-4.484686	0.6006887	0.08441982
68800	-292.7076	-287.8646	-4.843048	0.6730539	0.0513417
69000	-291.6312	-286.137	-5.494203	0.7695668	0.02025726
69200	-291.6629	-285.9473	-5.715553	0.7954547	0.01726999
69400	-291.4603	-286.3621	-5.098128	0.7310533	0.01894891
69600	-292.5916	-286.8163	-5.775256	0.685812	0.1282311
69800	-291.5326	-286.7169	-4.815767	0.6812628	0.04009045
70000	-291.7506	-284.8744	-6.876174	0.8281927	0.1006778
70200	-292.2346	-285.4264	-6.808183	0.9042774	0.01764167
70400	-291.4238	-285.1729	-6.250966	0.7765605	0.0897333
70600	-292.6952	-285.0852	-7.610009	0.9708957	0.0314582
70800	-292.5075	-287.5095	-4.997952	0.7154486	0.02478107
71000	-294.1865	-289.0137	-5.172847	0.621073	0.134281
71200	-296.2438	-290.9019	-5.341851	0.6194702	0.1511794
71400	-293.5619	-287.1439	-6.41798	0.7475242	0.1355467
71600	-291.2967	-285.7766	-5.520075	0.7420575	0.05088918
71800	-291.1765	-286.3553	-4.821177	0.7166765	0.006187492
72000	-290.7347	-285.7514	-4.98333	0.7300667	0.008950641
72200	-293.0988	-286.3644	-6.734398	0.7760571	0.1345457
72400	-295.2376	-287.2468	-7.990754	0.7406971	0.2852099
72600	-293.0506	-287.3564	-5.694156	0.750335	0.05924372
72800	-293.8828	-286.0794	-7.803401	0.9882015	0.03398691
73000	-293.6099	-285.7564	-7.853446	0.8673656	0.1557901
73200	-292.2967	-288.0817	-4.215056	0.6507227	0.01131845
73400	-292.0657	-286.0496	-6.016079	0.7762176	0.06433198
73600	-293.2242	-286.7657	-6.45853	0.7356636	0.1444906
73800	-294.8519	-290.8643	-3.987585	0.5857512	0.05090428
74000	-291.851	-285.4241	-6.426933	0.8569927	0.02648393
74200	-293.1467	-288.0701	-5.076621	0.6409065	0.103998
74400	-291.8	-286.7839	-5.016139	0.7098241	0.03146917
74600	-293.3788	-286.5455	-6.833352	0.8298819	0.09049772
74800	-294.246	-287.6064	-6.639616	0.8440837	0.06215845
75000	-291.1998	-285.7901	-5.409634	0.7170716	0.06408114
75200	-292.376	-287.738	-4.638034	0.6962958	0.008424185
75400	-294.0283	-286.8888	-7.139489	0.7588077	0.1972749
75600	-291.338	-286.0765	-5.261516	0.7220976	0.04383036
75800	-293.3009	-288.5196	-4.781254	0.6252796	0.09081712
76000	-291.0865	-284.9882	-6.098276	0.8017192	0.04914443
76200	-292.7274	-286.1218	-6.605528	0.8492753	0.05024179
76400	-291.7172	-286.248	-5.469247	0.7836713	0.004000169
76600	-293.5899	-291.0068	-2.583167	0.4886631	0.009871518
76800	-292.6697	-287.2353	-5.434412	0.7781955	0.006205966
77000	-292.8617	-285.5125	-7.349233	0.9202478	0.05588196
77200	-297.7125	-288.2698	-9.442634	0.5846783	0.5718445
77400	-292.7607	-284.7183	-8.042448	0.8500028	0.1966569
77600	-293.1365	-287.0266	-6.109924	0.8031688	0.04696058
77800	-293.6589	-289.8188	-3.840161	0.5454712	0.07531808
78000	-296.3293	-288.1668	-8.162526	0.5803379	0.4614463
78200	-294.898	-286.3513	-8.546708	0.6801569	0.4066769
78400	-294.5774	-287.2812	-7.296219	0.6601667	0.2972179
78600	-292.7254	-285.0799	-7.645581	1.003029	0.002346964
78800	-294.0972	-287.3996	-6.697602	0.8686392	0.04125043
79000	-292.7251	-287.4008	-5.324303	0.6959471	0.07683455
79200	-291.6218	-284.8248	-6.79697	0.8868097	0.03440433
79400	-292.9572	-287.5392	-5.417972	0.605824	0.1719697
79600	-292.4921	-288.2457	-4.246353	0.6647694	0.0006454658
79800	-294.5417	-284.5935	-9.948195	1.061326	0.1775672
80000	-292.8059	-287.4589	-5.346977	0.6223639	0.1481843
80200	-291.8713	-287.9194	-3.951897	0.605916	0.02914641
80400	-293.1373	-285.0872	-8.050155	0.8547676	0.1957644
80600	-294.3804	-291.262	-3.118404	0.4953018	0.05361019
80800	-292.9689	-286.5509	-6.417959	0.8658332	0.01642253
81000	-292.6444	-287.0829	-5.561488	0.6619963	0.1303167
81200	-292.475	-285.3225	-7.152462	0.759313	0.1962749
81400	-291.3647	-287.3294	-4.03533	0.6325711	0.01147056
81600	-294.9809	-287.0389	-7.941918	0.9134655	0.1217858
81800	-293.5247	-285.2155	-8.309143	1.039154	0.033088
82000	-292.8732	-285.7935	-7.079671	0.820899	0.1250035
82200	-293.9652	-289.0774	-4.887793	0.6818596	0.04711139
82400	-293.4316	-285.8405	-7.591102	0.8973558	0.104323
82600	-292.2516	-288.0782	-4.173338	0.6356067	0.02206554
82800	-292.589	-286.8216	-5.767364	0.7828182	0.03361887
83000	-290.9654	-285.9535	-5.011924	0.7232909	0.01875936
83200	-294.3374	-286.5371	-7.800309	0.7744347	0.2406312
83400	-292.8148	-285.7303	-7.084418	0.8423809	0.1055507
83600	-292.3436	-285.8032	-6.540403	0.8058945	0.08751875
83800	-294.4451	-287.7055	-6.739582	0.7554449	0.1619552
84000	-291.3803	-285.116	-6.264292	0.8008375	0.06714538
84200	-292.3003	-285.9246	-6.375725	0.7886638	0.0896786
84400	-296.8624	-288.4451	-8.417363	0.6123	0.4603141
84600	-294.0045	-286.8523	-7.15219	0.9314314	0.02411846
84800	-291.3998	-285.8756	-5.524279	0.7775671	0.01531819
85000	-291.6162	-284.9494	-6.666762	0.8394549	0.06861575
85200	-293.4622	-284.8331	-8.629059	0.977189	0.1301762
85400	-292.6889	-287.8539	-4.834943	0.6437235	0.07813344
85600	-294.2108	-290.164	-4.046724	0.5765238	0.06657818
85800	-296.4872	-287.1887	-9.298584	0.9168481	0.2440482
86000	-294.4963	-288.4197	-6.076603	0.6022288	0.2367632
86200	-292.8525	-288.1089	-4.743563	0.7007343	0.01427925
86400	-294.9384	-290.91	-4.02841	0.6257342	0.01682217
86600	-291.3531	-286.0847	-5.268364	0.7657241	0.001877308
86800	-293.4222	-286.3859	-7.036312	0.7888485	0.1506372
87000	-296.5481	-288.7857	-7.762439	0.7069549	0.3071091
87200	-291.3343	-287.3477	-3.986528	0.6150116	0.0238008
87400	-292.7237	-286.7553	-5.968461	0.7240228	0.108918
87600	-292.7501	-286.2286	-6.521525	0.8046015	0.08520864
87800	-290.7493	-285.3273	-5.421994	0.758606	0.02449067
88000	-290.9079	-285.3846	-5.523273	0.7869298	0.00615666
88200	-291.8522	-285.8488	-6.003435	0.7616514	0.07807173
88400	-293.3811	-287.6914	-5.689649	0.6971137	0.1075939
88600	-294.2522	-289.4834	-4.768767	0.6903665	0.02792863
88800	-292.8138	-287.7766	-5.037194	0.6693366	0.07413027
89000	-293.0669	-288.4976	-4.569316	0.5691529	0.1229286
89200	-295.1545	-289.1605	-5.994049	0.7605092	0.07581502
89400	-291.6966	-286.7252	-4.971457	0.7094438	0.02832123
89600	-295.9123	-287.0676	-8.844656	0.9275021	0.1936833
89800	-292.0302	-287.5511	-4.479098	0.680772	0.007737048
90000	-292.4478	-287.5519	-4.895962	0.6798084	0.05133635
90200	-292.4359	-287.8657	-4.570158	0.611799	0.08259996
90400	-292.2317	-288.2426	-3.989097	0.5782378	0.06019053
90600	-294.7036	-289.0175	-5.68607	0.5681686	0.2310355
90800	-292.3065	-286.5966	-5.709846	0.7801734	0.03096981
91000	-293.6603	-285.2091	-8.451179	0.8396044	0.2480311
91200	-294.0173	-286.453	-7.564231	0.8780872	0.1146884
91400	-293.7997	-286.9492	-6.850481	0.8328294	0.09170052
91600	-294.8257	-286.0854	-8.740329	0.8482751	0.2746216
91800	-292.6784	-288.0921	-4.586338	0.650876	0.04864483
92000	-294.9465	-285.2025	-9.744011	0.7904185	0.428293
92200	-293.6753	-288.0169	-5.658331	0.7927411	0.01427898
92400	-292.7081	-286.291	-6.417072	0.6846967	0.1935289
92600	-294.1247	-289.0482	-5.076443	0.6857357	0.0608916
92800	-292.1915	-285.1419	-7.049613	0.8884835	0.05735981
93000	-293.6462	-286.7048	-6.9414	0.7733918	0.1582669
93200	-291.914	-286.1144	-5.799599	0.7416219	0.0795019
93400	-291.4116	-284.801	-6.6106	0.8614309	0.04102145
93600	-292.5147	-285.2896	-7.225176	0.7776862	0.1856218
93800	-292.5359	-285.5663	-6.969537	0.7580444	0.1776429
94000	-291.8464	-288.22	-3.626376	0.5959235	0.00745586
94200	-293.9316	-286.2878	-7.643836	1.001155	0.00393785
94400	-291.796	-286.7851	-5.010881	0.7314575	0.01016564
94600	-291.7344	-286.5716	-5.162792	0.741115	0.01545745
94800	-291.4056	-285.9271	-5.478561	0.7716884	0.01694712
95000	-291.1186	-284.76	-6.358678	0.8696201	0.007128249
95200	-291.1203	-287.0896	-4.03075	0.6419771	0.001829334
95400	-291.2062	-285.235	-5.971187	0.8329671	0.005067661
95600	-294.7574	-289.6693	-5.088061	0.7172991	0.03157164
95800	-291.0507	-285.4164	-5.634349	0.7712831	0.03289031
96000	-293.9688	-288.1296	-5.839123	0.6692163	0.1539476
96200	-291.9275	-288.0266	-3.90091	0.6113196	0.01901568
96400	-294.5144	-286.8228	-7.691591	0.8632298	0.1504967
96600	-295.8878	-288.4004	-7.487392	0.8343327	0.151148
96800	-294.218	-289.498	-4.719961	0.6786003	0.03425384
97000	-293.2412	-286.2909	-6.950293	0.7124814	0.2196431
97200	-292.3598	-286.2606	-6.099266	0.8446601	0.005926682
97400	-293.1944	-288.9715	-4.222898	0.6105295	0.05127468
97600	-292.8541	-285.3834	-7.470681	0.7744966	0.2122056
97800	-295.736	-288.2516	-7.484373	0.7287322	0.2594231
98000	-294.655	-287.8187	-6.8363	0.7790878	0.1435293
98200	-294.4381	-286.9597	-7.478474	0.8540402	0.1372411
98400	-294.9893	-285.9191	-9.070251	0.7362347	0.4072225
98600	-291.0823	-285.8693	-5.21304	0.7119174	0.04960386
98800	-294.879	-287.6807	-7.198285	0.81067	0.1462436
99000	-292.3242	-285.2338	-7.090343	0.800329	0.1488954
99200	-295.3706	-290.6008	-4.769831	0.5100823	0.1985503
99400	-293.3702	-285.7379	-7.632368	0.830856	0.1714214
99600	-293.4804	-286.2596	-7.220793	0.7704799	0.1854752
99800	-297.3845	-292.9391	-4.445393	0.5498228	0.1366658
100000	-292.3085	-286.8541	-5.454324	0.7403403	0.04601814
100200	-293.2844	-287.3402	-5.944247	0.742098	0.09298673
100400	-290.7898	-285.3652	-5.424643	0.7796834	0.003622129
100600	-291.9841	-288.3018	-3.682318	0.6054613	0.003415897
100800	-293.2371	-284.4126	-8.824421	1.058068	0.06733342
101000	-292.3422	-285.4879	-6.854315	0.7484831	0.1776621
101200	-293.6822	-286.3867	-7.295423	0.8192526	0.1463644
101400	-293.2108	-288.541	-4.669866	0.6963176	0.01131575
101600	-292.4446	-288.9619	-3.482631	0.578539	0.01019815
101800	-291.2247	-285.5766	-5.648151	0.7341346	0.07110535
102000	-292.3686	-284.9678	-7.400811	0.8061152	0.1759371
102200	-292.8035	-289.1353	-3.668223	0.5927371	0.01434076
102400	-292.8657	-287.7835	-5.082218	0.5954419	0.1486789
102600	-292.2834	-287.3691	-4.91433	0.6363284	0.0923044
102800	-294.586	-286.8825	-7.703486	0.682932	0.3274926
103000	-292.1389	-285.3931	-6.745844	0.8746138	0.04037224
103200	-294.1812	-285.7837	-8.397472	1.069354	0.0112624
103400	-294.8986	-286.2167	-8.681872	0.8585365	0.2555426
103600	-293.058	-288.6219	-4.436151	0.6679905	0.01599778
103800	-294.7757	-285.9216	-8.854184	0.9238837	0.1991647
104000	-291.2551	-287.5707	-3.684363	0.6055023	0.003670499
104200	-295.7428	-290.0454	-5.6974	0.7153319	0.09072773
104400	-294.5283	-287.6341	-6.894187	0.6212375	0.2946645
104600	-293.7242	-287.8651	-5.859039	0.6463177	0.1749516
104800	-292.9694	-287.6996	-5.269741	0.6158025	0.150524
105000	-293.7898	-287.3644	-6.425429	0.6890141	0.1893787
105200	-294.8482	-287.1859	-7.662296	0.9764499	0.03025001
105400	-292.5691	-287.5059	-5.063175	0.6323388	0.1095507
105600	-295.0522	-287.9912	-7.060985	0.6195663	0.3207534
105800	-293.396	-289.4483	-3.947651	0.5449925	0.08748453
106000	-294.1388	-285.9869	-8.151939	1.054754	0.001220534
106200	-291.7939	-287.7875	-4.006309	0.5995854	0.04051207
106400	-292.047	-286.6353	-5.411731	0.7626701	0.01850643
106600	-296.909	-292.1718	-4.737228	0.6654938	0.04814276
106800	-293.7528	-287.0468	-6.705955	0.8145151	0.09264946
107000	-291.7431	-284.8195	-6.923595	0.9275953	0.005623998
107200	-291.8447	-285.8031	-6.041556	0.8425201	0.002381078
107400	-291.0525	-285.6733	-5.37922	0.750567	0.02850184
107600	-291.4272	-284.9975	-6.429737	0.8622252	0.02194936
107800	-292.5185	-286.4622	-6.056301	0.7786384	0.06560696
108000	-294.7448	-287.2055	-7.539284	0.7831971	0.208015
108200	-294.0904	-288.4587	-5.631678	0.7397306	0.06227382
108400	-294.41	-288.2059	-6.204088	0.7174201	0.1396318
108600	-292.7417	-284.742	-7.999702	0.9926693	0.04904965
108800	-291.616	-287.3703	-4.245717	0.6527963	0.01209572
109000	-291.9247	-285.8431	-6.081602	0.7793897	0.0702362
109200	-295.6872	-286.6039	-9.083243	0.848473	0.3015763
109400	-293.358	-286.6224	-6.735529	0.8934546	0.02067255
109600	-293.7308	-284.2519	-9.478851	1.154181	0.0358186
109800	-293.613	-286.1406	-7.472388	0.9641852	0.02362008
110000	-293.0963	-287.8647	-5.231582	0.7427277	0.02116292
110200	-295.6755	-288.0165	-7.659039	0.7278153	0.2802121
110400	-293.5039	-289.8229	-3.680966	0.6067492	0.002117392
110600	-292.1958	-285.9953	-6.200536	0.8017725	0.05920881
110800	-293.0428	-286.5238	-6.519035	0.8592113	0.03466714
111000	-291.0882	-287.1498	-3.938382	0.6322576	0.002324873
111200	-295.0881	-288.1203	-6.967816	0.7843526	0.1540039
111400	-295.4672	-289.3302	-6.13707	0.5717627	0.2737778
111600	-291.5051	-284.899	-6.606144	0.8790651	0.02269447
111800	-294.1502	-286.6166	-7.533605	0.6992777	0.2920504
112000	-291.4664	-285.7648	-5.701621	0.7903665	0.0201766
112200	-295.1253	-285.1266	-9.998653	1.213877	0.02773925
112400	-291.9859	-287.1866	-4.799285	0.6750319	0.04530909
112600	-291.2944	-286.3473	-4.94705	0.7047556	0.03043221
112800	-291.989	-287.6223	-4.366662	0.6704184	0.006912652
113000	-293.7341	-287.3198	-6.41432	0.8097046	0.07430582
113200	-292.7522	-286.7592	-5.992936	0.7363101	0.1058506
113400	-290.773	-285.3095	-5.463472	0.7637931	0.02350311
113600	-291.971	-285.996	-5.974952	0.789259	0.04940546
113800	-295.401	-287.8596	-7.541427	0.7458162	0.2363255
114000	-291.6904	-286.0959	-5.594497	0.6993701	0.1004837
114200	-293.3907	-286.8744	-6.51625	0.849708	0.04222769
114400	-291.0921	-285.1915	-5.900516	0.8208424	0.009962328
114600	-292.9293	-286.3328	-6.596552	0.7772001	0.124446
114800	-293.7018	-287.1702	-6.53156	0.6542155	0.2402303
115000	-292.1091	-287.2384	-4.870681	0.7273922	0.00046215
115200	-292.4168	-285.1794	-7.237416	0.9573646	0.00717568
115400	-292.7128	-288.4952	-4.217571	0.6112573	0.05098053
115600	-291.1171	-287.1312	-3.98588	0.6345582	0.004713405
115800	-297.6057	-294.7888	-2.816851	0.4587731	0.06268809
116000	-296.4275	-288.9159	-7.511527	0.654678	0.3185116
116200	-292.5047	-288.5821	-3.922623	0.6168889	0.01576695
116400	-292.1222	-287.4982	-4.623933	0.6353625	0.0655176
116600	-293.2122	-285.0899	-8.122314	0.8148892	0.2403952
116800	-292.4792	-287.4045	-5.074785	0.6998857	0.04687518
117000	-291.0869	-286.6551	-4.431761	0.6720661	0.01160959
117200	-295.9592	-286.896	-9.063202	0.8049682	0.3303154
117400	-292.5164	-284.6992	-7.817184	0.9667154	0.05768816
117600	-292.5779	-284.3577	-8.220166	0.9368802	0.1287945
117800	-293.7518	-286.9042	-6.847643	0.7485586	0.179413
118000	-295.6823	-292.2927	-3.389617	0.458134	0.1145764
118200	-292.6803	-288.5014	-4.178807	0.6430868	0.01549018
118400	-291.3513	-286.8617	-4.489694	0.6538501	0.03481911
118600	-295.6256	-292.4415	-3.184073	0.5081206	0.04888192
118800	-295.3014	-290.0883	-5.213051	0.6709585	0.08675256
119000	-293.0279	-285.8925	-7.135454	0.9288177	0.0255116
119200	-291.3017	-284.5457	-6.75604	0.9128049	0.003676334
119400	-292.1034	-286.5655	-5.537915	0.7943426	0.0002401059
119600	-292.8093	-286.4793	-6.329989	0.7733694	0.09708466
119800	-293.0073	-285.318	-7.689307	0.7841836	0.2264247
120000	-292.6556	-286.654	-6.001524	0.8176079	0.02310935
120200	-293.4941	-286.7345	-6.759646	0.8843507	0.03246065
120400	-291.7273	-287.8392	-3.888146	0.6216301	0.007613781
120600	-296.1664	-288.8428	-7.323572	0.7103385	0.2610869
120800	-296.5007	-285.8955	-10.60512	1.011948	0.2976348
121000	-292.9673	-287.2444	-5.722814	0.7702083	0.04367816
121200	-292.4732	-287.0737	-5.399498	0.7547615	0.02550709
121400	-295.0167	-291.36	-3.65674	0.5686044	0.0360417
121600	-294.2892	-288.2641	-6.025054	0.6990093	0.1402849
121800	-295.2222	-288.8783	-6.343893	0.6348454	0.227793
122000	-297.3345	-289.2924	-8.042121	0.9782109	0.06661822
122200	-293.1607	-286.4358	-6.724852	0.7956175	0.1151557
122400	-296.2547	-287.7475	-8.507205	0.6783257	0.3986789
122600	-295.2401	-291.4406	-3.799508	0.4787731	0.1337089
122800	-293.7938	-285.6091	-8.184734	0.7546082	0.3072473
123000	-294.3818	-286.8603	-7.521424	0.8423208	0.1461523
123200	-292.6696	-286.2408	-6.42883	0.717589	0.1618143
123400	-295.3205	-290.7383	-4.5822	0.6100208	0.0826689
123600	-293.7363	-289.6822	-4.054111	0.5674028	0.07851814
123800	-294.3057	-288.4752	-5.830549	0.8142536	0.009722426
124000	-295.7725	-288.2996	-7.472936	0.6662931	0.306048
124200	-293.0389	-286.6594	-6.379587	0.8731995	0.005339143
124400	-291.7572	-287.2744	-4.482802	0.6268523	0.06017212
124600	-293.8553	-286.0561	-7.799255	0.7849733	0.235034
124800	-291.4342	-286.3177	-5.116511	0.7141014	0.0377667
125000	-293.4494	-286.3929	-7.056496	0.8105562	0.1356979
125200	-292.3766	-286.9386	-5.438055	0.7065444	0.07600651
125400	-291.1572	-285.5236	-5.633538	0.7445083	0.05994427
125600	-294.2916	-287.5171	-6.774518	0.6118849	0.2989035
125800	-290.6034	-285.3799	-5.223533	0.7585789	0.0045499
126000	-293.6421	-286.4083	-7.233778	0.7698066	0.1879589
126200	-292.4404	-287.0376	-5.402797	0.6953961	0.08254598
126400	-291.7524	-285.8937	-5.858725	0.7717756	0.05571881
126600	-292.4546	-285.9262	-6.528354	0.7354163	0.155078
126800	-292.4514	-287.2017	-5.249614	0.6376044	0.1276521
127000	-296.1273	-293.121	-3.006298	0.449152	0.08631722
127200	-291.1406	-286.4428	-4.697804	0.7010941	0.009573499
127400	-293.1156	-286.0687	-7.046913	0.8835827	0.05998502
127600	-294.3017	-288.2655	-6.036242	0.8036848	0.03986418
127800	-292.1893	-286.5044	-5.684886	0.7355334	0.07167102
128000	-291.7745	-284.7683	-7.006241	0.908599	0.03378598
128200	-294.9599	-284.5316	-10.42837	1.001337	0.2903974
128400	-291.3712	-284.9685	-6.402711	0.8274189	0.05378332
128600	-291.0901	-286.3526	-4.737461	0.70619	0.008114536
128800	-291.0802	-285.2253	-5.854958	0.7908457	0.03549597
129000	-293.9152	-286.1095	-7.805677	0.8845403	0.1360183
129200	-292.2523	-286.0973	-6.154959	0.7741037	0.08013567
129400	-291.5384	-286.7381	-4.800272	0.7040426	0.01613134
129600	-291.533	-286.6419	-4.89114	0.7252335	0.004489689
129800	-292.7673	-286.2149	-6.552439	0.7885228	0.1042166
130000	-295.8737	-289.6262	-6.247534	0.6546691	0.2151488
130200	-291.9922	-287.4841	-4.508107	0.689063	0.002561013
130400	-291.5786	-286.4563	-5.122292	0.6975206	0.05488834
130600	-294.4413	-286.1393	-8.302048	0.9622456	0.1057738
130800	-293.0112	-286.3822	-6.628989	0.7799352	0.1262423
131000	-294.643	-286.9686	-7.674386	0.7491722	0.2498429
131200	-294.1279	-290.229	-3.898819	0.5890203	0.04088104
131400	-293.1023	-287.0529	-6.049363	0.6614159	0.1767783
131600	-292.1784	-286.2931	-5.885278	0.7243328	0.1021163
131800	-292.4724	-287.3025	-5.169824	0.6776436	0.07773766
132000	-292.3551	-287.7294	-4.62568	0.610445	0.08896832
132200	-295.4833	-290.1031	-5.380173	0.6959315	0.07936803
132400	-292.8951	-286.1334	-6.761675	0.7496698	0.166274
132600	-295.0852	-287.0332	-8.051989	0.7207834	0.3163497
132800	-292.3144	-286.8108	-5.503601	0.7265469	0.06183327
133000	-298.5075	-287.9607	-10.54678	1.160877	0.1313206
133200	-291.6329	-284.6748	-6.958105	0.9207873	0.01628827
133400	-295.2939	-290.7401	-4.553793	0.4978301	0.1880964
133600	-292.2629	-287.1656	-5.097349	0.6978284	0.05085382
133800	-293.0784	-286.7773	-6.301043	0.752855	0.1137867
134000	-295.1986	-285.7264	-9.472128	0.8541116	0.3265374
134200	-291.1549	-286.3872	-4.76771	0.703374	0.01397808
134400	-293.6983	-287.3037	-6.3946	0.6511734	0.2297085
134600	-294.3207	-290.5289	-3.791835	0.5658297	0.05280529
134800	-292.5047	-287.1427	-5.361935	0.6975981	0.07609622
135000	-293.457	-287.1476	-6.309372	0.7535726	0.1136338
135200	-294.5745	-286.7387	-7.835801	0.7673104	0.2601466
135400	-291.6882	-284.956	-6.732215	0.8302055	0.0839634
135600	-291.2363	-285.824	-5.412243	0.7497824	0.03165048
135800	-295.2121	-287.0425	-8.169627	0.7626058	0.2864228
136000	-291.5856	-286.2097	-5.375894	0.7576627	0.02007612
136200	-293.1151	-288.6396	-4.475439	0.6026503	0.08484593
136400	-295.4808	-289.998	-5.482872	0.5641595	0.2192635
136600	-293.2373	-286.5671	-6.670132	0.7904641	0.1188815
136800	-292.9061	-286.8858	-6.020319	0.6425808	0.19578
137000	-293.0018	-285.7494	-7.252464	0.8810515	0.08521272
137200	-293.471	-285.9492	-7.521786	0.7264784	0.2608351
137400	-293.2301	-286.1209	-7.109187	0.7011232	0.2498805
137600	-293.3412	-285.9786	-7.362553	0.9056005	0.07037632
137800	-292.298	-287.8049	-4.49304	0.6850409	0.005074753
138000	-291.0778	-285.7355	-5.342297	0.7514817	0.02316507
138200	-295.3625	-288.2895	-7.073002	0.8192911	0.1271295
138400	-293.8159	-286.0214	-7.794504	0.9505466	0.07271967
138600	-293.9459	-289.3225	-4.623466	0.6698398	0.03303463
138800	-293.3633	-288.5902	-4.773097	0.6001904	0.1122604
139000	-293.6137	-286.7356	-6.878086	0.8231141	0.101018
139200	-295.8927	-291.3588	-4.533927	0.5239281	0.1673707
139400	-295.6332	-286.3197	-9.313516	1.131651	0.04024883
139600	-294.1824	-286.8021	-7.380247	0.9119849	0.0651828
139800	-292.7283	-286.2334	-6.494945	0.8801983	0.01002186
140000	-295.2177	-289.2499	-5.967842	0.7862609	0.05019276
140200	-295.2738	-285.2419	-10.03187	0.7890855	0.4600133
140400	-293.078	-285.9392	-7.138809	0.7557511	0.196635
140600	-293.6078	-288.54	-5.067743	0.6465607	0.09939485
140800	-291.4089	-286.2707	-5.138271	0.7173907	0.03625226
141000	-292.4158	-286.3116	-6.104216	0.7735158	0.07762404
141200	-296.3247	-285.7751	-10.54968	0.9196151	0.3712553
141400	-290.6651	-285.8716	-4.793437	0.7188846	0.001240671
141600	-294.2676	-287.4859	-6.781654	0.7893817	0.1275217
141800	-293.2751	-285.8652	-7.409881	0.8060025	0.1759264
142000	-291.2866	-286.7842	-4.502405	0.6746568	0.01618176
142200	-291.7564	-285.0681	-6.688238	0.8992659	0.01035123
142400	-295.9526	-289.3599	-6.592747	0.6374894	0.2577783
142600	-291.9409	-285.2598	-6.681157	0.8391706	0.06942367
142800	-291.3426	-286.7691	-4.573512	0.6715217	0.02574393
143000	-294.2499	-286.5551	-7.694825	0.9029717	0.1098617
143200	-293.0347	-286.374	-6.660663	0.897432	0.00974526
143400	-291.7473	-284.4117	-7.33562	0.9692697	0.00519673
143600	-293.1541	-288.0994	-5.054703	0.5945006	0.1445939
143800	-292.287	-285.4417	-6.84524	0.7794504	0.1465193
144000	-297.0629	-291.8955	-5.167446	0.5428652	0.2109337
144200	-291.1859	-285.6829	-5.502944	0.7541671	0.03636864
144400	-292.4922	-286.4029	-6.089276	0.8007935	0.04775331
144600	-293.6819	-288.0893	-5.592597	0.6460784	0.1483724
144800	-294.4658	-286.4349	-8.030855	0.7560781	0.2926133
145000	-292.9928	-284.9868	-8.005929	0.8877833	0.1540722
145200	-291.8838	-286.9599	-4.92386	0.70648	0.02582188
145400	-293.1208	-285.6618	-7.459016	0.8420653	0.1420898
145600	-293.7135	-287.9155	-5.797955	0.8054141	0.01507197
145800	-293.2989	-287.313	-5.98591	0.7158887	0.1227621
146000	-293.8173	-289.79	-4.02737	0.5407872	0.09880057
146200	-292.9101	-287.2432	-5.666988	0.7063746	0.09862486
146400	-295.9748	-288.283	-7.691838	0.6598397	0.3312795
146600	-292.0864	-287.1163	-4.970081	0.669617	0.06572604
146800	-295.0645	-289.8873	-5.177273	0.6472215	0.1124009
147000	-292.6568	-287.5393	-5.117428	0.6255108	0.1231424
147200	-292.8248	-285.7295	-7.095313	0.8128918	0.1406357
147400	-295.4629	-284.911	-10.55187	1.176133	0.1254002
147600	-292.0798	-287.7227	-4.357095	0.6483543	0.02696756
147800	-291.6011	-285.0249	-6.576267	0.8311507	0.06785582
148000	-293.4604	-285.0505	-8.409871	0.8035647	0.2815921
148200	-293.7514	-286.9122	-6.839214	0.8770873	0.04920319
148400	-291.6067	-284.5429	-7.063794	0.9324867	0.0150718
148600	-291.874	-286.7499	-5.124021	0.742346	0.01051344
148800	-291.3215	-284.9249	-6.396637	0.8789255	0.001538248
149000	-291.0977	-285.4683	-5.629429	0.7898821	0.01379787
149200	-291.3475	-285.0786	-6.268955	0.8440279	0.02391301
149400	-291.4889	-287.36	-4.128917	0.6255415	0.02714538
149600	-291.9239	-287.0241	-4.89984	0.6777896	0.05066608
149800	-291.916	-284.4411	-7.474902	0.9836741	0.004750762
150000	-295.351	-288.9358	-6.415244	0.5684013	0.3008279
150200	-293.8058	-289.7054	-4.100466	0.5626988	0.08473221
150400	-292.008	-286.1221	-5.885931	0.8009804	0.02772558
150600	-297.3455	-292.7915	-4.553964	0.6037008	0.09278135
150800	-293.7211	-287.8899	-5.831273	0.8206969	0.003237168
151000	-294.3594	-286.4676	-7.891865	0.9215229	0.1065605
151200	-293.8687	-287.5106	-6.358067	0.7988572	0.0759425
151400	-294.0072	-287.7097	-6.29746	0.6427875	0.2283625
151600	-293.2278	-289.6411	-3.586706	0.5882516	0.01064706
151800	-291.0379	-285.126	-5.911869	0.8088575	0.02306706
152000	-291.4778	-285.4414	-6.036375	0.7652263	0.07854701
152200	-291.3224	-286.3937	-4.928615	0.696286	0.03635671
152400	-293.39	-287.4719	-5.918044	0.7746336	0.05941178
152600	-293.6947	-286.8036	-6.891061	0.6930391	0.2270959
152800	-291.0734	-287.1768	-3.896594	0.6258154	0.004520275
153000	-293.356	-288.6686	-4.687347	0.6750719	0.0332967
153200	-292.0242	-284.9182	-7.105994	0.927941	0.02355138
153400	-294.7258	-288.1436	-6.582118	0.7077233	0.1864544
153600	-292.0658	-287.3472	-4.718685	0.6954833	0.01658408
153800	-291.238	-285.9941	-5.243932	0.7289071	0.03593059
154000	-291.4139	-286.1286	-5.285299	0.7047935	0.06390892
154200	-292.5464	-285.2841	-7.262286	0.8719281	0.09644058
154400	-291.4795	-286.159	-5.320504	0.6993837	0.0719456
154600	-292.5396	-287.2126	-5.326956	0.7416161	0.03096237
154800	-292.1192	-287.6101	-4.509046	0.6844328	0.007118113
155000	-293.8608	-286.3166	-7.544246	0.6880553	0.3038915
155200	-291.593	-285.9977	-5.595265	0.7937227	0.006418177
155400	-292.7705	-286.5197	-6.250779	0.8496853	0.01651618
155600	-294.4107	-287.5909	-6.819845	0.860305	0.06001498
155800	-294.9039	-289.3404	-5.563511	0.7366845	0.05685784
156000	-297.7206	-287.0642	-10.6564	0.8962186	0.414053
156200	-292.4387	-285.0491	-7.389649	0.8195818	0.1604987
156400	-292.1875	-288.1486	-4.03897	0.6207714	0.02318425
156600	-290.8844	-285.4743	-5.41007	0.7517101	0.02988208
156800	-291.4524	-285.8961	-5.556335	0.7247869	0.07113549
157000	-292.1097	-287.1082	-5.001507	0.6949389	0.04428056
157200	-292.0046	-284.6308	-7.373849	0.9675415	0.01077851
157400	-294.9526	-286.1849	-8.76774	0.8634527	0.2447495
157600	-293.9324	-286.427	-7.505354	0.9791864	0.01188097
157800	-291.9074	-286.8969	-5.010479	0.6525027	0.08779212
158000	-292.9885	-285.3396	-7.648843	0.7579154	0.2472975
158200	-291.8192	-286.8964	-4.92276	0.7035105	0.02860846
158400	-292.327	-287.8813	-4.445684	0.5922199	0.09148209
158600	-291.5664	-284.5412	-7.025222	0.930546	0.01298067
158800	-293.05	-285.9195	-7.130566	0.8032859	0.1505307
159000	-291.9565	-286.8659	-5.090556	0.7171561	0.03164479
159200	-293.1693	-287.3753	-5.794002	0.7598167	0.05977943
159400	-291.6743	-286.0074	-5.666872	0.7084624	0.09755266
159600	-291.7834	-286.2379	-5.545514	0.7544909	0.03973787
159800	-291.6961	-287.4843	-4.211778	0.6442728	0.01712436
160000	-293.1246	-286.7278	-6.396844	0.7531053	0.1244896
160200	-292.3266	-286.0062	-6.320411	0.7410679	0.129361
160400	-292.0964	-288.4991	-3.597314	0.571996	0.02786809
160600	-294.4982	-288.3632	-6.135002	0.7487915	0.1046677
160800	-294.3389	-290.1137	-4.225212	0.626139	0.03701383
161000	-292.7148	-288.7033	-4.011479	0.5891056	0.05093402
161200	-291.3194	-286.4712	-4.848194	0.6846904	0.0398086
161400	-292.5137	-287.6823	-4.831458	0.6848567	0.03838271
161600	-294.9358	-286.5637	-8.372065	0.8535439	0.2215395
161800	-293.2343	-289.1883	-4.045993	0.5652997	0.07763825
162000	-293.8429	-287.059	-6.783923	0.7548294	0.1643593
162200	-290.9422	-285.9549	-4.987246	0.7022156	0.03687544
162400	-291.7875	-285.6724	-6.11515	0.8302297	0.022652
162600	-292.6787	-285.2445	-7.434159	0.8701441	0.1146218
162800	-294.1923	-287.9365	-6.255864	0.6939762	0.1633399
163000	-293.4907	-287.501	-5.989753	0.7241364	0.1104264
163200	-293.187	-288.3128	-4.874284	0.5863203	0.1349282
163400	-292.4737	-285.187	-7.286747	0.9315363	0.03808919
163600	-291.8845	-286.5385	-5.346018	0.730751	0.0433998
163800	-298.0886	-295.3328	-2.755726	0.4864976	0.02967844
164000	-293.4482	-286.4247	-7.023504	0.9020613	0.04044811
164200	-291.0777	-286.0992	-4.978522	0.7262881	0.01222852
164400	-291.548	-285.1665	-6.381465	0.8738952	0.005061872
164600	-293.2982	-286.5352	-6.762998	0.8446839	0.0703769
164800	-291.7078	-285.3271	-6.380712	0.8415006	0.03706137
165000	-295.5906	-285.1779	-10.41265	1.021626	0.2640818
165200	-295.5798	-285.1331	-10.44667	0.8599002	0.424579
165400	-297.378	-290.3555	-7.022446	0.9310364	0.01179566
165600	-292.2802	-287.0995	-5.180671	0.686024	0.07162576
165800	-292.7451	-285.6125	-7.132588	0.8216303	0.1301172
166000	-298.4227	-284.3708	-14.05193	1.251366	0.4104666
166200	-292.7063	-285.2696	-7.436683	0.952851	0.03154796
166400	-294.4647	-291.4977	-2.966917	0.5082171	0.02886825
166600	-292.3033	-286.0781	-6.225182	0.7095303	0.1520247
166800	-294.4564	-285.1952	-9.261232	0.9001277	0.2751561
167000	-291.8774	-286.3477	-5.529675	0.7357857	0.0575179
167200	-293.6951	-290.4486	-3.246448	0.5297804	0.03429505
167400	-293.6298	-285.2239	-8.405861	0.8946574	0.1907268
167600	-295.2281	-288.4702	-6.757901	0.7819774	0.1347627
167800	-293.6731	-288.1014	-5.5717	0.761919	0.03598661
168000	-294.4493	-286.5189	-7.93048	1.006608	0.02660136
168200	-296.9299	-286.8423	-10.08758	0.9815265	0.2766119
168400	-294.0941	-285.5258	-8.56827	0.8460302	0.2577579
168600	-291.6818	-284.6558	-7.025995	0.9204043	0.02344045
168800	-290.9871	-286.1014	-4.885651	0.7285324	0.0008164293
169000	-294.2566	-287.7116	-6.54493	0.7649011	0.1333347
169200	-292.4494	-286.605	-5.844406	0.7239131	0.09718288
169400	-294.7495	-285.2025	-9.54697	0.8697543	0.3345771
169600	-293.6143	-289.8649	-3.749476	0.5830486	0.03176035
169800	-296.7937	-286.8472	-9.946457	0.6415894	0.5780468
170000	-290.8054	-286.5157	-4.289711	0.6648369	0.004834406
170200	-294.0794	-286.7606	-7.318819	0.7006018	0.2607507
170400	-292.3322	-287.6152	-4.716996	0.6505908	0.05958618
170600	-294.4175	-287.1067	-7.310771	0.6556521	0.3072277
170800	-291.6873	-286.0765	-5.610791	0.7455543	0.05576259
171000	-291.9687	-286.1091	-5.859564	0.7415506	0.08326583
171200	-293.1005	-285.7026	-7.397898	0.7730815	0.2062247
171400	-294.1679	-289.932	-4.23588	0.5535049	0.1090268
171600	-292.304	-287.4885	-4.815474	0.7199306	0.002451581
171800	-291.3391	-286.1893	-5.149818	0.7195685	0.03588842
172000	-291.7486	-285.4591	-6.28945	0.8393911	0.03058787
172200	-291.4041	-287.334	-4.070038	0.631698	0.01598353
172400	-291.253	-287.1516	-4.101331	0.6430548	0.00770453
172600	-291.5049	-286.0632	-5.441655	0.7467582	0.03726656
172800	-291.2366	-285.8568	-5.379776	0.7337794	0.04534324
173000	-293.7401	-286.948	-6.792112	0.6444228	0.2715244
173200	-293.5735	-286.4568	-7.116718	0.757758	0.1894448
173400	-291.9056	-288.3042	-3.601475	0.5845113	0.01567009
173600	-292.7631	-284.5611	-8.202061	1.030053	0.03187608
173800	-290.7258	-285.1933	-5.532467	0.7934082	0.0006310883
174000	-294.703	-290.225	-4.478068	0.5969498	0.08849672
174200	-295.5236	-289.7761	-5.747444	0.5461703	0.2656145
174400	-293.1547	-286.7285	-6.426278	0.7938786	0.08643864
174600	-294.3272	-288.7655	-5.561663	0.6741336	0.1240416
174800	-292.0908	-287.7182	-4.372584	0.6676869	0.01007751
175000	-292.1229	-285.5264	-6.596566	0.8451341	0.05461761
175200	-294.7258	-284.7549	-9.97092	1.02122	0.2212845
175400	-291.964	-286.878	-5.085905	0.6515496	0.09568375
175600	-294.2437	-287.5084	-6.735341	0.6588636	0.245637
175800	-291.9951	-286.1777	-5.817484	0.6929943	0.127576
176000	-291.6699	-287.3484	-4.321476	0.617676	0.05457531
176200	-295.9968	-286.9375	-9.059283	0.8155341	0.3164357
176400	-294.5138	-286.3129	-8.200867	0.9674936	0.09159532
176600	-294.3147	-290.8134	-3.501218	0.4948997	0.09127243
176800	-293.2954	-288.2742	-5.021176	0.6938511	0.04888885
177000	-291.8675	-285.3327	-6.534862	0.8535654	0.04078242
177200	-293.9482	-286.6287	-7.319442	0.7948979	0.1750002
177400	-292.3011	-287.7413	-4.559726	0.6779257	0.01794147
177600	-293.8844	-286.2273	-7.657072	0.7939548	0.2056348
177800	-291.8729	-285.9488	-5.924131	0.7420197	0.08932279
178000	-292.024	-286.8983	-5.12563	0.7470962	0.006394727
178200	-294.0701	-287.7974	-6.27265	0.7636972	0.1002905
178400	-291.852	-286.2684	-5.583608	0.7670045	0.03115398
178600	-291.9136	-285.121	-6.792638	0.9013936	0.0186591
178800	-292.0533	-287.8597	-4.193596	0.6494709	0.01053194
179000	-291.6282	-285.0263	-6.601937	0.8284147	0.0735826
179200	-293.8154	-287.7496	-6.065884	0.7579828	0.08886908
179400	-292.246	-287.366	-4.879997	0.7084266	0.01944581
179600	-291.9121	-286.4787	-5.433381	0.7675439	0.01607731
179800	-292.1175	-287.5386	-4.578932	0.6702269	0.02726181
180000	-292.5839	-288.7058	-3.878097	0.6068009	0.02098301
180200	-290.9455	-285.6348	-5.310717	0.7651467	0.006669162
180400	-292.7193	-285.9897	-6.729527	0.8371471	0.07835155
180600	-295.3686	-292.419	-2.949596	0.4982227	0.03566574
180800	-291.4527	-287.8455	-3.607201	0.5923186	0.008893854
181000	-291.914	-285.9941	-5.919897	0.8084789	0.02373568
181200	-291.9636	-284.4712	-7.492371	0.9417118	0.04973276
181400	-290.8148	-285.6826	-5.13228	0.7422929	0.01161123
181600	-293.7396	-287.4023	-6.337346	0.6411401	0.2225533
181800	-296.1959	-291.2962	-4.899789	0.6019879	0.1301045
182000	-294.4201	-287.0036	-7.416475	0.8522809	0.1267288
182200	-292.1509	-286.1941	-5.956773	0.8210306	0.01493522
182400	-294.2003	-286.954	-7.246332	0.7235755	0.2359886
182600	-294.8343	-285.136	-9.698357	1.105046	0.109896
182800	-292.0618	-286.355	-5.706772	0.7404514	0.06859569
183000	-292.3572	-289.0766	-3.280665	0.5452302	0.02275947
183200	-295.2335	-287.0127	-8.220857	1.003741	0.06109897
183400	-295.4301	-291.5099	-3.920184	0.4804171	0.14292
183600	-293.0529	-286.5389	-6.513929	0.7465329	0.1457884
183800	-292.1457	-284.632	-7.513635	0.9529999	0.03967169
184000	-294.2527	-287.1371	-7.115687	0.6912866	0.2622284
184200	-291.353	-286.4068	-4.946253	0.7215582	0.01374085
184400	-294.5246	-288.978	-5.546584	0.7208285	0.07271713
184600	-292.5912	-286.1791	-6.412062	0.7232359	0.1580975
184800	-292.5893	-285.6939	-6.895471	0.7319225	0.1959696
185000	-293.4945	-287.5843	-5.910124	0.7750338	0.05552147
185200	-291.5657	-285.2258	-6.339861	0.8505636	0.02434759
185400	-294.2847	-289.0818	-5.202854	0.600955	0.1554451
185600	-293.0053	-288.6901	-4.315203	0.6506145	0.02093569
185800	-292.7117	-287.5314	-5.180311	0.6109993	0.1458626
186000	-294.6998	-288.314	-6.3858	0.7292009	0.1449253
186200	-291.7821	-286.0263	-5.75578	0.7605107	0.05453877
186400	-291.5752	-286.5508	-5.024443	0.6921691	0.04969192
186600	-291.5075	-287.8128	-3.694616	0.6052141	0.004858195
186800	-293.8875	-285.0681	-8.81944	1.055822	0.06766916
187000	-291.8778	-287.6318	-4.246035	0.6432991	0.02126527
187200	-292.4028	-285.7593	-6.643555	0.7678048	0.1346797
187400	-293.5676	-284.8553	-8.712317	1.01184	0.1014474
187600	-294.0383	-286.6533	-7.384989	0.831267	0.1442982
187800	-294.448	-288.311	-6.136935	0.5758338	0.2713342
188000	-294.2105	-286.2595	-7.950936	0.9272653	0.1071824
188200	-291.5631	-287.1553	-4.407868	0.6298556	0.05044996
188400	-294.3928	-287.7938	-6.599003	0.7664072	0.129254
188600	-291.885	-287.0645	-4.820577	0.7037452	0.01856681
188800	-293.8955	-287.2988	-6.596712	0.8821591	0.01811073
189000	-293.5609	-285.9731	-7.587716	0.7597249	0.24389
189200	-295.6636	-288.8706	-6.792935	0.8167434	0.1019248
189400	-292.6209	-286.3203	-6.300574	0.8545563	0.01596329
189600	-291.4082	-285.9006	-5.50759	0.7261301	0.06426232
189800	-293.639	-286.1599	-7.479123	0.7842144	0.1985603
190000	-294.4868	-286.5905	-7.896293	0.9916922	0.03852846
190200	-292.7244	-286.7215	-6.002852	0.806381	0.03434657
190400	-294.1862	-290.2486	-3.937594	0.5876582	0.04584342
190600	-291.341	-286.5796	-4.761386	0.6802785	0.03556391
190800	-294.374	-287.652	-6.721989	0.7660832	0.1489747
191000	-292.4457	-286.8206	-5.625072	0.7631484	0.03936868
191200	-293.1781	-287.7642	-5.413938	0.6001743	0.1767841
191400	-293.319	-288.2011	-5.117904	0.612962	0.1339309
191600	-293.7392	-284.6391	-9.100095	0.8724212	0.281725
191800	-291.7481	-287.0944	-4.653742	0.6768652	0.02959566
192000	-295.2771	-285.9419	-9.33522	1.047351	0.1298235
192200	-294.3538	-286.4983	-7.855556	0.8930025	0.1296338
192400	-294.6116	-288.0404	-6.57116	0.6849023	0.2083096
192600	-292.375	-286.0006	-6.374345	0.82386	0.05326367
192800	-292.3737	-287.4245	-4.949105	0.7041855	0.03017134
193000	-292.0135	-285.1517	-6.861811	0.9000409	0.02761153
193200	-293.5047	-286.7468	-6.757819	0.7490654	0.1658941
193400	-292.2767	-286.767	-5.509665	0.733466	0.05646414
193600	-293.3713	-288.5085	-4.862801	0.694444	0.03253537
193800	-290.7147	-285.176	-5.538667	0.7846321	0.01002169
194000	-293.5942	-285.1817	-8.412551	1.043627	0.03943534
194200	-293.4716	-286.8576	-6.614011	0.7577248	0.1458288
194400	-293.2956	-288.7032	-4.592437	0.5644785	0.1292638
194600	-296.7095	-291.3894	-5.320167	0.7128397	0.06011449
194800	-295.8134	-288.2639	-7.549495	0.8951897	0.09874876
195000	-291.1173	-285.5146	-5.602701	0.7806096	0.02051324
195200	-294.068	-286.4815	-7.586531	0.908093	0.08909775
195400	-294.391	-285.8013	-8.58968	0.7258408	0.3751892
195600	-293.9006	-290.0927	-3.807909	0.5581297	0.06264358
195800	-293.836	-288.6113	-5.224683	0.6286487	0.1313138
196000	-291.7585	-287.0052	-4.75327	0.6874145	0.02760247
196200	-292.6643	-287.7389	-4.925388	0.638937	0.08986561
196400	-291.0599	-284.5251	-6.534872	0.8905374	0.003813512
196600	-293.1249	-285.6545	-7.470451	0.9136423	0.07697374
196800	-291.8731	-287.5846	-4.288468	0.6174284	0.0500919
197000	-292.2393	-287.049	-5.190217	0.6914339	0.06607505
197200	-301.0532	-293.7185	-7.334702	0.7677548	0.2072227
197400	-291.5976	-287.3405	-4.25711	0.6629704	0.003566726
197600	-292.7949	-285.2379	-7.556954	0.7822872	0.2131696
197800	-291.868	-286.9791	-4.888903	0.6846298	0.0443556
198000	-291.753	-286.2636	-5.48941	0.7547608	0.0355317
198200	-292.9508	-286.346	-6.604764	0.7404636	0.1560669
198400	-291.2065	-286.6346	-4.571834	0.65832	0.03890616
198600	-291.681	-287.5262	-4.154801	0.641694	0.01413733
198800	-292.6661	-289.1012	-3.564873	0.5731386	0.02305787
199000	-292.3529	-288.4897	-3.863224	0.5816533	0.04342088
199200	-292.0644	-285.0446	-7.019849	0.8450316	0.09770267
199400	-292.2545	-286.5267	-5.727806	0.675012	0.1377436
199600	-294.0259	-285.1272	-8.898789	0.8823013	0.2513376
199800	-293.6359	-285.1034	-8.532508	0.9054925	0.1899171
200000	-291.0898	-284.8215	-6.268371	0.8467212	0.02114763
