Iteration	Posterior	Likelihood	Prior	branch_rates	speciation_rate
0	-296.2603	-291.6679	-4.592433	0.6238685	0.07708862
200	-295.7034	-291.156	-4.54744	0.5303284	0.1590214
400	-294.1674	-287.4585	-6.708975	0.8903595	0.02171533
600	-294.1409	-290.0283	-4.112523	0.6318493	0.01962744
800	-297.1734	-288.3997	-8.773743	0.8171144	0.304037
1000	-293.4419	-288.5466	-4.895293	0.7205196	0.009723256
1200	-300.8076	-298.5211	-2.286538	0.4339648	0.03402681
1400	-294.8126	-288.3193	-6.493218	0.7661069	0.1208085
1600	-295.8007	-290.2689	-5.531848	0.61387	0.1738751
1800	-293.4028	-288.6327	-4.770053	0.684827	0.03253052
2000	-293.95	-288.3547	-5.595329	0.7683058	0.03182772
2200	-295.2365	-290.3432	-4.893264	0.6472872	0.08222105
2400	-295.8324	-290.3193	-5.513047	0.751718	0.0399493
2600	-294.8491	-289.3472	-5.501853	0.7148723	0.07275828
2800	-298.6831	-292.3254	-6.357722	0.5537942	0.317269
3000	-294.0716	-288.0759	-5.995666	0.7389472	0.09975194
3200	-296.0821	-291.6963	-4.385785	0.6768217	0.002539738
3400	-296.069	-288.226	-7.843046	1.01162	0.01400916
3600	-297.1121	-289.2456	-7.866513	0.697575	0.3169958
3800	-298.7411	-293.8571	-4.884035	0.6803469	0.04854622
4000	-300.1024	-292.4533	-7.649045	0.9646156	0.04284607
4200	-296.0676	-290.9311	-5.136419	0.5469518	0.1966046
4400	-295.0403	-291.6093	-3.430986	0.5589516	0.02423577
4600	-294.8407	-288.2327	-6.607979	0.8710715	0.0306948
4800	-295.2645	-289.3734	-5.891115	0.6699711	0.1537828
5000	-295.6577	-288.4857	-7.172009	0.7676714	0.1923912
5200	-296.2731	-287.5994	-8.673686	1.021097	0.0895692
5400	-295.8552	-291.0941	-4.761158	0.6675144	0.0482752
5600	-295.3014	-288.9226	-6.378817	0.8032132	0.07388696
5800	-297.2707	-288.6354	-8.635304	1.016673	0.08703142
6000	-295.4974	-287.7612	-7.736191	0.9073105	0.1075159
6200	-296.625	-289.1106	-7.514455	0.7835005	0.203199
6400	-296.0108	-289.8412	-6.16955	0.6071256	0.2433459
6600	-295.6023	-288.1302	-7.472101	0.7681991	0.2171243
6800	-295.6041	-290.5907	-5.013316	0.6426185	0.09779018
7000	-295.089	-287.4687	-7.620304	0.9257259	0.07875106
7200	-293.4664	-289.2366	-4.229817	0.6370124	0.02594993
7400	-293.6926	-289.791	-3.901658	0.6067362	0.0236342
7600	-295.3501	-290.922	-4.428159	0.6431742	0.03904611
7800	-295.0036	-288.8957	-6.107819	0.8277429	0.02353688
8000	-293.6092	-288.7647	-4.844484	0.6919304	0.03324428
8200	-296.1551	-290.0964	-6.058673	0.7414521	0.1057242
8400	-295.0435	-290.3725	-4.671015	0.6470472	0.06064609
8600	-296.2179	-292.573	-3.644902	0.6017422	0.003468268
8800	-293.147	-288.393	-4.754011	0.7041213	0.01182492
9000	-294.8774	-290.7553	-4.122149	0.5738734	0.07807176
9200	-295.4718	-289.7484	-5.723383	0.6169761	0.1941705
9400	-295.1296	-289.722	-5.407607	0.7262278	0.0544104
9600	-295.6055	-291.5436	-4.061856	0.6384617	0.008383107
9800	-294.0154	-288.8766	-5.13886	0.6617125	0.09210069
10000	-293.7943	-288.7214	-5.072946	0.7117596	0.03584904
10200	-296.0248	-289.4284	-6.596323	0.7598241	0.1360717
10400	-294.9388	-291.3098	-3.628988	0.546349	0.05453169
10600	-294.36	-290.1263	-4.233762	0.6310834	0.03177074
10800	-294.2652	-290.2524	-4.012765	0.5811792	0.05769871
11000	-299.742	-292.6081	-7.133902	0.609139	0.3423363
11200	-294.482	-287.9719	-6.510111	0.8470419	0.04439433
11400	-296.9108	-293.4307	-3.480124	0.5033571	0.08170243
11600	-295.5298	-290.7162	-4.813521	0.5606024	0.1525548
11800	-293.5492	-289.8854	-3.663793	0.5976919	0.009039391
12000	-294.1695	-287.6859	-6.483684	0.8378166	0.05206982
12200	-299.0978	-294.0731	-5.024628	0.6115363	0.1321266
12400	-295.186	-291.0796	-4.106422	0.5838648	0.06368656
12600	-294.7183	-289.7061	-5.012148	0.7002923	0.04118332
12800	-297.3848	-293.3751	-4.009764	0.6350103	0.006367363
13000	-294.5446	-289.9156	-4.628942	0.694788	0.008740786
13200	-293.9845	-290.4782	-3.506224	0.5885499	0.002840115
13400	-296.8874	-288.9794	-7.907954	0.7573091	0.2668211
13600	-296.0805	-290.452	-5.628562	0.7503481	0.05140659
13800	-293.2041	-288.1818	-5.022326	0.714797	0.02779189
14000	-295.077	-289.7278	-5.349209	0.756043	0.01905436
14200	-295.3792	-287.967	-7.412216	0.9711594	0.01104204
14400	-294.077	-290.134	-3.943048	0.5946113	0.03838497
14600	-294.1531	-288.8125	-5.340677	0.6909402	0.0841341
14800	-295.708	-291.8159	-3.892087	0.5100966	0.1132679
15000	-294.0097	-290.3408	-3.668891	0.5945756	0.01295834
15200	-297.4483	-292.5252	-4.92308	0.6780434	0.0544027
15400	-294.9357	-290.1955	-4.740219	0.6650327	0.04711889
15600	-294.0679	-288.7948	-5.273049	0.7644401	0.003545012
15800	-294.7772	-289.4362	-5.340931	0.6747722	0.1007956
16000	-293.6311	-289.1477	-4.483389	0.63937	0.04925653
16200	-295.2905	-287.6366	-7.653911	0.8352529	0.173228
16400	-294.5942	-288.7026	-5.891589	0.7337505	0.09284128
16600	-294.1671	-290.4172	-3.749851	0.5642077	0.04959586
16800	-297.4819	-294.6425	-2.839454	0.4778709	0.04531198
17000	-296.1286	-289.5155	-6.613058	0.8482624	0.05183111
17200	-296.4198	-289.666	-6.753735	0.8700791	0.04581475
17400	-298.6323	-289.8789	-8.753442	0.8266297	0.2883027
17600	-297.3904	-291.8003	-5.590187	0.7463407	0.05190252
17800	-296.4308	-289.1317	-7.299114	0.733685	0.2287153
18000	-295.6953	-291.2111	-4.484169	0.5625235	0.1247121
18200	-294.4457	-290.332	-4.113672	0.5737524	0.07554006
18400	-295.315	-290.3452	-4.969755	0.6643473	0.07172419
18600	-293.6278	-289.483	-4.144809	0.6471708	0.007744163
18800	-296.8557	-291.9806	-4.875037	0.52584	0.1915982
19000	-293.6835	-289.4275	-4.256	0.6110575	0.05437515
19200	-294.3202	-290.9556	-3.364597	0.5659482	0.0109258
19400	-295.037	-290.2441	-4.792919	0.6892723	0.03012412
19600	-294.8635	-288.6028	-6.260741	0.833093	0.03298262
19800	-294.3774	-289.4227	-4.954639	0.6162031	0.1171005
20000	-294.7811	-290.2774	-4.503737	0.6153047	0.07260987
20200	-296.2195	-290.6827	-5.536733	0.5616129	0.221639
20400	-297.6082	-292.1745	-5.433689	0.614115	0.1647823
20600	-293.7004	-289.7404	-3.959999	0.6210265	0.01558967
20800	-295.1833	-290.0743	-5.108967	0.688701	0.0605117
21000	-294.5054	-290.0434	-4.461987	0.6586023	0.02819582
21200	-294.2368	-288.411	-5.825725	0.7146994	0.1071863
21400	-293.5585	-288.2317	-5.326808	0.725266	0.04734106
21600	-296.0052	-288.0505	-7.954617	0.8389273	0.1951424
21800	-294.406	-289.25	-5.156024	0.7040565	0.05001162
22000	-294.6274	-289.351	-5.276349	0.7234583	0.04445541
22200	-294.2026	-288.0595	-6.143066	0.8055722	0.04971446
22400	-297.2977	-290.3464	-6.951296	0.8282329	0.1107607
22600	-297.8049	-290.2982	-7.506736	0.7866044	0.1967679
22800	-298.1338	-291.0938	-7.039971	0.8418975	0.1056662
23000	-295.6292	-288.446	-7.183185	0.865711	0.09457818
23200	-294.4885	-291.1033	-3.385262	0.5474871	0.0302259
23400	-294.0617	-288.4648	-5.596905	0.7371788	0.06299362
23600	-296.6263	-293.2165	-3.409837	0.5720395	0.009713562
23800	-296.957	-288.816	-8.141008	0.7138116	0.3342929
24000	-299.2816	-292.1306	-7.150958	0.6095171	0.344661
24200	-296.6917	-288.8041	-7.887583	1.004325	0.02490033
24400	-293.6972	-288.8946	-4.802605	0.65506	0.06556631
24600	-296.8863	-292.2836	-4.602654	0.6143593	0.08403122
24800	-294.067	-288.8402	-5.22682	0.6539929	0.1064292
25000	-293.8767	-288.3796	-5.497169	0.7512655	0.03959839
25200	-296.7478	-288.4663	-8.281433	0.7604253	0.2987736
25400	-295.6571	-292.2254	-3.431711	0.5126967	0.06686999
25600	-294.5857	-289.4318	-5.153879	0.6251267	0.1298524
25800	-297.4502	-290.291	-7.159236	0.7360219	0.2169816
26000	-295.6458	-290.7499	-4.895875	0.634923	0.09499067
26200	-296.632	-289.1942	-7.437807	0.8161046	0.1702613
26400	-293.342	-288.1559	-5.186102	0.724324	0.03515256
26600	-295.8078	-289.6321	-6.175769	0.8055521	0.05089847
26800	-294.7789	-290.7439	-4.035083	0.5737375	0.06939429
27000	-294.2913	-288.7851	-5.506184	0.7440368	0.04586922
27200	-294.2025	-288.397	-5.805448	0.7824975	0.03895464
27400	-295.1867	-291.514	-3.672721	0.5478628	0.05757258
27600	-294.4503	-290.3754	-4.074907	0.6456917	0.002485944
27800	-299.4648	-291.0222	-8.442625	1.047708	0.0369242
28000	-294.6934	-288.1344	-6.558921	0.8171836	0.08064791
28200	-295.6196	-288.9147	-6.704917	0.6494055	0.2539499
28400	-296.0928	-291.5721	-4.520721	0.5535421	0.1350867
28600	-293.8852	-288.9071	-4.978091	0.7317982	0.006531221
28800	-293.7805	-290.1395	-3.64102	0.5947668	0.009897624
29000	-293.8147	-287.8542	-5.960494	0.8206972	0.01601332
29200	-294.3039	-289.3713	-4.932651	0.6902758	0.04305619
29400	-299.9698	-291.2156	-8.754201	1.014099	0.1063589
29600	-296.3539	-291.0289	-5.32498	0.6362673	0.1299384
29800	-296.237	-288.191	-8.045998	1.038183	0.007454055
30000	-293.8315	-289.1878	-4.643754	0.6379212	0.06641517
30200	-294.2433	-289.7832	-4.460157	0.6586788	0.02734066
30400	-293.9906	-289.1172	-4.873424	0.7067097	0.02157268
30600	-294.0335	-288.5521	-5.48144	0.7247889	0.06401557
30800	-293.5497	-289.404	-4.145694	0.6319752	0.02258748
31000	-294.7472	-288.3833	-6.363889	0.710978	0.1625429
31200	-295.0256	-288.513	-6.512567	0.7994186	0.09063637
31400	-297.8947	-295.1031	-2.791551	0.4967774	0.02202902
31600	-296.0931	-290.0263	-6.066791	0.6825992	0.1559444
31800	-293.64	-288.7385	-4.901447	0.7276054	0.00322906
32000	-295.3799	-289.4398	-5.940083	0.6717564	0.1584872
32200	-296.9537	-289.5575	-7.396163	0.6649477	0.305738
32400	-293.6368	-289.7144	-3.922375	0.5949016	0.0368439
32600	-294.7156	-289.5942	-5.12138	0.6664804	0.08481122
32800	-293.7072	-290.2654	-3.441824	0.569561	0.01473891
33000	-294.8428	-290.6754	-4.167435	0.6077247	0.04823052
33200	-297.5947	-293.0501	-4.544578	0.5482237	0.1358814
33400	-294.7537	-290.4641	-4.28966	0.5749537	0.09248886
33600	-293.7179	-287.5451	-6.172811	0.8527916	0.005307549
33800	-293.9614	-289.5568	-4.404577	0.6552971	0.02487914
34000	-296.8844	-291.9045	-4.97987	0.6169331	0.1166239
34200	-295.2569	-290.9902	-4.266653	0.6417893	0.02559027
34400	-294.6343	-290.0802	-4.554129	0.6940165	0.00209842
34600	-296.2034	-291.1998	-5.003628	0.5360129	0.1994394
34800	-297.53	-292.2663	-5.263719	0.6224965	0.1404474
35000	-299.3554	-292.9233	-6.432068	0.7272832	0.152042
35200	-294.8132	-290.5495	-4.263768	0.6428191	0.02291945
35400	-293.7794	-288.9414	-4.837982	0.6408523	0.08238296
35600	-297.0486	-290.3343	-6.714347	0.8083811	0.09875827
35800	-296.4518	-291.7308	-4.720983	0.6037915	0.1054272
36000	-297.4705	-290.2413	-7.229158	0.8967267	0.06644508
36200	-294.2924	-289.3201	-4.972289	0.6323354	0.1044322
36400	-293.6431	-288.0212	-5.621921	0.7445265	0.05774612
36600	-294.9348	-289.8111	-5.123753	0.7127813	0.03856188
36800	-294.3346	-288.4279	-5.906711	0.7684206	0.06151714
37000	-297.114	-289.2249	-7.889123	0.7752224	0.2461765
37200	-294.2178	-289.2318	-4.986017	0.7015023	0.03689936
37400	-294.1089	-288.7371	-5.37176	0.6613413	0.1156227
37600	-294.8243	-288.3663	-6.458063	0.6962063	0.1865606
37800	-293.6859	-289.0382	-4.647624	0.6812052	0.02448566
38000	-299.8163	-297.2367	-2.57959	0.4656478	0.03236118
38200	-295.0844	-288.8221	-6.262241	0.7952553	0.06893239
38400	-296.4846	-290.1453	-6.339314	0.8738044	0.0009185624
38600	-296.6261	-291.9024	-4.723655	0.6551435	0.05575544
38800	-293.01	-288.9757	-4.034221	0.6412863	0.002869857
39000	-295.3306	-287.8479	-7.482662	0.8407749	0.1493338
39200	-298.6742	-292.5606	-6.11362	0.6602496	0.195001
39400	-293.4528	-288.628	-4.8248	0.6623142	0.05973691
39600	-295.5833	-290.4369	-5.146349	0.6727755	0.08253433
39800	-297.7392	-288.0348	-9.704344	0.7584488	0.4466508
40000	-293.2431	-289.0886	-4.154542	0.6318171	0.02374938
40200	-295.5507	-291.3935	-4.157208	0.6065743	0.04918324
40400	-294.2584	-289.2824	-4.976002	0.6705188	0.06531064
40600	-295.6968	-290.334	-5.362841	0.7483561	0.02747479
40800	-296.6989	-289.5018	-7.197139	0.8469616	0.1132283
41000	-293.2239	-288.5862	-4.637769	0.7012181	0.003353502
41200	-293.8456	-290.4031	-3.442554	0.5726753	0.01176503
41400	-293.7002	-289.3693	-4.330869	0.6455353	0.02733808
41600	-294.5228	-290.0499	-4.47295	0.6865657	0.001501391
41800	-299.2044	-292.7612	-6.443199	0.8004063	0.0867022
42000	-295.2207	-289.9663	-5.254443	0.5955828	0.16217
42200	-296.3361	-292.0909	-4.245223	0.6448165	0.01947779
42400	-294.3361	-290.7771	-3.55892	0.5755021	0.02022642
42600	-295.346	-288.3463	-6.999672	0.8103789	0.1294516
42800	-296.0888	-291.2439	-4.844923	0.6805313	0.04398594
43000	-297.8022	-291.1685	-6.633749	0.6046309	0.2901665
43200	-293.3662	-289.2274	-4.13879	0.6233454	0.03063715
43400	-294.8658	-288.507	-6.358868	0.8748602	0.001803146
43600	-293.3491	-288.0682	-5.280961	0.7424213	0.02624498
43800	-296.8917	-290.8395	-6.05217	0.5702003	0.2646889
44000	-294.5323	-290.7502	-3.782089	0.5565036	0.06063349
44200	-296.0086	-293.1833	-2.825392	0.5140249	0.008892275
44400	-293.1956	-288.5458	-4.649753	0.69312	0.01230444
44600	-294.2456	-289.5411	-4.704538	0.6006844	0.1070702
44800	-294.2084	-288.6597	-5.548639	0.7490111	0.04581079
45000	-294.262	-290.4576	-3.804469	0.6014031	0.01912205
45200	-297.163	-292.3082	-4.854735	0.6970552	0.0300311
45400	-295.7518	-291.1022	-4.649574	0.5671489	0.134664
45600	-294.1775	-290.104	-4.073566	0.59806	0.04964984
45800	-294.2985	-288.4789	-5.81952	0.6799761	0.1409321
46000	-294.5615	-288.811	-5.750497	0.7258696	0.08719528
46200	-294.6628	-287.8701	-6.792709	0.7717628	0.1492965
46400	-294.0622	-289.4036	-4.65866	0.6501176	0.05423619
46600	-296.9346	-292.9874	-3.947189	0.5900607	0.04470287
46800	-295.6493	-287.7783	-7.871021	0.7740237	0.2542533
47000	-295.9387	-288.3123	-7.626408	0.9463935	0.05656079
47200	-294.1363	-290.1871	-3.949237	0.5769635	0.05736444
47400	-297.1662	-291.1721	-5.994146	0.5415954	0.2834417
47600	-294.7043	-288.1973	-6.507008	0.8260916	0.06462771
47800	-295.4212	-289.0078	-6.413389	0.7316136	0.1484625
48000	-293.3265	-289.694	-3.632518	0.6016426	0.00234546
48200	-298.4019	-289.4457	-8.956185	0.6759057	0.44179
48400	-297.2397	-293.2724	-3.967335	0.5531593	0.07810208
48600	-296.2805	-287.7582	-8.522301	1.046228	0.04826122
48800	-293.7474	-289.248	-4.499418	0.6695783	0.02079836
49000	-294.0828	-289.787	-4.295768	0.6211502	0.0472858
49200	-294.1269	-288.9302	-5.196678	0.6992403	0.06116325
49400	-296.5854	-294.305	-2.280421	0.4541802	0.0140714
49600	-294.0861	-288.2205	-5.865614	0.7305609	0.09701501
49800	-295.012	-290.233	-4.779029	0.6512355	0.06408146
50000	-298.1785	-292.1859	-5.992538	0.7739327	0.06667259
50200	-293.4931	-289.6772	-3.815986	0.6144179	0.007908628
50400	-297.3371	-288.9227	-8.414405	0.8360137	0.2445213
50600	-296.7128	-290.3092	-6.403574	0.7266795	0.1580113
50800	-295.5678	-290.5208	-5.047028	0.6097213	0.1339354
51000	-295.0853	-289.8949	-5.190376	0.6310748	0.1219076
51200	-293.7396	-288.404	-5.335658	0.7335019	0.04002049
51400	-297.3473	-291.05	-6.297317	0.6387748	0.2187303
51600	-295.834	-289.119	-6.714974	0.8615319	0.04984686
51800	-295.0243	-291.4714	-3.552935	0.5238531	0.06945335
52000	-295.9167	-290.6086	-5.308142	0.5981963	0.1632401
52200	-294.2825	-289.6244	-4.658078	0.6286402	0.07515654
52400	-294.0409	-288.1905	-5.850332	0.7475482	0.07709946
52600	-294.5417	-291.359	-3.182709	0.5541596	0.004829224
52800	-295.4777	-288.6319	-6.845818	0.6982764	0.2272177
53000	-296.7365	-289.9232	-6.813324	0.6920494	0.2201512
53200	-294.5159	-289.9734	-4.542457	0.6011446	0.09175241
53400	-294.1304	-288.8436	-5.286814	0.7204857	0.04697848
53600	-296.7096	-289.8445	-6.865099	0.697533	0.2223264
53800	-297.4744	-289.2809	-8.193512	1.002803	0.05582082
54000	-295.1042	-288.1052	-6.998969	0.7655086	0.1718497
54200	-293.8504	-288.7271	-5.123325	0.7504293	0.002710786
54400	-295.0743	-289.9451	-5.129235	0.630276	0.1196852
54600	-296.2489	-289.0428	-7.206013	0.8621613	0.09807955
54800	-299.3951	-295.1409	-4.254281	0.5402406	0.1255447
55000	-295.6363	-290.5057	-5.13063	0.7089637	0.0444478
55200	-295.2188	-288.7457	-6.473109	0.8226396	0.0669634
55400	-297.4815	-289.5479	-7.933591	0.9220469	0.1092846
55600	-296.4017	-292.7983	-3.603316	0.5302467	0.06782713
55800	-293.3337	-288.7213	-4.61231	0.6868885	0.01466808
56000	-295.4153	-290.8668	-4.548493	0.6637221	0.03146775
56200	-298.3923	-291.071	-7.321248	0.6439376	0.3325404
56400	-294.3735	-290.7311	-3.642348	0.5931419	0.01132868
56600	-298.7999	-294.9322	-3.867733	0.6060137	0.02052708
56800	-296.437	-290.3206	-6.116444	0.8094366	0.04170942
57000	-295.6139	-289.8016	-5.812257	0.5945408	0.218501
57200	-294.5622	-289.5286	-5.033571	0.6561315	0.08676942
57400	-296.1764	-288.8223	-7.354148	0.8384784	0.1338601
57600	-295.3429	-288.7003	-6.642633	0.8338866	0.06914433
57800	-295.843	-290.6172	-5.225765	0.6463693	0.1112177
58000	-298.4493	-292.7704	-5.678883	0.6513137	0.1573691
58200	-293.2237	-289.3401	-3.883646	0.6261681	0.002879907
58400	-293.5664	-288.8618	-4.704661	0.6802468	0.03014248
58600	-296.8648	-291.1283	-5.736449	0.7302924	0.08517262
58800	-301.8769	-287.7426	-14.13433	1.090897	0.5775937
59000	-295.9192	-291.1111	-4.808101	0.6497831	0.07110766
59200	-300.8172	-293.3339	-7.48324	0.8632376	0.127118
59400	-295.7061	-291.0138	-4.692312	0.6714492	0.03702557
59600	-295.5889	-289.1971	-6.391745	0.7294416	0.1438849
59800	-294.7905	-288.1253	-6.665207	0.8376988	0.06995779
60000	-296.1792	-292.3585	-3.820688	0.600502	0.02261354
60200	-293.129	-288.6792	-4.449813	0.6731847	0.01223709
60400	-297.4468	-288.3788	-9.068097	0.8905215	0.2560137
60600	-294.6587	-287.8841	-6.774661	0.7452344	0.1719143
60800	-294.1816	-290.0245	-4.157161	0.6236375	0.03158499
61000	-296.0463	-292.3824	-3.663966	0.5711853	0.03504429
61200	-296.1159	-287.479	-8.636861	0.8732094	0.2328435
61400	-295.7507	-289.6093	-6.141413	0.743196	0.1094853
61600	-294.3561	-287.562	-6.794076	0.8230445	0.09795613
61800	-294.6247	-291.3226	-3.302128	0.5472245	0.02277276
62000	-294.6805	-288.6998	-5.980681	0.7713851	0.06517342
62200	-294.8092	-290.4822	-4.326999	0.6174156	0.05416121
62400	-298.1623	-290.5959	-7.566486	0.8382798	0.1598301
62600	-294.1461	-290.3692	-3.77687	0.6122773	0.005917526
62800	-294.5668	-289.7714	-4.795454	0.6562767	0.06151581
63000	-294.7389	-287.6501	-7.088818	0.8820151	0.06851246
63200	-297.9294	-288.1535	-9.775912	1.008849	0.2142168
63400	-296.7436	-289.7921	-6.951476	0.6125995	0.3071573
63600	-298.6071	-292.8723	-5.734771	0.5480857	0.2502175
63800	-294.3113	-290.2373	-4.074022	0.5985359	0.04776542
64000	-296.3284	-290.3458	-5.982552	0.6746315	0.1623916
64200	-297.1714	-291.7546	-5.416746	0.6207939	0.158244
64400	-294.5707	-288.547	-6.023698	0.7250105	0.114392
64600	-296.3075	-292.3605	-3.947004	0.5593483	0.07607783
64800	-294.8317	-290.5797	-4.252063	0.5577664	0.1055173
65000	-293.8335	-288.0192	-5.814334	0.7912073	0.03072116
65200	-293.9155	-289.3496	-4.565885	0.6303317	0.06498124
65400	-299.5182	-292.9942	-6.523961	0.5605194	0.3329958
65600	-293.9711	-289.9091	-4.062027	0.6340107	0.01231276
65800	-297.5015	-292.0387	-5.462865	0.7184224	0.0670967
66000	-298.6184	-288.1083	-10.51013	0.8066574	0.4788406
66200	-295.8648	-292.5741	-3.290681	0.5152935	0.05218076
66400	-293.2838	-288.4718	-4.811996	0.6795763	0.04158285
66600	-293.5626	-288.3784	-5.18422	0.7537359	0.005362693
66800	-296.8727	-290.2874	-6.5853	0.737674	0.1543013
67000	-301.0434	-293.5616	-7.481797	0.8174169	0.1640214
67200	-298.3701	-289.2648	-9.105259	1.089659	0.06386306
67400	-293.4982	-288.8134	-4.684795	0.7000629	0.008934611
67600	-295.9443	-287.7197	-8.224617	0.8945688	0.1723081
67800	-294.666	-288.2157	-6.450328	0.7246432	0.1610347
68000	-293.7028	-287.9916	-5.711221	0.7646766	0.04764324
68200	-297.3267	-289.6556	-7.671069	0.7510105	0.2506567
68400	-293.189	-288.9788	-4.2103	0.6558955	0.005786479
68600	-294.4724	-288.2923	-6.180086	0.8396302	0.01883225
68800	-293.9173	-290.4661	-3.451177	0.5767608	0.008748478
69000	-295.5526	-288.7996	-6.753014	0.8499521	0.06400359
69200	-295.6772	-290.6919	-4.985317	0.6250086	0.1113529
69400	-295.7431	-288.1515	-7.591622	0.8683362	0.1350333
69600	-294.3181	-289.7773	-4.540872	0.6780204	0.0165205
69800	-294.4353	-289.7985	-4.636722	0.5891624	0.1109392
70000	-296.2027	-290.1279	-6.074818	0.7550277	0.08972792
70200	-294.7153	-288.2376	-6.477746	0.75882	0.1275604
70400	-294.2546	-291.3609	-2.893615	0.5228104	0.006999695
70600	-293.2596	-288.8126	-4.447007	0.6734967	0.0116338
70800	-294.2243	-289.6225	-4.601728	0.6220288	0.07840694
71000	-293.7409	-289.787	-3.953847	0.627547	0.008570947
71200	-296.9621	-292.6911	-4.270981	0.6582938	0.009367268
71400	-295.2174	-289.7354	-5.481977	0.7884573	0.0005301734
71600	-296.3525	-290.2618	-6.090639	0.7652252	0.08520258
71800	-294.9143	-290.3139	-4.60039	0.6969641	0.003663606
72000	-294.0965	-290.09	-4.006514	0.5769813	0.06206123
72200	-295.3835	-287.9669	-7.416618	0.7850271	0.1977568
72400	-294.4672	-288.9568	-5.510385	0.636947	0.151199
72600	-296.123	-289.8114	-6.311568	0.7632434	0.1092121
72800	-293.4854	-289.5665	-3.918986	0.6077524	0.02457239
73000	-294.2191	-288.9831	-5.235981	0.6927979	0.06982586
73200	-293.6982	-288.1557	-5.542488	0.7949115	0.0001308222
73400	-294.4871	-288.7676	-5.719567	0.7440502	0.0659929
73600	-296.7259	-287.864	-8.861826	0.86078	0.2715407
73800	-294.6657	-288.9203	-5.745473	0.7361392	0.07735315
74000	-293.8594	-288.8369	-5.022501	0.6955574	0.04696781
74200	-295.135	-288.1229	-7.012108	0.8081429	0.1317212
74400	-293.5292	-289.6845	-3.844794	0.5993077	0.02552237
74600	-294.8998	-289.7076	-5.192288	0.7487214	0.01120186
74800	-297.097	-289.9783	-7.118766	0.6049463	0.3320836
75000	-295.0118	-290.2985	-4.713248	0.5918795	0.1160893
75200	-293.5244	-288.4347	-5.089753	0.7045712	0.04506202
75400	-294.4348	-289.3115	-5.123295	0.7192814	0.03317474
75600	-294.0051	-289.5863	-4.418841	0.6732536	0.00950364
75800	-295.8198	-288.4945	-7.325288	0.7487154	0.2175251
76000	-293.1013	-288.0578	-5.043417	0.742793	0.002309178
76200	-294.9429	-290.303	-4.639819	0.6967987	0.00811657
76400	-294.2474	-287.7709	-6.476446	0.8170812	0.0724035
76600	-294.5983	-290.173	-4.425278	0.5874198	0.09437846
76800	-296.0403	-292.7264	-3.313862	0.5550862	0.01586467
77000	-293.3685	-287.8407	-5.527779	0.7694137	0.02398829
77200	-295.5541	-292.3544	-3.19966	0.5308986	0.02779541
77400	-297.759	-289.7792	-7.979872	0.8330023	0.2002899
77600	-296.2128	-289.2018	-7.010986	0.8444114	0.09674763
77800	-295.1973	-290.478	-4.719216	0.6765086	0.03495481
78000	-296.6088	-288.8759	-7.732952	1.005402	0.00858591
78200	-295.5822	-289.8612	-5.720994	0.7338745	0.07607946
78400	-297.2415	-291.3482	-5.893309	0.7854629	0.04434939
78600	-295.9498	-288.4953	-7.454522	0.8385916	0.1441481
78800	-293.8223	-289.3258	-4.496442	0.6415596	0.04709794
79000	-296.1373	-289.577	-6.560346	0.7329544	0.1591293
79200	-295.4021	-288.0462	-7.355942	0.9748942	0.001525832
79400	-294.6121	-290.3036	-4.308507	0.5964428	0.07105783
79600	-295.8353	-291.3373	-4.497998	0.6545669	0.0362361
79800	-293.5663	-290.1915	-3.374794	0.571865	0.006155614
80000	-294.8117	-289.7995	-5.012288	0.7086183	0.03357221
80200	-295.5191	-288.7853	-6.733782	0.6508727	0.2577135
80400	-295.5217	-291.0993	-4.422439	0.5534794	0.1235462
80600	-295.8432	-289.7273	-6.115853	0.6750081	0.1746378
80800	-296.6123	-288.4786	-8.133753	0.9679266	0.08856182
81000	-293.6225	-289.1312	-4.49127	0.6762596	0.01309313
81200	-293.6303	-288.1282	-5.502132	0.7376188	0.05246923
81400	-295.3617	-291.3692	-3.992435	0.5817369	0.05606155
81600	-298.0388	-293.9968	-4.042036	0.6191691	0.02526191
81800	-294.6342	-288.9856	-5.648581	0.6997399	0.1042881
82000	-295.6284	-291.7136	-3.914816	0.5198358	0.105905
82200	-294.21	-289.8003	-4.409657	0.6679538	0.01380375
82400	-293.2535	-288.6297	-4.623808	0.6613106	0.04106999
82600	-299.5652	-294.3009	-5.264277	0.6079665	0.1508279
82800	-294.7307	-289.9792	-4.751484	0.5897184	0.1233964
83000	-296.2539	-288.0274	-8.226521	0.7997788	0.25923
83200	-294.8374	-289.0273	-5.810156	0.6655729	0.1560879
83400	-296.5886	-289.7445	-6.84404	0.7576537	0.1688282
83600	-293.1459	-288.6628	-4.483093	0.6889804	0.0001224221
83800	-296.4534	-291.7095	-4.743832	0.6787279	0.0345197
84000	-293.8356	-288.843	-4.992649	0.7296196	0.01004358
84200	-295.0228	-290.7964	-4.226371	0.6344335	0.02819942
84400	-295.0152	-288.7967	-6.218481	0.6998545	0.1591146
84600	-293.7975	-288.7597	-5.03784	0.6747391	0.06817357
84800	-295.9791	-292.5678	-3.411356	0.5712092	0.010626
85000	-294.8949	-289.1886	-5.706299	0.6871591	0.1233142
85200	-295.8383	-290.7769	-5.061394	0.7179604	0.02894327
85400	-294.5218	-289.2458	-5.275949	0.7189083	0.04894459
85600	-296.2641	-288.7049	-7.55924	0.7822216	0.2176856
85800	-294.5085	-289.0978	-5.410643	0.7661841	0.01534676
86000	-296.414	-289.3727	-7.041262	0.7830725	0.156752
86200	-296.14	-287.7957	-8.344277	0.8119104	0.2631654
86400	-295.0868	-288.6868	-6.400001	0.8091161	0.06920198
86600	-295.8762	-291.4803	-4.395842	0.5245462	0.1476652
86800	-295.6764	-288.8717	-6.804721	0.6583992	0.260192
87000	-293.7965	-289.971	-3.82549	0.5902661	0.03162361
87200	-294.6989	-288.3036	-6.395296	0.7969124	0.08208835
87400	-301.9095	-290.1748	-11.7347	1.140034	0.2694518
87600	-294.939	-288.7174	-6.221658	0.8537064	0.009056958
87800	-294.2642	-288.9519	-5.312304	0.745414	0.02550004
88000	-294.8989	-290.1258	-4.773091	0.6463124	0.07200541
88200	-300.8307	-295.8833	-4.947413	0.4861436	0.2403673
88400	-294.1791	-290.146	-4.033175	0.5928425	0.04923724
88600	-295.9035	-289.1545	-6.748995	0.7487973	0.1672399
88800	-293.4216	-289.0263	-4.395223	0.6591766	0.02106846
89000	-295.4091	-291.169	-4.240029	0.6569872	0.007667473
89200	-298.7195	-290.8939	-7.825579	0.7196083	0.2956752
89400	-293.8663	-288.2131	-5.653178	0.7348293	0.07061726
89600	-295.2804	-289.3175	-5.962913	0.6939221	0.1386733
89800	-295.6383	-289.6303	-6.008005	0.6866362	0.1566462
90000	-296.2311	-289.0151	-7.215971	0.8696086	0.09258149
90200	-295.5717	-289.5163	-6.055349	0.680313	0.1611555
90400	-296.1573	-289.6753	-6.482023	0.7289124	0.1564197
90600	-294.158	-288.9922	-5.165782	0.6557288	0.09823365
90800	-293.4436	-289.5063	-3.937288	0.6342816	0.0002315262
91000	-295.0504	-290.0701	-4.980344	0.6404864	0.09338483
91200	-295.332	-291.8218	-3.510165	0.5751664	0.01644682
91400	-299.7899	-288.3667	-11.42315	1.17471	0.213193
91600	-296.9126	-293.3414	-3.571176	0.5302723	0.06690952
91800	-295.6342	-291.0021	-4.632169	0.6390574	0.06373701
92000	-294.57	-288.5492	-6.020822	0.7695093	0.07451534
92200	-296.0297	-290.4201	-5.609632	0.6894113	0.110947
92400	-300.3707	-292.371	-7.99972	0.7801642	0.2533988
92600	-295.7231	-289.2511	-6.471926	0.8697787	0.01792962
92800	-295.7982	-287.8405	-7.957683	0.786493	0.2502553
93000	-296.4373	-290.5015	-5.935837	0.6937241	0.1395921
93200	-296.2309	-290.3013	-5.92963	0.6348284	0.1983883
93400	-293.7788	-290.1515	-3.627304	0.5909399	0.01241245
93600	-295.8107	-291.3136	-4.497068	0.5471463	0.1353927
93800	-296.5287	-287.7943	-8.734437	0.8409675	0.275566
94000	-294.6441	-290.6777	-3.96634	0.6036954	0.03269713
94200	-296.031	-288.9494	-7.081641	0.7200587	0.2208685
94400	-293.8579	-288.283	-5.574986	0.7763473	0.0216082
94600	-295.0049	-287.9664	-7.038496	0.7382659	0.205435
94800	-294.291	-287.7149	-6.57606	0.8538447	0.04444847
95000	-295.7844	-287.577	-8.207413	1.007506	0.05521262
95200	-297.0391	-289.9268	-7.112297	0.8073005	0.1388366
95400	-296.3925	-289.0165	-7.376024	0.8073468	0.1672944
95600	-293.8275	-288.9338	-4.893669	0.6970479	0.03211941
95800	-296.8058	-290.9462	-5.859599	0.7448282	0.07732196
96000	-295.5483	-291.0698	-4.47845	0.6642506	0.02365469
96200	-297.9284	-287.5343	-10.3941	1.018163	0.2683297
96400	-294.1916	-288.8552	-5.336364	0.7725402	0.001884438
96600	-295.7466	-292.7649	-2.981673	0.4888798	0.04745159
96800	-297.9965	-288.8834	-9.113108	1.109622	0.04258444
97000	-295.6169	-289.8948	-5.722178	0.5859065	0.2196189
97200	-295.3483	-287.8888	-7.459419	0.9362153	0.05181115
97400	-293.5426	-288.818	-4.724572	0.696517	0.01652146
97600	-294.5324	-288.7072	-5.825194	0.7900456	0.03207721
97800	-294.2975	-289.2099	-5.087672	0.7375934	0.01194728
98000	-295.942	-292.1641	-3.777876	0.5822968	0.03393981
98200	-296.4711	-289.6572	-6.813836	0.700578	0.2134372
98400	-295.3188	-290.7361	-4.582704	0.6319221	0.06602119
98600	-294.7536	-288.7738	-5.979808	0.8353896	0.003299515
98800	-293.8524	-289.7142	-4.138246	0.6262574	0.02801417
99000	-295.0541	-290.0567	-4.99741	0.6031418	0.131661
99200	-295.1121	-288.6627	-6.449382	0.7180292	0.1670826
99400	-293.5544	-288.404	-5.150463	0.687284	0.06737909
99600	-295.7238	-289.1637	-6.56013	0.7530725	0.1391593
99800	-296.4976	-293.9031	-2.594485	0.4838248	0.01518375
100000	-293.5302	-288.9555	-4.574713	0.6449475	0.05278518
100200	-295.5216	-291.3836	-4.138011	0.5802819	0.07373768
100400	-298.0368	-293.4099	-4.62698	0.643686	0.05703611
100600	-295.4493	-287.6505	-7.798866	0.971382	0.04987988
100800	-296.6215	-287.7035	-8.918018	0.7836885	0.349438
101000	-294.9452	-290.3655	-4.579609	0.6096792	0.08883476
101200	-295.2238	-288.8176	-6.406221	0.8123962	0.06725644
101400	-293.3176	-288.6941	-4.623587	0.6945128	0.008516623
101600	-299.2703	-287.4374	-11.8329	0.9140062	0.5179885
101800	-296.1734	-288.3188	-7.854549	0.7777551	0.244151
102000	-295.1777	-290.7287	-4.44901	0.6821671	0.00342307
102200	-296.9768	-288.2309	-8.745956	0.7488988	0.3629622
102400	-293.8384	-289.4276	-4.410743	0.6789373	0.002848883
102600	-297.0416	-287.9034	-9.138207	1.051935	0.1063805
102800	-295.2141	-290.4745	-4.739566	0.6039083	0.1099776
103000	-294.3071	-289.2216	-5.085488	0.7366561	0.01225346
103200	-297.8472	-294.109	-3.738242	0.5109921	0.1013797
103400	-295.9501	-288.6107	-7.339359	0.8678381	0.1048776
103600	-294.0048	-289.2956	-4.709199	0.6468475	0.06469661
103800	-294.9852	-290.0699	-4.915382	0.6870139	0.04597083
104000	-297.6345	-291.9734	-5.661067	0.6645637	0.1393804
104200	-294.0539	-288.0272	-6.026666	0.8126767	0.03044497
104400	-298.6933	-289.9425	-8.750802	1.020727	0.09305806
104600	-298.6533	-291.2832	-7.370097	0.9366932	0.0411612
104800	-295.4198	-289.4671	-5.952694	0.7581637	0.07549095
105000	-294.47	-288.1248	-6.345139	0.7603904	0.1126735
105200	-294.133	-290.9293	-3.2037	0.5427273	0.01748656
105400	-297.3978	-291.5547	-5.843075	0.6794099	0.1422933
105600	-293.8344	-288.3575	-5.476882	0.744098	0.04452296
105800	-296.0034	-292.5349	-3.468537	0.5637852	0.0235928
106000	-294.3726	-289.6553	-4.717257	0.6947672	0.01739878
106200	-293.9121	-290.0115	-3.900686	0.6187294	0.0116724
106400	-298.0757	-289.5033	-8.572381	0.9836727	0.1135482
106600	-296.2131	-292.7146	-3.498549	0.4866895	0.0999284
106800	-296.7177	-292.9974	-3.720283	0.559216	0.04972527
107000	-295.7058	-290.7425	-4.963338	0.6662036	0.06814352
107200	-294.7104	-289.8099	-4.900488	0.6873715	0.04221048
107400	-293.8077	-289.6657	-4.142023	0.6314908	0.02262683
107600	-293.5325	-289.2801	-4.252463	0.6221299	0.04275679
107800	-294.5641	-289.6403	-4.923792	0.7001487	0.03191545
108000	-296.2753	-290.0531	-6.222197	0.8228355	0.04021168
108200	-293.5653	-287.8522	-5.713078	0.7660463	0.04615894
108400	-294.6364	-289.792	-4.844331	0.6571696	0.06491939
108600	-299.3045	-295.3953	-3.909219	0.4981671	0.129579
108800	-298.0077	-291.7822	-6.225556	0.6453061	0.2147516
109000	-300.0194	-294.3468	-5.672579	0.541301	0.2631619
109200	-293.9468	-288.1116	-5.835209	0.8237844	0.0005369423
109400	-297.1761	-292.0694	-5.106755	0.5143357	0.223162
109600	-294.1064	-288.2723	-5.834138	0.7007248	0.1225263
109800	-295.4381	-290.8956	-4.542521	0.5443574	0.1462926
110000	-297.1168	-291.517	-5.599827	0.6813068	0.1137751
110200	-295.6072	-292.5257	-3.08151	0.5428039	0.005840155
110400	-296.1524	-290.0077	-6.144735	0.7003377	0.1509483
110600	-295.3234	-289.3159	-6.007505	0.6937368	0.1490885
110800	-294.4486	-290.3913	-4.057339	0.5900432	0.05462089
111000	-294.772	-291.7178	-3.054249	0.5150326	0.02939454
111200	-296.2655	-289.3704	-6.895046	0.9044115	0.02635956
111400	-299.346	-291	-8.345985	1.070615	0.004854434
111600	-297.3257	-289.7198	-7.605925	0.9566299	0.04554729
111800	-295.8499	-290.8878	-4.962107	0.6126461	0.1197852
112000	-293.669	-288.6277	-5.041364	0.6904071	0.05300357
112200	-293.664	-288.3517	-5.312323	0.7688701	0.003112156
112400	-296.0081	-288.6298	-7.378398	0.6670553	0.307159
112600	-295.1631	-288.1149	-7.048193	0.7745094	0.1726748
112800	-296.9991	-290.7132	-6.285981	0.6209648	0.2374241
113000	-297.4786	-292.0359	-5.442664	0.535457	0.2330378
113200	-295.0821	-289.176	-5.906057	0.7739182	0.05867664
113400	-294.7879	-289.7153	-5.072638	0.6607792	0.08763188
113600	-293.9235	-289.2212	-4.702254	0.6219494	0.08689911
113800	-293.5392	-288.5525	-4.98665	0.7185728	0.02031029
114000	-294.2781	-289.6833	-4.594807	0.6473697	0.0510373
114200	-294.9554	-290.0083	-4.947092	0.6192487	0.1151828
114400	-295.6205	-290.8041	-4.816475	0.6205066	0.09770669
114600	-294.4188	-290.2243	-4.194506	0.6048009	0.05323282
114800	-294.9534	-290.0254	-4.927969	0.6219722	0.1113431
115000	-302.0608	-290.6025	-11.45834	0.6243332	0.7314885
115200	-293.7431	-288.4231	-5.320068	0.7676779	0.004981456
115400	-294.1714	-288.8807	-5.290628	0.6495797	0.1190295
115600	-293.5327	-289.1481	-4.38458	0.6553578	0.02387324
115800	-294.4539	-289.285	-5.168902	0.7540096	0.003617996
116000	-293.8749	-288.728	-5.146885	0.6853179	0.06805556
116200	-294.8888	-288.3809	-6.507864	0.7919618	0.0976732
116400	-294.9444	-290.7055	-4.238911	0.5821603	0.07772989
116600	-300.2684	-293.2501	-7.018311	0.7236987	0.2188168
116800	-294.5695	-289.7627	-4.806768	0.6912513	0.02918652
117000	-297.971	-290.6477	-7.323357	0.5487286	0.4073037
117200	-296.0655	-290.7129	-5.352621	0.6448697	0.1244399
117400	-296.6868	-290.1658	-6.521097	0.8341951	0.05878391
117600	-294.5372	-290.887	-3.65014	0.5458255	0.05804879
117800	-296.4918	-291.1688	-5.322972	0.6637431	0.1045853
118000	-296.6655	-291.9084	-4.757031	0.5575281	0.1536789
118200	-297.8742	-289.7449	-8.129316	0.9138708	0.144135
118400	-296.2575	-290.6312	-5.626259	0.7786691	0.02474027
118600	-293.3904	-289.3227	-4.067688	0.6335297	0.01370904
118800	-298.0713	-288.6632	-9.408162	0.731653	0.4402303
119000	-295.0473	-288.5625	-6.484856	0.7617078	0.1289992
119200	-295.3433	-291.7174	-3.62586	0.58144	0.02113326
119400	-297.7196	-293.4841	-4.235491	0.5863889	0.07285666
119600	-294.7355	-289.4484	-5.287094	0.7398554	0.02881284
119800	-297.3593	-288.7281	-8.631173	0.9325433	0.1719145
120000	-293.9441	-289.202	-4.742096	0.7082205	0.006484603
120200	-295.6486	-287.6922	-7.956459	0.85134	0.1848455
120400	-295.1375	-292.4513	-2.686168	0.5057004	0.00352458
120600	-295.208	-288.3409	-6.867108	0.8412479	0.08668416
120800	-294.965	-290.304	-4.661046	0.6730812	0.0332225
121000	-294.5466	-289.4478	-5.09876	0.6610648	0.08625591
121200	-295.9855	-288.1358	-7.849707	0.994606	0.03160257
121400	-294.0707	-287.6289	-6.44187	0.8043244	0.08071939
121600	-295.9555	-289.343	-6.61249	0.7124439	0.1893458
121800	-293.4797	-289.1613	-4.318413	0.6417798	0.03064006
122000	-297.4309	-291.6704	-5.7605	0.5391658	0.2618954
122200	-295.0947	-288.7603	-6.334387	0.8318778	0.04124
122400	-294.1815	-289.7785	-4.402976	0.6162716	0.06273644
122600	-294.5105	-288.9241	-5.586314	0.7388026	0.06161985
122800	-297.0361	-289.0975	-7.938516	0.8200382	0.2126322
123000	-296.3082	-289.6694	-6.638843	0.7948964	0.1070596
123200	-292.8373	-288.5621	-4.275147	0.6668578	0.001427248
123400	-295.0962	-292.2869	-2.809345	0.5011545	0.01963532
123600	-294.3404	-288.0612	-6.279242	0.8361212	0.03215571
123800	-294.349	-289.1264	-5.222584	0.6255798	0.1337167
124000	-294.3128	-290.1451	-4.167648	0.6042541	0.05254722
124200	-296.2646	-289.5436	-6.720969	0.807844	0.1008459
124400	-298.9098	-293.4265	-5.48332	0.6638019	0.1286899
124600	-299.0484	-293.0953	-5.953067	0.5612331	0.260187
124800	-295.9196	-287.4975	-8.422115	0.8977912	0.1887197
125000	-295.1114	-288.8661	-6.24529	0.6977428	0.1608135
125200	-296.2016	-290.6774	-5.524252	0.6336938	0.151506
125400	-293.8878	-288.2468	-5.640964	0.7136886	0.08946406
125600	-294.8724	-287.4665	-7.405896	0.9340548	0.04825847
125800	-295.7232	-292.242	-3.481247	0.5106073	0.07518605
126000	-296.4184	-290.347	-6.071414	0.707132	0.139919
126200	-295.4306	-291.1558	-4.274876	0.5295667	0.1331293
126400	-297.6667	-291.8797	-5.786909	0.7287442	0.08838922
126600	-296.8269	-290.6054	-6.22149	0.7534779	0.1091429
126800	-294.6483	-290.6778	-3.970447	0.5832414	0.05351145
127000	-296.1404	-292.5292	-3.611277	0.5837303	0.01742902
127200	-295.4351	-290.4715	-4.963631	0.6289631	0.1087356
127400	-294.6529	-289.4807	-5.172244	0.6760226	0.07900541
127600	-296.4928	-289.4699	-7.022876	0.6833778	0.258958
127800	-297.5651	-289.0862	-8.47896	0.9636363	0.1238223
128000	-293.4126	-288.6513	-4.761261	0.689307	0.0268324
128200	-295.703	-290.4861	-5.216817	0.595745	0.1582393
128400	-294.2703	-288.5393	-5.730959	0.6760895	0.1361763
128600	-293.1504	-287.9583	-5.192059	0.7532974	0.00667795
128800	-295.0848	-288.9198	-6.16506	0.7953171	0.05956902
129000	-294.1348	-288.5837	-5.551125	0.7773992	0.0179271
129200	-295.8609	-292.02	-3.840944	0.532766	0.08925763
129400	-294.0731	-288.6331	-5.440009	0.7399917	0.04449889
129600	-297.6979	-289.1103	-8.587573	0.6389796	0.4467627
129800	-293.7561	-288.9004	-4.855699	0.6918542	0.03384721
130000	-296.2103	-293.403	-2.80731	0.4785933	0.04059225
130200	-295.0477	-290.4494	-4.598244	0.7002995	0.0003117392
130400	-294.5846	-289.0596	-5.525086	0.7484216	0.04401096
130600	-293.8379	-290.1591	-3.678771	0.5961473	0.01192047
130800	-294.8225	-289.0447	-5.777867	0.7812454	0.03671937
131000	-294.3492	-289.3338	-5.01537	0.6609115	0.07795349
131200	-294.3641	-289.0679	-5.296186	0.6568257	0.1132869
131400	-299.3376	-288.2754	-11.06222	1.009472	0.3491202
131600	-296.6662	-288.9318	-7.734404	0.882661	0.1333307
131800	-295.197	-290.7074	-4.489638	0.6665812	0.02256829
132000	-295.5532	-290.0285	-5.524637	0.6687962	0.1207299
132200	-294.6422	-290.4741	-4.168089	0.6027943	0.05270361
132400	-297.7248	-290.0704	-7.65442	0.7540065	0.2559845
132600	-293.5971	-289.6355	-3.961627	0.6125328	0.02334444
132800	-295.2724	-291.359	-3.913339	0.5738374	0.05728187
133000	-296.3995	-289.8211	-6.578414	0.6127129	0.2754432
133200	-294.6985	-288.9214	-5.777126	0.700103	0.114331
133400	-294.7966	-290.135	-4.661547	0.6114038	0.09196749
133600	-293.6936	-288.8954	-4.798229	0.6918778	0.02806357
133800	-294.8916	-290.7986	-4.092996	0.6375343	0.01219758
134000	-293.4724	-289.1328	-4.339588	0.6373811	0.03654592
134200	-297.7831	-290.093	-7.690104	0.8137098	0.1911267
134400	-296.9553	-289.3664	-7.58884	0.980448	0.0187044
134600	-294.4947	-290.4293	-4.065396	0.6265579	0.01981524
134800	-294.7349	-291.4893	-3.245606	0.5447052	0.01939326
135000	-296.4963	-293.8658	-2.630519	0.486487	0.01628925
135200	-294.6362	-289.6189	-5.01739	0.696547	0.04557879
135400	-294.5771	-288.6247	-5.952449	0.8259511	0.009926859
135600	-298.3551	-295.8619	-2.493137	0.4247497	0.06246133
135800	-295.9263	-292.5752	-3.351129	0.5080471	0.0632784
136000	-294.654	-288.4787	-6.175244	0.7383588	0.1174231
136200	-293.7752	-288.2976	-5.477533	0.7614087	0.02692948
136400	-295.3643	-289.5742	-5.790083	0.6799578	0.1343915
136600	-294.8627	-289.1117	-5.751036	0.6523639	0.1620916
136800	-298.6947	-290.799	-7.895683	0.5839402	0.4299118
137000	-295.479	-290.3971	-5.081922	0.6589759	0.08742335
137200	-303.1986	-299.133	-4.06562	0.6320566	0.01438905
137400	-294.5099	-288.3048	-6.205138	0.8540368	0.007444753
137600	-296.3567	-290.2776	-6.079049	0.7882969	0.05917543
137800	-293.1937	-289.0015	-4.192196	0.6429522	0.01654683
138000	-296.6886	-291.1846	-5.504031	0.5860038	0.1948119
138200	-297.1481	-292.0229	-5.125237	0.5333362	0.2120095
138400	-296.2341	-292.8939	-3.340201	0.4958585	0.07427339
138600	-296.0743	-291.3218	-4.752433	0.6494568	0.06537709
138800	-294.8366	-288.35	-6.486638	0.827545	0.06070836
139000	-294.2619	-290.4973	-3.764623	0.5640217	0.0514617
139200	-293.1117	-287.8182	-5.293479	0.7603012	0.009824204
139400	-298.6067	-290.9128	-7.693988	0.7677962	0.2385063
139600	-295.6353	-289.8232	-5.812141	0.7817611	0.03903668
139800	-294.5828	-288.0085	-6.574307	0.8499947	0.04868733
140000	-292.8833	-288.3039	-4.579476	0.6920993	0.006558721
140200	-293.6322	-290.1333	-3.498839	0.5748661	0.01517118
140400	-293.9597	-289.8888	-4.070895	0.6185018	0.02914405
140600	-297.3775	-289.9535	-7.424034	0.6371507	0.3461941
140800	-297.1147	-292.8742	-4.240449	0.5967902	0.06406
141000	-294.1375	-290.2114	-3.926067	0.6016108	0.03138933
141200	-296.9938	-291.8367	-5.157114	0.585137	0.1625838
141400	-296.4535	-289.3941	-7.059432	0.6390693	0.3015245
141600	-294.1234	-290.3822	-3.741205	0.5714801	0.04252306
141800	-293.457	-289.4103	-4.046786	0.6257101	0.01894139
142000	-295.9792	-290.1628	-5.816345	0.6681679	0.1521916
142200	-295.0983	-289.5145	-5.583838	0.7648889	0.03323817
142400	-294.2638	-287.836	-6.427816	0.8691078	0.01464986
142600	-293.6114	-288.9457	-4.665714	0.6802281	0.02715927
142800	-295.5403	-289.0366	-6.503675	0.6373293	0.2457801
143000	-294.1438	-289.1997	-4.944109	0.6791797	0.05598703
143200	-297.3736	-288.3574	-9.016222	0.7299991	0.4039423
143400	-298.7161	-294.0611	-4.655003	0.4905153	0.2076104
143600	-294.9184	-289.5934	-5.325056	0.6863937	0.08347917
143800	-295.0657	-290.7008	-4.36486	0.6575402	0.0194123
144000	-296.4897	-291.9833	-4.50641	0.5728172	0.1158336
144200	-295.1849	-288.3759	-6.808951	0.9202468	0.001423501
144400	-295.7447	-288.6353	-7.1094	0.8653136	0.08720863
144600	-296.2561	-288.4536	-7.802498	0.7551318	0.258618
144800	-294.5538	-290.4046	-4.149228	0.6343352	0.02035718
145000	-294.611	-289.7776	-4.83336	0.6223871	0.09783607
145200	-293.7465	-289.9925	-3.754003	0.5922496	0.02358825
145400	-298.6843	-293.3912	-5.293095	0.5739305	0.1856999
145600	-295.8249	-288.6336	-7.191255	0.9154233	0.04458555
145800	-293.7602	-288.7837	-4.976485	0.6979976	0.03929769
146000	-295.3656	-288.6982	-6.667392	0.8791846	0.0292633
146200	-293.9195	-288.2731	-5.646322	0.7058752	0.09766553
146400	-294.2946	-290.2133	-4.081284	0.5965932	0.0494904
146600	-293.0571	-288.7347	-4.322327	0.6533451	0.01937675
146800	-296.2425	-289.3772	-6.865285	0.7106482	0.2100109
147000	-295.7509	-290.1206	-5.630262	0.7537801	0.04772996
147200	-295.6173	-290.4476	-5.169704	0.6009855	0.1553701
147400	-295.6421	-290.549	-5.093128	0.6054161	0.1374623
147600	-295.313	-288.0277	-7.28523	0.7964172	0.1701431
147800	-297.6989	-289.8389	-7.859991	0.7821078	0.2378063
148000	-293.684	-288.1021	-5.581902	0.7670965	0.03132721
148200	-294.4594	-291.0218	-3.43761	0.5722748	0.01197252
148400	-294.7272	-288.3186	-6.408598	0.8444228	0.0368287
148600	-293.8236	-289.6609	-4.162641	0.6505994	0.00624846
148800	-296.3296	-292.0796	-4.250064	0.6442218	0.02137802
149000	-299.2826	-289.8246	-9.457976	0.9844947	0.208836
149200	-295.5408	-289.1554	-6.385456	0.6630411	0.2154172
149400	-298.7285	-295.0418	-3.686703	0.5459786	0.06309602
149600	-306.4737	-304.1958	-2.277858	0.3706458	0.09196416
149800	-294.9076	-289.5866	-5.320938	0.6729963	0.09661813
150000	-294.9055	-288.0955	-6.810046	0.8775155	0.0441389
150200	-294.5549	-287.8618	-6.693063	0.8694555	0.04045805
150400	-298.1883	-292.9248	-5.263553	0.5394382	0.21867
150600	-297.5195	-291.4021	-6.117427	0.7648588	0.08279812
150800	-294.3833	-290.2142	-4.169108	0.6574793	0.0002213817
151000	-294.254	-290.8858	-3.368204	0.5434505	0.03280951
151200	-295.8708	-289.4171	-6.453789	0.7460789	0.1363426
151400	-292.8936	-288.6179	-4.275685	0.662433	0.005820133
151600	-293.7132	-287.8155	-5.897726	0.7994359	0.03118402
151800	-295.5349	-289.3989	-6.135963	0.8131222	0.0415275
152000	-295.8018	-290.4885	-5.313305	0.577742	0.1894427
152200	-293.3905	-288.2806	-5.109829	0.7275223	0.0237492
152400	-294.6583	-287.9148	-6.743479	0.8662402	0.04866492
152600	-294.4479	-289.0978	-5.350077	0.6764589	0.09558453
152800	-293.6389	-289.3423	-4.296651	0.6110732	0.05778086
153000	-297.8432	-288.3814	-9.461743	0.8525477	0.3290738
153200	-293.8846	-288.802	-5.08255	0.7455856	0.003322122
153400	-295.8293	-288.3589	-7.470364	0.747151	0.2343124
153600	-295.665	-288.2547	-7.410246	0.8593256	0.1240169
153800	-294.207	-289.2918	-4.915154	0.6671721	0.0631144
154000	-294.0336	-288.3937	-5.639926	0.7042098	0.100237
154200	-296.0278	-288.8351	-7.192717	0.6895629	0.2599668
154400	-297.1447	-291.3413	-5.803425	0.6468282	0.1689851
154600	-293.29	-288.0655	-5.224476	0.739652	0.02370077
154800	-296.9946	-289.8437	-7.150921	0.7299761	0.2237092
155000	-295.5184	-291.7307	-3.787658	0.551065	0.06598154
155200	-295.5739	-292.352	-3.221856	0.5489307	0.01350432
155400	-297.5939	-293.362	-4.231925	0.620372	0.044275
155600	-293.0374	-288.9445	-4.092883	0.6494521	0.0006196163
155800	-297.6562	-290.4111	-7.245106	0.964816	0.0004971952
156000	-294.6471	-288.554	-6.093136	0.8477882	0.002354022
156200	-296.8905	-287.7805	-9.110005	0.9552741	0.1983058
156400	-296.3194	-289.5278	-6.791566	0.8730137	0.04526026
156600	-296.5786	-289.6826	-6.895964	0.9047555	0.02662425
156800	-296.5569	-288.5393	-8.017561	0.6747234	0.3623027
157000	-294.0954	-289.1984	-4.897029	0.6260234	0.1012272
157200	-295.8188	-289.2973	-6.521526	0.615785	0.2689075
157400	-293.2694	-288.6187	-4.65069	0.6892359	0.01614329
157600	-293.8397	-288.4677	-5.37205	0.7521596	0.0251337
157800	-295.0929	-289.9838	-5.109091	0.7368385	0.01509949
158000	-298.1407	-289.6368	-8.503896	0.7289839	0.355316
158200	-294.5816	-288.3103	-6.27126	0.7230398	0.1441009
158400	-295.392	-289.5991	-5.79294	0.8135402	0.006453911
158600	-293.6107	-288.6366	-4.974111	0.6693009	0.06772373
158800	-295.5761	-292.3608	-3.215279	0.5235552	0.03712359
159000	-294.1515	-289.026	-5.125523	0.7197533	0.03232376
159200	-293.3044	-288.365	-4.939355	0.7262749	0.008312904
159400	-294.7169	-290.6152	-4.101635	0.5540827	0.09250556
159600	-298.0005	-291.5394	-6.461052	0.8318224	0.05576184
159800	-295.2226	-290.5073	-4.715286	0.6226207	0.0863604
160000	-294.4057	-289.1521	-5.253579	0.7006753	0.06465642
160200	-293.5222	-289.7353	-3.786976	0.6154725	0.003860653
160400	-298.1071	-293.9945	-4.112629	0.6333729	0.01771596
160600	-293.908	-289.3842	-4.523787	0.6806392	0.01211456
160800	-297.5881	-290.5443	-7.043775	0.565722	0.3608291
161000	-292.8908	-288.4808	-4.40999	0.6764866	0.005212013
161200	-294.3644	-288.9687	-5.395712	0.6539184	0.1238533
161400	-297.8625	-293.0777	-4.784812	0.6205569	0.1004032
161600	-294.527	-290.1338	-4.393211	0.5950063	0.08358832
161800	-293.7598	-290.0316	-3.728263	0.5789658	0.03333852
162000	-294.7554	-289.0146	-5.740767	0.6994501	0.1118958
162200	-295.1012	-290.2663	-4.834868	0.6060968	0.1118173
162400	-296.5623	-290.6845	-5.877784	0.8027892	0.0253623
162600	-294.0463	-287.9174	-6.128856	0.7909393	0.06346489
162800	-298.4286	-292.25	-6.178547	0.7236649	0.1351826
163000	-294.932	-288.699	-6.232961	0.7625432	0.09966589
163200	-294.2865	-289.0092	-5.277313	0.6594735	0.1049495
163400	-295.5058	-291.7712	-3.734643	0.511693	0.09708643
163600	-298.0475	-291.0545	-6.993017	0.8886086	0.05247099
163800	-293.6625	-288.6022	-5.060339	0.7465279	0.0002927912
164000	-294.9388	-291.7692	-3.169615	0.5106282	0.04526848
164200	-295.8527	-288.0618	-7.790939	0.8646827	0.1555632
164400	-296.5747	-288.7526	-7.82208	0.7541136	0.2603075
164600	-293.4366	-287.8202	-5.616448	0.7694176	0.0327815
164800	-296.3061	-288.7495	-7.556505	0.6552065	0.3340249
165000	-295.0657	-287.9169	-7.148813	0.7485448	0.2071497
165200	-294.5498	-289.7526	-4.797159	0.6594426	0.06110285
165400	-295.0342	-290.9214	-4.112789	0.5546592	0.09179784
165600	-293.6723	-287.6863	-5.98598	0.8182572	0.02106882
165800	-298.4113	-287.8184	-10.59296	0.7704331	0.5276003
166000	-294.2606	-290.4774	-3.783199	0.5956211	0.02334485
166200	-296.09	-290.6609	-5.429061	0.6088066	0.1680947
166400	-295.984	-291.431	-4.552942	0.5986182	0.09267269
166600	-297.1656	-288.0124	-9.15322	0.8242412	0.3290755
166800	-295.6624	-290.5553	-5.107159	0.6034797	0.1394838
167000	-296.807	-291.0213	-5.785746	0.7541785	0.06212283
167200	-296.8235	-291.1341	-5.689427	0.779046	0.03045618
167400	-294.0843	-287.8876	-6.196656	0.7650325	0.09449664
167600	-295.0519	-289.0632	-5.988692	0.8252047	0.01399486
167800	-293.972	-289.3795	-4.592535	0.620665	0.07835786
168000	-293.9405	-289.1768	-4.763709	0.6630214	0.05238171
168200	-295.4864	-287.5556	-7.930744	0.9495127	0.08544839
168400	-294.5533	-290.7261	-3.827152	0.5687184	0.05278777
168600	-294.1083	-289.8275	-4.28081	0.6147388	0.0518872
168800	-297.62	-289.5085	-8.111522	0.9238328	0.1279591
169000	-294.4538	-289.293	-5.160806	0.7478206	0.008825523
169200	-296.5895	-293.265	-3.324473	0.5723175	0.0008814297
169400	-295.2981	-288.6573	-6.64082	0.6695175	0.2314779
169600	-294.3039	-290.5609	-3.742944	0.5775698	0.0354252
169800	-293.8147	-287.5708	-6.243929	0.8199283	0.04537808
170000	-293.5245	-289.0635	-4.460978	0.6580829	0.02835749
170200	-295.033	-288.764	-6.269001	0.7207876	0.1482923
170400	-296.099	-288.8556	-7.243346	0.6757016	0.2880654
170600	-293.4388	-288.9973	-4.441462	0.6724786	0.0119675
170800	-296.6062	-289.1891	-7.417033	0.621952	0.3510253
171000	-296.3824	-290.0877	-6.294739	0.5768639	0.2822145
171200	-296.3755	-288.9557	-7.419727	0.8191525	0.1665897
171400	-296.9296	-288.0826	-8.846996	0.8455193	0.2774952
171600	-298.3381	-289.0089	-9.329216	0.9627614	0.2056447
171800	-294.7679	-288.4988	-6.269073	0.7500076	0.1175819
172000	-295.1613	-291.1163	-4.045007	0.5872215	0.0565147
172200	-295.528	-287.6362	-7.891708	0.8925319	0.1382519
172400	-295.0015	-288.7385	-6.263048	0.7155736	0.14591
172600	-294.0164	-289.0108	-5.005544	0.6953882	0.04400458
172800	-293.1152	-288.8805	-4.234727	0.6470538	0.01674864
173000	-294.8336	-291.5373	-3.296323	0.5537476	0.01599107
173200	-296.8013	-289.7997	-7.001575	0.9049199	0.0362314
173400	-295.5175	-287.8833	-7.634226	0.7505245	0.251608
173600	-297.3846	-290.0275	-7.357051	0.7212435	0.24947
173800	-294.1983	-289.8898	-4.308503	0.6360663	0.03402676
174000	-294.9413	-288.5056	-6.435697	0.8723273	0.011799
174200	-294.5347	-291.5713	-2.963407	0.5180052	0.01820691
174400	-294.1894	-288.1349	-6.054517	0.7699374	0.07723289
174600	-298.1344	-291.7433	-6.391181	0.6019837	0.2737376
174800	-296.0809	-289.6938	-6.387101	0.7613673	0.1196451
175000	-294.5096	-289.237	-5.272682	0.7474014	0.01995615
175200	-294.3857	-288.9037	-5.481993	0.6845648	0.1025391
175400	-296.5091	-288.9948	-7.514323	0.8237985	0.1659097
175600	-295.958	-287.883	-8.075	1.024464	0.02433812
175800	-293.7689	-287.5089	-6.259994	0.8624444	0.004394624
176000	-296.2768	-291.843	-4.433886	0.6064707	0.07595002
176200	-296.3584	-290.7417	-5.616746	0.7892595	0.01312578
176400	-295.453	-290.3594	-5.093531	0.6794268	0.069818
176600	-293.9266	-287.9564	-5.970171	0.7415235	0.09545491
176800	-295.9011	-289.4369	-6.46421	0.7943159	0.09143495
177000	-296.0643	-290.7817	-5.28263	0.6881975	0.07698226
177200	-299.9722	-289.8937	-10.07853	1.143517	0.1062553
177400	-296.0662	-291.3289	-4.737258	0.5960459	0.1167358
177600	-296.6909	-288.7091	-7.981794	0.9537999	0.08604295
177800	-294.2544	-290.1192	-4.135175	0.6298377	0.02311752
178000	-293.9691	-289.3875	-4.581601	0.6481791	0.04849517
178200	-299.9365	-291.8812	-8.05535	0.6446363	0.3744552
178400	-293.9618	-288.0048	-5.956931	0.7416229	0.09420976
178600	-296.8554	-292.8759	-3.979515	0.5841117	0.05452945
178800	-296.4581	-288.9649	-7.493194	0.8944542	0.09398814
179000	-294.7617	-289.4872	-5.274474	0.7617682	0.006189337
179200	-296.3819	-291.6983	-4.683656	0.6222	0.08265288
179400	-296.5336	-292.5614	-3.972288	0.5434075	0.09240733
179600	-295.783	-288.8357	-6.947274	0.9138619	0.02245768
179800	-297.4755	-294.3276	-3.147837	0.4753975	0.07558969
180000	-295.3925	-288.7516	-6.64082	0.6810097	0.2171141
180200	-296.1691	-290.1182	-6.050909	0.6158518	0.2224147
180400	-298.0332	-293.402	-4.631146	0.6258728	0.07333123
180600	-294.3533	-289.3687	-4.984673	0.6980628	0.0402445
180800	-296.2323	-289.7376	-6.49478	0.6756713	0.2099449
181000	-295.4027	-289.8861	-5.516565	0.7165581	0.07310105
181200	-298.2025	-294.0321	-4.170458	0.5538654	0.09968344
181400	-294.1309	-290.5944	-3.536479	0.5738474	0.01946521
181600	-295.16	-290.3317	-4.828242	0.6309583	0.08947563
181800	-295.0562	-287.8402	-7.216054	0.9260193	0.03645427
182000	-293.838	-287.6604	-6.177613	0.8092927	0.04943592
182200	-294.8842	-290.4941	-4.390007	0.5670561	0.1093843
182400	-293.5709	-288.4793	-5.091592	0.6808475	0.0680723
182600	-294.0231	-289.6246	-4.398441	0.6387093	0.04050352
182800	-295.3075	-289.8279	-5.479572	0.7003016	0.08550813
183000	-295.2567	-291.4832	-3.773504	0.5658347	0.05087342
183200	-294.3885	-289.1555	-5.233057	0.6530957	0.1064613
183400	-294.4816	-290.9199	-3.561745	0.5725175	0.02421254
183600	-293.6259	-289.4738	-4.152131	0.6468657	0.008864263
183800	-293.9126	-290.7614	-3.151225	0.5440591	0.01137642
184000	-294.3684	-288.2521	-6.116269	0.7810942	0.07183062
184200	-294.1487	-289.6528	-4.495899	0.6001189	0.08768214
184400	-295.8223	-288.285	-7.537364	0.7703184	0.2256908
184600	-294.2716	-288.134	-6.137597	0.7580362	0.09577854
184800	-294.7082	-291.3042	-3.403964	0.5313016	0.04719463
185000	-295.5855	-291.0494	-4.53613	0.675721	0.0190043
185200	-293.6153	-288.5702	-5.045169	0.7386058	0.006747333
185400	-293.1033	-287.8558	-5.247418	0.761017	0.00448369
185600	-295.1904	-290.194	-4.996475	0.5845687	0.1484862
185800	-298.0599	-293.2692	-4.790639	0.6991918	0.02031528
186000	-299.0682	-288.1427	-10.92544	1.138749	0.1997932
186200	-295.5993	-292.853	-2.74634	0.5153833	4.343552e-05
186400	-295.8958	-292.5173	-3.378498	0.5754683	0.003020692
186600	-295.9251	-289.6288	-6.296331	0.6641775	0.1960101
186800	-296.1315	-289.5561	-6.575418	0.8426198	0.05344377
187000	-294.2891	-290.9457	-3.343401	0.5506946	0.02315076
187200	-297.196	-290.7475	-6.448471	0.6964466	0.1929926
187400	-295.7811	-291.2911	-4.489986	0.674407	0.0154933
187600	-295.6446	-289.368	-6.276586	0.6807168	0.1813238
187800	-294.9625	-289.2665	-5.69602	0.6921844	0.1191426
188000	-293.6098	-289.3101	-4.299726	0.6606816	0.009629903
188200	-294.9529	-290.6941	-4.258737	0.6426259	0.02325416
188400	-294.3222	-287.63	-6.692133	0.8382021	0.07288782
188600	-294.9595	-291.1112	-3.848288	0.5719168	0.05258939
188800	-295.8959	-289.4087	-6.487209	0.7745959	0.1136397
189000	-295.0264	-290.7925	-4.233975	0.6356101	0.02807163
189200	-295.1202	-289.3569	-5.763329	0.7732272	0.04338723
189400	-299.7041	-292.3283	-7.375795	0.6664246	0.3122442
189600	-298.0325	-288.0802	-9.952326	0.8766435	0.3651262
189800	-295.8963	-289.5723	-6.323981	0.6528495	0.2131747
190000	-293.9963	-290.4122	-3.584155	0.592839	0.006031899
190200	-294.8793	-288.138	-6.741298	0.8993575	0.01541605
190400	-296.3727	-288.7354	-7.637299	0.8436892	0.1607447
190600	-294.6741	-288.7489	-5.925147	0.6621755	0.1694253
190800	-295.4568	-291.1535	-4.303311	0.6066302	0.06048801
191000	-297.9827	-290.9893	-6.993481	0.7568514	0.1812347
191200	-296.2888	-291.5558	-4.732991	0.5382197	0.167398
191400	-298.8058	-293.4343	-5.371539	0.5912636	0.1874203
191600	-295.4625	-289.7252	-5.737376	0.7254711	0.08647359
191800	-293.5739	-289.3529	-4.22096	0.651187	0.01163708
192000	-293.252	-288.4138	-4.838189	0.721403	0.003193967
192200	-293.2484	-289.6092	-3.639242	0.6009956	0.003606757
192400	-295.0549	-290.7259	-4.329003	0.6302716	0.04221647
192600	-296.1803	-291.1816	-4.99875	0.6104001	0.1273339
192800	-296.5365	-289.792	-6.744537	0.8276444	0.08780725
193000	-295.4475	-289.1348	-6.312678	0.8337065	0.03882112
193200	-295.5874	-292.1742	-3.413217	0.5294147	0.04948739
193400	-294.918	-288.8706	-6.047405	0.8391456	0.006181246
193600	-296.2951	-291.4339	-4.86118	0.7140975	0.01254503
193800	-297.799	-291.9744	-5.824669	0.6143738	0.1967743
194000	-296.3706	-288.7754	-7.595197	0.8187626	0.1766251
194200	-295.7188	-290.5021	-5.21674	0.6420871	0.1172689
194400	-293.9612	-289.0933	-4.867908	0.720541	0.006948855
194600	-296.4735	-289.0507	-7.422854	0.9278401	0.05640586
194800	-295.3165	-291.3771	-3.939389	0.6079075	0.02546958
195000	-295.0772	-290.7207	-4.356461	0.6615326	0.01464668
195200	-296.3982	-290.6978	-5.700485	0.6651165	0.1387147
195400	-296.5924	-291.2315	-5.360861	0.6543236	0.1162013
195600	-297.8969	-289.6525	-8.244385	1.010081	0.05445785
195800	-294.1315	-288.8626	-5.268848	0.6509548	0.1133772
196000	-294.3127	-288.5797	-5.733039	0.7043282	0.1076232
196200	-295.5734	-291.2615	-4.311975	0.6607204	0.0113637
196400	-293.2753	-289.0333	-4.241982	0.6553408	0.009330609
196600	-294.33	-289.8301	-4.49997	0.6063346	0.08190126
196800	-294.331	-289.7621	-4.568896	0.6837438	0.01357096
197000	-294.7172	-290.8294	-3.887778	0.5844976	0.04263294
197200	-297.4332	-290.7213	-6.711964	0.5988243	0.3042926
197400	-296.743	-289.3544	-7.388525	0.6317489	0.3404241
197600	-293.4888	-288.9327	-4.556121	0.685926	0.01009898
197800	-294.1151	-290.718	-3.397115	0.5458651	0.03320215
198000	-293.7362	-288.9189	-4.817286	0.646476	0.07515139
198200	-295.0024	-288.206	-6.796479	0.7729173	0.1449469
198400	-295.3676	-291.8557	-3.511912	0.5688652	0.02259552
198600	-297.7315	-292.3238	-5.407763	0.5294829	0.2448117
198800	-294.0543	-289.1052	-4.94916	0.7235182	0.0117489
199000	-296.5193	-287.8614	-8.657925	0.8608591	0.244339
199200	-297.3666	-290.9204	-6.446134	0.6023116	0.2687559
199400	-299.4386	-290.6137	-8.824898	0.8326823	0.281735
199600	-293.4589	-288.6564	-4.802417	0.6766334	0.04367798
199800	-295.2627	-291.8798	-3.382949	0.5337665	0.04429434
200000	-296.6803	-289.0798	-7.60048	0.7461362	0.2539372
