Iteration	Posterior	Likelihood	Prior	branch_rates	speciation_rate
0	-687.0901	-668.5249	-18.56521	0.3439442	0.09191245
200	-686.4309	-667.9817	-18.44918	0.2966435	0.1178026
400	-688.7744	-668.6821	-20.09231	0.3524418	0.2194346
600	-685.2582	-667.1019	-18.15625	0.3890672	0.01112371
800	-688.0131	-670.204	-17.80907	0.3589448	0.007140763
1000	-683.9476	-664.7715	-19.17608	0.3801887	0.1084138
1200	-683.1477	-664.4565	-18.69116	0.3860397	0.06101856
1400	-683.9208	-665.3892	-18.53162	0.3468862	0.07996963
1600	-687.5253	-668.8782	-18.64712	0.321339	0.1128324
1800	-682.571	-664.9566	-17.61435	0.3372392	0.009069438
2000	-687.5423	-667.4084	-20.1339	0.3650984	0.2088035
2200	-686.2758	-665.1406	-21.13521	0.3470931	0.3113505
2400	-686.3089	-666.9669	-19.34198	0.3974115	0.1065463
2600	-685.4037	-667.8189	-17.58479	0.3227096	0.02104689
2800	-679.9495	-662.1157	-17.83382	0.3533647	0.01399562
3000	-681.1766	-663.6633	-17.51338	0.3262745	0.009868698
3200	-681.5239	-662.8534	-18.67043	0.3471421	0.09547411
3400	-685.1631	-666.145	-19.01811	0.4377108	0.04460431
3600	-685.9778	-668.8113	-17.16641	0.2810626	0.01962781
3800	-685.5948	-664.9578	-20.63699	0.3690999	0.2531485
4000	-681.8284	-663.404	-18.42433	0.3542223	0.06546096
4200	-682.2781	-664.3517	-17.92634	0.3495416	0.02604281
4400	-684.8888	-666.5807	-18.30808	0.333008	0.07467158
4600	-681.8597	-662.4279	-19.43179	0.2902459	0.216145
4800	-683.5464	-663.8182	-19.72819	0.3455247	0.1880456
5000	-683.5707	-665.5765	-17.99424	0.3286795	0.05221033
5200	-682.5571	-664.3832	-18.17391	0.3469371	0.05027698
5400	-687.5513	-669.4204	-18.13084	0.3021603	0.081808
5600	-689.1866	-669.8995	-19.28716	0.4025042	0.100904
5800	-687.8912	-669.925	-17.96617	0.3342734	0.04348396
6000	-680.2282	-662.2934	-17.93476	0.3614483	0.0159428
6200	-680.88	-663.5374	-17.3426	0.3166858	0.003125565
6400	-693.2022	-674.8413	-18.36095	0.407718	0.01467663
6600	-682.9191	-664.8809	-18.03819	0.3430564	0.04323247
6800	-686.1844	-664.3674	-21.81691	0.3052578	0.4214547
7000	-683.6442	-665.143	-18.50119	0.3184598	0.1013946
7200	-686.1031	-667.8109	-18.29216	0.3165521	0.09117002
7400	-685.6444	-666.4709	-19.1735	0.3636449	0.1225036
7600	-682.8583	-665.1862	-17.67202	0.3107714	0.03699765
7800	-686.5771	-667.2484	-19.32871	0.3801354	0.1208915
8000	-681.1543	-663.6506	-17.50367	0.3127024	0.02111796
8200	-684.2452	-664.5812	-19.66399	0.3579237	0.1739794
8400	-688.5614	-670.1893	-18.3721	0.2713009	0.1308703
8600	-678.242	-660.5002	-17.74182	0.3375788	0.01990158
8800	-683.7851	-665.7375	-18.04756	0.340069	0.04543519
9000	-679.2222	-661.109	-18.11317	0.3128989	0.07320783
9200	-685.581	-664.2099	-21.37118	0.3318374	0.3421771
9400	-683.7809	-665.3641	-18.41683	0.3952267	0.02952864
9600	-689.8377	-670.7107	-19.127	0.3478724	0.1413023
9800	-682.6748	-664.4223	-18.2525	0.3311531	0.07234561
10000	-682.8708	-664.2545	-18.61633	0.3354041	0.0991974
10200	-679.666	-661.3468	-18.31923	0.3516596	0.05793493
10400	-683.1182	-664.9651	-18.15309	0.369606	0.02906252
10600	-684.2897	-666.1601	-18.12962	0.3774601	0.0192127
10800	-684.4335	-665.962	-18.47155	0.3032302	0.1159794
11000	-684.6139	-666.9741	-17.63971	0.3426901	0.006641108
11200	-684.3393	-664.2076	-20.13174	0.3223457	0.2415789
11400	-687.7096	-668.5671	-19.1425	0.2924393	0.1845362
11600	-681.731	-663.8381	-17.89288	0.2903513	0.07481744
11800	-685.205	-668.0243	-17.1807	0.2927617	0.009741186
12000	-681.9465	-662.5464	-19.40006	0.3744399	0.1321372
12200	-683.2591	-663.5554	-19.70363	0.3329952	0.1975379
12400	-688.0014	-668.3879	-19.61349	0.3351564	0.2033584
12600	-684.8305	-666.8586	-17.97191	0.3108431	0.06348381
12800	-684.538	-665.3048	-19.23313	0.3061783	0.1804831
13000	-680.8003	-663.8062	-16.99414	0.2750204	0.009183642
13200	-691.478	-672.1904	-19.28765	0.4484306	0.06150858
13400	-688.3855	-670.9378	-17.44771	0.2929786	0.03420411
13600	-683.4121	-664.2617	-19.15041	0.3289809	0.1548033
13800	-686.6896	-667.4842	-19.20539	0.378263	0.1193135
14000	-681.0821	-662.3497	-18.73246	0.2843483	0.1516796
14200	-683.2243	-663.7671	-19.45723	0.3670474	0.1483793
14400	-684.6591	-665.4935	-19.16562	0.3735237	0.1213395
14600	-686.7679	-667.3463	-19.42153	0.3278103	0.1815713
14800	-687.138	-666.9855	-20.15254	0.3380797	0.2379655
15000	-678.5245	-660.8597	-17.66473	0.3394092	0.01164167
15200	-679.2659	-661.7889	-17.47695	0.3262213	0.006545256
15400	-695.9572	-674.6969	-21.26026	0.2518184	0.4118673
15600	-691.7649	-672.6873	-19.07763	0.451921	0.03697254
15800	-680.1415	-662.1598	-17.98171	0.3291783	0.04699177
16000	-681.6575	-662.7385	-18.91896	0.3308458	0.131725
16200	-684.8285	-667.3341	-17.49442	0.3237957	0.01008462
16400	-685.325	-666.7006	-18.62445	0.3758431	0.0665857
16600	-684.5087	-666.6506	-17.8581	0.3201628	0.04527712
16800	-679.5297	-660.2522	-19.27755	0.3351508	0.1598682
17000	-680.9046	-663.2931	-17.61154	0.3459865	0.001059225
17200	-688.9025	-670.4434	-18.45911	0.3566954	0.06999849
17400	-687.0858	-667.8797	-19.20608	0.3155762	0.1656367
17600	-690.5681	-669.0567	-21.5114	0.4005844	0.3068187
17800	-684.1362	-666.8805	-17.25571	0.2823569	0.02741718
18000	-682.2501	-664.5501	-17.69993	0.3495569	0.005523405
18200	-681.0544	-662.945	-18.10944	0.3563924	0.03700549
18400	-684.2939	-663.3439	-20.94995	0.3266885	0.3074452
18600	-679.4531	-661.583	-17.87015	0.2957112	0.06744243
18800	-685.0957	-665.764	-19.33178	0.3141968	0.1761944
19000	-684.549	-660.9391	-23.6099	0.3261767	0.526011
19200	-683.9681	-666.6521	-17.31599	0.3036351	0.01224733
19400	-684.4369	-665.9498	-18.48702	0.3442488	0.0767892
19600	-682.5605	-665.2252	-17.33536	0.3180965	0.001232687
19800	-683.6797	-664.853	-18.82677	0.3367696	0.1161909
20000	-685.7166	-665.4537	-20.26297	0.3749114	0.20621
20200	-679.0003	-660.75	-18.25036	0.3613198	0.04536753
20400	-683.582	-664.1889	-19.39309	0.3219188	0.1780779
20600	-683.4175	-665.0886	-18.32898	0.3690704	0.04450825
20800	-683.8605	-664.0203	-19.84018	0.3453657	0.2012291
21000	-690.379	-670.3699	-20.00907	0.394722	0.1756192
21200	-685.0149	-666.9706	-18.04422	0.3409525	0.04372025
21400	-678.9365	-661.1122	-17.82431	0.3446628	0.02098037
21600	-686.8408	-668.3635	-18.4773	0.3838215	0.04569639
21800	-691.0068	-670.0872	-20.91951	0.3760816	0.2820459
22000	-681.5391	-664.0974	-17.44171	0.3210176	0.008350073
22200	-678.8856	-661.1899	-17.69572	0.2990051	0.04928006
22400	-685.7402	-666.6113	-19.1289	0.4110291	0.08069091
22600	-681.9859	-664.904	-17.08197	0.2733386	0.01837202
22800	-680.2083	-663.1275	-17.08081	0.2913904	0.002351936
23000	-685.9181	-667.0872	-18.83084	0.330418	0.1193798
23200	-689.2129	-669.0907	-20.12218	0.3690898	0.2202605
23400	-684.6747	-665.1592	-19.51549	0.3966774	0.1274679
23600	-685.9789	-666.2264	-19.75254	0.3476501	0.1840705
23800	-678.9581	-660.9525	-18.00567	0.3264743	0.05186628
24000	-687.1329	-668.0413	-19.0916	0.3286343	0.151671
24200	-683.3064	-665.926	-17.38041	0.3238339	0.0001768736
24400	-692.0417	-673.3085	-18.73319	0.4032178	0.04941652
24600	-680.3716	-662.6136	-17.75804	0.337883	0.02203866
24800	-681.1027	-663.0763	-18.02636	0.3459829	0.03841825
25000	-683.0471	-665.1316	-17.91545	0.3060983	0.06037433
25200	-686.7675	-668.2937	-18.47386	0.3479658	0.07629794
25400	-682.6064	-662.6325	-19.97396	0.2925723	0.2502091
25600	-682.0033	-663.7911	-18.21222	0.3667208	0.03737359
25800	-684.7678	-666.9324	-17.83537	0.3188066	0.04497047
26000	-686.1689	-668.682	-17.48692	0.2896198	0.04079342
26200	-678.6991	-660.5453	-18.15387	0.3044441	0.08554406
26400	-684.7082	-667.2068	-17.50143	0.3190798	0.01522599
26600	-686.9032	-667.3839	-19.51939	0.4479449	0.07860387
26800	-686.9447	-667.6273	-19.31735	0.4865818	0.02922561
27000	-682.0155	-663.673	-18.34254	0.3424984	0.06847373
27200	-682.3199	-663.7963	-18.52363	0.3328566	0.09337628
27400	-684.8809	-666.3001	-18.58075	0.358557	0.07604106
27600	-691.9954	-672.8222	-19.17318	0.2856854	0.1928025
27800	-684.4519	-665.8455	-18.60638	0.3202017	0.1096841
28000	-683.5835	-663.1003	-20.48322	0.3752459	0.2260866
28200	-681.1364	-663.8085	-17.32784	0.3012726	0.01543838
28400	-687.2686	-669.1142	-18.15441	0.3961924	0.004864903
28600	-689.9528	-670.1841	-19.76873	0.32887	0.2136671
28800	-683.4743	-664.9513	-18.52299	0.375278	0.05648845
29000	-684.6273	-665.874	-18.75336	0.404722	0.05268437
29200	-682.4423	-663.9116	-18.53074	0.3750928	0.05670067
29400	-681.3623	-663.0446	-18.31769	0.3608385	0.05077349
29600	-682.7609	-664.5247	-18.23626	0.3342533	0.06541174
29800	-686.1586	-668.4648	-17.69385	0.2982764	0.05243918
30000	-679.4413	-661.2184	-18.22288	0.3223814	0.07718497
30200	-684.1341	-665.6901	-18.44402	0.3241396	0.09510421
30400	-683.6875	-665.571	-18.11652	0.3819112	0.01426371
30600	-677.5293	-660.3411	-17.18819	0.2951616	0.00844917
30800	-685.1334	-665.431	-19.70233	0.3804859	0.1614924
31000	-683.3541	-665.616	-17.7381	0.3338697	0.02188202
31200	-682.6701	-663.3278	-19.34231	0.3241791	0.16605
31400	-681.2892	-663.1406	-18.14855	0.3323725	0.06119745
31600	-677.6553	-660.0847	-17.57058	0.3380806	0.004328958
31800	-684.2871	-665.8567	-18.43046	0.388162	0.03680699
32000	-680.5529	-662.8654	-17.68747	0.3273957	0.02461399
32200	-678.4665	-659.3186	-19.14794	0.3428699	0.1364432
32400	-684.5934	-664.9969	-19.59653	0.3902049	0.1378437
32600	-679.4358	-660.8007	-18.63511	0.3142674	0.1152977
32800	-680.8937	-663.3566	-17.53713	0.3302147	0.008719545
33000	-683.9746	-665.6477	-18.32686	0.2876797	0.1126205
33200	-684.6911	-666.455	-18.23613	0.3662031	0.03766282
33400	-685.6408	-666.0181	-19.62269	0.4078898	0.1211104
33600	-681.7332	-661.9947	-19.73852	0.3168964	0.207066
33800	-680.6587	-662.4736	-18.18517	0.3947511	0.008896163
34000	-686.067	-668.6617	-17.40531	0.3078474	0.01704854
34200	-687.2774	-664.6378	-22.63961	0.4108239	0.3738413
34400	-685.3506	-667.2159	-18.13473	0.3815703	0.01584524
34600	-682.9508	-664.5874	-18.36338	0.3292658	0.08130038
34800	-680.2414	-661.7496	-18.49184	0.3510491	0.07454544
35000	-682.5897	-663.9565	-18.63316	0.408972	0.03595984
35200	-683.8883	-664.6337	-19.25459	0.2891706	0.1958001
35400	-683.5113	-665.1829	-18.32846	0.3129442	0.09247155
35600	-688.1128	-669.2517	-18.86113	0.3281316	0.1278591
35800	-682.0994	-664.3614	-17.73802	0.3543649	0.004790515
36000	-685.7334	-666.6359	-19.09746	0.3832215	0.1014976
36200	-683.9979	-664.1511	-19.84675	0.411472	0.1423086
36400	-689.3608	-671.6096	-17.75121	0.3150254	0.04125124
36600	-685.4173	-665.323	-20.09426	0.3901347	0.1843587
36800	-680.5056	-662.9639	-17.54168	0.3188812	0.01876145
37000	-680.7786	-662.4926	-18.28601	0.3147701	0.08816595
37200	-692.109	-673.5669	-18.5421	0.3025116	0.1210313
37400	-681.5827	-663.2276	-18.35508	0.3889531	0.0281882
37600	-682.3531	-662.4332	-19.91996	0.3032738	0.2385459
37800	-678.198	-659.5266	-18.67144	0.31521	0.1206521
38000	-684.0467	-665.7688	-18.27788	0.3629589	0.04425139
38200	-681.5154	-662.2412	-19.27426	0.3848665	0.1169188
38400	-684.9389	-667.5803	-17.35859	0.2841611	0.03252978
38600	-685.1033	-666.429	-18.67436	0.3924081	0.05648748
38800	-680.6132	-662.9651	-17.64814	0.343731	0.006397145
39000	-681.8871	-663.2615	-18.6256	0.3753344	0.06647233
39200	-682.4615	-662.9935	-19.46803	0.3577064	0.1524682
39400	-686.4902	-668.3312	-18.15901	0.2945726	0.1008461
39600	-681.0483	-663.0519	-17.99642	0.3482476	0.03378429
39800	-681.7037	-663.8261	-17.87758	0.2866104	0.07975492
40000	-679.4733	-661.0449	-18.42835	0.3296884	0.08897623
40200	-679.3046	-660.7723	-18.53228	0.3263519	0.09983693
40400	-678.298	-660.6314	-17.66656	0.3487201	0.003508287
40600	-689.641	-671.2362	-18.40479	0.3191459	0.09673032
40800	-679.2571	-660.8237	-18.43345	0.3323422	0.08374185
41000	-684.1967	-665.7318	-18.4649	0.3395883	0.08396742
41200	-684.2087	-666.1856	-18.02309	0.2861022	0.09047051
41400	-681.9986	-664.3711	-17.62749	0.3025117	0.03958836
41600	-684.2897	-666.9931	-17.29663	0.2669611	0.04438986
41800	-684.5711	-666.3559	-18.21517	0.3274997	0.07416923
42000	-682.2751	-664.2818	-17.99327	0.3800905	0.004646296
42200	-682.5104	-665.1089	-17.40146	0.3119038	0.01277063
42400	-685.1462	-667.3602	-17.78598	0.3286844	0.03162536
42600	-686.3324	-668.2403	-18.09214	0.3914047	0.003404764
42800	-682.1244	-664.7483	-17.37614	0.3226521	0.0008384511
43000	-684.879	-667.4485	-17.43042	0.325666	0.003087666
43200	-680.0546	-659.8312	-20.22342	0.33398	0.2423683
43400	-679.7995	-662.1029	-17.69653	0.347694	0.007259876
43600	-686.7271	-668.1702	-18.55697	0.3333335	0.09529076
43800	-685.6853	-667.2578	-18.42755	0.3633474	0.06311542
44000	-681.124	-663.6812	-17.4428	0.3223175	0.007020067
44200	-687.0441	-668.8348	-18.20926	0.3416129	0.05900734
44400	-679.4643	-661.0544	-18.40992	0.3034157	0.1044165
44600	-682.2695	-664.0528	-18.21673	0.3397064	0.05994934
44800	-679.0733	-660.8878	-18.18542	0.3814174	0.02035058
45000	-684.4135	-664.6228	-19.79077	0.415036	0.1358599
45200	-689.0631	-671.0336	-18.02955	0.3880253	0.000863606
45400	-681.6801	-663.2084	-18.47169	0.3087494	0.10924
45600	-686.4956	-667.1534	-19.34212	0.3935002	0.1144782
45800	-684.0428	-665.7186	-18.32416	0.4080319	0.009533532
46000	-687.0388	-668.8787	-18.16015	0.3741054	0.02675247
46200	-689.3832	-670.4448	-18.9384	0.3767664	0.09463549
46400	-684.5458	-665.3597	-19.18618	0.2991823	0.1811378
46600	-681.8348	-663.0176	-18.81719	0.3599465	0.09498749
46800	-686.2988	-667.6154	-18.6834	0.3103496	0.1236048
47000	-682.913	-664.9761	-17.93698	0.3311371	0.04423234
47200	-684.4621	-665.7913	-18.67079	0.4111599	0.0368148
47400	-681.0599	-661.6744	-19.38549	0.3249127	0.1712464
47600	-681.6086	-663.0658	-18.54275	0.3370109	0.09249086
47800	-689.2923	-667.9112	-21.38109	0.3887243	0.2938353
48000	-687.1841	-667.229	-19.95516	0.3902862	0.1593789
48200	-685.2066	-667.6319	-17.57466	0.3353745	0.007030681
48400	-679.1441	-660.2904	-18.85369	0.3434723	0.1107085
48600	-682.8331	-664.1661	-18.66695	0.3629834	0.08128286
48800	-686.6973	-668.6979	-17.99948	0.3192194	0.05935014
49000	-681.0156	-662.0192	-18.9964	0.4311347	0.04752089
49200	-682.5325	-664.4365	-18.09601	0.3090194	0.07574072
49400	-682.7443	-664.4927	-18.25169	0.3495672	0.05474239
49600	-683.6589	-665.621	-18.03795	0.3638224	0.02396788
49800	-684.0166	-664.7331	-19.28352	0.4239084	0.08274194
50000	-682.5792	-663.4233	-19.15595	0.3271703	0.153839
50200	-681.5073	-664.0831	-17.4242	0.3243014	0.003640758
50400	-682.8451	-663.8965	-18.94861	0.3446448	0.1208984
50600	-682.8014	-664.9741	-17.82727	0.3509514	0.01559159
50800	-688.3897	-669.0778	-19.31189	0.3257816	0.1861925
51000	-678.2081	-660.506	-17.70207	0.3156361	0.03604283
51200	-680.8906	-662.7658	-18.12484	0.3302167	0.06241147
51400	-681.4603	-662.9261	-18.53422	0.2558456	0.1596463
51600	-691.1939	-670.3418	-20.85206	0.3232706	0.2898409
51800	-682.274	-664.2829	-17.99106	0.3157973	0.06120017
52000	-683.0141	-664.6023	-18.41184	0.3316531	0.0853671
52200	-680.7312	-662.5514	-18.17985	0.3319107	0.06239327
52400	-681.9042	-663.7238	-18.18031	0.31889	0.07615653
52600	-684.856	-666.7731	-18.08297	0.2982639	0.08855828
52800	-682.8425	-664.5838	-18.25863	0.3498608	0.05901294
53000	-684.2117	-664.388	-19.82369	0.3802252	0.1656122
53200	-684.8832	-666.4614	-18.42187	0.3657774	0.05609754
53400	-680.478	-662.1796	-18.29846	0.3297358	0.07561906
53600	-682.8985	-664.9239	-17.97464	0.3674526	0.0142095
53800	-685.4643	-665.5298	-19.93449	0.3585267	0.1943843
54000	-684.3278	-666.2349	-18.09284	0.321978	0.06246744
54200	-682.6353	-663.7094	-18.92592	0.3240143	0.1386455
54400	-681.3891	-663.2679	-18.12114	0.3836534	0.01290175
54600	-677.1493	-659.9931	-17.15628	0.3008458	0.000665573
54800	-682.4795	-662.98	-19.49944	0.3872789	0.1347536
55000	-687.8634	-667.6378	-20.22557	0.3391444	0.2379155
55200	-684.9292	-665.273	-19.65623	0.3034725	0.2206674
55400	-685.0127	-665.8185	-19.19426	0.3609791	0.124077
55600	-685.2164	-665.2109	-20.00547	0.3956008	0.1707412
55800	-688.2043	-669.1452	-19.05905	0.4155125	0.07297745
56000	-685.6597	-667.9261	-17.73356	0.2722147	0.07819543
56200	-681.1916	-663.7108	-17.48077	0.3335851	0.000416778
56400	-688.2926	-668.324	-19.96857	0.3792363	0.1832884
56600	-683.0184	-664.1443	-18.87404	0.3652618	0.09733105
56800	-680.8223	-662.4199	-18.40245	0.3472603	0.07032874
57000	-686.4136	-666.2099	-20.20363	0.3505533	0.2253507
57200	-685.7126	-666.9137	-18.79893	0.3337403	0.1174153
57400	-689.4335	-670.0421	-19.3914	0.4079093	0.1054234
57600	-677.3894	-660.2546	-17.13477	0.2845757	0.01297306
57800	-680.7897	-662.7316	-18.05802	0.3778357	0.01229189
58000	-679.8489	-661.1346	-18.71428	0.3170822	0.120536
58200	-684.2674	-665.9505	-18.31691	0.3421159	0.06792299
58400	-678.9363	-659.8774	-19.05885	0.3283937	0.1398239
58600	-682.7212	-663.7278	-18.99335	0.3430381	0.1275124
58800	-686.644	-666.8976	-19.74644	0.3353323	0.1952917
59000	-684.0186	-666.0491	-17.96958	0.3347389	0.04367717
59200	-684.9485	-667.585	-17.36352	0.3205949	0.001578931
59400	-685.0577	-665.6782	-19.37949	0.337467	0.159191
59600	-684.4824	-662.0453	-22.43705	0.3820829	0.3878013
59800	-683.469	-664.6822	-18.78673	0.344884	0.1069796
60000	-684.4016	-665.9641	-18.43753	0.3472803	0.07347448
60200	-683.2459	-665.0644	-18.18151	0.3231923	0.07212318
60400	-683.4577	-663.9323	-19.52541	0.3453341	0.1650641
60600	-680.1286	-662.8505	-17.27805	0.2989286	0.01297337
60800	-680.6414	-661.5892	-19.05216	0.3191886	0.1552693
61000	-681.0079	-662.6966	-18.31124	0.3371325	0.07250433
61200	-679.5244	-661.9322	-17.59216	0.30115	0.03910819
61400	-684.9549	-666.2017	-18.75319	0.3805217	0.07085601
61600	-681.2294	-662.7595	-18.46984	0.3412891	0.08179607
61800	-685.6458	-667.2528	-18.39301	0.3713971	0.04743062
62000	-685.2592	-663.5188	-21.74047	0.3842267	0.3387578
62200	-683.3479	-665.0233	-18.3246	0.3239236	0.08502221
62400	-690.3435	-670.861	-19.48255	0.4288826	0.09700591
62600	-681.1755	-663.3651	-17.8104	0.2831847	0.07348997
62800	-685.532	-665.8358	-19.69627	0.353964	0.1785519
63000	-684.0097	-666.2696	-17.74009	0.3351414	0.02213634
63200	-680.9858	-662.882	-18.10382	0.3401796	0.04854248
63400	-680.2705	-661.6741	-18.59638	0.3734901	0.06473545
63600	-680.1179	-662.21	-17.90792	0.3756117	0.001046349
63800	-681.2177	-663.3823	-17.8354	0.3230318	0.04082931
64000	-684.6515	-665.751	-18.90053	0.4310785	0.04197593
64200	-683.4312	-666.124	-17.30723	0.2897055	0.023908
64400	-686.0764	-666.5957	-19.48065	0.4168791	0.106221
64600	-684.0965	-665.2842	-18.8123	0.4227009	0.04030389
64800	-679.9276	-661.8311	-18.09649	0.3304071	0.05674611
65000	-686.5211	-668.7381	-17.78307	0.3257952	0.03475327
65200	-686.4652	-668.9126	-17.55255	0.3072518	0.03096872
65400	-685.1085	-666.6122	-18.4963	0.3559533	0.07290753
65600	-684.8997	-666.6788	-18.2209	0.3169957	0.08478359
65800	-686.4049	-668.0765	-18.32837	0.3586607	0.05507386
66000	-684.8345	-666.1209	-18.71357	0.3597126	0.08742386
66200	-687.079	-668.7887	-18.29031	0.3932533	0.02104217
66400	-684.2334	-666.1649	-18.06849	0.2980629	0.08425649
66600	-689.0151	-670.1407	-18.87441	0.4234313	0.04544916
66800	-688.9825	-670.627	-18.3555	0.3528833	0.06254712
67000	-686.1483	-668.8055	-17.34278	0.2717422	0.04357609
67200	-684.9615	-666.5266	-18.4349	0.3704464	0.05165001
67400	-685.5524	-667.2484	-18.30397	0.3267549	0.080663
67600	-683.3431	-664.5886	-18.75453	0.4270143	0.03108431
67800	-682.8056	-664.7044	-18.10126	0.3405192	0.04883506
68000	-684.5292	-667.5829	-16.94632	0.2794519	0.00105241
68200	-681.3766	-662.8996	-18.47706	0.2885351	0.1246894
68400	-680.6187	-661.3416	-19.2771	0.3132885	0.1778978
68600	-681.4628	-662.7374	-18.7254	0.3160316	0.1250333
68800	-682.1948	-663.8431	-18.35167	0.3935709	0.02439422
69000	-686.4717	-668.3565	-18.11517	0.3563582	0.03556673
69200	-684.2444	-667.2529	-16.99146	0.2809993	0.003700496
69400	-688.9045	-669.2018	-19.70267	0.4585915	0.08479139
69600	-683.4906	-665.6723	-17.81834	0.3331666	0.02989689
69800	-686.4527	-667.8292	-18.62352	0.3632828	0.07307834
70000	-685.3599	-665.5092	-19.85066	0.3602068	0.1815509
70200	-691.0091	-673.0412	-17.96792	0.3585792	0.02159735
70400	-681.773	-663.3064	-18.46664	0.2548901	0.1537743
70600	-685.102	-667.1059	-17.99605	0.2969299	0.07584126
70800	-684.144	-666.9131	-17.23089	0.3017535	0.006318499
71000	-688.0044	-668.1159	-19.88848	0.4132745	0.1403338
71200	-689.9462	-670.8243	-19.12184	0.4113596	0.07840922
71400	-682.5329	-663.1462	-19.3867	0.3764442	0.1298727
71600	-684.1954	-664.2782	-19.91721	0.3223659	0.2326224
71800	-681.1102	-663.9664	-17.14374	0.2962486	0.00351845
72000	-680.8635	-662.4515	-18.41198	0.3603857	0.05867823
72200	-688.0389	-669.5317	-18.50717	0.3218475	0.1005807
72400	-684.199	-666.1649	-18.03413	0.334504	0.05031014
72600	-682.6837	-663.153	-19.53073	0.3341079	0.1852265
72800	-686.7522	-669.8242	-16.928	0.2662238	0.01123969
73000	-684.8898	-665.8333	-19.05656	0.3300365	0.1477609
73200	-684.343	-665.9471	-18.39583	0.3712979	0.04812887
73400	-689.034	-668.2285	-20.80544	0.389557	0.2423315
73600	-679.1381	-660.4327	-18.7054	0.32959	0.1116578
73800	-694.1656	-675.7939	-18.37165	0.3916774	0.02826815
74000	-684.4028	-665.1869	-19.21589	0.3709009	0.122039
74200	-686.0579	-666.5859	-19.47201	0.4020156	0.1240161
74400	-689.1	-670.5695	-18.53058	0.4363341	0.00243169
74600	-678.5733	-661.006	-17.56729	0.337974	0.004228262
74800	-688.7563	-670.4848	-18.2715	0.3110426	0.09096078
75000	-684.3543	-664.9129	-19.44147	0.3151353	0.1932908
75200	-681.6334	-663.899	-17.73434	0.3503316	0.008283106
75400	-682.1651	-664.5487	-17.61638	0.3193108	0.02657115
75600	-682.9524	-664.9164	-18.03603	0.3483091	0.03545122
75800	-680.5066	-661.6636	-18.84298	0.319318	0.1304192
76000	-685.5434	-668.1949	-17.34849	0.288158	0.0287419
76200	-682.6068	-663.843	-18.76385	0.2862351	0.1576745
76400	-683.9756	-664.0381	-19.93745	0.3612664	0.193983
76600	-683.058	-664.8972	-18.16076	0.3710571	0.02710741
76800	-686.5792	-668.1765	-18.40267	0.3868619	0.03701439
77000	-684.3615	-666.1569	-18.20462	0.3376852	0.06333379
77200	-684.3402	-666.3568	-17.98342	0.3012598	0.07116276
77400	-679.8354	-661.8459	-17.98949	0.3645335	0.01815333
77600	-680.6412	-662.5993	-18.04196	0.3578607	0.02815064
77800	-684.1638	-664.7268	-19.43691	0.4214741	0.09824844
78000	-687.8834	-669.4241	-18.45928	0.4274941	0.004107672
78200	-681.0885	-662.552	-18.53651	0.3853597	0.04908071
78400	-689.1853	-667.5751	-21.61023	0.367211	0.3498581
78600	-682.8838	-665.0514	-17.83238	0.3092298	0.05284304
78800	-682.1115	-663.8809	-18.23063	0.3531831	0.05141764
79000	-682.9185	-664.523	-18.39556	0.3567198	0.05956728
79200	-697.9872	-679.0598	-18.92742	0.3434148	0.12183
79400	-686.2831	-667.2965	-18.98663	0.4168608	0.06213947
79600	-682.1547	-664.4928	-17.66192	0.3270417	0.02179674
79800	-685.3912	-666.7431	-18.6481	0.395116	0.05221823
80000	-680.1295	-661.854	-18.27548	0.3661393	0.04260228
80200	-683.169	-664.4393	-18.72969	0.3826806	0.06737585
80400	-680.0423	-662.1846	-17.8577	0.2932585	0.0681652
80600	-684.0459	-665.1757	-18.87011	0.3371826	0.1211353
80800	-685.7301	-666.2834	-19.44675	0.4686791	0.05428158
81000	-685.3105	-666.8305	-18.48007	0.3000908	0.1207617
81200	-684.6703	-664.4854	-20.18482	0.3788782	0.2065671
81400	-688.1917	-668.8485	-19.34316	0.3821766	0.1238518
81600	-683.599	-665.835	-17.76404	0.3310126	0.02766985
81800	-684.7353	-665.9161	-18.81926	0.3335412	0.1217772
82000	-682.9813	-663.244	-19.73733	0.3978988	0.1444981
82200	-688.3781	-670.3383	-18.03976	0.3577471	0.03038866
82400	-685.4358	-666.9375	-18.49836	0.3912582	0.04057175
82600	-685.5119	-664.3189	-21.19301	0.3672805	0.2920259
82800	-682.4806	-664.2181	-18.26247	0.3385185	0.06603292
83000	-682.8184	-665.3516	-17.46679	0.3129391	0.01741517
83200	-681.8381	-663.6172	-18.22093	0.3432248	0.05868634
83400	-684.6823	-666.3438	-18.3385	0.365827	0.04633444
83600	-681.3772	-663.31	-18.06722	0.2987746	0.08512514
83800	-684.4022	-662.6887	-21.71352	0.3865824	0.3172172
84000	-690.1559	-668.216	-21.93992	0.3412364	0.4087105
84200	-681.1279	-663.7043	-17.42354	0.3082557	0.01790443
84400	-683.9987	-665.2791	-18.71963	0.3132818	0.126753
84600	-682.5613	-664.788	-17.77328	0.3267284	0.03200631
84800	-690.5063	-670.4769	-20.0294	0.4013088	0.1745613
85000	-685.6633	-667.995	-17.66832	0.3014329	0.04568857
85200	-686.8401	-667.9604	-18.87968	0.3741359	0.08928288
85400	-686.062	-668.4679	-17.59408	0.3199712	0.02399918
85600	-683.1935	-663.9479	-19.24562	0.4165167	0.0825673
85800	-682.6284	-665.7217	-16.90663	0.2618372	0.01302528
86000	-688.0416	-668.4336	-19.60806	0.3166524	0.2009559
86200	-684.5242	-665.7506	-18.77354	0.3338354	0.117705
86400	-682.9464	-664.0847	-18.86164	0.355791	0.1073992
86600	-682.078	-664.4756	-17.60239	0.3082844	0.0343234
86800	-680.359	-662.09	-18.26902	0.3536376	0.05227835
87000	-685.0112	-665.8902	-19.12107	0.3397335	0.1492539
87200	-688.3455	-670.0406	-18.3049	0.4128334	0.003327464
87400	-681.2604	-661.8409	-19.41953	0.3234575	0.1765051
87600	-682.0763	-664.0759	-18.00034	0.350458	0.03225308
87800	-683.9353	-664.9544	-18.9809	0.4099287	0.06924997
88000	-688.7207	-671.1235	-17.59725	0.3181881	0.0256859
88200	-684.1363	-666.9229	-17.21341	0.2812622	0.02185467
88400	-680.4567	-663.199	-17.25769	0.3000013	0.01040158
88600	-684.777	-666.3677	-18.40931	0.3733998	0.04895188
88800	-682.0674	-662.829	-19.23842	0.387631	0.1062737
89000	-684.5801	-666.736	-17.84413	0.3491503	0.01856035
89200	-682.062	-663.0811	-18.98092	0.3870312	0.08565782
89400	-688.9824	-669.8624	-19.12006	0.3498092	0.1340343
89600	-678.8375	-660.3726	-18.46487	0.3238061	0.09607647
89800	-683.0636	-665.0908	-17.97283	0.3036889	0.07155405
90000	-691.039	-672.6892	-18.34985	0.3635585	0.05571867
90200	-682.5281	-664.6914	-17.83672	0.324599	0.0381803
90400	-680.3713	-662.4613	-17.91001	0.3201086	0.04940838
90600	-682.3576	-664.6205	-17.73707	0.3397176	0.01855696
90800	-683.7258	-665.0816	-18.64422	0.4155945	0.03021998
91000	-685.9066	-665.9372	-19.96945	0.348716	0.2042476
91200	-683.4592	-665.0089	-18.45026	0.4070491	0.02143508
91400	-684.0466	-662.9426	-21.10398	0.3221504	0.3213048
91600	-682.1799	-664.1567	-18.02314	0.366708	0.02006233
91800	-678.7047	-660.1966	-18.50802	0.3229068	0.1014766
92000	-681.4932	-663.1359	-18.3573	0.3453265	0.06645564
92200	-679.4501	-661.4079	-18.04216	0.3400334	0.04502136
92400	-683.3889	-664.6547	-18.73423	0.3394821	0.1046549
92600	-680.9897	-662.7431	-18.24657	0.3489178	0.05592672
92800	-682.8655	-663.8062	-19.0593	0.3459563	0.1277518
93000	-686.2792	-664.431	-21.84817	0.2814623	0.406261
93200	-688.1215	-669.6858	-18.43578	0.3743971	0.0513938
93400	-683.7702	-664.993	-18.77716	0.3622041	0.08484591
93600	-685.3491	-667.5413	-17.80785	0.3367755	0.02720075
93800	-686.4126	-668.2166	-18.19598	0.3123843	0.08400377
94000	-681.0011	-663.431	-17.57007	0.3254551	0.01556183
94200	-686.3689	-667.8265	-18.5424	0.3510519	0.08217472
94400	-681.568	-663.5135	-18.05449	0.3550966	0.03207031
94600	-678.5083	-660.6756	-17.83266	0.3232871	0.03939563
94800	-683.5257	-665.6249	-17.90074	0.3391098	0.03215782
95000	-682.7207	-664.8418	-17.87884	0.3625481	0.01015252
95200	-684.8478	-666.6478	-18.20001	0.3433375	0.05938609
95400	-684.9614	-664.6629	-20.29848	0.3935255	0.2018577
95600	-690.5188	-671.8018	-18.71698	0.3959464	0.05574899
95800	-682.6922	-665.3128	-17.37938	0.3115174	0.01123189
96000	-684.502	-666.4363	-18.06576	0.3702668	0.01908072
96200	-685.5077	-667.0183	-18.48942	0.336081	0.09068533
96400	-689.0757	-671.6186	-17.45703	0.3180154	0.01265726
96600	-682.4964	-664.3682	-18.12818	0.336177	0.05478504
96800	-681.7306	-663.5221	-18.20854	0.3408384	0.05763551
97000	-687.7658	-668.5962	-19.1696	0.422222	0.07109604
97200	-679.3966	-661.451	-17.94563	0.3685948	0.01057048
97400	-686.3235	-667.8105	-18.51302	0.3964575	0.03906524
97600	-683.9584	-664.6683	-19.29004	0.3131863	0.1790917
97800	-679.1489	-660.6269	-18.52193	0.2932871	0.1276507
98000	-688.8438	-670.0212	-18.82258	0.3724756	0.08450999
98200	-682.3458	-664.0195	-18.32627	0.3195541	0.08746196
98400	-680.5172	-662.3895	-18.12769	0.3805043	0.01659743
98600	-685.2059	-667.1057	-18.10019	0.3275652	0.06095916
98800	-680.1992	-662.7356	-17.46362	0.3204569	0.01036198
99000	-684.4777	-664.373	-20.10465	0.2983739	0.2608767
99200	-679.9709	-661.8094	-18.16147	0.32588	0.06954178
99400	-684.3059	-665.9461	-18.35978	0.401795	0.01807528
99600	-684.0264	-664.5017	-19.5247	0.3564959	0.1584348
99800	-681.0413	-663.1765	-17.86483	0.3582398	0.01210747
100000	-688.8377	-668.7225	-20.11517	0.4487168	0.1282842
100200	-690.2735	-669.317	-20.95657	0.4234213	0.2360306
100400	-683.1679	-664.4747	-18.69319	0.3890373	0.05813973
100600	-681.881	-664.278	-17.60301	0.3368395	0.008932769
100800	-680.9597	-662.7817	-18.17803	0.3046176	0.08945636
101000	-689.3762	-669.4378	-19.93847	0.3525076	0.2099384
101200	-683.1245	-665.0642	-18.06028	0.3770381	0.01317434
101400	-690.25	-672.328	-17.92201	0.3583939	0.01859873
101600	-684.0332	-665.4916	-18.54163	0.3018128	0.1192945
101800	-687.158	-667.8378	-19.32027	0.3511958	0.1463961
102000	-684.2381	-664.3121	-19.926	0.3206961	0.227957
102200	-683.1891	-663.2353	-19.9538	0.4182123	0.1444917
102400	-681.24	-664.139	-17.10106	0.2683178	0.02435417
102600	-684.0766	-665.772	-18.3046	0.3784602	0.03457697
102800	-680.3731	-662.2659	-18.10723	0.3592887	0.03309083
103000	-685.4285	-666.3476	-19.08086	0.3568995	0.1229021
103200	-684.8353	-665.8526	-18.98275	0.3126503	0.1486822
103400	-681.0948	-663.1795	-17.91531	0.3042785	0.06560135
103600	-688.6939	-669.6997	-18.99416	0.3274183	0.1445113
103800	-686.158	-666.7808	-19.37725	0.383393	0.1260554
104000	-683.0573	-664.6048	-18.45251	0.376598	0.05058636
104200	-682.2346	-664.2371	-17.99749	0.369411	0.01493972
104400	-681.3849	-661.1801	-20.20484	0.3276167	0.2410823
104600	-683.6746	-666.1317	-17.5429	0.2675918	0.06195136
104800	-687.4082	-669.0067	-18.40146	0.3332743	0.08338052
105000	-690.2701	-671.6511	-18.61904	0.364393	0.07829173
105200	-679.4736	-662.387	-17.08662	0.2913972	0.002805043
105400	-678.9566	-660.3211	-18.63548	0.3224083	0.1127452
105600	-685.0074	-667.1209	-17.88652	0.2876244	0.07965139
105800	-680.7758	-663.5582	-17.21754	0.2920062	0.01366335
106000	-682.0069	-664.4107	-17.5962	0.2515105	0.0838904
106200	-684.5921	-666.7223	-17.86983	0.3517169	0.01780607
106400	-678.5508	-660.033	-18.51773	0.3212434	0.1007548
106600	-688.9263	-670.6335	-18.29274	0.3396402	0.06680498
106800	-683.2342	-665.6663	-17.56786	0.3330602	0.008660099
107000	-682.2551	-664.5967	-17.65838	0.3142559	0.03343841
107200	-683.1297	-664.2792	-18.8505	0.3380048	0.1130489
107400	-680.7451	-661.9976	-18.74749	0.322476	0.1254572
107600	-681.6475	-663.0157	-18.63179	0.3320025	0.1028643
107800	-683.6646	-665.1955	-18.46903	0.3465084	0.07659524
108000	-683.9514	-666.0622	-17.88923	0.3283998	0.04303126
108200	-685.0179	-664.7563	-20.26162	0.4069495	0.1805729
108400	-681.7625	-663.981	-17.78154	0.3353796	0.02473331
108600	-687.32	-668.5594	-18.76059	0.272702	0.1710132
108800	-684.4541	-665.4671	-18.98695	0.3826412	0.09301256
109000	-687.8134	-669.0434	-18.76994	0.4036707	0.05293291
109200	-685.0878	-664.845	-20.24282	0.2730124	0.286913
109400	-684.6877	-667.1087	-17.57898	0.3365342	0.006519991
109600	-685.1449	-666.7095	-18.43534	0.3009558	0.1179619
109800	-688.9673	-670.9618	-18.00548	0.3707256	0.01371405
110000	-687.5391	-669.9355	-17.60359	0.3371795	0.008386578
110200	-680.6389	-662.7885	-17.85035	0.301132	0.06046154
110400	-679.0684	-661.5454	-17.523	0.3261457	0.01054289
110600	-685.4184	-665.1684	-20.24995	0.3192692	0.2483072
110800	-680.4629	-662.8427	-17.6202	0.3305627	0.01506693
111000	-684.2415	-665.7467	-18.49475	0.3650757	0.06221626
111200	-680.4169	-662.4018	-18.01515	0.3700433	0.0151775
111400	-682.1574	-662.9958	-19.16155	0.3605201	0.1246737
111600	-685.4273	-665.1792	-20.24814	0.3444255	0.2304748
111800	-690.2811	-671.0579	-19.22322	0.3474673	0.1407742
112000	-681.5433	-663.3393	-18.20402	0.3361745	0.06397844
112200	-682.2896	-664.3935	-17.89615	0.3031005	0.0639041
112400	-679.785	-662.3094	-17.47561	0.3184949	0.01298289
112600	-681.9003	-663.8885	-18.01173	0.3204273	0.05993111
112800	-678.4191	-661.1129	-17.30613	0.2977402	0.0162725
113000	-689.9033	-670.7632	-19.14002	0.3952264	0.0921833
113200	-689.1165	-670.1165	-18.99994	0.4205312	0.06229435
113400	-687.8822	-668.1878	-19.69435	0.3908364	0.1559635
113600	-687.3991	-668.0772	-19.32195	0.3059103	0.1866029
113800	-678.5112	-661.3923	-17.11885	0.2976247	0.0002238332
114000	-680.9377	-663.6584	-17.27935	0.2863966	0.02384987
114200	-686.5258	-669.0325	-17.49323	0.3171903	0.01547666
114400	-689.4532	-671.3631	-18.09009	0.3335147	0.05831949
114600	-681.0985	-662.426	-18.67249	0.4118951	0.03794785
114800	-681.653	-663.7257	-17.92727	0.3120963	0.05896215
115000	-684.5568	-665.197	-19.35981	0.371687	0.1356661
115200	-682.8068	-663.4571	-19.34967	0.4128809	0.09864142
115400	-689.6302	-670.7877	-18.84255	0.3401335	0.1196192
115600	-682.642	-664.4371	-18.20493	0.3447174	0.05642626
115800	-683.8496	-662.4372	-21.41235	0.3790294	0.3063107
116000	-683.3553	-664.6317	-18.72365	0.3804042	0.06932653
116200	-686.3711	-667.5543	-18.81676	0.3551112	0.09666995
116400	-685.914	-668.1714	-17.74266	0.3334238	0.02500281
116600	-685.2545	-666.4902	-18.76436	0.3166667	0.1321882
116800	-679.303	-661.3714	-17.93154	0.3546017	0.02167262
117000	-690.8292	-672.1374	-18.6918	0.3734884	0.07236107
117200	-681.8643	-664.6836	-17.18071	0.2989859	0.004546141
117400	-686.2777	-668.3877	-17.89	0.3591592	0.01418359
117600	-685.5737	-664.4556	-21.11806	0.4287776	0.2447527
117800	-685.4804	-665.0721	-20.40833	0.3234464	0.2711485
118000	-684.0412	-663.1524	-20.88881	0.2834954	0.3402331
118200	-679.3877	-661.7187	-17.66901	0.3288018	0.02192359
118400	-683.2625	-665.661	-17.60149	0.3337224	0.0109222
118600	-683.4878	-664.9435	-18.54437	0.3990216	0.03696583
118800	-682.4559	-665.0407	-17.41525	0.2873227	0.0362832
119000	-682.6078	-663.8331	-18.77473	0.3303243	0.1192979
119200	-684.6174	-666.8922	-17.72523	0.3407127	0.01555734
119400	-683.6488	-664.797	-18.8518	0.4020774	0.06093496
119600	-681.9313	-663.8405	-18.09078	0.2885582	0.09146625
119800	-681.1166	-661.8164	-19.30028	0.3570584	0.1408732
120000	-682.1495	-664.0116	-18.13786	0.3052116	0.08176006
120200	-684.1127	-665.9734	-18.13929	0.3376244	0.05590968
120400	-686.8957	-668.3095	-18.58614	0.3222209	0.1103623
120600	-681.5272	-663.3365	-18.19064	0.295742	0.1007885
120800	-685.0194	-667.0309	-17.98853	0.3481171	0.03219471
121000	-683.0513	-665.0411	-18.01019	0.3430534	0.04081483
121200	-684.8932	-666.3606	-18.53262	0.4073595	0.0283253
121400	-682.4125	-665.0171	-17.39536	0.2876434	0.03274314
121600	-682.2386	-664.4734	-17.76528	0.3444205	0.01596442
121800	-682.487	-663.8628	-18.6242	0.3043663	0.1271484
122000	-688.099	-669.8485	-18.25052	0.390366	0.01878095
122200	-680.8863	-662.9199	-17.96641	0.2951615	0.07689588
122400	-682.0921	-663.7483	-18.34373	0.342371	0.07038862
122600	-683.5759	-665.7473	-17.82858	0.3661141	0.002437577
122800	-686.9937	-668.9865	-18.00712	0.3154443	0.06191768
123000	-685.5573	-667.0747	-18.4826	0.3287437	0.09296331
123200	-684.5591	-666.1698	-18.3893	0.3259068	0.08502944
123400	-682.9074	-663.1965	-19.71091	0.3131431	0.2175727
123600	-682.8467	-664.225	-18.62164	0.3471869	0.09607426
123800	-683.2556	-664.4677	-18.78791	0.330488	0.1258991
124000	-680.4133	-662.3437	-18.06961	0.3450694	0.04087492
124200	-679.3484	-661.7147	-17.63371	0.3220415	0.02308951
124400	-686.7778	-668.0254	-18.75236	0.3300924	0.1202719
124600	-687.2939	-667.0024	-20.29148	0.3311396	0.2417336
124800	-679.7412	-661.6727	-18.06847	0.3335759	0.05260058
125000	-682.7717	-664.4716	-18.30009	0.3440504	0.06334239
125200	-682.8583	-664.3309	-18.52742	0.306426	0.1119852
125400	-683.6648	-665.1059	-18.55897	0.3351539	0.09567413
125600	-683.4479	-663.8667	-19.58124	0.3451991	0.1752249
125800	-679.9193	-662.3159	-17.60343	0.2978779	0.04292368
126000	-686.7555	-666.137	-20.61854	0.3789588	0.2407781
126200	-686.1385	-666.7714	-19.36704	0.3447103	0.1595725
126400	-680.2801	-662.3405	-17.93969	0.3172528	0.05617282
126600	-687.8341	-669.7511	-18.08298	0.3076438	0.07535865
126800	-685.2602	-667.0762	-18.18403	0.3708532	0.02987513
127000	-690.1559	-671.0996	-19.05629	0.4542249	0.03353892
127200	-685.5909	-666.4946	-19.09624	0.425787	0.06195974
127400	-682.6014	-663.1303	-19.47111	0.3603648	0.1470862
127600	-681.8353	-663.1845	-18.6508	0.3956893	0.05050493
127800	-689.0202	-672.0342	-16.98597	0.2461623	0.0350284
128000	-681.633	-664.3283	-17.30466	0.3148867	0.001348829
128200	-681.5521	-663.4765	-18.07559	0.3795365	0.01265215
128400	-679.3046	-660.2973	-19.00725	0.3316436	0.1343835
128600	-684.546	-663.7817	-20.76432	0.3359575	0.2819653
128800	-685.2109	-666.503	-18.70793	0.4318643	0.02337734
129000	-682.4701	-664.1598	-18.3103	0.3133798	0.09278456
129200	-684.7381	-666.1094	-18.62869	0.3327895	0.102853
129400	-681.0964	-663.5053	-17.59107	0.3349652	0.009179124
129600	-684.1885	-665.6742	-18.51439	0.3214523	0.1015181
129800	-682.6664	-664.4165	-18.24991	0.3460682	0.05589038
130000	-679.8016	-661.5	-18.30161	0.3595388	0.05011463
130200	-681.4431	-662.8493	-18.59376	0.3729643	0.06293275
130400	-685.361	-664.3601	-21.00087	0.3353671	0.3073746
130600	-679.2861	-660.0957	-19.19037	0.3683256	0.1201778
130800	-681.9579	-663.4817	-18.4762	0.3355556	0.0868636
131000	-686.8746	-668.2823	-18.59233	0.3195387	0.1117946
131200	-683.2997	-665.2932	-18.00646	0.3661092	0.01807466
131400	-685.7057	-667.8642	-17.84157	0.3412676	0.02630226
131600	-684.7068	-665.7242	-18.98264	0.3211669	0.1451997
131800	-682.1461	-663.5348	-18.61126	0.3454242	0.09114652
132000	-686.4966	-667.4614	-19.03515	0.4053989	0.07581686
132200	-683.9904	-664.3987	-19.59169	0.3891851	0.1411585
132400	-681.6584	-660.0454	-21.61304	0.3586332	0.3326137
132600	-683.7269	-665.9106	-17.81638	0.3289354	0.03317166
132800	-681.2013	-663.3905	-17.81081	0.309235	0.05131636
133000	-682.1663	-663.4143	-18.75199	0.3068244	0.1364984
133200	-685.3459	-666.4413	-18.90466	0.306732	0.1537991
133400	-680.1527	-662.1839	-17.96884	0.3534722	0.02676567
133600	-680.4878	-662.6306	-17.8572	0.3368339	0.02973339
133800	-681.3446	-663.242	-18.1026	0.373145	0.02095924
134000	-684.6892	-664.7691	-19.92017	0.4215958	0.1430583
134200	-680.6738	-663.4213	-17.25251	0.2897807	0.01847118
134400	-683.7179	-665.4368	-18.28107	0.3453081	0.06131654
134600	-684.1809	-664.3471	-19.83383	0.2860738	0.2481779
134800	-682.4827	-664.7389	-17.74377	0.3400379	0.01784668
135000	-691.4353	-671.2161	-20.21919	0.4038767	0.1871303
135200	-680.6265	-662.9446	-17.68185	0.3265778	0.02448091
135400	-686.1349	-668.7677	-17.36714	0.3012097	0.0189832
135600	-684.5113	-666.9811	-17.53027	0.2879271	0.04507405
135800	-681.4827	-662.9292	-18.55343	0.3413628	0.09248606
136000	-679.2191	-661.2513	-17.96785	0.3583807	0.02098992
136200	-681.7367	-664.0075	-17.72925	0.3384997	0.01786717
136400	-683.1739	-664.3676	-18.8063	0.3269969	0.1195754
136600	-685.4354	-664.7877	-20.64762	0.2774005	0.3202326
136800	-681.718	-662.2959	-19.4221	0.3080196	0.1895075
137000	-684.8469	-664.316	-20.53096	0.3568831	0.2582318
137200	-681.3779	-664.0588	-17.31909	0.3085533	0.008234381
137400	-683.8392	-665.5001	-18.33906	0.3432454	0.06704507
137600	-686.3257	-668.4485	-17.87715	0.2949644	0.07019989
137800	-681.0939	-663.1287	-17.96514	0.3026752	0.06891852
138000	-681.5728	-662.7116	-18.86114	0.3601083	0.1026151
138200	-688.6293	-670.3677	-18.26164	0.3089307	0.0886252
138400	-684.7032	-667.5199	-17.18331	0.3020866	0.002029486
138600	-681.3132	-662.9927	-18.32048	0.3191682	0.08687004
138800	-685.5109	-668.3916	-17.11933	0.273754	0.02049248
139000	-683.3628	-665.5012	-17.86164	0.3638071	0.007557878
139200	-687.4009	-668.4655	-18.93541	0.3677399	0.09982493
139400	-680.6158	-662.1164	-18.49946	0.3557495	0.06941758
139600	-689.444	-670.2569	-19.18716	0.3526193	0.1383375
139800	-681.6902	-663.721	-17.96926	0.2922943	0.07788611
140000	-685.7864	-666.0575	-19.72896	0.4125012	0.1359345
140200	-688.1538	-669.9354	-18.21842	0.3224447	0.07266445
140400	-691.5831	-670.6146	-20.96857	0.4129191	0.232893
140600	-681.0303	-663.3413	-17.689	0.2991402	0.05092005
140800	-684.0567	-666.2677	-17.78898	0.3289476	0.03190803
141000	-681.4178	-664.3047	-17.11312	0.2877775	0.008597065
141200	-683.9796	-664.8173	-19.16228	0.3101478	0.1685295
141400	-684.6396	-664.8361	-19.8035	0.3119861	0.2168119
141600	-686.0879	-667.2165	-18.87138	0.2783579	0.170371
141800	-684.2063	-665.7919	-18.41446	0.3872005	0.03603606
142000	-688.4477	-668.7766	-19.67112	0.3699698	0.1636056
142200	-681.8051	-663.1473	-18.65774	0.3192059	0.1164662
142400	-679.4271	-661.9087	-17.5184	0.3340409	0.003305576
142600	-682.8671	-662.5878	-20.27936	0.3722639	0.2075719
142800	-683.7283	-664.7694	-18.95894	0.4226627	0.05390214
143000	-684.1062	-665.7002	-18.40604	0.4148777	0.01056865
143200	-684.9361	-665.3416	-19.59443	0.3663958	0.1559188
143400	-681.0762	-662.5433	-18.53293	0.3087224	0.1155625
143600	-678.2619	-659.8192	-18.44269	0.3247701	0.09039625
143800	-680.7272	-662.6581	-18.06911	0.3014085	0.08037228
144000	-681.1956	-662.9495	-18.24614	0.3165221	0.08030716
144200	-684.0662	-665.3366	-18.72967	0.3467564	0.1039767
144400	-686.7294	-666.9433	-19.78615	0.3959748	0.1470796
144600	-680.9163	-663.3065	-17.60974	0.3372736	0.008743954
144800	-686.809	-667.6272	-19.18183	0.4146848	0.08274606
145000	-683.003	-663.6632	-19.33988	0.3829993	0.1231938
145200	-687.2294	-666.0993	-21.13006	0.317502	0.3370313
145400	-687.1224	-667.5544	-19.568	0.3207992	0.1961352
145600	-686.1075	-669.1169	-16.99062	0.2572364	0.0248189
145800	-683.4172	-665.9581	-17.4591	0.3207977	0.009683641
146000	-681.9557	-663.7956	-18.16011	0.3306955	0.06248228
146200	-683.0291	-665.0833	-17.94582	0.3550882	0.02167774
146400	-691.897	-671.5194	-20.37753	0.3475089	0.2556939
146600	-685.1144	-665.1682	-19.94612	0.3861771	0.1674298
146800	-685.624	-667.1041	-18.51992	0.322456	0.1049338
147000	-680.0258	-662.8974	-17.12836	0.2981091	0.0006374468
147200	-681.0838	-663.1547	-17.92907	0.3026263	0.06887096
147400	-683.6937	-664.9783	-18.71541	0.3472798	0.09592192
147600	-681.6386	-664.0827	-17.55589	0.28149	0.05283109
147800	-692.5705	-673.3983	-19.17223	0.3967238	0.09853216
148000	-685.1484	-667.5206	-17.62775	0.3131512	0.03225616
148200	-680.7413	-663.0799	-17.66135	0.3360972	0.01400852
148400	-681.1478	-663.3627	-17.7851	0.333275	0.02761027
148600	-680.3498	-662.6007	-17.74912	0.3259121	0.03050516
148800	-688.6462	-666.3404	-22.30581	0.3321144	0.4164526
149000	-683.2829	-665.0754	-18.20748	0.3758889	0.02770986
149200	-684.9325	-665.9259	-19.00661	0.3654822	0.101997
149400	-682.0803	-662.2435	-19.83677	0.3260735	0.2119694
149600	-684.259	-666.2731	-17.9859	0.345934	0.03450516
149800	-678.4865	-660.6974	-17.78904	0.3431895	0.01952469
150000	-679.1418	-660.9021	-18.23967	0.3214189	0.07916642
150200	-683.6709	-665.7529	-17.91795	0.3185706	0.05006839
150400	-678.8414	-661.2431	-17.59828	0.3144732	0.02791482
150600	-680.9313	-662.0664	-18.86491	0.3448491	0.1093654
150800	-682.2792	-662.7099	-19.56926	0.3240235	0.1926202
151000	-684.6944	-666.4339	-18.26053	0.375674	0.03281786
151200	-682.5246	-664.5492	-17.97542	0.3795813	0.003597571
151400	-685.682	-668.1639	-17.51811	0.3295215	0.007216042
151600	-684.0372	-663.6108	-20.42638	0.3650201	0.2424961
151800	-685.3055	-665.3999	-19.90561	0.4157606	0.1472738
152000	-683.2043	-664.8894	-18.31483	0.3306392	0.07738295
152200	-690.4674	-671.7025	-18.76493	0.4010891	0.05256474
152400	-683.2537	-664.9957	-18.25802	0.3546792	0.04943049
152600	-681.6813	-663.8262	-17.85505	0.3048865	0.05970229
152800	-679.2603	-662.0417	-17.21857	0.3073983	0.0004084403
153000	-683.6641	-666.1258	-17.53827	0.2958319	0.0394729
153200	-685.1229	-667.2336	-17.88928	0.3593808	0.01386128
153400	-679.9418	-662.2683	-17.67354	0.342362	0.009822361
153600	-680.9452	-663.2049	-17.74029	0.3470166	0.01141322
153800	-684.8747	-667.1522	-17.72249	0.3522856	0.005430797
154000	-685.0242	-666.4175	-18.60675	0.3537069	0.07838216
154200	-683.4942	-665.4919	-18.00228	0.311123	0.06567719
154400	-686.2257	-667.7712	-18.45453	0.4281315	0.003011753
154600	-682.9093	-665.2794	-17.62985	0.3310092	0.01658305
154800	-684.6742	-666.0934	-18.58079	0.399444	0.04094381
155000	-687.492	-668.6322	-18.85984	0.3586804	0.10617
155200	-686.9878	-668.3174	-18.67038	0.4061327	0.04070405
155400	-682.6704	-664.3804	-18.28999	0.3720434	0.037644
155600	-687.4786	-669.6863	-17.79236	0.3250512	0.03546531
155800	-681.3135	-663.8797	-17.43372	0.3242151	0.00459382
156000	-684.0534	-664.3078	-19.74555	0.3421442	0.1916634
156200	-681.4685	-663.4477	-18.02077	0.3216512	0.05976815
156400	-683.2836	-665.6133	-17.67032	0.3014922	0.04699903
156600	-682.9929	-665.2316	-17.7613	0.3194532	0.03712459
156800	-685.2772	-666.4531	-18.82415	0.3932273	0.065835
157000	-681.6286	-664.1719	-17.45668	0.3263882	0.004489622
157200	-684.9791	-667.2973	-17.6818	0.297832	0.05077477
157400	-682.9177	-664.4147	-18.50305	0.3742775	0.05515556
157600	-683.883	-665.2134	-18.66956	0.3556592	0.08558842
157800	-682.1395	-664.3424	-17.79711	0.2897255	0.06763056
158000	-684.844	-662.4731	-22.37092	0.3223878	0.4281381
158200	-684.3775	-665.4255	-18.95207	0.3754566	0.09303264
158400	-682.5083	-663.2048	-19.30349	0.3882572	0.1110966
158600	-686.7329	-667.2419	-19.491	0.3771143	0.142512
158800	-684.2072	-666.3495	-17.85768	0.3625562	0.008450604
159000	-682.0153	-662.9707	-19.04456	0.3139335	0.1565738
159200	-685.1067	-666.9207	-18.18601	0.3489159	0.04766525
159400	-682.9523	-665.522	-17.43034	0.2925272	0.03310182
159600	-683.7374	-664.143	-19.59442	0.3107154	0.2031696
159800	-685.6319	-666.2901	-19.34178	0.3070519	0.1980936
160000	-682.1212	-662.3412	-19.77995	0.3206033	0.2146573
160200	-679.2257	-661.2361	-17.98967	0.3585757	0.02266639
160400	-681.7807	-663.0893	-18.6914	0.3322463	0.1059504
160600	-679.9937	-662.422	-17.57163	0.3070019	0.03110159
160800	-680.5317	-662.8232	-17.70851	0.3455673	0.009899874
161000	-682.0607	-664.4429	-17.61786	0.3150694	0.02977578
161200	-684.4705	-665.8357	-18.63474	0.3932316	0.0505412
161400	-687.5816	-668.5729	-19.00873	0.416672	0.06606036
161600	-681.7369	-663.6955	-18.04138	0.3144851	0.06533015
161800	-686.0865	-664.9446	-21.14189	0.3559414	0.2988416
162000	-681.7362	-664.3362	-17.40001	0.3045425	0.01882152
162200	-681.7513	-662.8737	-18.8776	0.3576716	0.1052715
162400	-682.3283	-663.4161	-18.91219	0.3065999	0.1471049
162600	-682.7558	-663.9378	-18.81804	0.3582017	0.09874768
162800	-683.9914	-662.3279	-21.66358	0.3017168	0.385066
163000	-681.8293	-663.0355	-18.79378	0.3000479	0.1476385
163200	-685.1203	-666.4086	-18.71165	0.3510733	0.09745435
163400	-680.417	-662.4246	-17.99232	0.3563663	0.02499264
163600	-687.5567	-669.1631	-18.39363	0.3737643	0.04414326
163800	-693.3544	-671.6234	-21.73103	0.352966	0.368637
164000	-685.089	-665.9054	-19.18361	0.3548005	0.1297618
164200	-687.5179	-669.6415	-17.8764	0.3558235	0.015442
164400	-686.7045	-667.9992	-18.7053	0.3577746	0.08678594
164600	-682.3299	-663.9832	-18.34666	0.3448174	0.06570158
164800	-684.2823	-665.6753	-18.60694	0.3643576	0.07243962
165000	-685.8322	-664.3672	-21.46505	0.3832874	0.3171998
165200	-690.5895	-671.376	-19.21343	0.4326447	0.06690281
165400	-684.7787	-666.2057	-18.573	0.3302107	0.100012
165600	-683.3614	-665.8094	-17.55201	0.3185894	0.02050498
165800	-681.2409	-663.3569	-17.88403	0.3256542	0.04275389
166000	-682.1844	-662.8903	-19.29414	0.3530582	0.14315
166200	-683.0356	-663.8305	-19.20516	0.4086304	0.0902505
166400	-682.8417	-665.1601	-17.68153	0.3245156	0.02660808
166600	-685.2317	-667.6057	-17.62607	0.3221686	0.02417677
166800	-683.2787	-664.597	-18.68175	0.3778673	0.0670888
167000	-683.0003	-664.9944	-18.00593	0.2772157	0.0958463
167200	-682.5051	-664.8194	-17.68568	0.3477251	0.006000169
167400	-680.9448	-662.4015	-18.54334	0.3548939	0.07285172
167600	-686.4289	-668.2134	-18.21556	0.3766813	0.02662508
167800	-683.6203	-665.4712	-18.14908	0.3913604	0.008747135
168000	-694.7708	-674.4914	-20.27936	0.3121429	0.2839106
168200	-681.9078	-663.7392	-18.16861	0.361338	0.03680315
168400	-682.0907	-664.137	-17.95378	0.324937	0.04946173
168600	-686.211	-667.7864	-18.42465	0.3946177	0.03246821
168800	-686.3048	-668.7281	-17.57672	0.2836695	0.05350362
169000	-678.7045	-661.1899	-17.51451	0.3173117	0.01729407
169200	-683.6045	-664.8994	-18.7051	0.395326	0.05614346
169400	-682.0506	-663.8357	-18.21494	0.3543118	0.04651198
169600	-682.5433	-662.9976	-19.54561	0.3049151	0.2031497
169800	-682.9484	-665.4825	-17.46596	0.3257524	0.006175647
170000	-689.0121	-670.1514	-18.86068	0.3981522	0.06901244
170200	-684.1151	-666.331	-17.78405	0.3517401	0.01142329
170400	-687.529	-666.6542	-20.87484	0.4088078	0.2319013
170600	-681.9924	-664.3138	-17.67859	0.3067882	0.04163059
170800	-686.3473	-668.6112	-17.73606	0.2986152	0.05606997
171000	-682.1892	-663.9996	-18.18958	0.3425177	0.05484356
171200	-680.7719	-662.2961	-18.47585	0.3310889	0.08865273
171400	-688.7788	-668.418	-20.36081	0.3754197	0.212389
171600	-688.4033	-667.9965	-20.40681	0.3414926	0.2639689
171800	-679.623	-661.583	-18.04001	0.3256657	0.05557448
172000	-683.1164	-665.5414	-17.57494	0.3034635	0.03608009
172200	-681.9719	-663.2984	-18.67356	0.3800226	0.06487041
172400	-681.7935	-663.7577	-18.03581	0.3344699	0.04845464
172600	-682.0867	-662.5402	-19.54644	0.4028907	0.1214536
172800	-681.4871	-664.4317	-17.05532	0.2756488	0.01417985
173000	-681.702	-664.0533	-17.64868	0.3342592	0.01459928
173200	-684.685	-666.0159	-18.66911	0.353497	0.09057004
173400	-679.7568	-661.8391	-17.91775	0.3459961	0.0278487
173600	-686.7831	-666.7896	-19.99346	0.3320071	0.2308687
173800	-680.3359	-662.1223	-18.21358	0.3405848	0.05900247
174000	-685.9821	-667.6889	-18.29325	0.3405396	0.06617895
174200	-683.5617	-665.2444	-18.31734	0.3650158	0.04717998
174400	-683.3302	-665.3334	-17.99683	0.3266978	0.05155414
174600	-680.2172	-662.053	-18.16418	0.3005456	0.0888837
174800	-682.9539	-664.7706	-18.18329	0.3575848	0.04255168
175000	-684.5863	-666.3878	-18.19846	0.3402766	0.05724452
175200	-686.1422	-667.274	-18.8682	0.3471403	0.11385
175400	-683.4318	-665.7292	-17.70257	0.3313944	0.02262262
175600	-686.8312	-669.6134	-17.21786	0.2981305	0.008078201
175800	-683.7578	-664.5739	-19.18397	0.3534657	0.1341951
176000	-686.5312	-666.7368	-19.7944	0.4388257	0.1202295
176200	-685.5022	-665.3838	-20.11834	0.3278225	0.2328664
176400	-687.0985	-668.367	-18.73145	0.3074157	0.13267
176600	-681.4019	-663.3294	-18.07246	0.3809488	0.01095209
176800	-683.0995	-665.4373	-17.66224	0.3426866	0.008383768
177000	-685.6	-667.6487	-17.9513	0.3692781	0.01036765
177200	-685.967	-666.7673	-19.19965	0.3208391	0.1622699
177400	-688.8731	-669.1168	-19.75632	0.3783237	0.160327
177600	-684.8978	-664.7573	-20.14051	0.3454453	0.2255536
177800	-680.8688	-663.0542	-17.81461	0.3471176	0.01834903
178000	-684.5541	-666.0558	-18.4983	0.3641069	0.06362998
178200	-682.1335	-663.6494	-18.48407	0.3492002	0.07621836
178400	-680.2632	-661.3646	-18.89862	0.3151029	0.1422744
178600	-679.6967	-661.5739	-18.12282	0.3532791	0.03887424
178800	-680.7822	-662.1744	-18.60787	0.3530733	0.08099705
179000	-681.0383	-663.0213	-18.01704	0.2978105	0.07635703
179200	-685.4627	-662.8465	-22.61621	0.3112306	0.4460795
179400	-679.3511	-662.0939	-17.25712	0.2951985	0.01438137
179600	-679.434	-661.3119	-18.12217	0.3971229	0.0009352145
179800	-683.6707	-665.0779	-18.59278	0.3046305	0.1255635
180000	-680.5471	-662.8797	-17.66739	0.3371993	0.01373192
180200	-682.2219	-662.8542	-19.36762	0.390555	0.121073
180400	-681.8758	-663.2489	-18.6269	0.380544	0.06184651
180600	-683.6791	-665.8017	-17.87741	0.3600285	0.01227633
180800	-680.6336	-662.9903	-17.64328	0.3261866	0.02101191
181000	-679.6196	-661.7958	-17.82383	0.3386388	0.02680475
181200	-685.6035	-665.602	-20.00152	0.3661016	0.1969565
181400	-683.8874	-663.6423	-20.24512	0.3707744	0.2112472
181600	-682.6478	-663.9289	-18.71889	0.2875474	0.1545422
181800	-682.4163	-664.1541	-18.26222	0.2972825	0.1004311
182000	-682.2644	-664.0852	-18.17921	0.3455332	0.05256016
182200	-679.7042	-661.4316	-18.2726	0.3652753	0.04185563
182400	-682.948	-664.4135	-18.53446	0.3995412	0.0365375
182600	-683.2596	-666.2445	-17.01511	0.2666309	0.01824917
182800	-687.6561	-670.343	-17.31302	0.2755258	0.03665655
183000	-684.4052	-665.3638	-19.04142	0.3905958	0.08956894
183200	-681.5648	-663.2523	-18.31245	0.343591	0.06478765
183400	-682.9361	-663.8801	-19.056	0.3727506	0.1051298
183600	-683.9707	-666.1287	-17.842	0.2785967	0.0838029
183800	-686.1473	-668.6464	-17.50097	0.3161163	0.0175065
184000	-680.5051	-661.9827	-18.52244	0.4051544	0.02936747
184200	-681.9891	-663.1278	-18.86128	0.3578922	0.1010287
184400	-678.5464	-660.6209	-17.92542	0.3181964	0.05318013
184600	-684.0644	-666.4947	-17.56962	0.3017265	0.03888827
184800	-686.2825	-667.9878	-18.29467	0.3162674	0.08595277
185000	-681.5018	-663.9072	-17.59454	0.3064324	0.03476663
185200	-686.3955	-667.8542	-18.54128	0.3688846	0.06390555
185400	-685.4628	-666.3653	-19.09742	0.3830297	0.1042431
185600	-686.0372	-667.6906	-18.34654	0.3552223	0.05949442
185800	-688.466	-668.2594	-20.20661	0.4014458	0.184479
186000	-685.7151	-667.2025	-18.51256	0.3029599	0.1186823
186200	-686.6153	-667.0312	-19.58406	0.4309453	0.1024012
186400	-682.7758	-665.2831	-17.49275	0.3235633	0.0103224
186600	-680.422	-663.1842	-17.23782	0.2982095	0.01010031
186800	-682.7098	-665.3732	-17.3366	0.3153096	0.00388265
187000	-688.6889	-671.0046	-17.68426	0.2955896	0.05047516
187200	-681.6454	-663.0905	-18.55498	0.3817213	0.05465121
187400	-692.9242	-672.6682	-20.256	0.401587	0.1940261
187600	-683.2956	-663.8188	-19.47677	0.3173571	0.1845327
187800	-687.7204	-668.5827	-19.13762	0.3364239	0.1450342
188000	-681.0418	-662.6602	-18.38155	0.359558	0.05973144
188200	-687.7106	-669.6234	-18.0872	0.3787106	0.01507804
188400	-687.9269	-669.561	-18.36595	0.4107989	0.01013424
188600	-683.2685	-663.8112	-19.45731	0.3663657	0.1478404
188800	-688.8888	-670.4116	-18.47727	0.3429915	0.08306754
189000	-685.8249	-667.1269	-18.69801	0.3916739	0.06069419
189200	-687.8075	-668.9892	-18.81832	0.3625044	0.09647081
189400	-678.5621	-661.0166	-17.54547	0.3321698	0.007402784
189600	-685.9277	-669.0427	-16.88508	0.2517605	0.02050148
189800	-687.3496	-669.0929	-18.25671	0.3240894	0.08100279
190000	-684.0814	-665.5457	-18.53574	0.3268858	0.0991501
190200	-684.7935	-665.7974	-18.99608	0.3077316	0.1601765
190400	-680.6514	-662.8883	-17.76317	0.3442393	0.01644073
190600	-684.0231	-665.8954	-18.12765	0.3409945	0.05354011
190800	-689.3781	-667.2558	-22.12236	0.3496943	0.4055142
191000	-687.6449	-669.0871	-18.5578	0.3164777	0.1143792
191200	-683.7243	-662.7972	-20.92706	0.3629695	0.276444
191400	-682.1589	-664.3203	-17.83864	0.3584188	0.01006465
191600	-678.4876	-660.9862	-17.50135	0.3360592	6.000953e-05
191800	-684.4019	-667.1994	-17.20254	0.2705469	0.0308453
192000	-681.5119	-662.9845	-18.5274	0.363376	0.06703267
192200	-684.6053	-663.4484	-21.15688	0.2911275	0.3550896
192400	-681.0811	-663.1732	-17.90787	0.3733156	0.003022334
192600	-679.7795	-662.2043	-17.57513	0.2920943	0.04532798
192800	-683.9044	-664.8665	-19.03793	0.3747565	0.1035733
193000	-685.5095	-665.5867	-19.92276	0.4085307	0.149119
193200	-681.6194	-662.3489	-19.27044	0.3676561	0.1288892
193400	-682.6246	-664.6496	-17.97495	0.3756457	0.007019494
193600	-684.6303	-664.2025	-20.42778	0.3050936	0.2820226
193800	-680.5092	-662.2618	-18.24732	0.3687658	0.0370448
194000	-685.4364	-664.9747	-20.46175	0.3433872	0.2436564
194200	-682.2224	-664.2547	-17.96766	0.3126515	0.06207188
194400	-684.4215	-664.693	-19.72846	0.3527779	0.186908
194600	-679.7931	-661.4745	-18.31859	0.3440039	0.06526741
194800	-685.6931	-667.6711	-18.02203	0.3337553	0.04798837
195000	-679.2717	-661.1127	-18.15904	0.3281719	0.0664077
195200	-681.2784	-662.8572	-18.42125	0.3909224	0.03325451
195400	-681.6843	-662.7337	-18.9506	0.3317568	0.1331733
195600	-682.2495	-663.9287	-18.32073	0.3426318	0.06663548
195800	-690.9527	-672.8465	-18.10626	0.3525347	0.03999289
196000	-684.0255	-665.7776	-18.24791	0.2976982	0.09626535
196200	-681.231	-663.3217	-17.90935	0.3592871	0.01597271
196400	-684.6408	-667.2074	-17.43338	0.3237609	0.005062154
196600	-684.2243	-665.3084	-18.91584	0.3320553	0.1256353
196800	-687.0558	-668.4744	-18.58139	0.3223957	0.1060072
197000	-685.792	-667.7683	-18.02369	0.3705788	0.01610896
197200	-684.5506	-664.169	-20.38161	0.3553751	0.2442951
197400	-678.9968	-661.5145	-17.48233	0.3298997	0.00377243
197600	-678.1354	-660.7235	-17.41194	0.3188607	0.007414254
197800	-683.7107	-665.3795	-18.3312	0.3762543	0.03998039
198000	-681.6793	-663.4303	-18.24903	0.3951584	0.0141842
198200	-689.6202	-670.3016	-19.3186	0.3663281	0.1359258
198400	-682.3933	-662.8091	-19.58424	0.3209956	0.1872468
198600	-683.1294	-664.8876	-18.24176	0.360823	0.04410174
198800	-686.2597	-666.9212	-19.33849	0.3005117	0.1942038
199000	-681.3707	-663.3324	-18.03836	0.3228469	0.06164239
199200	-687.5954	-669.7009	-17.89444	0.3741006	0.001213504
199400	-684.6788	-665.9616	-18.71727	0.3538985	0.09283614
199600	-688.9942	-670.7622	-18.23194	0.2706423	0.1219407
199800	-682.4647	-662.6596	-19.80512	0.3582624	0.1816931
200000	-684.5636	-666.8785	-17.6851	0.2926163	0.05405539
