Iteration	Posterior	Likelihood	Prior	branch_rates	q[1]	q[2]	q[3]	speciation_rate
0	-709.5996	-692.8452	-16.75448	0.3170564	0.994444	0.000328784	0.0052269	0.01111536
200	-715.5846	-697.1273	-18.4573	0.3199356	0.989101	0.00739334	0.00350611	0.1470157
400	-707.7794	-690.8143	-16.96511	0.3192756	0.99575	0.00194012	0.00230978	0.02610212
600	-711.8561	-694.7297	-17.12637	0.3221901	0.986332	0.0135635	0.000104527	0.0362519
800	-708.9485	-692.499	-16.44954	0.298665	0.998483	0.000760802	0.000755895	0.001342578
1000	-709.0283	-691.4202	-17.6081	0.3020141	0.993107	0.00665256	0.000240371	0.09180383
1200	-711.2466	-693.2022	-18.04437	0.3098482	0.99037	0.00195336	0.00767633	0.1174748
1400	-715.3362	-695.5612	-19.77494	0.347861	0.986845	0.00979628	0.00335826	0.2235822
1600	-718.9963	-701.7651	-17.23112	0.2988403	0.987874	0.00576621	0.00636029	0.0645832
1800	-711.1176	-694.1742	-16.9434	0.3186799	0.994134	0.00203425	0.00383153	0.02510798
2000	-711.8767	-695.0912	-16.78552	0.308555	0.991483	0.00555913	0.00295809	0.02030399
2200	-712.5497	-695.2635	-17.28614	0.2924558	0.989026	0.00977407	0.00119991	0.07335143
2400	-707.7642	-691.3518	-16.41239	0.2824212	0.993007	0.00290586	0.00408679	0.01138451
2600	-716.2905	-698.5954	-17.69507	0.3312326	0.981125	0.0171912	0.00168414	0.07845334
2800	-712.0951	-695.0995	-16.99561	0.3005168	0.993603	0.00610637	0.000290721	0.04399873
3000	-712.3144	-695.6672	-16.64717	0.2926965	0.992528	0.0044478	0.00302384	0.022633
3200	-708.9432	-691.2222	-17.72099	0.3551079	0.999003	0.000114452	0.000882705	0.05745728
3400	-715.4437	-696.3592	-19.08444	0.2642921	0.987273	0.00706282	0.00566424	0.237146
3600	-709.4536	-692.8738	-16.57985	0.3101424	0.993892	0.0016054	0.00450308	0.002589329
3800	-714.3666	-697.1442	-17.22239	0.2839587	0.997442	0.00120452	0.00135395	0.07910506
4000	-710.0227	-692.0178	-18.00495	0.3091681	0.992263	0.0031707	0.00456609	0.1199865
4200	-712.9282	-695.9572	-16.97094	0.2962732	0.989934	0.00839788	0.00166784	0.04503869
4400	-709.7738	-693.1329	-16.64087	0.2827035	0.992227	0.00642436	0.00134875	0.0290758
4600	-710.4059	-691.9421	-18.46377	0.2970467	0.984764	0.00329744	0.0119381	0.1639641
4800	-707.4223	-691.134	-16.28833	0.277548	0.99369	0.00128835	0.0050219	0.00538666
5000	-713.4347	-696.6335	-16.80111	0.3192025	0.996897	0.00187049	0.00123216	0.01307229
5200	-716.2793	-698.8402	-17.43913	0.3313164	0.993896	0.00188097	0.004223	0.05394933
5400	-708.0337	-690.6629	-17.37086	0.2994744	0.994422	0.00154148	0.00403612	0.07446348
5600	-712.7553	-695.7901	-16.96521	0.28693	0.993026	0.00107556	0.00589866	0.05209435
5800	-709.458	-692.8055	-16.65254	0.2967857	0.994991	0.00316369	0.00184518	0.01910775
6000	-708.537	-692.0269	-16.51011	0.280574	0.995855	0.00198207	0.00216315	0.02024232
6200	-708.3489	-689.5175	-18.83146	0.3178255	0.998012	0.00126596	0.000722364	0.176346
6400	-715.0881	-698.004	-17.08409	0.2923655	0.996998	1.60995e-05	0.0029859	0.05819995
6600	-708.5925	-692.1533	-16.43915	0.2866668	0.997997	0.00110165	0.000901729	0.01006731
6800	-711.7424	-693.4909	-18.25152	0.3472654	0.986543	0.00925028	0.00420688	0.1065593
7000	-708.6049	-691.521	-17.08389	0.2995189	0.993618	0.00139879	0.00498365	0.0518953
7200	-710.7736	-693.5227	-17.25088	0.2931421	0.997355	0.00169375	0.000951253	0.06960528
7400	-714.417	-698.0142	-16.4028	0.2693805	0.992506	0.00435993	0.00313403	0.02105782
7600	-711.1048	-694.3831	-16.72176	0.3219244	0.993305	0.00231553	0.00437906	0.00462895
7800	-715.3984	-698.0281	-17.37026	0.3121878	0.995453	0.00178728	0.00275981	0.06654947
8000	-714.8968	-697.6623	-17.23445	0.2792278	0.977763	0.0123007	0.00993602	0.0791077
8200	-708.8414	-692.2121	-16.62935	0.3086272	0.99429	0.000500865	0.00520928	0.008009052
8400	-709.0424	-691.5592	-17.48319	0.33003	0.995831	0.00142443	0.0027443	0.05966063
8600	-714.7848	-698.1193	-16.66552	0.2890077	0.998098	1.72435e-05	0.00188526	0.0266633
8800	-709.4189	-691.2488	-18.17011	0.3151464	0.997247	0.00261478	0.000138137	0.1273945
9000	-704.9497	-687.3003	-17.64941	0.284837	0.996567	0.00159345	0.00183948	0.1082529
9200	-717.6748	-700.4781	-17.19669	0.3293164	0.996628	0.00106958	0.00230229	0.03775625
9400	-709.4104	-692.8416	-16.56882	0.3024741	0.996332	0.00219097	0.00147724	0.007769937
9600	-712.3756	-696.0496	-16.32598	0.285695	0.9974	0.000667789	0.00193172	0.001765208
9800	-713.2788	-696.1128	-17.16596	0.3135484	0.986394	0.00182714	0.0117784	0.04866282
10000	-708.0949	-691.371	-16.72384	0.2996621	0.995359	0.00364301	0.000998187	0.02294097
10200	-722.6264	-703.922	-18.70437	0.3399428	0.983996	0.015433	0.000571348	0.1540207
10400	-718.5651	-701.9987	-16.56646	0.3092615	0.985882	0.00186136	0.012257	0.002189924
10600	-707.6606	-690.7803	-16.88029	0.2872041	0.994273	0.000172232	0.00555461	0.04431138
10800	-709.9259	-693.1721	-16.7538	0.2974665	0.995186	0.00355926	0.00125478	0.02661004
11000	-710.4427	-692.6744	-17.76825	0.3423819	0.998078	0.000921353	0.00100027	0.07148097
11200	-711.9346	-695.6565	-16.27812	0.2812664	0.993556	0.00638375	6.05357e-05	0.001502528
11400	-712.1152	-694.9363	-17.17889	0.3197636	0.992804	0.0032081	0.00398758	0.04485675
11600	-712.0564	-694.7005	-17.35596	0.3048106	0.998241	0.00175601	3.12743e-06	0.07064165
11800	-712.8182	-693.3685	-19.44978	0.3195523	0.996158	0.00377507	6.71049e-05	0.2307035
12000	-707.3475	-690.5621	-16.78541	0.3256563	0.997136	0.00245129	0.000412835	0.006576404
12200	-713.171	-694.1189	-19.05209	0.3037016	0.988833	0.0110933	7.33216e-05	0.2052879
12400	-709.3763	-692.1792	-17.19702	0.2883074	0.997605	0.000784846	0.00160975	0.06936413
12600	-712.7229	-695.8498	-16.87306	0.3207646	0.992646	0.00374026	0.00361408	0.01735319
12800	-714.5872	-694.77	-19.81721	0.2772154	0.999058	0.000197453	0.000744556	0.278881
13000	-715.2492	-698.8599	-16.38936	0.2822337	0.998599	0.00120868	0.000191922	0.009675491
13200	-707.2576	-690.7692	-16.48843	0.2897541	0.99803	0.000128754	0.00184128	0.01176411
13400	-711.7337	-693.1502	-18.58352	0.2660101	0.99476	0.00347597	0.00176419	0.1976926
13600	-710.354	-693.5064	-16.8476	0.2679493	0.994051	0.00455344	0.00139547	0.05659649
13800	-710.4535	-690.2945	-20.15899	0.3089592	0.989819	0.0098167	0.000364226	0.2953742
14000	-711.6269	-695.2662	-16.36075	0.2778484	0.997567	0.0024139	1.86968e-05	0.01096803
14200	-712.7255	-694.6077	-18.11785	0.3221956	0.992768	0.00379846	0.00343389	0.1162149
14400	-711.4726	-694.1709	-17.30171	0.2908951	0.985552	0.00969801	0.00474986	0.07464256
14600	-714.7592	-696.4373	-18.32193	0.2800506	0.995813	0.00321878	0.000967826	0.1671888
14800	-711.2086	-693.6769	-17.53167	0.3046761	0.998138	0.00176966	9.19904e-05	0.08188916
15000	-712.4121	-692.472	-19.94008	0.3090651	0.990638	0.00898516	0.00037682	0.2737416
15200	-709.695	-693.1482	-16.54677	0.2977437	0.993901	0.000347188	0.00575223	0.009769913
15400	-708.0413	-691.3914	-16.64985	0.2996946	0.997278	0.00168752	0.00103438	0.01635297
15600	-713.7782	-695.7117	-18.06641	0.2772929	0.99245	9.59953e-05	0.00745396	0.1478712
15800	-711.5874	-694.8598	-16.72756	0.2863212	0.996015	0.00015924	0.00382555	0.03360334
16000	-710.1235	-692.292	-17.83153	0.2889777	0.995422	0.000721326	0.00385707	0.12151
16200	-715.9912	-698.0233	-17.96785	0.2995678	0.992714	0.00669226	0.000593383	0.1223208
16400	-707.8621	-691.2957	-16.56637	0.305988	0.995419	0.00122688	0.00335392	0.004708281
16600	-705.4879	-688.7003	-16.78763	0.288555	0.997457	0.00242888	0.000114306	0.03615872
16800	-710.2645	-692.9996	-17.26488	0.3313616	0.987194	0.010676	0.00213024	0.04062313
17000	-715.1715	-698.353	-16.81843	0.2707994	0.986799	0.00425397	0.00894662	0.05452145
17200	-718.6672	-702.2865	-16.38074	0.2894321	0.982108	0.00955887	0.00833264	0.003238207
17400	-711.3357	-694.307	-17.02868	0.2727	0.99474	0.0038375	0.00142235	0.06747474
17600	-708.4344	-690.8236	-17.61087	0.2978642	0.995388	0.000715348	0.00389686	0.09687248
17800	-713.2259	-695.8773	-17.34858	0.2860407	0.993775	0.00104074	0.00518443	0.0817502
18000	-712.6116	-695.3335	-17.27805	0.3356036	0.994681	0.00118949	0.00412945	0.03964515
18200	-711.7141	-693.4653	-18.24876	0.2945588	0.992254	0.00128647	0.00645979	0.1501057
18400	-713.586	-694.7574	-18.8286	0.3302718	0.988858	0.0083563	0.00278588	0.1695415
18600	-712.5926	-695.0367	-17.55589	0.3046471	0.994349	0.00355448	0.00209607	0.08737823
18800	-709.4266	-692.7862	-16.64044	0.2990275	0.987343	0.00639353	0.00626351	0.01636434
19000	-719.0825	-701.353	-17.7295	0.2994708	0.99528	0.00221035	0.00250939	0.1051048
19200	-711.8579	-695.3938	-16.4641	0.2866047	0.987343	0.00384568	0.00881147	0.01192492
19400	-711.5079	-694.7287	-16.77919	0.3151057	0.992664	0.00633756	0.000998891	0.01517138
19600	-706.8493	-690.5401	-16.30918	0.2755959	0.996604	0.000755957	0.00264039	0.008514387
19800	-709.3662	-692.6144	-16.75183	0.3167269	0.994915	0.00154001	0.00354475	0.01083907
20000	-718.6615	-700.0412	-18.62031	0.3074863	0.994927	0.00205144	0.00302182	0.1735044
20200	-715.8101	-699.3715	-16.43862	0.2849623	0.990041	0.00108358	0.00887585	0.01168517
20400	-713.3103	-696.3829	-16.92744	0.3404054	0.988633	0.00632343	0.00504399	0.006299745
20600	-711.1632	-694.3088	-16.85436	0.276056	0.993349	0.000554476	0.00609687	0.05132375
20800	-705.9855	-689.1879	-16.79763	0.3192514	0.995457	0.00344166	0.00110085	0.01291786
21000	-706.7025	-690.0902	-16.61228	0.2992583	0.997828	0.000410603	0.00176133	0.01342701
21200	-711.9504	-695.0619	-16.88852	0.2686451	0.985263	0.000868897	0.0138686	0.06167283
21400	-707.608	-690.9456	-16.66244	0.3214944	0.994353	0.00435955	0.00128752	4.558427e-05
21600	-708.0422	-689.2942	-18.74801	0.3259657	0.997307	0.000124162	0.00256931	0.1634234
21800	-712.4432	-693.5061	-18.93717	0.3066829	0.995282	0.00213504	0.00258264	0.1964989
22000	-712.0833	-693.0635	-19.01977	0.2985402	0.986771	0.000297445	0.0129315	0.2111734
22200	-713.1179	-695.5019	-17.61598	0.2954868	0.997695	0.0010205	0.00128428	0.09622603
22400	-709.3812	-689.5436	-19.83763	0.2943254	0.994596	0.00385147	0.00155255	0.26926
22600	-708.2248	-691.7128	-16.51202	0.2915944	0.997802	0.000602711	0.00159515	0.01233423
22800	-710.3987	-693.1689	-17.22983	0.3078572	0.998906	0.000888045	0.000206096	0.05665537
23000	-711.857	-694.3644	-17.49256	0.3278341	0.995994	0.00383042	0.00017549	0.06153367
23200	-723.6147	-705.8821	-17.73257	0.2825401	0.978121	0.00447595	0.0174034	0.1170715
23400	-722.4361	-702.4453	-19.99083	0.3060317	0.983903	0.00361345	0.0124834	0.2822601
23600	-714.8386	-695.9408	-18.89779	0.3467728	0.996016	0.00187777	0.00210632	0.1628272
23800	-710.6551	-692.8994	-17.75568	0.3055406	0.997299	0.00246784	0.000233105	0.1014826
24000	-710.708	-693.9289	-16.7791	0.3279865	0.999491	0.000415944	9.33158e-05	0.004369957
24200	-713.3877	-695.7143	-17.6734	0.341244	0.994963	0.00488146	0.000155143	0.06591105
24400	-710.3432	-692.1509	-18.19236	0.3016257	0.996707	0.00023857	0.00305478	0.1376172
24600	-713.445	-693.3681	-20.07693	0.2642872	0.999632	5.47061e-05	0.000313279	0.3116829
24800	-714.4041	-697.476	-16.92806	0.325189	0.99816	0.00124014	0.00060036	0.01830135
25000	-712.3684	-695.5153	-16.8531	0.316018	0.989962	0.00374233	0.00629549	0.02030889
25200	-719.6957	-702.6756	-17.02009	0.3468668	0.991584	0.00386738	0.0045487	0.008958945
25400	-710.2759	-691.8147	-18.46123	0.3035484	0.99897	0.000342543	0.000686964	0.1598805
25600	-709.4504	-689.099	-20.35144	0.3104708	0.992488	0.00377135	0.00374061	0.298123
25800	-707.6532	-691.145	-16.50816	0.2673971	0.991194	0.000497557	0.00830889	0.0307893
26000	-715.3023	-697.0047	-18.29761	0.2864903	0.989728	0.00793845	0.0023338	0.1621744
26200	-709.517	-691.4619	-18.05507	0.2942673	0.999252	0.000145305	0.000602647	0.1340858
26400	-714.7361	-696.7354	-18.00074	0.3312811	0.989802	0.00812359	0.00207472	0.1036052
26600	-710.5997	-693.7175	-16.88216	0.3297614	0.990569	0.00136876	0.00806246	0.01125582
26800	-710.8968	-693.7853	-17.1115	0.3131963	0.995641	0.00427043	8.84034e-05	0.04246579
27000	-711.0295	-693.8863	-17.1432	0.3132309	0.993877	0.000564837	0.00555861	0.04560992
27200	-714.4823	-694.6201	-19.86214	0.3200846	0.995968	0.000254612	0.00377741	0.2537627
27400	-715.2915	-696.07	-19.22148	0.2829238	0.992041	0.00667127	0.00128732	0.2337986
27600	-710.8248	-691.9385	-18.88633	0.2870467	0.98911	0.00922411	0.00166546	0.2048926
27800	-713.195	-694.1474	-19.04762	0.2971779	0.997493	0.0012273	0.00127981	0.2116192
28000	-711.5508	-693.9263	-17.62448	0.2949467	0.989267	0.00435613	0.00637682	0.09753749
28200	-707.4758	-690.5577	-16.9181	0.2738321	0.993334	0.00623095	0.000434946	0.05719954
28400	-714.91	-698.1051	-16.80496	0.2972829	0.982394	0.0122686	0.00533712	0.03152672
28600	-712.1265	-694.2941	-17.8324	0.3272745	0.986667	0.00346573	0.00986725	0.08945315
28800	-710.8974	-694.1837	-16.71363	0.2836997	0.989685	0.00788959	0.00242585	0.03406058
29000	-719.1943	-701.4421	-17.75222	0.3271179	0.997581	0.00211877	0.00030072	0.08865867
29200	-706.9192	-690.06	-16.85921	0.3070354	0.99108	0.00889702	2.33469e-05	0.02832651
29400	-708.3524	-692.2154	-16.137	0.2615681	0.99726	0.0016137	0.00112671	0.005965604
29600	-716.0874	-697.3103	-18.77711	0.2707841	0.990417	0.00591592	0.00366701	0.2113603
29800	-710.239	-693.5658	-16.67328	0.2870515	0.989755	0.00415601	0.0060889	0.02870891
30000	-709.1731	-691.8603	-17.31276	0.3098748	0.997575	0.00220959	0.000215182	0.0618466
30200	-711.4025	-694.7777	-16.62485	0.2733093	0.985942	0.0071191	0.00693923	0.03600357
30400	-716.0689	-698.1247	-17.94422	0.293896	0.991542	0.000405728	0.00805271	0.1311393
30600	-708.2835	-691.4753	-16.80811	0.2972754	0.996338	0.00334492	0.000317179	0.03059634
30800	-714.3555	-697.6478	-16.7077	0.3250433	0.996299	0.00308946	0.00061171	0.000834941
31000	-708.0453	-691.0255	-17.01989	0.2996249	0.999478	1.97626e-05	0.000502281	0.04640169
31200	-713.0508	-693.7748	-19.27598	0.3372062	0.999002	0.00030289	0.000694742	0.20577
31400	-709.5074	-692.4647	-17.04274	0.2948204	0.998132	0.000226452	0.0016412	0.05240442
31600	-712.7373	-696.3917	-16.34563	0.2865135	0.979571	0.00625441	0.0141746	0.002758525
31800	-712.1603	-693.4015	-18.75883	0.3164492	0.995296	0.00192948	0.00277493	0.1665035
32000	-709.7589	-692.8278	-16.9311	0.2967775	0.997349	0.000288951	0.00236178	0.04247156
32200	-715.4445	-698.246	-17.1985	0.3482592	0.993854	0.00103048	0.00511554	0.02338305
32400	-709.1733	-691.6692	-17.50404	0.2919482	0.994462	0.00220004	0.00333808	0.0922026
32600	-719.2719	-702.9785	-16.29341	0.2713173	0.980117	0.017106	0.00277673	0.01081956
32800	-708.9807	-692.5412	-16.43951	0.2708369	0.993384	0.00554506	0.00107064	0.02302009
33000	-706.5509	-687.769	-18.78198	0.3137168	0.993795	0.00552205	0.00068317	0.174718
33200	-712.7087	-695.7238	-16.98487	0.2809611	0.99639	0.000618386	0.0029915	0.05675528
33400	-707.4972	-689.9027	-17.5945	0.297549	0.99233	0.00641739	0.00125286	0.09264321
33600	-713.8072	-696.6955	-17.11173	0.2944648	0.995739	0.00265571	0.00160482	0.05813132
33800	-708.5775	-692.1285	-16.44901	0.2978521	0.990299	0.00144506	0.0082561	0.001894784
34000	-712.3907	-694.8767	-17.51404	0.2944492	0.979882	0.00605348	0.0140642	0.08995379
34200	-713.6608	-695.5722	-18.08861	0.3455881	0.988268	0.00892937	0.00280223	0.1003121
34400	-706.5283	-689.0235	-17.50478	0.3274752	0.997856	0.000663809	0.00148048	0.06292179
34600	-716.291	-697.1912	-19.09979	0.3192604	0.991617	0.00340481	0.00497837	0.1968195
34800	-712.0391	-693.8425	-18.19654	0.3488434	0.996763	0.0012299	0.00200714	0.1034721
35000	-719.0336	-700.7525	-18.28101	0.3474507	0.997625	0.00166334	0.000711366	0.1143712
35200	-710.9453	-692.5676	-18.37764	0.3141959	0.993699	0.00444971	0.00185175	0.1437697
35400	-712.5513	-695.1542	-17.39706	0.2779049	0.995877	0.00334275	0.000780066	0.0925814
35600	-709.6662	-692.3049	-17.36133	0.293373	0.989098	8.84518e-05	0.0108134	0.08065018
35800	-711.7843	-694.5906	-17.19377	0.2999225	0.999168	0.000774383	5.73898e-05	0.06174235
36000	-713.8947	-697.2346	-16.66007	0.3194392	0.994646	0.0047982	0.000556195	0.00153211
36200	-710.1086	-689.837	-20.27162	0.3000209	0.997349	2.66809e-05	0.00262433	0.3036103
36400	-710.0238	-693.7709	-16.25297	0.279195	0.996595	0.00337257	3.22099e-05	0.001182983
36600	-710.1481	-692.8081	-17.34003	0.2988043	0.982817	0.00203399	0.0151488	0.07524501
36800	-712.6995	-695.7351	-16.96448	0.3238923	0.992652	0.0059444	0.00140398	0.02233698
37000	-710.1414	-692.6788	-17.46265	0.3299972	0.993238	0.00281941	0.00394248	0.05757076
37200	-707.5745	-689.0128	-18.56171	0.3208086	0.999037	0.000127541	0.000835922	0.1545179
37400	-716.8246	-699.9759	-16.8487	0.3198874	0.987952	0.00593123	0.00611681	0.0161729
37600	-711.0132	-694.0124	-17.00082	0.3334849	0.991194	0.00593264	0.00287309	0.01798253
37800	-716.3731	-697.6493	-18.72374	0.3288834	0.995371	0.00423703	0.000391645	0.162368
38000	-708.5569	-691.9826	-16.57428	0.2888024	0.994441	0.00265772	0.00290168	0.01939486
38200	-718.001	-701.1196	-16.88144	0.3290396	0.980617	0.0170497	0.00233328	0.01183228
38400	-713.1368	-693.9392	-19.19768	0.2887148	0.992159	0.00388589	0.00395515	0.2300261
38600	-708.9761	-690.3856	-18.59042	0.3146992	0.996638	0.00200482	0.0013567	0.1614276
38800	-714.2479	-697.5257	-16.72227	0.3226456	0.988863	0.00487007	0.00626652	0.003885282
39000	-717.5612	-700.9769	-16.58431	0.2860607	0.993516	0.000663679	0.00582051	0.02235901
39200	-706.4014	-689.5129	-16.88859	0.3161188	0.994158	0.00578319	5.92375e-05	0.02224138
39400	-710.5256	-693.8192	-16.70645	0.298021	0.998225	0.00174428	3.07804e-05	0.02191609
39600	-716.0223	-698.4418	-17.58053	0.2755283	0.991737	0.00301928	0.00524349	0.1136453
39800	-711.9475	-693.9561	-17.99132	0.3044374	0.990157	0.00670523	0.00313809	0.1225084
40000	-707.9381	-690.1962	-17.74193	0.2975828	0.995369	0.00321197	0.00141924	0.1069627
40200	-712.5767	-695.5396	-17.03712	0.2911973	0.999602	5.73248e-05	0.000340332	0.05282579
40400	-713.6432	-695.6715	-17.97164	0.3289164	0.997687	0.000796701	0.00151591	0.09983364
40600	-714.4996	-697.6231	-16.87648	0.3314537	0.977847	0.0210253	0.00112784	0.009272155
40800	-711.5637	-695.1165	-16.44723	0.2937308	0.983427	0.0162115	0.000361892	0.005082135
41000	-712.1731	-695.6863	-16.48681	0.3018857	0.998842	3.29106e-05	0.00112521	0.001743592
41200	-713.8724	-696.6928	-17.17952	0.3277939	0.994387	0.00510092	0.000511929	0.03574727
41400	-714.2568	-696.9511	-17.30576	0.3028205	0.994701	0.0043671	0.000932342	0.06812112
41600	-723.3513	-704.9156	-18.43576	0.3141465	0.986604	0.00172525	0.011671	0.1512253
41800	-706.9085	-689.8722	-17.03631	0.3015023	0.995415	0.000206946	0.00437782	0.04549145
42000	-713.8079	-696.6524	-17.15543	0.3011781	0.993646	0.00555737	0.000796983	0.05724826
42200	-712.2762	-694.9072	-17.36901	0.3109726	0.989012	0.00518838	0.00579955	0.06532957
42400	-708.7814	-692.1761	-16.60531	0.2941328	0.993656	0.00282971	0.00351445	0.01805557
42600	-707.3853	-691.007	-16.37835	0.2854668	0.995407	3.89541e-05	0.00455421	0.006144021
42800	-711.3797	-692.9894	-18.39033	0.3051305	0.995475	0.000334498	0.00419005	0.1511792
43000	-705.1708	-687.6679	-17.50281	0.298163	0.994964	0.0021272	0.00290914	0.08533271
43200	-713.4468	-696.9768	-16.46995	0.2681333	0.9923	0.000299492	0.0074007	0.02789648
43400	-715.49	-697.7063	-17.78366	0.2969596	0.984642	0.0138561	0.00150219	0.1111613
43600	-717.7631	-700.9184	-16.84463	0.3052256	0.976114	0.0104324	0.0134538	0.02827675
43800	-709.4679	-690.5586	-18.90933	0.2845736	0.995665	0.00169794	0.00263753	0.2027963
44000	-716.2778	-699.1181	-17.15965	0.3227871	0.991813	0.00485204	0.00333538	0.040147
44200	-719.8019	-700.4909	-19.311	0.3033216	0.984786	0.00890165	0.00631268	0.2286963
44400	-710.9306	-692.9126	-18.01805	0.3075533	0.994581	0.001913	0.00350614	0.1204925
44600	-709.9035	-692.488	-17.41554	0.3222515	0.997222	0.001354	0.00142374	0.06194048
44800	-709.1029	-691.3793	-17.72368	0.2980753	0.995299	0.00280881	0.00189243	0.1048318
45000	-712.5781	-695.4	-17.17813	0.2747698	0.99543	0.00288738	0.0016825	0.08035691
45200	-711.9564	-694.4732	-17.48318	0.3325949	0.995006	0.00468678	0.000306802	0.0597318
45400	-711.9823	-695.1763	-16.806	0.2897753	0.999109	0.000580219	0.000311185	0.03828073
45600	-710.7405	-694.2171	-16.52333	0.2754946	0.993783	0.00109962	0.00511721	0.02571087
45800	-710.4551	-693.934	-16.52115	0.3031355	0.986126	0.00569789	0.00817655	0.003465973
46000	-704.4469	-687.6731	-16.77379	0.2991284	0.998816	0.000143029	0.00104065	0.02697407
46200	-714.4365	-695.8156	-18.62095	0.2925922	0.998114	3.76246e-05	0.00184818	0.1826374
46400	-709.3293	-692.6225	-16.70676	0.2814163	0.994641	0.00489815	0.000460738	0.03567568
46600	-713.638	-695.174	-18.46399	0.3304936	0.994855	0.00101171	0.00413369	0.1384212
46800	-713.0107	-696.1616	-16.84905	0.3315968	0.990358	0.00816852	0.00147306	0.007185382
47000	-718.2338	-700.2134	-18.02045	0.283876	0.994503	0.00411803	0.00137929	0.1367991
47200	-711.9777	-694.0657	-17.91209	0.311217	0.992854	0.00681686	0.000329594	0.1086224
47400	-710.4167	-692.9225	-17.49425	0.3057287	0.992235	0.00654623	0.0012188	0.07917973
47600	-714.5182	-697.6796	-16.83863	0.3047215	0.99059	0.00454508	0.00486516	0.02828115
47800	-707.1728	-689.387	-17.7858	0.3025776	0.996011	0.00193606	0.00205312	0.1029634
48000	-713.8682	-696.9126	-16.95558	0.2750131	0.995533	0.000592735	0.00387394	0.06158956
48200	-713.7361	-696.2065	-17.52961	0.2951192	0.991509	0.00157605	0.00691486	0.0937206
48400	-710.5446	-693.8859	-16.65874	0.3192762	0.999636	0.000222495	0.000141314	0.001508521
48600	-708.286	-691.1994	-17.08657	0.2946204	0.999464	0.00015764	0.000378714	0.05615304
48800	-710.7296	-692.4589	-18.27068	0.2889505	0.993548	0.00628972	0.000162213	0.1506525
49000	-713.9131	-695.989	-17.92413	0.2547676	0.995809	0.00180665	0.00238425	0.1548059
49200	-712.4238	-694.3345	-18.08925	0.2897056	0.984349	0.0140602	0.00159088	0.137574
49400	-716.9523	-700.1314	-16.8209	0.2785613	0.976433	0.0109864	0.0125808	0.04835147
49600	-708.9627	-691.3959	-17.56685	0.3001568	0.994693	0.00483753	0.00046915	0.09117714
49800	-708.3318	-688.7657	-19.56609	0.3177877	0.997352	0.00188858	0.000759509	0.243363
50000	-711.4872	-694.8151	-16.67213	0.3201569	0.997382	0.00249466	0.000123243	0.001874907
50200	-715.2734	-698.1544	-17.11893	0.3214685	0.999535	0.000243879	0.00022142	0.03701236
50400	-709.2791	-692.0758	-17.2033	0.2992056	0.996504	0.000957629	0.00253885	0.06335939
50600	-707.6751	-690.2645	-17.41063	0.2777675	0.989747	0.00852092	0.00173223	0.09624153
50800	-711.205	-693.1515	-18.05357	0.303764	0.992672	0.00312268	0.00420539	0.1267664
51000	-709.9582	-693.3218	-16.63647	0.3019564	0.994718	0.00256796	0.00271412	0.01368867
51200	-714.9541	-695.951	-19.00309	0.2979883	0.987228	0.000309684	0.0124624	0.2118664
51400	-712.0616	-691.8939	-20.16771	0.3111001	0.993011	0.00145246	0.00553651	0.2885118
51600	-718.2451	-701.6339	-16.61122	0.2892343	0.985972	0.00970109	0.00432711	0.02146006
51800	-711.3973	-695.1136	-16.28366	0.2817354	0.994487	4.34712e-05	0.00546923	0.001580777
52000	-710.9206	-691.9034	-19.01721	0.2909693	0.998139	0.000532514	0.0013288	0.2137207
52200	-716.6777	-699.5427	-17.13504	0.3433127	0.998597	0.000839428	0.000563709	0.02174037
52400	-714.8528	-697.0305	-17.82229	0.304437	0.997153	0.00114601	0.0017007	0.1093202
52600	-708.8607	-691.9611	-16.89959	0.3110645	0.990467	0.00427176	0.00526109	0.02746612
52800	-712.6418	-695.7826	-16.8592	0.3085868	0.986856	0.00490792	0.0082365	0.0263527
53000	-716.1813	-695.7502	-20.43112	0.3216645	0.992038	0.0050371	0.00292514	0.3080007
53200	-711.0282	-694.3984	-16.62974	0.2960209	0.996567	0.00234085	0.00109231	0.01794219
53400	-712.496	-694.3446	-18.15142	0.3041352	0.993639	0.00338467	0.00297612	0.1364836
53600	-718.6149	-698.959	-19.6559	0.2758701	0.994265	0.00489075	0.000844281	0.2784951
53800	-715.4437	-696.1175	-19.32616	0.3226469	0.986341	0.0129884	0.000671034	0.2124877
54000	-709.7864	-690.7331	-19.05331	0.3193667	0.991213	0.00605042	0.00273702	0.1971317
54200	-711.0309	-694.6995	-16.33147	0.2851349	0.995795	0.0026366	0.00156791	0.002680742
54400	-718.9244	-701.5198	-17.40464	0.3154193	0.997844	0.00157426	0.000581958	0.06493815
54600	-711.0154	-694.476	-16.53941	0.2695831	0.998494	0.00104045	0.00046521	0.03145748
54800	-714.639	-697.2166	-17.42237	0.3236489	0.996251	0.00235488	0.00139398	0.05961234
55000	-710.1094	-690.5401	-19.56937	0.3183961	0.996135	0.0007555	0.00310992	0.2416044
55200	-712.33	-695.0811	-17.24887	0.3348573	0.993479	0.00581572	0.000705646	0.03864847
55400	-707.6247	-690.8756	-16.7491	0.3080794	0.995444	0.00280111	0.00175526	0.01767999
55600	-713.6423	-696.2567	-17.38563	0.3160124	0.99164	0.00803831	0.000321589	0.06498476
55800	-715.6145	-698.0297	-17.5848	0.290156	0.994136	0.00578558	7.88813e-05	0.09652352
56000	-711.6103	-693.5926	-18.01778	0.3439966	0.993267	0.000860266	0.00587245	0.0909036
56200	-711.3532	-693.5384	-17.81475	0.2896924	0.999074	0.000365216	0.000561257	0.1170038
56400	-706.245	-689.2413	-17.00364	0.2704502	0.996684	0.00242864	0.00088695	0.06774365
56600	-719.3985	-701.9558	-17.44269	0.3166063	0.993153	0.00400691	0.0028399	0.06988805
56800	-707.0185	-690.5549	-16.46366	0.285992	0.996376	0.000780044	0.0028437	0.01243279
57000	-717.5045	-699.8724	-17.63212	0.2869509	0.997386	0.000831832	0.00178211	0.1052533
57200	-713.6195	-695.9992	-17.62028	0.3188677	0.973674	0.0211016	0.00522392	0.07958269
57400	-707.5271	-688.9873	-18.53981	0.3381669	0.99604	0.00317758	0.000782802	0.1390521
57600	-713.2289	-694.7127	-18.51622	0.2847391	0.996442	0.00120965	0.00234802	0.1768177
57800	-714.2928	-696.2484	-18.04442	0.3191944	0.993762	0.0058678	0.000370501	0.1154632
58000	-718.5541	-701.185	-17.36906	0.3082119	0.98953	0.00294862	0.00752138	0.06734326
58200	-712.2295	-694.6799	-17.54958	0.3091205	0.990944	0.00769832	0.00135754	0.08424154
58400	-706.5042	-688.8664	-17.6378	0.2813402	0.99708	0.00103996	0.00188038	0.1106037
58600	-716.2143	-697.4169	-18.79738	0.2949233	0.989218	0.00729771	0.0034838	0.1949542
58800	-713.2088	-695.2947	-17.91404	0.2967073	0.995613	0.00119873	0.00318843	0.1207433
59000	-707.8677	-690.6699	-17.19782	0.3176847	0.992771	0.00156077	0.00566824	0.04635541
59200	-710.2179	-693.5289	-16.68901	0.3014686	0.996943	0.00235011	0.000706594	0.01819388
59400	-714.519	-697.6029	-16.91619	0.3186306	0.99394	0.00305728	0.0030025	0.02382409
59600	-711.0654	-694.1538	-16.91167	0.3019419	0.994365	0.00185783	0.00377755	0.03704172
59800	-719.0119	-698.488	-20.52388	0.2943208	0.991203	0.0010403	0.00775662	0.3388685
60000	-716.0715	-698.0538	-18.01774	0.3471121	0.991862	0.00583815	0.00230034	0.09010028
60200	-714.4593	-697.5831	-16.87629	0.282233	0.991866	0.00222637	0.00590807	0.04838421
60400	-710.4912	-690.5252	-19.96598	0.306616	0.999045	0.000752925	0.000201911	0.2716995
60600	-704.7524	-688.1209	-16.63146	0.3037306	0.99432	0.000709396	0.00497075	0.01200562
60800	-711.4778	-694.1694	-17.30838	0.3030118	0.994198	0.00560198	0.000199853	0.06758518
61000	-709.6013	-692.1689	-17.43238	0.2909045	0.997588	0.000403472	0.00200847	0.08848682
61200	-710.4089	-693.5188	-16.89011	0.2788561	0.998362	0.000279488	0.00135852	0.05212573
61400	-710.0406	-692.8374	-17.20324	0.2736288	0.993339	0.00265579	0.00400492	0.0810216
61600	-710.1834	-692.4184	-17.765	0.295882	0.994804	0.00113938	0.004057	0.1118093
61800	-711.7434	-694.8073	-16.93603	0.2902718	0.991468	0.00232911	0.00620298	0.04633911
62000	-711.1892	-694.3816	-16.80761	0.3050877	0.994242	0.00124464	0.00451335	0.02596628
62200	-708.9264	-690.0768	-18.84966	0.3159079	0.996146	0.00247483	0.00137917	0.1814835
62400	-712.4417	-695.6552	-16.78646	0.3224756	0.986489	0.011331	0.00217976	0.009201666
62600	-715.1025	-697.618	-17.48441	0.3137514	0.988155	0.0082432	0.00360228	0.07517092
62800	-710.9746	-693.2822	-17.69247	0.2898123	0.992353	0.00622631	0.00142065	0.108677
63000	-713.0083	-695.6137	-17.39459	0.3361804	0.998312	0.000872263	0.000816076	0.04767459
63200	-715.7327	-698.0231	-17.70966	0.3019003	0.997768	0.00152343	0.000708102	0.1017201
63400	-708.8102	-691.5368	-17.27337	0.2984435	0.993188	0.0043615	0.00245077	0.06715619
63600	-717.6371	-700.7554	-16.88173	0.269379	0.990013	0.0027548	0.00723269	0.06075544
63800	-711.5895	-694.373	-17.21645	0.296441	0.994403	0.000234096	0.00536294	0.06464449
64000	-712.2533	-695.5169	-16.73637	0.3153682	0.986858	0.00822953	0.00491212	0.01107189
64200	-711.3779	-693.7118	-17.66611	0.310915	0.995588	0.00302156	0.00139019	0.09025792
64400	-708.1438	-690.8245	-17.31934	0.3266926	0.999059	0.000642075	0.000298517	0.04911395
64600	-715.9074	-698.8786	-17.02879	0.3302445	0.992542	0.000464106	0.00699425	0.02232853
64800	-710.5827	-693.8261	-16.75655	0.3009023	0.987824	0.00501711	0.00715895	0.02440316
65000	-705.6575	-689.074	-16.58352	0.2852857	0.993824	0.00597912	0.000196454	0.02287741
65200	-708.4403	-690.6294	-17.81088	0.3095347	0.995472	0.0038221	0.000705802	0.09960046
65400	-708.4625	-691.1715	-17.29095	0.2899944	0.995172	8.57139e-05	0.00474186	0.07493576
65600	-713.4347	-694.348	-19.08666	0.3212836	0.990195	0.00858796	0.0012173	0.1989303
65800	-711.3803	-693.9992	-17.38103	0.2741178	0.988839	0.00018261	0.0109783	0.09276215
66000	-710.7791	-693.8445	-16.93459	0.3173013	0.994168	0.00135707	0.00447464	0.02520616
66200	-713.5292	-696.3889	-17.14034	0.2956279	0.99671	0.0014632	0.00182668	0.05936705
66400	-711.949	-695.325	-16.624	0.2986076	0.989681	0.00341311	0.00690589	0.01502895
66600	-705.0094	-688.123	-16.88649	0.2993814	0.996086	0.00245191	0.0014618	0.03621147
66800	-716.2066	-700.0366	-16.17002	0.2566412	0.986564	0.00250504	0.0109306	0.01281138
67000	-712.2553	-694.268	-17.98733	0.2752534	0.992829	0.00450447	0.00266687	0.1450946
67200	-717.5383	-699.6016	-17.93664	0.3081483	0.996812	0.00129953	0.00188895	0.1137118
67400	-706.3312	-688.5442	-17.78706	0.3159042	0.999149	0.00036993	0.000481433	0.09549341
67600	-713.5152	-696.8866	-16.62862	0.288974	0.99036	6.5397e-05	0.00957421	0.02296015
67800	-718.9838	-698.3366	-20.64719	0.2668911	0.99655	0.00198279	0.00146742	0.3655507
68000	-712.223	-695.5089	-16.71415	0.3057815	0.987434	0.0122656	0.000299887	0.0169112
68200	-711.5968	-694.0237	-17.57316	0.2954744	0.99279	0.0032813	0.00392901	0.09580632
68400	-708.5995	-692.0642	-16.53525	0.2824422	0.993124	0.00264679	0.00422938	0.02223261
68600	-706.8239	-689.9152	-16.90875	0.296815	0.997571	0.00152339	0.000905888	0.03938843
68800	-713.0303	-695.7851	-17.24521	0.3479372	0.992785	0.00384308	0.00337216	0.02680899
69000	-713.6636	-695.282	-18.38164	0.3343053	0.991295	0.0003114	0.00839327	0.1291587
69200	-707.0412	-690.2418	-16.79939	0.303358	0.998792	0.000922643	0.000285137	0.02570356
69400	-709.497	-692.4199	-17.07711	0.2900093	0.995992	0.00131192	0.00269604	0.05864426
69600	-711.9766	-693.5864	-18.39016	0.3160386	0.988227	0.01007	0.00170323	0.1429959
69800	-710.7677	-692.4537	-18.314	0.2807675	0.997663	7.43763e-06	0.0023299	0.1628527
70000	-710.1205	-692.1497	-17.97083	0.3274349	0.998671	0.000810848	0.000517823	0.103924
70200	-712.9631	-695.4522	-17.5109	0.2996393	0.996561	0.000815118	0.00262346	0.08947498
70400	-713.1311	-694.3505	-18.78066	0.2931937	0.994438	0.00295662	0.00260498	0.1904189
70600	-707.9681	-690.4932	-17.47493	0.2938652	0.994588	0.0034879	0.00192437	0.08692561
70800	-712.265	-695.1115	-17.15348	0.3080967	0.997136	0.00245043	0.000413599	0.05033178
71000	-714.1162	-694.8377	-19.27852	0.297501	0.995866	0.00171278	0.0024214	0.2251303
71200	-716.1814	-699.0274	-17.15398	0.2924453	0.995385	0.00359308	0.00102231	0.06367619
71400	-710.9562	-692.9017	-18.05446	0.3132501	0.992191	5.86119e-05	0.00775069	0.1166365
71600	-710.3493	-692.7585	-17.59088	0.3425413	0.99837	0.00156945	6.08351e-05	0.05816325
71800	-722.7906	-704.4411	-18.34952	0.3114462	0.994377	0.00120698	0.00441569	0.1483049
72000	-716.4326	-699.4853	-16.9473	0.3167604	0.997871	0.000499206	0.00162945	0.02686425
72200	-715.294	-697.9482	-17.34583	0.3170478	0.981477	0.0043458	0.0141769	0.05731514
72400	-707.2242	-688.6743	-18.54986	0.290292	0.998447	0.00081684	0.000735755	0.1766025
72600	-708.2642	-691.5795	-16.68474	0.3177155	0.991166	0.0073568	0.00147716	0.005056062
72800	-710.3375	-693.0862	-17.25123	0.3108894	0.997303	0.000135466	0.00256165	0.05420322
73000	-711.5746	-694.537	-17.03752	0.3195566	0.984375	0.012968	0.00265694	0.03260068
73200	-707.571	-690.7385	-16.83248	0.2925816	0.997259	0.00125534	0.00148532	0.03722829
73400	-706.2004	-689.7324	-16.46798	0.2948036	0.997793	0.000346942	0.00185996	0.005841312
73600	-713.415	-696.7231	-16.69193	0.3067039	0.98623	0.00732044	0.0064498	0.01432993
73800	-716.5437	-699.6401	-16.90355	0.3170223	0.990849	0.00226199	0.00688868	0.02441134
74000	-707.3984	-689.5442	-17.85422	0.3123527	0.999582	0.000301946	0.000116104	0.1052888
74200	-712.1668	-694.8521	-17.31466	0.2858994	0.990282	0.00564831	0.00406987	0.08090932
74400	-710.2536	-691.4794	-18.7742	0.3043315	0.998439	0.000381509	0.00117903	0.1861176
74600	-717.4071	-696.9336	-20.47358	0.3304865	0.97857	0.0118552	0.00957463	0.3030955
74800	-713.9459	-697.5228	-16.42313	0.2970836	0.989569	0.00448636	0.0059444	0.0004373108
75000	-706.6894	-690.3763	-16.3131	0.281603	0.994335	0.00192094	0.00374393	0.004078166
75200	-710.4198	-692.9967	-17.42303	0.2895358	0.997576	0.00124626	0.0011776	0.08560268
75400	-709.5035	-693.1996	-16.30388	0.2684707	0.994281	0.00436191	0.00135664	0.01376491
75600	-719.1982	-701.5265	-17.67172	0.3532307	0.987908	0.00929905	0.00279267	0.05484071
75800	-720.8799	-702.2486	-18.63134	0.3087906	0.978735	0.00665046	0.0146149	0.1676687
76000	-714.2233	-697.407	-16.81624	0.3101808	0.990591	0.00815109	0.0012578	0.02280283
76200	-717.2469	-699.607	-17.63991	0.2871473	0.994026	0.000248939	0.00572521	0.1075144
76400	-709.2435	-691.528	-17.7155	0.2628576	0.991165	0.00796632	0.000868273	0.1279748
76600	-710.7172	-693.5144	-17.20276	0.3235704	0.992834	0.0062358	0.000929801	0.04253829
76800	-712.1893	-695.532	-16.65731	0.3190908	0.988111	0.00967311	0.00221558	0.001577045
77000	-712.8294	-695.199	-17.63041	0.3264077	0.988994	0.00085268	0.010153	0.07387424
77200	-716.864	-698.6037	-18.26028	0.345084	0.993599	0.00448092	0.00191971	0.1141643
77400	-716.8716	-697.9222	-18.94939	0.3670776	0.983924	0.0150291	0.00104744	0.1506901
77600	-708.6439	-688.8656	-19.77826	0.2917446	0.998044	0.000612992	0.00134252	0.272803
77800	-714.8668	-696.3388	-18.52794	0.2754818	0.99847	0.00134028	0.00018932	0.1822287
78000	-714.6465	-698.334	-16.31245	0.273085	0.995481	0.000161159	0.00435825	0.01081031
78200	-711.3872	-694.3381	-17.04907	0.332234	0.997616	0.000250028	0.00213355	0.02337481
78400	-707.9289	-689.8709	-18.05802	0.3007019	0.994409	0.00510174	0.000488942	0.1311488
78600	-713.0909	-693.9898	-19.10102	0.3312619	0.9953	0.00286451	0.00183547	0.1906668
78800	-717.0861	-700.2974	-16.78874	0.3036973	0.991737	5.63425e-05	0.00820642	0.02482009
79000	-707.8268	-690.2928	-17.53396	0.3112704	0.995689	0.00183014	0.00248109	0.07803288
79200	-714.9711	-697.1603	-17.81088	0.3124737	0.992803	0.00174036	0.00545667	0.1055267
79400	-721.1719	-700.1141	-21.05779	0.3441467	0.960422	0.0376794	0.0018983	0.3360979
79600	-711.8257	-692.7268	-19.09889	0.3260572	0.989604	0.0103189	7.73135e-05	0.1918149
79800	-714.7803	-698.3353	-16.44504	0.2964209	0.996191	0.00309937	0.000709639	0.002754607
80000	-717.2701	-700.5824	-16.68773	0.2962211	0.993885	0.00384251	0.0022726	0.02382089
80200	-712.8363	-695.4492	-17.38711	0.2806862	0.994573	0.000142938	0.00528407	0.08975169
80400	-717.467	-699.545	-17.92198	0.3581456	0.987037	0.0117141	0.00124861	0.07276271
80600	-713.7008	-695.7502	-17.95058	0.2833249	0.996887	0.00191707	0.00119548	0.1364444
80800	-709.3259	-692.4917	-16.83415	0.2973963	0.997339	0.00263495	2.56508e-05	0.03412084
81000	-711.6579	-695.319	-16.33897	0.2589888	0.992616	0.000836741	0.0065468	0.02389031
81200	-707.7862	-690.8072	-16.97898	0.3167682	0.997837	0.00120504	0.000958028	0.02888515
81400	-713.9271	-692.6963	-21.23074	0.2917552	0.99032	0.00827408	0.00140582	0.3782666
81600	-710.8162	-694.0101	-16.80609	0.3341764	0.992273	0.00101243	0.00671408	0.001382405
81800	-707.7976	-691.0385	-16.75912	0.3155865	0.998787	0.000591586	0.000621088	0.01279615
82000	-709.3321	-692.262	-17.07019	0.3245113	0.995678	0.00120525	0.00311718	0.03149639
82200	-716.4978	-699.1541	-17.34367	0.3029347	0.990249	0.0016231	0.00812821	0.07268321
82400	-712.5226	-694.4803	-18.04233	0.2629765	0.996692	0.00285976	0.000448026	0.1570221
82600	-715.6277	-698.9471	-16.68063	0.3189975	0.991002	0.00881561	0.000182143	0.003489438
82800	-713.0071	-693.3432	-19.66383	0.2784064	0.996526	0.000337847	0.00313572	0.2720724
83000	-708.296	-690.1385	-18.15744	0.3054075	0.995159	0.00291893	0.00192213	0.1329761
83200	-707.1037	-690.4318	-16.67184	0.3033109	0.998816	0.000741151	0.000442401	0.01525072
83400	-712.3677	-695.651	-16.71674	0.3250362	0.99431	0.00516248	0.000527022	0.001554737
83600	-708.3187	-691.2576	-17.06112	0.3279039	0.993945	0.00141395	0.00464147	0.0270948
83800	-712.0416	-693.9178	-18.1238	0.3041845	0.997414	0.000564278	0.00202123	0.133551
84000	-712.9762	-694.9318	-18.04432	0.3111351	0.995193	0.0022545	0.00255205	0.1211246
84200	-709.4067	-692.3836	-17.02312	0.3074627	0.997646	0.000408131	0.00194607	0.04161326
84400	-716.223	-699.7063	-16.51661	0.270046	0.978964	0.0182433	0.0027929	0.03017562
84600	-708.7355	-691.8763	-16.85912	0.2924604	0.996947	0.0018794	0.0011733	0.03956442
84800	-707.8839	-691.0918	-16.79208	0.2950277	0.980376	0.0192686	0.000355167	0.03153169
85000	-714.2701	-697.0472	-17.22295	0.3263849	0.992477	0.00519908	0.00232428	0.04197717
85200	-708.9375	-691.655	-17.28256	0.3181728	0.997423	0.000913226	0.00166363	0.05370492
85400	-712.0656	-695.0852	-16.9804	0.2880108	0.988969	0.00580351	0.00522713	0.05229579
85600	-709.9806	-693.3474	-16.63325	0.3152392	0.993033	0.00174703	0.00521953	0.002675854
85800	-712.9857	-695.6372	-17.34854	0.3364438	0.993683	0.00487113	0.00144553	0.04399352
86000	-706.4115	-688.1153	-18.29629	0.2938988	0.996654	0.000347587	0.00299807	0.1512738
86200	-717.4558	-700.2086	-17.24715	0.3021122	0.984488	0.00937244	0.00613935	0.06243144
86400	-710.4079	-693.6801	-16.7278	0.2993013	0.984478	0.00738813	0.00813403	0.02366097
86600	-712.745	-691.6828	-21.06223	0.2922832	0.979686	0.0195908	0.000723413	0.3737376
86800	-714.6724	-697.9557	-16.71666	0.2573815	0.996728	0.00308486	0.000186716	0.05505662
87000	-705.5898	-687.081	-18.50876	0.2966681	0.998482	0.000647634	0.000870083	0.1676041
87200	-711.3799	-693.2694	-18.11047	0.2921547	0.996867	0.00296436	0.000169019	0.139763
87400	-712.1871	-694.9652	-17.22191	0.3288328	0.993577	0.00387141	0.00255203	0.04030347
87600	-718.8292	-697.8265	-21.00275	0.3501363	0.985758	0.0027842	0.0114579	0.3219109
87800	-707.7718	-689.9711	-17.8007	0.3173805	0.991793	0.00343176	0.00477565	0.09447549
88000	-709.9104	-693.2497	-16.66074	0.3055549	0.995731	0.00230024	0.00196872	0.01262464
88200	-710.1912	-692.6826	-17.50865	0.3132802	0.986405	0.0039362	0.00965901	0.07411362
88400	-718.2545	-701.4711	-16.78341	0.3017798	0.988388	0.00386385	0.0077479	0.02667437
88600	-710.2872	-693.8732	-16.414	0.2804072	0.991304	0.000452378	0.00824319	0.01299255
88800	-715.6143	-699.1825	-16.43175	0.2791441	0.989851	0.00592488	0.00422449	0.0152925
89000	-713.287	-695.2533	-18.03365	0.314419	0.994274	4.64889e-05	0.0056798	0.1156748
89200	-712.2496	-694.9542	-17.29538	0.276167	0.987231	0.00802876	0.00473987	0.08617532
89400	-713.4987	-696.6153	-16.8834	0.3358018	0.995019	0.0008217	0.00415957	0.006571058
89600	-715.1015	-695.6386	-19.46285	0.3290035	0.991072	0.00302576	0.00590198	0.2185229
89800	-711.564	-693.8159	-17.74817	0.3091616	0.993325	0.00443475	0.00224038	0.09688009
90000	-708.8524	-691.6128	-17.23965	0.2955275	0.994285	0.00402754	0.00168765	0.0664973
90200	-712.3127	-693.4202	-18.89248	0.2881169	0.996844	0.000546522	0.00260917	0.2072713
90400	-711.0575	-694.1708	-16.88672	0.3061413	0.996059	0.00294059	0.00100086	0.02999511
90600	-715.1621	-698.6956	-16.46655	0.2557485	0.993569	0.00642083	1.01337e-05	0.03782973
90800	-716.1566	-699.4405	-16.71605	0.2838232	0.992439	0.00079979	0.0067617	0.03510404
91000	-716.8094	-699.6533	-17.15602	0.3343553	0.989692	0.00578806	0.00451973	0.02943851
91200	-713.1335	-696.1126	-17.02093	0.3269881	0.989649	0.00484279	0.00550795	0.02526951
91400	-708.5178	-691.6492	-16.86863	0.3115381	0.994311	0.0023338	0.00335519	0.02510164
91600	-709.6391	-693.2654	-16.37376	0.2604435	0.99497	0.00108935	0.00394019	0.02614428
91800	-706.7474	-689.9271	-16.82031	0.32988	0.99721	0.00131218	0.00147769	0.006094495
92000	-710.5574	-693.3188	-17.23867	0.2984941	0.98815	0.00474457	0.00710502	0.06456309
92200	-710.9105	-693.7485	-17.16195	0.2963386	0.99064	0.00786351	0.00149619	0.05981993
92400	-708.7515	-691.1134	-17.6381	0.2981157	0.994815	0.00423968	0.000945413	0.09541668
92600	-715.4219	-698.0475	-17.37433	0.3245481	0.986898	0.0113898	0.00171254	0.05643305
92800	-711.2776	-694.2331	-17.04455	0.2672319	0.985373	0.0140766	0.000550463	0.07439428
93000	-711.5823	-694.0463	-17.53607	0.3192273	0.99248	0.00474899	0.00277148	0.07261398
93200	-714.0192	-696.1973	-17.8219	0.3021592	0.997981	0.00145891	0.000559812	0.109275
93400	-710.4591	-693.6118	-16.84729	0.2894559	0.997111	0.000141672	0.00274766	0.04169093
93600	-706.9531	-690.3957	-16.5574	0.3018246	0.997199	0.000691978	0.00210892	0.007522968
93800	-718.343	-701.3791	-16.96392	0.2970052	0.983105	0.00166661	0.015228	0.04479725
94000	-710.1945	-690.6715	-19.52298	0.2935659	0.998412	0.000564558	0.00102351	0.2570835
94200	-708.9083	-692.2374	-16.6709	0.3100771	0.997181	0.00215155	0.000667443	0.009705547
94400	-708.7314	-691.8977	-16.83371	0.2930638	0.995717	0.00104067	0.00324239	0.03677456
94600	-715.7202	-697.1271	-18.59304	0.3466247	0.999049	0.00058006	0.000370846	0.1459321
94800	-715.3133	-694.5442	-20.76912	0.2959756	0.998138	0.000404983	0.00145678	0.3401639
95000	-708.5444	-690.9123	-17.63211	0.2905742	0.991087	0.00107326	0.00783979	0.1046276
95200	-715.2788	-698.6555	-16.62331	0.3052744	0.997271	0.000906973	0.00182184	0.01017089
95400	-713.1176	-695.8463	-17.27135	0.2648819	0.984715	0.00173682	0.0135486	0.09505058
95600	-711.04	-692.6574	-18.38267	0.2893544	0.994845	0.00389264	0.00126202	0.1624336
95800	-717.4593	-700.7397	-16.71952	0.3246415	0.988834	0.003926	0.0072401	0.002125273
96000	-710.1568	-692.1777	-17.97914	0.2737445	0.99104	0.00704579	0.00191392	0.146313
96200	-710.0193	-693.3804	-16.63892	0.2871673	0.997326	0.000744423	0.00192999	0.02636169
96400	-719.354	-702.0591	-17.29485	0.3322405	0.991475	0.0067585	0.00176648	0.04410959
96600	-714.757	-695.7984	-18.95858	0.3330877	0.997999	0.00109927	0.000902123	0.1727783
96800	-711.61	-693.9634	-17.64658	0.3410953	0.997292	0.00203672	0.000671137	0.06596801
97000	-711.6041	-694.1883	-17.41581	0.3345254	0.988909	0.00511386	0.00597763	0.05035547
97200	-708.3582	-690.2353	-18.12295	0.3060316	0.998166	0.000766385	0.00106784	0.1292003
97400	-718.0208	-699.6982	-18.3226	0.3523068	0.989147	0.0019632	0.00888979	0.1101978
97600	-708.9886	-692.5482	-16.44042	0.2676915	0.99179	0.00811171	9.81649e-05	0.02481074
97800	-711.7774	-692.487	-19.29043	0.3200165	0.993232	0.00616959	0.000598865	0.2088744
98000	-710.2679	-691.0476	-19.22026	0.2681531	0.997214	0.0017567	0.0010295	0.2447806
98200	-709.2988	-692.2418	-17.05692	0.327092	0.997117	0.00184568	0.00103726	0.02734007
98400	-714.7673	-694.1985	-20.56871	0.2805287	0.995411	0.00349476	0.00109409	0.3434024
98600	-706.741	-689.5915	-17.14948	0.283384	0.996506	0.00207963	0.00141476	0.06950994
98800	-710.5504	-693.2449	-17.30548	0.2936862	0.990041	0.00988774	7.15233e-05	0.07377575
99000	-717.5356	-700.7426	-16.79304	0.3129525	0.989785	0.00516842	0.00504664	0.01778646
99200	-709.8205	-693.147	-16.67343	0.2964476	0.994885	0.00223543	0.00288007	0.02148494
99400	-708.9146	-691.9637	-16.95095	0.284752	0.998161	0.00117295	0.000666312	0.05208041
99600	-714.5956	-694.2155	-20.38017	0.3142714	0.994328	0.00253283	0.00313927	0.3094441
99800	-717.6869	-701.2945	-16.39245	0.2818517	0.997164	0.00228674	0.000548776	0.01078994
100000	-713.7046	-695.5456	-18.15901	0.3221138	0.992737	0.00517474	0.00208863	0.1188558
100200	-713.8432	-695.841	-18.0022	0.3464479	0.995027	0.000406912	0.00456632	0.09044824
100400	-712.4019	-695.2636	-17.13824	0.294035	0.993725	0.00478154	0.00149323	0.06125872
100600	-711.0741	-693.793	-17.28106	0.31917	0.99885	0.000877458	0.00027271	0.05264973
100800	-713.6371	-696.4048	-17.2323	0.3299458	0.989588	0.00220339	0.00820882	0.0399822
101000	-712.0001	-693.7402	-18.25984	0.3168304	0.998526	0.000925262	0.000548313	0.1322976
101200	-711.8484	-693.3296	-18.51878	0.2898109	0.994936	0.00498439	7.937e-05	0.175395
101400	-714.7077	-696.6888	-18.01886	0.3449138	0.998382	0.000963349	0.000654213	0.09456797
101600	-707.7209	-690.4636	-17.25727	0.3456607	0.999463	0.00034262	0.000194292	0.02807533
101800	-718.7556	-699.6095	-19.14617	0.3449163	0.996804	0.00235277	0.000842915	0.1842882
102000	-711.6655	-693.422	-18.24357	0.3171304	0.998723	0.000617694	0.000659296	0.1289942
102200	-714.4287	-697.5803	-16.84842	0.2736387	0.990403	0.00660837	0.00298827	0.05416854
102400	-712.2849	-695.6192	-16.66571	0.3053823	0.993727	0.000616368	0.00565685	0.01334327
102600	-725.1066	-707.9276	-17.17903	0.2916147	0.990279	0.00315733	0.00656392	0.06788424
102800	-706.449	-689.5997	-16.84929	0.2827877	0.998486	0.00030947	0.00120457	0.0477845
103000	-719.0151	-702.0076	-17.00744	0.2974738	0.989179	0.00859543	0.00222528	0.04758485
103200	-710.2066	-693.1254	-17.08116	0.3014958	0.996074	0.00294065	0.000985144	0.05102283
103400	-714.9057	-695.1407	-19.7651	0.3409659	0.988894	0.00562784	0.00547838	0.2345026
103600	-705.9626	-689.4247	-16.53791	0.3006111	0.994926	0.00414918	0.000925108	0.00672344
103800	-713.3466	-695.6112	-17.73538	0.307502	0.996051	0.00306872	0.000879949	0.0975085
104000	-719.6069	-701.7415	-17.86535	0.3218368	0.996078	0.00317843	0.000743496	0.09649894
104200	-713.3768	-696.0329	-17.34395	0.2963141	0.997275	0.000620349	0.00210428	0.0761091
104400	-718.8217	-701.9644	-16.85732	0.2926442	0.989465	0.000631758	0.00990365	0.03911652
104600	-709.2308	-691.9345	-17.29628	0.3143714	0.996358	0.00164113	0.00200099	0.05700562
104800	-709.5694	-692.3848	-17.18464	0.3200342	0.987922	0.00564605	0.00643153	0.04432866
105000	-719.5642	-701.5195	-18.04466	0.3393668	0.991647	0.00357865	0.00477481	0.1040951
105200	-705.6413	-688.4507	-17.19063	0.3212452	0.998464	0.000268783	0.00126767	0.04160605
105400	-715.1239	-697.2036	-17.92029	0.2803982	0.996199	0.000639246	0.0031614	0.1400704
105600	-709.1931	-691.3031	-17.88999	0.3069429	0.989143	0.00662459	0.00423211	0.1082947
105800	-711.7884	-693.1696	-18.61881	0.3139497	0.990416	0.000674819	0.00890943	0.1616546
106000	-709.3231	-692.033	-17.29004	0.3105993	0.985642	0.00868564	0.00567192	0.06092336
106200	-712.8687	-696.1155	-16.75321	0.3111391	0.990036	0.00850488	0.00145917	0.01576133
106400	-711.3142	-694.4121	-16.90215	0.3279789	0.987598	0.000837132	0.0115653	0.01426182
106600	-718.6378	-700.9461	-17.69173	0.2939233	0.995702	0.00415995	0.000138534	0.1111551
106800	-710.2402	-692.5834	-17.65681	0.2999007	0.995238	0.00177371	0.00298822	0.1002155
107000	-705.9247	-689.4065	-16.51822	0.3053149	0.997424	0.000212659	0.00236284	0.001419975
107200	-705.2835	-688.0895	-17.19403	0.3140147	0.995374	0.00341751	0.0012087	0.04930316
107400	-712.2484	-694.7561	-17.49221	0.2966246	0.980151	0.0168609	0.00298835	0.08586092
107600	-705.7287	-688.8956	-16.83301	0.3299628	0.997114	0.002815	7.07915e-05	0.006980957
107800	-713.2876	-695.7884	-17.49927	0.3116579	0.981684	0.0126713	0.00564502	0.07902944
108000	-711.9909	-694.0898	-17.90106	0.2850014	0.994934	0.00434517	0.000721163	0.1301331
108200	-709.9116	-692.9367	-16.9749	0.2998834	0.998089	0.00157969	0.000330885	0.04266753
108400	-711.7173	-695.0609	-16.65634	0.2755267	0.989118	0.00881111	0.00207127	0.0364615
108600	-716.5835	-699.6624	-16.92108	0.3108668	0.980935	0.00486679	0.0141986	0.0296429
108800	-708.6531	-690.3648	-18.2882	0.2856169	0.999039	0.000166683	0.000794403	0.1599482
109000	-708.3519	-690.1112	-18.24073	0.3194511	0.998572	0.000695982	0.000732129	0.1284728
109200	-711.0393	-692.8844	-18.15498	0.2912766	0.998531	0.000337717	0.00113134	0.1474247
109400	-710.4393	-692.9994	-17.43994	0.2852125	0.995648	0.00169715	0.00265449	0.0934028
109600	-707.2443	-690.0113	-17.23302	0.2972984	0.99501	0.00400515	0.000984356	0.06546184
109800	-707.9201	-690.0742	-17.84581	0.2879424	0.989032	0.0073311	0.00363699	0.1205205
110000	-712.7209	-694.8101	-17.91079	0.2942049	0.999194	9.79946e-05	0.000708256	0.1197385
110200	-718.7465	-702.1066	-16.63988	0.2728737	0.999374	0.000160126	0.00046613	0.0385196
110400	-716.5011	-696.8283	-19.67278	0.2854377	0.997952	0.000550451	0.0014973	0.2660897
110600	-717.3437	-699.8095	-17.53425	0.2976083	0.995653	0.00223277	0.00211418	0.08984167
110800	-711.314	-694.5209	-16.79305	0.3087575	0.99622	0.0037068	7.31082e-05	0.02169316
111000	-711.525	-694.0031	-17.52186	0.3135672	0.997786	0.00193748	0.000276651	0.07571842
111200	-708.9808	-692.3344	-16.64644	0.3009542	0.979205	0.0185987	0.00219647	0.01508877
111400	-714.4986	-696.4742	-18.02442	0.2858036	0.982217	0.0157889	0.00199383	0.1387152
111600	-716.5606	-699.803	-16.75757	0.2686992	0.980181	0.0158325	0.00398611	0.05037181
111800	-710.0634	-690.4209	-19.64248	0.3233786	0.991092	0.00209654	0.00681187	0.2371292
112000	-706.7296	-688.4989	-18.23067	0.3191212	0.999743	0.000159318	9.74805e-05	0.1286487
112200	-712.8351	-695.5998	-17.23527	0.3169277	0.994216	0.00148459	0.00429989	0.04914742
112400	-706.8993	-690.0923	-16.80699	0.3168092	0.991249	0.00270257	0.00604794	0.01540468
112600	-714.8385	-698.4642	-16.37432	0.2592756	0.997147	0.000602069	0.00225131	0.02718638
112800	-719.5074	-702.3986	-17.10871	0.2899399	0.994015	0.00303925	0.00294567	0.06147555
113000	-712.0648	-695.4846	-16.58019	0.2667893	0.998539	0.00121684	0.000243802	0.0391381
113200	-719.7069	-703.412	-16.29485	0.277226	0.991606	0.00511087	0.00328265	0.006268208
113400	-709.1069	-691.8851	-17.22175	0.278687	0.996922	0.00161662	0.00146103	0.078784
113600	-714.3347	-697.0382	-17.29649	0.276106	0.994812	0.00408168	0.00110616	0.08445605
113800	-717.0315	-699.9131	-17.11843	0.3347868	0.973628	0.0207509	0.00562061	0.02592038
114000	-709.8926	-693.266	-16.62661	0.3006402	0.9891	0.00988672	0.00101312	0.01394252
114200	-717.9571	-700.5716	-17.38556	0.3375001	0.993384	0.00306759	0.00354883	0.04482282
114400	-712.8699	-695.8891	-16.98081	0.2919253	0.999362	0.000616755	2.15492e-05	0.04969588
114600	-711.5772	-694.2441	-17.33305	0.287985	0.998921	6.49167e-05	0.00101406	0.08080473
114800	-711.5724	-693.5414	-18.03097	0.2991636	0.993381	0.00611653	0.000502762	0.1298738
115000	-714.2915	-697.7793	-16.51221	0.3019519	0.989886	0.0058745	0.00423908	0.003741992
115200	-715.862	-697.0444	-18.8176	0.295222	0.995184	0.00112514	0.00369047	0.1937733
115400	-713.522	-695.9666	-17.55532	0.2957402	0.99416	0.00497526	0.000864305	0.0929538
115600	-706.1592	-689.4057	-16.75352	0.2953687	0.994115	0.00516063	0.000724372	0.02831782
115800	-708.181	-690.743	-17.43804	0.301975	0.986516	0.000647759	0.012836	0.07656402
116000	-709.604	-691.2401	-18.3639	0.3145126	0.995454	0.000188763	0.00435709	0.1481227
116200	-708.605	-690.4128	-18.19223	0.28291	0.99535	0.00354662	0.00110381	0.1547529
116400	-711.7642	-694.89	-16.87417	0.3195577	0.99175	0.00584777	0.00240235	0.01959169
116600	-712.0689	-692.7169	-19.35197	0.2836584	0.994782	0.00476717	0.000450352	0.2418028
116800	-716.5248	-700.0409	-16.48385	0.2697986	0.998123	0.00182106	5.64179e-05	0.02715499
117000	-713.8568	-696.69	-17.16683	0.3133286	0.982742	0.000757788	0.0165003	0.04717323
117200	-708.7025	-692.5006	-16.20182	0.2698772	0.996806	0.0017581	0.00143541	0.00447157
117400	-714.9971	-698.203	-16.79416	0.3118528	0.993997	0.00407991	0.00192324	0.01815664
117600	-709.0389	-690.8442	-18.19464	0.3087417	0.991951	0.0029367	0.00511203	0.1358733
117800	-708.9059	-688.6529	-20.25307	0.3175934	0.990685	0.00438372	0.00493106	0.2903539
118000	-708.1271	-689.7348	-18.39225	0.3020994	0.989027	0.00337175	0.00760115	0.1517832
118200	-716.6145	-697.8549	-18.75958	0.3008099	0.98409	0.000568402	0.0153417	0.1899937
118400	-711.5477	-694.3684	-17.1793	0.321616	0.994823	0.000434956	0.004742	0.04150516
118600	-713.1861	-694.366	-18.82012	0.2787736	0.991615	0.00411268	0.00427243	0.2067275
118800	-717.6502	-699.2515	-18.39873	0.3114574	0.980395	0.00436381	0.0152411	0.1465703
119000	-708.8551	-691.8172	-17.03788	0.321982	0.994951	0.000603233	0.00444538	0.02968732
119200	-708.8179	-691.6192	-17.19869	0.2920213	0.989834	0.00193018	0.00823532	0.06593862
119400	-713.1377	-695.4511	-17.68659	0.2801225	0.99823	0.000209891	0.00156021	0.1172981
119600	-717.4353	-700.5869	-16.84838	0.2943389	0.996683	0.000168078	0.00314842	0.03781255
119800	-713.609	-696.3228	-17.28621	0.2990959	0.99625	0.000208957	0.00354103	0.0670129
120000	-715.3444	-698.3817	-16.96264	0.3481199	0.996347	0.00106601	0.00258745	0.002779067
120200	-710.7338	-693.7889	-16.94485	0.2782684	0.986472	0.00127278	0.0122547	0.05705558
120400	-714.782	-698.035	-16.74706	0.3087945	0.988382	0.00752774	0.00409031	0.01675702
120600	-708.735	-690.6696	-18.06535	0.3166978	0.995522	0.00265178	0.00182629	0.1207526
120800	-707.7552	-691.0432	-16.71204	0.2959582	0.995497	0.00159315	0.00290945	0.0242755
121000	-705.2411	-687.821	-17.42014	0.3007189	0.996399	0.000829725	0.00277151	0.07663887
121200	-707.837	-690.2788	-17.55816	0.2735823	0.996365	0.000927975	0.00270735	0.1106719
121400	-714.2189	-695.7131	-18.50586	0.2941666	0.999076	0.000707092	0.000217048	0.1724566
121600	-712.9091	-696.2116	-16.69753	0.3057442	0.996824	0.00204643	0.00112995	0.0158103
121800	-712.7165	-693.2151	-19.50139	0.3086606	0.991116	0.00427341	0.00461056	0.2399291
122000	-711.2402	-693.6192	-17.62101	0.3338384	0.995344	0.00231934	0.0023367	0.06651864
122200	-716.0183	-698.7166	-17.30171	0.3467326	0.997472	0.00222785	0.000299966	0.03095901
122400	-710.9489	-693.5882	-17.36072	0.2930695	0.995658	0.00408014	0.000261708	0.08049818
122600	-711.724	-694.5736	-17.15042	0.280737	0.99585	0.0019212	0.0022291	0.072028
122800	-708.6213	-690.2658	-18.35548	0.3139468	0.991386	0.0026294	0.00598418	0.1419575
123000	-712.2366	-695.3425	-16.89402	0.2975752	0.992023	0.00508652	0.00289063	0.03864776
123200	-708.865	-692.3253	-16.53976	0.301482	0.996806	0.00144669	0.00174766	0.006423276
123400	-715.4829	-698.9499	-16.53304	0.2996529	0.988867	0.00425819	0.00687508	0.007464837
123600	-710.9554	-689.9757	-20.97977	0.2986272	0.994381	0.0032658	0.0023528	0.3570606
123800	-714.7793	-697.7701	-17.00919	0.3167233	0.994992	0.00256218	0.00244603	0.03173491
124000	-721.2249	-704.3184	-16.9065	0.3040427	0.992306	0.00604884	0.0016451	0.03395313
124200	-709.1216	-691.8933	-17.22825	0.3344897	0.997127	0.000356714	0.00251597	0.03557143
124400	-712.524	-695.5048	-17.01917	0.3082385	0.997922	0.000370466	0.00170739	0.04020513
124600	-714.7363	-695.1279	-19.6084	0.3119287	0.993876	0.00599737	0.000126153	0.2520084
124800	-712.9527	-693.5388	-19.41396	0.2723382	0.996204	0.00154049	0.00225587	0.2562152
125000	-710.3711	-693.5271	-16.84405	0.3131474	0.997692	0.00136732	0.00094026	0.02171308
125200	-711.6341	-694.9889	-16.64524	0.3024558	0.997506	0.000977171	0.00151673	0.01387425
125400	-716.1246	-699.1415	-16.98308	0.3194718	0.998037	0.000511063	0.0014515	0.02820421
125600	-715.3118	-690.6255	-24.68636	0.2868346	0.997885	0.00117449	0.000940969	0.6512098
125800	-714.2172	-696.625	-17.59227	0.2973689	0.975408	0.0134532	0.0111391	0.09414808
126000	-709.9367	-692.7492	-17.18749	0.3035841	0.997663	0.000987423	0.00134936	0.05832132
126200	-710.1697	-692.607	-17.5627	0.2974264	0.995953	0.000724742	0.00332234	0.09235585
126400	-711.7448	-695.0556	-16.68918	0.2970143	0.997409	0.00151493	0.00107589	0.02268427
126600	-710.8511	-694.4257	-16.42546	0.2943235	0.996515	0.0018538	0.00163149	0.002898677
126800	-717.0375	-700.3763	-16.66118	0.2818523	0.978886	0.00568988	0.0154239	0.03157876
127000	-711.0704	-694.2184	-16.852	0.3009735	0.991117	0.00770003	0.0011834	0.03187575
127200	-713.7458	-696.2815	-17.46437	0.2864606	0.999235	0.000593635	0.000171678	0.09540598
127400	-715.7538	-697.1757	-18.57808	0.316058	0.995941	0.00129194	0.002767	0.1571219
127600	-717.7049	-698.2722	-19.43275	0.3470083	0.997609	0.00145809	0.000933248	0.2099054
127800	-711.3453	-691.369	-19.97636	0.3486757	0.99241	0.00590836	0.00168115	0.2458368
128000	-714.032	-696.8423	-17.18971	0.2758204	0.99051	0.00563394	0.00385577	0.07798163
128200	-718.2902	-700.3923	-17.89799	0.2925359	0.996348	0.000284595	0.00336762	0.1221133
128400	-709.1429	-691.6926	-17.45028	0.3162622	0.995553	0.000529271	0.0039181	0.06739128
128600	-708.1381	-691.2095	-16.9286	0.2738773	0.984271	0.014392	0.00133713	0.0592459
128800	-719.2097	-701.5384	-17.67127	0.2906585	0.995775	0.000615116	0.00360978	0.1060699
129000	-712.0337	-693.6353	-18.39837	0.3158472	0.994472	0.00149666	0.00403103	0.146686
129200	-713.6565	-695.8529	-17.80364	0.3063386	0.985056	0.0100025	0.0049417	0.1021906
129400	-710.0882	-693.4672	-16.62104	0.2908559	0.990776	0.00505098	0.00417329	0.02109902
129600	-712.9245	-693.8769	-19.04761	0.2741384	0.996457	0.00181029	0.00173222	0.2272137
129800	-710.7886	-693.8896	-16.89897	0.2936045	0.98385	0.00945336	0.00669668	0.04174094
130000	-706.5101	-688.9183	-17.59179	0.3253233	0.999542	0.000134372	0.000323367	0.07267867
130200	-710.4934	-692.1982	-18.29523	0.304105	0.995427	0.00373605	0.000837267	0.1440643
130400	-707.6212	-690.2851	-17.33615	0.2862943	0.99434	0.00545336	0.000206233	0.08115323
130600	-722.3059	-702.6417	-19.66426	0.2950057	0.991852	0.00344057	0.00470769	0.2629052
130800	-713.3236	-695.2481	-18.0755	0.3185727	0.999129	0.000351662	0.00051922	0.1171644
131000	-708.8575	-691.9563	-16.90117	0.3018886	0.998249	0.00159215	0.000159082	0.0354338
131200	-715.4977	-697.416	-18.08176	0.3243888	0.987565	0.00113443	0.0113008	0.1132557
131400	-710.32	-693.6933	-16.6267	0.3082744	0.991625	0.00639568	0.00197951	0.007883438
131600	-714.4562	-697.6612	-16.79501	0.3054991	0.997091	0.00222143	0.000687933	0.02360448
131800	-707.1055	-689.41	-17.69554	0.3066717	0.99353	0.00113088	0.00533937	0.09311869
132000	-715.0948	-698.5645	-16.5303	0.2864345	0.992788	0.003312	0.00389983	0.01827658
132200	-710.0345	-693.2664	-16.76806	0.3095628	0.991635	0.00737973	0.000985359	0.01788359
132400	-708.3645	-689.3293	-19.03517	0.3106465	0.996423	0.000782506	0.00279466	0.1976347
132600	-711.3858	-693.465	-17.92081	0.2948587	0.992272	0.00568394	0.00204367	0.126876
132800	-712.0809	-695.0985	-16.98235	0.3055647	0.989548	0.00267341	0.00777839	0.04027069
133000	-713.4685	-696.7369	-16.73153	0.3013754	0.994324	0.00496087	0.000715559	0.02264456
133200	-715.9182	-698.5492	-17.36897	0.2741452	0.992836	0.000281574	0.00688202	0.09685656
133400	-711.2119	-693.535	-17.6769	0.3237717	0.996216	0.00322714	0.000557323	0.08044867
133600	-708.91	-692.0756	-16.83438	0.331334	0.995353	0.0020823	0.00256515	0.006070092
133800	-712.1172	-692.9686	-19.14857	0.2919978	0.996073	0.00178352	0.00214378	0.2248225
134000	-716.251	-697.8456	-18.40549	0.3641643	0.990738	0.00814384	0.00111794	0.1088542
134200	-705.6324	-688.8752	-16.75713	0.314042	0.998287	0.00151476	0.000197765	0.01367628
134400	-709.6913	-691.67	-18.02131	0.3327253	0.995345	0.00248855	0.00216623	0.09803981
134600	-715.9434	-697.6014	-18.342	0.3187136	0.990156	0.00884385	0.0010005	0.1361219
134800	-705.1378	-688.6426	-16.49524	0.2872049	0.997087	0.00175518	0.00115827	0.01405815
135000	-714.1765	-697.7737	-16.4028	0.2764804	0.991552	0.00589901	0.00254853	0.0149937
135200	-711.4072	-694.1823	-17.22487	0.3248511	0.989656	0.000797835	0.00954615	0.04214919
135400	-714.856	-698.3935	-16.46255	0.2872738	0.972139	0.0161338	0.0117272	0.01174709
135600	-711.9313	-693.0241	-18.90722	0.280711	0.997633	0.000593454	0.00177341	0.2074415
135800	-719.6242	-702.9563	-16.66794	0.2669342	0.987395	0.00918402	0.00342061	0.04438252
136000	-714.2901	-697.5204	-16.76972	0.3200822	0.996393	0.00327154	0.000335483	0.009866065
136200	-715.313	-698.1341	-17.1789	0.3101786	0.994302	0.00481358	0.000884164	0.05002965
136400	-710.4743	-692.6487	-17.82557	0.3021406	0.996948	0.0011545	0.00189727	0.1071593
136600	-710.3971	-692.8494	-17.54773	0.3076813	0.995154	0.00317236	0.00167368	0.0836886
136800	-706.1091	-689.3275	-16.78156	0.3288446	0.99358	0.00447864	0.00194135	0.003688983
137000	-711.3789	-694.9966	-16.38238	0.2798183	0.996544	0.00218994	0.00126605	0.01104548
137200	-707.0837	-688.7567	-18.32698	0.2837382	0.998239	7.16318e-05	0.00168937	0.1618976
137400	-717.3889	-700.4968	-16.89216	0.2995792	0.983698	0.00818157	0.00812066	0.03675405
137600	-708.9661	-692.2193	-16.74688	0.3061776	0.993685	0.00537579	0.000938952	0.01938085
137800	-713.301	-696.1469	-17.15413	0.3283556	0.997547	0.000199312	0.00225355	0.03436487
138000	-715.3314	-697.7675	-17.56396	0.3146709	0.993334	0.00447185	0.00219419	0.08022821
138200	-713.0671	-695.9321	-17.13506	0.3177086	0.996408	0.000266166	0.0033255	0.0411859
138400	-711.2278	-694.4887	-16.73912	0.3257462	0.994916	0.00224142	0.00284227	0.002809866
138600	-716.6372	-699.7929	-16.84428	0.2983945	0.991151	0.00341416	0.00543518	0.03409421
138800	-709.907	-693.1876	-16.71942	0.2812182	0.984145	0.00570438	0.010151	0.03655226
139000	-710.2167	-693.4897	-16.72697	0.308391	0.996324	0.00328022	0.000395318	0.01608067
139200	-706.2902	-689.3268	-16.96331	0.3162859	0.995932	0.0012344	0.00283362	0.02876606
139400	-712.1709	-693.8265	-18.34431	0.3083709	0.991829	0.00314745	0.00502348	0.1478592
139600	-711.601	-691.3853	-20.21567	0.2963986	0.993906	0.00350203	0.00259151	0.3101644
139800	-712.0412	-695.3266	-16.71462	0.2877639	0.995165	0.00473742	9.77371e-05	0.03147142
140000	-715.6091	-698.454	-17.15509	0.3132533	0.98406	0.00498223	0.0109576	0.04734024
140200	-712.2922	-694.4315	-17.86075	0.2885506	0.99586	0.000278989	0.00386092	0.1223971
140400	-712.5534	-695.4781	-17.07527	0.2894639	0.989593	0.000181469	0.0102259	0.06004637
140600	-714.2585	-697.7005	-16.55791	0.2791873	0.990901	0.00644699	0.00265166	0.0254043
140800	-713.8897	-696.8853	-17.00442	0.2897361	0.987569	0.00250272	0.00992798	0.05354038
141000	-712.349	-695.2373	-17.11166	0.3013609	0.992342	0.00641627	0.00124138	0.0517435
141200	-710.949	-692.0381	-18.91082	0.3067005	0.991683	0.00413828	0.00417859	0.1898365
141400	-710.4623	-694.1777	-16.28464	0.2747666	0.996973	0.00168048	0.00134694	0.00740402
141600	-712.492	-692.1446	-20.34746	0.2923835	0.998137	0.00112023	0.000742343	0.3179907
141800	-706.6571	-689.5825	-17.07459	0.289586	0.990917	0.00293125	0.00615177	0.05781381
142000	-709.7416	-692.7583	-16.98327	0.3146056	0.995897	0.000163334	0.00393928	0.03140644
142200	-716.6125	-699.4187	-17.19378	0.2979329	0.99584	0.00210269	0.00205779	0.06274147
142400	-715.7253	-698.6001	-17.12517	0.2974683	0.994566	0.001446	0.0039878	0.05667065
142600	-716.0013	-697.8306	-18.17074	0.2946325	0.993729	0.00191707	0.00435384	0.1422969
142800	-716.0897	-697.883	-18.20663	0.2847173	0.99262	0.00436851	0.00301152	0.1541008
143000	-713.3187	-695.9483	-17.37041	0.2880922	0.992083	4.50802e-05	0.00787151	0.08407466
143200	-715.7658	-697.244	-18.52177	0.3143627	0.989449	0.0104222	0.0001289	0.1588591
143400	-712.1454	-694.956	-17.18937	0.3187757	0.990362	0.00754988	0.00208805	0.04394217
143600	-714.005	-696.6045	-17.40056	0.3313107	0.993349	0.00536724	0.0012841	0.05338228
143800	-712.4494	-694.2734	-18.17604	0.3493468	0.992469	0.00309872	0.00443237	0.1007415
144000	-711.4258	-693.3966	-18.02921	0.3131494	0.992143	0.00756682	0.000290351	0.1160659
144200	-714.4623	-696.7761	-17.68623	0.3325041	0.998693	0.000250053	0.00105654	0.07394866
144400	-715.9234	-697.2711	-18.65233	0.3024842	0.994893	0.00080662	0.00430069	0.1825253
144600	-704.1809	-687.5541	-16.6268	0.2855643	0.997089	0.000653754	0.00225689	0.02548705
144800	-709.1966	-691.9924	-17.20422	0.2900345	0.994892	0.00205666	0.00305119	0.06831032
145000	-707.4509	-689.3082	-18.14269	0.3031339	0.99591	0.00163691	0.00245313	0.1336528
145200	-711.4162	-694.9338	-16.48247	0.2627361	0.993775	0.0039583	0.00226706	0.03302237
145400	-715.3082	-698.8806	-16.42758	0.2778814	0.988436	0.00508381	0.0064804	0.01615069
145600	-707.5354	-690.9297	-16.60568	0.3050683	0.990853	0.00379639	0.00535057	0.008683627
145800	-710.6813	-693.7669	-16.91436	0.3423634	0.994844	0.00275633	0.00239999	0.003584551
146000	-714.5032	-697.275	-17.22823	0.3133558	0.984867	0.00353164	0.0116012	0.05239148
146200	-705.1335	-688.4847	-16.64875	0.3032379	0.999373	0.000191769	0.000435635	0.01368894
146400	-718.3294	-697.7337	-20.59578	0.2959812	0.991389	0.00420957	0.00440179	0.3368593
146600	-712.5801	-695.2318	-17.34832	0.3182685	0.994361	0.0043215	0.0013177	0.05905078
146800	-715.6937	-698.0617	-17.63199	0.3366078	0.992295	0.00565377	0.00205105	0.06844517
147000	-714.595	-697.1374	-17.45763	0.3162161	0.990875	0.000153302	0.00897216	0.06720721
147200	-707.6909	-690.8851	-16.80579	0.3043477	0.994062	0.00475578	0.00118257	0.02555616
147400	-707.5651	-690.9988	-16.56625	0.2984756	0.998103	0.000317189	0.00157974	0.01091466
147600	-709.0554	-691.4506	-17.60479	0.3377518	0.994674	0.00216151	0.00316416	0.06309376
147800	-709.6651	-692.4815	-17.18359	0.3250304	0.995186	0.00182696	0.00298694	0.04156473
148000	-717.5275	-696.2774	-21.25004	0.3203961	0.990879	0.00577554	0.00334536	0.3666748
148200	-711.5274	-693.0485	-18.47884	0.2828876	0.995498	0.00386385	0.000638231	0.1775138
148400	-715.1357	-696.6786	-18.45716	0.3023231	0.981413	0.0112197	0.00736736	0.1565769
148600	-720.6253	-703.3536	-17.27178	0.2986243	0.983624	0.00398075	0.012395	0.06683092
148800	-711.0503	-693.9957	-17.0546	0.2995782	0.995247	0.00316919	0.00158357	0.0492495
149000	-709.8105	-691.5101	-18.30046	0.2772061	0.991436	0.00453118	0.00403271	0.1667023
149200	-709.3534	-691.977	-17.37641	0.3020012	0.990498	0.00780991	0.00169199	0.07290441
149400	-709.9869	-693.1512	-16.83574	0.2919166	0.998058	0.0010846	0.000857756	0.03869705
149600	-709.1963	-691.8744	-17.32187	0.2937488	0.991613	4.62625e-05	0.00834094	0.07569532
149800	-713.7559	-697.0808	-16.67513	0.3040745	0.993303	0.00164346	0.00505347	0.01557949
150000	-714.2095	-696.8937	-17.31572	0.3475371	0.986246	0.00168647	0.0120676	0.03226707
150200	-713.0101	-696.3294	-16.68074	0.2676242	0.998454	0.000366039	0.00117998	0.04397832
150400	-718.4568	-702.1162	-16.34061	0.254196	0.990458	0.00823305	0.00130923	0.02801202
150600	-714.2317	-696.6102	-17.62146	0.3198403	0.992274	0.00448075	0.00324536	0.07951352
150800	-706.9644	-690.3387	-16.62564	0.2958135	0.996361	0.00254591	0.00109289	0.01840069
151000	-711.0358	-693.9466	-17.08919	0.3041785	0.99089	0.000654256	0.00845558	0.04836451
151200	-707.7249	-691.3048	-16.42013	0.2718023	0.996146	0.000834784	0.00301915	0.02039886
151400	-717.8441	-700.594	-17.25014	0.3099324	0.987911	0.00561229	0.00647711	0.05866758
151600	-712.9917	-694.0037	-18.98793	0.3248261	0.997675	0.00121699	0.00110755	0.1923635
151800	-714.5805	-694.6072	-19.97331	0.3049972	0.98802	0.00669286	0.0052871	0.2773196
152000	-713.1675	-696.1622	-17.00534	0.3296763	0.9888	0.00112083	0.0100796	0.02107448
152200	-711.3911	-694.5318	-16.85931	0.332063	0.990026	0.00415055	0.0058236	0.00764459
152400	-709.8625	-692.9004	-16.96209	0.3091406	0.998304	0.000721473	0.000974835	0.03443399
152600	-709.0732	-692.584	-16.4892	0.2998547	0.991995	0.00600968	0.00199535	0.003583522
152800	-708.9631	-689.3164	-19.64677	0.3152358	0.998356	0.000720674	0.000923008	0.249893
153000	-710.297	-693.2076	-17.08942	0.3138658	0.994751	0.00500938	0.000239738	0.03991829
153200	-710.1544	-693.5824	-16.57202	0.276284	0.997616	0.00127876	0.00110484	0.03005676
153400	-705.9261	-688.9273	-16.99884	0.3020891	0.993979	0.00539479	0.000626315	0.04210636
153600	-711.4588	-691.7171	-19.74172	0.3330604	0.986836	0.00616968	0.00699452	0.2359762
153800	-713.4984	-693.5215	-19.97693	0.2730129	0.990232	0.00621375	0.0035545	0.2975948
154000	-708.1254	-691.3295	-16.79588	0.3097488	0.999203	0.000788934	8.31206e-06	0.0207741
154200	-710.6006	-694.0574	-16.54315	0.2735569	0.992859	0.0027243	0.00441638	0.02930725
154400	-710.434	-693.9638	-16.47022	0.2882141	0.991383	0.00376748	0.00484934	0.01179244
154600	-705.9912	-689.5708	-16.42043	0.289219	0.996939	0.000906104	0.00215504	0.006540771
154800	-715.9806	-697.1952	-18.78539	0.3207934	0.996611	0.00216899	0.00122001	0.1717073
155000	-712.6054	-694.3356	-18.26979	0.3267087	0.991104	0.00679634	0.00209969	0.1291187
155200	-708.5344	-691.6033	-16.93109	0.299001	0.990934	0.00558713	0.00347884	0.04055931
155400	-712.7914	-694.6702	-18.12122	0.3111236	0.986238	0.0081228	0.00563926	0.1268011
155600	-707.4114	-690.6867	-16.7247	0.3020263	0.992295	0.000998011	0.00670671	0.02094123
155800	-705.6392	-688.804	-16.83521	0.3118523	0.996823	0.00161737	0.00155977	0.02128091
156000	-715.2387	-697.1952	-18.04351	0.3257768	0.995685	0.0030069	0.00130788	0.1082667
156200	-714.506	-693.1784	-21.32767	0.3082286	0.998571	6.78427e-05	0.00136067	0.3793891
156400	-710.0848	-691.5864	-18.49842	0.3134387	0.99173	0.00535512	0.00291536	0.1526276
156600	-714.2678	-697.573	-16.69478	0.3121113	0.98262	0.00720025	0.0101793	0.01027051
156800	-716.3058	-696.5547	-19.75115	0.2760673	0.983441	0.0135022	0.00305654	0.2813965
157000	-722.5441	-702.6853	-19.85884	0.2646763	0.997199	0.00171847	0.00108268	0.3085619
157200	-711.7678	-694.9559	-16.81195	0.2839817	0.988612	0.00273939	0.00864823	0.04286661
157400	-713.001	-694.9885	-18.0125	0.3111028	0.992783	0.000845124	0.00637205	0.1173655
157600	-722.947	-706.1759	-16.77114	0.3297492	0.983544	0.0016801	0.0147754	0.002190607
157800	-713.7423	-695.6229	-18.11941	0.3165632	0.998608	0.00123565	0.000156149	0.126075
158000	-707.3808	-691.0768	-16.30397	0.2664967	0.992192	0.00688827	0.000919294	0.01536864
158200	-710.4489	-694.1911	-16.25773	0.2622583	0.998272	0.00144016	0.000288122	0.01531168
158400	-715.0996	-698.0316	-17.06805	0.2885941	0.991494	0.000149242	0.0083564	0.06229841
158600	-710.4853	-693.6996	-16.7857	0.3305199	0.996187	0.00263426	0.00117847	0.002648027
158800	-713.1726	-695.7533	-17.41927	0.2590636	0.996292	0.0030936	0.000614705	0.1113816
159000	-711.6709	-694.783	-16.88785	0.3232797	0.994335	0.00530714	0.000357471	0.01715639
159200	-708.8732	-691.7549	-17.11824	0.3000269	0.996747	0.000674244	0.002579	0.05410726
159400	-725.0619	-708.5596	-16.50229	0.282373	0.969128	0.0169045	0.0139671	0.01879424
159600	-709.9536	-691.8171	-18.13648	0.3274821	0.991601	0.00677733	0.00162144	0.1133066
159800	-713.0767	-696.0175	-17.05925	0.3395791	0.994448	0.00327856	0.00227345	0.01698049
160000	-712.33	-694.9526	-17.37737	0.2925335	0.993058	0.00671039	0.000231879	0.08109364
160200	-712.2266	-695.344	-16.88257	0.3106756	0.995162	0.00146571	0.00337239	0.02660931
160400	-717.0504	-699.758	-17.29237	0.2713825	0.977389	0.00175259	0.020858	0.09041537
160600	-711.3561	-693.6759	-17.68023	0.289326	0.997687	0.0018463	0.000466706	0.1099157
160800	-710.8617	-693.6013	-17.26036	0.3137801	0.994642	0.00184783	0.00351034	0.05414175
161000	-709.1147	-692.221	-16.89367	0.3043078	0.986171	0.000543622	0.0132851	0.03317017
161200	-709.3263	-692.5272	-16.79909	0.3250858	0.998128	0.00110067	0.000771637	0.008145661
161400	-708.1358	-691.168	-16.96773	0.2678164	0.996358	0.00210638	0.00153563	0.06840955
161600	-713.067	-695.5429	-17.52411	0.3387528	0.98505	0.0141723	0.000777876	0.05646407
161800	-722.9627	-706.1983	-16.76442	0.3260257	0.978882	0.0136777	0.00744036	0.004637424
162000	-714.0007	-696.9355	-17.06526	0.2667435	0.989428	0.00520229	0.00537014	0.07506909
162200	-707.3481	-690.2691	-17.07898	0.2958334	0.996198	0.00190676	0.00189479	0.05382441
162400	-715.7702	-698.8245	-16.94578	0.302027	0.997102	0.000108455	0.00278925	0.04193286
162600	-709.4326	-692.4456	-16.987	0.3110438	0.995877	0.00390563	0.000217636	0.03397352
162800	-709.2056	-690.0664	-19.13913	0.3070215	0.993162	0.0007883	0.00604974	0.2074853
163000	-710.4452	-692.5444	-17.9008	0.3033545	0.997128	0.000701515	0.00217032	0.1146157
163200	-707.0134	-690.3337	-16.67967	0.3077883	0.996412	0.00352874	5.92224e-05	0.01225767
163400	-708.9024	-691.8893	-17.01316	0.2887382	0.989056	0.0047563	0.00618756	0.05412625
163600	-710.7686	-693.2458	-17.5228	0.3110783	0.992253	0.0055229	0.00222404	0.07747027
163800	-716.0872	-699.8324	-16.25477	0.2716021	0.999091	0.000281209	0.000627337	0.007248481
164000	-709.0355	-692.6892	-16.34626	0.2766957	0.996698	0.00141829	0.0018837	0.0108404
164200	-710.8406	-693.5254	-17.3152	0.3244889	0.99234	0.00646229	0.00119766	0.04986857
164400	-712.2638	-695.2725	-16.99134	0.317863	0.990072	0.00662184	0.00330636	0.02947456
164600	-713.2221	-696.1892	-17.03297	0.2769569	0.997841	0.000402942	0.00175652	0.06592596
164800	-711.8257	-694.1816	-17.64411	0.3218136	0.997727	0.00168169	0.000591265	0.08229244
165000	-711.2726	-694.8115	-16.46104	0.2900155	0.991273	0.00503995	0.00368735	0.009271664
165200	-714.253	-697.4683	-16.78477	0.3177494	0.986574	0.00216661	0.0112598	0.01328594
165400	-707.0178	-690.0016	-17.01612	0.2987535	0.998243	0.00137118	0.000385978	0.04740871
165600	-714.8614	-696.9533	-17.90816	0.2984636	0.997981	0.00105772	0.000960961	0.1181216
165800	-708.2391	-690.1731	-18.06602	0.2900203	0.99598	0.00387217	0.000147535	0.1376872
166000	-704.934	-687.95	-16.98406	0.3267704	0.994692	0.00515774	0.00014998	0.0223051
166200	-717.6849	-700.8462	-16.83876	0.3246376	0.99007	0.00766286	0.00226738	0.01169559
166400	-711.4254	-694.2993	-17.12608	0.2991136	0.989986	0.000493845	0.00951988	0.05472666
166600	-711.7833	-692.6907	-19.09262	0.2955702	0.998657	0.00122297	0.000119727	0.212567
166800	-717.6843	-700.9301	-16.75424	0.2840176	0.980093	0.0106915	0.00921561	0.0378016
167000	-714.9352	-697.3779	-17.55736	0.3094814	0.983168	0.00167613	0.0151562	0.08446769
167200	-705.688	-688.892	-16.79593	0.3147763	0.99391	0.00470175	0.00138861	0.01600572
167400	-712.4571	-693.5764	-18.88074	0.3450058	0.996957	0.00202591	0.00101739	0.1592273
167600	-714.8828	-696.6079	-18.27496	0.3098729	0.994003	0.00250087	0.00349598	0.1468083
167800	-712.5509	-695.0591	-17.49177	0.2895822	0.986592	0.0118287	0.00157977	0.09253201
168000	-719.062	-702.196	-16.86605	0.3031354	0.982013	0.0107583	0.00722818	0.03215996
168200	-710.5877	-693.5287	-17.059	0.2884379	0.984762	0.00227995	0.0129583	0.05789029
168400	-711.7579	-692.2476	-19.51027	0.3062076	0.994608	0.00460884	0.000783177	0.237575
168600	-706.8038	-689.9479	-16.85589	0.3035452	0.992785	0.00536688	0.00184842	0.02955335
168800	-713.7288	-696.745	-16.98381	0.3126257	0.997549	0.00176818	0.000682798	0.03337938
169000	-714.4399	-696.5958	-17.84414	0.3189601	0.992842	0.00692521	0.000232492	0.09802009
169200	-708.5276	-690.9467	-17.58089	0.3258945	0.998959	0.000538734	0.000502704	0.07161235
169400	-709.1377	-690.0645	-19.07321	0.2694727	0.998465	0.00137489	0.000159612	0.2301726
169600	-706.46	-688.834	-17.62602	0.3067881	0.996556	0.00280488	0.000639037	0.08784629
169800	-713.2622	-696.6516	-16.61063	0.2992077	0.999144	0.000471745	0.000384499	0.01414585
170000	-715.6723	-698.1726	-17.49969	0.3096161	0.995079	0.00444388	0.000477016	0.08088834
170200	-713.8875	-697.2997	-16.58783	0.2982692	0.98539	0.00038996	0.0142196	0.01245871
170400	-719.2829	-701.3567	-17.9262	0.2981821	0.98866	0.00736714	0.00397262	0.1234431
170600	-711.7519	-695.229	-16.52291	0.2925595	0.984986	0.00661905	0.00839473	0.01188764
170800	-711.9614	-693.8323	-18.12907	0.2986567	0.990562	0.00486564	0.00457285	0.1365672
171000	-711.3155	-694.5394	-16.77607	0.3141409	0.991485	0.00320495	0.00530973	0.01507987
171200	-711.7491	-694.1916	-17.5575	0.3107363	0.998115	0.00168257	0.000202405	0.07890006
171400	-710.6498	-694.4741	-16.17571	0.2697765	0.997553	0.00100163	0.00144557	0.002517097
171600	-711.162	-694.1669	-16.9951	0.2971497	0.991361	0.00238795	0.0062506	0.04599963
171800	-709.2942	-691.2602	-18.03403	0.3236128	0.991154	0.00822477	0.000620935	0.1113599
172000	-718.3936	-701.575	-16.81862	0.2983201	0.975304	0.00166705	0.0230291	0.03188372
172200	-712.9759	-693.8987	-19.07721	0.2928894	0.998114	0.000525659	0.00136051	0.2192568
172400	-712.6612	-695.7251	-16.93609	0.3118301	0.99246	0.00164561	0.00589403	0.03037489
172600	-716.8722	-699.0763	-17.7959	0.3206045	0.981717	0.0113974	0.00688552	0.08982201
172800	-717.0719	-700.7688	-16.30314	0.285468	0.977291	0.0218971	0.000811704	0.0001210665
173000	-712.4008	-694.4982	-17.90267	0.2753647	0.994996	0.00371433	0.00128941	0.139856
173200	-713.1728	-696.3821	-16.79076	0.3154511	0.98964	0.00572852	0.00463147	0.01593598
173400	-711.27	-694.1823	-17.0877	0.2981555	0.995709	0.00415625	0.000134337	0.05433639
173600	-712.2548	-692.2205	-20.03433	0.3181327	0.991931	1.95046e-05	0.00804979	0.2750929
173800	-714.1829	-696.431	-17.75188	0.3107264	0.994205	0.00233638	0.00345901	0.09658019
174000	-711.2979	-693.6163	-17.6816	0.2714611	0.991577	0.00810159	0.000321023	0.121785
174200	-712.1397	-695.2624	-16.87735	0.3210301	0.991793	0.00482949	0.00337779	0.01767208
174400	-708.0376	-691.1089	-16.92872	0.3267512	0.995941	0.00171751	0.00234174	0.01727192
174600	-707.2352	-690.5428	-16.6923	0.3233822	0.989424	0.00582125	0.00475473	0.0009141693
174800	-713.4571	-694.9185	-18.5386	0.2881463	0.996144	0.000559079	0.00329695	0.170817
175000	-713.0524	-696.0111	-17.04134	0.2937222	0.990663	0.00528542	0.00405119	0.05280443
175200	-707.6359	-690.8257	-16.8102	0.305629	0.992014	0.00126373	0.00672224	0.02428585
175400	-710.8688	-691.1872	-19.68151	0.3102612	0.996515	9.80958e-05	0.00338655	0.2436553
175600	-708.214	-690.2504	-17.96356	0.2955775	0.991414	0.00399808	0.00458813	0.1243965
175800	-709.1415	-691.8787	-17.26284	0.3186653	0.99437	0.000367297	0.00526224	0.05095079
176000	-711.3452	-694.6355	-16.7097	0.3076043	0.992307	0.00727492	0.000417949	0.01478695
176200	-707.6345	-690.8697	-16.76479	0.3022245	0.997744	0.00126967	0.00098626	0.02354987
176400	-707.8003	-690.0716	-17.72869	0.3036272	0.993338	0.00262235	0.00403922	0.1009806
176600	-708.495	-691.4691	-17.02596	0.2949169	0.995493	0.0028699	0.00163718	0.05044905
176800	-710.2366	-692.9635	-17.27311	0.2940738	0.993814	0.00522678	0.000959448	0.06888819
177000	-714.7457	-698.4952	-16.2505	0.2374017	0.997972	0.000160582	0.00186719	0.03459206
177200	-719.0551	-700.9264	-18.12874	0.2943538	0.997387	0.00135662	0.00125607	0.1406957
177400	-710.8711	-694.0821	-16.78904	0.2813888	0.990098	0.00739121	0.00251094	0.04208164
177600	-706.5507	-689.7393	-16.81142	0.3130677	0.995843	0.00259806	0.00155907	0.01820221
177800	-714.2331	-697.4711	-16.76196	0.2883466	0.995027	0.00411429	0.000858734	0.03563234
178000	-708.4799	-691.4996	-16.9803	0.2830195	0.997745	0.00147696	0.000777998	0.05684795
178200	-709.7086	-692.7011	-17.00746	0.2778297	0.994208	0.00500178	0.000790605	0.06341415
178400	-719.0317	-701.2204	-17.81138	0.2933683	0.986235	0.0099897	0.00377572	0.1186758
178600	-715.6789	-698.3885	-17.29038	0.3109509	0.996308	0.00220503	0.00148722	0.06325315
178800	-709.9954	-693.5381	-16.4573	0.295561	0.992878	0.00688769	0.00023478	0.004626687
179000	-711.3595	-694.5941	-16.76532	0.28237	0.997333	0.00148811	0.00117873	0.03964228
179200	-708.1534	-690.0523	-18.10118	0.3117815	0.994158	0.00204287	0.00379877	0.122978
179400	-714.8561	-697.3134	-17.54268	0.2692813	0.99182	0.0062011	0.00197917	0.1126248
179600	-717.6943	-699.054	-18.64029	0.2905236	0.986015	0.00411429	0.00987054	0.1790524
179800	-706.5236	-689.368	-17.15553	0.3105156	0.999616	9.54937e-05	0.000288076	0.04922058
180000	-709.4294	-692.8089	-16.62055	0.3084455	0.994772	0.00249767	0.00273004	0.007114609
180200	-710.1411	-693.0097	-17.13146	0.3269031	0.997386	0.00162586	0.000988115	0.03344973
180400	-714.7615	-697.8739	-16.88766	0.2991619	0.976068	0.0123933	0.011539	0.03567498
180600	-710.3552	-692.8425	-17.51272	0.3026193	0.998422	0.00151101	6.73452e-05	0.085092
180800	-712.7834	-695.4624	-17.32091	0.3366393	0.998869	0.000386838	0.000744146	0.04263737
181000	-711.4903	-694.9778	-16.51252	0.2848942	0.995124	0.00130622	0.00357023	0.0180506
181200	-710.469	-692.5187	-17.95023	0.3219336	0.989856	0.00835497	0.00178889	0.1027827
181400	-710.1322	-692.8415	-17.29073	0.3369724	0.990241	0.00752348	0.00223548	0.03995841
181600	-710.2174	-693.3716	-16.84582	0.3027878	0.993858	0.00213279	0.00400948	0.02955703
181800	-705.8693	-689.3755	-16.49378	0.2964328	0.992256	0.00143967	0.00630447	0.006521002
182000	-712.5119	-696.1335	-16.37845	0.2799037	0.970634	0.0219514	0.00741443	0.01084359
182200	-712.4022	-694.9296	-17.47259	0.2957237	0.998365	0.000142003	0.00149335	0.08725399
182400	-709.7079	-692.6696	-17.03825	0.2822477	0.993975	0.00378433	0.00224066	0.06101698
182600	-714.1881	-697.4463	-16.74175	0.3036189	0.992855	0.000536112	0.00660894	0.02233836
182800	-713.3282	-696.8626	-16.46564	0.2583648	0.991388	0.00411843	0.00449379	0.03494214
183000	-712.4436	-694.8331	-17.61055	0.2967173	0.979987	0.0192739	0.000738927	0.09491895
183200	-709.5936	-692.7141	-16.8795	0.2974989	0.995603	0.00348332	0.000914019	0.03730816
183400	-713.301	-695.451	-17.85004	0.2884294	0.988863	0.0029188	0.00821816	0.1225625
183600	-709.015	-692.7555	-16.25943	0.2746468	0.996025	0.0014491	0.00252617	0.00514263
183800	-711.9601	-694.4225	-17.53765	0.3147198	0.992206	0.00706546	0.000728532	0.07595982
184000	-707.8693	-690.8551	-17.01418	0.3021793	0.994186	0.00381238	0.00200177	0.04469612
184200	-717.9338	-700.9772	-16.95658	0.3098682	0.994533	0.00385749	0.00160966	0.0348907
184400	-713.3763	-696.9383	-16.438	0.2964654	0.988443	0.00344779	0.00810957	0.002159764
184600	-712.665	-696.0656	-16.59937	0.2543485	0.985625	0.00205197	0.0123228	0.04846603
184800	-714.4971	-696.5931	-17.90398	0.3205376	0.995302	0.00119975	0.00349845	0.1013367
185000	-714.307	-697.3485	-16.95856	0.3143296	0.990221	0.00746751	0.00231187	0.03003606
185200	-723.3809	-706.3585	-17.02236	0.2955448	0.987904	0.00625833	0.00583727	0.05040927
185400	-709.3609	-691.1991	-18.16183	0.3025694	0.994921	0.00150359	0.00357494	0.1310251
185600	-710.2124	-693.8084	-16.40397	0.2700361	0.992523	0.00181042	0.00566704	0.02014473
185800	-715.1898	-694.7705	-20.41935	0.2986084	0.994921	0.00327872	0.00180022	0.3276086
186000	-716.463	-699.5313	-16.93167	0.3020429	0.990781	0.00761122	0.00160737	0.03890948
186200	-710.8336	-694.4221	-16.41147	0.2846949	0.995612	0.00204175	0.00234658	0.009706498
186400	-716.9639	-698.0372	-18.92669	0.3278953	0.987576	0.0013317	0.0110925	0.1826082
186600	-713.5224	-694.3718	-19.15054	0.2941876	0.993497	0.00576832	0.00073441	0.2226833
186800	-714.5823	-697.492	-17.09034	0.317465	0.988172	0.00482492	0.00700355	0.03886418
187000	-714.3661	-697.6505	-16.7156	0.314188	0.992331	0.00766828	9.22286e-07	0.01069439
187200	-707.4627	-691.1047	-16.35803	0.2835081	0.995018	0.00230168	0.00268069	0.006077349
187400	-717.1765	-700.8463	-16.3302	0.2837703	0.979489	0.0179038	0.00260756	0.003701369
187600	-711.8683	-695.6184	-16.24981	0.2773864	0.99024	0.00320722	0.006553	0.002326847
187800	-715.4289	-698.8508	-16.57812	0.3117961	0.9706	0.0200788	0.0093208	0.001070083
188000	-710.7686	-694.0809	-16.6877	0.3150473	0.992909	0.00686899	0.000221526	0.007641784
188200	-708.4277	-691.692	-16.73578	0.3174937	0.981654	0.00551695	0.0128287	0.009383832
188400	-711.399	-694.6719	-16.7271	0.3250465	0.993652	0.00330306	0.00304524	0.002439576
188600	-710.0767	-692.9001	-17.1766	0.3275728	0.993009	0.00531129	0.00167926	0.03715733
188800	-710.7573	-693.9627	-16.79461	0.3064921	0.99164	0.00391858	0.00444169	0.02354751
189000	-715.1339	-697.1061	-18.02776	0.2580585	0.9982	0.000842951	0.000956576	0.1594851
189200	-709.8906	-693.4343	-16.45629	0.2948957	0.997629	0.00034147	0.00202999	0.004892335
189400	-707.8165	-690.993	-16.82351	0.2941782	0.992042	0.00605901	0.00189934	0.03485472
189600	-709.7348	-691.4059	-18.32889	0.2972429	0.998393	0.000395281	0.00121173	0.1572268
189800	-717.377	-700.4622	-16.91471	0.339862	0.989613	0.00332321	0.00706334	0.005676955
190000	-705.9507	-689.3342	-16.61648	0.277488	0.999099	0.000327272	0.00057416	0.03168506
190200	-710.7929	-693.9257	-16.86718	0.2844796	0.982941	0.012869	0.00419034	0.04571805
190400	-710.6561	-693.4889	-17.16718	0.3013999	0.995407	0.00182168	0.00277162	0.0567414
190600	-711.2874	-694.6171	-16.67023	0.3193403	0.982559	0.015168	0.00227343	0.00238867
190800	-716.0565	-699.1367	-16.91978	0.3100971	0.993285	5.10037e-05	0.0066642	0.03005988
191000	-711.0191	-693.7779	-17.24125	0.3027908	0.996805	6.50136e-05	0.00312965	0.06280056
191200	-710.1392	-692.7688	-17.37036	0.2889356	0.994582	0.00191174	0.0035063	0.08299361
191400	-712.3796	-695.9459	-16.43372	0.2857755	0.997003	0.00227123	0.000726078	0.01041638
191600	-708.8827	-691.528	-17.35477	0.2797848	0.993719	0.00153697	0.004744	0.08847233
191800	-715.0059	-696.0599	-18.94596	0.2874792	0.991209	0.00626834	0.00252311	0.2055475
192000	-710.5584	-692.6639	-17.89446	0.2756033	0.994069	0.00377522	0.00215575	0.1357621
192200	-712.799	-692.0837	-20.71536	0.3123821	0.99126	0.00285945	0.00588033	0.3356968
192400	-710.5317	-690.8752	-19.65653	0.3180452	0.984819	0.0143263	0.000854327	0.2422419
192600	-709.9707	-692.3276	-17.6431	0.3286884	0.992854	0.000368606	0.00677763	0.07388653
192800	-707.7665	-690.5321	-17.23445	0.298865	0.998657	0.000828401	0.000514999	0.06401015
193000	-711.3215	-693.4574	-17.86418	0.3113969	0.993135	0.00227901	0.00458566	0.1038232
193200	-712.6719	-695.9188	-16.75314	0.3051631	0.991027	0.00295851	0.00601475	0.02116828
193400	-710.8381	-693.3613	-17.47684	0.3091043	0.995209	0.00451506	0.000275906	0.07646818
193600	-709.5015	-692.7235	-16.77803	0.3147704	0.980109	0.00187251	0.0180188	0.01465962
193800	-709.0231	-692.0126	-17.0105	0.3061885	0.998414	0.00127001	0.000315694	0.04040936
194000	-712.3018	-695.078	-17.22382	0.3206635	0.98438	0.0073129	0.00830679	0.04461083
194200	-708.1479	-691.0239	-17.12394	0.2813594	0.998086	0.00137087	0.000543002	0.07081028
194400	-707.3565	-688.8432	-18.51329	0.3211998	0.995378	0.00257817	0.00204333	0.1460718
194600	-712.96	-695.3549	-17.605	0.3076879	0.993964	0.000877471	0.00515883	0.08597832
194800	-714.2222	-697.1137	-17.10856	0.3426973	0.991117	0.00227828	0.00660506	0.01932832
195000	-710.9187	-694.0817	-16.83692	0.3065352	0.984784	0.00839289	0.00682265	0.02638373
195200	-714.5091	-696.004	-18.50516	0.3048327	0.984357	0.00571247	0.00993062	0.1594796
195400	-711.3245	-694.8457	-16.47876	0.289924	0.975659	0.00100298	0.0233378	0.01038952
195600	-712.1534	-695.1848	-16.96863	0.3219587	0.996289	0.00349735	0.000213635	0.02537235
195800	-721.9661	-703.4008	-18.56528	0.342209	0.987247	0.00927526	0.00347727	0.1439249
196000	-705.7524	-689.016	-16.73644	0.2988308	0.997314	0.00165832	0.00102764	0.0240557
196200	-711.7181	-694.9699	-16.74815	0.3193299	0.993873	0.0035045	0.00262244	0.008657304
196400	-718.966	-700.9754	-17.99069	0.318519	0.986217	0.00939658	0.00438687	0.1143723
196600	-714.0803	-697.4049	-16.67537	0.2848473	0.997277	0.00170282	0.00102036	0.03075995
196800	-712.6999	-695.0502	-17.64977	0.330568	0.983567	0.00780881	0.00862437	0.07460188
197000	-710.1427	-692.0674	-18.0753	0.3011228	0.996778	0.000180459	0.00304106	0.1283288
197200	-708.3833	-690.7222	-17.66114	0.3017387	0.999088	0.000373765	0.00053865	0.09449845
197400	-707.1438	-690.2414	-16.90236	0.3095027	0.992993	0.00280628	0.00420072	0.02882517
197600	-710.2826	-693.7104	-16.5722	0.3064416	0.98793	0.00527109	0.00679885	0.004967703
197800	-712.491	-694.4838	-18.00711	0.3118566	0.997626	9.67498e-05	0.00227678	0.1161005
198000	-718.1436	-700.0312	-18.11245	0.3090741	0.982676	0.00921961	0.00810421	0.1243713
198200	-713.0569	-695.91	-17.14687	0.3203838	0.985019	1.6403e-05	0.0149649	0.0393034
198400	-716.9065	-700.2126	-16.69386	0.3016771	0.977703	0.0102707	0.0120265	0.01900419
198600	-709.3889	-691.2167	-18.17218	0.3090889	0.992255	0.00559429	0.00215036	0.1326619
198800	-708.7411	-691.9741	-16.76701	0.2969757	0.99332	0.000230734	0.00644894	0.02807342
199000	-716.4529	-698.8617	-17.59118	0.2899682	0.992452	0.00107386	0.00647397	0.09782915
199200	-706.4256	-689.4049	-17.02069	0.3295479	0.997476	0.00171524	0.00080856	0.02263316
199400	-713.2018	-696.382	-16.81984	0.2766366	0.996395	0.00216287	0.0014421	0.05012282
199600	-713.467	-696.1666	-17.30041	0.3265529	0.998752	0.00101544	0.00023258	0.04898374
199800	-710.9778	-691.1344	-19.84336	0.307609	0.998227	0.00136911	0.000403721	0.2684704
200000	-712.7966	-694.0012	-18.79538	0.2985744	0.999988	1.23371e-06	1.10872e-05	0.189847
