Iteration	Posterior	Likelihood	Prior	branch_rates	q[1]	q[2]	q[3]	speciation_rate
0	-295.2887	-279.214	-16.07469	1.81593	0.240551	0.0650886	0.694361	0.09877689
200	-292.6952	-276.5539	-16.14127	1.865531	0.238389	0.00702097	0.75459	0.05730005
400	-294.8922	-276.6791	-18.21304	2.032938	0.22655	0.0193292	0.754121	0.09434574
600	-296.3722	-281.0705	-15.30167	1.517712	0.230844	0.000714618	0.768442	0.3109384
800	-296.3205	-274.4489	-21.87159	2.285461	0.153667	0.00840753	0.837925	0.2068317
1000	-294.8557	-275.375	-19.48071	2.043654	0.17384	0.0045223	0.821638	0.2088713
1200	-295.2088	-279.7725	-15.43634	1.748047	0.287441	0.00388825	0.70867	0.1030204
1400	-294.6332	-274.6132	-20.02004	2.145475	0.198261	0.0345234	0.767215	0.1620818
1600	-295.0563	-276.826	-18.23033	2.021218	0.18055	0.00474655	0.814704	0.1078335
1800	-293.0518	-274.033	-19.01887	2.115317	0.179403	0.0111264	0.809471	0.09321316
2000	-297.971	-285.9383	-12.03267	1.334644	0.266792	0.0158457	0.717362	0.1726938
2200	-291.4779	-276.5575	-14.92035	1.796691	0.242081	0.000292453	0.757626	0.005258221
2400	-295.7636	-275.1762	-20.58737	2.343169	0.175546	0.197477	0.626977	0.02503909
2600	-296.7457	-273.8933	-22.85245	2.328641	0.187933	0.104321	0.707746	0.2592848
2800	-296.8413	-279.3775	-17.46388	2.026108	0.212469	0.0114947	0.776037	0.02918662
3000	-294.0757	-281.0423	-13.03344	1.537309	0.248523	0.00295885	0.748518	0.07416293
3200	-295.4949	-271.5145	-23.98038	2.557097	0.164474	0.0615811	0.773945	0.1468383
3400	-295.0399	-276.3768	-18.66314	2.113206	0.245837	0.0239388	0.730225	0.06183184
3600	-298.6504	-277.8145	-20.83586	2.375113	0.217583	0.00766949	0.774747	0.01833305
3800	-291.9137	-277.6616	-14.25206	1.698827	0.251769	0.00122194	0.747009	0.03527883
4000	-297.7256	-276.7458	-20.97987	2.250359	0.204353	0.207212	0.588435	0.1537186
4200	-294.6964	-275.406	-19.2904	2.038799	0.209887	0.0218649	0.768248	0.193677
4400	-300.9483	-282.9879	-17.96039	2.074204	0.230242	0.344697	0.425061	0.03089181
4600	-298.1641	-279.0503	-19.11374	2.123576	0.17579	0.152567	0.671642	0.09448588
4800	-294.589	-275.2747	-19.3143	2.157903	0.185559	0.0856723	0.728769	0.08136098
5000	-292.7108	-273.5681	-19.14276	2.209157	0.206865	0.0267498	0.766385	0.0147358
5200	-295.7763	-283.3272	-12.44907	1.549791	0.29855	0.0591425	0.642307	0.005023899
5400	-294.7078	-275.5895	-19.11834	2.056811	0.183121	0.0218068	0.795072	0.1604284
5600	-298.3755	-267.305	-31.0705	3.382119	0.137132	0.200685	0.662183	0.03468191
5800	-295.0707	-272.37	-22.70062	2.449732	0.177891	0.0294038	0.792706	0.1271321
6000	-293.8335	-280.5644	-13.26916	1.612511	0.260175	0.00269253	0.737132	0.02358217
6200	-297.5655	-277.7696	-19.79597	2.100308	0.18861	0.0319007	0.779489	0.1830657
6400	-292.2442	-273.6611	-18.58302	2.061089	0.194522	0.0152699	0.790208	0.104
6600	-292.957	-275.9447	-17.01224	2.005462	0.204936	0.0189108	0.776153	0.005649916
6800	-296.5141	-287.2645	-9.249573	1.162468	0.326727	0.0119301	0.661343	0.0693519
7000	-295.4069	-276.9341	-18.47283	2.060476	0.198158	0.0293341	0.772508	0.09556854
7200	-302.1569	-274.089	-28.06783	3.090848	0.115446	0.333577	0.550977	0.02552476
7400	-295.536	-274.8389	-20.6971	2.318051	0.188355	0.0409737	0.770671	0.0606896
7600	-291.6667	-273.4486	-18.21809	2.103188	0.187124	0.0141926	0.798683	0.02786073
7800	-295.2522	-273.7504	-21.50176	2.460014	0.175888	0.187694	0.636419	0.0002657413
8000	-303.896	-280.9422	-22.95376	2.17589	0.139969	0.119227	0.740804	0.4208974
8200	-301.0203	-267.9965	-33.02378	3.286652	0.164519	0.256148	0.579333	0.3224751
8400	-297.7008	-271.6577	-26.04311	2.84672	0.12233	0.225844	0.651826	0.06724395
8600	-296.6851	-277.9746	-18.71049	2.154269	0.196523	0.17217	0.631308	0.02614697
8800	-298.4685	-283.4716	-14.99692	1.516117	0.266497	0.0351813	0.698321	0.2803868
9000	-297.7265	-271.4186	-26.30789	2.517879	0.173044	0.0681576	0.758798	0.4112597
9200	-298.0445	-280.1445	-17.90001	2.041214	0.170115	0.0861585	0.743727	0.05811729
9400	-294.8284	-274.1889	-20.63952	2.111975	0.173189	0.00144949	0.825362	0.2516646
9600	-299.7179	-277.3163	-22.40162	2.472031	0.157349	0.155123	0.687528	0.07667726
9800	-293.0287	-272.8016	-20.22704	2.246047	0.188586	0.00127831	0.810135	0.0850997
10000	-302.462	-289.6382	-12.82379	1.366505	0.249654	0.00974512	0.740601	0.2207617
10200	-296.3103	-279.132	-17.17825	1.815056	0.201963	0.0170923	0.780944	0.207277
10400	-292.8414	-271.8213	-21.02016	2.354684	0.194843	0.01627	0.788887	0.05569212
10600	-291.8665	-277.097	-14.76957	1.744393	0.21118	0.00939654	0.779423	0.04104042
10800	-292.8978	-275.9729	-16.92484	1.972974	0.211189	0.0127053	0.776106	0.02850257
11000	-297.3613	-283.8573	-13.50396	1.635371	0.226434	0.149322	0.624243	0.02421311
11200	-295.8925	-278.9376	-16.95492	1.77268	0.228794	0.0489819	0.722224	0.2240825
11400	-297.957	-273.5344	-24.42252	2.635295	0.146	0.0831742	0.770826	0.1158574
11600	-294.5511	-280.1283	-14.42281	1.627166	0.277578	0.0224448	0.699977	0.1212003
11800	-292.8647	-272.037	-20.82774	2.330305	0.200312	0.000610233	0.799078	0.0611003
12000	-299.9714	-278.043	-21.92842	2.470785	0.165324	0.292906	0.54177	0.03120497
12200	-297.9514	-269.7312	-28.22022	3.114123	0.12388	0.026887	0.849233	0.01767623
12400	-294.5054	-272.9127	-21.59278	2.456562	0.186539	0.00242129	0.81104	0.01272157
12600	-301.2841	-275.6687	-25.61538	2.659334	0.130426	0.442567	0.427007	0.2123679
12800	-299.8875	-283.5451	-16.34242	1.785651	0.228208	0.188944	0.582848	0.1523268
13000	-298.0772	-265.2539	-32.82333	3.551491	0.144535	0.169635	0.68583	0.04077693
13200	-295.3416	-286.035	-9.306659	1.192925	0.279103	0.00595962	0.714937	0.04531007
13400	-294.434	-278.0383	-16.39569	1.933735	0.222729	0.0443358	0.732936	0.01567243
13600	-293.0824	-277.7787	-15.30367	1.828269	0.196752	0.0397156	0.763532	0.01179533
13800	-293.0712	-275.1253	-17.94588	2.053697	0.178433	0.0366435	0.784923	0.04954419
14000	-295.9724	-272.3595	-23.61291	2.668415	0.155248	0.0100686	0.834683	0.002958955
14200	-296.4048	-274.6062	-21.7986	2.294701	0.218256	0.040786	0.740958	0.1916439
14400	-293.2362	-281.1198	-12.11638	1.499809	0.266395	0.00455443	0.729051	0.02132247
14600	-295.0013	-279.9937	-15.00768	1.753875	0.199931	0.0125011	0.787568	0.05559913
14800	-302.296	-273.5829	-28.71315	2.55538	0.172046	0.216063	0.611891	0.6051034
15000	-296.2331	-274.6945	-21.53861	2.233515	0.166613	0.0500227	0.783364	0.2220037
15200	-293.0935	-273.3978	-19.69566	2.261564	0.162324	0.00968539	0.827991	0.01767821
15400	-295.6439	-275.0027	-20.64121	2.141686	0.175744	0.00502526	0.81923	0.2266938
15600	-297.2433	-268.5595	-28.68381	2.917421	0.159693	0.0194695	0.820838	0.2554644
15800	-305.5643	-271.5784	-33.98587	3.540586	0.190683	0.324934	0.484384	0.1641027
16000	-292.1519	-277.3493	-14.80254	1.761894	0.235512	0.0135655	0.750922	0.02766841
16200	-297.2025	-279.8455	-17.35709	1.966298	0.180667	0.0591168	0.760216	0.07836276
16400	-299.0283	-273.8937	-25.13458	2.815795	0.171447	0.393128	0.435425	0.007745907
16600	-292.7913	-276.7852	-16.00615	1.900997	0.229813	0.0431504	0.727037	0.009405854
16800	-300.883	-269.8533	-31.0297	3.149288	0.122444	0.280212	0.597344	0.2565018
17000	-293.2766	-278.0275	-15.24908	1.831286	0.227571	0.067019	0.70541	0.003608738
17200	-300.2115	-282.2906	-17.92093	2.101513	0.139731	0.14097	0.719299	0.0006741565
17400	-292.4157	-270.8406	-21.57517	2.463001	0.159188	0.0165784	0.824234	0.004508407
17600	-293.883	-275.0642	-18.81873	2.022979	0.216069	0.0118159	0.772115	0.1640933
17800	-293.4048	-279.9718	-13.43298	1.626214	0.257449	0.0151866	0.727364	0.02613967
18000	-297.9516	-267.8642	-30.08738	3.23401	0.148806	0.0529133	0.79828	0.08346707
18200	-292.459	-274.8395	-17.61945	2.043776	0.219555	0.0314614	0.748983	0.02746097
18400	-294.6264	-278.8115	-15.81485	1.884108	0.183772	0.0117052	0.804523	0.007139303
18600	-293.8356	-273.9099	-19.92565	2.28477	0.166695	0.00932016	0.823985	0.01754145
18800	-295.1845	-275.2148	-19.96964	2.201477	0.18934	0.00779535	0.802864	0.1045294
19000	-297.0919	-282.4227	-14.66926	1.641579	0.237928	0.013536	0.748536	0.1326529
19200	-293.3935	-278.6102	-14.78332	1.623861	0.220568	0.00908008	0.770351	0.1584737
19400	-293.6658	-278.2511	-15.41465	1.841566	0.194191	0.0137411	0.792068	0.009687757
19600	-293.3249	-279.1166	-14.20827	1.719372	0.223223	0.0368908	0.739886	0.01107064
19800	-291.1065	-273.6	-17.5065	2.038508	0.189464	0.000535231	0.81	0.02163383
20000	-296.2434	-276.048	-20.19537	2.3283	0.163	0.0958444	0.741155	0.00130007
20200	-300.1037	-270.6162	-29.48742	3.235604	0.133159	0.413998	0.452843	0.02374232
20400	-292.721	-275.3556	-17.3654	1.936431	0.21993	0.0109143	0.769156	0.1062389
20600	-297.3228	-283.6447	-13.67811	1.381019	0.251915	0.0228786	0.725206	0.2841665
20800	-293.6891	-275.8335	-17.85566	1.978191	0.203308	0.0446008	0.752091	0.1138902
21000	-293.9024	-279.2213	-14.68114	1.709675	0.248938	0.00259995	0.748463	0.06708302
21200	-295.3747	-283.2883	-12.08638	1.502371	0.256103	0.00226648	0.74163	0.01558499
21400	-295.1523	-278.1268	-17.02552	2.008941	0.231166	0.00576851	0.763065	0.003648733
21600	-305.4393	-278.9803	-26.45897	2.652207	0.107471	0.266418	0.626111	0.292458
21800	-296.7982	-282.4797	-14.31852	1.594191	0.290775	0.0202096	0.689015	0.1446495
22000	-296.324	-281.5569	-14.76706	1.734365	0.180001	0.0234362	0.796563	0.05058403
22200	-295.1706	-280.5605	-14.61014	1.615069	0.226335	0.00769195	0.765973	0.1502686
22400	-294.5082	-276.5174	-17.99082	2.099719	0.226711	0.01545	0.757839	0.009143567
22600	-290.8417	-272.7718	-18.06992	2.106893	0.189338	6.96153e-05	0.810593	0.009911221
22800	-295.9036	-276.6354	-19.26818	2.154457	0.178408	0.0250027	0.796589	0.0812778
23000	-293.5762	-275.0864	-18.48984	2.113408	0.17973	0.0019975	0.818273	0.04417803
23200	-294.5995	-279.0522	-15.54732	1.818552	0.248018	0.0478326	0.70415	0.0448895
23400	-292.9638	-271.9211	-21.04266	2.315822	0.180801	0.0163355	0.802863	0.09536983
23600	-294.0345	-279.975	-14.05948	1.681171	0.268754	0.0123258	0.71892	0.03343371
23800	-291.7147	-276.8427	-14.87204	1.791066	0.195484	0.00358834	0.800927	0.006033319
24000	-294.1713	-277.6314	-16.53992	1.962593	0.189001	0.00894155	0.802057	0.001483267
24200	-296.1572	-271.5652	-24.59202	2.746978	0.14356	0.270553	0.585888	0.0219512
24400	-293.0585	-274.3165	-18.74197	2.182287	0.190325	0.0450354	0.764639	0.001965778
24600	-295.9412	-283.977	-11.96427	1.434379	0.23761	0.0320167	0.730373	0.06970817
24800	-293.3864	-273.3497	-20.03672	2.28847	0.162361	0.00432486	0.833314	0.024766
25000	-297.7519	-274.5928	-23.15903	2.484672	0.151679	0.127493	0.720828	0.1380009
25200	-294.2068	-276.4652	-17.74159	2.081212	0.222848	0.0056147	0.771537	0.002932954
25400	-291.2808	-274.0427	-17.23814	2.031694	0.19987	0.00260805	0.797522	0.002168453
25600	-303.3717	-272.3001	-31.07164	3.158612	0.157722	0.0569436	0.785335	0.2528448
25800	-295.8069	-278.6663	-17.14058	1.738814	0.239222	0.0142772	0.746501	0.2747577
26000	-293.5838	-273.8707	-19.71316	2.274722	0.205179	0.00503851	0.789782	0.006620945
26200	-296.598	-286.9131	-9.684878	1.260379	0.321201	0.0166079	0.662192	0.01760884
26400	-292.456	-275.9953	-16.46074	1.853812	0.224174	0.017908	0.757918	0.09899163
26600	-293.9666	-277.5835	-16.38303	1.864506	0.195254	0.0427109	0.762035	0.08087293
26800	-297.0542	-283.9783	-13.07588	1.530588	0.242761	0.0283674	0.728872	0.08304642
27000	-295.2261	-278.3566	-16.86955	1.929029	0.231774	0.0174521	0.750774	0.06643243
27200	-295.8231	-276.4613	-19.36174	2.195192	0.169226	0.0233333	0.807441	0.04944778
27400	-291.9628	-274.0675	-17.89537	2.038289	0.202707	0.00556628	0.791727	0.05920611
27600	-299.29	-275.1832	-24.10676	2.630692	0.150102	0.389014	0.460884	0.09065374
27800	-297.0851	-282.0371	-15.04799	1.750743	0.260363	0.119887	0.61975	0.06230245
28000	-296.4952	-275.6359	-20.85927	2.24963	0.210547	0.0457391	0.743714	0.1431637
28200	-295.6326	-273.7975	-21.83517	2.448466	0.193677	0.0813624	0.72496	0.04415561
28400	-292.5351	-276.0606	-16.47452	1.894042	0.20855	0.0325313	0.758919	0.06155353
28600	-295.2853	-277.1153	-18.16997	2.016283	0.186932	0.0546982	0.758369	0.1078618
28800	-295.5271	-278.6872	-16.83987	1.698495	0.226314	0.00947336	0.764213	0.2862644
29000	-297.247	-279.3574	-17.88965	1.709894	0.192235	0.0116424	0.796122	0.3732649
29200	-295.9314	-270.2837	-25.64771	2.779871	0.169371	0.108406	0.722224	0.09301414
29400	-300.5918	-287.3312	-13.26057	1.382917	0.328585	0.0465742	0.62484	0.2442075
29600	-293.8183	-272.416	-21.4023	2.403056	0.197134	0.00400631	0.798859	0.0458715
29800	-293.4681	-270.3017	-23.16643	2.510077	0.16622	0.00186167	0.831919	0.1139808
30000	-296.2753	-282.9531	-13.32226	1.482003	0.305829	0.0115304	0.68264	0.1555788
30200	-295.9922	-271.1585	-24.83369	2.664694	0.165982	0.0359794	0.798039	0.1268861
30400	-297.1875	-286.3174	-10.87008	1.389976	0.246065	0.0679676	0.685967	0.006869971
30600	-292.8042	-271.038	-21.76622	2.433725	0.19474	0.000466646	0.804793	0.05174527
30800	-295.3514	-273.8999	-21.45155	2.207893	0.17076	0.0327792	0.796461	0.2386088
31000	-295.8865	-279.3717	-16.51475	1.949074	0.227704	0.1424	0.629896	0.01214778
31200	-292.2868	-275.8982	-16.38852	1.926691	0.233658	0.00474229	0.761599	0.02151922
31400	-292.4396	-276.4794	-15.96024	1.775179	0.224388	0.011954	0.763658	0.1260095
31600	-293.8564	-275.6666	-18.18974	2.108366	0.196726	0.0747195	0.728555	0.02018692
31800	-295.0386	-270.9486	-24.09	2.654556	0.155974	0.07445	0.769576	0.06317157
32000	-294.9274	-276.7638	-18.16363	2.007568	0.187562	0.013911	0.798527	0.1150824
32200	-301.4801	-283.3842	-18.09599	1.867979	0.246765	0.20973	0.543505	0.242387
32400	-294.1306	-275.2497	-18.88091	2.161918	0.188813	0.0375728	0.773614	0.03566748
32600	-301.4639	-281.9333	-19.53056	2.165915	0.188512	0.407342	0.404145	0.09714278
32800	-296.8785	-274.4926	-22.38585	2.236956	0.200164	0.0357479	0.764088	0.3017456
33000	-295.2034	-276.7304	-18.47295	2.024033	0.17295	0.00807167	0.818978	0.1274766
33200	-294.1364	-279.2672	-14.8692	1.7217	0.227375	0.0508091	0.721816	0.07245549
33400	-296.4328	-277.4502	-18.98257	2.184093	0.217556	0.0937888	0.688655	0.02382548
33600	-292.5423	-277.3944	-15.14789	1.803271	0.215484	0.0307865	0.753729	0.02094261
33800	-296.5406	-282.1894	-14.35126	1.686473	0.301311	0.0307835	0.667905	0.05665445
34000	-294.2107	-279.3333	-14.87731	1.713147	0.258483	0.0100578	0.73146	0.08132102
34200	-295.5496	-282.4166	-13.13307	1.548615	0.246868	0.0187517	0.734381	0.07150736
34400	-295.5324	-281.9503	-13.58203	1.407855	0.259164	0.013069	0.727767	0.2500057
34600	-299.8562	-268.7442	-31.11198	3.181308	0.159532	0.264726	0.575741	0.2346235
34800	-292.1893	-272.2369	-19.95246	2.274067	0.184612	0.00690147	0.808487	0.03054812
35000	-293.0518	-277.2783	-15.77342	1.886681	0.200685	0.0157086	0.783606	0.0007459285
35200	-296.8449	-279.5942	-17.25077	1.924112	0.219911	0.0380837	0.742005	0.1058128
35400	-295.7246	-282.3448	-13.37978	1.591165	0.253732	0.00726135	0.739007	0.05527409
35600	-294.9849	-276.3865	-18.59835	1.930148	0.205906	0.0316057	0.762488	0.2311653
35800	-292.5267	-274.9188	-17.60792	2.023047	0.221058	0.0230561	0.755886	0.04660339
36000	-293.0906	-278.8968	-14.19384	1.711746	0.202255	0.0316271	0.766118	0.01717473
36200	-293.9232	-269.6137	-24.30951	2.730879	0.155155	0.038405	0.806441	0.009968095
36400	-299.8813	-273.2231	-26.65824	2.614082	0.16721	0.286752	0.546038	0.3570727
36600	-293.6352	-271.9258	-21.70941	2.427757	0.18989	0.0278418	0.782268	0.05222221
36800	-294.9744	-277.451	-17.52336	2.044689	0.201485	0.0527417	0.745773	0.01742717
37000	-298.278	-273.4437	-24.8343	2.288849	0.224249	5.10152e-05	0.7757	0.489057
37200	-296.1906	-273.5484	-22.64218	2.553846	0.138403	0.0677613	0.793835	0.01995103
37400	-294.876	-283.6531	-11.2229	1.417755	0.269522	0.0166908	0.713788	0.01398086
37600	-301.7234	-282.5238	-19.19961	2.079375	0.22049	0.361461	0.418049	0.1489823
37800	-292.523	-276.2454	-16.27756	1.936092	0.239777	0.0060922	0.754131	0.001717954
38000	-297.5058	-283.3195	-14.18636	1.55229	0.225418	0.0246394	0.749942	0.1669138
38200	-291.633	-274.3354	-17.29764	2.034241	0.198018	0.0167158	0.785266	0.005447722
38400	-297.0808	-273.6874	-23.39342	2.616495	0.157677	0.233466	0.608856	0.03223423
38600	-297.0629	-280.9913	-16.07158	1.859379	0.218412	0.15236	0.629229	0.05643776
38800	-295.4901	-280.4062	-15.08387	1.654303	0.295661	0.00891587	0.695424	0.1577393
39000	-294.4277	-277.3979	-17.02977	1.946083	0.235557	0.0172791	0.747164	0.06585832
39200	-293.3196	-273.6006	-19.71905	2.078557	0.194165	0.0139868	0.791848	0.1975002
39400	-293.8048	-277.2469	-16.55788	1.964303	0.186381	0.0474739	0.766145	0.001532501
39600	-293.0162	-275.1665	-17.8497	2.090333	0.166726	0.000187478	0.833086	0.004632492
39800	-294.9162	-273.5716	-21.34461	2.436257	0.194548	0.0165017	0.78895	0.008080248
40000	-291.8446	-277.8116	-14.03299	1.71281	0.221689	0.000326344	0.777985	0.0005785992
40200	-297.4131	-277.7527	-19.66042	2.246393	0.152846	0.0673767	0.779777	0.02917504
40400	-297.2869	-272.1694	-25.11758	2.655458	0.133691	0.0116569	0.854652	0.1629817
40600	-294.0175	-277.2757	-16.74174	1.916575	0.226523	0.00698798	0.766489	0.06621518
40800	-292.3057	-277.8454	-14.4603	1.754623	0.241343	0.0207333	0.737923	0.001455078
41000	-294.7527	-282.1059	-12.64682	1.525421	0.246153	0.0189549	0.734892	0.04796417
41200	-296.6488	-270.7208	-25.92801	2.835436	0.162057	0.0218439	0.816099	0.06624473
41400	-295.5151	-284.3029	-11.21227	1.393677	0.264713	0.00849499	0.726792	0.03558198
41600	-301.3931	-278.8819	-22.51113	2.391289	0.183415	0.471649	0.344936	0.1683463
41800	-294.3825	-277.949	-16.43354	1.869365	0.190711	0.0345006	0.774788	0.08093686
42000	-293.0294	-272.2748	-20.75466	2.317575	0.173956	0.0169763	0.809068	0.06612923
42200	-293.7542	-273.9246	-19.82956	2.181619	0.175899	0.04675	0.77735	0.1082854
42400	-294.0333	-273.6203	-20.413	2.144891	0.201342	0.010872	0.787786	0.199394
42600	-294.2736	-280.9246	-13.34907	1.641915	0.259176	0.000680272	0.740144	0.003045901
42800	-293.665	-277.3342	-16.33073	1.781845	0.216621	0.0103225	0.773056	0.1569286
43000	-297.329	-279.2648	-18.06419	1.898894	0.183805	0.104112	0.712083	0.2104834
43200	-292.9175	-279.2568	-13.66071	1.630264	0.233045	0.000398932	0.766556	0.04475387
43400	-297.181	-281.6085	-15.57256	1.862665	0.175112	0.0765305	0.748357	0.00456755
43600	-297.9888	-278.7746	-19.21415	2.036408	0.156148	0.0079225	0.83593	0.1858633
43800	-296.8394	-272.4539	-24.38548	2.707054	0.182919	0.285382	0.531699	0.04075688
44000	-295.0576	-282.1749	-12.88265	1.594692	0.276788	0.0295954	0.693616	0.003591045
44200	-296.2832	-275.1842	-21.09899	2.205867	0.174403	0.0543079	0.771289	0.2093068
44400	-296.2732	-274.9226	-21.35068	2.340363	0.155914	0.0209733	0.823112	0.1028972
44600	-294.9861	-274.3774	-20.60865	2.245961	0.193863	0.0300808	0.776057	0.1224319
44800	-295.1138	-279.7236	-15.39021	1.829961	0.237196	0.0611025	0.701701	0.01868006
45000	-293.3479	-274.3198	-19.02812	2.117089	0.195523	0.0193274	0.785149	0.09373644
45200	-298.6694	-273.8422	-24.82724	2.68384	0.17936	0.159371	0.66127	0.1088611
45400	-301.6226	-275.0955	-26.52705	2.904368	0.106196	0.203492	0.690311	0.0586249
45600	-297.4749	-273.9433	-23.53152	2.482298	0.143711	0.0093526	0.846937	0.1784281
45800	-297.8896	-272.5947	-25.29484	2.778284	0.130875	0.135914	0.733211	0.06088144
46000	-294.4744	-273.1414	-21.33305	2.307927	0.177026	0.0516331	0.77134	0.1314865
46200	-297.196	-270.5671	-26.62885	2.949544	0.131227	0.0988971	0.769876	0.02290974
46400	-293.4035	-277.8633	-15.54024	1.799883	0.224527	0.027791	0.747682	0.06238843
46600	-295.9055	-279.0256	-16.87993	1.891278	0.225316	0.0883827	0.686301	0.1042761
46800	-295.7796	-278.7376	-17.04199	1.920716	0.177808	0.0203802	0.801812	0.09056969
47000	-297.2288	-274.2499	-22.97882	2.475392	0.145902	0.12753	0.726568	0.1284119
47200	-300.0393	-286.8092	-13.23009	1.549375	0.352056	0.023925	0.624019	0.08085021
47400	-292.8032	-273.0132	-19.78998	2.279607	0.210669	0.0178264	0.771505	0.009244471
47600	-294.3054	-274.5722	-19.73323	2.210477	0.171753	0.0619913	0.766255	0.07095427
47800	-293.4906	-277.2676	-16.22306	1.757129	0.207978	0.00177812	0.790244	0.1689141
48000	-293.3305	-276.4059	-16.92467	1.947593	0.194537	0.0117869	0.793676	0.05369711
48200	-296.4774	-276.3475	-20.12987	2.3113	0.216955	0.0324163	0.750628	0.01140191
48400	-296.0453	-277.8117	-18.23356	2.086751	0.202838	0.0938967	0.703266	0.04504831
48600	-306.1608	-279.9376	-26.22322	2.653123	0.158191	0.0429833	0.798826	0.2819162
48800	-302.1826	-288.2812	-13.90137	1.520386	0.278277	0.0349883	0.686735	0.1700458
49000	-292.5519	-273.9012	-18.65065	2.154525	0.209899	0.00901696	0.781084	0.02025143
49200	-294.0568	-275.3861	-18.67078	2.080554	0.174319	0.0260057	0.799675	0.09357859
49400	-293.5787	-276.4343	-17.14435	1.843292	0.205239	0.0176101	0.777151	0.1747376
49600	-292.7526	-279.5596	-13.19302	1.59886	0.247481	0.00618805	0.746331	0.02962499
49800	-295.3927	-277.5114	-17.88133	1.747583	0.230485	0.0126232	0.756891	0.338457
50000	-296.5266	-276.2176	-20.30898	2.259392	0.178239	0.06492	0.756841	0.08051924
50200	-299.6383	-277.2183	-22.42004	2.550398	0.1505	0.448541	0.400959	0.001666953
50400	-295.6204	-275.701	-19.91935	1.991381	0.189474	0.0312077	0.779318	0.2984345
50600	-294.4606	-283.5841	-10.87652	1.330408	0.274343	0.00562998	0.720027	0.06483317
50800	-293.694	-278.3697	-15.32429	1.783284	0.199968	0.00267478	0.797357	0.05774894
51000	-295.682	-275.3797	-20.30231	2.176971	0.172592	0.0173561	0.810051	0.1589041
51200	-294.9652	-273.7847	-21.18052	2.405225	0.17637	0.0318306	0.7918	0.02256234
51400	-294.0649	-277.9418	-16.12311	1.825109	0.21505	0.0116291	0.773321	0.09492923
51600	-295.9542	-281.4739	-14.48033	1.48931	0.285484	0.0141416	0.700375	0.2595311
51800	-295.8502	-277.9607	-17.88948	2.04419	0.221876	0.0300659	0.748058	0.05335661
52000	-296.159	-276.4969	-19.66205	2.270864	0.193616	0.146265	0.660119	0.005281771
52200	-293.3407	-271.8371	-21.5036	2.450748	0.198975	0.026625	0.7744	0.009468251
52400	-295.8793	-276.8005	-19.07887	1.909119	0.195709	0.00829719	0.795994	0.3017634
52600	-293.9744	-278.2504	-15.724	1.866305	0.24248	0.0511916	0.706328	0.01572005
52800	-300.2357	-270.6282	-29.60749	3.06472	0.17879	0.201425	0.619784	0.2039759
53000	-297.8433	-270.6349	-27.20845	2.942523	0.154032	0.248264	0.597704	0.08684378
53200	-296.4931	-279.864	-16.62907	1.643495	0.223469	0.0074185	0.769112	0.3196753
53400	-292.3976	-274.0836	-18.31394	2.132178	0.194624	0.0119662	0.79341	0.008971363
53600	-299.0104	-284.8773	-14.13306	1.690882	0.186137	0.144592	0.66927	0.03126329
53800	-294.8567	-272.7605	-22.0962	2.358674	0.16544	0.0449173	0.789642	0.1571
54000	-292.7342	-275.2823	-17.45191	1.967127	0.210174	0.017442	0.772384	0.08480514
54200	-296.7352	-280.4741	-16.26115	1.676416	0.274274	0.0191331	0.706593	0.2512589
54400	-291.9849	-273.3171	-18.66775	2.174773	0.219615	0.00586408	0.774521	0.002057394
54600	-295.9185	-281.1495	-14.76903	1.640444	0.287169	0.00297871	0.709852	0.142575
54800	-297.4702	-281.1256	-16.3446	1.940697	0.198943	0.236155	0.564902	0.003783691
55000	-293.6626	-275.6149	-18.04774	1.921378	0.191727	0.00431627	0.803957	0.1864984
55200	-296.0499	-269.9102	-26.1397	2.923885	0.150831	0.199635	0.649535	0.0001915153
55400	-294.6929	-281.769	-12.92392	1.597807	0.270873	0.0543281	0.674799	0.004555466
55600	-295.8022	-274.6426	-21.15956	2.2796	0.197015	0.0237478	0.779237	0.1443019
55800	-293.478	-276.3607	-17.11731	1.777116	0.229478	0.00802225	0.7625	0.2352438
56000	-293.2381	-279.1421	-14.096	1.638886	0.250557	0.010163	0.73928	0.07843547
56200	-298.6375	-268.841	-29.79649	3.121852	0.170194	0.129078	0.700729	0.1652404
56400	-297.8952	-279.3709	-18.52437	2.081553	0.183693	0.056901	0.759406	0.07840042
56600	-296.2686	-270.208	-26.06062	2.873905	0.138653	0.172617	0.68873	0.04130336
56800	-293.1025	-275.5119	-17.59061	1.93252	0.213619	0.00250972	0.783871	0.1320003
57000	-294.305	-279.4002	-14.90477	1.784418	0.271218	0.00127668	0.727505	0.01560836
57200	-292.0543	-271.6748	-20.37955	2.33471	0.198431	0.00793168	0.793638	0.0129666
57400	-302.0836	-264.7307	-37.35292	4.021479	0.12302	0.311312	0.565667	0.02448852
57600	-292.1421	-276.3808	-15.76126	1.830722	0.216994	0.0185278	0.764478	0.0536454
57800	-298.1623	-282.8905	-15.27182	1.677071	0.225843	0.132209	0.641949	0.1550632
58000	-293.9807	-276.4754	-17.50528	1.942539	0.248447	0.00531846	0.746235	0.1146409
58200	-296.4468	-272.031	-24.41587	2.713825	0.14754	0.0507078	0.801752	0.03733472
58400	-297.4518	-278.3125	-19.13938	2.094651	0.21144	0.0342922	0.754268	0.1250354
58600	-296.2655	-282.4881	-13.77732	1.679234	0.289584	0.0466201	0.663795	0.008321034
58800	-296.445	-273.057	-23.38795	2.564444	0.149752	0.0798867	0.770361	0.08208748
59000	-291.2322	-273.187	-18.04517	2.106761	0.193689	0.0102837	0.796028	0.007602337
59200	-293.5813	-274.842	-18.73934	2.172575	0.165357	0.0480469	0.786597	0.01116571
59400	-296.8705	-276.5278	-20.34271	2.169541	0.185277	0.06799	0.746733	0.1717895
59600	-296.5703	-274.7678	-21.80254	2.488301	0.143312	0.189419	0.667268	0.002015635
59800	-295.9983	-280.193	-15.80535	1.809574	0.208745	0.0319133	0.759342	0.07882353
60000	-297.9938	-269.0967	-28.89711	3.18209	0.130652	0.273704	0.595644	0.01754697
60200	-292.4136	-271.5088	-20.90477	2.359249	0.178081	0.0133694	0.80855	0.04037143
60400	-294.4077	-274.9022	-19.50551	2.125871	0.185263	0.030011	0.784726	0.1313419
60600	-299.6813	-277.0972	-22.58412	2.225484	0.177244	0.0490163	0.773739	0.3390775
60800	-292.4422	-278.8094	-13.63274	1.619673	0.234969	0.0148182	0.750213	0.05191799
61000	-298.518	-279.29	-19.22807	2.025997	0.146061	0.0500687	0.80387	0.2006025
61200	-293.0711	-273.1289	-19.94221	2.28443	0.20284	0.0245725	0.772587	0.0194645
61400	-293.1937	-275.1988	-17.99483	2.010958	0.233518	0.0061408	0.760342	0.09530143
61600	-296.1886	-270.4391	-25.74942	2.694101	0.160859	0.0523081	0.786833	0.1862425
61800	-295.203	-271.9879	-23.21502	2.36575	0.164479	0.0100877	0.825433	0.2585535
62000	-296.559	-288.2788	-8.280284	1.130076	0.327554	0.00468058	0.667766	0.007703473
62200	-297.2802	-270.4827	-26.79756	2.600802	0.167613	0.0146739	0.817713	0.3781306
62400	-300.4267	-287.5855	-12.84112	1.436775	0.241314	0.116162	0.642524	0.1525055
62600	-293.4772	-273.4397	-20.03746	2.275367	0.188833	0.0105016	0.800665	0.0377187
62800	-293.9991	-280.0039	-13.99521	1.513529	0.247977	0.00187559	0.750147	0.1892234
63000	-295.894	-278.6528	-17.24112	1.998696	0.219271	0.122993	0.657736	0.03445854
63200	-299.6994	-264.6586	-35.0408	3.665356	0.125256	0.220566	0.654178	0.1454093
63400	-297.5106	-272.4196	-25.09098	2.76406	0.136558	0.247055	0.616387	0.05350919
63600	-296.6336	-272.5635	-24.07011	2.623286	0.150828	0.0513483	0.797824	0.09183936
63800	-296.7387	-286.5191	-10.2196	1.298924	0.24296	0.0152334	0.741807	0.03127003
64000	-297.3752	-280.6643	-16.71089	1.743841	0.27264	0.0279484	0.699412	0.2326179
64200	-299.3666	-272.9592	-26.40741	2.934153	0.15414	0.202164	0.643697	0.01652519
64400	-298.4626	-274.3481	-24.11449	2.591107	0.150146	0.231041	0.618813	0.1265548
64600	-293.6181	-271.4816	-22.13648	2.488579	0.194156	0.00692019	0.798923	0.0345756
64800	-297.4088	-281.7969	-15.61195	1.849982	0.243757	0.0626104	0.693632	0.02058185
65000	-295.942	-276.6615	-19.28043	2.218577	0.182792	0.18146	0.635748	0.0191239
65200	-294.5797	-279.6995	-14.8802	1.748892	0.209381	0.0162449	0.774374	0.04764797
65400	-291.7055	-277.9264	-13.77909	1.651766	0.217549	0.000732739	0.781718	0.03489131
65600	-295.7764	-279.9848	-15.79164	1.747537	0.236497	0.0101292	0.753374	0.1390434
65800	-294.6015	-278.6043	-15.9972	1.876122	0.274067	0.00103314	0.7249	0.03283765
66000	-296.0202	-278.5265	-17.49368	1.94047	0.225724	0.0961473	0.678129	0.1153996
66200	-299.0928	-288.2477	-10.84513	1.379423	0.257139	0.0511353	0.691726	0.01485646
66400	-298.4416	-278.4689	-19.97265	2.278775	0.159439	0.38668	0.453881	0.02803425
66600	-293.7805	-282.2768	-11.50374	1.403588	0.276154	0.0171637	0.706682	0.05453968
66800	-294.4698	-281.5202	-12.94957	1.588784	0.257561	0.017433	0.725006	0.01585887
67000	-295.6935	-269.8662	-25.8273	2.829306	0.136993	0.0171976	0.845809	0.06229727
67200	-296.1547	-270.7357	-25.41894	2.823955	0.146068	0.215179	0.638753	0.02747166
67400	-298.2687	-268.4496	-29.81909	3.219273	0.164171	0.30568	0.530149	0.07109311
67600	-294.6927	-275.2145	-19.47825	2.251859	0.185742	0.0808048	0.733453	0.005860404
67800	-294.7202	-271.5954	-23.12484	2.423412	0.179341	0.0137259	0.806933	0.1940785
68000	-302.0975	-271.5686	-30.52893	3.138977	0.110285	0.306455	0.58326	0.2291311
68200	-293.6153	-273.3378	-20.27749	2.203732	0.188043	0.0103151	0.801642	0.1311867
68400	-296.3758	-275.4979	-20.87783	2.330088	0.197574	0.071834	0.730592	0.0671399
68600	-296.7065	-276.3954	-20.31112	2.268174	0.208691	0.00763327	0.783676	0.07226124
68800	-291.883	-277.2651	-14.6179	1.762965	0.238277	0.00863586	0.753087	0.008695433
69000	-293.8849	-279.0103	-14.87455	1.729423	0.266235	0.0240626	0.709702	0.0660177
69200	-292.0588	-270.532	-21.5268	2.448815	0.172712	0.0136097	0.813679	0.01358554
69400	-293.5747	-277.2809	-16.29379	1.895538	0.224123	0.0143504	0.761527	0.04303779
69600	-294.9253	-276.4217	-18.50355	2.131732	0.17245	0.0725595	0.754991	0.02798853
69800	-292.9702	-273.3212	-19.649	2.251708	0.169756	0.000802368	0.829442	0.02279872
70000	-291.4203	-277.2084	-14.21192	1.721416	0.211787	0.00442532	0.783788	0.009495139
70200	-294.6142	-279.2682	-15.34591	1.754269	0.208873	0.0150108	0.776116	0.08721506
70400	-298.5077	-274.2556	-24.25208	2.551129	0.179905	0.282803	0.537293	0.1796063
70600	-293.745	-272.1636	-21.58139	2.358446	0.182181	0.00911447	0.808705	0.106049
70800	-294.5312	-272.8545	-21.67678	2.272489	0.179724	0.0321485	0.788128	0.2001616
71000	-292.1073	-274.3862	-17.72107	2.068346	0.212194	0.00133163	0.786474	0.01359959
71200	-297.7722	-275.8783	-21.89399	2.485152	0.208856	0.213507	0.577637	0.01428647
71400	-298.767	-268.8722	-29.8948	3.247688	0.140399	0.315134	0.544466	0.0530316
71600	-294.5521	-270.2842	-24.26783	2.579299	0.164752	0.00139266	0.833856	0.1527925
71800	-297.2737	-270.4523	-26.82137	2.941496	0.16127	0.0593217	0.779408	0.04924967
72000	-296.2997	-280.1814	-16.11827	1.868783	0.24368	0.0664278	0.689893	0.05159812
72200	-295.0437	-272.4547	-22.58905	2.226497	0.170026	0.000463238	0.829511	0.3330751
72400	-294.1901	-279.3533	-14.83674	1.746834	0.211285	0.0254918	0.763223	0.04572219
72600	-293.5228	-273.7255	-19.79728	2.118443	0.196316	0.0335598	0.770125	0.166175
72800	-293.2543	-274.4737	-18.78062	2.071866	0.198877	0.0204849	0.780638	0.1131742
73000	-293.7466	-281.3193	-12.42729	1.497977	0.220957	0.00897361	0.770069	0.05281956
73200	-299.3554	-273.6857	-25.66964	2.382905	0.183054	0.120753	0.696193	0.4805112
73400	-296.3733	-278.5505	-17.82285	1.788021	0.215659	0.0053139	0.779027	0.2947268
73600	-299.2046	-279.5149	-19.6897	2.275499	0.219354	0.273838	0.506808	0.003541871
73800	-295.6368	-275.0923	-20.54456	2.06102	0.175086	0.0116014	0.813313	0.2948769
74000	-299.5016	-272.2842	-27.21743	3.005192	0.139411	0.359981	0.500608	0.0268295
74200	-298.0259	-276.2646	-21.76131	2.369699	0.221713	0.0586494	0.719637	0.1146057
74400	-294.5309	-276.8652	-17.66564	1.951116	0.179197	0.011105	0.809698	0.1226329
74600	-293.9718	-276.672	-17.29981	1.982431	0.193505	0.038567	0.767928	0.05612622
74800	-296.5959	-270.8792	-25.71667	2.843814	0.146345	0.116614	0.737041	0.03741008
75000	-296.4476	-279.3739	-17.0737	1.928255	0.202666	0.0722171	0.725117	0.08778117
75200	-294.0237	-279.4684	-14.55534	1.659399	0.212132	0.0144314	0.773436	0.1017529
75400	-299.1469	-263.2035	-35.94342	3.802035	0.12294	0.265358	0.611702	0.102482
75600	-300.1969	-281.9001	-18.29685	1.979954	0.190084	0.142648	0.667268	0.1567507
75800	-293.7436	-274.2782	-19.46542	2.223165	0.226151	0.0330325	0.740817	0.03256418
76000	-297.9225	-271.4358	-26.48665	2.89479	0.124199	0.251792	0.624009	0.06221478
76200	-293.3494	-277.1401	-16.20928	1.890284	0.212403	0.0357689	0.751828	0.03924377
76400	-296.538	-281.9619	-14.57615	1.738513	0.194262	0.0422965	0.763442	0.02790221
76600	-293.1512	-269.9448	-23.20633	2.577975	0.161398	0.00267141	0.835931	0.05118548
76800	-293.0455	-279.2481	-13.79732	1.632221	0.256612	3.52649e-05	0.743353	0.05581748
77000	-297.3757	-273.3167	-24.059	2.615642	0.158049	0.100684	0.741266	0.09782983
77200	-296.752	-278.6143	-18.13773	2.123087	0.195375	0.213104	0.591521	0.0007792249
77400	-293.5252	-273.0422	-20.48301	2.35319	0.206847	0.0153722	0.777781	0.005116211
77600	-294.2335	-273.4221	-20.81145	2.250744	0.181446	0.0107061	0.807848	0.1361989
77800	-292.282	-277.6039	-14.67803	1.743244	0.206432	0.00280594	0.790762	0.0333728
78000	-300.1933	-284.9804	-15.21291	1.624077	0.1799	0.0107469	0.809354	0.1982831
78200	-292.1018	-274.5294	-17.57239	2.038519	0.219644	0.000975205	0.779381	0.02812354
78400	-294.9862	-274.706	-20.28019	1.984577	0.191099	0.00204315	0.806858	0.3436324
78600	-293.6046	-276.5237	-17.08096	1.958893	0.215486	0.0177195	0.766795	0.0579157
78800	-293.5834	-282.9851	-10.59833	1.333361	0.256229	0.00152258	0.742248	0.03477069
79000	-292.142	-274.1032	-18.03882	1.990188	0.198471	0.0024495	0.799079	0.1201957
79200	-301.1406	-281.9059	-19.2347	1.724153	0.241124	0.117218	0.641658	0.4889239
79400	-296.0173	-282.5741	-13.44317	1.642449	0.207038	0.0519514	0.74101	0.01156883
79600	-297.3691	-289.108	-8.261118	1.072933	0.327793	0.00393554	0.668271	0.05981729
79800	-294.0364	-272.1014	-21.93492	2.438596	0.173986	0.0182714	0.807742	0.0635292
80000	-294.0938	-280.8345	-13.25932	1.630625	0.214277	0.0236792	0.762043	0.005244775
80200	-295.1707	-275.193	-19.97768	2.187566	0.202184	0.0784482	0.719368	0.1174646
80400	-294.4642	-279.154	-15.31026	1.746053	0.258717	0.0217886	0.719495	0.09133738
80600	-300.0901	-269.9573	-30.13283	3.187622	0.175986	0.359307	0.464707	0.1367097
80800	-296.2022	-275.1193	-21.08284	2.357931	0.157047	0.0640527	0.778901	0.05956468
81000	-298.4372	-276.5501	-21.8871	2.421149	0.120782	0.00121378	0.878004	0.07448323
81200	-294.3525	-274.2438	-20.10869	2.259982	0.180745	0.0434368	0.775818	0.05958714
81400	-295.66	-272.8323	-22.82778	2.493276	0.156204	0.0107816	0.833014	0.09730904
81600	-297.818	-269.4995	-28.31844	2.953167	0.140954	0.153756	0.70529	0.1860164
81800	-295.4417	-282.0385	-13.40319	1.571948	0.224236	0.0492197	0.726544	0.07494785
82000	-296.0498	-283.0082	-13.04168	1.442036	0.261215	0.0211696	0.717615	0.1647043
82200	-297.3824	-279.8391	-17.54334	1.68205	0.272718	0.0251121	0.70217	0.3691985
82400	-297.8649	-274.6779	-23.18699	2.094534	0.217928	0.0234244	0.758647	0.5173137
82600	-297.7889	-281.6854	-16.10354	1.710437	0.235249	0.0186217	0.746129	0.1991467
82800	-294.25	-278.652	-15.59791	1.68293	0.229331	0.0191681	0.751501	0.1809962
83000	-296.1427	-271.9104	-24.23232	2.637044	0.158332	0.103973	0.737695	0.09464757
83200	-294.8272	-273.6521	-21.17503	2.414924	0.181663	0.0256715	0.792666	0.01224247
83400	-300.6576	-267.3181	-33.33944	3.415532	0.170531	0.213415	0.616053	0.2251205
83600	-297.0415	-286.4366	-10.60485	1.365033	0.265377	0.0287468	0.705877	0.005409547
83800	-294.7033	-279.7097	-14.99367	1.789875	0.266256	0.0200865	0.713657	0.01926169
84000	-295.2792	-274.7305	-20.54864	2.313829	0.159526	0.0652402	0.775234	0.05000851
84200	-298.119	-271.3097	-26.80922	2.852703	0.183767	0.263152	0.553081	0.1370269
84400	-298.1618	-273.9923	-24.16956	2.691661	0.180482	0.254023	0.565495	0.0348137
84600	-292.998	-278.2128	-14.7852	1.773165	0.221346	0.0366208	0.742033	0.01488688
84800	-299.0997	-285.7244	-13.37532	1.46763	0.335898	0.035969	0.628133	0.1723945
85000	-297.8843	-267.63	-30.25437	3.192809	0.134831	0.260093	0.605076	0.1413444
85200	-294.8559	-271.8052	-23.05069	2.31916	0.19057	0.0134299	0.796	0.2861696
85400	-298.4134	-272.4432	-25.97019	2.746141	0.175403	0.284302	0.540295	0.1576325
85600	-295.9033	-269.4597	-26.44364	2.862535	0.158024	0.0159883	0.825988	0.08910089
85800	-297.5816	-271.2869	-26.29472	2.784962	0.131098	0.0198299	0.849072	0.1508897
86000	-293.0244	-273.5267	-19.49773	2.221432	0.169041	0.0345889	0.79637	0.03721773
86200	-294.4449	-277.233	-17.21193	1.830686	0.196209	0.009387	0.794404	0.1937581
86400	-296.161	-283.6884	-12.47257	1.48846	0.254963	0.0454065	0.69963	0.06573589
86600	-293.3776	-273.6239	-19.75366	2.273117	0.169813	0.0466235	0.783564	0.01206765
86800	-291.6807	-274.3868	-17.29396	2.013525	0.209276	0.00317814	0.787546	0.02533923
87000	-294.6531	-277.1393	-17.51379	2.030579	0.230807	0.0562194	0.712974	0.03019529
87200	-292.792	-277.7081	-15.08394	1.762705	0.240254	0.0263783	0.733367	0.0540442
87400	-298.4978	-273.5337	-24.96403	2.410613	0.149538	0.0320162	0.818446	0.381803
87600	-294.6246	-271.7502	-22.87444	2.582792	0.163229	0.108369	0.728402	0.01443559
87800	-292.4994	-277.8164	-14.68299	1.735572	0.255237	0.00925217	0.735511	0.04155277
88000	-294.2558	-273.4516	-20.80417	2.339658	0.158214	0.00478776	0.836998	0.04987354
88200	-295.9215	-278.8501	-17.07144	1.91267	0.197114	0.0741884	0.728698	0.1019864
88400	-292.3077	-277.095	-15.21267	1.758425	0.230737	0.0142014	0.755061	0.07063022
88600	-294.8934	-279.2272	-15.66619	1.707261	0.227965	0.0288567	0.743178	0.1649625
88800	-293.6117	-272.3746	-21.23712	2.409782	0.183946	0.00604534	0.810009	0.0232829
89000	-297.7747	-267.8403	-29.93435	3.241837	0.145602	0.186936	0.667461	0.06088091
89200	-295.1045	-269.8604	-25.24414	2.831413	0.146759	0.0536153	0.799625	0.00304888
89400	-297.0722	-271.6171	-25.45515	2.767189	0.138207	0.191463	0.67033	0.08621334
89600	-294.431	-278.513	-15.91798	1.812216	0.222491	0.048591	0.728918	0.08670799
89800	-295.7922	-278.4569	-17.33535	1.725118	0.199022	0.00632267	0.794656	0.308373
90000	-293.9784	-270.6799	-23.2985	2.51632	0.180859	0.00457308	0.814568	0.120291
90200	-297.3158	-276.9548	-20.36101	2.097018	0.230545	0.0845308	0.684924	0.2431569
90400	-296.522	-276.5414	-19.98063	2.198814	0.240554	0.0620808	0.697365	0.1067997
90600	-293.9596	-281.418	-12.5416	1.483803	0.225494	0.011392	0.763114	0.07677249
90800	-294.0515	-275.8117	-18.23977	2.073181	0.164443	0.0119438	0.823613	0.05858825
91000	-293.4853	-269.5122	-23.97312	2.631094	0.157034	0.0143261	0.828639	0.07435606
91200	-295.0862	-280.7728	-14.31346	1.713754	0.200421	0.0662255	0.733354	0.0268871
91400	-292.9621	-278.6657	-14.29646	1.667487	0.248455	0.00693684	0.744608	0.06938022
91600	-294.9151	-276.3496	-18.56552	2.066325	0.169054	0.0112307	0.819716	0.09657159
91800	-297.5969	-285.1023	-12.49462	1.305527	0.293519	0.00927231	0.697208	0.2397438
92000	-298.5391	-268.5925	-29.94658	3.22757	0.157366	0.00492145	0.837713	0.07603266
92200	-292.8415	-272.1067	-20.7348	2.375371	0.192939	0.0263878	0.780673	0.008026055
92400	-294.7451	-282.1986	-12.5465	1.564662	0.243699	0.0371379	0.719163	9.487903e-05
92600	-297.9704	-272.4198	-25.55066	2.791385	0.205055	0.00734033	0.787604	0.07258304
92800	-294.269	-277.6549	-16.6141	1.780118	0.221268	0.0299829	0.748749	0.1851901
93000	-302.2594	-279.0167	-23.24269	2.584987	0.229689	0.331483	0.438828	0.04832602
93200	-291.6099	-275.4443	-16.16558	1.87632	0.213279	0.00905845	0.777662	0.04859759
93400	-297.4967	-278.8078	-18.68897	1.80727	0.232607	0.0299491	0.737444	0.3606783
93600	-295.9288	-275.3816	-20.54716	2.204729	0.183782	0.0292654	0.786953	0.1579444
93800	-293.7595	-279.8484	-13.91113	1.576258	0.256142	0.0131438	0.730714	0.1196004
94000	-292.6693	-272.2881	-20.38118	2.309533	0.206455	0.00482084	0.788724	0.03767962
94200	-292.7309	-275.3482	-17.38278	2.02184	0.195266	0.0332973	0.771436	0.02588139
94400	-296.9737	-274.0787	-22.89493	2.397706	0.178374	0.0474806	0.774146	0.1985952
94600	-296.446	-275.7592	-20.68687	2.148934	0.198406	0.00710541	0.794489	0.2228858
94800	-294.3366	-277.7833	-16.55338	1.953902	0.165894	0.00602736	0.828079	0.01113634
95000	-294.3657	-276.993	-17.37263	1.963164	0.262016	0.00704669	0.730938	0.08190478
95200	-291.5023	-277.5255	-13.97676	1.661213	0.240573	0.004914	0.754513	0.04477409
95400	-295.0125	-277.3941	-17.6184	1.972817	0.23265	0.0166379	0.750712	0.09781912
95600	-294.9324	-272.4606	-22.47182	2.548725	0.149425	0.0410448	0.80953	0.008410482
95800	-295.2374	-279.4627	-15.77467	1.797866	0.196507	0.0372727	0.76622	0.08713366
96000	-296.2344	-268.6887	-27.54563	3.064319	0.146103	0.17819	0.675707	0.0003483335
96200	-294.8309	-279.3361	-15.49485	1.743161	0.237341	0.0128448	0.749814	0.1127028
96400	-292.2414	-274.8095	-17.43196	2.045574	0.208996	0.0271434	0.76386	0.007543868
96600	-294.2956	-275.5639	-18.73169	2.08347	0.196113	0.0142591	0.789628	0.09761089
96800	-302.6549	-281.0317	-21.62316	2.068396	0.248603	0.113338	0.638059	0.3879071
97000	-295	-276.4492	-18.55084	2.026109	0.223057	0.0699186	0.707024	0.1348017
97200	-294.7767	-273.2911	-21.48559	2.421751	0.170456	0.0972212	0.732323	0.03613941
97400	-296.8169	-273.3511	-23.46579	2.606394	0.138072	0.200327	0.661601	0.04920945
97600	-296.7136	-283	-13.71355	1.619796	0.234061	0.0680313	0.697907	0.05919464
97800	-294.2727	-279.8442	-14.4285	1.662882	0.237718	0.0456127	0.71667	0.08728201
98000	-297.691	-281.7541	-15.93688	1.80442	0.244414	0.0289231	0.726663	0.09784811
98200	-295.6838	-276.8815	-18.80226	2.026283	0.206246	0.0195123	0.774241	0.1599141
98400	-297.6206	-266.4215	-31.19911	3.409891	0.112447	0.246049	0.641504	0.02007349
98600	-295.0686	-277.9942	-17.07446	1.872583	0.266963	0.0221028	0.710934	0.1399787
98800	-295.335	-277.9337	-17.40133	1.823091	0.245299	0.0212603	0.73344	0.2209675
99000	-297.3741	-276.8387	-20.53537	2.214903	0.219596	0.00772339	0.772681	0.1428353
99200	-297.771	-271.5028	-26.26827	2.654621	0.173252	0.0969816	0.729766	0.2756102
99400	-291.8412	-276.0932	-15.748	1.844959	0.202542	0.0069317	0.790526	0.03870224
99600	-301.968	-284.0412	-17.92672	1.964393	0.24955	0.294109	0.456342	0.1356836
99800	-294.1943	-276.9746	-17.21966	1.907737	0.196874	0.0242842	0.778842	0.1211203
100000	-296.333	-274.6553	-21.67765	2.472596	0.180661	0.107841	0.711498	0.005187926
100200	-293.8972	-281.4354	-12.46188	1.490275	0.248859	0.0238948	0.727247	0.06344713
100400	-295.7349	-278.8914	-16.84353	1.939953	0.156253	0.0172973	0.82645	0.05301912
100600	-292.3482	-278.4259	-13.92236	1.696472	0.236491	0.0144502	0.749059	0.005710382
100800	-299.2664	-277.5131	-21.7533	2.036994	0.21232	0.0394275	0.748252	0.4361398
101000	-298.1837	-274.9936	-23.19012	2.392328	0.14614	0.0588387	0.795021	0.2319087
101200	-297.4952	-283.4657	-14.02945	1.699561	0.227583	0.136797	0.63562	0.01287017
101400	-294.4013	-283.1709	-11.2304	1.413984	0.299077	0.0103627	0.690561	0.01858538
101600	-294.392	-277.855	-16.53703	1.870631	0.185152	0.0408871	0.773961	0.09010136
101800	-291.3971	-277.2504	-14.14664	1.701636	0.21551	0.00585406	0.778636	0.02224837
102000	-292.0034	-274.6011	-17.40237	2.01919	0.188422	0.00407418	0.807504	0.0303323
102200	-293.4116	-277.1152	-16.29639	1.781403	0.209717	0.0201812	0.770102	0.1532388
102400	-295.5129	-278.1271	-17.3858	1.892112	0.228164	0.0323109	0.739525	0.1506206
102600	-296.2598	-276.0499	-20.20984	2.242687	0.207643	0.0989395	0.693418	0.08578899
102800	-296.9464	-271.7042	-25.24213	2.730777	0.171246	0.248214	0.58054	0.1012042
103000	-298.627	-271.8847	-26.74229	2.95367	0.168019	0.205272	0.626709	0.02977638
103200	-297.9943	-276.2706	-21.72378	2.432139	0.179432	0.180703	0.639865	0.05017235
103400	-296.1174	-275.4598	-20.65768	2.34061	0.207028	0.135393	0.657579	0.0345243
103600	-293.1256	-273.1539	-19.9717	2.234217	0.182042	0.0128546	0.805104	0.07125868
103800	-293.9732	-273.9033	-20.06987	2.282417	0.185559	0.00706856	0.807373	0.0341801
104000	-297.1875	-276.6394	-20.54815	2.283244	0.170296	0.00530367	0.824401	0.08059562
104200	-296.9368	-274.3506	-22.58621	2.441631	0.159275	0.136462	0.704263	0.12328
104400	-292.2592	-270.3894	-21.86978	2.494704	0.165092	0.00620561	0.828702	0.002316186
104600	-291.8985	-272.7051	-19.19341	2.217721	0.199108	0.0130907	0.787801	0.0114127
104800	-295.0948	-274.4626	-20.63217	2.267275	0.153044	0.00545703	0.841499	0.1036944
105000	-298.6439	-275.7227	-22.92119	2.556983	0.198019	0.245961	0.556019	0.04410688
105200	-300.1447	-267.6774	-32.46737	3.538973	0.158754	0.0127014	0.828545	0.01771639
105400	-296.9152	-274.7736	-22.14163	2.302374	0.221028	0.00219165	0.776781	0.2164146
105600	-298.093	-273.4602	-24.63279	2.679781	0.186401	0.281244	0.532355	0.09168714
105800	-294.5858	-277.6199	-16.96593	1.930145	0.249655	0.0199943	0.730351	0.07395486
106000	-292.2307	-271.6813	-20.5494	2.319693	0.167465	0.00264217	0.829893	0.04403118
106200	-296.3404	-272.8391	-23.50131	2.630669	0.176518	0.176597	0.646885	0.02930307
106400	-295.3515	-280.711	-14.64053	1.469707	0.224077	0.00120641	0.774716	0.2920171
106600	-295.4814	-280.155	-15.32641	1.680291	0.255562	0.0377349	0.706703	0.1561077
106800	-298.2562	-270.9813	-27.27494	2.930974	0.146587	0.302493	0.550921	0.1036784
107000	-297.2861	-272.3248	-24.96136	2.653875	0.146979	0.0621267	0.790895	0.1494826
107200	-297.0892	-272.8838	-24.20533	2.621609	0.158729	0.306182	0.535089	0.108116
107400	-296.017	-270.8342	-25.18271	2.808614	0.185412	0.101364	0.713224	0.01928999
107600	-291.3796	-275.1582	-16.22143	1.92995	0.218775	0.00393059	0.777294	0.002240827
107800	-299.2949	-276.7982	-22.49671	2.29717	0.163415	0.120522	0.716063	0.2529879
108000	-299.7783	-268.6886	-31.08968	3.277703	0.152271	0.317759	0.52997	0.1396103
108200	-297.3934	-278.8232	-18.57026	1.884086	0.240498	0.0960866	0.663415	0.2734207
108400	-294.1129	-274.6666	-19.44636	2.129387	0.205124	0.0155344	0.779342	0.1204341
108600	-296.752	-277.6366	-19.11538	2.144488	0.20589	0.186576	0.607535	0.07545506
108800	-295.8869	-273.6434	-22.24349	2.516029	0.178362	0.0331631	0.788475	0.01811137
109000	-296.994	-269.9802	-27.0138	2.914113	0.135494	0.0873078	0.777198	0.09550023
109200	-294.0523	-276.3864	-17.66584	2.007215	0.234333	0.0060708	0.759596	0.06785388
109400	-293.043	-273.4764	-19.56663	2.206973	0.201648	0.0103589	0.787993	0.05773123
109600	-296.7129	-276.0307	-20.68214	2.36075	0.157404	0.181562	0.661034	0.01710601
109800	-292.4249	-275.4673	-16.95755	1.964526	0.199931	0.00152503	0.798544	0.0403546
110000	-291.3393	-274.8148	-16.52458	1.952821	0.185648	0.00208638	0.812266	0.009460551
110200	-291.5154	-278.1901	-13.32536	1.594338	0.236689	0.00130541	0.762006	0.04650262
110400	-296.8912	-274.1103	-22.78088	2.431604	0.201308	0.0960364	0.702655	0.1541184
110600	-297.9314	-281.0007	-16.93072	1.78235	0.26642	0.0627135	0.670867	0.215939
110800	-295.3248	-277.3702	-17.95462	1.916547	0.229324	0.0238542	0.746822	0.1828344
111000	-295.4962	-279.8306	-15.66555	1.805046	0.200696	0.0554069	0.743897	0.06882752
111200	-292.796	-274.6387	-18.15735	2.003821	0.197139	0.00277034	0.800091	0.118988
111400	-294.982	-284.4746	-10.50738	1.343098	0.269931	0.0239364	0.706132	0.01712256
111600	-294.8168	-274.657	-20.1598	2.250078	0.190488	0.0315766	0.777936	0.07422264
111800	-293.5057	-276.0413	-17.46433	1.950982	0.211935	0.0346655	0.7534	0.1020577
112000	-302.9249	-279.0506	-23.87427	2.620209	0.144882	0.539917	0.315201	0.07452982
112200	-295.0432	-274.4966	-20.54657	2.114986	0.194644	0.0418838	0.763472	0.2418627
112400	-291.5744	-277.5486	-14.02584	1.699334	0.228392	0.00149173	0.770116	0.01290517
112600	-300.196	-273.4215	-26.77451	2.718141	0.139544	0.285003	0.575453	0.2613833
112800	-293.5308	-278.404	-15.12686	1.743296	0.204693	0.0388662	0.756441	0.07652718
113000	-293.8112	-273.2797	-20.5315	2.120967	0.204309	0.00149554	0.794195	0.2348162
113200	-296.8789	-274.9429	-21.93602	2.373256	0.153304	0.0246344	0.822062	0.1284564
113400	-294.1009	-274.0812	-20.01971	2.259572	0.172745	0.00511234	0.822143	0.05166807
113600	-296.7689	-272.7179	-24.05104	2.301691	0.213558	0.00455779	0.781884	0.4008075
113800	-295.2223	-273.7509	-21.47138	2.215824	0.20417	0.037918	0.757912	0.234505
114000	-294.4737	-272.7125	-21.76125	2.257242	0.203845	0.0127164	0.783438	0.2234824
114200	-297.2432	-269.7384	-27.50479	2.997446	0.180296	0.19212	0.627583	0.06191397
114400	-294.6486	-277.6062	-17.04244	1.964859	0.195558	0.0831471	0.721295	0.04806605
114600	-297.0909	-277.0971	-19.9938	2.272066	0.164982	0.0134046	0.821614	0.03689915
114800	-294.8242	-274.0078	-20.81636	2.004201	0.218459	0.00692775	0.774613	0.3745902
115000	-300.3898	-275.4349	-24.95493	2.642794	0.147188	0.42871	0.424102	0.1643481
115200	-296.2296	-279.3431	-16.88655	1.731552	0.249409	0.0198604	0.730731	0.259915
115400	-295.2137	-272.1506	-23.06305	2.272127	0.184197	0.0116596	0.804144	0.3336882
115600	-295.2378	-277.2618	-17.976	1.831034	0.217226	0.0114927	0.771282	0.2674246
115800	-294.4719	-282.2916	-12.18036	1.520742	0.296753	0.0176631	0.685584	0.007185239
116000	-293.9987	-272.8457	-21.15303	2.385824	0.2112	0.00355713	0.785243	0.03869923
116200	-304.0512	-277.8574	-26.1938	2.780051	0.145867	0.455948	0.398185	0.143839
116400	-296.8537	-272.6412	-24.21248	2.6249	0.18394	0.0551845	0.760875	0.1054282
116600	-293.2475	-278.5412	-14.70623	1.764808	0.234429	0.0176584	0.747913	0.01553959
116800	-293.1696	-277.7459	-15.42373	1.817164	0.246593	0.0171167	0.73629	0.03449532
117000	-292.5904	-279.7455	-12.84485	1.567943	0.221679	0.0143006	0.764021	0.02552092
117200	-299.9817	-275.5258	-24.4558	2.613072	0.126114	0.295551	0.578335	0.1385049
117400	-297.478	-277.6886	-19.78942	2.218094	0.170931	0.279619	0.549449	0.06943408
117600	-295.1995	-277.7484	-17.45117	2.012815	0.19629	0.0918328	0.711877	0.04115873
117800	-294.4926	-274.5506	-19.94196	2.256899	0.20278	0.0577442	0.739475	0.04603228
118000	-296.6821	-272.1296	-24.55243	2.618878	0.175509	0.0372878	0.787204	0.1442493
118200	-306.3323	-278.9522	-27.38017	2.8388	0.146316	0.649189	0.204495	0.1988579
118400	-294.6874	-275.6997	-18.98764	2.139218	0.197389	0.0919497	0.710661	0.06777873
118600	-294.8992	-279.3984	-15.50083	1.693317	0.209167	0.0114216	0.779411	0.1592804
118800	-294.3482	-276.0116	-18.33658	1.859632	0.196482	0.00547724	0.79804	0.2721355
119000	-297.3322	-277.1935	-20.13865	2.211701	0.218694	0.160277	0.621028	0.109878
119200	-291.6791	-277.5122	-14.16692	1.72357	0.248922	0.00788989	0.743188	0.003119415
119400	-293.6523	-279.2914	-14.36086	1.60544	0.258109	0.00405813	0.737833	0.135411
119600	-295.1258	-275.5005	-19.62529	2.056963	0.189908	0.00595202	0.80414	0.2074223
119800	-295.2441	-271.6473	-23.59678	2.630717	0.146617	0.0116722	0.84171	0.03828577
120000	-293.6559	-272.5345	-21.12143	2.330492	0.170237	0.0312221	0.798541	0.0895224
120200	-293.0462	-271.5529	-21.49338	2.410923	0.167864	0.00243647	0.8297	0.04759439
120400	-297.3829	-270.8454	-26.5375	2.956599	0.135411	0.0392856	0.825303	0.007214319
120600	-293.5456	-279.7758	-13.76981	1.573371	0.260927	0.0132438	0.725829	0.1098696
120800	-292.9864	-279.9888	-12.9976	1.57121	0.279088	0.00441217	0.716499	0.0371035
121000	-296.3828	-282.7971	-13.58572	1.516502	0.242161	0.0411289	0.71671	0.1464062
121200	-299.0797	-267.503	-31.57665	3.27731	0.164886	0.241122	0.593992	0.1863536
121400	-300.4941	-264.3559	-36.13819	3.791918	0.117163	0.186048	0.696789	0.1311816
121600	-295.4157	-274.4014	-21.01428	2.395874	0.191281	0.0106317	0.798087	0.01558343
121800	-296.8864	-271.6106	-25.27572	2.810127	0.186925	0.254742	0.558334	0.0268977
122000	-297.3833	-277.6626	-19.72072	2.277796	0.189148	0.0225484	0.788304	0.004307227
122200	-294.3288	-274.8156	-19.51311	2.100181	0.191285	0.0534801	0.755235	0.156564
122400	-297.1648	-273.3351	-23.82971	2.528809	0.162483	0.160747	0.67677	0.1594265
122600	-299.6177	-270.6852	-28.93248	3.023223	0.166571	0.267143	0.566286	0.1769099
122800	-297.0242	-274.1022	-22.92192	2.391676	0.175419	0.0371907	0.78739	0.2034747
123000	-295.0766	-271.7097	-23.36682	2.620689	0.182843	0.0645674	0.752589	0.02562962
123200	-297.7771	-274.0631	-23.71397	2.548112	0.175024	0.0506014	0.774375	0.1316845
123400	-296.9948	-277.7284	-19.26644	2.125543	0.245043	0.0206704	0.734286	0.1103426
123600	-297.1037	-273.6559	-23.44777	2.299591	0.172705	0.0165495	0.810745	0.3468825
123800	-293.7397	-279.6243	-14.11541	1.676949	0.226252	0.0360634	0.737685	0.0434456
124000	-294.1362	-278.9791	-15.15711	1.715517	0.265986	0.0278492	0.706165	0.1066722
124200	-294.7346	-278.708	-16.02658	1.886741	0.198111	0.0405236	0.761365	0.02519394
124400	-293.7055	-272.029	-21.67645	2.464664	0.186342	0.0132163	0.800442	0.01290724
124600	-294.3456	-279.9117	-14.43392	1.679107	0.248032	0.0177955	0.734173	0.07246437
124800	-293.933	-277.804	-16.12901	1.845708	0.200653	0.00346069	0.795886	0.07578438
125000	-295.073	-277.1449	-17.92807	1.995081	0.243357	0.0505906	0.706053	0.1045421
125200	-293.1111	-271.3201	-21.79105	2.446053	0.179252	0.0199932	0.800755	0.04219997
125400	-297.7226	-279.1687	-18.55389	2.083961	0.188002	0.210704	0.601293	0.079638
125600	-300.5113	-281.6389	-18.87239	2.011418	0.152575	0.127575	0.71985	0.1787386
125800	-296.4962	-283.1214	-13.37485	1.615428	0.23844	0.0475784	0.713982	0.03150336
126000	-294.5873	-269.9145	-24.67272	2.718866	0.180735	0.0029695	0.816295	0.05725649
126200	-298.5297	-275.4969	-23.03282	2.590111	0.22422	0.0561931	0.719587	0.02271186
126400	-299.0863	-271.3608	-27.72548	2.895978	0.14887	0.12326	0.72787	0.1850541
126600	-294.8031	-278.2075	-16.59557	1.953883	0.242574	0.0431788	0.714247	0.01539841
126800	-293.267	-269.4195	-23.84751	2.679088	0.162963	0.00339687	0.83364	0.01545806
127000	-294.9951	-276.1722	-18.82296	2.098099	0.193412	0.0687123	0.737876	0.09111584
127200	-293.9856	-277.4571	-16.52842	1.91354	0.19498	0.026827	0.778193	0.04836199
127400	-294.2011	-278.2938	-15.9073	1.897715	0.22535	0.0217869	0.752863	0.003058581
127600	-294.5881	-280.0781	-14.50999	1.750222	0.187528	0.00348897	0.808983	0.01051397
127800	-297.1179	-282.5719	-14.54595	1.753719	0.237595	0.00517812	0.757227	0.01080737
128000	-296.6655	-269.6244	-27.0411	2.696714	0.171396	0.0151446	0.813459	0.3091225
128200	-296.2462	-270.7585	-25.48772	2.817773	0.145351	0.24477	0.60988	0.04016797
128400	-297.4375	-268.726	-28.71152	3.171627	0.138432	0.255984	0.605584	0.009468127
128600	-295.0965	-273.5943	-21.5022	2.307834	0.183797	0.00323358	0.81297	0.1506321
128800	-296.3581	-271.7277	-24.6304	2.53788	0.167926	0.0657218	0.766352	0.2301904
129000	-292.4558	-275.9812	-16.47465	1.875971	0.232318	0.00919382	0.758488	0.07941464
129200	-294.6767	-278.3296	-16.34713	1.799652	0.195113	0.0183306	0.786557	0.141394
129400	-296.9916	-281.8874	-15.10417	1.559289	0.264071	0.00954187	0.726387	0.2488275
129600	-298.3447	-276.9538	-21.39092	2.427995	0.142008	0.399906	0.458087	0.02110223
129800	-295.3725	-276.3116	-19.06091	2.006284	0.199869	0.00116958	0.798961	0.2028508
130000	-297.4443	-269.5915	-27.85282	2.921992	0.146912	0.267372	0.585716	0.1724545
130200	-298.4754	-273.3246	-25.15086	2.743283	0.155661	0.0754731	0.768866	0.07993149
130400	-295.237	-276.6976	-18.53937	2.101725	0.232164	0.0774726	0.690363	0.0607897
130600	-296.9398	-273.0464	-23.8934	2.671939	0.160933	0.0230611	0.816006	0.0266625
130800	-296.8588	-269.6582	-27.2006	2.770866	0.146091	0.0272079	0.826701	0.2534025
131000	-293.2392	-272.9481	-20.2911	2.158605	0.193835	0.0019341	0.804231	0.1757574
131200	-293.3862	-274.4892	-18.89692	2.187692	0.162166	0.0207694	0.817064	0.01182383
131400	-296.8023	-275.8724	-20.92987	2.266309	0.206063	0.168952	0.624985	0.1331792
131600	-298.6253	-275.8751	-22.75018	2.584019	0.178779	0.131972	0.689249	0.001112594
131800	-302.2779	-294.1878	-8.090114	1.077316	0.296438	0.028344	0.675218	0.0403241
132000	-291.1292	-275.7721	-15.35709	1.823129	0.20787	0.00776946	0.78436	0.02189943
132200	-294.9302	-274.0124	-20.91774	2.289017	0.21165	0.0083176	0.780032	0.1101294
132400	-295.2996	-276.0643	-19.23534	1.883961	0.21926	0.0168462	0.763893	0.3392147
132600	-294.2705	-277.1798	-17.09066	1.865006	0.221124	0.0426594	0.736216	0.1486381
132800	-296.1063	-284.6275	-11.47875	1.40747	0.270826	0.064028	0.665146	0.04861069
133000	-295.608	-286.2156	-9.392436	1.194074	0.341028	0.000310685	0.658662	0.05281365
133200	-292.3094	-277.2176	-15.09183	1.707613	0.250023	0.00338478	0.746593	0.1077001
133400	-295.5725	-271.9483	-23.62416	2.653991	0.177262	0.0647983	0.75794	0.01804658
133600	-299.6038	-277.2373	-22.36655	2.438966	0.204983	0.306281	0.488736	0.1049727
133800	-292.7055	-274.4039	-18.30162	2.126736	0.200103	0.0240614	0.775836	0.01305326
134000	-296.2991	-278.8463	-17.45285	2.010003	0.219075	0.0598749	0.72105	0.04431359
134200	-297.2007	-272.6899	-24.51082	2.390721	0.203899	0.0284921	0.767609	0.3620586
134400	-301.8512	-281.7885	-20.06271	2.125111	0.165985	0.193223	0.640791	0.1827194
134600	-294.3473	-274.5969	-19.75039	2.273437	0.148765	0.00175038	0.849485	0.01134784
134800	-293.659	-279.6415	-14.01748	1.630495	0.236769	0.0405715	0.722659	0.07846327
135000	-294.7226	-282.149	-12.57363	1.563022	0.263492	0.0427516	0.693756	0.004325855
135200	-293.3921	-277.521	-15.87109	1.781831	0.189383	0.00843025	0.802187	0.1113311
135400	-294.0524	-275.3003	-18.75205	2.087468	0.222542	0.0263991	0.751059	0.0951323
135600	-300.9712	-281.4708	-19.50039	1.97056	0.176129	0.00902484	0.814846	0.2724683
135800	-293.6416	-277.2938	-16.34782	1.853513	0.20762	0.0246912	0.767689	0.08897827
136000	-296.4202	-275.9358	-20.48439	2.335534	0.180178	0.268767	0.551056	0.02255551
136200	-294.2886	-274.0559	-20.23277	2.280286	0.174823	0.0305138	0.794663	0.05149607
136400	-292.924	-278.5626	-14.36143	1.726975	0.2508	0.00911341	0.740087	0.01876483
136600	-298.3567	-273.023	-25.33368	2.677549	0.155866	0.304589	0.539546	0.1611411
136800	-293.7053	-280.2805	-13.42473	1.623998	0.265495	0.0153416	0.719163	0.02770857
137000	-297.5863	-275.2669	-22.31945	2.332807	0.163442	0.0977006	0.738857	0.2055193
137200	-295.6204	-277.7018	-17.91861	1.88805	0.202657	0.0343646	0.762978	0.205676
137400	-300.6067	-281.7274	-18.8793	2.129828	0.173067	0.018365	0.808568	0.06433991
137600	-291.8715	-275.2023	-16.66919	1.952496	0.191628	0.0231853	0.785187	0.02372638
137800	-297.4495	-280.3278	-17.12174	1.951104	0.189394	0.0501901	0.760416	0.06913839
138000	-294.8863	-279.8798	-15.00644	1.679047	0.250219	0.00741008	0.742371	0.1262559
138200	-294.3227	-279.1706	-15.1521	1.78986	0.168417	0.0131948	0.818388	0.03409181
138400	-298.1902	-281.6025	-16.58774	1.961493	0.183551	0.0936127	0.722837	0.007115126
138600	-293.907	-269.3896	-24.51734	2.733949	0.146786	0.0165333	0.836681	0.02723273
138800	-297.7849	-277.397	-20.38785	2.15173	0.176749	0.0339224	0.789329	0.192666
139000	-295.5313	-277.6159	-17.91542	1.764718	0.224363	0.0263006	0.749336	0.3251487
139200	-297.4505	-276.3672	-21.08336	1.945252	0.24434	0.0189963	0.736664	0.4587316
139400	-293.6429	-281.5417	-12.10123	1.490441	0.266673	0.0112099	0.722117	0.02878591
139600	-294.7282	-281.1917	-13.53644	1.633355	0.209772	0.00110409	0.789123	0.02881047
139800	-293.6622	-274.042	-19.62017	2.144102	0.181961	0.021254	0.796785	0.1249938
140000	-297.1239	-270.7553	-26.36859	2.888656	0.143499	0.182303	0.674199	0.05756386
140200	-295.985	-268.0757	-27.90936	3.00557	0.155982	0.0495551	0.794463	0.09340967
140400	-302.6235	-271.4458	-31.1777	3.302518	0.180796	0.248319	0.570885	0.1236329
140600	-298.5749	-271.2473	-27.32759	2.981859	0.183602	0.25267	0.563727	0.05968237
140800	-298.2037	-282.3408	-15.86286	1.827481	0.25572	0.0383191	0.705961	0.06787323
141000	-295.1052	-278.5453	-16.55991	1.8788	0.177876	0.0154698	0.806654	0.08488939
141200	-293.2773	-276.5547	-16.72266	1.977554	0.20743	0.00591397	0.786656	0.004638574
141400	-294.0965	-269.8687	-24.22779	2.709451	0.159424	0.0107454	0.82983	0.02275963
141600	-294.7274	-276.3338	-18.39359	2.10457	0.202021	0.0050821	0.792897	0.04373716
141800	-295.9574	-273.1146	-22.84276	2.57929	0.155356	0.0622936	0.78235	0.0148532
142000	-295.1507	-279.5399	-15.61087	1.728595	0.211868	0.0254784	0.762653	0.1388138
142200	-296.9932	-277.8699	-19.12334	1.822068	0.224187	0.0164669	0.759346	0.3839662
142400	-292.6836	-272.4932	-20.19042	2.320855	0.197733	0.0105819	0.791686	0.008104739
142600	-298.0115	-276.5661	-21.44544	2.378306	0.208706	0.180052	0.611242	0.07489175
142800	-292.5037	-272.3456	-20.15804	2.304777	0.161699	0.00418696	0.834114	0.02055963
143000	-293.5642	-271.7101	-21.85403	2.433681	0.173058	0.0290311	0.79791	0.06000138
143200	-299.1579	-280.0409	-19.11704	1.954741	0.282729	0.00678396	0.710487	0.2564758
143400	-296.8491	-270.8	-26.04906	2.732321	0.145245	0.0687901	0.785965	0.1781908
143600	-293.6349	-274.5759	-19.05897	2.204628	0.190166	0.0199912	0.789843	0.0111868
143800	-300.0857	-279.4029	-20.68287	2.202801	0.232435	0.167503	0.600062	0.1725114
144000	-294.6967	-274.7384	-19.95834	2.227949	0.210153	0.0245993	0.765247	0.07695521
144200	-292.1771	-273.9346	-18.24247	2.098301	0.175189	0.00913141	0.81568	0.03482053
144400	-296.7772	-274.5607	-22.21653	2.399645	0.162906	0.170227	0.666867	0.1281849
144600	-295.7482	-278.666	-17.08224	1.973699	0.225425	0.0269513	0.747624	0.04387701
144800	-291.3749	-275.8464	-15.52851	1.853235	0.215753	0.0165115	0.767735	0.009409771
145000	-296.3017	-275.9446	-20.35716	2.173451	0.161098	0.0823654	0.756537	0.1668993
145200	-293.3229	-278.9385	-14.38433	1.732854	0.263221	0.00449259	0.732286	0.01528198
145400	-293.8347	-272.6354	-21.19932	2.303982	0.167419	0.0221823	0.810398	0.1219536
145600	-291.8006	-274.9931	-16.80748	1.953126	0.20084	0.000349682	0.79881	0.03640459
145800	-299.056	-278.2163	-20.83972	2.279588	0.154338	0.193657	0.652005	0.1104183
146000	-291.3832	-273.5808	-17.80239	2.078411	0.190216	0.00707896	0.802705	0.01152783
146200	-298.5129	-275.4416	-23.07122	2.607794	0.160679	0.401014	0.438307	0.009581761
146400	-293.6132	-276.0947	-17.51847	1.93	0.221101	0.0217226	0.757176	0.1274472
146600	-294.6916	-276.7218	-17.96983	1.951706	0.23275	0.00638975	0.76086	0.1527988
146800	-292.818	-274.2877	-18.5303	2.083851	0.20917	0.0147591	0.776071	0.07745027
147000	-295.8001	-277.2222	-18.57793	2.01289	0.221722	0.0347512	0.743527	0.15106
147200	-291.7406	-276.5643	-15.17629	1.782062	0.21635	0.00246978	0.78118	0.04377928
147400	-293.1448	-278.1382	-15.00657	1.7633	0.253143	0.0243098	0.722547	0.04603434
147600	-293.0855	-273.4869	-19.59863	2.25843	0.168161	0.042905	0.788934	0.01124189
147800	-295.2046	-272.337	-22.86763	2.556134	0.160731	0.152758	0.686511	0.0396694
148000	-298.791	-274.3344	-24.45663	2.480134	0.166306	0.101564	0.73213	0.2725551
148200	-292.2426	-276.0629	-16.17964	1.889631	0.220951	0.00671713	0.772332	0.0374815
148400	-293.211	-271.7803	-21.43074	2.351039	0.168506	0.0190237	0.81247	0.09948993
148600	-298.1879	-284.9316	-13.25631	1.530219	0.227384	0.0830538	0.689562	0.1014402
148800	-293.758	-272.5292	-21.22878	2.431574	0.191572	0.0349222	0.773506	0.001388597
149000	-300.2467	-281.2834	-18.96333	2.133726	0.23241	0.30735	0.46024	0.07173332
149200	-292.9859	-279.1852	-13.80072	1.665967	0.209823	0.00406408	0.786113	0.02327248
149400	-291.6538	-275.8092	-15.84461	1.874457	0.226351	0.00439099	0.769258	0.01955138
149600	-293.5579	-271.2072	-22.35077	2.49988	0.163836	0.0301022	0.806062	0.04413126
149800	-297.2734	-276.5298	-20.74359	2.304333	0.158024	0.211586	0.630391	0.07794897
150000	-291.8794	-274.9871	-16.89233	1.99738	0.194447	0.0128767	0.792677	0.001904956
150200	-293.9595	-274.825	-19.13447	2.178541	0.209597	0.00579909	0.784604	0.04446797
150400	-296.5092	-277.5644	-18.94487	2.136547	0.237634	0.0794648	0.682901	0.06683642
150600	-300.0702	-284.9657	-15.1045	1.456899	0.312232	0.0111867	0.676581	0.3453397
150800	-296.9071	-278.0577	-18.84942	2.154494	0.217813	0.145192	0.636994	0.03980194
151000	-305.2122	-287.7806	-17.43158	1.894229	0.198156	0.336398	0.465445	0.1564018
151200	-294.1414	-276.5775	-17.56384	1.962766	0.200826	0.0181173	0.781057	0.09973343
151400	-293.1008	-275.1609	-17.93994	2.099569	0.22134	0.0267229	0.751938	0.004435743
151600	-295.1868	-275.8799	-19.30688	2.127394	0.222841	0.00267485	0.774485	0.1101869
151800	-294.9277	-274.4734	-20.45429	2.29547	0.164488	0.0223629	0.813149	0.05845352
152000	-296.6914	-277.1014	-19.59005	2.188862	0.179513	0.118002	0.702485	0.07902492
152200	-299.0251	-274.871	-24.15405	2.610932	0.204441	0.204425	0.591134	0.1138332
152400	-297.2905	-281.8709	-15.41957	1.703117	0.213066	0.074189	0.712745	0.1453328
152600	-292.9393	-274.1331	-18.80615	2.137608	0.202181	0.0165482	0.78127	0.05119591
152800	-293.7957	-274.8256	-18.97006	2.018391	0.189047	0.0110293	0.799924	0.1816944
153000	-291.7645	-272.9958	-18.76868	2.169898	0.189607	0.00965601	0.800737	0.01667281
153200	-292.1531	-275.3404	-16.81269	1.984483	0.180843	0.00186483	0.817292	0.006706782
153400	-294.4174	-278.039	-16.37845	1.790952	0.266688	0.016229	0.717083	0.1512768
153600	-294.4436	-273.9232	-20.52042	2.245877	0.21197	0.00872344	0.779306	0.1129173
153800	-298.011	-274.8621	-23.14891	2.487532	0.138797	0.0245623	0.836641	0.1328037
154000	-294.677	-276.7654	-17.91163	2.075511	0.192544	0.103281	0.704175	0.02505762
154200	-296.8517	-277.863	-18.98862	2.159029	0.16202	0.052683	0.785297	0.04859865
154400	-300.4966	-263.0887	-37.40791	4.026608	0.0965918	0.217793	0.685616	0.02439373
154600	-294.8566	-274.5877	-20.26886	2.332296	0.196432	0.0882102	0.715358	0.004601727
154800	-295.3107	-271.9766	-23.33411	2.634233	0.156387	0.0749122	0.768701	0.009141805
155000	-293.2537	-273.6922	-19.56146	2.112561	0.173786	0.0140162	0.812197	0.1488899
155200	-291.3183	-273.9348	-17.38352	1.981899	0.20216	0.00580486	0.792035	0.0643522
155400	-298.8238	-270.7656	-28.05817	3.103979	0.170519	0.130407	0.699074	0.0118801
155600	-292.2947	-277.7396	-14.55506	1.755323	0.24919	0.000512144	0.750298	0.01004232
155800	-293.7914	-279.413	-14.37834	1.558983	0.248344	0.00618575	0.745471	0.1823311
156000	-292.2354	-271.0516	-21.18375	2.423347	0.193737	0.00258786	0.803675	0.004989445
156200	-294.1994	-278.8902	-15.30925	1.790395	0.203673	0.0148323	0.781495	0.04833315
156400	-294.6117	-282.5747	-12.03702	1.432242	0.265646	0.0126285	0.721726	0.07831971
156600	-298.1671	-275.3249	-22.84224	2.417745	0.143025	0.0434357	0.813539	0.169975
156800	-296.4277	-273.1557	-23.27197	2.462536	0.1417	0.00128652	0.857013	0.1696907
157000	-295.0914	-279.2907	-15.80063	1.860816	0.222332	0.00715262	0.770515	0.0288608
157200	-303.4409	-291.7198	-11.72113	1.460168	0.23838	0.21955	0.54207	0.02133798
157400	-296.1448	-275.4961	-20.6487	2.283094	0.18575	0.114866	0.699384	0.08909714
157600	-295.7909	-285.312	-10.47896	1.328023	0.292033	0.00711338	0.700853	0.02919553
157800	-292.3565	-272.3707	-19.98575	2.225271	0.17873	0.0089907	0.812279	0.08120577
158000	-294.11	-273.6405	-20.46953	2.177452	0.199668	0.000847195	0.799485	0.1755141
158200	-297.9577	-271.4846	-26.47309	2.917383	0.163231	0.279718	0.557051	0.03918895
158400	-295.1144	-276.6364	-18.47807	2.105751	0.193931	0.104919	0.701149	0.05060157
158600	-298.0316	-279.1519	-18.87975	2.010885	0.231745	0.00116622	0.767089	0.1847346
158800	-298.1634	-269.5139	-28.64951	2.950417	0.154536	0.0986992	0.746765	0.2204985
159000	-295.2973	-280.8833	-14.41399	1.504383	0.257476	0.00341728	0.739107	0.2381781
159200	-292.5973	-280.348	-12.24933	1.501209	0.259657	0.010285	0.730058	0.0324441
159400	-299.0421	-268.3889	-30.65316	3.258191	0.127023	0.334208	0.538769	0.1160753
159600	-294.9111	-281.6493	-13.26182	1.53786	0.267923	0.0134583	0.718619	0.09435396
159800	-295.3374	-276.007	-19.33047	2.05074	0.175329	0.0446822	0.779989	0.1868496
160000	-299.8094	-283.7878	-16.02157	1.66662	0.213594	0.0304642	0.755941	0.2356088
160200	-294.9872	-279.2806	-15.70662	1.74493	0.243501	0.0296825	0.726817	0.1315793
160400	-296.6135	-279.1258	-17.48766	1.989488	0.173922	0.00870152	0.817377	0.06642261
160600	-291.8796	-276.179	-15.70066	1.840392	0.211046	0.0218072	0.767147	0.03835223
160800	-294.8541	-276.4488	-18.40536	2.075459	0.226916	0.0222428	0.750841	0.07226815
161000	-295.6291	-279.35	-16.27906	1.761833	0.203603	0.02319	0.773207	0.1719692
161200	-296.1775	-280.9976	-15.17986	1.623226	0.242924	0.0630562	0.69402	0.197993
161400	-293.2868	-282.6143	-10.67249	1.366117	0.240191	0.00306975	0.756739	0.01071369
161600	-298.4935	-276.5254	-21.96806	2.447024	0.164021	0.194594	0.641385	0.05799854
161800	-299.3524	-281.2115	-18.14092	2.029075	0.18957	0.0018981	0.808532	0.09300656
162000	-292.8422	-271.8501	-20.99207	2.386525	0.177417	0.00784991	0.814734	0.02236343
162200	-295.5951	-271.5425	-24.05254	2.475885	0.172857	0.0429161	0.784227	0.2331751
162400	-292.2619	-274.0932	-18.16872	2.098342	0.216387	0.00789669	0.775716	0.02782462
162600	-299.2016	-281.8958	-17.30587	1.77043	0.248616	0.0933943	0.657989	0.2586113
162800	-297.3921	-284.1101	-13.28197	1.59769	0.264433	0.0154431	0.720124	0.03831328
163000	-293.3787	-280.9078	-12.47091	1.505956	0.279594	0.0071181	0.713288	0.0495471
163200	-301.139	-270.9859	-30.15316	3.100413	0.105012	0.237344	0.657645	0.2264378
163400	-292.5699	-273.4022	-19.16777	2.209866	0.207128	0.0126424	0.78023	0.01662328
163600	-292.7426	-277.4586	-15.284	1.757135	0.199233	0.00959267	0.791175	0.07875994
163800	-294.2067	-280.3427	-13.86399	1.673282	0.263348	0.0258744	0.710777	0.02266386
164000	-297.5892	-271.81	-25.77922	2.815663	0.1728	0.318331	0.508869	0.07054079
164200	-294.3323	-270.9432	-23.38912	2.437782	0.163086	0.00451026	0.832404	0.2060247
164400	-294.5349	-273.6832	-20.85171	2.334919	0.18278	0.107563	0.709657	0.05875078
164600	-295.8079	-278.8855	-16.9224	1.999247	0.176879	0.00765402	0.815467	0.002943453
164800	-295.1558	-283.6898	-11.46602	1.425967	0.284268	0.0337309	0.682001	0.02968208
165000	-292.7567	-277.6334	-15.12327	1.817017	0.215218	0.0381561	0.746626	0.005263967
165200	-294.7625	-276.6553	-18.10719	2.012292	0.233633	0.0251259	0.741242	0.105541
165400	-295.7064	-276.4588	-19.24759	2.209359	0.161115	0.0749557	0.76393	0.02494829
165600	-302.741	-282.1724	-20.5686	2.226835	0.188902	0.286076	0.525022	0.1357377
165800	-294.9982	-281.4284	-13.56982	1.611011	0.216882	0.0406218	0.742496	0.05438649
166000	-296.8676	-268.3999	-28.46769	3.151355	0.130666	0.222045	0.647289	0.005382888
166200	-293.7374	-275.8982	-17.83922	2.007483	0.202272	0.0595212	0.738207	0.08396199
166400	-293.3151	-270.7373	-22.57779	2.550439	0.167936	0.00800737	0.824056	0.01709836
166600	-294.0294	-277.6579	-16.37155	1.765956	0.22858	0.0291112	0.742309	0.1746949
166800	-293.8667	-274.6444	-19.22232	2.134491	0.172672	0.00174425	0.825584	0.09518125
167000	-293.2428	-275.2879	-17.95492	1.963453	0.204474	0.00501041	0.790515	0.1380698
167200	-296.9562	-279.4068	-17.54935	1.716678	0.241716	0.0212376	0.737047	0.3322346
167400	-300.2303	-273.342	-26.88831	2.579196	0.170269	0.193924	0.635808	0.4113083
167600	-296.3701	-279.5146	-16.85551	1.945591	0.203934	0.0904538	0.705612	0.04878716
167800	-297.614	-275.1633	-22.45076	2.11041	0.211673	0.0608757	0.727451	0.4319784
168000	-295.6939	-275.3858	-20.30807	2.328392	0.178284	0.204678	0.617037	0.01226835
168200	-295.8982	-277.0972	-18.80105	2.114331	0.238334	0.014908	0.746758	0.07316062
168400	-296.1172	-279.7441	-16.37317	1.79343	0.229159	0.0990745	0.671766	0.1491339
168600	-295.0711	-272.6365	-22.43457	2.49891	0.134888	0.0160944	0.849018	0.05317206
168800	-295.0521	-276.5383	-18.5138	2.149458	0.164495	0.0557077	0.779798	0.01177763
169000	-293.3617	-273.402	-19.95969	2.17806	0.177276	0.0120016	0.810723	0.1249065
169200	-294.2693	-276.3164	-17.95288	2.102419	0.185856	0.101427	0.712717	0.002901574
169400	-297.7573	-275.8623	-21.89498	2.422458	0.18042	0.304867	0.514714	0.07516719
169600	-297.5083	-271.8447	-25.66363	2.824783	0.139981	0.257903	0.602116	0.05091052
169800	-292.4846	-272.817	-19.66758	2.232973	0.189622	0.0312301	0.779148	0.04271724
170000	-298.2936	-278.9401	-19.35353	1.97329	0.179937	0.093541	0.726522	0.2646667
170200	-296.3377	-268.5461	-27.79155	3.085195	0.148112	0.2374	0.614488	0.00400977
170400	-292.6038	-274.0333	-18.57059	2.033916	0.220894	0.00427656	0.774829	0.1295326
170600	-295.845	-278.9799	-16.8651	1.995432	0.251696	0.00422776	0.744077	0.001165774
170800	-295.0311	-272.9985	-22.03259	2.353151	0.19819	0.0314624	0.770348	0.1569624
171000	-294.7562	-275.8365	-18.91964	2.054222	0.201727	0.005856	0.792417	0.1428139
171200	-294.9519	-270.7455	-24.2064	2.639952	0.167684	0.0180921	0.814223	0.08862893
171400	-297.3161	-276.8163	-20.49984	2.22544	0.221247	0.0836141	0.695139	0.1305435
171600	-297.5942	-267.2656	-30.32858	3.30455	0.162569	0.208244	0.629187	0.03781917
171800	-298.1047	-286.2543	-11.85044	1.451216	0.285023	0.0248797	0.690098	0.04291857
172000	-294.3334	-280.5647	-13.76874	1.653134	0.261762	0.0149644	0.723274	0.03234473
172200	-294.0336	-276.5943	-17.43928	1.962745	0.174497	0.010472	0.815031	0.08806099
172400	-293.6012	-279.1719	-14.42935	1.747385	0.196404	0.0203814	0.783215	0.005502209
172600	-294.1489	-271.9905	-22.15832	2.428502	0.196287	0.0259671	0.777746	0.09514946
172800	-298.3295	-267.5252	-30.80431	3.337954	0.131377	0.357646	0.510977	0.05307394
173000	-295.5164	-280.2256	-15.29086	1.807329	0.260392	0.0131241	0.726484	0.03115613
173200	-297.9193	-277.3086	-20.61071	2.021724	0.187778	0.0454721	0.76675	0.3408657
173400	-295.12	-280.5627	-14.55735	1.763233	0.200841	0.0235475	0.775612	0.002565057
173600	-295.5156	-278.7252	-16.79044	1.973695	0.209744	0.000677078	0.789578	0.01484653
173800	-299.2303	-270.859	-28.37127	3.098185	0.104578	0.243092	0.65233	0.04915066
174000	-295.6016	-273.7379	-21.8637	2.453411	0.145852	0.0814364	0.772712	0.04208119
174200	-294.1087	-272.4277	-21.68102	2.422248	0.168721	0.00315712	0.828122	0.05426113
174400	-294.5339	-269.3564	-25.17744	2.817193	0.16278	0.0483907	0.788829	0.01044395
174600	-296.5987	-284.1588	-12.43992	1.515765	0.257577	0.020219	0.722204	0.03760218
174800	-295.8381	-279.2112	-16.62682	1.89899	0.246016	0.0313199	0.722664	0.07080726
175000	-299.7247	-272.5944	-27.1303	2.871468	0.165243	0.278419	0.556338	0.1475486
175200	-301.3692	-262.8154	-38.55374	4.017692	0.116817	0.263395	0.619788	0.1447973
175400	-298.0278	-275.1741	-22.8537	2.356548	0.170693	0.214356	0.614951	0.2335319
175600	-297.7521	-273.994	-23.75811	2.626579	0.178973	0.251866	0.569161	0.05919196
175800	-294.5902	-280.1142	-14.47608	1.665807	0.214935	0.0273186	0.757747	0.08932412
176000	-293.4066	-276.0735	-17.33315	1.882473	0.224413	0.007571	0.768016	0.1568445
176200	-293.2129	-274.7588	-18.45407	1.966161	0.188626	0.00553632	0.805838	0.1834636
176400	-300.0425	-276.7222	-23.32036	2.638041	0.209315	0.198542	0.592143	0.00414205
176600	-296.953	-281.987	-14.96598	1.606328	0.277764	0.00344249	0.718793	0.1968433
176800	-293.3027	-281.6011	-11.70151	1.453607	0.252878	0.00978794	0.737334	0.02579128
177000	-293.802	-275.6575	-18.14449	2.124366	0.190347	0.0201466	0.789506	0.0001873144
177200	-299.3752	-285.4604	-13.91477	1.701513	0.216358	0.153885	0.629756	7.183736e-05
177400	-295.5813	-269.7301	-25.8512	2.767015	0.183216	0.0192171	0.797567	0.1252233
177600	-295.2042	-277.1479	-18.05626	1.948751	0.194356	0.0597564	0.745888	0.1623796
177800	-295.1421	-280.957	-14.18505	1.639855	0.189188	0.00819298	0.802619	0.08510236
178000	-291.6619	-276.2283	-15.4336	1.7995	0.229986	0.0058705	0.764143	0.05185323
178200	-293.6317	-273.4124	-20.21935	2.266557	0.167783	0.0100965	0.822121	0.0633529
178400	-297.853	-274.2337	-23.61926	2.665049	0.138736	0.0260445	0.83522	0.006901594
178600	-295.2027	-275.3114	-19.89125	1.97467	0.209642	0.0374035	0.752955	0.3140518
178800	-296.4271	-274.9836	-21.44348	2.192567	0.161447	0.0327321	0.805821	0.2522724
179000	-295.2048	-278.7885	-16.41624	1.835753	0.204235	0.0045977	0.791167	0.1140721
179200	-293.6706	-275.8844	-17.78621	2.030286	0.208255	0.0378007	0.753944	0.05672121
179400	-299.5456	-277.9706	-21.57503	2.374018	0.133262	0.299686	0.567052	0.09118591
179600	-296.6123	-273.275	-23.33729	2.47705	0.215648	0.0190643	0.765288	0.1630844
179800	-295.5846	-277.7657	-17.81893	2.024197	0.212727	0.132748	0.654525	0.065648
180000	-295.5047	-280.6339	-14.87081	1.645978	0.217985	0.0193981	0.762617	0.143626
180200	-293.2076	-275.7851	-17.42249	1.86248	0.21117	0.00844552	0.780384	0.1841828
180400	-302.1903	-279.8451	-22.34526	2.523625	0.257031	0.215408	0.527561	0.02056159
180600	-294.4435	-274.5504	-19.89311	2.191909	0.238522	0.00720176	0.754276	0.1045755
180800	-295.8945	-270.4804	-25.41413	2.804004	0.183932	0.0479426	0.768126	0.04640528
181000	-298.9653	-285.1647	-13.80064	1.516225	0.249298	0.125166	0.625536	0.1664098
181200	-292.1514	-273.8122	-18.33926	2.130425	0.162506	0.00079357	0.836701	0.01321462
181400	-297.4127	-267.4551	-29.95763	3.303969	0.151355	0.189777	0.658867	0.001894905
181600	-297.2172	-282.7399	-14.47725	1.704884	0.193682	0.11878	0.687538	0.05096906
181800	-296.0729	-271.3899	-24.68303	2.60367	0.160921	0.099123	0.739956	0.1704926
182000	-294.0366	-274.6231	-19.41347	2.220516	0.175036	0.0894407	0.735523	0.0300821
182200	-295.2928	-283.2903	-12.00255	1.479894	0.229976	0.00722643	0.762798	0.02963317
182400	-297.1801	-283.3612	-13.8189	1.510634	0.28649	0.00796617	0.705544	0.1775175
182600	-294.1523	-272.6782	-21.47417	2.431738	0.180492	0.011427	0.808081	0.02548614
182800	-293.8669	-279.1836	-14.68337	1.765619	0.24525	0.0519286	0.702821	0.0123709
183000	-298.2984	-268.589	-29.70944	3.181282	0.120281	0.280767	0.598952	0.09820399
183200	-294.6902	-273.9343	-20.75593	2.247049	0.205043	0.0371997	0.757758	0.1358371
183400	-293.4642	-278.3951	-15.06908	1.808024	0.213538	0.0429394	0.743523	0.008631835
183600	-300.2913	-281.8607	-18.4306	1.895017	0.24831	0.0369346	0.714755	0.2534498
183800	-299.2418	-276.5511	-22.6907	2.521097	0.149097	0.40807	0.442833	0.05837027
184000	-293.6513	-279.875	-13.77635	1.687348	0.284345	0.0023317	0.713323	0.0003805112
184200	-292.4009	-276.7939	-15.60702	1.816125	0.231576	0.0158551	0.752569	0.05317738
184400	-292.0174	-273.7647	-18.25267	2.082362	0.206184	0.00491185	0.788904	0.05148448
184600	-296.3809	-274.9266	-21.45432	2.210284	0.160882	0.0303468	0.808771	0.238144
184800	-296.5728	-266.2699	-30.30289	3.333134	0.147917	0.184838	0.667245	0.007122727
185000	-299.231	-285.1394	-14.09154	1.605854	0.19472	0.118147	0.687133	0.1087665
185200	-295.8814	-273.9379	-21.9435	2.109681	0.204018	0.00430574	0.791676	0.3854453
185400	-292.4849	-275.1203	-17.36462	2.023906	0.22111	0.0134294	0.765461	0.02217518
185600	-293.1024	-277.6316	-15.47075	1.755974	0.198152	0.0190323	0.782816	0.09754058
185800	-293.6064	-275.8368	-17.76961	2.039109	0.175437	0.0181146	0.806449	0.04622677
186000	-299.3361	-271.714	-27.62207	2.90562	0.139412	0.373154	0.487434	0.1644537
186200	-295.1967	-278.8791	-16.31767	1.770418	0.256438	0.000715386	0.742846	0.1680341
186400	-293.4502	-273.1657	-20.28453	2.299546	0.200488	0.0411879	0.758324	0.03814817
186600	-292.7904	-271.176	-21.61442	2.449475	0.169474	0.00271598	0.82781	0.02162874
186800	-296.2151	-278.4437	-17.77134	1.936942	0.224255	0.0680082	0.707737	0.1467795
187000	-296.357	-273.8758	-22.48116	2.533983	0.181546	0.258604	0.55985	0.02398227
187200	-295.0526	-276.6886	-18.36394	1.932014	0.218009	0.0364235	0.745568	0.2091891
187400	-297.7029	-273.3842	-24.3187	2.602881	0.157421	0.00458066	0.837998	0.1385426
187600	-292.2406	-278.6267	-13.61392	1.617899	0.249414	0.00726463	0.743321	0.05190198
187800	-302.1035	-268.372	-33.73148	3.199527	0.1718	0.25021	0.57799	0.4709408
188000	-293.4709	-280.4274	-13.04351	1.571947	0.271012	0.00360478	0.725383	0.04129397
188200	-296.0968	-277.5126	-18.58421	1.973242	0.193833	0.0372831	0.768884	0.1915646
188400	-294.509	-271.3569	-23.15214	2.390182	0.167621	0.0109484	0.82143	0.2273068
188600	-295.3396	-277.2738	-18.0658	2.042562	0.224477	0.0262377	0.749285	0.07275006
188800	-297.1252	-281.8205	-15.30467	1.659424	0.25058	0.0168263	0.732593	0.1741896
189000	-294.7805	-279.239	-15.54153	1.788103	0.210645	0.0120682	0.777287	0.07463194
189200	-298.6821	-276.3661	-22.31594	2.297794	0.220233	0.0218106	0.757957	0.2398147
189400	-292.824	-276.8265	-15.99747	1.905653	0.206202	0.0485701	0.745228	0.004059415
189600	-294.4344	-272.281	-22.15338	2.524381	0.152714	0.0782794	0.769007	0.001039517
189800	-293.1088	-275.9549	-17.15399	2.021767	0.20529	0.0377028	0.757007	0.003610797
190000	-296.7528	-279.9118	-16.84093	1.946176	0.194704	0.172673	0.632623	0.04654161
190200	-295.9439	-277.0861	-18.85786	2.040157	0.18934	0.0483328	0.762327	0.1529036
190400	-299.6724	-276.1688	-23.50357	2.51299	0.196178	0.273907	0.529915	0.1454614
190600	-295.0224	-274.6612	-20.36125	2.312349	0.193992	0.062993	0.743015	0.03293771
190800	-298.7823	-278.2048	-20.57743	2.212962	0.213587	0.0565246	0.729888	0.1525327
191000	-295.585	-277.9724	-17.61255	1.741894	0.216886	0.00820478	0.774909	0.3157607
191200	-297.8122	-285.4258	-12.3864	1.474737	0.202306	0.000560155	0.797133	0.07198269
191400	-292.4311	-276.4921	-15.93905	1.878384	0.208865	0.0207984	0.770337	0.02488421
191600	-296.8687	-277.6137	-19.25503	2.217304	0.143582	0.0446142	0.811803	0.0178329
191800	-296.7297	-274.48	-22.24961	2.092363	0.186377	0.0410326	0.772591	0.4284477
192000	-294.9684	-272.336	-22.63242	2.545572	0.136431	0.0117244	0.851845	0.0270222
192200	-293.843	-281.2625	-12.58048	1.477226	0.287424	0.0134109	0.699165	0.08712818
192400	-292.4957	-272.5374	-19.95828	2.26771	0.188485	0.0316262	0.779889	0.03724438
192600	-294.293	-275.0045	-19.28853	2.150715	0.171375	0.000539462	0.828086	0.08617819
192800	-299.1688	-270.7586	-28.41022	2.641737	0.161135	0.0408565	0.798008	0.4975357
193000	-295.4284	-273.6296	-21.79878	2.461892	0.212491	0.0359422	0.751566	0.02769227
193200	-295.3275	-272.1054	-23.22211	2.599716	0.167126	0.174972	0.657902	0.03190187
193400	-294.232	-277.4949	-16.73714	1.835199	0.260088	0.00253385	0.737378	0.1444492
193600	-294.3824	-280.8194	-13.56301	1.608929	0.249865	0.00656266	0.743573	0.056028
193800	-298.7831	-281.5305	-17.25268	2.015614	0.212846	0.271976	0.515178	0.01897515
194000	-298.4599	-272.1183	-26.3416	2.85659	0.15626	0.360664	0.483076	0.08925394
194200	-300.1702	-270.6852	-29.48501	3.048845	0.184828	0.190499	0.624673	0.2072863
194400	-299.68	-281.1114	-18.56859	1.959389	0.167552	0.0998934	0.732555	0.2033671
194600	-295.4982	-280.6036	-14.89459	1.599502	0.247424	0.00428101	0.748295	0.1940794
194800	-297.6369	-277.7819	-19.855	2.129869	0.207536	0.0288026	0.763661	0.1634072
195000	-295.9782	-271.3132	-24.66496	2.755521	0.186254	0.0342919	0.779454	0.02072205
195200	-296.1475	-271.8488	-24.29871	2.659624	0.186382	0.137215	0.676403	0.07844989
195400	-296.7148	-270.649	-26.06581	2.846731	0.152788	0.252589	0.594623	0.06931977
195600	-294.9671	-277.7204	-17.24675	1.949629	0.192801	0.0560155	0.751183	0.082363
195800	-294.1741	-274.0167	-20.15739	2.315199	0.203315	0.0573609	0.739325	0.01042592
196000	-292.1352	-275.7491	-16.38614	1.946192	0.216078	0.00677917	0.777143	0.002456316
196200	-292.8438	-272.345	-20.49878	2.25552	0.180637	0.02056	0.798803	0.1015645
196400	-292.2932	-271.3397	-20.9535	2.358187	0.181145	6.32273e-05	0.818792	0.04603998
196600	-293.8759	-278.9986	-14.87723	1.646899	0.242329	0.00250305	0.755168	0.1469325
196800	-298.6431	-275.3583	-23.28479	2.47869	0.201613	0.196123	0.602264	0.158054
197000	-301.6528	-261.7085	-39.94427	4.298054	0.110357	0.285475	0.604168	0.006462423
197200	-292.4241	-279.4634	-12.96066	1.54442	0.229673	0.00736384	0.762964	0.05924735
197400	-292.8245	-276.8354	-15.98908	1.835693	0.186868	0.00904587	0.804086	0.07109727
197600	-293.7213	-269.8123	-23.90898	2.659253	0.146028	0.0122567	0.841716	0.04064839
197800	-300.1602	-279.8273	-20.33291	2.017074	0.174017	0.0340999	0.791884	0.3211007
198000	-294.5435	-275.2101	-19.33339	2.22396	0.221321	0.0348307	0.743848	0.01906859
198200	-296.6681	-275.1831	-21.48498	2.307674	0.21377	0.0816639	0.704566	0.1477127
198400	-293.35	-272.5454	-20.80461	2.347946	0.177931	0.0112225	0.810846	0.04151258
198600	-297.4638	-273.2651	-24.19875	2.714916	0.182793	0.257339	0.559868	0.01518664
198800	-294.391	-275.0666	-19.3244	2.068391	0.234497	0.0207494	0.744754	0.1686655
199000	-296.5461	-278.7387	-17.80743	2.046861	0.220409	0.0481891	0.731402	0.04314447
199200	-291.9046	-273.7378	-18.16676	2.078429	0.212427	0.00499628	0.782577	0.0471062
199400	-293.0691	-275.4451	-17.62396	2.057326	0.227627	0.0179105	0.754463	0.01487965
199600	-291.7122	-274.3029	-17.40936	1.988959	0.191241	0.000548144	0.808211	0.06035372
199800	-292.441	-273.1685	-19.27247	2.191436	0.19898	0.0109843	0.790036	0.04451498
200000	-293.5945	-278.555	-15.03949	1.790544	0.223515	0.063171	0.713314	0.02274962
