Iteration	Posterior	Likelihood	Prior	branch_rates	q[1]	q[2]	q[3]	speciation_rate
0	-650.3096	-633.6347	-16.67484	0.3170113	0.984089	0.0147897	0.00112111	0.004636555
200	-650.4715	-632.8124	-17.65909	0.3488733	0.99291	0.00144253	0.00564722	0.06002574
400	-653.0291	-635.7135	-17.31561	0.3584239	0.997424	0.000370103	0.00220625	0.02294215
600	-652.5845	-634.205	-18.37957	0.3189473	0.996292	0.000894032	0.00281423	0.1446552
800	-650.8024	-629.879	-20.92334	0.3342634	0.994677	0.00370115	0.00162172	0.3383416
1000	-651.3414	-634.0939	-17.24744	0.3699061	0.996831	6.36105e-06	0.00316227	0.008428971
1200	-651.1693	-634.525	-16.64427	0.290058	0.998758	0.00118816	5.40526e-05	0.02388714
1400	-657.0105	-639.8257	-17.18481	0.3655684	0.995873	0.00215438	0.00197302	0.006866895
1600	-655.6012	-637.5197	-18.08148	0.2930305	0.987065	0.00604045	0.00689476	0.1379147
1800	-654.7419	-638.2639	-16.47805	0.2855833	0.990879	0.00330587	0.00581492	0.01415568
2000	-653.3963	-636.7478	-16.64853	0.2852297	0.988955	0.000317546	0.0107272	0.02726554
2200	-657.4375	-640.7525	-16.68498	0.314168	0.994039	0.00204825	0.00391259	0.007910226
2400	-651.617	-634.1041	-17.51288	0.3196214	0.990224	0.0088311	0.00094506	0.07150923
2600	-645.4529	-628.5349	-16.918	0.3272616	0.995798	0.0017778	0.00242466	0.01592116
2800	-649.3987	-632.3743	-17.02434	0.283661	0.994555	0.00173486	0.00371053	0.0605788
3000	-649.8529	-631.3581	-18.49482	0.2993238	0.988583	0.00462505	0.00679233	0.1690916
3200	-656.0875	-639.0104	-17.07705	0.3465486	0.997149	0.00250556	0.000345857	0.01373826
3400	-649.4387	-632.2887	-17.14993	0.323066	0.995554	0.00379044	0.0006558	0.03827409
3600	-646.6409	-629.6211	-17.01979	0.31166	0.991801	0.00706503	0.00113411	0.03722656
3800	-655.2911	-636.7956	-18.49551	0.3110547	0.992713	0.00446992	0.00281751	0.1566173
4000	-655.3593	-638.069	-17.29034	0.3024551	0.990099	0.00411352	0.00578749	0.0660233
4200	-653.0852	-633.6425	-19.44267	0.3085296	0.998641	0.000138599	0.00122079	0.2315851
4400	-648.917	-632.5003	-16.4167	0.2838676	0.995181	0.00309326	0.00172609	0.010605
4600	-661.6758	-645.2421	-16.43377	0.2667329	0.983307	0.0075361	0.00915709	0.02569375
4800	-650.6797	-633.8573	-16.82241	0.2777227	0.991845	0.00655538	0.00159962	0.04934119
5000	-648.0425	-631.112	-16.93043	0.319019	0.998887	0.000590729	0.000522392	0.02401652
5200	-650.9374	-631.4775	-19.45989	0.330304	0.994637	0.00152399	0.00383919	0.2201303
5400	-658.8417	-640.6927	-18.14893	0.3379786	0.984271	0.00398274	0.0117466	0.1084204
5600	-648.9218	-631.8897	-17.03207	0.3003942	0.99763	0.00173854	0.000630981	0.04707489
5800	-649.4645	-631.9039	-17.56054	0.3442001	0.998727	0.00051276	0.000759937	0.05385093
6000	-656.129	-636.5099	-19.61906	0.3053883	0.99702	0.00256472	0.00041567	0.2598286
6200	-651.2518	-634.6183	-16.63348	0.2902658	0.990637	0.00636642	0.00299668	0.02300945
6400	-654.7909	-637.8622	-16.92861	0.2952253	0.981509	0.0146581	0.00383255	0.04233041
6600	-653.1519	-633.5879	-19.56397	0.3001485	0.995976	0.00392646	9.77279e-05	0.2496877
6800	-650.01	-633.2855	-16.7245	0.3247194	0.994462	0.00213639	0.00340124	0.002500988
7000	-646.3289	-629.574	-16.75487	0.3193286	0.996991	0.0020545	0.000954184	0.009090059
7200	-653.6309	-636.6783	-16.95265	0.3104253	0.990051	0.00530129	0.00464801	0.03299058
7400	-647.9096	-630.2449	-17.6647	0.3201713	0.994411	0.00183182	0.00375764	0.08318933
7600	-652.7317	-635.2197	-17.51199	0.2701627	0.997794	0.000212969	0.00199347	0.1095649
7800	-650.3211	-632.5217	-17.79936	0.3183123	0.989555	0.00443592	0.00600954	0.09342366
8000	-655.5442	-638.9151	-16.62915	0.3058063	0.995134	0.00416488	0.000701412	0.01039034
8200	-650.0846	-633.3019	-16.7827	0.297369	0.980628	0.0129137	0.00645804	0.02903224
8400	-649.3004	-631.635	-17.6654	0.3738703	0.994983	0.00257057	0.00244629	0.03978352
8600	-650.9453	-632.7147	-18.2306	0.3489957	0.997611	0.00143942	0.000949199	0.1043246
8800	-644.9053	-627.1308	-17.77454	0.2978781	0.999591	0.000258954	0.000149861	0.1068152
9000	-656.3747	-639.6814	-16.69326	0.3225034	0.988707	0.00169537	0.00959736	0.001697262
9200	-662.3826	-643.3871	-18.99548	0.3733872	0.99569	0.00135296	0.00295672	0.1615704
9400	-650.7984	-632.7411	-18.0573	0.3694535	0.997419	0.00220478	0.000376292	0.0773669
9600	-655.529	-635.7387	-19.79028	0.2833735	0.997326	0.000586219	0.0020882	0.2804014
9800	-653.0787	-631.2576	-21.82119	0.3144675	0.994869	0.0022691	0.00286209	0.426672
10000	-648.9079	-631.6479	-17.25999	0.2897242	0.999109	0.000157659	0.000733371	0.07385871
10200	-649.9001	-632.5961	-17.30408	0.3065265	0.994787	0.00505451	0.000158187	0.06578124
10400	-646.1896	-629.3682	-16.82147	0.3192525	0.992996	0.00317482	0.00382897	0.01475733
10600	-655.3393	-638.9	-16.43925	0.2882155	0.989262	0.00853509	0.00220328	0.008822001
10800	-654.4178	-637.4981	-16.91973	0.3092377	0.985353	0.0139211	0.000725906	0.03046678
11000	-651.5201	-634.4742	-17.04598	0.3210989	0.990152	0.00898755	0.000860442	0.03091224
11200	-652.2712	-635.1261	-17.14509	0.284913	0.988596	0.00937916	0.0020251	0.06849925
11400	-659.1806	-641.9761	-17.20444	0.3551398	0.995795	0.00163005	0.00257502	0.01684544
11600	-653.2212	-630.7885	-22.43273	0.3305805	0.995451	0.00421943	0.000329653	0.4570532
11800	-661.9952	-642.8561	-19.13916	0.3282421	0.998179	0.000708327	0.00111309	0.1901411
12000	-655.3629	-637.7476	-17.61523	0.3280125	0.99203	0.00662072	0.00134945	0.07490222
12200	-652.8499	-634.798	-18.05181	0.3106646	0.994474	0.0017088	0.00381684	0.1208533
12400	-648.186	-630.8033	-17.3827	0.3443337	0.989073	0.00272989	0.00819748	0.04138297
12600	-648.1713	-631.734	-16.43728	0.2839236	0.999434	0.000282912	0.000283281	0.01221711
12800	-653.6359	-635.4489	-18.187	0.3208512	0.991102	0.00545126	0.00344708	0.1209875
13000	-645.4072	-629.0328	-16.37436	0.2856229	0.993885	0.00594071	0.000174187	0.005707761
13200	-651.3149	-633.2475	-18.0674	0.2829421	0.996076	0.00298816	0.000936139	0.1459094
13400	-652.8584	-634.2686	-18.58978	0.2905931	0.989846	0.00605269	0.00410103	0.1755919
13600	-651.2228	-633.1768	-18.046	0.3463371	0.999719	0.000217497	6.37729e-05	0.09712125
13800	-647.9504	-631.3233	-16.62707	0.2871791	0.996905	4.09395e-06	0.00309119	0.02505619
14000	-651.2253	-634.5499	-16.67542	0.3161418	0.992637	0.00353261	0.00383055	0.005247636
14200	-650.5972	-633.3718	-17.22537	0.3133434	0.998774	2.31347e-05	0.00120319	0.05280061
14400	-650.9257	-633.402	-17.52374	0.3253818	0.995091	0.00348285	0.00142614	0.06772345
14600	-651.5555	-634.307	-17.24846	0.3027905	0.995678	0.000783559	0.00353878	0.06348288
14800	-655.1259	-637.9581	-17.16782	0.316505	0.988635	0.00976142	0.00160391	0.04600884
15000	-653.6727	-635.7532	-17.9195	0.3364526	0.994811	0.00309835	0.0020905	0.09348867
15200	-656.3485	-637.1804	-19.16808	0.3559189	0.987958	0.00275886	0.00928295	0.1790749
15400	-654.5728	-636.705	-17.86776	0.3216254	0.992712	0.00289126	0.00439718	0.09783723
15600	-657.2711	-639.3824	-17.8887	0.3132969	0.992635	0.00498389	0.00238073	0.1033699
15800	-651.1856	-634.6282	-16.55743	0.2877905	0.990382	0.00409247	0.005526	0.01893454
16000	-659.804	-643.03	-16.77392	0.3178902	0.988098	0.00936196	0.00254052	0.01246171
16200	-655.7397	-637.8252	-17.91454	0.3445161	0.988432	0.00258523	0.00898237	0.08363672
16400	-651.8865	-632.6659	-19.22064	0.3172693	0.998563	0.000696987	0.000740232	0.2147148
16600	-654.9064	-637.8038	-17.10255	0.2996614	0.991928	0.000642435	0.0074293	0.0541012
16800	-654.549	-637.1858	-17.36319	0.3399295	0.998653	8.99827e-05	0.00125664	0.04088999
17000	-659.3668	-642.2131	-17.15366	0.3013244	0.98709	0.00140128	0.011509	0.0591078
17200	-651.0512	-633.9804	-17.07079	0.2775857	0.994921	0.000209065	0.00487028	0.06806114
17400	-655.9653	-639.5298	-16.43544	0.2835347	0.982979	0.0155009	0.00152052	0.01242052
17600	-652.4311	-634.9766	-17.45444	0.3155475	0.993571	0.00130852	0.0051207	0.06989834
17800	-654.7457	-636.6348	-18.11089	0.3022016	0.996688	0.000336683	0.00297579	0.1342315
18000	-648.2661	-631.8934	-16.37271	0.2919492	0.996126	0.00242909	0.00144491	0.0005154666
18200	-651.8874	-634.4297	-17.45774	0.3571877	0.99889	0.000965675	0.000144245	0.03491371
18400	-654.3572	-635.7359	-18.62127	0.3021157	0.998528	0.000132679	0.001339	0.1678129
18600	-651.031	-633.9605	-17.07057	0.3226136	0.994268	0.00416774	0.0015645	0.03399349
18800	-651.2894	-634.4018	-16.88762	0.2693627	0.993797	0.000513566	0.00568921	0.06005147
19000	-651.4561	-633.7625	-17.6936	0.3174232	0.990182	0.00445656	0.0053616	0.08528076
19200	-651.5944	-634.3561	-17.23833	0.3356848	0.994863	0.00508614	5.0543e-05	0.03619976
19400	-667.6776	-648.9388	-18.73882	0.301733	0.970219	0.00812406	0.021657	0.1865267
19600	-648.8141	-631.6652	-17.1489	0.328708	0.994146	0.00559248	0.000261643	0.0332723
19800	-657.8033	-640.1623	-17.64094	0.2953816	0.984602	0.0129937	0.00240409	0.1029482
20000	-649.1825	-629.1192	-20.06332	0.3377143	0.993904	0.00376687	0.00232894	0.2630423
20200	-652.4717	-635.3717	-17.09993	0.2878422	0.984835	1.66751e-05	0.0151485	0.06208657
20400	-652.0475	-634.8203	-17.22716	0.3601386	0.995808	0.00400573	0.000186748	0.01547942
20600	-658.2909	-637.2728	-21.01807	0.3002468	0.988231	0.00455698	0.00721199	0.3553815
20800	-654.0186	-635.7069	-18.31174	0.3356238	0.996997	0.0025128	0.00049058	0.1250991
21000	-650.6216	-632.5917	-18.02991	0.3311336	0.998275	0.00161687	0.000107839	0.1021687
21200	-647.1708	-628.7611	-18.40968	0.3362617	0.998002	0.00184642	0.000152054	0.1310629
21400	-655.9052	-638.5219	-17.38322	0.3258144	0.995291	0.00269393	0.0020149	0.05480195
21600	-651.2636	-633.9203	-17.34334	0.3377295	0.996571	0.000621053	0.00280804	0.04316056
21800	-647.7872	-630.8627	-16.92447	0.3363118	0.997649	0.00123297	0.00111811	0.00948867
22000	-648.5024	-630.6424	-17.86003	0.325782	0.988242	0.00542352	0.00633415	0.09452756
22200	-650.977	-634.9241	-16.05288	0.250357	0.99129	0.00778773	0.000921991	0.008201255
22400	-648.3773	-629.927	-18.45026	0.3445956	0.993283	0.00396242	0.00275425	0.1258283
22600	-652.0994	-632.6795	-19.41988	0.3164567	0.992464	0.00228377	0.00525259	0.2249058
22800	-655.7228	-639.4899	-16.23295	0.2779238	0.997187	0.00196054	0.000852366	0.0005559192
23000	-654.8627	-634.1124	-20.75033	0.289892	0.996346	0.00322657	0.000427497	0.3458856
23200	-646.2712	-629.7923	-16.47894	0.2884659	0.991298	0.00615715	0.0025452	0.01192069
23400	-646.7888	-630.1418	-16.64692	0.318316	0.995941	0.00292549	0.00113362	0.001346787
23600	-655.026	-637.3259	-17.70009	0.3577805	0.990515	0.00277252	0.0067128	0.05480154
23800	-653.1306	-635.7185	-17.41211	0.3187523	0.988934	0.00355589	0.00751032	0.06489891
24000	-649.3182	-628.7625	-20.55571	0.2949708	0.997667	0.00141241	0.000920223	0.3282986
24200	-654.0708	-635.7983	-18.27253	0.3129033	0.981989	0.00717489	0.0108365	0.1362568
24400	-649.0329	-631.9661	-17.06681	0.3069499	0.986567	0.00197214	0.0114605	0.04469601
24600	-654.3104	-637.1425	-17.16793	0.3052147	0.994168	0.002647	0.00318524	0.05629426
24800	-649.6896	-632.513	-17.17659	0.3191928	0.991741	0.000544657	0.00771408	0.04374121
25000	-649.5428	-632.0537	-17.48905	0.3745963	0.997785	0.00054415	0.00167099	0.02379349
25200	-657.4464	-638.1251	-19.32127	0.2673635	0.994781	0.00346477	0.00175466	0.2516719
25400	-650.4635	-633.6838	-16.77968	0.2981362	0.99711	0.00075884	0.00213098	0.02828634
25600	-656.8532	-639.162	-17.69121	0.3005444	0.993869	0.00263404	0.00349732	0.10312
25800	-655.0463	-638.0969	-16.94936	0.3213346	0.981223	0.00131275	0.0174641	0.02280722
26000	-652.8444	-635.6769	-17.16752	0.3302144	0.986111	0.00280289	0.0110863	0.03495356
26200	-644.5478	-627.6216	-16.92627	0.3251317	0.995831	0.00380618	0.000363271	0.01834629
26400	-651.2577	-631.6722	-19.5855	0.3380042	0.992393	0.00434406	0.00326266	0.2221471
26600	-652.625	-635.1968	-17.42821	0.3017628	0.99678	0.0016707	0.0015491	0.07981163
26800	-654.5344	-636.8835	-17.65089	0.3764708	0.991539	0.00227941	0.00618197	0.03745279
27000	-655.8863	-638.856	-17.03032	0.3170351	0.985969	0.00533665	0.0086946	0.03324298
27200	-644.5391	-627.1958	-17.34328	0.3258817	0.994886	6.47257e-05	0.0050494	0.05118444
27400	-652.2726	-635.2092	-17.06346	0.3065996	0.982673	0.016167	0.00115977	0.0454057
27600	-654.0115	-636.6596	-17.35194	0.3068285	0.985086	0.000719001	0.0141949	0.06734376
27800	-648.5215	-630.1356	-18.38584	0.3419521	0.995271	0.00404931	0.000679654	0.1201321
28000	-653.0175	-636.5193	-16.49815	0.303845	0.990804	0.00428025	0.00491555	0.0010325
28200	-650.2731	-631.6218	-18.65126	0.3273616	0.986554	0.00389855	0.00954778	0.1606413
28400	-652.7246	-633.9903	-18.73427	0.3452749	0.994812	0.00139737	0.00379043	0.1505754
28600	-660.9221	-644.5726	-16.34947	0.2581024	0.994121	0.00112464	0.00475392	0.02603106
28800	-651.6887	-635.2011	-16.48755	0.2947363	0.993875	0.00143314	0.00469179	0.007623349
29000	-649.3165	-631.7007	-17.61586	0.2829971	0.99475	0.000815297	0.00443466	0.1062708
29200	-658.5187	-640.9621	-17.55651	0.3298208	0.994564	0.000894808	0.00454078	0.06755987
29400	-650.7218	-632.8747	-17.84707	0.3321312	0.993191	0.00448405	0.00232474	0.08835883
29600	-656.1823	-637.7046	-18.47771	0.3100648	0.992916	0.00175533	0.00532861	0.1559301
29800	-652.4666	-635.4913	-16.97532	0.3225413	0.998257	0.0010764	0.00066643	0.02390731
30000	-650.7926	-634.0178	-16.77473	0.3038967	0.995046	0.0022488	0.00270487	0.0232433
30200	-648.6603	-632.0154	-16.64492	0.3043165	0.998597	0.000587986	0.000814907	0.01252505
30400	-653.191	-635.1234	-18.06756	0.3331896	0.996819	0.00260792	0.000573353	0.1083508
30600	-643.3118	-625.7469	-17.56496	0.3052421	0.995194	0.00133682	0.00346891	0.08741335
30800	-653.1876	-634.5083	-18.67927	0.323298	0.994505	0.00129388	0.00420151	0.1602972
31000	-652.8083	-636.0526	-16.75574	0.2812645	0.996388	0.00237366	0.00123875	0.04072594
31200	-655.4113	-637.7686	-17.64264	0.3213411	0.996556	0.00054092	0.00290323	0.08069234
31400	-648.2636	-631.8204	-16.44317	0.2965807	0.99207	0.00663203	0.00129823	0.002467543
31600	-656.1423	-637.5456	-18.59676	0.3390191	0.993259	0.0046006	0.00214059	0.1459678
31800	-649.7711	-632.6953	-17.07578	0.3107152	0.99764	0.00192507	0.000434467	0.04167305
32000	-651.0589	-634.281	-16.77797	0.3153464	0.992697	0.00692361	0.000379391	0.01427962
32200	-650.7527	-633.4839	-17.26875	0.3304145	0.996034	0.00348747	0.000479021	0.04141527
32400	-654.5113	-634.6222	-19.88917	0.3051109	0.985898	0.00852364	0.00557796	0.2656384
32600	-651.0999	-634.2567	-16.84316	0.3355986	0.992879	0.00337057	0.00375025	0.003316418
32800	-649.0839	-632.2977	-16.78625	0.2958847	0.993788	0.00362083	0.00259131	0.03102895
33000	-649.7174	-629.2199	-20.49752	0.3036058	0.996156	0.00298795	0.000856327	0.3298934
33200	-651.2979	-634.6317	-16.66623	0.303753	0.987502	0.00664663	0.00585114	0.01473785
33400	-653.8175	-634.5593	-19.25821	0.3220151	0.997411	0.00165608	0.000932592	0.2127363
33600	-653.2548	-636.486	-16.76881	0.3297294	0.98627	0.0015808	0.0121494	0.001986051
33800	-649.7363	-632.888	-16.84828	0.3072426	0.993261	0.00437911	0.00235979	0.02614978
34000	-647.7738	-630.671	-17.10279	0.344182	0.999889	7.14736e-05	3.94177e-05	0.01768581
34200	-647.2123	-630.4426	-16.7697	0.2998304	0.989005	0.00849946	0.00249528	0.02657077
34400	-648.2913	-629.9827	-18.3086	0.3180196	0.999027	8.72026e-05	0.000885792	0.138684
34600	-646.7467	-629.3885	-17.35824	0.3006899	0.994785	0.00376796	0.00144667	0.07280315
34800	-648.9868	-631.1243	-17.86253	0.3143267	0.995784	0.00397647	0.000239644	0.1002336
35000	-657.6852	-638.8288	-18.85645	0.3011432	0.975507	0.00749545	0.0169975	0.1977977
35200	-652.2571	-636.136	-16.12111	0.2648334	0.994573	0.00309182	0.00233496	0.002061798
35400	-648.3404	-631.6622	-16.67817	0.3072313	0.98615	0.00906248	0.00478745	0.01260125
35600	-651.6274	-633.6429	-17.98441	0.2947124	0.994196	0.00272907	0.00307452	0.12964
35800	-654.7538	-637.8404	-16.91336	0.3232816	0.996907	0.000332961	0.00276015	0.01965937
36000	-656.6823	-637.8756	-18.80667	0.3468774	0.989393	0.000108974	0.010498	0.1589403
36200	-653.5026	-636.2095	-17.29315	0.3445854	0.988217	0.00127395	0.0105091	0.03378629
36400	-650.5796	-634.0629	-16.51664	0.3068262	0.988818	0.00981029	0.00137176	0.0001194508
36600	-649.9945	-632.3583	-17.63618	0.3251265	0.99426	0.00469865	0.00104139	0.0783619
36800	-663.9048	-647.0903	-16.81448	0.2819548	0.993296	0.00232083	0.00438318	0.04569694
37000	-645.1126	-628.357	-16.75559	0.3004994	0.997367	0.00138001	0.00125311	0.02495128
37200	-655.1852	-635.7046	-19.48056	0.332884	0.988854	0.00822139	0.00292435	0.2231532
37400	-660.8916	-642.4312	-18.46033	0.3413349	0.979942	0.0154446	0.00461374	0.1318711
37600	-649.0043	-632.2311	-16.77313	0.3191804	0.993674	0.000866914	0.00545952	0.01068086
37800	-645.3716	-627.5059	-17.86573	0.3094959	0.999964	1.56955e-05	2.07875e-05	0.1069191
38000	-653.0208	-634.9352	-18.0856	0.3193171	0.993775	0.00506276	0.00116217	0.1196119
38200	-647.5608	-630.5629	-16.99788	0.3134087	0.999033	0.000831205	0.000136022	0.03318192
38400	-646.5801	-629.0259	-17.55414	0.2980542	0.985811	0.0070154	0.00717327	0.08944883
38600	-647.31	-629.2855	-18.02446	0.3104549	0.996685	0.0011439	0.00217148	0.1182556
38800	-650.9714	-634.0801	-16.89129	0.3241016	0.99547	0.000819477	0.00371076	0.01614677
39000	-651.3875	-633.7955	-17.59196	0.3401249	0.998297	0.00127956	0.000423025	0.05914761
39200	-657.3975	-640.1833	-17.21421	0.2715038	0.996607	0.00142938	0.0019635	0.08598548
39400	-654.2558	-637.4366	-16.81926	0.2670838	0.975234	0.0184032	0.00636326	0.05632128
39600	-649.4385	-633.1737	-16.26486	0.2762368	0.995615	0.00247532	0.00190955	0.004570621
39800	-650.0748	-632.998	-17.07671	0.3218381	0.991212	0.000642027	0.008146	0.03353958
40000	-654.0149	-637.6868	-16.32814	0.2653666	0.970141	0.0137166	0.0161426	0.01792925
40200	-654.7032	-636.0776	-18.6256	0.3289852	0.993577	0.00166745	0.00475529	0.1538484
40400	-653.6398	-637.4747	-16.16513	0.2692941	0.985725	0.0127225	0.00155272	0.002087649
40600	-651.2404	-633.294	-17.94643	0.2848001	0.995082	0.00215266	0.0027656	0.1355225
40800	-649.0619	-631.7043	-17.35761	0.3068711	0.988268	0.00814065	0.00359094	0.06701772
41000	-652.6651	-635.0051	-17.65994	0.298759	0.994387	0.00432155	0.00129133	0.09747374
41200	-650.0441	-632.3056	-17.73847	0.3183671	0.996963	0.00246568	0.000571512	0.08884234
41400	-651.8094	-631.7342	-20.07525	0.3296905	0.992522	0.00408838	0.00338967	0.2693606
41600	-649.9555	-631.6055	-18.35	0.2967943	0.993953	0.00372556	0.00232176	0.1548119
41800	-652.8535	-634.046	-18.80751	0.3298266	0.989186	0.00544752	0.00536605	0.1711716
42000	-650.014	-632.9147	-17.09932	0.3419115	0.987667	0.00638014	0.00595258	0.01918919
42200	-657.0014	-639.3211	-17.68028	0.3051844	0.994446	0.00162858	0.00392528	0.09473124
42400	-644.7482	-626.915	-17.83316	0.3213879	0.99879	0.0010992	0.000111303	0.09717499
42600	-653.5584	-632.3473	-21.21112	0.3317824	0.992559	0.000746947	0.00669377	0.3718366
42800	-651.9656	-632.6016	-19.36399	0.2761151	0.990851	0.00795463	0.00119418	0.2543421
43000	-649.2912	-632.2694	-17.02189	0.3359314	0.998397	0.00110775	0.000495068	0.01757566
43200	-654.9981	-638.1929	-16.80522	0.306898	0.982621	0.00355617	0.013823	0.02349845
43400	-653.6726	-635.572	-18.10057	0.3468941	0.995025	0.00196716	0.00300796	0.09770088
43600	-652.5976	-634.4145	-18.18312	0.3149763	0.996051	0.00351643	0.000432576	0.1294721
43800	-657.7666	-640.6779	-17.08867	0.3284819	0.986941	0.00495625	0.00810262	0.02859009
44000	-647.9289	-631.1346	-16.79429	0.3008733	0.998327	0.000225768	0.00144738	0.02711888
44200	-658.939	-640.754	-18.18501	0.2963879	0.992981	0.00511848	0.00190086	0.148834
44400	-654.88	-636.9001	-17.97991	0.3196437	0.988334	0.0108804	0.000785429	0.1105666
44600	-652.1687	-634.4916	-17.6771	0.2968376	0.989152	0.00542326	0.0054251	0.1009877
44800	-651.4722	-634.0758	-17.39639	0.3456659	0.996057	7.85499e-05	0.00386405	0.04054817
45000	-653.3832	-635.0101	-18.37316	0.294039	0.993856	0.00460984	0.00153457	0.1648776
45200	-648.4569	-630.0476	-18.40933	0.3168517	0.997245	0.00186242	0.000892996	0.1482778
45400	-648.8632	-631.5397	-17.32353	0.3060416	0.99656	0.00236207	0.00107784	0.06673063
45600	-649.2359	-632.0963	-17.13956	0.3194119	0.999172	0.000517145	0.000311015	0.04070277
45800	-651.5171	-634.7302	-16.78689	0.3041882	0.995193	0.00320583	0.00160112	0.02446451
46000	-650.6703	-633.6591	-17.01118	0.3296616	0.989047	0.00306092	0.00789183	0.02164775
46200	-655.2464	-638.0869	-17.15956	0.3292935	0.987647	0.00753326	0.00481976	0.03480871
46400	-651.7808	-635.0331	-16.74767	0.3149031	0.988087	0.00611929	0.00579409	0.01251394
46600	-652.5144	-635.2364	-17.27798	0.2802476	0.995397	0.00419614	0.000406544	0.08677738
46800	-647.7072	-630.4145	-17.29273	0.3052459	0.996954	0.00257449	0.000471555	0.06429396
47000	-647.0067	-630.4069	-16.59978	0.3062616	0.997088	0.00180447	0.0011072	0.007329397
47200	-662.712	-644.6733	-18.03864	0.3300475	0.994804	0.00445596	0.00073969	0.107176
47400	-646.2101	-629.5237	-16.6864	0.3025095	0.995707	0.00328839	0.00100457	0.01707391
47600	-650.4921	-633.4943	-16.9978	0.3197191	0.997371	0.00171203	0.000916608	0.02772031
47800	-653.1379	-636.33	-16.80792	0.308938	0.98748	0.00923717	0.00328265	0.02175448
48000	-649.6135	-632.5594	-17.05413	0.3198097	0.99532	2.04674e-05	0.00465927	0.0326947
48200	-657.9388	-641.1423	-16.79643	0.2899627	0.985854	0.00414477	0.0100016	0.03616893
48400	-650.0693	-632.6699	-17.39945	0.3328134	0.999597	0.000135536	0.000267729	0.05040592
48600	-649.3748	-632.5327	-16.84214	0.3278644	0.998535	0.000985536	0.000478969	0.009384044
48800	-648.9403	-631.6776	-17.26271	0.3093864	0.992032	0.00557965	0.0023881	0.05930635
49000	-655.2701	-637.4124	-17.85775	0.317814	0.993766	0.00503496	0.00119951	0.103434
49200	-650.3983	-633.4788	-16.91948	0.2800385	0.993056	0.0049257	0.00201859	0.05405086
49400	-646.071	-629.1533	-16.91772	0.293246	0.99736	0.000267387	0.00237234	0.04384196
49600	-656.4375	-637.8645	-18.57292	0.3433997	0.992914	0.00648445	0.000601853	0.1393751
49800	-649.1815	-632.6335	-16.54805	0.2863595	0.993457	0.00451261	0.00203072	0.01916853
50000	-655.5633	-636.9319	-18.63149	0.2941548	0.992334	0.00555781	0.00210863	0.1864903
50200	-646.9011	-628.5948	-18.30624	0.3026723	0.992394	0.00382137	0.00378453	0.1506602
50400	-656.8988	-639.6054	-17.2934	0.2990756	0.993352	0.000112959	0.00653476	0.06881107
50600	-649.6326	-632.5451	-17.0875	0.3177986	0.998969	0.000714985	0.000316005	0.0382843
50800	-645.3636	-628.2291	-17.13448	0.3016763	0.993844	0.00548451	0.000671407	0.0543028
51000	-650.1536	-633.3082	-16.84538	0.3041271	0.992213	0.00359244	0.0041949	0.02893181
51200	-653.2803	-636.0607	-17.21964	0.3401548	0.984009	0.00863413	0.007357	0.03073898
51400	-650.1513	-633.6726	-16.47867	0.2988165	0.999122	0.000623457	0.000254425	0.003469457
51600	-645.9866	-628.8788	-17.10785	0.3087463	0.991121	0.00826872	0.000610575	0.04639115
51800	-650.6208	-633.9092	-16.71159	0.3043916	0.993395	0.00476605	0.0018393	0.01748199
52000	-652.0197	-633.3991	-18.62056	0.2974824	0.991355	0.00375199	0.00489351	0.1747139
52200	-646.2151	-629.1541	-17.06098	0.3289558	0.995491	0.000587825	0.00392103	0.02679428
52400	-650.1717	-633.455	-16.71669	0.3243438	0.993495	0.00151361	0.00499157	0.002189713
52600	-652.7213	-635.8034	-16.9179	0.3138742	0.993267	0.00388888	0.00284415	0.02691628
52800	-647.9132	-631.3273	-16.58584	0.3132791	0.994326	0.00371867	0.00195576	0.0004969594
53000	-652.8469	-634.8803	-17.96667	0.3549464	0.987909	0.00690324	0.00518774	0.08086276
53200	-653.1934	-635.0386	-18.15475	0.2888091	0.991651	0.00042118	0.00792763	0.1503415
53400	-645.2011	-627.8395	-17.36165	0.2899346	0.997722	0.0014661	0.000811588	0.07978517
53600	-650.1987	-630.8588	-19.33996	0.3230349	0.998082	0.00152663	0.000391518	0.216522
53800	-651.1159	-633.0207	-18.09522	0.287976	0.998524	0.00126488	0.000211101	0.1425027
54000	-652.2814	-635.5967	-16.68468	0.3211906	0.994134	0.00394999	0.00191559	0.002070258
54200	-650.2023	-633.3817	-16.82058	0.3365989	0.99894	0.000757911	0.000301805	0.0006173023
54400	-654.0728	-637.5305	-16.54237	0.2700492	0.994089	0.000825439	0.00508588	0.03313819
54600	-650.6785	-632.6434	-18.03512	0.313752	0.986592	0.00233085	0.0110767	0.1177941
54800	-651.4743	-633.4147	-18.0596	0.3103032	0.99359	0.00381876	0.00259113	0.1240657
55000	-651.3477	-633.538	-17.80966	0.3362476	0.988596	0.00859157	0.0028127	0.08435663
55200	-649.738	-631.5821	-18.15589	0.3360281	0.996105	0.0028746	0.00102029	0.1102513
55400	-656.1065	-639.1247	-16.98182	0.294602	0.994459	0.00205453	0.00348635	0.0490031
55600	-649.4768	-632.6871	-16.7897	0.30759	0.994619	0.00308915	0.00229168	0.02151765
55800	-647.6163	-630.7662	-16.85017	0.3189298	0.996622	0.000590399	0.00278749	0.01790493
56000	-652.9196	-635.1311	-17.78856	0.334404	0.997519	0.00168646	0.000794476	0.08174787
56200	-654.1226	-635.4742	-18.64843	0.2944071	0.992445	0.00235978	0.00519498	0.1797163
56400	-649.6534	-630.9316	-18.72178	0.3238118	0.998996	0.000877231	0.000126675	0.169599
56600	-653.7599	-636.6755	-17.08439	0.3150757	0.988208	0.00582414	0.00596822	0.04033696
56800	-648.5436	-631.1589	-17.38475	0.331632	0.997411	0.00115286	0.00143635	0.05054189
57000	-646.386	-628.7072	-17.67881	0.2975337	0.997347	0.00231644	0.000336994	0.1017181
57200	-648.5796	-629.6699	-18.90966	0.3262306	0.988476	0.00757834	0.00394526	0.1784164
57400	-649.3991	-631.7208	-17.67837	0.2839862	0.996347	0.00235911	0.0012938	0.1105986
57600	-650.0067	-631.8681	-18.13861	0.319271	0.993306	0.00162914	0.00506449	0.1224238
57800	-650.2012	-632.6515	-17.54965	0.3091724	0.997382	0.000355199	0.00226298	0.08155858
58000	-642.8206	-626.0221	-16.79847	0.3235653	0.999831	0.000136074	3.3136e-05	0.009476656
58200	-652.7781	-635.7866	-16.99143	0.3372163	0.987883	0.0071396	0.00497742	0.01372046
58400	-651.5534	-633.9895	-17.56398	0.3301573	0.992376	0.00237651	0.00524737	0.0673903
58600	-649.7067	-632.3313	-17.37536	0.3229438	0.990376	0.00275703	0.00686656	0.0561952
58800	-650.6714	-633.1134	-17.55797	0.3065291	0.992466	0.00618427	0.00134966	0.08383198
59000	-656.536	-638.4944	-18.04167	0.3291628	0.9981	0.000994682	0.000904982	0.1091054
59200	-654.4248	-637.1867	-17.23805	0.3332348	0.996471	0.00151449	0.00201448	0.03685746
59400	-655.4689	-635.9646	-19.50431	0.3402648	0.99268	0.000441568	0.0068783	0.214095
59600	-647.574	-630.2355	-17.33848	0.3140058	0.995653	0.00165904	0.00268809	0.06195031
59800	-648.9995	-632.0602	-16.93929	0.3025098	0.997551	0.00222637	0.000222684	0.03697505
60000	-649.3116	-632.2456	-17.06603	0.3160599	0.997725	0.00103156	0.00124298	0.03700929
60200	-650.6655	-632.5466	-18.11889	0.3397183	0.997968	0.000565021	0.00146685	0.1032111
60400	-656.4292	-639.0671	-17.36216	0.3493277	0.989119	0.0104594	0.0004216	0.03393407
60600	-656.6204	-635.952	-20.6684	0.3163883	0.996991	0.00298031	2.88905e-05	0.3227911
60800	-655.6341	-637.686	-17.9481	0.295682	0.997011	0.000858835	0.00213008	0.1241972
61000	-651.0852	-633.2337	-17.8515	0.3512756	0.987046	0.00953399	0.00341962	0.07430432
61200	-653.0376	-636.22	-16.81758	0.304322	0.989542	0.00205773	0.0083998	0.02661256
61400	-654.2199	-637.0407	-17.17919	0.2915261	0.994589	0.00231672	0.00309446	0.06708037
61600	-654.4096	-637.1081	-17.30145	0.2841368	0.990856	0.00320004	0.00594438	0.08134542
61800	-653.0267	-636.0529	-16.97385	0.3154963	0.993616	0.00516046	0.00122347	0.03031554
62000	-658.5233	-640.7271	-17.79616	0.2798403	0.99766	0.00056078	0.00177887	0.124161
62200	-647.8095	-630.8878	-16.92168	0.2902141	0.9983	0.00152751	0.000172044	0.0461491
62400	-649.5113	-631.2121	-18.29919	0.3385958	0.996155	0.00204784	0.00179715	0.1200012
62600	-654.9301	-637.3622	-17.56791	0.3027881	0.999367	0.000143058	0.000489883	0.09054438
62800	-645.4903	-629.1256	-16.36469	0.2883095	0.995159	0.00312492	0.00171617	0.002783658
63000	-646.9371	-629.3599	-17.57711	0.3060655	0.994913	0.00268888	0.00239782	0.08647806
63200	-652.4586	-635.7133	-16.74534	0.2917672	0.994331	0.00411518	0.00155429	0.03100059
63400	-655.7311	-636.5629	-19.16825	0.3265842	0.996949	0.000256924	0.0027945	0.1997886
63600	-649.3727	-632.0129	-17.35978	0.3390473	0.998598	0.00052237	0.000879469	0.04487822
63800	-651.644	-634.0453	-17.59875	0.3076532	0.99645	0.00311307	0.00043678	0.08511906
64000	-648.3911	-631.4147	-16.97642	0.3299572	0.997699	0.00168198	0.000619215	0.01845245
64200	-649.4521	-632.3652	-17.0869	0.3296187	0.992168	0.00140712	0.00642442	0.02844232
64400	-647.5913	-631.0883	-16.50294	0.2973597	0.995769	0.00314116	0.00108964	0.00673532
64600	-650.9969	-632.7776	-18.21929	0.3324825	0.989134	0.00724633	0.00361974	0.1170887
64800	-655.1153	-635.1918	-19.92347	0.3070688	0.991319	0.00260218	0.00607923	0.2707843
65000	-646.2443	-629.2424	-17.00193	0.3236453	0.996522	0.00255536	0.000922862	0.02644511
65200	-650.1591	-631.673	-18.48617	0.3021587	0.997722	0.000810669	0.00146717	0.1585571
65400	-654.6858	-636.2065	-18.47924	0.2984611	0.988567	0.00779414	0.00363931	0.1646574
65600	-647.5366	-631.0934	-16.44315	0.2669499	0.995441	0.00358787	0.000971628	0.02626261
65800	-650.9631	-633.9363	-17.02688	0.3295076	0.983472	0.0156479	0.000879829	0.02330161
66000	-659.2378	-642.4495	-16.78828	0.2967416	0.980879	0.00826173	0.0108594	0.03171278
66200	-650.6335	-632.3301	-18.30337	0.3078373	0.997775	0.00154013	0.000685368	0.1409386
66400	-644.0888	-626.5913	-17.49742	0.300354	0.995017	0.00103866	0.00394399	0.08415485
66600	-652.0177	-634.577	-17.44072	0.2687102	0.997461	0.00237424	0.000165202	0.1054001
66800	-646.8505	-629.5335	-17.31706	0.322636	0.993743	0.0062204	3.67504e-05	0.05279828
67000	-650.526	-633.4409	-17.08508	0.3275067	0.988308	0.000242458	0.0114494	0.03051028
67200	-646.814	-629.9451	-16.86883	0.3276453	0.994146	0.00335839	0.00249534	0.01174087
67400	-651.4897	-634.0142	-17.47553	0.3394581	0.993557	0.00444842	0.00199438	0.05021941
67600	-650.5487	-633.1381	-17.41056	0.3192537	0.996732	0.00288028	0.000387254	0.06411121
67800	-648.6187	-631.6451	-16.9736	0.3327783	0.995771	0.00340836	0.000820446	0.01628772
68000	-652.9865	-635.4125	-17.57405	0.3536655	0.997543	0.00222551	0.000231772	0.04798823
68200	-649.0975	-632.156	-16.94144	0.2991262	0.984725	0.00614698	0.00912827	0.04169725
68400	-662.8547	-642.141	-20.71371	0.3152108	0.995866	0.000719551	0.00341434	0.3405623
68600	-648.7665	-631.5248	-17.24169	0.3209059	0.993739	0.00234577	0.00391569	0.04735536
68800	-655.8732	-637.9838	-17.88944	0.33258	0.990356	0.00531019	0.00433415	0.09377078
69000	-647.4075	-629.9409	-17.46656	0.3157531	0.992236	0.00314616	0.00461777	0.07148399
69200	-656.7055	-638.0302	-18.67529	0.3275879	0.985693	0.00749465	0.00681247	0.15105
69400	-647.5981	-629.5352	-18.06284	0.3072088	0.995229	0.00402257	0.000748572	0.1255042
69600	-655.7021	-638.5626	-17.13949	0.3278175	0.994765	0.00484697	0.000387963	0.03571054
69800	-650.4826	-632.6235	-17.8591	0.3244577	0.997601	0.00218607	0.000213012	0.0931358
70000	-657.8916	-640.4614	-17.43015	0.3172602	0.992165	0.00239706	0.00543782	0.06889936
70200	-651.6048	-634.2779	-17.32685	0.3138973	0.996948	0.00103947	0.00201275	0.0599983
70400	-655.8967	-638.1941	-17.70263	0.3360824	0.985215	0.00959782	0.00518711	0.07142645
70600	-647.6285	-630.0424	-17.58605	0.3199997	0.997019	0.00100946	0.00197119	0.07692761
70800	-650.4508	-634.1152	-16.33556	0.2760321	0.997465	0.00141882	0.00111633	0.01007803
71000	-648.0123	-629.3393	-18.67298	0.3060226	0.998085	0.000595614	0.00131947	0.1805316
71200	-652.5925	-636.0061	-16.58644	0.2761295	0.988774	0.00674449	0.00448175	0.03080239
71400	-650.8777	-632.8607	-18.01699	0.302803	0.994164	0.00537383	0.000462466	0.1247035
71600	-648.5981	-631.7955	-16.80263	0.2996664	0.994678	0.00265895	0.00266349	0.02845229
71800	-652.5988	-635.1799	-17.41885	0.3479006	0.995428	0.00174798	0.00282424	0.040895
72000	-648.2213	-631.3116	-16.90975	0.324379	0.987354	0.0110108	0.00163511	0.01799232
72200	-652.446	-635.3037	-17.14231	0.337748	0.994601	0.00390239	0.00149676	0.02579695
72400	-649.3935	-632.0967	-17.29683	0.3176422	0.995309	0.000811142	0.00387984	0.05470103
72600	-654.1704	-636.0717	-18.09867	0.3001387	0.994455	0.00395863	0.00158614	0.1323685
72800	-657.2306	-634.9062	-22.32433	0.3317488	0.98981	0.00944704	0.000742663	0.4348227
73000	-651.0576	-632.8461	-18.21145	0.3126979	0.991426	0.00824647	0.000327801	0.1322486
73200	-655.5449	-637.8978	-17.6471	0.2948708	0.981228	0.0159816	0.00279082	0.09816378
73400	-653.0391	-635.7485	-17.2905	0.3037206	0.994711	0.000209059	0.00508012	0.06535572
73600	-653.4558	-636.6344	-16.82137	0.2556117	0.995152	0.00121022	0.00363791	0.06419514
73800	-650.9556	-633.3561	-17.59942	0.376774	0.986076	0.0077535	0.00617057	0.03175872
74000	-654.26	-637.3286	-16.93133	0.3316266	0.985642	0.0109554	0.0034022	0.01333148
74200	-654.8782	-635.8148	-19.06341	0.2852058	0.996476	0.00228173	0.00124255	0.2228983
74400	-650.6744	-633.95	-16.72433	0.3252563	0.997593	0.000108588	0.00229864	0.002033855
74600	-652.2642	-635.1103	-17.15395	0.3005034	0.994961	0.000482988	0.00455646	0.05675662
74800	-653.4724	-636.3641	-17.1083	0.3578045	0.992808	0.0013173	0.00587435	0.006786584
75000	-653.1722	-635.3042	-17.86796	0.3078505	0.98845	0.0107083	0.000842082	0.107661
75200	-650.8738	-633.5899	-17.28394	0.3303537	0.997465	0.00196154	0.000572975	0.04468345
75400	-657.2288	-639.3917	-17.83708	0.3101858	0.981164	0.00879353	0.0100422	0.1086825
75600	-651.7287	-635.2166	-16.51217	0.3039863	0.996568	0.000873177	0.00255902	0.001993088
75800	-651.0534	-633.8387	-17.21469	0.3184118	0.993529	0.00641667	5.4738e-05	0.04686463
76000	-656.2761	-639.1029	-17.17328	0.2821555	0.997755	0.000219659	0.00202552	0.07209956
76200	-651.5228	-634.5681	-16.95473	0.2908603	0.986094	0.00948154	0.00442414	0.047922
76400	-647.6077	-630.3636	-17.24413	0.3348219	0.998535	4.49491e-05	0.00141986	0.03705649
76600	-652.3349	-635.0054	-17.32947	0.3154526	0.986074	0.0110001	0.00292574	0.05869957
76800	-654.2998	-635.0645	-19.23537	0.3577351	0.985891	0.0100346	0.00407423	0.1811403
77000	-652.8907	-635.0384	-17.85235	0.3196928	0.983539	0.0016154	0.0148461	0.1004943
77200	-656.1493	-637.0714	-19.07791	0.3728723	0.995721	0.00147466	0.00280469	0.1539319
77400	-651.141	-633.9754	-17.16564	0.3136796	0.988507	0.0089841	0.00250925	0.04819474
77600	-654.4182	-637.5975	-16.82071	0.3157693	0.992226	0.00732971	0.000444026	0.01769495
77800	-649.3112	-632.3153	-16.99584	0.342255	0.998227	0.000427305	0.00134574	0.01032889
78000	-647.503	-629.986	-17.517	0.3359338	0.998505	0.000768269	0.000726969	0.05682544
78200	-654.4662	-637.8019	-16.66427	0.2705327	0.997375	0.00127087	0.00135403	0.04114941
78400	-652.9006	-632.7168	-20.18375	0.3493313	0.99686	0.00291904	0.000221176	0.2617552
78600	-657.4246	-639.8177	-17.6069	0.3153646	0.992997	0.00359667	0.00340675	0.08617548
78800	-652.0271	-634.1277	-17.89948	0.3287254	0.996043	0.00135628	0.00260077	0.09207365
79000	-649.5634	-632.9837	-16.57969	0.3044214	0.997208	0.00179889	0.000993125	0.007069737
79200	-658.7955	-641.9533	-16.84224	0.3169303	0.990067	0.00803004	0.00190318	0.01848072
79400	-648.9976	-632.1288	-16.8688	0.3202106	0.993738	0.00456233	0.00169956	0.01832733
79600	-654.3307	-635.3857	-18.94495	0.2949934	0.992548	0.0073116	0.000140238	0.2060005
79800	-649.7586	-632.7401	-17.01849	0.3152878	0.999206	0.000218415	0.000575686	0.03318636
80000	-648.7392	-631.5849	-17.15435	0.327959	0.995785	0.00268554	0.00152962	0.03480942
80200	-655.1409	-637.3524	-17.78843	0.3421201	0.992904	0.00204184	0.00505464	0.07814892
80400	-663.8581	-647.5067	-16.35134	0.2844588	0.966513	0.0256417	0.00784565	0.004836224
80600	-658.102	-641.1751	-16.92685	0.3339663	0.996923	0.000383355	0.00269393	0.01204689
80800	-653.6244	-633.0099	-20.61455	0.2974372	0.999471	7.61719e-06	0.000521608	0.3395251
81000	-656.1472	-638.4095	-17.73769	0.3241833	0.995823	0.00275819	0.00141877	0.08957196
81200	-650.5182	-631.2234	-19.29484	0.3083989	0.998782	0.00068751	0.000530434	0.2275691
81400	-654.4589	-637.4408	-17.01809	0.2880675	0.97946	0.0189655	0.00157496	0.05520136
81600	-646.4945	-629.6137	-16.88081	0.331293	0.995343	0.000741306	0.0039159	0.009986142
81800	-651.9134	-634.5684	-17.34503	0.3003429	0.985785	0.00956047	0.00465501	0.07327647
82000	-650.1337	-633.6017	-16.53199	0.2775728	0.997555	0.000994035	0.00145085	0.02541283
82200	-654.8548	-636.9171	-17.93763	0.331619	0.97809	0.0179665	0.00394333	0.09847993
82400	-653.3575	-634.8597	-18.49781	0.3350397	0.996718	2.43988e-05	0.00325713	0.1431791
82600	-654.0225	-636.7845	-17.23806	0.3211758	0.992728	0.0042976	0.00297424	0.04665707
82800	-650.4913	-632.403	-18.08826	0.3162488	0.995204	0.00379624	0.000999492	0.1205013
83000	-652.3797	-635.5346	-16.84509	0.3194336	0.997811	0.00157874	0.00060993	0.01648695
83200	-651.4736	-634.2093	-17.2643	0.3554439	0.983055	0.0140217	0.00292368	0.02122661
83400	-651.9437	-635.156	-16.78774	0.2815614	0.999059	0.000849976	9.11409e-05	0.04172421
83600	-650.0661	-633.3306	-16.73553	0.3020669	0.994335	0.00505837	0.000606285	0.02183911
83800	-652.7314	-635.0883	-17.64311	0.3078374	0.993407	0.000281928	0.00631062	0.09376441
84000	-650.67	-634.0628	-16.60714	0.3114442	0.996383	0.00016129	0.00345613	0.003821266
84200	-653.0466	-635.9751	-17.07149	0.3346129	0.993092	0.000270014	0.00663775	0.02312748
84400	-658.6629	-641.4424	-17.22052	0.3135077	0.988565	0.00497797	0.00645749	0.05235353
84600	-650.1626	-633.5554	-16.60721	0.3068529	0.995615	0.00206334	0.00232189	0.007547783
84800	-654.0477	-637.1584	-16.88926	0.3032197	0.988446	0.00617964	0.0053739	0.03361602
85000	-655.5214	-638.2308	-17.2906	0.3265858	0.994706	0.0028671	0.00242656	0.04884351
85200	-652.5439	-632.5731	-19.9708	0.3112259	0.989029	0.00660949	0.00436195	0.2752339
85400	-654.0713	-637.2846	-16.78673	0.3172672	0.996543	0.000809698	0.00264729	0.01336032
85600	-650.1618	-633.072	-17.08987	0.3057024	0.994569	0.00202965	0.00340121	0.04744274
85800	-649.78	-632.4577	-17.32232	0.3145083	0.995372	6.83226e-05	0.00455946	0.05767962
86000	-648.798	-631.8152	-16.98276	0.3122794	0.988539	0.01101	0.000451174	0.03402454
86200	-648.9694	-632.0196	-16.94975	0.3336204	0.991307	0.000779007	0.00791439	0.01364972
86400	-652.422	-633.2705	-19.15147	0.3131016	0.994541	0.00115962	0.00429893	0.2103053
86600	-657.7576	-636.7527	-21.00489	0.2852286	0.991343	0.00594259	0.00271407	0.3754596
86800	-656.8367	-637.3015	-19.53523	0.3430674	0.995211	0.00300859	0.0017802	0.2153115
87000	-649.2086	-631.9929	-17.21568	0.3072068	0.988998	0.00573621	0.00526571	0.05578303
87200	-652.6126	-635.5542	-17.05832	0.3169338	0.996004	0.00362511	0.000370936	0.03640097
87400	-651.9728	-634.4805	-17.49234	0.3161394	0.994196	0.00544931	0.000354843	0.07511353
87600	-650.568	-633.0652	-17.50286	0.3237828	0.993235	0.00157262	0.00519214	0.06980112
87800	-653.0443	-635.8128	-17.23147	0.3292075	0.987913	0.00772677	0.00436043	0.03994455
88000	-652.5844	-635.6746	-16.90986	0.2924822	0.991513	0.00541089	0.00307604	0.04584261
88200	-651.7126	-634.896	-16.81665	0.3159184	0.993773	0.00129157	0.00493531	0.01721018
88400	-647.7191	-630.7442	-16.97492	0.282997	0.993482	0.00128907	0.00522932	0.05535966
88600	-655.6551	-638.4945	-17.16062	0.2892075	0.998799	0.00056847	0.000632252	0.06753013
88800	-650.4338	-633.1543	-17.27955	0.323487	0.995938	0.00234384	0.00171775	0.04812607
89000	-652.1795	-633.6418	-18.53768	0.3141169	0.996124	0.000210588	0.00366493	0.1653132
89200	-660.128	-643.5667	-16.56127	0.3098937	0.985763	0.00812572	0.00611136	0.001357907
89400	-652.7474	-636.2859	-16.46152	0.2714524	0.992212	0.00565491	0.00213305	0.02406723
89600	-652.1895	-634.8245	-17.365	0.3096572	0.996005	0.000889919	0.0031046	0.06578748
89800	-643.1705	-625.576	-17.59451	0.3192022	0.998707	0.00115811	0.000134752	0.07677191
90000	-647.8651	-631.2742	-16.59098	0.3126185	0.998029	0.000941587	0.00102926	0.001423151
90200	-654.0624	-636.3082	-17.75425	0.2617606	0.99682	0.00268839	0.000491479	0.1381899
90400	-649.7124	-630.0094	-19.70293	0.2979918	0.997331	3.56866e-05	0.00263362	0.2580837
90600	-655.6494	-639.1036	-16.54585	0.3091421	0.978214	0.000503932	0.0212823	0.0006216149
90800	-655.4272	-636.0767	-19.35048	0.3077121	0.989656	0.00989625	0.000448128	0.2337772
91000	-656.6544	-636.788	-19.86641	0.2827034	0.985191	0.00891285	0.00589569	0.2904917
91200	-649.5447	-632.8639	-16.68075	0.3166338	0.990745	0.00899716	0.000258055	0.005402628
91400	-659.8678	-640.9804	-18.88736	0.3337827	0.990489	0.00652087	0.00299015	0.1764005
91600	-653.2222	-635.4844	-17.73779	0.3060722	0.984821	0.010207	0.00497221	0.09721482
91800	-643.8766	-627.3276	-16.549	0.3075733	0.99709	0.000483792	0.00242589	0.002123287
92000	-652.8986	-635.4739	-17.42468	0.3026634	0.996464	0.00222446	0.0013111	0.07641179
92200	-649.1421	-632.0049	-17.13718	0.2946603	0.996668	0.00289611	0.000435433	0.06097376
92400	-654.2105	-636.3908	-17.8197	0.2978141	0.988508	0.00422137	0.00727073	0.1130156
92600	-650.1396	-633.0149	-17.12466	0.312848	0.996049	0.00251296	0.0014379	0.0456282
92800	-656.4539	-638.8188	-17.63516	0.3285409	0.979358	0.00120051	0.0194413	0.07205833
93000	-651.1367	-632.8436	-18.29304	0.2962782	0.999256	0.000740999	2.76243e-06	0.1587563
93200	-652.2391	-635.5173	-16.7218	0.2924664	0.985762	0.00740744	0.00683084	0.02900918
93400	-648.6836	-631.5906	-17.09301	0.3186115	0.993242	0.00175023	0.00500774	0.03694948
93600	-655.4474	-637.9255	-17.52187	0.3235261	0.99472	0.00152813	0.00375161	0.06916926
93800	-653.8653	-636.4997	-17.36566	0.3136856	0.9934	0.000666628	0.00593358	0.06490868
94000	-650.0453	-630.9257	-19.11953	0.3178452	0.992931	0.0037064	0.00336245	0.2028522
94200	-648.2947	-630.9395	-17.3552	0.3318667	0.99496	0.00100969	0.00403001	0.04940395
94400	-654.7465	-634.5791	-20.16748	0.3197452	0.998667	0.000829113	0.000503463	0.2879821
94600	-650.7031	-634.0428	-16.66029	0.3021642	0.986672	0.0114098	0.00191816	0.01518264
94800	-657.5216	-640.2848	-17.23672	0.3280901	0.992451	0.00449734	0.00305144	0.04284392
95000	-652.4985	-635.8637	-16.63482	0.2717979	0.995539	0.00165448	0.00280642	0.03834188
95200	-648.7358	-631.4215	-17.31427	0.3158679	0.994667	0.00324208	0.00209096	0.05681188
95400	-652.2858	-634.5981	-17.68766	0.2986039	0.994758	0.00124215	0.00400024	0.09872799
95600	-648.7686	-630.9128	-17.85577	0.3242662	0.996057	0.00199297	0.0019503	0.093251
95800	-651.2192	-633.8289	-17.39027	0.2948922	0.990788	0.00112334	0.00808844	0.08335792
96000	-649.723	-632.2196	-17.50337	0.3065586	0.994565	0.00213545	0.00329924	0.07877863
96200	-653.59	-636.7174	-16.87259	0.2742215	0.997452	0.00025862	0.00228951	0.05767636
96400	-654.1668	-634.0042	-20.1626	0.3303608	0.991116	0.00449104	0.00439297	0.2706912
96600	-648.9274	-632.3315	-16.59597	0.2950909	0.997351	0.00127216	0.00137642	0.01599434
96800	-652.3304	-634.6734	-17.65694	0.3127655	0.99674	0.0023073	0.000952867	0.08743974
97000	-653.267	-634.7156	-18.55136	0.3028546	0.990623	0.00565545	0.00372199	0.1659808
97200	-651.1112	-634.4225	-16.68864	0.3200626	0.990732	0.00220091	0.0070668	0.003472557
97400	-653.6213	-635.9918	-17.62954	0.3102109	0.984611	0.00240864	0.0129806	0.08642137
97600	-657.2393	-638.8164	-18.42291	0.3168189	0.989528	0.0104625	9.18131e-06	0.1455567
97800	-657.3311	-639.2656	-18.0655	0.3670589	0.993155	0.000180547	0.00666475	0.07804745
98000	-654.1756	-636.3927	-17.7829	0.3138141	0.998814	0.00109444	9.19995e-05	0.09952509
98200	-651.398	-634.0097	-17.3883	0.31575	0.994374	0.00335759	0.00226823	0.06311879
98400	-647.6279	-629.6447	-17.98324	0.3151276	0.991426	0.00511665	0.00345751	0.1127975
98600	-652.9864	-635.8379	-17.14849	0.3411754	0.995447	0.00399517	0.000558322	0.02363007
98800	-653.688	-637.0144	-16.67365	0.3158475	0.988105	0.00584607	0.00604858	0.005632172
99000	-651.2601	-634.5044	-16.75563	0.3233362	0.994871	8.79644e-05	0.00504072	0.005975566
99200	-651.4956	-633.9783	-17.51727	0.3325966	0.986237	0.0114	0.00236268	0.06197297
99400	-648.8783	-632.1416	-16.73672	0.3140052	0.994457	0.00350651	0.00203693	0.01200446
99600	-654.0117	-634.0869	-19.92476	0.3094022	0.995895	0.00339852	0.000706716	0.2682375
99800	-652.8466	-635.1754	-17.67122	0.3796236	0.997029	0.00119105	0.00178034	0.03538997
100000	-655.5262	-637.7047	-17.82147	0.311974	0.998618	0.00112325	0.000259154	0.1032122
100200	-656.3815	-638.4558	-17.92575	0.2775183	0.987855	0.0106236	0.0015211	0.1387645
100400	-648.5393	-631.4796	-17.05968	0.3301425	0.994922	0.00308373	0.00199429	0.02628719
100600	-658.3911	-638.6161	-19.77498	0.2903931	0.995816	0.0040038	0.000179776	0.2782366
100800	-652.1924	-635.3139	-16.87849	0.3106444	0.994169	0.00423213	0.00159914	0.0275387
101000	-650.6604	-634.0644	-16.59591	0.2983454	0.993218	0.00640126	0.000380388	0.01368706
101200	-655.3934	-635.6744	-19.71901	0.2580266	0.991451	0.00682259	0.00172622	0.2887619
101400	-653.0218	-635.0391	-17.98274	0.3201563	0.987276	0.000879103	0.0118448	0.1114619
101600	-647.7617	-631.1793	-16.58234	0.2917581	0.993031	0.00593624	0.00103291	0.01774735
101800	-652.699	-633.7183	-18.98062	0.3397654	0.999471	5.57838e-06	0.000523503	0.1752479
102000	-654.685	-636.7054	-17.97959	0.3097065	0.993615	0.00536197	0.00102296	0.1161402
102200	-651.8137	-634.8878	-16.92591	0.2992763	0.992847	0.00475328	0.00239929	0.03872366
102400	-659.5616	-642.3953	-17.16624	0.3173011	0.993537	0.00422395	0.00223919	0.04525325
102600	-652.9389	-636.1631	-16.77581	0.3073528	0.982096	0.00896112	0.00894286	0.02084003
102800	-652.7476	-635.3795	-17.36805	0.3105729	0.99305	0.00640591	0.000544298	0.06532926
103000	-647.3601	-629.1577	-18.2024	0.3205653	0.994386	0.00425712	0.00135639	0.1288661
103200	-651.9738	-634.0824	-17.89137	0.3214125	0.97986	0.013971	0.00616886	0.1006193
103400	-650.1982	-631.5918	-18.60647	0.3010812	0.998745	2.97317e-05	0.00122506	0.1758292
103600	-651.5181	-632.869	-18.64914	0.3175691	0.994326	0.00188056	0.00379308	0.1659039
103800	-653.8037	-636.6008	-17.20294	0.3555705	0.995657	0.00420211	0.000140703	0.01665854
104000	-649.8163	-632.425	-17.3913	0.3090585	0.995558	0.00359097	0.000850951	0.07106131
104200	-648.0637	-630.8422	-17.22157	0.3281673	0.99883	0.000208135	0.000961603	0.0408782
104400	-649.7522	-632.4106	-17.3416	0.3280203	0.988719	0.00101292	0.0102685	0.04967089
104600	-653.4029	-636.1666	-17.23622	0.3003577	0.989873	0.00481395	0.00531311	0.06234
104800	-654.2282	-637.8871	-16.34106	0.2865408	0.996334	0.00342481	0.000241056	0.002439249
105000	-650.2456	-633.173	-17.07261	0.3068062	0.989068	0.00432995	0.00660196	0.04594549
105200	-650.9809	-634.0229	-16.95801	0.2890332	0.996857	4.44439e-05	0.0030984	0.04954463
105400	-653.3606	-636.7027	-16.65788	0.3143548	0.996313	0.00224	0.00144727	0.00556558
105600	-647.3477	-630.5143	-16.8334	0.3176333	0.994071	0.00221399	0.00371474	0.01740573
105800	-648.0467	-631.4322	-16.61451	0.2904693	0.997095	0.0013949	0.00151053	0.02079973
106000	-653.493	-636.714	-16.77897	0.2897573	0.992983	0.00389586	0.00312125	0.03578929
106200	-648.9417	-628.7949	-20.14677	0.2917079	0.991719	0.00715252	0.00112828	0.3005823
106400	-650.7443	-634.3662	-16.37806	0.2646822	0.991989	0.00271224	0.00529911	0.02285916
106600	-656.3507	-639.6534	-16.69731	0.2787434	0.995882	0.00337653	0.000741881	0.0369631
106800	-647.8209	-630.6363	-17.18454	0.3012562	0.997692	0.000202675	0.00210494	0.05817783
107000	-649.4349	-632.6827	-16.75218	0.3248701	0.992216	0.00238719	0.00539689	0.004533978
107200	-650.2821	-633.6274	-16.65473	0.3051169	0.990875	0.00687673	0.00224779	0.01262228
107400	-649.7024	-631.9456	-17.75674	0.3389692	0.996935	0.000487068	0.00257763	0.07429701
107600	-646.5299	-629.8254	-16.70445	0.3154118	0.996879	0.00145222	0.00166884	0.008228377
107800	-652.7547	-635.6243	-17.13037	0.3045025	0.994294	0.00381013	0.00189581	0.05082387
108000	-648.4322	-631.717	-16.71524	0.2953966	0.998276	0.00166975	5.43403e-05	0.02564123
108200	-651.1074	-633.0988	-18.00868	0.315244	0.996877	0.000308978	0.00281357	0.1203304
108400	-651.1434	-631.3608	-19.78266	0.2994581	0.994303	0.00231106	0.00338557	0.2669847
108600	-649.0247	-631.0337	-17.99096	0.3317897	0.996242	0.00175915	0.0019991	0.1005616
108800	-651.9491	-635.4135	-16.53559	0.2970353	0.991706	0.000580641	0.00771298	0.009428079
109000	-650.1221	-632.7888	-17.33337	0.320299	0.989411	0.00806643	0.00252278	0.05625319
109200	-653.3054	-635.8494	-17.45596	0.3149521	0.997686	0.00168715	0.000627015	0.06974623
109400	-651.8952	-633.9049	-17.99033	0.3346903	0.993014	0.00111405	0.00587225	0.09613605
109600	-653.4133	-636.613	-16.8003	0.2969547	0.991601	0.00170484	0.00669372	0.03064318
109800	-647.9044	-630.7938	-17.11057	0.3220199	0.991698	0.00591141	0.00239076	0.0364074
110000	-646.7355	-629.7503	-16.98522	0.3406823	0.994089	0.00465091	0.00126027	0.01066249
110200	-652.1333	-635.3897	-16.74357	0.3181237	0.981111	0.00413325	0.0147556	0.009621596
110400	-649.7534	-633.2175	-16.5359	0.2986657	0.998545	0.000683562	0.000771869	0.008097976
110600	-649.6552	-632.8007	-16.85453	0.2976156	0.997183	0.00258967	0.000227396	0.03583558
110800	-657.6671	-640.0456	-17.62155	0.3232713	0.993335	0.00600918	0.000655799	0.07620035
111000	-659.077	-641.9797	-17.09729	0.3220684	0.982872	0.00346077	0.0136669	0.03703052
111200	-651.7981	-634.4149	-17.38317	0.291002	0.987253	0.00455197	0.00819466	0.08115022
111400	-655.1283	-638.4257	-16.70256	0.2791698	0.988534	0.00973062	0.00173506	0.03854537
111600	-646.0662	-629.0854	-16.9808	0.3142082	0.99033	0.00180967	0.00785998	0.03187292
111800	-654.8182	-637.871	-16.94725	0.2785443	0.989924	0.00797414	0.00210235	0.05814724
112000	-649.7515	-632.9857	-16.76577	0.3109799	0.988242	0.0105377	0.00122065	0.01700919
112200	-650.2562	-631.9874	-18.2688	0.2963426	0.999393	0.000244216	0.000363209	0.1486952
112400	-647.8668	-627.8762	-19.99057	0.2876371	0.998832	0.000118402	0.00104954	0.2945658
112600	-651.3978	-631.8017	-19.59611	0.2934079	0.992815	0.00329486	0.00389037	0.2600974
112800	-648.2218	-631.3251	-16.89678	0.3131135	0.991915	0.000113989	0.00797057	0.02504946
113000	-651.7703	-633.1665	-18.60378	0.3434759	0.997995	0.0015686	0.000436622	0.144426
113200	-648.1596	-631.178	-16.98161	0.2762007	0.997787	0.00120376	0.00100945	0.06212792
113400	-652.5001	-635.6095	-16.89058	0.2920821	0.994808	0.00176312	0.00342855	0.04315795
113600	-649.1741	-631.5305	-17.64361	0.3455754	0.998595	0.00101407	0.00039134	0.05955209
113800	-654.476	-635.7795	-18.69649	0.3075719	0.995874	0.00184618	0.00228001	0.1742248
114000	-648.665	-631.7174	-16.94761	0.339702	0.992406	0.00661973	0.000974221	0.008461428
114200	-658.8193	-639.7544	-19.06486	0.3044057	0.998754	0.00120418	4.19182e-05	0.2096507
114400	-655.4844	-638.3651	-17.11931	0.3158469	0.987894	0.000885109	0.0112213	0.0422298
114600	-650.4209	-632.7367	-17.6842	0.3103823	0.991702	0.00374988	0.00454797	0.09144546
114800	-651.5066	-634.6742	-16.83233	0.3306593	0.991036	0.00792212	0.00104156	0.006594886
115000	-646.471	-627.845	-18.626	0.3187583	0.995446	0.00315115	0.00140326	0.1603806
115200	-654.856	-636.1679	-18.68803	0.3594694	0.995301	0.00426595	0.000433324	0.1336248
115400	-650.1082	-632.8522	-17.25605	0.3194841	0.990925	0.00423063	0.00484409	0.05213699
115600	-652.2799	-634.2535	-18.0264	0.321724	0.994228	0.00494082	0.000831069	0.1082182
115800	-651.1807	-632.9048	-18.27593	0.3152772	0.987761	0.0110866	0.00115219	0.136624
116000	-654.3732	-637.9584	-16.41473	0.2818223	0.998704	1.19964e-05	0.00128352	0.01191617
116200	-652.6941	-635.2841	-17.41005	0.3227237	0.995657	0.000864497	0.00347873	0.05938574
116400	-654.1862	-636.7097	-17.47653	0.3013734	0.996619	0.00333586	4.48969e-05	0.08220734
116600	-648.2252	-631.5157	-16.70945	0.2960342	0.995199	0.000521706	0.0042795	0.02429568
116800	-654.8375	-632.5274	-22.31004	0.3079086	0.995212	0.00254042	0.00224752	0.4515273
117000	-658.3839	-641.9678	-16.41604	0.2808169	0.996136	0.00319132	0.000672906	0.01298138
117200	-653.0517	-635.6761	-17.37564	0.2966923	0.996661	0.00308534	0.000253961	0.07666279
117400	-652.6804	-636.0143	-16.66608	0.315284	0.988253	0.00742563	0.00432166	0.00545325
117600	-656.4986	-638.0955	-18.40303	0.3417753	0.989995	0.00627458	0.00373063	0.1267806
117800	-645.3658	-628.6829	-16.6829	0.3079781	0.992284	0.000634218	0.00708176	0.01284897
118000	-653.8718	-636.7528	-17.11901	0.2821201	0.99601	0.0001226	0.00386731	0.06912207
118200	-649.8037	-632.8709	-16.93285	0.316874	0.993786	0.00239413	0.00382031	0.0251832
118400	-655.4124	-638.3416	-17.07075	0.285778	0.994188	0.00132284	0.00448898	0.06293098
118600	-656.9851	-639.1649	-17.82021	0.3330625	0.993985	0.0030133	0.00300144	0.0871938
118800	-651.9454	-635.4611	-16.48421	0.2805003	0.994696	0.00269403	0.00260994	0.01936323
119000	-648.21	-630.4018	-17.80814	0.3104534	0.997897	0.00133034	0.000773015	0.102569
119200	-657.0935	-637.0247	-20.06875	0.3528329	0.993721	0.0036885	0.00259022	0.2468466
119400	-653.0338	-635.3343	-17.69956	0.2984792	0.992358	0.00191298	0.00572911	0.1010499
119600	-646.5439	-629.708	-16.8359	0.3186918	0.99592	0.000843127	0.003237	0.01644921
119800	-654.8585	-637.8176	-17.04097	0.3537536	0.990433	0.0046094	0.00495777	0.004667847
120000	-656.5392	-639.4661	-17.07312	0.3262257	0.996539	0.00329207	0.000168955	0.02984076
120200	-651.8675	-634.6853	-17.18219	0.2905245	0.9936	0.00349342	0.00290614	0.06489892
120400	-650.6528	-633.7912	-16.86158	0.313527	0.997596	0.000763336	0.00164064	0.02310038
120600	-650.4952	-633.6583	-16.83689	0.3177972	0.998137	0.00135461	0.00050873	0.01747563
120800	-648.1135	-630.7373	-17.37625	0.340772	0.994642	0.00422317	0.00113433	0.04400002
121000	-655.1437	-637.3579	-17.78587	0.289603	0.990224	0.00832734	0.00144825	0.1149375
121200	-648.0787	-630.8136	-17.2651	0.3500599	0.997374	0.00230525	0.000320992	0.02680379
121400	-649.0527	-631.8741	-17.17861	0.3145858	0.99633	0.000562488	0.00310774	0.04703501
121600	-649.7256	-631.8078	-17.91781	0.3247363	0.996725	0.00324364	3.16656e-05	0.09785923
121800	-652.2505	-635.6574	-16.59309	0.3001295	0.99896	0.00032496	0.000715387	0.01205635
122000	-652.5921	-634.3317	-18.26037	0.3336233	0.992123	0.00515919	0.00271821	0.1214057
122200	-649.3994	-632.1141	-17.28522	0.3249373	0.99154	0.00318994	0.00526979	0.04761254
122400	-651.0489	-634.7016	-16.34726	0.2855259	0.995156	0.00342751	0.00141616	0.003577145
122600	-659.8056	-641.5468	-18.25877	0.3074134	0.997367	0.00181035	0.000822464	0.1383261
122800	-652.7739	-636.0004	-16.77351	0.3025728	0.983053	0.008577	0.00837018	0.02509259
123000	-652.1367	-634.8463	-17.29036	0.3119926	0.996634	0.00208178	0.00128407	0.05994096
123200	-647.0153	-630.3141	-16.70123	0.3231992	0.990299	0.00654328	0.00315789	0.001766372
123400	-652.2781	-635.3789	-16.89921	0.2868288	0.997275	0.0017124	0.00101261	0.04819084
123600	-645.3974	-628.559	-16.83833	0.29765	0.996581	0.00164588	0.00177337	0.03317129
123800	-649.6137	-631.9623	-17.65132	0.3118405	0.996852	0.0016625	0.00148599	0.08947523
124000	-650.3601	-632.6147	-17.74541	0.332058	0.99847	0.000709975	0.000819927	0.07731589
124200	-651.3573	-634.6374	-16.71991	0.3108721	0.995107	0.00408583	0.000807399	0.01353205
124400	-650.2727	-632.3775	-17.89519	0.3206673	0.988878	0.00680148	0.00432077	0.1017537
124600	-664.1883	-642.9287	-21.25954	0.3336234	0.978192	0.00713578	0.0146722	0.3834596
124800	-649.4784	-632.6311	-16.84725	0.3044155	0.994783	0.00491844	0.000298862	0.02868952
125000	-653.5731	-635.6875	-17.88561	0.3119894	0.996781	0.00243469	0.000784242	0.109172
125200	-656.1735	-637.46	-18.71345	0.3025778	0.988883	0.00652719	0.00459013	0.1780757
125400	-647.5742	-630.8808	-16.69336	0.3192122	0.99809	0.00149856	0.000411821	0.004322263
125600	-654.9446	-637.8447	-17.09992	0.339308	0.988461	0.00638841	0.00515108	0.02159844
125800	-649.1006	-632.0927	-17.00793	0.3002246	0.995287	0.00407416	0.00063912	0.04503441
126000	-649.815	-633.0866	-16.72836	0.3249087	0.987898	0.0113815	0.000720469	0.002610058
126200	-651.4895	-634.6459	-16.84364	0.3317818	0.998056	0.00101016	0.000934297	0.006382005
126400	-648.2574	-630.4828	-17.77457	0.3055158	0.999713	0.000152692	0.000134722	0.1035989
126600	-647.1195	-630.2343	-16.88524	0.2987152	0.993753	0.000608436	0.00563846	0.03651117
126800	-655.914	-638.6895	-17.22458	0.2989838	0.996442	0.00114617	0.00241212	0.0636892
127000	-647.5312	-630.3463	-17.18494	0.3159526	0.988403	0.00985119	0.00174569	0.04813656
127200	-647.7796	-629.379	-18.40057	0.3129256	0.991451	0.00694365	0.00160534	0.1497761
127400	-648.6166	-631.5566	-17.06007	0.3174359	0.998145	0.00136003	0.000494748	0.0366954
127600	-651.611	-634.1126	-17.49847	0.2908675	0.990392	0.00801464	0.00159351	0.0915104
127800	-652.0066	-635.1422	-16.86435	0.3263047	0.986351	0.0119117	0.00173747	0.01235854
128000	-654.5605	-636.94	-17.62044	0.3100004	0.985281	0.00516145	0.00955762	0.08878601
128200	-644.7465	-627.0005	-17.74602	0.3085728	0.996503	0.00292197	0.000574905	0.09572688
128400	-650.0027	-632.3877	-17.61504	0.2843352	0.982504	0.0109431	0.00655311	0.1059512
128600	-648.4114	-632.0992	-16.31219	0.2761406	0.993818	0.00207277	0.00410958	0.008365423
128800	-648.3964	-631.7002	-16.69618	0.3007074	0.993321	0.00214187	0.00453664	0.0198131
129000	-655.2427	-636.1242	-19.11851	0.3342427	0.99548	0.00350097	0.0010195	0.1906802
129200	-648.6474	-631.563	-17.08438	0.2827193	0.996185	0.000959133	0.00285634	0.06676495
129400	-653.6561	-636.7398	-16.91629	0.2812094	0.992852	0.00307255	0.00407593	0.05241712
129600	-647.1108	-629.7476	-17.36319	0.3284647	0.995178	0.0025795	0.00224221	0.0510493
129800	-651.5719	-633.2716	-18.30031	0.3148744	0.992251	0.0049912	0.00275787	0.138653
130000	-656.532	-633.7196	-22.8124	0.3179213	0.994335	0.0043062	0.0013592	0.5101054
130200	-653.8528	-637.0801	-16.77268	0.3313016	0.997788	0.00138206	0.000830328	0.001074192
130400	-649.3066	-632.0869	-17.21974	0.3146347	0.996698	0.00293199	0.000369862	0.05022894
130600	-651.1248	-634.0768	-17.048	0.3311847	0.992728	0.00151383	0.00575863	0.02307247
130800	-649.1007	-631.9078	-17.19286	0.3113845	0.994099	0.00429509	0.00160558	0.05020685
131000	-651.9709	-635.2451	-16.72579	0.3160911	0.991731	0.00532078	0.00294856	0.009638636
131200	-652.7481	-635.3209	-17.42718	0.3401553	0.99689	0.00140294	0.00170727	0.04764364
131400	-653.4918	-636.7565	-16.73537	0.3210764	0.98838	0.0021563	0.00946338	0.006564816
131600	-654.138	-636.382	-17.75601	0.3495393	0.992027	0.00684251	0.00113042	0.06810747
131800	-656.7932	-634.9314	-21.86176	0.3261765	0.995028	0.00123031	0.0037413	0.3967332
132000	-654.5021	-636.6911	-17.81099	0.3401477	0.984697	0.0091085	0.00619426	0.07937859
132200	-664.673	-646.6858	-17.98726	0.2983692	0.986773	0.0042059	0.00902144	0.1245909
132400	-649.1195	-631.3752	-17.74422	0.2989618	0.999278	0.000479823	0.000242639	0.1030717
132600	-653.8492	-635.9205	-17.92869	0.3307996	0.996642	0.00305912	0.000299367	0.09939433
132800	-646.6154	-629.5845	-17.03087	0.323627	0.997611	0.000349217	0.00204001	0.02759067
133000	-651.4672	-633.1017	-18.36558	0.3046119	0.996766	0.00108692	0.00214696	0.1527519
133200	-659.0515	-641.0436	-18.00787	0.3255951	0.989836	0.000585634	0.00957857	0.1041401
133400	-650.0371	-632.0976	-17.93952	0.3143073	0.996181	0.00339237	0.000426577	0.1091779
133600	-653.867	-636.9349	-16.93211	0.2930932	0.979542	0.0182634	0.00219462	0.04454321
133800	-650.2081	-632.5077	-17.70039	0.2896361	0.997023	0.00211537	0.000861176	0.1107055
134000	-647.617	-631.1278	-16.48914	0.2670957	0.992761	0.00660217	0.000636398	0.02945479
134200	-652.959	-635.4277	-17.53127	0.3266798	0.993259	0.00333756	0.00340341	0.06618768
134400	-647.8387	-630.2662	-17.57248	0.3155609	0.996903	0.00218034	0.00091643	0.07991221
134600	-648.4345	-631.2023	-17.23222	0.3458446	0.992223	0.00706394	0.000713436	0.02725106
134800	-656.0102	-636.0479	-19.96226	0.313324	0.991168	0.0056078	0.00322399	0.2641943
135000	-651.0708	-632.0484	-19.02243	0.3165071	0.990296	0.00587092	0.00383335	0.2019245
135200	-651.7149	-634.9303	-16.7846	0.2907716	0.981622	0.011189	0.00718922	0.03473804
135400	-652.4513	-635.6229	-16.82842	0.3167314	0.99171	0.00239875	0.00589125	0.01727888
135600	-652.9052	-636.088	-16.81717	0.3245283	0.990597	0.00505687	0.00434602	0.01021498
135800	-649.6269	-632.1043	-17.52258	0.3039032	0.996847	0.00219773	0.000955625	0.08085079
136000	-659.0973	-641.5227	-17.57467	0.3441942	0.980878	0.00311439	0.0160074	0.05653379
136200	-650.1594	-632.5093	-17.65009	0.3300135	0.994631	0.00039005	0.00497872	0.07259805
136400	-645.9459	-628.8914	-17.0545	0.3076848	0.995667	0.00189163	0.00244091	0.04205356
136600	-647.797	-631.2775	-16.51951	0.2783058	0.993136	0.00228852	0.0045753	0.02327191
136800	-652.0402	-633.4887	-18.55147	0.3082468	0.989638	0.00106463	0.00929751	0.1636334
137000	-648.3303	-631.7209	-16.60947	0.293111	0.985602	0.000103784	0.0142941	0.01859474
137200	-651.4198	-634.7701	-16.6497	0.3069705	0.998315	0.000168786	0.00151639	0.01102117
137400	-650.1072	-632.6073	-17.49986	0.3149771	0.993684	0.00265511	0.00366101	0.07406464
137600	-647.8318	-630.3365	-17.49523	0.3023897	0.997708	0.000307461	0.00198442	0.08289059
137800	-651.7561	-635.2554	-16.50068	0.301034	0.983262	0.0151203	0.00161742	0.003514343
138000	-654.8489	-638.3035	-16.54544	0.2908553	0.995907	0.00272857	0.00136431	0.01526027
138200	-644.5357	-627.712	-16.82363	0.3127657	0.997823	0.000431288	0.00174573	0.01994759
138400	-651.9927	-633.6957	-18.29705	0.2985084	0.998625	0.001011	0.000363833	0.1524709
138600	-659.5023	-638.4609	-21.04136	0.302259	0.984846	0.00906649	0.00608707	0.3751168
138800	-654.4062	-636.8904	-17.51575	0.3288726	0.996242	0.000796589	0.00296109	0.06644075
139000	-646.8027	-629.8512	-16.95149	0.3155549	0.99383	0.00378845	0.00238145	0.02778324
139200	-651.3069	-634.9908	-16.31616	0.2798255	0.993629	0.00112616	0.00524488	0.005608893
139400	-664.3953	-646.2198	-18.1755	0.3602716	0.986452	0.00998714	0.00356041	0.09665338
139600	-654.3966	-637.8084	-16.58817	0.308598	0.989331	0.0053985	0.00527055	0.004628505
139800	-653.6444	-634.206	-19.43841	0.309861	0.980242	0.0196423	0.000115728	0.2365993
140000	-649.1801	-630.9678	-18.21227	0.3324726	0.998402	3.03501e-05	0.00156717	0.115922
140200	-657.159	-634.9519	-22.20714	0.3496331	0.993497	0.00213951	0.00436393	0.4173926
140400	-657.3572	-640.3934	-16.96381	0.3350289	0.986005	0.00655003	0.00744472	0.01377043
140600	-647.4509	-630.7675	-16.68335	0.3111605	0.986558	0.00677275	0.0066693	0.01008436
140800	-655.5143	-638.8508	-16.66348	0.2909104	0.990955	0.00620197	0.00284352	0.0248491
141000	-653.0168	-636.2366	-16.78023	0.3081105	0.975395	0.0069611	0.0176437	0.02037818
141200	-649.9612	-632.923	-17.03817	0.3395029	0.988808	0.00980868	0.00138291	0.01608889
141400	-654.1439	-635.6978	-18.44615	0.3297893	0.982245	0.0175001	0.000254484	0.13887
141600	-646.8454	-629.611	-17.2344	0.3275609	0.99533	0.00201263	0.00265722	0.04244373
141800	-646.9909	-630.2757	-16.71518	0.3134305	0.997951	0.000948069	0.00110118	0.01079338
142000	-657.3817	-640.5441	-16.83761	0.3174732	0.994105	0.00411386	0.00178082	0.01835829
142200	-650.8232	-634.1945	-16.62874	0.3160366	0.994401	0.00408329	0.00151617	0.001726829
142400	-654.0642	-636.6976	-17.36666	0.2876182	0.988353	0.0115784	6.82242e-05	0.08373944
142600	-651.2602	-632.6392	-18.62095	0.3189272	0.997584	0.000307048	0.00210888	0.1651983
142800	-658.6168	-637.8582	-20.75865	0.3034138	0.995466	0.000618616	0.00391498	0.3448214
143000	-660.3315	-641.7613	-18.5702	0.3214721	0.99513	8.41796e-05	0.00478612	0.1547385
143200	-650.7392	-633.7001	-17.03913	0.3057416	0.995196	0.00158963	0.00321414	0.0445319
143400	-647.9585	-631.3012	-16.65738	0.3089368	0.994655	0.0053235	2.18679e-05	0.009951351
143600	-646.9785	-629.638	-17.34055	0.3118166	0.999099	0.000587048	0.000314273	0.06193254
143800	-649.5949	-633.0332	-16.56169	0.2931213	0.997234	0.000519207	0.00224694	0.01451101
144000	-655.8558	-638.8653	-16.99047	0.326061	0.994222	0.00277433	0.00300401	0.02342309
144200	-645.5804	-628.9748	-16.60562	0.3071919	0.993493	0.00427354	0.00223323	0.00714755
144400	-650.2811	-632.7845	-17.4966	0.3051452	0.997617	0.00209486	0.00028864	0.08111022
144600	-662.6478	-644.7757	-17.87208	0.3418143	0.990683	0.00017541	0.00914178	0.08496661
144800	-652.8858	-635.6861	-17.19969	0.3533494	0.994383	0.00407229	0.00154483	0.01711414
145000	-644.9215	-628.1932	-16.72831	0.3104958	0.990126	0.000114785	0.00975938	0.0143094
145200	-647.6446	-630.7418	-16.90275	0.3125551	0.99188	0.00630658	0.00181339	0.02596932
145400	-647.5167	-629.407	-18.1097	0.3162743	0.999168	0.000248641	0.000583278	0.1207442
145600	-647.1372	-629.9223	-17.21482	0.3087836	0.998337	0.000943921	0.000719136	0.05543209
145800	-651.2031	-633.6363	-17.5668	0.3251542	0.987316	0.00592338	0.006761	0.06838871
146000	-655.1705	-634.9383	-20.23218	0.3398056	0.993177	0.00673872	8.43294e-05	0.2698878
146200	-653.8027	-637.1207	-16.68203	0.3167957	0.99922	0.000513148	0.000266662	0.005436609
146400	-650.4738	-633.7214	-16.75236	0.3200288	0.991997	0.0049215	0.00308123	0.00833757
146600	-648.759	-631.7643	-16.99473	0.3061123	0.996722	0.00297082	0.000306883	0.03970462
146800	-656.338	-639.398	-16.94003	0.3164809	0.986941	0.000357617	0.0127017	0.02678933
147000	-651.5401	-632.8605	-18.67951	0.3120808	0.993173	0.00634096	0.000486171	0.1733527
147200	-648.659	-631.6501	-17.00884	0.3387138	0.996954	0.00278061	0.000265783	0.01465684
147400	-650.634	-633.9439	-16.69012	0.3160173	0.990743	0.00701225	0.00224444	0.00686103
147600	-648.969	-632.1239	-16.84509	0.3362355	0.998727	0.000755907	0.000516682	0.002848549
147800	-650.7082	-633.6691	-17.03911	0.3401512	0.986554	0.00639732	0.00704886	0.01589993
148000	-650.064	-632.7063	-17.35776	0.3686642	0.998611	0.000308927	0.00107992	0.01788265
148200	-650.2657	-633.1886	-17.07708	0.2988667	0.996458	0.000618265	0.00292392	0.05241119
148400	-649.5538	-631.7204	-17.8334	0.3356172	0.994751	0.00330337	0.00194606	0.08737222
148600	-650.3172	-632.8968	-17.42039	0.2864416	0.995162	0.00407632	0.000761987	0.0875739
148800	-648.1236	-630.8045	-17.31903	0.3084631	0.993342	0.00504624	0.00161128	0.06356274
149000	-650.9769	-633.4798	-17.49706	0.2920445	0.996323	0.00257843	0.00109828	0.08997741
149200	-651.8592	-635.1153	-16.74395	0.3013817	0.991392	0.00224643	0.00636114	0.02260338
149400	-653.4404	-636.5102	-16.93018	0.3181448	0.991899	0.000532312	0.00756893	0.02460104
149600	-654.7418	-633.6138	-21.12801	0.306338	0.996508	0.00160305	0.00188919	0.3724116
149800	-649.1521	-630.388	-18.76416	0.3322216	0.997806	0.00101127	0.00118296	0.1691322
150000	-653.369	-636.4737	-16.89527	0.3325629	0.990319	0.00964011	4.05125e-05	0.01004041
150200	-648.199	-631.6487	-16.5503	0.2957838	0.992092	0.00781614	9.20931e-05	0.01194917
150400	-655.7667	-638.6316	-17.1351	0.3493935	0.986176	0.00992633	0.00389719	0.01599754
150600	-646.7187	-629.2147	-17.50405	0.3247106	0.999258	0.000392601	0.00034981	0.06516573
150800	-652.3281	-634.1597	-18.16849	0.3356925	0.985142	0.0118812	0.00297706	0.113319
151000	-651.6795	-635.048	-16.63153	0.3121077	0.986547	0.00144228	0.0120111	0.005174854
151200	-647.7177	-628.5871	-19.13053	0.321977	0.998325	0.000904719	0.000770652	0.198629
151400	-649.7099	-631.8532	-17.85673	0.2832593	0.993215	0.00152704	0.00525815	0.124011
151600	-653.9699	-633.3538	-20.61605	0.2946255	0.99239	0.00650392	0.00110609	0.3286653
151800	-654.3816	-635.9929	-18.3887	0.3370085	0.994883	0.00283533	0.00228201	0.1321331
152000	-652.4918	-635.5057	-16.98607	0.3131211	0.99625	0.00290224	0.000847553	0.03412484
152200	-653.5782	-635.7519	-17.82628	0.3336404	0.991373	0.0033328	0.00529406	0.08283929
152400	-650.299	-632.7119	-17.58714	0.3199062	0.997841	0.00141837	0.000740501	0.07615953
152600	-648.045	-631.0054	-17.03959	0.3247289	0.999667	0.000162248	0.000171122	0.02784914
152800	-647.0789	-629.5879	-17.49102	0.3234544	0.999078	0.000144221	0.000777796	0.06668521
153000	-660.2824	-642.3369	-17.94546	0.3504353	0.977839	0.00459083	0.0175699	0.07928383
153200	-652.447	-633.1952	-19.25178	0.3120807	0.997281	0.000987788	0.00173122	0.217375
153400	-654.933	-637.9296	-17.00335	0.2790153	0.986181	0.00685962	0.006959	0.06261578
153600	-646.9491	-629.6233	-17.32588	0.3351681	0.997589	0.000236038	0.00217477	0.04249381
153800	-647.2206	-630.7597	-16.46096	0.2938669	0.998623	0.000923745	0.000452912	0.006127339
154000	-645.1444	-628.5615	-16.58293	0.3066641	0.988922	0.00442581	0.00665208	0.005537005
154200	-649.5594	-632.863	-16.69636	0.2947192	0.990158	0.00665008	0.00319232	0.02449112
154400	-651.0253	-633.0604	-17.96493	0.3180865	0.994183	0.00541578	0.000400822	0.1103502
154600	-650.541	-633.1152	-17.42581	0.32654	0.992831	0.00295775	0.00421111	0.05780508
154800	-653.7094	-636.8019	-16.90752	0.3222918	0.997286	0.000675114	0.00203847	0.01961398
155000	-654.3376	-637.4931	-16.84452	0.2939019	0.993692	0.0060143	0.000293703	0.03741329
155200	-651.0857	-634.0556	-17.03004	0.3135624	0.996064	0.00256282	0.00137287	0.03711641
155400	-651.8804	-633.4368	-18.44368	0.3247838	0.99208	0.00497727	0.00294318	0.1397863
155600	-654.2112	-637.0701	-17.14105	0.3061591	0.992679	0.00567039	0.00165073	0.05158303
155800	-656.3496	-639.3139	-17.03574	0.3103916	0.98868	0.00969018	0.00162968	0.04103137
156000	-654.4524	-637.7216	-16.73081	0.2751168	0.986939	0.0128078	0.000253566	0.04241819
156200	-662.0479	-640.5641	-21.48375	0.3477658	0.97149	0.0125407	0.0159691	0.3652402
156400	-647.8669	-629.2268	-18.64014	0.322439	0.99636	0.00113554	0.00250482	0.1567094
156600	-656.3232	-639.0059	-17.31728	0.3122368	0.989303	0.00107392	0.00962271	0.05880618
156800	-652.36	-635.4039	-16.95608	0.2873467	0.998029	0.0015432	0.000427343	0.05293967
157000	-649.7228	-631.3994	-18.32347	0.3176865	0.996552	0.00204085	0.0014076	0.1426865
157200	-644.7996	-626.458	-18.34164	0.3163435	0.999425	3.51076e-05	0.000540066	0.1374795
157400	-655.3355	-638.3278	-17.00774	0.3346484	0.996252	0.00198101	0.00176707	0.01870488
157600	-652.7271	-634.6428	-18.08428	0.3285078	0.994246	0.0029443	0.00281017	0.111239
157800	-648.1471	-630.3017	-17.84548	0.3369289	0.986008	0.00903178	0.00495987	0.08478183
158000	-647.6287	-629.9136	-17.71505	0.2920844	0.997244	0.00134413	0.00141167	0.1089421
158200	-652.6023	-635.4306	-17.17165	0.3132999	0.995033	0.00266293	0.00230421	0.04870603
158400	-652.8849	-635.6584	-17.22649	0.3021927	0.991877	0.00728827	0.000834828	0.06041257
158600	-650.3373	-633.0335	-17.30382	0.3394289	0.992493	0.00392176	0.00358542	0.03750811
158800	-655.7616	-638.6467	-17.11481	0.2974001	0.979562	0.0122047	0.00823299	0.05657343
159000	-653.9676	-636.9584	-17.00919	0.2998693	0.98512	0.00470549	0.010174	0.04618527
159200	-650.0206	-632.9132	-17.10745	0.29761	0.9884	0.0103039	0.0012956	0.05605102
159400	-651.5401	-634.4286	-17.11149	0.3190167	0.990948	0.00270653	0.00634597	0.03880235
159600	-646.7148	-629.7059	-17.00896	0.3015271	0.992145	0.00643506	0.00142	0.04348482
159800	-651.9035	-635.1	-16.80353	0.3220273	0.995717	0.000365471	0.00391717	0.0116824
160000	-655.6914	-638.2254	-17.46599	0.3306841	0.993379	0.000791372	0.00582956	0.05837119
160200	-650.8007	-633.7338	-17.06687	0.3314643	0.9941	0.00546319	0.000437078	0.02505884
160400	-651.5977	-634.9195	-16.67826	0.3170317	0.997347	0.00073632	0.0019163	0.004986257
160600	-654.0694	-636.787	-17.28237	0.335742	0.990362	0.00250707	0.00713105	0.03859221
160800	-655.2732	-637.0173	-18.25588	0.3210486	0.988701	0.00486725	0.00643134	0.1350951
161000	-645.9188	-628.7702	-17.14861	0.2960732	0.993449	0.00314559	0.00340522	0.06029123
161200	-647.182	-630.3773	-16.80474	0.2977911	0.990996	0.00611751	0.00288604	0.02979887
161400	-648.744	-631.5381	-17.20588	0.3262475	0.998663	0.000685594	0.000651444	0.04026326
161600	-652.3243	-635.243	-17.08129	0.3148324	0.992865	0.00207815	0.00505704	0.03930452
161800	-656.3344	-639.8508	-16.48364	0.2982538	0.996695	0.000340285	0.00296488	0.00447878
162000	-649.8405	-633.0723	-16.76823	0.3006459	0.998282	0.000594356	0.00112351	0.02599928
162200	-653.2767	-635.7587	-17.51797	0.3186968	0.991038	0.00427099	0.0046914	0.07263842
162400	-655.6229	-637.93	-17.69291	0.3194428	0.986228	0.00277872	0.0109928	0.08446571
162600	-657.1528	-640.2032	-16.94961	0.31973	0.978204	0.00339139	0.018405	0.02430833
162800	-646.502	-629.4106	-17.0914	0.3231725	0.99436	0.00172764	0.00391281	0.03403738
163000	-646.7452	-629.9997	-16.74551	0.3225096	0.997244	0.00221713	0.000538622	0.005911212
163200	-654.7131	-637.1849	-17.5282	0.2866183	0.979645	0.00763412	0.012721	0.09776607
163400	-654.5067	-636.5943	-17.91234	0.3388007	0.992605	0.00359494	0.00379971	0.08768482
163600	-647.135	-630.4877	-16.64726	0.3080109	0.993237	0.00659438	0.00016866	0.009857917
163800	-650.9161	-632.1413	-18.77475	0.3063678	0.99575	0.00200533	0.00224456	0.1826465
164000	-653.3174	-635.4644	-17.85302	0.2905517	0.989643	0.0056218	0.00473503	0.1201562
164200	-647.1659	-629.1041	-18.06184	0.2946683	0.994286	0.000763118	0.00495085	0.135552
164400	-655.3495	-638.8534	-16.49602	0.3029187	0.994319	0.00349267	0.00218829	0.001666386
164600	-652.1827	-634.7521	-17.43058	0.3107196	0.992363	0.0034722	0.00416431	0.07090982
164800	-652.0996	-634.4071	-17.69252	0.3202678	0.993318	0.00164923	0.00503316	0.08545159
165000	-649.573	-632.3619	-17.21111	0.2879529	0.993909	0.00359256	0.00249828	0.07224256
165200	-650.7869	-631.6374	-19.1495	0.3439945	0.997356	0.00249588	0.000148324	0.1917906
165400	-659.7019	-641.4959	-18.20597	0.2801314	0.988277	0.00615982	0.00556347	0.158486
165600	-649.7196	-631.7761	-17.94351	0.3226825	0.996463	0.00151476	0.00202265	0.1032081
165800	-647.9191	-630.8662	-17.05291	0.3181232	0.993658	0.00395133	0.0023902	0.03511934
166000	-647.5793	-628.9314	-18.64791	0.3195455	0.992679	0.00149057	0.00583077	0.1586364
166200	-655.3033	-637.4931	-17.81021	0.308798	0.986386	0.00437028	0.00924384	0.102911
166400	-654.4599	-636.8401	-17.61974	0.3131472	0.994034	0.000870624	0.00509504	0.08623389
166600	-650.8369	-634.2169	-16.61994	0.2920821	0.989853	0.00386661	0.00628033	0.02026558
166800	-647.1026	-628.7716	-18.33098	0.3044818	0.998868	0.000659965	0.000471939	0.1509972
167000	-649.7759	-633.1467	-16.62923	0.2971787	0.996225	0.00105112	0.00272386	0.01710899
167200	-653.9797	-637.6189	-16.3608	0.2714246	0.995661	0.00378117	0.000558113	0.01645129
167400	-654.4404	-637.3343	-17.10606	0.2911796	0.994869	0.00472736	0.000403302	0.060136
167600	-654.3948	-635.7714	-18.62337	0.2967778	0.985854	0.0133966	0.000748983	0.1743624
167800	-649.9609	-632.4893	-17.4716	0.3371541	0.995165	0.00224024	0.00259512	0.05475514
168000	-651.4046	-633.8667	-17.53786	0.3526785	0.989259	0.00349972	0.007241	0.04486685
168200	-654.0322	-636.2559	-17.77632	0.3285155	0.986068	0.010433	0.00349875	0.08715944
168400	-649.9246	-630.8175	-19.10709	0.309054	0.994197	0.0027007	0.00310226	0.2095442
168600	-650.1915	-633.3742	-16.81737	0.3058657	0.989065	0.00933283	0.00160243	0.02542303
168800	-651.1875	-634.0617	-17.1258	0.3178864	0.998681	0.000496506	0.000822185	0.04167808
169000	-644.8494	-628.169	-16.68041	0.2893449	0.998281	0.000360038	0.00135856	0.02745119
169200	-659.9379	-642.5315	-17.40638	0.3375827	0.995743	0.00371332	0.000543588	0.04707392
169400	-648.9759	-630.8256	-18.15035	0.2986384	0.998169	0.000793407	0.00103716	0.1372219
169600	-654.1371	-635.6605	-18.47665	0.332276	0.992724	0.00359675	0.00367898	0.139955
169800	-647.245	-630.4045	-16.84051	0.3066646	0.98987	0.00245162	0.00767816	0.02677817
170000	-655.7452	-638.1661	-17.57908	0.3136718	0.987391	0.000180837	0.012428	0.08086804
170200	-654.5948	-637.8241	-16.77068	0.3112322	0.995872	0.00115059	0.00297754	0.01769263
170400	-648.9576	-631.8854	-17.07217	0.3249438	0.985301	0.00902243	0.00567612	0.03042143
170600	-653.7856	-634.6975	-19.08813	0.3339563	0.996566	0.00279939	0.000634175	0.1917057
170800	-648.7344	-631.3402	-17.39412	0.3074086	0.99658	0.000228953	0.00319059	0.07015125
171000	-654.2177	-637.273	-16.94475	0.3495004	0.997355	0.00180368	0.000841706	0.0002420813
171200	-654.6403	-637.3809	-17.2594	0.3182682	0.991551	0.00244485	0.00600395	0.05003542
171400	-655.9908	-636.6667	-19.32408	0.3148098	0.995388	0.000505029	0.00410718	0.2300192
171600	-647.2532	-630.4663	-16.78688	0.2987933	0.998921	0.00071877	0.000359812	0.02833221
171800	-652.3912	-635.4435	-16.94779	0.3423105	0.987772	0.00798385	0.00424406	0.006354627
172000	-656.0137	-638.9929	-17.02075	0.2774435	0.999823	0.000117458	5.94309e-05	0.06440963
172200	-650.4913	-633.223	-17.26829	0.3641367	0.997473	0.00195174	0.000575549	0.01428746
172400	-653.4332	-635.2166	-18.21655	0.3328632	0.993613	0.00495471	0.00143251	0.1156677
172600	-651.9189	-634.9952	-16.92371	0.2976794	0.990975	0.00138177	0.00764309	0.0406314
172800	-649.5076	-632.9088	-16.59881	0.2886157	0.995915	0.000397852	0.0036876	0.02179664
173000	-659.4399	-642.3784	-17.06152	0.250771	0.992093	0.00152139	0.0063856	0.08965636
173200	-654.1143	-635.4827	-18.63158	0.3172021	0.994862	0.000869554	0.00426861	0.1653771
173400	-651.9878	-634.6009	-17.38698	0.301484	0.990591	0.00496547	0.00444334	0.07280503
173600	-652.9563	-635.9047	-17.05166	0.3131621	0.990315	0.00933374	0.000351129	0.0371809
173800	-647.7336	-629.2512	-18.48238	0.3010693	0.998093	0.00144967	0.00045721	0.1591278
174000	-648.4354	-631.5709	-16.86454	0.3155838	0.999615	0.000296882	8.82725e-05	0.02119174
174200	-648.3326	-631.6353	-16.69729	0.3113965	0.991313	0.00434535	0.00434122	0.01098693
174400	-650.2454	-633.796	-16.44941	0.2966137	0.994632	0.000277105	0.00509067	0.002956267
174600	-648.6899	-630.51	-18.1799	0.3361164	0.998953	0.000380592	0.000666339	0.1125938
174800	-644.7237	-627.956	-16.76773	0.308636	0.998313	0.000796249	0.000890614	0.01884226
175000	-653.1829	-635.7737	-17.40912	0.3369522	0.998598	0.000414472	0.000987991	0.04797716
175200	-654.7114	-637.3872	-17.32425	0.2994721	0.985411	0.00840636	0.00618273	0.06956674
175400	-655.4811	-637.8379	-17.64328	0.2914631	0.996016	0.00343119	0.000552584	0.1034764
175600	-648.0648	-631.0954	-16.96936	0.3126281	0.997802	0.000179047	0.00201943	0.03248966
175800	-650.3927	-632.7786	-17.61405	0.3085421	0.992614	0.0068324	0.000553583	0.08724613
176000	-649.4504	-632.73	-16.72036	0.3165454	0.985802	0.0125926	0.00160521	0.008664706
176200	-654.9112	-637.9509	-16.96034	0.3293054	0.998079	0.00129273	0.000628093	0.0186615
176400	-654.3403	-636.5989	-17.74134	0.33036	0.996442	0.00326561	0.000292211	0.08374306
176600	-647.0127	-629.3811	-17.63168	0.3099066	0.996878	0.00165268	0.00146978	0.08681215
176800	-645.675	-628.6173	-17.05766	0.3217359	0.992254	0.00583537	0.00191025	0.03268442
177000	-656.1854	-639.5377	-16.64768	0.2790343	0.996141	0.00103533	0.00282385	0.0333124
177200	-651.8408	-633.8615	-17.97935	0.3232823	0.999225	7.45437e-05	0.000700765	0.1064182
177400	-647.5165	-630.5374	-16.97909	0.3048713	0.996613	0.00226458	0.00112251	0.03861586
177600	-651.9597	-632.4435	-19.51618	0.3171938	0.993331	0.00435856	0.00230996	0.2260892
177800	-650.3688	-630.7551	-19.61374	0.2999143	0.997077	0.000151201	0.00277182	0.2596352
178000	-654.8124	-637.4033	-17.40911	0.3124118	0.990361	0.00635065	0.00328819	0.0668873
178200	-650.1537	-631.7571	-18.39663	0.2980614	0.99691	0.000685709	0.00240437	0.1557453
178400	-656.9544	-637.0304	-19.92404	0.3309558	0.995378	0.00029489	0.00432738	0.2510365
178600	-651.132	-634.2624	-16.86961	0.3231784	0.991197	0.00156903	0.00723359	0.01603783
178800	-654.7837	-636.9017	-17.88198	0.3232695	0.991316	0.00695897	0.00172471	0.1012844
179000	-650.0401	-632.6614	-17.37868	0.315855	0.998907	0.000903652	0.000189673	0.06198925
179200	-658.642	-639.3049	-19.33713	0.3344904	0.993112	0.00556428	0.00132348	0.2013413
179400	-648.5593	-631.8761	-16.68324	0.2995947	0.997416	0.00179919	0.000784485	0.01924352
179600	-652.7985	-634.3966	-18.40193	0.3601394	0.991395	0.0059094	0.00269558	0.1115334
179800	-652.2989	-634.4288	-17.87012	0.3318497	0.984292	0.00653299	0.00917501	0.08997843
180000	-652.2301	-635.4698	-16.76026	0.300224	0.998553	1.29993e-05	0.00143405	0.02504267
180200	-657.6273	-640.6189	-17.00841	0.3212038	0.992309	0.00683712	0.000854	0.02924729
180400	-648.0742	-631.0573	-17.01683	0.3079107	0.994543	0.00223504	0.00322195	0.03951777
180600	-648.3505	-631.0964	-17.25413	0.3005979	0.990137	7.98514e-05	0.0097833	0.06451621
180800	-654.9469	-637.5727	-17.37423	0.2990194	0.997914	0.00172416	0.000361576	0.07654385
181000	-652.3419	-635.0933	-17.24868	0.3163384	0.988221	0.00799455	0.00378409	0.05299047
181200	-652.9218	-635.4005	-17.52132	0.320488	0.991324	0.00674188	0.00193396	0.06863361
181400	-655.2064	-638.4737	-16.73272	0.3210131	0.984336	0.0116439	0.00402005	0.006278582
181600	-656.4082	-638.4076	-18.0006	0.3567007	0.992544	0.000757994	0.0066977	0.07918584
181800	-650.1582	-632.6201	-17.53803	0.3278058	0.999659	0.000270652	7.05116e-05	0.0678527
182000	-648.2879	-629.5041	-18.78379	0.3154788	0.994101	0.00550744	0.000392035	0.1741305
182200	-652.6432	-634.1666	-18.47659	0.3073342	0.997211	0.00101442	0.0017743	0.158795
182400	-653.5381	-636.9166	-16.62145	0.3096894	0.995025	0.00419617	0.000779271	0.006297659
182600	-659.2832	-641.6451	-17.63814	0.2954432	0.992791	0.00472471	0.00248466	0.1011587
182800	-654.5966	-636.549	-18.04761	0.3042668	0.987661	0.00219861	0.0101404	0.1266471
183000	-654.5585	-635.5997	-18.95884	0.3213298	0.989464	0.000679576	0.00985686	0.1845818
183200	-654.8591	-636.8315	-18.02759	0.3304564	0.991313	0.00665108	0.00203619	0.100431
183400	-653.7628	-635.5542	-18.20857	0.3027247	0.98134	0.0132383	0.00542129	0.1429618
183600	-650.7269	-630.391	-20.33585	0.314461	0.991383	0.00338114	0.00523584	0.2955872
183800	-656.5161	-638.7281	-17.78801	0.2705513	0.995324	0.00177317	0.00290284	0.129936
184000	-648.1505	-631.1828	-16.96768	0.3491707	0.997568	0.000386971	0.00204536	0.002406572
184200	-659.6048	-642.1132	-17.49163	0.2710615	0.989282	0.00949832	0.00121955	0.1156025
184400	-653.5503	-635.9125	-17.63775	0.3159733	0.998536	0.00117532	0.000288289	0.08753296
184600	-650.5702	-633.3607	-17.20951	0.293587	0.995252	0.00462606	0.000121559	0.06686594
184800	-650.5109	-633.102	-17.40883	0.3380729	0.993086	0.00527614	0.00163796	0.04625373
185000	-659.3249	-642.4994	-16.82545	0.2995845	0.974386	0.0113612	0.0142528	0.03188831
185200	-647.9496	-630.9526	-16.99694	0.3298791	0.988214	0.00751983	0.00426587	0.02042354
185400	-652.0227	-632.7978	-19.22488	0.2955697	0.981482	0.0184487	6.93519e-05	0.2244245
185600	-656.7627	-636.3122	-20.45051	0.3093209	0.991796	0.00402865	0.00417519	0.319747
185800	-646.6916	-628.8794	-17.81225	0.3111591	0.995222	0.00414209	0.000635875	0.09904284
186000	-653.7061	-635.7119	-17.99415	0.3252956	0.998672	0.00029029	0.00103785	0.1034699
186200	-658.187	-641.3988	-16.78817	0.3230404	0.989088	0.0087958	0.00211657	0.00919839
186400	-664.1535	-645.2905	-18.86295	0.3186283	0.976835	0.00409165	0.019073	0.1769425
186600	-656.3558	-640.1267	-16.22907	0.2724137	0.995267	0.00317192	0.00156145	0.004701503
186800	-649.1441	-631.5975	-17.54657	0.2791479	0.998435	0.00141636	0.000149096	0.1025377
187000	-647.7112	-630.1879	-17.52336	0.3160822	0.995621	0.00417779	0.000200955	0.07460569
187200	-649.5108	-632.4611	-17.04964	0.3362457	0.991506	0.00604414	0.00244942	0.01970106
187400	-647.3797	-628.9132	-18.46658	0.2935817	0.999175	0.000525967	0.000299508	0.1702432
187600	-649.5247	-631.9086	-17.61611	0.3316249	0.994992	0.000570557	0.0044377	0.06932757
187800	-649.1371	-632.6494	-16.48772	0.2958613	0.995674	0.00178672	0.00253906	0.006629867
188000	-650.8921	-632.8832	-18.00894	0.3310216	0.997228	0.000936861	0.00183499	0.1007858
188200	-646.1941	-626.8482	-19.34594	0.2967138	0.9936	0.00308696	0.0033132	0.2357785
188400	-650.6028	-633.4068	-17.19606	0.3118507	0.997982	0.00158189	0.000436117	0.05241618
188600	-651.9511	-635.3473	-16.60382	0.3034326	0.993507	0.00371011	0.0027826	0.01043856
188800	-655.6382	-636.9689	-18.66927	0.3042323	0.988125	0.0115768	0.000298238	0.1814912
189000	-662.7884	-645.7748	-17.01363	0.2514216	0.993834	0.000265375	0.00590105	0.0830493
189200	-656.133	-639.5941	-16.53884	0.3025642	0.992376	0.000299084	0.00732512	0.005577022
189400	-649.9616	-632.8194	-17.14219	0.3127392	0.996966	0.000676982	0.00235705	0.04603966
189600	-656.5667	-639.4594	-17.10734	0.3305948	0.992304	0.00201975	0.00567603	0.02854876
189800	-650.7287	-632.8192	-17.90944	0.315734	0.998366	0.000762957	0.000871387	0.1045275
190000	-650.4946	-632.0686	-18.42597	0.3190335	0.990426	0.00455118	0.00502258	0.1502251
190200	-648.3941	-631.8121	-16.58197	0.3046663	0.996512	0.000689679	0.00279801	0.007070462
190400	-655.4662	-636.3323	-19.13391	0.3462415	0.990427	0.00642404	0.00314938	0.1773283
190600	-653.1831	-633.8485	-19.33457	0.3353886	0.986518	0.00859453	0.00488749	0.2040414
190800	-652.2174	-635.043	-17.17443	0.3046747	0.99658	0.000939939	0.00247978	0.05524968
191000	-651.1509	-634.0596	-17.09136	0.2974457	0.992184	0.00513257	0.00268328	0.05479752
191200	-653.1817	-635.7622	-17.41943	0.3061305	0.993421	0.00380159	0.00277764	0.07581103
191400	-647.0876	-630.2696	-16.81803	0.305444	0.998028	0.000135868	0.00183623	0.02588207
191600	-656.4657	-639.2883	-17.17746	0.3314094	0.990794	0.00409369	0.00511252	0.03449024
191800	-647.8204	-630.5155	-17.30492	0.3483536	0.993712	0.00030184	0.00598647	0.03168873
192000	-646.7629	-630.108	-16.65492	0.3156512	0.997016	0.00176999	0.00121442	0.004212454
192200	-653.7655	-636.1044	-17.66115	0.3314333	0.992456	0.00217792	0.00536601	0.07688627
192400	-650.3978	-632.3014	-18.09645	0.2956598	0.995765	0.00296206	0.00127338	0.1343797
192600	-649.7209	-632.1721	-17.54878	0.3053382	0.994672	0.00473957	0.000588256	0.08791399
192800	-646.8018	-629.664	-17.13781	0.2788332	0.994166	0.00159746	0.0042368	0.07114945
193000	-654.2078	-637.5737	-16.63407	0.2825179	0.997478	0.00188121	0.000641285	0.03016511
193200	-647.5948	-630.0123	-17.58249	0.3165205	0.995898	0.00182449	0.00227772	0.07798696
193400	-658.7578	-641.4193	-17.3385	0.3240995	0.991768	0.00371953	0.00451212	0.05525142
193600	-652.9623	-636.1221	-16.8402	0.3273698	0.970499	0.0179376	0.0115635	0.00969655
193800	-651.2641	-634.6715	-16.59266	0.303327	0.989069	0.0088275	0.00210323	0.009256989
194000	-652.984	-636.4178	-16.56624	0.3010037	0.997981	0.000207249	0.00181169	0.008793981
194200	-650.1439	-633.6931	-16.45088	0.2905293	0.99872	0.00105983	0.000220276	0.008037847
194400	-655.0496	-634.6955	-20.35417	0.3416014	0.999359	0.000547894	9.30336e-05	0.2842915
194600	-648.6688	-631.7409	-16.92781	0.3081477	0.995061	0.00148287	0.00345608	0.03151721
194800	-654.9132	-638.1772	-16.73603	0.3085109	0.993239	0.00588023	0.00088102	0.01671495
195000	-653.9835	-635.9616	-18.02188	0.3228885	0.986437	0.00883217	0.00473098	0.108916
195200	-657.303	-640.5535	-16.74951	0.3150494	0.993709	0.00530479	0.000986135	0.012404
195400	-648.0424	-631.5123	-16.53002	0.3057969	0.998234	0.000751872	0.00101413	0.001974263
195600	-648.0499	-630.9063	-17.14358	0.2943779	0.994188	0.00308029	0.00273151	0.06293002
195800	-647.8844	-631.1168	-16.76759	0.3167174	0.992778	0.00469558	0.00252681	0.01256119
196000	-648.2688	-631.5422	-16.72657	0.2902379	0.997936	0.000345581	0.00171877	0.03006559
196200	-658.7029	-640.2904	-18.41256	0.3523506	0.991956	0.00462506	0.00341884	0.1171197
196400	-647.9257	-630.2571	-17.66862	0.3180843	0.995027	0.00419023	0.000782327	0.08450616
196600	-646.7022	-630.2271	-16.47515	0.2826652	0.999338	0.00041216	0.000249593	0.01650523
196800	-648.3111	-631.2038	-17.10733	0.3227151	0.996716	4.46851e-05	0.00323957	0.03558681
197000	-658.5574	-639.0761	-19.48129	0.3169362	0.995066	0.00391927	0.00101482	0.2332358
197200	-654.2458	-636.9708	-17.27505	0.3070329	0.983435	0.00787781	0.00868738	0.06070439
197400	-651.9678	-634.8712	-17.09666	0.3316453	0.992326	0.00543028	0.00224379	0.02820166
197600	-647.5113	-630.2773	-17.23403	0.342207	0.998483	0.000898932	0.00061775	0.0303013
197800	-645.6718	-628.3868	-17.28499	0.2999987	0.996484	0.00251849	0.000997627	0.06651967
198000	-646.6824	-629.9288	-16.75368	0.326527	0.993486	0.00487426	0.00164005	0.003337405
198200	-650.4127	-633.3473	-17.06545	0.3222654	0.994392	0.00413233	0.00147549	0.03178786
198400	-655.5033	-637.5183	-17.98501	0.3437157	0.98716	0.00451623	0.00832416	0.08784604
198600	-649.731	-632.9291	-16.80196	0.3038041	0.986954	0.00121261	0.011833	0.02589462
198800	-647.5139	-630.6199	-16.894	0.3361949	0.994564	0.00347451	0.00196119	0.007206988
199000	-664.7226	-646.9002	-17.82238	0.3540909	0.98391	0.0014396	0.0146503	0.06831425
199200	-654.1351	-636.4693	-17.66575	0.3265929	0.98732	0.00881048	0.00386913	0.07821868
199400	-649.1366	-632.1025	-17.03411	0.329665	0.996468	8.72892e-05	0.00344506	0.02457172
199600	-649.9358	-632.5266	-17.40918	0.3327255	0.992414	0.00457887	0.00300739	0.05180506
199800	-654.2082	-636.24	-17.96821	0.3474104	0.993235	0.00663962	0.000125659	0.08718256
200000	-650.8032	-633.8779	-16.92537	0.2849499	0.994566	0.00393405	0.00149992	0.05115731
