Iteration	Posterior	Likelihood	Prior	branch_rates	speciation_rate
0	-298.8932	-287.8793	-11.01389	1.135455	0.2146935
200	-296.134	-290.8385	-5.295451	0.7315019	0.03882583
400	-295.9789	-291.3772	-4.601742	0.6737525	0.02746042
600	-295.8626	-288.2917	-7.570924	0.8601118	0.139451
800	-294.7185	-287.0255	-7.692961	0.982304	0.02853104
1000	-294.4228	-288.7092	-5.713618	0.7874043	0.02527149
1200	-296.9715	-289.7333	-7.238232	0.9181622	0.04620119
1400	-298.0215	-288.9296	-9.091929	1.006107	0.1476299
1600	-295.3038	-288.2136	-7.090252	0.8420632	0.1098762
1800	-295.3072	-286.995	-8.312194	1.024007	0.04924138
2000	-295.0954	-286.5397	-8.555614	1.009698	0.08963047
2200	-296.891	-287.2864	-9.604651	1.123659	0.08117762
2400	-297.2866	-289.2665	-8.020102	0.9746495	0.06829385
2600	-295.477	-287.445	-8.032017	1.024114	0.02055259
2800	-299.5993	-293.2686	-6.330721	0.8236461	0.04896483
3000	-295.2642	-287.7993	-7.464946	0.9474658	0.04157507
3200	-294.635	-288.224	-6.411057	0.8579074	0.024335
3400	-296.4166	-288.39	-8.026573	0.9012369	0.1454993
3600	-295.8683	-288.1752	-7.693077	0.8614291	0.1507045
3800	-296.7028	-291.1646	-5.538129	0.7230543	0.07108976
4000	-296.0578	-288.5125	-7.54527	0.8060929	0.1922058
4200	-294.805	-287.5254	-7.279555	0.9356294	0.03431869
4400	-297.512	-287.0655	-10.44656	1.228589	0.05853769
4600	-297.4537	-289.5923	-7.861427	0.7822555	0.2461545
4800	-296.7194	-287.5392	-9.180245	1.004929	0.1566033
5000	-297.1574	-287.1139	-10.04356	1.120742	0.1279515
5200	-298.4167	-288.2183	-10.19838	1.217822	0.04401484
5400	-297.9238	-287.1171	-10.8067	0.9887527	0.3396709
5600	-295.5144	-286.8902	-8.624227	1.050014	0.05458373
5800	-294.5215	-287.718	-6.803428	0.9082895	0.01309785
6000	-294.8988	-288.3618	-6.53699	0.8774135	0.01760041
6200	-295.3537	-290.0505	-5.303172	0.7244867	0.04688866
6400	-298.6561	-292.1939	-6.462243	0.7850982	0.09932569
6600	-294.435	-288.5552	-5.879787	0.815173	0.01391359
6800	-295.0937	-289.2758	-5.817913	0.8144314	0.008203559
7000	-295.2097	-288.9681	-6.241664	0.7964042	0.07036272
7200	-296.437	-292.487	-3.949998	0.6296167	0.006187572
7400	-297.8085	-289.6005	-8.208012	0.969077	0.09197132
7600	-295.1329	-287.9748	-7.15804	0.8480267	0.1106685
7800	-297.8907	-287.8531	-10.03763	1.010255	0.2377818
8000	-294.7423	-287.3303	-7.411947	0.9274864	0.05648593
8200	-296.2336	-288.7988	-7.434763	0.9232626	0.06348859
8400	-296.2176	-289.2056	-7.012036	0.9289519	0.0135059
8600	-298.4438	-290.3925	-8.051285	0.9911797	0.05643985
8800	-296.8286	-288.7264	-8.102245	0.9927438	0.06058342
9000	-294.8624	-287.3762	-7.486117	0.913912	0.0774017
9200	-295.2766	-289.1638	-6.112865	0.8385986	0.01355355
9400	-295.7125	-288.3623	-7.35016	0.9000054	0.07779717
9600	-296.2707	-286.5072	-9.763531	1.092445	0.1288857
9800	-297.6443	-289.9075	-7.736794	0.9140953	0.09961149
10000	-294.707	-289.0142	-5.692835	0.7886744	0.02188066
10200	-295.184	-287.44	-7.744039	0.9973145	0.01848631
10400	-294.6866	-286.7998	-7.886734	1.025767	0.003803554
10600	-294.6277	-288.2589	-6.368814	0.8735435	0.004212107
10800	-294.1599	-288.4937	-5.66614	0.8046826	0.002781483
11000	-296.0258	-287.9246	-8.101202	1.025788	0.02619194
11200	-296.0348	-289.453	-6.581718	0.8356624	0.064781
11400	-294.8401	-287.7475	-7.092635	0.9123579	0.03838328
11600	-296.8183	-285.9658	-10.85251	1.169964	0.1619334
11800	-296.6672	-288.3397	-8.327438	0.9596623	0.1171705
12000	-297.499	-289.2594	-8.239629	0.9032346	0.1618852
12200	-300.2308	-295.8853	-4.345512	0.6665195	0.00918411
12400	-295.6173	-288.8205	-6.796733	0.8845739	0.03641372
12600	-297.7116	-288.4305	-9.281086	1.131637	0.0376748
12800	-295.2223	-287.1127	-8.109602	0.9265735	0.1291321
13000	-300.3531	-291.5827	-8.770363	0.7738573	0.3414779
13200	-296.2892	-285.721	-10.56815	1.28816	0.009866831
13400	-295.5972	-287.2867	-8.310441	1.008939	0.06539018
13600	-296.3362	-289.9494	-6.386812	0.776104	0.1060276
13800	-296.1882	-290.469	-5.719174	0.8084967	0.004210119
14000	-296.5833	-287.3815	-9.201864	1.153327	0.007927403
14200	-295.1879	-287.2916	-7.896251	0.9085203	0.1258201
14400	-296.7473	-291.7814	-4.965819	0.6680543	0.06947443
14600	-298.7031	-288.5376	-10.16553	1.066203	0.1981937
14800	-295.0025	-287.5061	-7.496451	0.8847154	0.10837
15000	-297.954	-290.5762	-7.377712	0.9415701	0.03616107
15200	-299.1154	-291.846	-7.269399	0.8642414	0.101502
15400	-297.8366	-287.2354	-10.6012	1.159744	0.1477171
15600	-299.6965	-292.402	-7.294566	0.9305836	0.0400824
15800	-295.4919	-286.9125	-8.579405	1.050667	0.04984055
16000	-295.7406	-287.6771	-8.063462	0.9921079	0.05605085
16200	-295.8259	-290.9164	-4.909529	0.7115291	0.02014542
16400	-296.7736	-287.1825	-9.591152	1.19945	0.0004726996
16600	-294.5355	-287.2132	-7.322279	0.9444221	0.02927423
16800	-298.2744	-292.9691	-5.305275	0.6553178	0.1174195
17000	-297.9688	-291.787	-6.181801	0.8125444	0.04833739
17200	-296.0014	-290.6226	-5.378833	0.7499388	0.02860644
17400	-295.0218	-287.5877	-7.434025	0.9532648	0.03163333
17600	-298.8115	-290.9563	-7.855232	0.9261552	0.098038
17800	-297.2998	-288.92	-8.379765	0.9418141	0.141434
18000	-297.1335	-285.3094	-11.82407	1.373683	0.05208857
18200	-297.8675	-288.2938	-9.573743	1.144899	0.05584518
18400	-297.7049	-291.1026	-6.602349	0.7821701	0.1236196
18600	-294.7662	-286.4451	-8.321105	1.057489	0.0159265
18800	-297.0204	-292.8595	-4.160879	0.6495449	0.007221494
19000	-297.2154	-289.155	-8.060363	0.7674698	0.2834046
19200	-295.2439	-286.6301	-8.613835	1.025963	0.07954374
19400	-300.6161	-292.7738	-7.842273	0.857585	0.1613158
19600	-295.8316	-291.2075	-4.624088	0.6815999	0.02164577
19800	-296.7047	-286.5186	-10.18612	1.061635	0.2059075
20000	-294.4024	-287.4739	-6.928529	0.9135672	0.02079197
20200	-296.5357	-288.9178	-7.617899	0.9452841	0.05812532
20400	-299.251	-291.6579	-7.593123	0.9932906	0.006760586
20600	-298.8392	-295.763	-3.076181	0.5400287	0.008287475
20800	-297.0983	-286.9777	-10.12065	1.039835	0.2183545
21000	-296.6534	-289.6094	-7.043971	0.849475	0.09583408
21200	-297.5963	-290.9334	-6.662866	0.8408091	0.06552857
21400	-297.9654	-291.1942	-6.771149	0.7555953	0.1604451
21600	-295.4196	-288.6099	-6.80973	0.9139968	0.007847276
21800	-294.881	-289.0162	-5.864779	0.77451	0.0539465
22000	-298.5962	-288.657	-9.939186	0.8683027	0.3800014
22200	-294.4917	-286.958	-7.533695	0.9890615	0.005261592
22400	-296.8254	-292.3696	-4.455736	0.6721119	0.0142121
22600	-300.4434	-288.5366	-11.90675	1.287789	0.1499883
22800	-299.8531	-291.9601	-7.892953	0.701387	0.3299309
23000	-294.8955	-286.9656	-7.92992	0.9979355	0.03679457
23200	-295.9164	-288.8098	-7.106635	0.9490754	0.002398504
23400	-295.355	-287.2144	-8.140607	1.035958	0.01932141
23600	-298.949	-290.06	-8.889001	1.059938	0.07151235
23800	-298.1589	-289.8881	-8.270726	0.9315997	0.1350521
24000	-299.9369	-290.8054	-9.131518	0.7805129	0.3718718
24200	-295.2517	-289.3126	-5.939072	0.8295409	0.005306492
24400	-294.9125	-286.5677	-8.34484	1.051028	0.02519442
24600	-296.9236	-290.8863	-6.037218	0.7500115	0.09537256
24800	-297.4217	-290.3792	-7.042444	0.7671596	0.1839201
25000	-297.9383	-289.3105	-8.627806	0.9623206	0.1421072
25200	-300.9679	-289.0848	-11.88312	1.345559	0.08194855
25400	-295.3819	-285.9582	-9.423686	1.108997	0.07727544
25600	-298.1037	-292.762	-5.341662	0.7360145	0.03946701
25800	-294.7816	-289.9412	-4.840386	0.7202194	0.004671364
26000	-295.6652	-286.5592	-9.105939	1.044187	0.1112122
26200	-298.5687	-288.4794	-10.08933	0.8595391	0.400401
26400	-296.4393	-287.5504	-8.888832	1.127436	0.00237159
26600	-295.4068	-288.4627	-6.94409	0.8751663	0.06064151
26800	-298.303	-286.3979	-11.9051	1.031705	0.4118028
27000	-296.8984	-290.6833	-6.215134	0.7635296	0.09832898
27200	-295.7699	-288.9414	-6.828452	0.8710309	0.05306406
27400	-297.0953	-287.8123	-9.283027	0.9898381	0.1821373
27600	-295.876	-286.3042	-9.571787	1.178857	0.01986892
27800	-295.3788	-287.4773	-7.90153	0.9912745	0.04074718
28000	-294.9987	-289.5561	-5.44259	0.740184	0.04544415
28200	-296.5169	-290.2035	-6.313426	0.7929937	0.08021585
28400	-300.1929	-293.3088	-6.884108	0.8700101	0.06140444
28600	-296.0651	-285.7343	-10.33083	1.185114	0.09269233
28800	-295.7458	-290.1668	-5.579049	0.7286684	0.0715119
29000	-296.0407	-287.424	-8.616665	0.930513	0.1779544
29200	-297.3489	-291.7876	-5.561275	0.7628023	0.03353325
29400	-297.85	-289.7462	-8.103763	0.9686453	0.08216481
29600	-294.143	-288.1848	-5.958242	0.8276868	0.009110752
29800	-299.8188	-290.8653	-8.95341	0.9627796	0.1818439
30000	-297.5205	-289.1884	-8.332053	0.9577546	0.122223
30200	-296.6123	-288.8345	-7.777734	0.8934245	0.1267829
30400	-297.5305	-292.4013	-5.129146	0.6945498	0.05829015
30600	-294.0936	-286.9898	-7.103766	0.9508903	0.0002891111
30800	-298.5978	-288.7459	-9.851948	1.129647	0.1010027
31000	-298.0394	-286.7723	-11.26712	1.354252	0.01373048
31200	-294.1149	-287.7706	-6.344248	0.8708341	0.004523886
31400	-296.7884	-287.8607	-8.927731	1.075481	0.05926393
31600	-294.9048	-287.6274	-7.277319	0.9655013	0.003163794
31800	-296.1305	-289.4439	-6.686612	0.8328203	0.07700916
32000	-295.5906	-287.4994	-8.091218	0.9476719	0.1041736
32200	-295.8935	-287.0878	-8.80566	1.048493	0.07459678
32400	-296.3535	-289.1846	-7.168866	0.8493533	0.1125251
32600	-295.7156	-286.4337	-9.281842	1.092492	0.07900582
32800	-294.6424	-287.374	-7.268407	0.9002943	0.06903421
33000	-294.4071	-287.754	-6.653082	0.8648819	0.04215255
33200	-300.7585	-287.0392	-13.71932	1.081273	0.5423496
33400	-298.2376	-285.7444	-12.49322	1.282586	0.2165308
33600	-295.223	-287.7803	-7.442651	0.9370173	0.05008523
33800	-296.3307	-289.6321	-6.698657	0.7436266	0.1682856
34000	-295.0174	-289.194	-5.823409	0.8061372	0.01713073
34200	-295.2066	-287.4938	-7.712847	0.9740309	0.03889043
34400	-298.8419	-291.0292	-7.812709	0.7689725	0.2517547
34600	-295.7752	-289.6162	-6.159001	0.8203617	0.03640297
34800	-296.5813	-289.0656	-7.515737	0.9089969	0.08549911
35000	-296.6266	-289.4047	-7.221935	0.928536	0.03458811
35200	-295.312	-287.1053	-8.206684	0.9349792	0.130598
35400	-299.5472	-292.4866	-7.060608	0.8916732	0.05311253
35600	-295.109	-288.2315	-6.877549	0.9191573	0.009795509
35800	-298.464	-293.0938	-5.370205	0.6928771	0.08779058
36000	-295.1681	-288.2979	-6.870247	0.9069386	0.0217906
36200	-295.748	-289.6731	-6.074842	0.797406	0.0512351
36400	-294.4072	-287.4047	-7.002508	0.9367301	0.004407105
36600	-298.2308	-286.6645	-11.56633	1.132106	0.2732141
36800	-299.0097	-290.1752	-8.834492	0.8744656	0.2477775
37000	-300.5281	-295.2223	-5.305888	0.7436278	0.02720267
37200	-295.3317	-289.0508	-6.280978	0.8501248	0.01913851
37400	-298.5681	-289.5947	-8.973377	0.8825056	0.256406
37600	-296.9942	-286.8056	-10.1886	1.202743	0.05945146
37800	-294.8077	-288.6974	-6.110353	0.8014083	0.05112492
38000	-296.9802	-291.6342	-5.346054	0.7266144	0.04896408
38200	-296.5656	-287.2766	-9.289026	0.9891903	0.185689
38400	-296.8837	-288.3809	-8.502735	1.065529	0.02607835
38600	-294.9518	-287.9015	-7.050269	0.9407503	0.005147916
38800	-295.9956	-289.1766	-6.819068	0.8947258	0.02809144
39000	-300.6007	-292.7368	-7.863839	0.8031129	0.2185104
39200	-296.7832	-291.9	-4.883266	0.712062	0.01710552
39400	-296.5207	-286.9344	-9.586246	1.154392	0.04750084
39600	-294.5962	-289.3991	-5.197166	0.7603052	0.0002079471
39800	-295.2584	-288.0388	-7.219658	0.9182868	0.04568822
40000	-295.2149	-286.3687	-8.846183	1.107668	0.01832759
40200	-297.2055	-289.9678	-7.237639	0.9492282	0.01566827
40400	-297.0548	-290.5944	-6.460335	0.7893562	0.09824201
40600	-294.8383	-288.7987	-6.039646	0.8136312	0.03147648
40800	-297.1662	-289.0702	-8.096024	0.8342617	0.217579
41000	-298.1615	-288.3048	-9.856766	1.120299	0.1107957
41200	-297.96	-285.9295	-12.03048	1.241363	0.2108243
41400	-298.7885	-287.2673	-11.52125	0.9288461	0.4778295
41600	-296.4591	-289.5562	-6.902902	0.8675093	0.06449878
41800	-298.8427	-290.5085	-8.334277	1.026618	0.04715187
42000	-300.218	-292.9352	-7.282772	0.9642615	0.004890003
42200	-295.8664	-288.4669	-7.399486	0.8429345	0.1413417
42400	-295.2202	-286.9687	-8.25154	0.9560703	0.1135496
42600	-299.2487	-289.1326	-10.11601	1.216955	0.03574513
42800	-297.4147	-289.4047	-8.01007	0.9698414	0.07185585
43000	-294.5613	-289.3463	-5.214983	0.7560574	0.006359752
43200	-294.8831	-286.3402	-8.542924	1.092729	0.002445782
43400	-296.5976	-287.1089	-9.488732	1.079169	0.1151844
43600	-298.71	-289.0421	-9.66787	1.006639	0.2011624
43800	-295.0614	-286.9703	-8.091064	0.9754915	0.07635641
44000	-296.3829	-288.531	-7.851881	0.9088858	0.1184467
44200	-295.038	-287.7377	-7.300336	0.8826454	0.09051671
44400	-295.9476	-289.3513	-6.596335	0.7832213	0.120213
44600	-295.5528	-286.5228	-9.030023	1.097549	0.04766844
44800	-294.7976	-287.4971	-7.300411	0.9182596	0.05406626
45000	-294.5338	-287.9581	-6.575681	0.8479228	0.05151818
45200	-295.1374	-285.9517	-9.185698	1.127971	0.03263956
45400	-297.4238	-287.7382	-9.685539	0.952087	0.2656645
45600	-299.7176	-290.559	-9.158517	0.9740222	0.1887666
45800	-296.0241	-288.9353	-7.088805	0.7926957	0.1591909
46000	-295.5322	-288.5681	-6.964132	0.9349772	0.002312741
46200	-296.4839	-286.1923	-10.29156	1.145521	0.1290386
46400	-295.4298	-288.3348	-7.095044	0.8754126	0.07669122
46600	-296.723	-291.1744	-5.548526	0.7524004	0.04429152
46800	-295.285	-289.54	-5.745026	0.7449538	0.07117338
47000	-294.9099	-286.1318	-8.778025	1.105514	0.01363053
47200	-296.0065	-287.8099	-8.196509	0.9233756	0.1399976
47400	-296.6444	-288.8178	-7.826602	0.9673066	0.05786579
47600	-296.6228	-287.3768	-9.246067	1.007463	0.1610736
47800	-295.6061	-289.8979	-5.708297	0.7485554	0.0648147
48000	-295.5566	-291.0901	-4.466548	0.6804069	0.007055312
48200	-294.8869	-287.4226	-7.464264	0.9358454	0.05286187
48400	-294.558	-288.6182	-5.939787	0.8195784	0.01541929
48600	-298.8466	-288.7813	-10.06522	0.8226971	0.4335508
48800	-299.0638	-293.531	-5.532767	0.7740784	0.01957043
49000	-294.779	-288.866	-5.91299	0.7794435	0.05376522
49200	-297.1173	-290.1746	-6.942669	0.8750687	0.06237328
49400	-295.3115	-289.661	-5.650472	0.7331689	0.07382736
49600	-295.9276	-288.1229	-7.804633	0.8363406	0.1883572
49800	-299.4882	-288.3937	-11.09454	1.188311	0.1649964
50000	-295.173	-287.9968	-7.17621	0.9349946	0.02382598
50200	-299.2221	-288.7382	-10.48384	1.270985	0.01872783
50400	-296.5155	-287.3421	-9.173395	1.037661	0.1231906
50600	-296.9099	-288.2789	-8.630968	1.079913	0.0250606
50800	-295.0751	-286.8729	-8.202257	1.037588	0.0240938
51000	-297.7676	-290.606	-7.161627	0.722974	0.2332516
51200	-297.7733	-293.1385	-4.634789	0.6514961	0.05254972
51400	-295.4258	-287.408	-8.01777	1.020109	0.02306237
51600	-296.794	-289.1707	-7.623303	0.8883463	0.1149924
51800	-294.5293	-289.2673	-5.261969	0.7545878	0.01259514
52000	-296.1536	-286.8011	-9.352466	1.055703	0.1255465
52200	-294.22	-287.0446	-7.175436	0.9442968	0.01451152
52400	-295.7831	-289.191	-6.592084	0.8798632	0.02067728
52600	-296.3066	-288.1393	-8.167236	0.8912882	0.1707915
52800	-294.5602	-288.4314	-6.128755	0.8128283	0.04155787
53000	-298.6879	-288.0548	-10.63312	1.172714	0.1366907
53200	-296.4986	-288.5386	-7.959999	0.8188587	0.2220584
53400	-297.6988	-288.149	-9.549812	1.194002	0.001809625
53600	-299.7697	-295.8278	-3.941875	0.5856023	0.04777357
53800	-295.913	-289.9069	-6.006149	0.8097778	0.03157312
54000	-296.1884	-288.3235	-7.864913	0.9799059	0.04946009
54200	-296.3009	-288.5078	-7.793101	0.9294521	0.09217235
54400	-295.4083	-287.4268	-7.981498	0.9981199	0.04170035
54600	-296.6286	-287.541	-9.087614	1.144168	0.005544033
54800	-297.2217	-286.9672	-10.25449	1.092928	0.1781206
55000	-298.8048	-287.9685	-10.8363	0.9872253	0.3473653
55200	-297.8287	-288.8624	-8.966325	1.027162	0.1125578
55400	-296.2372	-287.8938	-8.343415	1.037965	0.03822877
55600	-296.3606	-289.5176	-6.843013	0.7991768	0.1277835
55800	-298.1437	-291.0734	-7.070352	0.8343534	0.1122706
56000	-296.0064	-286.6584	-9.347993	1.147198	0.02994213
56200	-295.275	-287.9454	-7.329672	0.8796993	0.09678358
56400	-296.1809	-288.9523	-7.228608	0.9254079	0.03938083
56600	-296.2703	-287.2384	-9.031927	1.106453	0.03945637
56800	-294.9318	-286.7487	-8.183038	0.9919203	0.06909923
57000	-301.5027	-289.9215	-11.58118	1.110566	0.2867081
57200	-298.816	-291.6431	-7.172928	0.826738	0.1342128
57400	-296.0076	-286.6868	-9.320817	1.028134	0.148886
57600	-294.9847	-288.8884	-6.096291	0.811476	0.0401449
57800	-296.0449	-287.4369	-8.607987	1.040341	0.06254775
58000	-295.5651	-288.6307	-6.934432	0.8819467	0.05270625
58200	-297.841	-289.4104	-8.430598	0.9882485	0.09866848
58400	-295.1455	-288.3954	-6.750112	0.8267369	0.09044758
58600	-296.3341	-286.7515	-9.582582	1.125077	0.07679846
58800	-297.3104	-289.4598	-7.850591	0.82049	0.2074601
59000	-294.4526	-287.4615	-6.99107	0.9203025	0.02001916
59200	-295.062	-289.1595	-5.902488	0.7817408	0.04984661
59400	-296.0993	-287.3192	-8.780078	1.057888	0.06261898
59600	-298.6981	-289.637	-9.061124	0.876848	0.2715303
59800	-294.1861	-287.9067	-6.279389	0.8682433	0.0005041896
60000	-295.3736	-286.3089	-9.064748	1.069664	0.08021304
60200	-294.5013	-289.2327	-5.268646	0.756015	0.01183463
60400	-297.0031	-290.8873	-6.115764	0.7436955	0.1106271
60600	-296.9901	-286.5866	-10.40352	1.268803	0.01276706
60800	-301.4943	-295.1152	-6.379053	0.6651134	0.2073424
61000	-296.1781	-290.5812	-5.59691	0.7891151	0.01147023
61200	-295.3592	-289.6364	-5.722783	0.737083	0.0768333
61400	-298.8213	-293.1144	-5.706863	0.7821454	0.02879699
61600	-300.3099	-288.3837	-11.92621	1.140604	0.2958312
61800	-294.5338	-287.3914	-7.14243	0.911977	0.04406361
62000	-295.3911	-288.1801	-7.210971	0.8664765	0.09707285
62200	-297.0348	-286.4253	-10.60951	1.092176	0.2169361
62400	-302.5231	-291.2897	-11.23339	0.9392048	0.4126803
62600	-296.15	-287.798	-8.351987	0.9857523	0.09450881
62800	-297.2777	-286.8385	-10.43924	1.276065	0.009184644
63000	-297.7345	-292.288	-5.446456	0.7782137	0.007375379
63200	-295.9933	-290.0426	-5.950693	0.8050246	0.03072335
63400	-294.9971	-287.6565	-7.340659	0.9524247	0.02283174
63600	-296.7396	-288.0002	-8.739391	0.9143053	0.2080661
63800	-296.3471	-287.2631	-9.084052	1.082775	0.06792068
64000	-297.9039	-293.0697	-4.834152	0.6841877	0.03975601
64200	-296.9745	-287.5021	-9.472407	0.9842854	0.2129865
64400	-294.9868	-289.2137	-5.773141	0.7785529	0.04037367
64600	-297.5223	-289.9602	-7.562038	0.7608855	0.2411511
64800	-295.3853	-288.155	-7.23034	0.9576116	0.006335382
65000	-296.8679	-289.1627	-7.705145	0.7648891	0.2515308
65200	-294.9227	-286.7639	-8.158774	1.023041	0.035075
65400	-295.0794	-286.6018	-8.477608	1.025792	0.0649699
65600	-296.748	-285.8187	-10.92934	1.241862	0.09573612
65800	-296.9762	-290.2318	-6.744426	0.8166505	0.1009657
66000	-302.8586	-291.309	-11.54959	1.288677	0.1132377
66200	-295.1127	-287.4693	-7.643322	0.9008062	0.1071091
66400	-300.68	-294.922	-5.758013	0.7503955	0.06339951
66600	-295.3632	-289.2355	-6.127659	0.7994362	0.05443988
66800	-296.8624	-289.6876	-7.174806	0.9329504	0.02519142
67000	-298.9238	-290.7029	-8.220896	0.9711434	0.08957618
67200	-295.9676	-290.4332	-5.53447	0.7846781	0.009680201
67400	-297.1446	-290.9716	-6.173024	0.8302199	0.02747243
67600	-296.2288	-289.8508	-6.378047	0.7354726	0.1456423
67800	-296.6748	-289.4142	-7.260574	0.8867434	0.08361031
68000	-295.5353	-286.4878	-9.047503	1.098377	0.04864037
68200	-294.186	-287.8896	-6.296446	0.8686741	0.001809623
68400	-295.8017	-290.2005	-5.601257	0.7189826	0.08361878
68600	-294.8527	-287.0896	-7.763073	0.9354721	0.08379677
68800	-294.2249	-287.9096	-6.31531	0.8467021	0.02623083
69000	-297.8603	-291.8877	-5.97266	0.8379022	0.0001547281
69200	-296.0708	-288.5532	-7.517666	0.8697783	0.1271122
69400	-295.4023	-287.3318	-8.070533	0.8986478	0.1532343
69600	-295.1542	-288.8875	-6.266723	0.8323156	0.03580809
69800	-296.6084	-290.4087	-6.19971	0.771076	0.09158067
70000	-294.3824	-286.6622	-7.720142	1.0036	0.009526632
70200	-296.3664	-290.9506	-5.415837	0.761019	0.02195116
70400	-295.5013	-287.1131	-8.388183	1.003072	0.07906297
70600	-299.579	-293.8376	-5.741431	0.5830199	0.2304668
70800	-295.2988	-289.6575	-5.641309	0.7329237	0.07305329
71000	-300.607	-292.2501	-8.356879	0.8287378	0.2437806
71200	-299.2742	-289.6949	-9.579343	1.148156	0.05070788
71400	-301.5613	-289.5245	-12.03679	0.852715	0.6141881
71600	-295.7158	-288.9505	-6.765375	0.7777961	0.1422847
71800	-297.6307	-290.6546	-6.976112	0.893731	0.04399454
72000	-295.5722	-290.1784	-5.393787	0.7367051	0.04455274
72200	-299.0667	-290.4909	-8.575757	0.7227141	0.3837665
72400	-295.3655	-286.9679	-8.397641	0.957194	0.1269493
72600	-297.5161	-290.4018	-7.114298	0.8193383	0.1374428
72800	-300.8503	-287.9431	-12.90721	0.9669011	0.5702192
73000	-296.7986	-289.2933	-7.505302	0.9459121	0.04584906
73200	-296.0706	-287.5558	-8.514814	0.9248232	0.1727174
73400	-295.3979	-288.4226	-6.975293	0.8918265	0.04696639
73600	-295.4167	-288.5926	-6.824059	0.8906221	0.03321614
73800	-296.8783	-290.5508	-6.327534	0.8592617	0.01414768
74000	-296.8128	-287.1091	-9.7037	0.9668753	0.2533695
74200	-294.4384	-288.3482	-6.090223	0.8253875	0.02498601
74400	-295.3932	-288.5373	-6.855954	0.9189536	0.007500473
74600	-295.5833	-289.2447	-6.338562	0.7590921	0.1172669
74800	-297.4173	-288.5306	-8.886702	0.8956571	0.2363512
75000	-295.7852	-289.4525	-6.332603	0.8504785	0.02413864
75200	-297.484	-292.2333	-5.250717	0.718624	0.04726411
75400	-298.9168	-290.0676	-8.849226	0.7140626	0.4166482
75600	-298.7644	-291.8756	-6.888811	0.6427937	0.2882107
75800	-295.9991	-289.2501	-6.749014	0.88568	0.03050046
76000	-297.0786	-291.0244	-6.054236	0.71678	0.1294252
76200	-297.2114	-290.7637	-6.447741	0.8041059	0.08049047
76400	-299.2504	-289.9385	-9.311921	1.161196	0.01092451
76600	-294.8036	-288.2249	-6.578636	0.8920207	0.006722668
76800	-295.8973	-286.7728	-9.124523	1.125607	0.02847476
77000	-297.4125	-291.3426	-6.069838	0.8019246	0.04681035
77200	-297.0417	-289.8938	-7.147929	0.8275109	0.1286168
77400	-296.7948	-289.9648	-6.829938	0.7199674	0.2056281
77600	-296.749	-287.5116	-9.237337	0.9145232	0.2552226
77800	-294.5219	-286.8537	-7.668253	1.002632	0.005208457
78000	-295.9188	-289.3603	-6.558489	0.8007452	0.09911076
78200	-296.4864	-292.2318	-4.254614	0.6330448	0.03314955
78400	-296.0122	-287.5514	-8.460846	0.9668134	0.124171
78600	-294.7794	-289.2568	-5.522671	0.7673897	0.02617261
78800	-296.002	-287.8984	-8.103593	0.963847	0.09088075
79000	-294.1125	-286.956	-7.156551	0.9506877	0.005971735
79200	-296.8599	-287.3697	-9.490111	0.9050277	0.2914448
79400	-297.6895	-289.7287	-7.960787	0.7685489	0.2685535
79600	-297.6225	-290.1247	-7.497853	0.9731723	0.01714007
79800	-296.2164	-290.5029	-5.713481	0.7673443	0.04635643
80000	-295.3702	-288.8655	-6.50471	0.8908151	0.0004559369
80200	-294.632	-289.6148	-5.017195	0.7360399	0.006562232
80400	-299.4351	-292.4394	-6.995653	0.9334346	0.006919566
80600	-299.6305	-289.0128	-10.61767	1.023816	0.2928765
80800	-295.5514	-286.6667	-8.8847	1.006589	0.1264272
81000	-296.0199	-291.6527	-4.367144	0.6540263	0.02352445
81200	-297.2308	-292.3415	-4.889349	0.6392912	0.08988453
81400	-297.1673	-288.3656	-8.801674	1.087482	0.03488267
81600	-296.5963	-288.1429	-8.453341	1.053797	0.03400765
81800	-300.1411	-289.9776	-10.16354	0.9850709	0.2680149
82000	-296.0068	-287.5376	-8.469161	0.9228634	0.1682841
82200	-297.6371	-292.3095	-5.327626	0.6824029	0.08996782
82400	-298.3215	-291.3462	-6.975346	0.672927	0.2643679
82600	-299.1037	-287.5492	-11.55449	1.298467	0.1014299
82800	-296.2244	-291.3511	-4.873335	0.6644521	0.06394584
83000	-295.8873	-287.8624	-8.024898	0.9850582	0.0591103
83200	-296.9459	-291.5527	-5.39321	0.7062332	0.07437633
83400	-295.501	-288.0534	-7.447617	0.8524996	0.1356478
83600	-294.5198	-287.7896	-6.730177	0.9117406	0.002127576
83800	-299.9533	-290.286	-9.667209	1.116901	0.09058145
84000	-297.1913	-287.7801	-9.411204	0.8841024	0.3076628
84200	-296.8931	-290.3566	-6.536506	0.8006824	0.09534927
84400	-296.2246	-290.0845	-6.140137	0.8214556	0.03324413
84600	-294.6692	-287.4341	-7.235089	0.9011768	0.06459956
84800	-302.3467	-289.739	-12.60764	0.9728327	0.540133
85000	-294.8583	-287.5378	-7.320501	0.9673782	0.005690811
85200	-295.3782	-285.8909	-9.487239	1.183413	0.006354376
85400	-296.0168	-290.3297	-5.687087	0.7525339	0.05878742
85600	-296.6097	-288.676	-7.933781	0.8787683	0.1565745
85800	-298.694	-286.2862	-12.40788	1.191493	0.3002751
86000	-297.3912	-292.1392	-5.251991	0.6766144	0.08832518
86200	-296.0488	-287.5859	-8.462926	0.9854832	0.105186
86400	-299.939	-293.6281	-6.310952	0.5918329	0.2815348
86600	-296.5294	-287.219	-9.310412	1.147657	0.02512349
86800	-294.2928	-286.8485	-7.444255	0.9569503	0.02913496
87000	-296.4549	-289.4449	-7.010001	0.8642221	0.07760604
87200	-297.5341	-292.8985	-4.635618	0.6872947	0.01749372
87400	-295.5707	-288.0821	-7.488564	0.8496567	0.1423746
87600	-298.5232	-288.623	-9.900226	0.8758736	0.3574185
87800	-294.3158	-286.3955	-7.92034	1.021651	0.01159553
88000	-299.2179	-291.1667	-8.051234	0.7386004	0.3044971
88200	-297.6153	-288.7258	-8.889492	1.041931	0.08893799
88400	-297.1686	-289.7769	-7.391756	0.935632	0.04410726
88600	-294.789	-287.0355	-7.753516	0.9581774	0.05951837
88800	-295.9785	-287.5809	-8.397605	1.023973	0.05761294
89000	-298.0461	-289.0435	-9.002649	0.9606872	0.1816357
89200	-295.4882	-286.1665	-9.321687	1.153878	0.01989783
89400	-294.6083	-287.6563	-6.952074	0.9227796	0.01372651
89600	-296.9235	-287.839	-9.084489	1.135851	0.01395452
89800	-294.1847	-287.8934	-6.291336	0.8504804	0.01999422
90000	-298.1537	-288.4182	-9.735546	1.211659	0.002747976
90200	-295.109	-287.7973	-7.31172	0.9659293	0.006182012
90400	-296.5872	-291.0631	-5.524143	0.7422531	0.05154663
90600	-300.2154	-290.8691	-9.346387	0.8259746	0.3527629
90800	-295.4495	-289.46	-5.989514	0.7603653	0.08137816
91000	-295.7607	-287.8272	-7.933476	0.9830069	0.05213449
91200	-294.7939	-287.3533	-7.440644	0.9205328	0.06585141
91400	-295.0544	-286.9068	-8.147651	0.9999379	0.05795855
91600	-296.4523	-288.7931	-7.659142	0.9453265	0.06378469
91800	-296.2011	-286.3232	-9.877947	1.156746	0.07434981
92000	-299.7424	-292.3414	-7.40099	0.928928	0.05242659
92200	-297.2006	-288.5494	-8.651255	1.047576	0.05879573
92400	-297.6866	-286.8118	-10.87478	1.325626	0.002745528
92600	-295.8948	-286.2932	-9.601519	1.043366	0.1630764
92800	-295.4374	-288.7353	-6.702142	0.8874941	0.02369638
93000	-299.015	-289.4465	-9.568416	0.9851856	0.2188382
93200	-296.7537	-286.039	-10.71464	1.111135	0.2084415
93400	-297.4861	-289.844	-7.642053	0.9446768	0.06276237
93600	-296.133	-289.4122	-6.720777	0.8603822	0.05421706
93800	-300.1629	-288.1094	-12.05354	0.8821489	0.578161
94000	-297.7269	-286.7906	-10.93628	1.00256	0.3449278
94200	-295.8767	-288.9342	-6.942449	0.8428827	0.0931215
94400	-294.6983	-288.3041	-6.394263	0.8709318	0.009561151
94600	-294.9409	-289.0011	-5.939811	0.8052408	0.03050207
94800	-299.1177	-288.7545	-10.36323	0.9605473	0.3271471
95000	-299.0717	-289.0156	-10.05604	0.8690761	0.3838455
95200	-299.7625	-293.2679	-6.49464	0.8522451	0.03882023
95400	-298.9021	-288.8469	-10.05519	1.023164	0.2329545
95600	-297.0496	-287.7041	-9.345546	0.9761334	0.2081406
95800	-295.6459	-289.8047	-5.841191	0.7962425	0.02964937
96000	-298.381	-292.724	-5.65698	0.6374163	0.1687325
96200	-299.9803	-290.3428	-9.637508	0.7086481	0.5007011
96400	-297.4659	-285.8052	-11.66064	1.377601	0.03083168
96600	-299.3236	-288.9666	-10.35696	1.132195	0.1513021
96800	-296.354	-290.0868	-6.267238	0.767782	0.1007506
97000	-295.3975	-286.6786	-8.718923	1.060279	0.05403758
97200	-294.6618	-287.8296	-6.832197	0.8896373	0.03540175
97400	-294.6266	-286.6496	-7.977017	1.002866	0.03690529
97600	-294.1876	-286.5726	-7.61501	1.002234	6.379995e-05
97800	-296.6771	-292.1721	-4.505004	0.6419345	0.04995996
98000	-297.1244	-288.9498	-8.17462	0.8619325	0.2041367
98200	-299.0768	-288.4247	-10.65206	0.9349034	0.3748194
98400	-296.3097	-289.7617	-6.547974	0.8918691	0.003810084
98600	-296.5018	-289.0332	-7.468574	0.9606786	0.02753412
98800	-295.4948	-286.6692	-8.82558	1.101589	0.02274126
99000	-299.0371	-288.2344	-10.80268	1.203314	0.1199063
99200	-296.9963	-290.4184	-6.577916	0.8300823	0.06802001
99400	-294.4254	-286.5713	-7.854119	1.016544	0.009972098
99600	-296.0127	-286.4681	-9.544599	1.024232	0.177925
99800	-294.9879	-288.2767	-6.711161	0.8573545	0.05562041
100000	-300.2501	-292.9634	-7.286734	0.8326333	0.1414686
100200	-302.0052	-292.4738	-9.531465	0.7687285	0.4327035
100400	-296.5239	-290.1098	-6.41406	0.7188692	0.1642212
100600	-295.985	-288.4405	-7.544548	0.8413375	0.1565555
100800	-294.5571	-287.2831	-7.273977	0.9579015	0.01065971
101000	-297.3741	-289.5779	-7.796146	0.932532	0.0886216
101200	-299.0204	-291.3886	-7.631796	0.813863	0.18654
101400	-299.115	-289.5932	-9.521848	0.9679466	0.2235206
101600	-296.2766	-289.4857	-6.790925	0.8366749	0.08322567
101800	-295.1652	-287.6467	-7.518545	0.9024278	0.0921861
102000	-299.1151	-289.8855	-9.229615	0.7315003	0.4345338
102200	-296.0198	-290.4505	-5.569281	0.7922786	0.005434937
102400	-295.1095	-287.3302	-7.779317	0.9740967	0.04616655
102600	-296.9664	-288.307	-8.659386	1.009505	0.09832164
102800	-299.559	-290.5254	-9.03352	0.8502585	0.2897796
103000	-296.735	-291.4915	-5.243565	0.7319004	0.03343451
103200	-295.5746	-287.3626	-8.211987	1.036817	0.02584779
103400	-294.9559	-286.7524	-8.20344	0.9998062	0.06374423
103600	-297.2233	-293.6762	-3.547146	0.589599	0.005926266
103800	-294.931	-287.4795	-7.451536	0.883767	0.105071
104000	-295.6575	-287.9635	-7.69401	0.8571361	0.1576936
104200	-296.6125	-287.4753	-9.137229	0.9427806	0.2189349
104400	-294.7401	-287.4533	-7.286793	0.9114302	0.06010232
104600	-297.2565	-289.2582	-7.998324	0.954008	0.09091037
104800	-295.8306	-288.3806	-7.449966	0.9347242	0.05161143
105000	-295.8869	-289.5171	-6.3698	0.7774842	0.1022624
105200	-295.8641	-287.4805	-8.38367	1.071932	0.007441005
105400	-297.197	-288.4596	-8.737313	0.872035	0.2448831
105600	-295.6427	-286.9838	-8.658904	0.9647349	0.1461451
105800	-299.2377	-288.2364	-11.00132	1.303902	0.03819171
106000	-295.8001	-290.8771	-4.922952	0.6841063	0.0495578
106200	-297.9336	-290.8365	-7.0971	0.7648329	0.1857222
106400	-296.3474	-290.8619	-5.485469	0.7271031	0.06196257
106600	-296.2985	-288.214	-8.084476	0.9033301	0.1477897
106800	-298.2499	-286.0046	-12.24532	1.312358	0.1607702
107000	-294.9829	-286.1401	-8.842781	1.11282	0.01269608
107200	-296.1385	-291.6887	-4.449747	0.6629618	0.02313092
107400	-295.3592	-289.4805	-5.878708	0.8056147	0.02323588
107600	-294.6377	-288.2036	-6.434078	0.8306417	0.05501361
107800	-297.235	-291.2175	-6.017557	0.8278737	0.01482293
108000	-294.9112	-287.4295	-7.481763	0.9095225	0.08195214
108200	-302.7808	-297.1236	-5.657255	0.6752024	0.1313531
108400	-295.5599	-290.0467	-5.513194	0.7570772	0.03507935
108600	-297.8968	-289.3817	-8.515108	0.8709409	0.2226105
108800	-296.3105	-289.409	-6.901485	0.8100119	0.1212304
109000	-298.7211	-292.8651	-5.855998	0.8059688	0.02023367
109200	-295.6148	-290.7043	-4.910425	0.711842	0.02048319
109400	-299.1527	-292.2933	-6.859366	0.7458534	0.1803243
109600	-296.5145	-288.4647	-8.049849	0.9364402	0.1105086
109800	-294.85	-286.5526	-8.29733	1.067169	0.003511859
110000	-294.5776	-287.3713	-7.206315	0.929963	0.03217401
110200	-294.619	-287.9349	-6.684096	0.8988336	0.01060677
110400	-294.4017	-286.7437	-7.658012	0.9736067	0.03412359
110600	-295.4458	-288.85	-6.595791	0.839216	0.06259598
110800	-294.8458	-285.8469	-8.998901	1.139268	0.001478066
111000	-294.4417	-286.6963	-7.745461	1.008585	0.007043051
111200	-297.6201	-287.7027	-9.917412	0.9011064	0.3425829
111400	-299.875	-287.4898	-12.38524	1.030803	0.4603331
111600	-298.0956	-291.0901	-7.005491	0.9101352	0.03033002
111800	-295.0466	-288.5524	-6.494226	0.8328529	0.05808597
112000	-294.3744	-288.8825	-5.491966	0.7838589	0.006279847
112200	-297.3571	-293.1196	-4.237455	0.6527294	0.01168771
112400	-296.084	-290.4723	-5.611709	0.744712	0.05837647
112600	-295.8862	-288.0889	-7.797289	0.9692964	0.05279004
112800	-297.6898	-290.6361	-7.053739	0.807385	0.1386371
113000	-298.9155	-293.3025	-5.61306	0.7759638	0.02553358
113200	-296.0946	-290.1176	-5.977012	0.7125393	0.1272631
113400	-296.2001	-286.9854	-9.214712	1.138035	0.02501906
113600	-296.9301	-289.8494	-7.080654	0.8814941	0.0677745
113800	-299.4577	-289.6884	-9.769378	1.011729	0.2078387
114000	-295.1676	-288.7117	-6.45593	0.8278343	0.06039138
114200	-297.9689	-287.9398	-10.02906	1.125242	0.1236129
114400	-297.7285	-286.538	-11.19048	1.288633	0.07422529
114600	-295.4549	-286.6396	-8.815315	1.060384	0.06396152
114800	-294.5981	-286.3172	-8.28085	1.040882	0.02910458
115000	-294.7947	-287.4049	-7.389793	0.9342401	0.04652571
115200	-297.1998	-291.1083	-6.091484	0.6766297	0.1750659
115400	-295.146	-289.0212	-6.124777	0.7936973	0.06126604
115600	-300.06	-287.5051	-12.55485	1.358782	0.14663
115800	-295.324	-287.6463	-7.677659	1.006527	0.002132661
116000	-294.8857	-286.7757	-8.109956	1.034744	0.0175243
116200	-294.8062	-287.6277	-7.178473	0.9310128	0.02878687
116400	-296.5395	-290.1191	-6.420454	0.8316568	0.05324065
116600	-295.6565	-289.444	-6.21251	0.7850029	0.07791799
116800	-298.1442	-290.1681	-7.976134	0.9162426	0.1209994
117000	-297.5355	-288.6379	-8.897555	0.8518697	0.2836772
117200	-297.8034	-286.7714	-11.03204	1.270141	0.07647745
117400	-298.0633	-290.4083	-7.654954	0.9884276	0.0174467
117600	-294.9178	-286.4973	-8.420562	1.023556	0.06133859
117800	-295.9537	-288.2422	-7.711485	0.9960558	0.0160705
118000	-295.4815	-287.8935	-7.587949	0.9324546	0.06867327
118200	-295.9348	-286.4245	-9.510372	1.136145	0.05829405
118400	-295.872	-287.4786	-8.393421	0.9470507	0.1356078
118600	-295.8577	-286.8451	-9.012671	1.119301	0.02345485
118800	-296.6296	-291.0621	-5.567546	0.7642682	0.03454466
119000	-296.8066	-287.4475	-9.359121	0.8997629	0.2851399
119200	-296.1033	-289.7017	-6.401608	0.8362322	0.04526609
119400	-297.0319	-290.9677	-6.064264	0.7412388	0.1069936
119600	-296.9724	-290.1509	-6.821465	0.8307874	0.09439761
119800	-296.3734	-289.4094	-6.963953	0.9140031	0.0233334
120000	-294.9347	-287.2818	-7.652914	0.9468531	0.06060754
120200	-296.1616	-287.9534	-8.208167	0.891375	0.1741888
120400	-299.2076	-286.7837	-12.42388	1.003193	0.4987027
120600	-297.4456	-288.5	-8.945629	1.089451	0.04840066
120800	-297.9952	-290.2647	-7.73049	0.9788612	0.03448199
121000	-300.6107	-288.5758	-12.03487	0.8640926	0.5942715
121200	-296.831	-290.4784	-6.352608	0.7576899	0.1198135
121400	-295.411	-288.2069	-7.204168	0.9311718	0.03057785
121600	-294.4276	-289.0581	-5.369514	0.7736876	0.004113676
121800	-298.1837	-288.7061	-9.477593	1.021747	0.1685547
122000	-297.2082	-286.5513	-10.65697	1.269921	0.03798877
122200	-297.5931	-291.1159	-6.477141	0.8870547	0.001419771
122400	-300.2855	-293.0582	-7.227316	0.7906667	0.1791977
122600	-296.9026	-290.2127	-6.689857	0.7872766	0.1227602
122800	-298.1778	-288.3445	-9.833391	0.9961919	0.2322101
123000	-295.6086	-286.0339	-9.574663	1.185924	0.01285495
123200	-294.7312	-286.9824	-7.748744	0.9996997	0.01645156
123400	-295.9559	-286.9043	-9.05157	1.079535	0.06821195
123600	-296.3092	-288.5993	-7.709907	0.9945616	0.0177291
123800	-295.9396	-288.0251	-7.914526	0.9711175	0.06221663
124000	-295.196	-290.0763	-5.119706	0.7340276	0.018799
124200	-295.2631	-286.5606	-8.702407	1.039109	0.07455144
124400	-294.3175	-286.6025	-7.715002	1.000817	0.01192033
124600	-297.0293	-288.0454	-8.983873	1.001881	0.1390883
124800	-296.6808	-289.6903	-6.99049	0.8308531	0.110139
125000	-295.072	-286.729	-8.343013	1.041712	0.03431695
125200	-295.0838	-288.4954	-6.588418	0.8271847	0.07341292
125400	-296.4245	-290.8593	-5.565251	0.7797227	0.01741578
125600	-295.6303	-288.0191	-7.611198	0.9906797	0.01139168
125800	-296.5111	-286.9088	-9.602273	1.148513	0.05472327
126000	-295.9957	-286.5708	-9.424835	1.133472	0.05133628
126200	-298.0308	-293.7346	-4.296179	0.6445468	0.02536489
126400	-297.9457	-291.0952	-6.850484	0.910185	0.0152297
126600	-296.6317	-291.1463	-5.485403	0.7494813	0.04009348
126800	-298.5714	-290.8116	-7.759834	0.8646997	0.1493293
127000	-295.3232	-288.0885	-7.234651	0.9436486	0.02106875
127200	-301.6681	-290.5022	-11.16592	1.320627	0.036018
127400	-296.9369	-289.5061	-7.430723	0.7829726	0.2024743
127600	-296.8035	-286.7522	-10.05131	1.057988	0.195283
127800	-297.7371	-289.0389	-8.698264	1.071015	0.04169579
128000	-301.3938	-294.1186	-7.275148	0.7222599	0.2398941
128200	-296.2357	-288.1292	-8.106484	0.9625725	0.09021499
128400	-295.8443	-289.0056	-6.838684	0.8279692	0.09946819
128600	-297.1542	-289.4152	-7.738969	0.8003213	0.2188601
128800	-297.5894	-293.2339	-4.355506	0.6176348	0.05813871
129000	-294.9144	-287.6428	-7.271577	0.9569362	0.01128603
129200	-299.5818	-289.8324	-9.749407	0.8916724	0.3248518
129400	-294.733	-286.5625	-8.170469	1.016785	0.04259108
129600	-298.0836	-285.9583	-12.12526	1.324568	0.1347309
129800	-296.1267	-289.0406	-7.086035	0.8986536	0.05195564
130000	-296.1704	-287.3913	-8.779098	1.109399	0.009672893
130200	-295.4653	-288.6817	-6.783586	0.8591294	0.06101218
130400	-295.2091	-289.2502	-5.958948	0.8006311	0.03636556
130600	-295.8565	-286.9758	-8.880657	1.001811	0.1305319
130800	-296.5523	-290.0045	-6.547809	0.724973	0.172071
131000	-295.2375	-289.2808	-5.956695	0.8082784	0.02835072
131200	-296.2758	-286.8921	-9.383672	1.011492	0.1718407
131400	-301.0433	-286.9936	-14.04971	1.478968	0.1732902
131600	-297.5837	-287.1677	-10.41593	0.9986154	0.29039
131800	-295.6642	-289.87	-5.794205	0.7299927	0.09186905
132000	-297.1781	-288.6161	-8.561977	0.9198844	0.1818031
132200	-295.141	-289.3151	-5.825905	0.797547	0.02601879
132400	-297.0571	-288.2626	-8.794537	1.058448	0.06336739
132600	-294.7389	-288.037	-6.701931	0.8882952	0.02334085
132800	-294.642	-288.4039	-6.238128	0.8522424	0.01255227
133000	-298.1034	-291.1746	-6.928766	0.9257721	0.007661476
133200	-295.15	-287.1848	-7.965236	1.027895	0.009656556
133400	-295.2486	-288.6945	-6.554054	0.8496521	0.04747528
133600	-296.0449	-285.9716	-10.07326	1.240497	0.008051509
133800	-295.1524	-287.9898	-7.162602	0.8677574	0.09114999
134000	-295.9568	-291.4744	-4.482391	0.6579303	0.03130439
134200	-298.1896	-291.8061	-6.383527	0.679075	0.1982594
134400	-297.522	-290.0922	-7.429842	0.8969003	0.08624249
134600	-296.4279	-292.2116	-4.216269	0.6312371	0.03126575
134800	-300.5522	-292.8193	-7.732837	0.8577862	0.1508805
135000	-294.6947	-288.9974	-5.697246	0.7740522	0.03722396
135200	-296.9758	-287.4838	-9.491993	0.8845459	0.3136905
135400	-300.3102	-288.8123	-11.49795	0.9145711	0.4874432
135600	-295.8904	-291.0627	-4.827774	0.7067637	0.01718737
135800	-296.7706	-289.4012	-7.369403	0.7875652	0.1931795
136000	-296.9919	-288.7715	-8.220387	0.8140467	0.2544608
136200	-296.2525	-288.766	-7.486486	0.871431	0.1189978
136400	-297.7094	-290.1572	-7.552159	0.8530612	0.1488985
136600	-304.4281	-294.1486	-10.27947	0.9222978	0.3392721
136800	-297.4515	-289.3252	-8.126315	0.9837902	0.06966758
137000	-296.0794	-286.569	-9.510403	1.003516	0.1950981
137200	-297.0155	-291.4192	-5.59626	0.7201962	0.07937663
137400	-296.135	-286.6205	-9.514465	0.9843493	0.2149065
137600	-295.0293	-289.6463	-5.383046	0.7379201	0.04177514
137800	-294.2389	-287.5035	-6.735389	0.8966878	0.01804439
138000	-297.4455	-290.1833	-7.262209	0.7631909	0.2035133
138200	-297.022	-286.9994	-10.02268	1.047273	0.2013907
138400	-299.6504	-290.6083	-9.042135	1.075315	0.07079349
138600	-301.3739	-289.7851	-11.58877	1.358137	0.04205945
138800	-294.6154	-287.0518	-7.563591	0.9778373	0.02013401
139000	-295.5283	-287.1845	-8.343838	0.9777496	0.1013879
139200	-297.2896	-288.1981	-9.091576	0.8855029	0.2704276
139400	-295.3279	-286.7786	-8.549316	1.062176	0.03466011
139600	-295.0993	-287.0405	-8.05879	1.000157	0.04856379
139800	-299.8025	-292.3018	-7.50072	0.8182193	0.1697412
140000	-294.605	-288.5216	-6.083431	0.8030605	0.04689153
140200	-294.564	-287.4583	-7.105674	0.8930055	0.06019396
140400	-295.6457	-287.2072	-8.438494	0.9227274	0.166113
140600	-297.4748	-292.3702	-5.104593	0.729514	0.02126244
140800	-295.3777	-287.1239	-8.253757	0.9301339	0.1407184
141000	-296.1936	-286.8118	-9.381775	1.050373	0.1339537
141200	-295.7283	-287.0026	-8.725677	1.102389	0.01143679
141400	-294.8834	-288.8283	-6.055059	0.8443769	0.001949682
141600	-295.5838	-288.8657	-6.718132	0.8135436	0.09994127
141800	-295.5918	-285.6691	-9.922777	1.225483	0.007939568
142000	-296.3339	-290.0802	-6.253695	0.8334764	0.03250029
142200	-298.7503	-292.0074	-6.742931	0.6709229	0.2485577
142400	-294.5595	-287.4467	-7.112815	0.8870566	0.06685873
142600	-294.4898	-286.1624	-8.327354	1.066082	0.007732356
142800	-297.5418	-292.1404	-5.401366	0.7158967	0.06454765
143000	-297.0408	-289.347	-7.693846	0.987323	0.02283235
143200	-296.0085	-286.8081	-9.20039	1.124174	0.03846966
143400	-298.0821	-291.4138	-6.668282	0.7359586	0.1753631
143600	-298.5232	-290.2019	-8.321351	1.01022	0.06529233
143800	-295.207	-289.7492	-5.457719	0.7629217	0.02433679
144000	-296.9879	-292.2178	-4.770071	0.6761106	0.04115633
144200	-296.9529	-286.0742	-10.87874	1.254894	0.07686867
144400	-297.0334	-289.3057	-7.727711	0.8364565	0.177398
144600	-297.4003	-290.8658	-6.534525	0.8898697	0.004289944
144800	-299.6242	-290.4122	-9.212058	0.9734014	0.1898529
145000	-298.3817	-291.4724	-6.90928	0.9220798	0.00966021
145200	-296.7779	-288.9331	-7.844774	0.8018788	0.2300271
145400	-295.1555	-288.0662	-7.089286	0.8702323	0.08109301
145600	-295.0488	-288.4511	-6.597714	0.8739312	0.02697869
145800	-299.752	-293.4585	-6.293572	0.7877555	0.08188952
146000	-294.6167	-287.3549	-7.261798	0.9646349	0.002393367
146200	-296.0967	-286.9736	-9.123096	1.059279	0.09634628
146400	-294.9552	-287.5026	-7.452622	0.9531291	0.03357342
146600	-297.5461	-288.1724	-9.373706	1.031098	0.1488203
146800	-294.9537	-288.8581	-6.095539	0.8497644	0.0005964071
147000	-298.9025	-286.3551	-12.54744	1.353144	0.1478191
147200	-295.181	-287.9333	-7.247796	0.8548499	0.1128273
147400	-296.4175	-287.071	-9.346426	1.051502	0.1270581
147600	-297.5597	-287.7122	-9.84754	1.054156	0.1763841
147800	-298.7393	-288.577	-10.16239	1.058037	0.2003686
148000	-294.1455	-288.2079	-5.937561	0.8274578	0.007230572
148200	-294.4726	-286.3521	-8.120424	1.030122	0.02354993
148400	-300.3027	-294.6267	-5.67599	0.6414452	0.1615066
148600	-298.7268	-294.0727	-4.654161	0.6425265	0.06492873
148800	-295.2228	-286.2996	-8.923165	1.062084	0.07346479
149000	-298.4087	-286.3829	-12.02576	1.323587	0.1248933
149200	-295.8279	-287.7792	-8.048682	0.9068924	0.1428137
149400	-295.8094	-289.9219	-5.887435	0.792331	0.03831718
149600	-294.5287	-286.7066	-7.822005	0.9964489	0.02737919
149800	-296.8166	-289.5951	-7.221523	0.9477058	0.01525513
150000	-295.4482	-287.2992	-8.14899	0.911887	0.1486012
150200	-296.3761	-290.639	-5.737119	0.763323	0.05081657
150400	-295.878	-286.5875	-9.29053	1.082492	0.09123394
150600	-296.1314	-287.5879	-8.543503	0.8809303	0.2205272
150800	-295.3535	-287.0467	-8.306824	0.9420349	0.1338632
151000	-296.3384	-287.6098	-8.728575	1.029647	0.0860391
151200	-295.7745	-287.0909	-8.683604	0.9322477	0.1824567
151400	-295.9945	-288.6486	-7.345978	0.9710142	0.004527503
151600	-295.3911	-289.8968	-5.494272	0.7427261	0.04874284
151800	-296.1975	-290.7022	-5.495372	0.7872945	0.003156435
152000	-296.335	-289.3818	-6.953199	0.7630243	0.1747295
152200	-294.9889	-287.1795	-7.809429	1.018892	0.002911467
152400	-302.552	-298.2193	-4.332726	0.6177077	0.05524736
152600	-297.0253	-290.8865	-6.138739	0.7390647	0.1191309
152800	-301.3519	-290.9438	-10.4081	0.7438276	0.5494024
153000	-294.7522	-288.3505	-6.401692	0.8353886	0.04633412
153200	-298.4057	-294.005	-4.400752	0.675053	0.005640076
153400	-297.2087	-288.9009	-8.307795	0.775401	0.301046
153600	-298.2898	-291.8113	-6.478546	0.7637586	0.1241448
153800	-295.3241	-288.6644	-6.659627	0.8097051	0.09880415
154000	-295.2862	-288.1761	-7.110118	0.931145	0.02128233
154200	-296.1867	-289.8873	-6.299404	0.8209473	0.05145373
154400	-297.6267	-290.793	-6.833695	0.9075217	0.01629348
154600	-298.9516	-288.2536	-10.69792	0.8189927	0.5007135
154800	-296.387	-290.9626	-5.42437	0.6822013	0.1013977
155000	-303.1003	-290.7588	-12.34147	1.276406	0.2009028
155200	-297.1031	-287.4298	-9.673224	0.8935031	0.3223382
155400	-298.7537	-288.1151	-10.63854	1.15852	0.1486712
155600	-295.8624	-285.6728	-10.18957	1.25491	0.005061958
155800	-294.8438	-287.6128	-7.231032	0.8947959	0.0710743
156000	-296.3357	-288.0201	-8.315607	0.9427656	0.1313941
156200	-298.4394	-294.7581	-3.681329	0.6005821	0.008411442
156400	-297.5783	-286.298	-11.28026	1.132106	0.2475417
156600	-294.5653	-288.1889	-6.376399	0.8500503	0.02922404
156800	-300.7614	-287.0736	-13.68777	1.107939	0.5125409
157000	-296.8555	-288.4753	-8.380263	0.9579868	0.1230708
157200	-296.8841	-286.6019	-10.28216	1.182983	0.08916265
157400	-295.2882	-288.9836	-6.304579	0.79384	0.07966134
157600	-294.5141	-287.3485	-7.165628	0.9115836	0.04709931
157800	-294.5041	-287.1723	-7.33179	0.9655975	0.008624428
158000	-298.6608	-288.1962	-10.46469	0.9526489	0.3383917
158200	-296.8284	-285.6063	-11.22203	1.21625	0.1534384
158400	-298.87	-288.2235	-10.64656	0.8603549	0.4517547
158600	-296.1756	-289.2424	-6.9332	0.8867078	0.04783362
158800	-294.8813	-286.4485	-8.432782	1.018633	0.06770232
159000	-297.0743	-287.3789	-9.695414	0.9853738	0.2292193
159200	-296.4324	-285.9537	-10.4787	1.226411	0.06480963
159400	-297.6787	-286.5387	-11.13999	1.316898	0.03926715
159600	-296.972	-288.0858	-8.886147	0.8563792	0.2769304
159800	-296.4263	-288.1455	-8.280871	0.8913246	0.1799672
160000	-294.8702	-288.801	-6.069265	0.8133776	0.03516774
160200	-297.4342	-290.3523	-7.081905	0.8176172	0.1308854
160400	-301.3099	-286.6109	-14.69894	1.086292	0.6414492
160600	-299.1992	-289.3988	-9.800339	1.011554	0.210132
160800	-298.1361	-289.7575	-8.378657	1.032931	0.04534909
161000	-294.7465	-287.8008	-6.945676	0.9054959	0.03051649
161200	-294.8781	-288.455	-6.423101	0.8430762	0.04067251
161400	-295.4319	-286.975	-8.456983	1.019872	0.06910191
161600	-298.6362	-289.1085	-9.527734	0.9655641	0.2338855
161800	-299.506	-288.9554	-10.55058	0.8652754	0.4323289
162000	-298.9959	-289.9395	-9.056403	0.9090031	0.2376607
162200	-294.9398	-287.4865	-7.453234	0.9130534	0.07557638
162400	-295.5439	-287.8084	-7.735461	0.892786	0.1236127
162600	-297.7524	-287.4754	-10.27703	1.092693	0.1852725
162800	-294.7155	-287.6036	-7.111846	0.8992944	0.05454096
163000	-296.428	-287.2773	-9.150762	0.9052958	0.2570103
163200	-296.6155	-291.5975	-5.017952	0.7211815	0.02189225
163400	-295.0365	-289.2692	-5.767348	0.7922869	0.02588036
163600	-299.3856	-287.7995	-11.58606	1.277282	0.1270756
163800	-296.2369	-289.481	-6.75593	0.8809193	0.03650151
164000	-296.3727	-286.8877	-9.485012	1.059387	0.1333029
164200	-295.7306	-286.4489	-9.281724	1.132501	0.03763707
164400	-294.6117	-287.8368	-6.774933	0.8679534	0.05180222
164600	-294.6787	-288.5824	-6.096274	0.7973189	0.05406612
164800	-294.4053	-287.4916	-6.913673	0.9096665	0.02316126
165000	-294.3331	-287.0632	-7.269854	0.9570214	0.01104715
165200	-297.0983	-286.6363	-10.46201	1.187444	0.1027749
165400	-294.8987	-288.3926	-6.506018	0.8111448	0.08223684
165600	-295.8846	-288.766	-7.118615	0.9139592	0.0389681
165800	-298.5305	-289.6078	-8.922727	1.108258	0.02451799
166000	-294.983	-287.5326	-7.45042	0.9283207	0.05865023
166200	-294.5555	-288.5465	-6.00897	0.7982573	0.04436
166400	-295.6419	-288.8355	-6.806426	0.8833053	0.03899468
166600	-294.8422	-287.9734	-6.868822	0.8912971	0.03726654
166800	-301.8992	-289.039	-12.86016	1.423	0.1055844
167000	-294.3906	-287.5662	-6.824418	0.9018669	0.02214373
167200	-295.2777	-288.169	-7.108702	0.848037	0.1053178
167400	-296.1008	-288.2232	-7.877601	0.9177142	0.1127285
167600	-296.0714	-290.4651	-5.606332	0.7317619	0.06990109
167800	-294.9317	-289.6322	-5.299515	0.7503602	0.02064746
168000	-296.6679	-286.6622	-10.00565	1.08524	0.1636552
168200	-297.143	-287.8346	-9.3084	0.8637511	0.3163969
168400	-297.2964	-290.685	-6.611364	0.8506986	0.0534787
168600	-297.7832	-289.9584	-7.824837	0.7863992	0.2380275
168800	-299.4271	-289.9943	-9.432825	1.148718	0.03467014
169000	-296.5471	-290.3037	-6.243433	0.7921249	0.07499391
169200	-295.4089	-289.4063	-6.002577	0.7760505	0.06546976
169400	-301.7101	-288.3963	-13.31385	1.092998	0.4826454
169600	-297.9929	-290.0959	-7.89705	0.9286652	0.1015285
169800	-294.8612	-288.1726	-6.688651	0.8686488	0.04244867
170000	-296.1975	-287.3208	-8.87673	1.045188	0.08593859
170200	-298.7006	-294.4538	-4.246798	0.6622814	0.003093592
170400	-295.4417	-287.9911	-7.450562	0.9402159	0.04658507
170600	-295.793	-288.3552	-7.437798	0.870168	0.1176916
170800	-296.2171	-288.3247	-7.892426	0.9668602	0.06507146
171000	-296.847	-285.8371	-11.0099	1.147536	0.2028679
171200	-296.7039	-290.3685	-6.335462	0.8308601	0.0436891
171400	-299.0867	-289.6619	-9.424818	0.7641807	0.4194407
171600	-299.2192	-287.8406	-11.37859	1.261836	0.1191856
171800	-297.7394	-289.3589	-8.380516	0.9728631	0.1070319
172000	-295.6651	-289.6932	-5.971825	0.8167489	0.02128059
172200	-295.2299	-289.1394	-6.090419	0.784797	0.06576304
172400	-295.6331	-289.2846	-6.348575	0.8233355	0.05249462
172600	-299.4451	-289.5215	-9.923592	1.174716	0.05716191
172800	-297.1985	-293.3844	-3.814055	0.5990327	0.02323333
173000	-294.4085	-288.2591	-6.149458	0.8428113	0.01312577
173200	-295.8877	-286.5385	-9.349252	1.049554	0.1316099
173400	-296.584	-289.1077	-7.476324	0.7921949	0.20128
173600	-296.4914	-286.883	-9.608475	0.987021	0.2206906
173800	-296.7036	-290.8299	-5.873751	0.807536	0.02145418
174000	-300.0388	-292.0274	-8.011366	1.024656	0.01714613
174200	-299.577	-292.3837	-7.193252	0.692631	0.271252
174400	-298.7847	-291.1079	-7.676839	0.9582761	0.05163954
174600	-294.9128	-288.8212	-6.091591	0.8338946	0.01631621
174800	-294.6178	-289.01	-5.607733	0.7987909	0.002823053
175000	-296.2721	-288.241	-8.031079	0.8968093	0.1487747
175200	-294.9742	-288.492	-6.482189	0.8564053	0.03351395
175400	-299.5594	-286.9164	-12.64302	1.286137	0.230226
175600	-297.1438	-286.4371	-10.70673	1.075247	0.2469753
175800	-294.4919	-287.3235	-7.168437	0.9006642	0.05872279
176000	-296.7649	-286.0655	-10.6994	1.162534	0.1556393
176200	-294.8716	-289.1215	-5.750057	0.7864725	0.0302009
176400	-295.8659	-288.6525	-7.213411	0.9535544	0.008670917
176600	-296.7412	-287.2816	-9.459568	0.9549664	0.2399565
176800	-300.6046	-286.8359	-13.76867	1.213944	0.4153059
177000	-298.8195	-288.9863	-9.833258	0.9563926	0.2736649
177200	-299.3099	-293.5606	-5.749381	0.7999772	0.01555659
177400	-299.9815	-292.2513	-7.730238	0.6596153	0.3494488
177600	-296.6503	-288.643	-8.0073	0.9995877	0.04229808
177800	-294.7866	-286.5775	-8.209152	1.003389	0.06063753
178000	-297.0757	-291.3888	-5.686882	0.770664	0.03982679
178200	-298.9985	-291.9088	-7.08968	0.8107351	0.1358786
178400	-298.6824	-290.757	-7.925345	0.9853295	0.04711238
178600	-297.3381	-289.8758	-7.46227	0.7381733	0.2542175
178800	-295.5048	-288.4997	-7.005095	0.9281656	0.01371184
179000	-296.7031	-286.1444	-10.55871	1.221631	0.07786173
179200	-298.9317	-292.0624	-6.869228	0.7728395	0.15135
179400	-295.9287	-290.5367	-5.392028	0.7104151	0.06978987
179600	-297.2841	-288.6634	-8.620711	0.8508667	0.2542496
179800	-294.706	-286.2978	-8.408231	1.03777	0.04556913
180000	-295.3227	-289.6432	-5.679517	0.7981387	0.01063523
180200	-294.8528	-286.9506	-7.902227	0.9500262	0.08372821
180400	-294.799	-288.752	-6.046953	0.8105172	0.03543162
180600	-296.3977	-286.8531	-9.544638	1.059819	0.1419501
180800	-295.8058	-287.5177	-8.288073	1.001465	0.06958785
181000	-295.8191	-287.7957	-8.023354	0.9333064	0.112338
181200	-294.5176	-287.7442	-6.773474	0.8894569	0.02923416
181400	-297.5891	-287.8506	-9.73852	1.148653	0.06772812
181600	-297.772	-286.0768	-11.69518	1.101571	0.3220389
181800	-295.5057	-288.4699	-7.035795	0.9121521	0.03318096
182000	-297.5273	-287.9088	-9.618417	0.8998447	0.3134995
182200	-296.4918	-289.5571	-6.934695	0.8000797	0.1346086
182400	-294.6002	-287.5607	-7.03952	0.8892773	0.05677126
182600	-296.8605	-291.2031	-5.657433	0.7041978	0.1048266
182800	-294.8099	-289.6212	-5.188738	0.7394231	0.02064562
183000	-298.8158	-291.1871	-7.628697	0.9904949	0.01388364
183200	-299.3668	-293.3343	-6.032541	0.8394362	0.004543605
183400	-297.3873	-288.6342	-8.753111	1.104355	0.01209189
183600	-298.9511	-292.9024	-6.048737	0.6681328	0.1760173
183800	-298.9272	-288.9187	-10.00848	0.7899768	0.4560248
184000	-295.6893	-288.6047	-7.084536	0.8971047	0.05255312
184200	-300.608	-289.7101	-10.89789	1.19125	0.1476281
184400	-294.9227	-289.0764	-5.846357	0.8234714	0.001978581
184600	-299.0873	-292.8828	-6.204427	0.8114481	0.04952753
184800	-298.8362	-289.7773	-9.058949	1.068225	0.07745077
185000	-294.5491	-286.5052	-8.043971	1.00723	0.03936799
185200	-294.7958	-286.6249	-8.170937	1.040047	0.01836959
185400	-294.8211	-286.5458	-8.27528	1.03305	0.03636065
185600	-294.8315	-288.4531	-6.378388	0.8574245	0.02155884
185800	-296.2453	-292.1866	-4.058661	0.6461734	0.0004949064
186000	-294.9643	-286.9342	-8.030128	0.987656	0.05786295
186200	-294.7532	-289.708	-5.045258	0.7429755	0.002372628
186400	-296.7809	-287.4721	-9.308774	1.135915	0.0377435
186600	-299.7139	-288.967	-10.74688	1.304087	0.01135871
186800	-302.5075	-295.6002	-6.907314	0.6960089	0.229742
187000	-294.8154	-288.8605	-5.954903	0.8107892	0.02623514
187200	-295.8192	-289.8462	-5.972989	0.8044018	0.03421503
187400	-296.9327	-289.9859	-6.946804	0.7220735	0.2164916
187600	-295.0683	-288.1997	-6.868596	0.9162763	0.01185381
187800	-295.3164	-286.4003	-8.916097	1.021392	0.1149051
188000	-299.0332	-289.6894	-9.343796	0.7667315	0.4123547
188200	-294.8841	-289.0489	-5.835188	0.7663679	0.0590198
188400	-295.3139	-286.639	-8.674873	1.06535	0.04486489
188600	-297.1304	-289.4584	-7.672079	0.7928848	0.2164767
188800	-295.9007	-290.0408	-5.859859	0.7568079	0.07212651
189000	-297.1609	-288.6373	-8.523579	0.8230607	0.2772522
189200	-296.3573	-289.424	-6.933293	0.9067848	0.02731383
189400	-296.1374	-287.3717	-8.765698	0.9444084	0.177507
189600	-294.6921	-286.4893	-8.202717	1.053448	0.007963462
189800	-294.4739	-286.8884	-7.585512	0.9905712	0.00905499
190000	-296.2893	-287.0457	-9.243623	1.056031	0.1118967
190200	-294.7591	-288.5007	-6.258435	0.8661174	0.0005264721
190400	-296.4277	-289.1155	-7.312251	0.9339363	0.03987212
190600	-294.7046	-288.4756	-6.229039	0.8617183	0.002046864
190800	-295.6059	-287.0478	-8.558117	0.9653884	0.1348151
191000	-296.027	-290.058	-5.969056	0.8210041	0.01669013
191200	-296.1825	-290.2154	-5.967019	0.7215128	0.1180576
191400	-298.8485	-290.1216	-8.726983	1.036668	0.0791185
191600	-296.3936	-286.9708	-9.422815	1.111545	0.07488744
191800	-295.2703	-287.758	-7.51228	0.9554923	0.03729424
192000	-295.8915	-287.9005	-7.990989	0.9930552	0.04878651
192200	-294.677	-287.0744	-7.602602	0.9999614	0.001120028
192400	-294.2014	-287.2552	-6.946181	0.9245904	0.01118812
192600	-296.6339	-291.8959	-4.737982	0.6528379	0.06164928
192800	-295.0929	-288.0359	-7.057	0.8585727	0.08984954
193000	-297.1388	-287.2244	-9.914386	0.9840244	0.2534755
193200	-296.842	-292.0836	-4.758462	0.691298	0.02610707
193400	-297.5067	-288.1609	-9.34577	1.056374	0.122834
193600	-296.0209	-285.7236	-10.29727	1.189142	0.08523112
193800	-301.7898	-291.74	-10.04975	0.8425474	0.4194348
194000	-296.5244	-291.051	-5.47344	0.7489002	0.03886277
194200	-294.4172	-288.0653	-6.351914	0.8557924	0.02078192
194400	-299.0805	-293.7065	-5.374089	0.745916	0.03167163
194600	-296.7404	-288.8765	-7.863831	0.9056804	0.1226214
194800	-298.5108	-290.1292	-8.381663	0.7415785	0.3369343
195000	-296.2596	-291.6067	-4.652855	0.6950633	0.01093799
195200	-296.1156	-288.5459	-7.569749	0.9882779	0.009956603
195400	-297.5472	-289.9105	-7.636649	0.7904689	0.2195058
195600	-297.2006	-286.5011	-10.69958	1.215953	0.09795221
195800	-294.3938	-288.8235	-5.570225	0.791744	0.006165062
196000	-295.9198	-288.5042	-7.415598	0.9604858	0.02252354
196200	-299.8627	-294.0336	-5.82918	0.7613341	0.06086908
196400	-295.0355	-288.9692	-6.066357	0.8402187	0.007333156
196600	-294.9214	-287.61	-7.311456	0.9311693	0.04246405
196800	-300.2714	-290.3979	-9.873529	1.103572	0.1255718
197000	-297.843	-289.7587	-8.084336	0.9878598	0.0643545
197200	-295.8401	-290.4672	-5.372922	0.7236253	0.05546985
197400	-297.4225	-289.3362	-8.08633	0.9699367	0.07967445
197600	-300.7227	-294.6355	-6.087159	0.5715453	0.2743055
197800	-295.5121	-287.1888	-8.323244	0.9288412	0.1479774
198000	-296.4767	-289.915	-6.561704	0.7620569	0.1349542
198200	-295.0959	-288.2201	-6.875765	0.9160716	0.01248889
198400	-295.6909	-288.1669	-7.524046	0.9899421	0.003298437
198600	-295.8575	-287.9664	-7.891171	0.8897807	0.1442973
198800	-299.4685	-287.9991	-11.46934	0.9320144	0.4735772
199000	-298.0849	-291.0723	-7.012526	0.8766767	0.06683137
199200	-296.7135	-288.1516	-8.561966	0.8965285	0.2072481
199400	-296.6355	-288.3643	-8.271142	1.006431	0.06300283
199600	-294.8549	-287.7867	-7.068201	0.8705557	0.07858487
199800	-295.3707	-290.5061	-4.864629	0.6968581	0.03077172
200000	-296.6446	-288.3077	-8.336971	0.9768063	0.09866306
