Iteration	Posterior	Likelihood	Prior	branch_rates	speciation_rate
0	-682.2009	-663.5457	-18.65524	0.3825438	0.06116048
200	-685.336	-666.5851	-18.75097	0.3452302	0.1111557
400	-683.2322	-665.1602	-18.07197	0.3564588	0.03222925
600	-686.6788	-664.0833	-22.59555	0.3261132	0.4727903
800	-681.1119	-662.2177	-18.89425	0.3384697	0.1171603
1000	-688.2887	-670.1605	-18.12823	0.387371	0.01052052
1200	-679.3204	-660.9843	-18.3361	0.3791735	0.03532713
1400	-678.8064	-660.9797	-17.82664	0.3262984	0.03774136
1600	-685.7668	-666.3419	-19.42484	0.3161814	0.1852028
1800	-678.003	-660.3184	-17.68464	0.3398866	0.01256368
2000	-687.4166	-669.4077	-18.00895	0.3056301	0.07308492
2200	-681.7425	-663.3621	-18.38036	0.3323736	0.08187696
2400	-680.408	-662.1667	-18.24125	0.3450546	0.05894982
2600	-678.4955	-660.8224	-17.67316	0.3126589	0.03577052
2800	-687.7696	-668.8273	-18.94232	0.3004976	0.1643126
3000	-685.7934	-667.797	-17.99642	0.3480228	0.03357857
3200	-683.6409	-665.339	-18.30191	0.3808159	0.03174101
3400	-681.9474	-664.3006	-17.64689	0.3288462	0.01909468
3600	-682.172	-661.5809	-20.59109	0.348047	0.2564879
3800	-686.8335	-668.3166	-18.51684	0.3545875	0.07366855
4000	-684.3991	-664.7462	-19.65293	0.3379023	0.1894425
4200	-681.7131	-662.3846	-19.32859	0.304915	0.184719
4400	-686.588	-667.8862	-18.70177	0.3191212	0.1209011
4600	-681.1523	-662.4049	-18.74742	0.3455695	0.1023665
4800	-679.5316	-661.8521	-17.67952	0.3255214	0.02562801
5000	-684.1131	-666.6499	-17.4632	0.3254331	0.006098964
5200	-683.0703	-665.3602	-17.71015	0.3004073	0.04946611
5400	-684.4662	-664.9047	-19.56155	0.370381	0.1507835
5600	-684.3078	-666.8378	-17.46996	0.3185504	0.01338514
5800	-684.4041	-666.7549	-17.64912	0.2808254	0.0612553
6000	-680.9546	-663.4766	-17.47802	0.3276716	0.005694083
6200	-678.5625	-661.4559	-17.10661	0.2763451	0.01742972
6400	-683.0008	-665.0471	-17.9537	0.364254	0.01543407
6600	-689.0946	-668.9808	-20.11384	0.3866306	0.1899385
6800	-682.011	-664.955	-17.05598	0.277518	0.01231521
7000	-683.5854	-663.8651	-19.72036	0.3909251	0.1465987
7200	-683.5149	-665.0617	-18.45323	0.3888088	0.03930086
7400	-686.412	-668.5525	-17.85947	0.3407838	0.02661356
7600	-684.9012	-665.6711	-19.23004	0.3718647	0.1229729
7800	-683.3549	-665.8791	-17.47582	0.3286585	0.00434683
8000	-683.2373	-664.5547	-18.6826	0.3471082	0.0959694
8200	-679.7278	-661.7018	-18.02599	0.3620096	0.02351935
8400	-683.6932	-665.4124	-18.28084	0.3584306	0.05015589
8600	-683.106	-665.5485	-17.55751	0.3098091	0.02821039
8800	-689.2657	-671.034	-18.23175	0.3791229	0.02660302
9000	-681.5106	-663.3527	-18.15783	0.3081052	0.08483835
9200	-684.1324	-666.137	-17.99545	0.3177029	0.06046858
9400	-684.9743	-664.9731	-20.00111	0.34602	0.2116464
9600	-682.8676	-665.0006	-17.86695	0.3180366	0.04841239
9800	-684.2314	-666.6067	-17.62474	0.3412131	0.006553301
10000	-681.005	-661.9484	-19.05656	0.3306577	0.1374632
10200	-684.9328	-667.0666	-17.86614	0.3343308	0.03360043
10400	-683.9918	-665.6687	-18.32309	0.3234969	0.08318196
10600	-685.8544	-667.4412	-18.41324	0.3471535	0.07038257
10800	-691.0373	-672.7342	-18.30302	0.3388365	0.06830651
11000	-679.6762	-661.9484	-17.72777	0.3411931	0.01514189
11200	-686.4787	-668.2148	-18.26385	0.3031445	0.09460149
11400	-687.6382	-669.4969	-18.14129	0.3399172	0.05344568
11600	-684.1873	-664.7543	-19.433	0.4199084	0.0992588
11800	-682.9929	-664.5142	-18.47866	0.4071609	0.02484613
12000	-683.2698	-665.2162	-18.05361	0.3275076	0.05862272
12200	-681.443	-663.0546	-18.38835	0.3818766	0.03738126
12400	-679.4516	-662.1406	-17.31096	0.3123563	0.004125802
12600	-688.0313	-668.935	-19.09635	0.4470758	0.04434414
12800	-685.14	-667.6698	-17.4702	0.3025348	0.02597874
13000	-683.6715	-666.0675	-17.60405	0.338681	0.00690476
13200	-681.1559	-663.3683	-17.78764	0.3480652	0.01514396
13400	-680.3445	-661.7685	-18.57603	0.3899129	0.04746886
13600	-689.7199	-669.7127	-20.00723	0.4150942	0.1625188
13800	-681.1548	-663.0567	-18.0981	0.3220762	0.06319046
14000	-684.191	-665.9739	-18.21702	0.3421546	0.05820305
14200	-686.4424	-668.4537	-17.98876	0.3165803	0.06005808
14400	-687.8172	-666.3992	-21.41796	0.3770288	0.3053983
14600	-679.0487	-660.9437	-18.10492	0.3494564	0.04051764
14800	-683.4043	-664.0136	-19.39073	0.3161516	0.1863907
15000	-683.2274	-664.5075	-18.71986	0.3844272	0.06368442
15200	-693.1227	-675.3666	-17.75602	0.3376957	0.02025224
15400	-682.7761	-664.242	-18.53411	0.3012616	0.1208354
15600	-682.7367	-665.3328	-17.40395	0.3052826	0.01833064
15800	-687.7336	-668.8324	-18.90119	0.3059463	0.1510952
16000	-683.5522	-663.407	-20.14518	0.3493463	0.232602
16200	-683.8304	-665.5636	-18.26684	0.3187182	0.08260936
16400	-681.7356	-662.0257	-19.7099	0.3454676	0.1862572
16600	-682.965	-664.8509	-18.11407	0.3483281	0.04346305
16800	-684.8885	-666.7944	-18.09418	0.3264158	0.06248207
17000	-682.2362	-664.6129	-17.62333	0.3141607	0.03188494
17200	-683.9372	-664.2512	-19.68596	0.4165275	0.1229675
17400	-685.0102	-666.5004	-18.50982	0.3525629	0.07589469
17600	-688.1885	-666.8639	-21.32455	0.4605916	0.2187057
17800	-683.3195	-664.3166	-19.00287	0.3178873	0.1497717
18000	-686.6873	-666.041	-20.6464	0.3506904	0.2720576
18200	-685.1671	-666.7271	-18.44003	0.4070338	0.02178314
18400	-682.7731	-664.6912	-18.08182	0.3717963	0.0202053
18600	-683.3372	-664.8208	-18.51644	0.3565088	0.07130577
18800	-680.6862	-662.2924	-18.39381	0.3843023	0.03638708
19000	-682.0157	-664.4026	-17.61308	0.3410302	0.005677907
19200	-686.1413	-667.4809	-18.66037	0.3565353	0.08554886
19400	-684.3132	-665.9699	-18.34327	0.2926508	0.1114023
19600	-683.7733	-663.8786	-19.89469	0.3009754	0.2325537
19800	-679.1049	-661.4116	-17.69338	0.3143114	0.03572876
20000	-681.3665	-663.2905	-18.07602	0.3758104	0.01575412
20200	-680.8758	-662.2364	-18.6394	0.3463135	0.0933239
20400	-682.2508	-664.789	-17.46178	0.3055952	0.02352014
20600	-685.7598	-667.6753	-18.08452	0.3437475	0.04588941
20800	-680.1138	-662.1225	-17.9913	0.3469924	0.03263671
21000	-683.0019	-663.9753	-19.02658	0.3528555	0.1168836
21200	-681.5021	-663.182	-18.32013	0.3257299	0.08250845
21400	-686.4461	-668.8989	-17.54711	0.328557	0.01084961
21600	-684.1905	-665.2837	-18.90681	0.3461789	0.1192356
21800	-681.0742	-663.5738	-17.50035	0.2932455	0.03791867
22000	-683.4014	-665.125	-18.27637	0.3337451	0.06950068
22200	-682.1106	-663.9446	-18.16605	0.3150348	0.07861126
22400	-686.8226	-668.0059	-18.81666	0.3753293	0.0823682
22600	-679.6018	-660.8913	-18.71049	0.383679	0.06427001
22800	-687.997	-669.3461	-18.65097	0.3286426	0.1164217
23000	-684.6013	-667.6574	-16.94392	0.2602087	0.0180635
23200	-681.0541	-662.9327	-18.12141	0.3119663	0.07398095
23400	-681.436	-663.8298	-17.60622	0.3369852	0.008498156
23600	-684.1102	-664.9187	-19.19159	0.4364112	0.061274
23800	-681.6969	-661.7515	-19.94537	0.3109979	0.2330261
24000	-680.6166	-662.8332	-17.78343	0.3304719	0.03047309
24200	-680.1687	-662.7363	-17.43245	0.2994804	0.02650915
24400	-680.8316	-663.4193	-17.41233	0.286325	0.03656625
24600	-678.2957	-661.1892	-17.10651	0.2788908	0.01576444
24800	-683.1717	-665.6112	-17.56054	0.3294054	0.01078387
25000	-681.109	-663.79	-17.31904	0.2924178	0.02234207
25200	-682.7324	-664.3006	-18.43184	0.4200372	0.008121164
25400	-681.696	-663.2964	-18.39963	0.3178175	0.09735402
25600	-686.7417	-668.4197	-18.32198	0.354221	0.05964639
25800	-685.7957	-667.4995	-18.29615	0.3608463	0.0480582
26000	-681.2084	-662.1772	-19.03119	0.3064351	0.1601763
26200	-680.5893	-662.7249	-17.86438	0.2902809	0.07132364
26400	-683.3858	-663.4841	-19.90171	0.3300502	0.2178637
26600	-685.151	-667.0455	-18.10558	0.3328736	0.0546509
26800	-685.2928	-665.7225	-19.57031	0.3343328	0.1803556
27000	-686.1232	-666.0973	-20.02583	0.4318616	0.1340283
27200	-681.6202	-663.0248	-18.59537	0.3061739	0.1206621
27400	-685.0481	-665.5668	-19.48128	0.3056702	0.2002722
27600	-681.9818	-663.9836	-17.99824	0.3642352	0.01959563
27800	-684.8931	-667.2567	-17.6364	0.3107286	0.03423712
28000	-684.7393	-664.8673	-19.87204	0.3188775	0.217002
28200	-685.9363	-667.148	-18.78822	0.3225789	0.1207655
28400	-681.1846	-663.8235	-17.36112	0.2987952	0.02028531
28600	-685.2553	-667.6735	-17.5818	0.3367713	0.006758789
28800	-683.0206	-665.4017	-17.61888	0.2768989	0.06339513
29000	-684.2652	-666.1837	-18.08152	0.2977037	0.08774557
29200	-681.8473	-662.1928	-19.6545	0.3668607	0.1606979
29400	-688.5652	-667.7462	-20.81895	0.4019298	0.2230843
29600	-681.8058	-663.7755	-18.03021	0.3725648	0.01489899
29800	-680.2667	-662.8993	-17.36737	0.2991425	0.02064378
30000	-684.8947	-666.486	-18.40864	0.3231623	0.09293911
30200	-680.7123	-662.5261	-18.18623	0.3429996	0.05531586
30400	-683.7086	-665.8872	-17.82142	0.2690355	0.08863711
30600	-680.6606	-661.5083	-19.15232	0.35095	0.1375552
30800	-684.5047	-666.1546	-18.3501	0.3538553	0.05958938
31000	-691.3887	-673.0212	-18.36754	0.3383126	0.07972696
31200	-681.2585	-662.4882	-18.77029	0.3888204	0.06658696
31400	-679.8531	-660.9127	-18.94044	0.314253	0.1480637
31600	-690.2402	-670.5551	-19.68506	0.391169	0.1500174
31800	-685.555	-666.9227	-18.63236	0.3254465	0.1101369
32000	-684.0501	-665.1843	-18.86581	0.341631	0.11497
32200	-683.8791	-663.8659	-20.01318	0.3399374	0.2116176
32400	-686.2003	-668.9148	-17.2855	0.2668674	0.04288825
32600	-687.9285	-668.8282	-19.10036	0.4387456	0.05303243
32800	-681.5944	-663.7591	-17.83527	0.3174718	0.04663118
33000	-679.19	-661.0419	-18.14809	0.347244	0.04662842
33200	-680.2186	-661.6578	-18.56074	0.2896102	0.1321056
33400	-683.4409	-664.4934	-18.94749	0.3715873	0.09928938
33600	-682.1031	-664.6198	-17.48332	0.2837932	0.04441072
33800	-687.7793	-667.9854	-19.79395	0.3666095	0.1772548
34000	-682.5701	-664.4719	-18.09819	0.3907584	0.004939646
34200	-683.2926	-665.1613	-18.13135	0.3258813	0.0645574
34400	-684.7423	-666.1614	-18.58093	0.3714444	0.06329951
34600	-680.6979	-662.801	-17.89695	0.3524255	0.02044686
34800	-681.9409	-663.386	-18.55497	0.3494264	0.07855227
35000	-680.202	-662.8522	-17.34977	0.298567	0.01981792
35200	-684.4644	-665.8505	-18.61397	0.4012798	0.04106565
35400	-684.4343	-666.7696	-17.66464	0.311063	0.0374849
35600	-682.8831	-661.6209	-21.26212	0.3478022	0.3296193
35800	-682.208	-663.9681	-18.23994	0.4090787	0.0007744665
36000	-690.8566	-670.1616	-20.695	0.4451132	0.183847
36200	-679.3928	-660.8408	-18.55197	0.336463	0.09515242
36400	-681.4095	-663.6035	-17.80599	0.3485608	0.01564388
36600	-681.0114	-662.5176	-18.49377	0.3479172	0.07685968
36800	-683.9866	-664.2957	-19.69087	0.3439024	0.1838093
37000	-685.6223	-666.5611	-19.06118	0.3947416	0.08731678
37200	-683.524	-665.6523	-17.87163	0.3286161	0.0398313
37400	-683.8596	-666.0973	-17.76231	0.3196529	0.03862032
37600	-679.9795	-661.8312	-18.14829	0.3826802	0.01604997
37800	-682.9806	-665.7454	-17.23518	0.2795672	0.02591262
38000	-683.2936	-665.7476	-17.54606	0.3341802	0.005989996
38200	-682.3921	-665.3765	-17.01562	0.28571	0.001646223
38400	-682.0352	-663.9442	-18.09098	0.3768393	0.01644445
38600	-684.6634	-667.1284	-17.53498	0.3344626	0.004463893
38800	-679.1274	-661.6827	-17.44463	0.3066159	0.02106429
39000	-680.6724	-661.6861	-18.98623	0.3681355	0.103764
39200	-686.4058	-668.0458	-18.35993	0.4176408	0.00390106
39400	-682.5119	-665.1705	-17.34142	0.3050045	0.01329375
39600	-683.8845	-665.4606	-18.42392	0.2914322	0.1173061
39800	-684.1221	-665.6922	-18.42987	0.4082488	0.01896919
40000	-679.8226	-662.4091	-17.41345	0.2873058	0.03556989
40200	-682.4325	-664.5663	-17.86624	0.3425517	0.02675211
40400	-678.5607	-660.0976	-18.46304	0.3511265	0.07195542
40600	-689.0887	-670.487	-18.60173	0.3604349	0.07862326
40800	-684.7938	-665.981	-18.81279	0.3708712	0.09018229
41000	-685.1687	-664.9695	-20.19917	0.3266742	0.2463767
41200	-687.0907	-663.0554	-24.03526	0.3698208	0.5472544
41400	-687.2389	-665.5716	-21.66733	0.353996	0.3564843
41600	-689.7222	-668.0262	-21.69607	0.2818523	0.4094431
41800	-681.6148	-663.8682	-17.7466	0.341849	0.01661902
42000	-685.7601	-667.5717	-18.18835	0.3662132	0.03613455
42200	-687.3247	-668.3644	-18.9603	0.3719969	0.1035176
42400	-684.2921	-666.2525	-18.0396	0.3196448	0.06196412
42600	-685.5216	-666.5982	-18.9234	0.4241622	0.04720626
42800	-686.5788	-668.1225	-18.45637	0.3860027	0.03945345
43000	-682.7358	-663.6432	-19.09267	0.3464134	0.1320784
43200	-682.0625	-663.9478	-18.11476	0.3057447	0.08224629
43400	-678.5338	-660.5177	-18.01607	0.3310541	0.04928013
43600	-680.8104	-663.0412	-17.76921	0.3591642	0.003386333
43800	-684.1077	-665.8554	-18.25234	0.3035122	0.09440612
44000	-682.2184	-663.6792	-18.5392	0.3601347	0.07041334
44200	-682.0058	-664.3767	-17.62905	0.335368	0.01186201
44400	-680.7626	-663.2644	-17.49813	0.3213221	0.01267847
44600	-688.1543	-669.5623	-18.59201	0.2792953	0.1467451
44800	-684.9072	-665.5397	-19.36748	0.4050977	0.1030877
45000	-679.0029	-660.0364	-18.9665	0.3367543	0.1247143
45200	-683.467	-665.8338	-17.63317	0.347288	0.001795153
45400	-686.8485	-668.2265	-18.62197	0.3351	0.09923408
45600	-684.1684	-664.8635	-19.30494	0.3754145	0.1261557
45800	-685.861	-664.9898	-20.87119	0.3241047	0.3082417
46000	-680.944	-662.4829	-18.46115	0.3628744	0.05957492
46200	-681.0088	-663.1698	-17.83894	0.3427447	0.02344117
46400	-682.3606	-664.6382	-17.72238	0.3503507	0.007152254
46600	-689.6197	-665.5418	-24.07789	0.2945948	0.61847
46800	-694.8432	-674.2302	-20.61309	0.3675129	0.2456445
47000	-680.8555	-663.4945	-17.36098	0.3095883	0.01098257
47200	-685.9504	-667.9208	-18.02966	0.3490927	0.03520764
47400	-680.8138	-663.5006	-17.31324	0.3017584	0.0133172
47600	-681.0374	-663.3986	-17.6388	0.3102108	0.03497849
47800	-679.6254	-661.5946	-18.03081	0.2978545	0.08010597
48000	-689.5679	-671.2769	-18.29098	0.3473955	0.06470981
48200	-691.973	-672.3309	-19.64211	0.3089182	0.2101468
48400	-687.6391	-668.7049	-18.93418	0.29403	0.158345
48600	-683.5742	-665.3517	-18.2225	0.3300004	0.07124475
48800	-680.1646	-661.8177	-18.34692	0.3716518	0.04247788
49000	-680.4316	-662.7287	-17.70287	0.3143835	0.03848211
49200	-683.6765	-665.7466	-17.92995	0.3499622	0.02578226
49400	-682.075	-664.5728	-17.50216	0.3330126	0.002856385
49600	-678.5597	-659.8887	-18.67099	0.376873	0.06682638
49800	-687.6137	-670.1474	-17.46626	0.3265937	0.00548817
50000	-684.6625	-667.0533	-17.60928	0.2574328	0.07921747
50200	-682.2872	-664.7019	-17.58523	0.3061181	0.03396102
50400	-684.0265	-663.5805	-20.446	0.3594378	0.2359184
50600	-683.9432	-665.8265	-18.11679	0.3485921	0.0434966
50800	-683.958	-664.6793	-19.27874	0.3431901	0.1456291
51000	-682.3473	-664.5477	-17.79963	0.3649998	0.0008596803
51200	-679.0712	-661.2531	-17.81814	0.3498757	0.01632625
51400	-685.2605	-667.8735	-17.38706	0.3099811	0.0126999
51600	-686.2473	-667.9136	-18.33369	0.383971	0.03231917
51800	-682.7036	-664.0247	-18.67882	0.3380613	0.1016755
52000	-685.5063	-667.4252	-18.08109	0.3771952	0.01491246
52200	-683.4326	-664.3955	-19.03709	0.4127591	0.06601045
52400	-686.5201	-668.1966	-18.32349	0.330097	0.07938325
52600	-683.6279	-666.4116	-17.21627	0.2787614	0.02555799
52800	-686.5725	-667.6539	-18.91857	0.3482774	0.1102974
53000	-680.6727	-660.7664	-19.9063	0.306839	0.2326299
53200	-681.8909	-663.1744	-18.71653	0.3070609	0.1348473
53400	-680.2606	-661.9103	-18.35036	0.2957876	0.1106771
53600	-689.1596	-670.8221	-18.33745	0.3866848	0.03174815
53800	-682.0618	-663.7203	-18.34142	0.3756758	0.03935437
54000	-686.7643	-668.8065	-17.95785	0.3382739	0.03908911
54200	-688.1819	-667.9639	-20.21794	0.3786773	0.2087796
54400	-683.3305	-664.9815	-18.34901	0.3941565	0.02491184
54600	-679.0653	-660.9391	-18.12623	0.3607146	0.03308805
54800	-685.3749	-666.8485	-18.52638	0.3279515	0.09487187
55000	-681.1824	-663.8486	-17.33378	0.2834213	0.03185471
55200	-684.2458	-666.2613	-17.98441	0.3698039	0.01296
55400	-686.3926	-667.2448	-19.14778	0.3387498	0.1391809
55600	-687.4884	-666.3031	-21.18525	0.3961035	0.2862847
55800	-681.2798	-662.9475	-18.33232	0.2971889	0.1055895
56000	-684.2004	-664.1313	-20.06904	0.3570443	0.2124122
56200	-684.7376	-666.1759	-18.5617	0.3740632	0.06383887
56400	-681.0184	-663.2382	-17.78024	0.3042068	0.05260906
56600	-684.1027	-663.5612	-20.54152	0.3652916	0.2389854
56800	-681.603	-663.0696	-18.53337	0.3602888	0.07023935
57000	-686.6662	-666.9047	-19.76147	0.3386032	0.2018853
57200	-680.3191	-662.7342	-17.58493	0.3039875	0.0356207
57400	-681.1829	-662.5766	-18.60625	0.3924007	0.04684754
57600	-688.9743	-668.994	-19.98031	0.3967983	0.1702687
57800	-686.4114	-668.2014	-18.21	0.2745841	0.1209921
58000	-682.4412	-665.1665	-17.27469	0.2813066	0.02682197
58200	-683.2388	-663.5509	-19.68784	0.3482	0.1824874
58400	-680.3828	-662.7905	-17.59231	0.33101	0.01242887
58600	-682.4734	-664.9295	-17.54396	0.3103644	0.02664271
58800	-684.9149	-665.2323	-19.68257	0.3224995	0.1986937
59000	-682.409	-664.682	-17.72703	0.3055792	0.04692873
59200	-679.6198	-661.1938	-18.42599	0.3335229	0.08360494
59400	-686.5947	-668.4374	-18.15723	0.3078295	0.08560817
59600	-688.2665	-670.0543	-18.21217	0.3248621	0.07581439
59800	-681.1919	-663.5403	-17.65156	0.3013714	0.04234535
60000	-686.4737	-668.348	-18.12576	0.2899282	0.09592158
60200	-685.5126	-666.4806	-19.03203	0.3611862	0.1128822
60400	-677.8496	-660.5243	-17.32525	0.3032897	0.01339244
60600	-682.3572	-664.094	-18.26312	0.3446012	0.0596449
60800	-685.7105	-665.8662	-19.84436	0.3451996	0.1984465
61000	-680.9814	-662.5374	-18.44402	0.3201145	0.09491969
61200	-682.6847	-664.8792	-17.80556	0.3284686	0.03479992
61400	-680.5427	-662.5472	-17.99553	0.2903233	0.08441251
61600	-678.2801	-659.9993	-18.28081	0.3668516	0.04190377
61800	-684.998	-666.1198	-18.87824	0.3094352	0.1418553
62000	-682.1618	-664.0877	-18.07406	0.3107013	0.07427365
62200	-687.14	-668.6466	-18.49338	0.3794082	0.0504697
62400	-684.4778	-666.3604	-18.1174	0.3946405	0.002817514
62600	-686.6862	-667.873	-18.81315	0.3875228	0.07048815
62800	-683.3074	-664.5614	-18.74604	0.3304011	0.1166059
63000	-686.5179	-669.1842	-17.33371	0.2885969	0.02597809
63200	-681.2085	-661.2514	-19.95713	0.3317557	0.2156521
63400	-681.7253	-662.7051	-19.0202	0.3585407	0.1159497
63600	-685.4711	-667.1381	-18.33296	0.3013254	0.1062044
63800	-681.9726	-664.0937	-17.87887	0.3667868	0.006362409
64000	-684.9593	-663.9965	-20.96273	0.4213061	0.2289586
64200	-682.1302	-664.3875	-17.74271	0.3288041	0.0272931
64400	-684.4351	-664.7771	-19.65803	0.2943931	0.2246013
64600	-679.7101	-661.636	-18.07411	0.3823553	0.009685472
64800	-681.8879	-663.7634	-18.12446	0.3396567	0.05448993
65000	-680.913	-663.1252	-17.78785	0.3292474	0.03200516
65200	-679.8709	-662.5536	-17.31729	0.3052883	0.01097617
65400	-680.4895	-661.2514	-19.23805	0.326282	0.1571265
65600	-686.7145	-667.9997	-18.71482	0.3240226	0.121521
65800	-681.7455	-663.1836	-18.56194	0.3408415	0.09052148
66000	-687.8938	-670.1905	-17.70334	0.3397576	0.01510765
66200	-682.6525	-664.0438	-18.6087	0.3574499	0.08262145
66400	-685.9981	-667.9454	-18.05268	0.3596688	0.02909477
66600	-682.8413	-664.211	-18.6303	0.3388072	0.09716681
66800	-686.9685	-667.937	-19.03143	0.3419865	0.1335732
67000	-683.5549	-664.8051	-18.74977	0.3669794	0.08496162
67200	-682.7781	-663.2748	-19.50336	0.3605008	0.1619611
67400	-677.6577	-660.0443	-17.61341	0.3092945	0.03284885
67600	-681.0475	-662.8109	-18.23663	0.2943171	0.1009399
67800	-678.7597	-660.9381	-17.82165	0.347337	0.01867892
68000	-682.8261	-665.8528	-16.97328	0.2663074	0.01523608
68200	-682.0695	-664.1662	-17.90332	0.3289036	0.04154162
68400	-680.9226	-662.9194	-18.00321	0.368185	0.01618696
68600	-680.5045	-662.5093	-17.99521	0.328645	0.05153085
68800	-687.3105	-667.2282	-20.08231	0.3123965	0.2460056
69000	-692.0662	-673.4139	-18.6523	0.3280506	0.1182856
69200	-678.8607	-660.371	-18.48962	0.3461026	0.0749739
69400	-681.7394	-663.8239	-17.9155	0.3406911	0.03220616
69600	-684.484	-666.9402	-17.54378	0.3395522	0.0007218125
69800	-686.9487	-668.0288	-18.91989	0.3643398	0.1050735
70000	-683.1173	-665.6251	-17.49224	0.320167	0.01296504
70200	-690.5136	-672.6729	-17.84075	0.3688298	0.00113158
70400	-683.6272	-665.8273	-17.79986	0.3428617	0.01987772
70600	-684.005	-665.8632	-18.14175	0.3647215	0.03059248
70800	-684.4349	-666.7336	-17.70134	0.30165	0.04698945
71000	-683.7507	-665.1777	-18.57303	0.3313798	0.09781225
71200	-681.4822	-663.8016	-17.68056	0.338098	0.01480013
71400	-681.7909	-662.9273	-18.86358	0.3580619	0.1006021
71600	-684.8949	-666.6853	-18.20959	0.3163008	0.08535477
71800	-686.8538	-669.8025	-17.0513	0.2905019	0.0005623592
72000	-684.3876	-665.7645	-18.62307	0.3478097	0.09074172
72200	-690.0676	-670.7616	-19.30598	0.4284395	0.08014732
72400	-678.5365	-661.2248	-17.31168	0.2943458	0.02015795
72600	-680.154	-660.6116	-19.54238	0.3224502	0.1888804
72800	-690.2899	-672.5374	-17.75249	0.3404608	0.0184111
73000	-685.7514	-666.2386	-19.51278	0.3609585	0.1575041
73200	-687.2692	-668.8992	-18.37009	0.3695483	0.05118316
73400	-681.8296	-664.2748	-17.5548	0.2832381	0.05142756
73600	-682.0396	-663.0325	-19.00718	0.3771018	0.09443136
73800	-682.0982	-663.3304	-18.76785	0.3520998	0.1001103
74000	-686.0292	-667.0723	-18.9569	0.3505045	0.11565
74200	-686.3922	-669.0112	-17.38104	0.3237674	0.0002856798
74400	-683.2918	-664.8587	-18.43307	0.3758549	0.04717261
74600	-687.5441	-669.2123	-18.33176	0.3176396	0.09055574
74800	-685.9324	-667.8297	-18.10268	0.3638875	0.02849337
75000	-684.619	-665.0078	-19.61113	0.2687756	0.2410731
75200	-681.8159	-663.5437	-18.27223	0.3840082	0.02653925
75400	-687.6109	-669.4273	-18.18366	0.3402163	0.05895635
75600	-681.3344	-662.5133	-18.82104	0.326531	0.1230811
75800	-682.0698	-662.7644	-19.30539	0.3075257	0.1839982
76000	-687.7729	-669.7557	-18.01724	0.3414749	0.04282788
76200	-679.1416	-660.3918	-18.74982	0.3826332	0.0675485
76400	-685.4957	-664.5628	-20.93289	0.3454782	0.2913995
76600	-681.9687	-663.9744	-17.9943	0.3733345	0.01087885
76800	-687.61	-669.9061	-17.70387	0.3330764	0.02071114
77000	-680.7082	-662.0061	-18.70205	0.3415518	0.1037984
77200	-680.0492	-660.3285	-19.72069	0.3721551	0.1600519
77400	-682.5271	-663.4035	-19.12364	0.328137	0.1556116
77600	-685.8869	-668.2313	-17.65566	0.3004824	0.04410431
77800	-681.6996	-663.4396	-18.25998	0.3789798	0.02890386
78000	-682.9077	-664.0653	-18.84243	0.335312	0.1202004
78200	-685.226	-666.9509	-18.27504	0.3622696	0.04684118
78400	-683.7809	-665.3087	-18.47219	0.3689632	0.05866855
78600	-683.5926	-666.0358	-17.5568	0.3346461	0.006244884
78800	-686.0815	-668.9431	-17.13845	0.2762803	0.02073072
79000	-682.2894	-664.2271	-18.06225	0.3588802	0.03004832
79200	-680.3472	-662.183	-18.1642	0.3598166	0.03956215
79400	-686.7536	-665.9899	-20.76373	0.3050855	0.3173092
79600	-690.2044	-669.2807	-20.92374	0.3282598	0.3084258
79800	-683.936	-661.1583	-22.77766	0.305639	0.476802
80000	-679.6749	-661.4919	-18.18297	0.3397638	0.05585233
80200	-686.2472	-667.7714	-18.47573	0.3318569	0.09264819
80400	-687.9984	-669.1406	-18.85781	0.3963605	0.06565263
80600	-687.2365	-666.9337	-20.3028	0.2954219	0.2916916
80800	-682.0081	-663.7577	-18.25039	0.3046867	0.09494257
81000	-683.0919	-663.0102	-20.08161	0.3386467	0.22731
81200	-690.1302	-670.7614	-19.36881	0.36114	0.1548385
81400	-685.4182	-666.2683	-19.14988	0.3130521	0.1692632
81600	-682.1948	-664.2964	-17.89837	0.3718977	0.003475938
81800	-684.1589	-665.2408	-18.91809	0.3427578	0.1215289
82000	-687.1591	-667.6828	-19.47631	0.4441547	0.0867937
82200	-679.7136	-661.203	-18.51062	0.3352182	0.08803487
82400	-688.7785	-665.6164	-23.16215	0.392507	0.4527111
82600	-684.2026	-665.6007	-18.60187	0.3950097	0.04453392
82800	-683.1815	-662.1035	-21.07804	0.3177825	0.3288301
83000	-683.5916	-664.8606	-18.73098	0.3432634	0.1014933
83200	-686.1849	-663.8355	-22.3494	0.294825	0.4521815
83400	-686.5803	-667.1662	-19.4141	0.2806401	0.2083699
83600	-686.2002	-666.8635	-19.33669	0.3570932	0.1458314
83800	-681.9947	-663.7965	-18.19814	0.3632048	0.03669412
84000	-684.2254	-664.8782	-19.34727	0.3707731	0.134865
84200	-682.0227	-663.5415	-18.48116	0.3186624	0.104301
84400	-683.8169	-664.3038	-19.51315	0.3739456	0.150477
84600	-684.6984	-666.7027	-17.99576	0.3775757	0.007534279
84800	-685.5172	-666.6762	-18.84096	0.3664631	0.09200834
85000	-686.531	-666.8544	-19.67655	0.3910668	0.1440834
85200	-685.8231	-667.3457	-18.47741	0.3840433	0.04671509
85400	-679.62	-661.3163	-18.30372	0.3173215	0.08737213
85600	-686.7423	-668.1545	-18.58785	0.375869	0.06458106
85800	-682.38	-663.4027	-18.97729	0.3249269	0.1364473
86000	-684.284	-664.8736	-19.41035	0.3171253	0.1883302
86200	-694.2927	-676.1782	-18.11453	0.3226857	0.06913308
86400	-692.862	-674.8596	-18.00239	0.3539243	0.02916569
86600	-684.6197	-666.2795	-18.34022	0.3359981	0.07558248
86800	-683.8305	-664.7757	-19.05479	0.3448635	0.1258741
87000	-685.6014	-668.0017	-17.59969	0.3088892	0.03334223
87200	-681.3183	-663.689	-17.6293	0.3448479	0.003556506
87400	-682.4791	-664.6769	-17.80221	0.3107537	0.04874157
87600	-686.1547	-666.8305	-19.32421	0.3076839	0.1920968
87800	-684.9571	-666.5081	-18.44899	0.376537	0.04778145
88000	-684.0588	-665.7008	-18.35795	0.3499288	0.06344706
88200	-685.8274	-666.1088	-19.71857	0.4027146	0.1462556
88400	-683.6946	-664.6508	-19.04376	0.3418445	0.1317481
88600	-681.7324	-664.0762	-17.65629	0.3497187	0.001716685
88800	-679.9962	-660.8717	-19.12451	0.3659734	0.1189062
89000	-681.8697	-663.3132	-18.55647	0.3557033	0.07673305
89200	-685.9241	-667.4854	-18.43865	0.3302621	0.08747333
89400	-687.0321	-665.2917	-21.74034	0.4200427	0.306941
89600	-679.5305	-661.7402	-17.7903	0.3594988	0.005064577
89800	-683.7495	-664.6056	-19.14392	0.3142444	0.1659268
90000	-679.3612	-661.8175	-17.54366	0.3154451	0.02229385
90200	-683.6387	-664.8567	-18.78196	0.3845004	0.07180931
90400	-683.8826	-665.9092	-17.97343	0.3591216	0.02160205
90600	-683.4287	-662.5221	-20.90663	0.3809655	0.2630364
90800	-678.9178	-661.0654	-17.85242	0.3575713	0.01209256
91000	-683.7008	-664.079	-19.62173	0.3203536	0.1990225
91200	-691.8333	-672.052	-19.78135	0.4398014	0.1149974
91400	-682.4197	-663.586	-18.8337	0.3813837	0.08037054
91600	-679.887	-662.4828	-17.40413	0.3251583	0.001089626
91800	-684.604	-667.5084	-17.09562	0.2718333	0.02077833
92000	-680.1609	-662.3317	-17.82924	0.3565178	0.01083887
92200	-691.1564	-671.3884	-19.768	0.3231547	0.2247974
92400	-683.3454	-664.8341	-18.51129	0.3333692	0.09278227
92600	-687.7135	-668.906	-18.80751	0.3361459	0.1198501
92800	-684.1254	-662.4149	-21.71058	0.3368345	0.3629113
93000	-686.7268	-666.4925	-20.23427	0.3543087	0.2286415
93200	-684.1074	-666.2635	-17.84385	0.3037942	0.05910641
93400	-683.9596	-663.3532	-20.60636	0.406328	0.2234936
93600	-684.2008	-665.449	-18.75185	0.4369647	0.02052671
93800	-680.7635	-662.7538	-18.00975	0.3525384	0.03023762
94000	-700.5269	-681.5476	-18.97929	0.3032464	0.1510352
94200	-677.3346	-659.5699	-17.76466	0.3490518	0.0119257
94400	-684.5909	-666.0602	-18.53074	0.3428826	0.08650215
94600	-682.4241	-663.9245	-18.4996	0.3418798	0.08729639
94800	-686.814	-669.2419	-17.57209	0.3229806	0.01860872
95000	-681.3299	-661.5388	-19.79107	0.3316651	0.2018356
95200	-685.3732	-667.4629	-17.91038	0.3303534	0.04169099
95400	-683.246	-665.8991	-17.3469	0.3031298	0.01531969
95600	-685.636	-667.9406	-17.69546	0.3052512	0.04516472
95800	-678.2608	-660.636	-17.62488	0.3433511	0.004370407
96000	-681.9433	-664.8559	-17.08733	0.2895478	0.004676994
96200	-686.8284	-668.0832	-18.74521	0.3801022	0.0721091
96400	-679.3939	-661.6018	-17.7921	0.3033261	0.05457408
96600	-680.6084	-662.2621	-18.3463	0.3841287	0.03254008
96800	-684.1811	-666.9845	-17.19656	0.2892509	0.01543943
97000	-682.2727	-665.0103	-17.26245	0.3063805	0.005256704
97200	-681.8483	-664.1788	-17.66947	0.3060801	0.04183329
97400	-683.1172	-665.1131	-18.00413	0.3491031	0.03435643
97600	-680.5255	-662.1799	-18.34562	0.3479991	0.06527546
97800	-686.2331	-667.834	-18.39911	0.3281349	0.08557009
98000	-680.1997	-662.3408	-17.85892	0.3498175	0.01905977
98200	-690.735	-669.8161	-20.91886	0.3093917	0.3211601
98400	-682.8799	-664.9945	-17.88537	0.3591146	0.01469858
98600	-683.9843	-665.6377	-18.34656	0.3084746	0.09742778
98800	-684.7004	-666.0193	-18.68105	0.3200951	0.1233408
99000	-687.4086	-668.9423	-18.46625	0.3600579	0.06641012
99200	-682.88	-663.1582	-19.7218	0.3452169	0.1875399
99400	-684.795	-666.9556	-17.83935	0.3420651	0.02501047
99600	-678.5281	-660.4254	-18.10274	0.3604408	0.03131293
99800	-684.7021	-666.2224	-18.47975	0.4056051	0.02540433
100000	-691.0061	-672.2079	-18.7981	0.3586314	0.09573076
100200	-689.8714	-671.5901	-18.28128	0.2585496	0.1359697
100400	-690.1029	-670.8736	-19.22935	0.3576998	0.1456692
100600	-678.9783	-659.3851	-19.59323	0.3290967	0.1866244
100800	-680.593	-662.1132	-18.4798	0.3858795	0.04271237
101000	-682.4236	-664.9048	-17.51877	0.3215213	0.01505006
101200	-679.5888	-662.5115	-17.07729	0.2936749	3.973152e-05
101400	-685.8483	-665.6275	-20.22075	0.3124822	0.2618069
101600	-680.7847	-662.0892	-18.69549	0.3546836	0.09035836
101800	-682.1042	-664.4573	-17.64686	0.3325657	0.01685309
102000	-686.6196	-667.9176	-18.70199	0.385557	0.06178077
102200	-684.1217	-665.7835	-18.33821	0.371469	0.04422069
102400	-683.0031	-664.8038	-18.19936	0.3378644	0.06098081
102600	-681.1443	-662.8514	-18.29292	0.4133048	0.001726233
102800	-685.33	-663.2309	-22.09909	0.3119415	0.4222567
103000	-680.6641	-662.9731	-17.691	0.3252076	0.02651152
103200	-685.9153	-665.6557	-20.25956	0.3953737	0.1932143
103400	-684.6268	-667.2288	-17.39803	0.3105269	0.01367703
103600	-680.5143	-662.3402	-18.17407	0.3377457	0.05856542
103800	-683.7062	-664.5208	-19.18545	0.3226281	0.1537032
104000	-680.1041	-661.5544	-18.54977	0.3123821	0.1118333
104200	-685.8801	-666.5934	-19.28677	0.3264544	0.1664768
104400	-682.5657	-664.4431	-18.12252	0.3451807	0.04655684
104600	-684.4648	-667.2393	-17.22554	0.2870507	0.01944297
104800	-684.225	-665.7599	-18.46514	0.3474152	0.07859068
105000	-684.0338	-665.1319	-18.90193	0.3630717	0.09649378
105200	-688.8413	-670.4274	-18.41398	0.4059269	0.01947085
105400	-685.8603	-668.3544	-17.50584	0.3363344	0.0002086938
105600	-685.0353	-665.7415	-19.29382	0.3948213	0.106296
105800	-690.2244	-670.7114	-19.51297	0.3571796	0.1664953
106000	-682.4412	-664.3972	-18.04395	0.3059858	0.07306737
106200	-687.5446	-667.9987	-19.54582	0.3407612	0.1759198
106400	-681.9814	-663.5644	-18.417	0.3584868	0.06391639
106600	-678.6975	-660.908	-17.78951	0.3478703	0.01497927
106800	-682.1577	-662.2638	-19.89385	0.3542549	0.1973051
107000	-679.4197	-661.4684	-17.95131	0.3336553	0.04074592
107200	-683.4524	-665.9257	-17.52668	0.3036792	0.03218679
107400	-686.4984	-663.3823	-23.1161	0.3832624	0.4660601
107600	-686.5088	-668.0754	-18.43344	0.3836211	0.04196588
107800	-681.7869	-662.2857	-19.50124	0.319127	0.1902798
108000	-678.9222	-661.5396	-17.38255	0.2952592	0.02505841
108200	-686.8324	-667.2963	-19.53607	0.3441907	0.1739031
108400	-679.5136	-661.0639	-18.44971	0.3488932	0.07237527
108600	-685.9253	-667.6788	-18.24654	0.36153	0.04632823
108800	-686.4537	-668.2958	-18.15792	0.3634071	0.03630122
109000	-688.6143	-666.6217	-21.99261	0.433416	0.3032047
109200	-682.8273	-665.437	-17.39029	0.2900151	0.03150128
109400	-685.4228	-665.5888	-19.83406	0.4211403	0.1259542
109600	-686.1724	-668.2063	-17.9661	0.3564069	0.0221201
109800	-683.8718	-665.7154	-18.15637	0.3327423	0.06040543
110000	-684.4727	-665.1564	-19.31628	0.3865711	0.117289
110200	-681.2023	-663.2984	-17.90389	0.3745624	0.001651338
110400	-679.8552	-662.1735	-17.6817	0.3194424	0.03076199
110600	-679.6422	-661.3915	-18.25067	0.3090335	0.08946439
110800	-682.7242	-665.0197	-17.70449	0.3347261	0.01879199
111000	-684.433	-666.5378	-17.89523	0.350804	0.02182531
111200	-690.1776	-671.4571	-18.72058	0.4559336	0.00192064
111400	-683.6752	-666.0114	-17.66377	0.3315635	0.01858241
111600	-684.7644	-667.3184	-17.44593	0.3013026	0.02543901
111800	-682.5291	-664.7874	-17.74176	0.3598225	0.0003072874
112000	-682.4017	-663.4597	-18.94201	0.3603357	0.1052846
112200	-683.7388	-665.2832	-18.45557	0.328029	0.09733224
112400	-682.9204	-664.4206	-18.49976	0.4132106	0.01960689
112600	-684.194	-666.8668	-17.32726	0.3104101	0.007433882
112800	-684.7452	-666.3911	-18.35407	0.3070456	0.09894661
113000	-681.4242	-663.1206	-18.30356	0.3173002	0.08623575
113200	-680.1591	-662.5646	-17.59452	0.3237419	0.01945474
113400	-689.4101	-670.2928	-19.11731	0.4041776	0.0839676
113600	-683.9099	-664.7726	-19.13735	0.3301768	0.1515371
113800	-687.4298	-669.4812	-17.94867	0.3641628	0.01504915
114000	-680.7491	-663.0746	-17.6745	0.3456073	0.006947686
114200	-680.9663	-662.9231	-18.04323	0.311379	0.07034977
114400	-682.057	-661.6985	-20.35849	0.3563893	0.2256271
114600	-686.3262	-668.7846	-17.54159	0.3384764	0.001521109
114800	-682.0431	-664.9156	-17.12749	0.2925051	0.005580788
115000	-685.1775	-665.6241	-19.55338	0.3536049	0.1659499
115200	-684.6635	-665.587	-19.07649	0.420732	0.0660865
115400	-684.2079	-664.9646	-19.24335	0.3719002	0.1256721
115600	-682.4746	-663.6413	-18.83328	0.3637747	0.0921276
115800	-681.6466	-663.9227	-17.72385	0.3264606	0.02759005
116000	-691.2988	-672.8532	-18.44564	0.3256455	0.09763336
116200	-687.0881	-666.6906	-20.39752	0.407992	0.189973
116400	-685.7071	-664.2685	-21.43863	0.3548606	0.3241705
116600	-682.0972	-663.2219	-18.87537	0.3114539	0.1427985
116800	-683.0133	-664.9669	-18.04644	0.3480867	0.03695923
117000	-688.447	-668.8162	-19.63075	0.320631	0.2093906
117200	-681.8813	-662.3301	-19.55115	0.3344757	0.1835515
117400	-685.9716	-669.1482	-16.82334	0.256719	0.01010297
117600	-684.4294	-666.5992	-17.83018	0.3435789	0.02282372
117800	-691.9078	-674.1984	-17.70941	0.348215	0.008205144
118000	-682.5708	-662.5835	-19.98736	0.3611757	0.2014492
118200	-684.3881	-666.062	-18.32612	0.3590282	0.05368732
118400	-680.101	-662.2061	-17.89494	0.3625613	0.01153982
118600	-679.5781	-661.9142	-17.66389	0.3067579	0.04118438
118800	-683.9847	-664.8634	-19.1212	0.3492468	0.1367919
119000	-683.7939	-664.932	-18.86181	0.3872707	0.07308993
119200	-682.2636	-662.9065	-19.35711	0.3297321	0.1707756
119400	-684.722	-666.2103	-18.5117	0.3573148	0.07073532
119600	-686.4515	-667.9691	-18.48241	0.3917813	0.0381842
119800	-685.3699	-667.4816	-17.8883	0.3159549	0.05236214
120000	-686.2149	-667.8759	-18.33903	0.3387913	0.07304822
120200	-688.1136	-667.5662	-20.54741	0.3179543	0.2842468
120400	-681.3667	-662.7316	-18.63508	0.3091416	0.1261328
120600	-686.3962	-667.9511	-18.44513	0.3618615	0.05968603
120800	-683.0119	-665.5035	-17.50844	0.3230016	0.01243637
121000	-680.4277	-662.1901	-18.23759	0.3557177	0.04846563
121200	-680.0801	-661.7732	-18.30695	0.3210563	0.08352314
121400	-682.4881	-664.7071	-17.78101	0.3125983	0.04636207
121600	-682.4401	-662.414	-20.02609	0.3264088	0.2324565
121800	-685.7853	-667.7069	-18.07844	0.326452	0.06105512
122000	-682.436	-664.3353	-18.10071	0.3112672	0.07330353
122200	-683.3518	-665.1532	-18.19861	0.3083803	0.08570501
122400	-683.5573	-665.4238	-18.13353	0.292533	0.09437044
122600	-680.8723	-662.8092	-18.06303	0.3490619	0.03720482
122800	-686.7598	-666.4882	-20.27162	0.4087494	0.1793203
123000	-684.8537	-664.318	-20.53573	0.3468893	0.2634622
123200	-680.549	-661.4722	-19.07679	0.3668936	0.1124332
123400	-681.4287	-663.6314	-17.79729	0.3310526	0.03101316
123600	-682.0973	-664.1331	-17.96421	0.3086549	0.06531151
123800	-681.4318	-663.5915	-17.84034	0.2905159	0.0692391
124000	-681.8765	-664.3987	-17.47781	0.3305135	0.00289923
124200	-684.6825	-665.9065	-18.77606	0.4039076	0.05529699
124400	-681.2875	-663.421	-17.86659	0.3585234	0.01264314
124600	-682.3988	-664.2712	-18.1276	0.3317807	0.05889527
124800	-681.0796	-662.7826	-18.29704	0.3297489	0.07811426
125000	-683.0781	-665.4573	-17.6208	0.2810381	0.06091848
125200	-687.9848	-669.9464	-18.03846	0.35054	0.03710421
125400	-684.7741	-666.5346	-18.23955	0.3732143	0.0340388
125600	-683.0134	-663.6668	-19.34653	0.3611321	0.1400238
125800	-685.6419	-666.4933	-19.14863	0.2943957	0.1831347
126000	-683.3224	-664.5497	-18.77269	0.3395243	0.1091994
126200	-682.5729	-664.8025	-17.77041	0.3280758	0.03143696
126400	-683.659	-664.4912	-19.16779	0.3586533	0.1251386
126600	-684.029	-664.4966	-19.53232	0.3046593	0.2116061
126800	-684.8891	-664.5672	-20.32194	0.2912595	0.2844002
127000	-682.5607	-662.961	-19.59968	0.3687739	0.1574132
127200	-684.5616	-666.5564	-18.00519	0.3426114	0.04001628
127400	-682.8344	-662.2164	-20.61798	0.2914216	0.3090664
127600	-691.7823	-671.3349	-20.44732	0.421603	0.1923148
127800	-684.8937	-665.0324	-19.86129	0.3086032	0.2359532
128000	-683.8418	-666.186	-17.65579	0.3504443	0.001002279
128200	-684.1911	-666.5743	-17.61675	0.3354338	0.01098093
128400	-683.041	-660.9315	-22.1095	0.336019	0.395406
128600	-684.2994	-666.555	-17.74445	0.3442982	0.01399915
128800	-686.1517	-668.866	-17.28572	0.2753982	0.03430153
129000	-682.1553	-664.0861	-18.06922	0.3525824	0.03728097
129200	-686.2853	-666.5051	-19.78013	0.4157888	0.1302008
129400	-683.3314	-662.8591	-20.47231	0.3368212	0.267024
129600	-679.9104	-662.4688	-17.4416	0.3153408	0.01313841
129800	-684.9466	-666.6617	-18.28494	0.3713303	0.04043412
130000	-686.0781	-666.9928	-19.08526	0.2805048	0.1836873
130200	-683.3423	-662.0618	-21.28043	0.2998477	0.3515442
130400	-681.8221	-663.2909	-18.53116	0.3475755	0.08258329
130600	-684.6374	-664.1685	-20.46889	0.3396187	0.2498437
130800	-685.0485	-666.4011	-18.64736	0.4218898	0.02591034
131000	-680.2512	-662.1918	-18.05942	0.3066614	0.07629929
131200	-690.958	-665.9968	-24.96118	0.4323584	0.5546045
131400	-682.3441	-664.2479	-18.09616	0.3560157	0.03613789
131600	-686.9036	-668.2999	-18.60373	0.3679038	0.07136652
131800	-684.8284	-666.9196	-17.90874	0.3512494	0.02326976
132000	-682.1624	-660.6346	-21.52784	0.3519557	0.3444917
132200	-679.8405	-662.0763	-17.76423	0.3452322	0.01527376
132400	-683.9348	-666.2678	-17.66707	0.3493699	0.003024177
132600	-681.9937	-663.8014	-18.1923	0.3253273	0.06968145
132800	-678.2404	-660.5778	-17.66257	0.3416059	0.00958759
133000	-683.1417	-665.3549	-17.78686	0.3538977	0.009362691
133200	-684.3463	-665.8543	-18.49192	0.3933544	0.03718224
133400	-689.7134	-670.736	-18.97737	0.3721556	0.1038521
133600	-683.1147	-665.2679	-17.84679	0.3296867	0.03719181
133800	-683.381	-666.1356	-17.24541	0.2843454	0.0237941
134000	-681.5811	-663.1935	-18.38764	0.3018469	0.1035647
134200	-685.8041	-666.542	-19.26213	0.3454811	0.1577178
134400	-684.1349	-664.759	-19.37592	0.3627314	0.1443202
134600	-679.2256	-661.7866	-17.439	0.3193277	0.009370516
134800	-682.0568	-664.8914	-17.16546	0.2995541	0.002664233
135000	-678.047	-660.7985	-17.24849	0.3012741	0.008418388
135200	-685.5287	-667.4469	-18.08172	0.325519	0.06089155
135400	-687.2344	-667.6254	-19.60903	0.3790206	0.1474593
135600	-683.1419	-665.553	-17.58892	0.3211556	0.02019085
135800	-682.2516	-662.3189	-19.93278	0.3929055	0.1601431
136000	-686.4814	-668.4661	-18.01527	0.3774056	0.009203547
136200	-684.3632	-663.5257	-20.83754	0.3786427	0.2534998
136400	-687.6305	-669.3774	-18.25303	0.3408041	0.06628856
136600	-683.9708	-665.525	-18.44577	0.3609109	0.06054185
136800	-691.1499	-671.5812	-19.56878	0.4629247	0.06983873
137000	-681.5636	-663.1676	-18.39593	0.3395887	0.07395859
137200	-684.8488	-666.6024	-18.24645	0.3663369	0.03897712
137400	-676.9809	-659.5072	-17.47374	0.3188759	0.01266649
137600	-681.635	-663.8426	-17.79235	0.3548261	0.009687924
137800	-682.549	-665.3091	-17.23989	0.2669545	0.03713195
138000	-680.6799	-663.1693	-17.51061	0.329932	0.006027395
138200	-685.6736	-668.2602	-17.41341	0.3004822	0.0249737
138400	-681.9393	-664.4702	-17.4691	0.3256432	0.006380057
138600	-683.996	-664.2097	-19.7863	0.3392357	0.196818
138800	-683.7088	-665.0451	-18.66366	0.3415028	0.09555433
139000	-684.2034	-664.8588	-19.34455	0.3905531	0.1166128
139200	-680.6027	-662.6495	-17.95325	0.3773553	0.003431824
139400	-680.1864	-662.6411	-17.54529	0.3366177	0.003456677
139600	-685.2018	-667.3211	-17.88073	0.3591396	0.0126123
139800	-680.5108	-661.3437	-19.16708	0.3434522	0.1385616
140000	-689.8857	-668.8894	-20.99626	0.3194654	0.3338411
140200	-685.3295	-666.6744	-18.65506	0.3145325	0.1265714
140400	-682.1683	-665.0953	-17.07303	0.2838612	0.008443855
140600	-682.9359	-664.6235	-18.31237	0.3055704	0.09646012
140800	-692.2636	-672.0698	-20.19381	0.3727557	0.2092327
141000	-678.9096	-660.9139	-17.99572	0.3026179	0.07094302
141200	-680.4024	-662.0036	-18.39873	0.3725198	0.04750276
141400	-687.6447	-669.6491	-17.99562	0.3613476	0.02240633
141600	-684.4125	-665.4528	-18.95978	0.2821242	0.1774094
141800	-687.2693	-667.5713	-19.69797	0.3944679	0.1445277
142000	-686.311	-668.3898	-17.92123	0.3712258	0.006258392
142200	-691.6667	-670.2281	-21.4386	0.3676184	0.3270698
142400	-686.7513	-668.099	-18.65221	0.4030063	0.0448141
142600	-684.7485	-666.4236	-18.32491	0.3192541	0.08992648
142800	-687.638	-669.1441	-18.49389	0.3925151	0.03679436
143000	-685.7081	-666.4232	-19.28489	0.4502158	0.05721664
143200	-681.7121	-664.1277	-17.58439	0.3241553	0.01808141
143400	-679.895	-661.1019	-18.79314	0.3047148	0.1392243
143600	-685.1169	-665.469	-19.6479	0.316151	0.2123563
143800	-682.6027	-664.7302	-17.87253	0.3358464	0.03325501
144000	-681.6428	-663.6964	-17.94638	0.2966526	0.07390416
144200	-682.7468	-663.6961	-19.05064	0.3634893	0.1164669
144400	-689.7121	-671.9089	-17.8032	0.3314691	0.0315299
144600	-683.3706	-665.758	-17.61259	0.2901085	0.05024728
144800	-679.6297	-661.0353	-18.5944	0.3250305	0.1040933
145000	-685.1947	-666.5735	-18.62123	0.3405632	0.09547217
145200	-685.8928	-667.366	-18.52685	0.3813192	0.05226364
145400	-685.4046	-664.7407	-20.66398	0.3569622	0.2633849
145600	-682.9775	-664.5641	-18.41337	0.3160123	0.09468918
145800	-682.8743	-665.2346	-17.63965	0.2994496	0.04311935
146000	-682.5153	-662.083	-20.43229	0.3759363	0.2201786
146200	-684.7007	-665.5651	-19.13558	0.4388569	0.05345105
146400	-689.4979	-668.921	-20.57694	0.3637236	0.2615619
146600	-683.8399	-666.4004	-17.43945	0.303607	0.02270611
146800	-677.0636	-659.4437	-17.61999	0.3265652	0.01929448
147000	-680.8052	-662.4074	-18.39781	0.3061888	0.107558
147200	-679.0001	-661.7447	-17.25538	0.3093436	0.001971184
147400	-683.1568	-665.5538	-17.60303	0.2722569	0.06501666
147600	-680.852	-662.5099	-18.34208	0.3416119	0.06719938
147800	-683.1885	-662.8064	-20.38206	0.3381741	0.2495645
148000	-682.7114	-665.2315	-17.4799	0.2914446	0.039035
148200	-689.2054	-671.7871	-17.41834	0.3002112	0.02535703
148400	-684.1361	-663.0544	-21.08174	0.3955941	0.2532636
148600	-682.139	-664.1195	-18.01951	0.3530666	0.03191595
148800	-685.2653	-667.3224	-17.94284	0.3755919	0.00422066
149000	-688.9826	-671.0407	-17.94191	0.3583609	0.02021737
149200	-682.9965	-664.8718	-18.12467	0.3638613	0.03068671
149400	-680.7725	-663.5904	-17.18209	0.2937296	0.009148348
149600	-685.782	-667.8454	-17.93657	0.3201946	0.05454746
149800	-681.2117	-661.9631	-19.24864	0.3784504	0.1222035
150000	-682.3236	-665.009	-17.31464	0.2852531	0.02811463
150200	-680.0322	-661.7556	-18.27663	0.3396786	0.06677261
150400	-687.3391	-664.7954	-22.54372	0.3980055	0.3812985
150600	-680.8663	-662.1159	-18.75036	0.3375781	0.1082221
150800	-687.6202	-670.4622	-17.15795	0.2872646	0.01240362
151000	-685.381	-666.1803	-19.20076	0.4163457	0.07829434
151200	-681.1096	-662.5852	-18.52443	0.3366051	0.08929566
151400	-685.0981	-665.6067	-19.4914	0.3369156	0.1783312
151600	-685.3178	-667.6024	-17.71535	0.3084822	0.04373709
151800	-682.2716	-664.6859	-17.58568	0.3410736	0.003067998
152000	-680.2269	-660.5205	-19.70646	0.3192519	0.2102853
152200	-686.0858	-665.6328	-20.45303	0.3812182	0.2243194
152400	-681.0326	-662.9363	-18.09639	0.3693736	0.02253363
152600	-686.6249	-667.0268	-19.59814	0.3209434	0.2023406
152800	-683.3641	-664.593	-18.77106	0.3472611	0.103245
153000	-680.4171	-662.9454	-17.47169	0.3238374	0.008182502
153200	-681.6162	-663.1277	-18.48854	0.3258469	0.09459831
153400	-683.7391	-665.415	-18.32412	0.4106772	0.006748927
153600	-683.6841	-664.7248	-18.95933	0.3423203	0.1248786
153800	-684.7076	-665.5696	-19.13797	0.3962697	0.09176666
154000	-684.1989	-666.1651	-18.03379	0.3592609	0.02670067
154200	-683.6066	-665.4398	-18.1668	0.3958262	0.006022672
154400	-683.7958	-665.5862	-18.20957	0.323217	0.07553711
154600	-687.2231	-667.4065	-19.81657	0.3476049	0.1969985
154800	-683.3366	-663.3851	-19.95146	0.3725194	0.1881299
155000	-681.9453	-663.6828	-18.26257	0.3019897	0.09761008
155200	-679.6175	-661.4369	-18.18058	0.3345602	0.06143154
155400	-685.5988	-667.0642	-18.53456	0.3282422	0.1021484
155600	-682.1368	-663.8932	-18.24362	0.3544499	0.05237758
155800	-686.3728	-667.2856	-19.08715	0.3198345	0.1540294
156000	-684.7778	-667.2152	-17.56257	0.3243193	0.01606482
156200	-678.2681	-659.9468	-18.32137	0.3179096	0.08989751
156400	-686.5796	-666.9537	-19.62598	0.3992422	0.1309661
156600	-686.1283	-667.3594	-18.76898	0.3907369	0.063853
156800	-679.5007	-661.3118	-18.18889	0.3643904	0.03510271
157000	-694.0188	-674.7608	-19.258	0.3445803	0.1499896
157200	-678.1378	-660.3716	-17.76617	0.3332308	0.02576856
157400	-683.4982	-664.8602	-18.63792	0.3575392	0.08210938
157600	-687.3615	-668.7004	-18.66111	0.4090794	0.03692269
157800	-679.4716	-660.2782	-19.19344	0.3375056	0.1497373
158000	-679.436	-661.5428	-17.89322	0.3244565	0.04561327
158200	-689.3958	-669.1903	-20.20557	0.4046286	0.1927745
158400	-686.3607	-665.0852	-21.27552	0.3685879	0.3004654
158600	-681.431	-662.8726	-18.55846	0.3257593	0.1053877
158800	-684.011	-665.7704	-18.24064	0.3263831	0.07388456
159000	-688.3894	-669.2163	-19.17312	0.4156759	0.07703251
159200	-684.3212	-666.3819	-17.93928	0.273604	0.09156329
159400	-687.2449	-667.5817	-19.6632	0.4807682	0.06384716
159600	-683.2423	-665.7984	-17.44391	0.3118066	0.01639562
159800	-687.2829	-669.6538	-17.62904	0.3206151	0.02633369
160000	-679.7971	-661.9876	-17.8095	0.308046	0.05166317
160200	-685.5713	-664.7606	-20.81077	0.2775996	0.337278
160400	-690.9469	-671.0354	-19.9115	0.4346052	0.1215966
160600	-688.7237	-668.0804	-20.6433	0.3445038	0.2538318
160800	-680.5215	-661.8179	-18.70362	0.3688556	0.07666707
161000	-684.2531	-667.1162	-17.13692	0.294493	0.004512768
161200	-685.1854	-666.1222	-19.06316	0.3361193	0.1412369
161400	-680.801	-663.4138	-17.38728	0.2914114	0.02905831
161600	-685.7843	-667.4975	-18.2868	0.3221576	0.08323549
161800	-681.2686	-661.5158	-19.75278	0.3213742	0.2050774
162000	-684.2673	-666.3399	-17.92737	0.3138711	0.05875335
162200	-683.2951	-665.4439	-17.85119	0.3082779	0.05569764
162400	-680.4406	-662.9129	-17.52768	0.327513	0.00985862
162600	-682.0669	-663.0123	-19.0546	0.2978374	0.1721831
162800	-680.7347	-662.3119	-18.42286	0.3683155	0.05265341
163000	-682.5458	-662.4477	-20.0981	0.3859948	0.188782
163200	-685.1029	-667.0532	-18.04963	0.3160867	0.07027596
163400	-686.8458	-667.9631	-18.88263	0.4575899	0.01529911
163600	-684.4393	-665.9095	-18.52984	0.3381423	0.0909694
163800	-683.5192	-665.0067	-18.51251	0.4122645	0.02221418
164000	-682.8522	-665.5263	-17.32591	0.2910414	0.02513836
164200	-684.5671	-666.5275	-18.03951	0.3416201	0.04460639
164400	-679.9372	-662.2797	-17.65753	0.3084764	0.03784926
164600	-683.6631	-665.095	-18.56806	0.4243435	0.01635846
164800	-686.249	-668.8762	-17.3728	0.3027399	0.01843413
165000	-686.6274	-668.7458	-17.88156	0.3533341	0.01838298
165200	-679.1687	-661.7864	-17.38231	0.3240251	0.0001744578
165400	-681.3395	-663.5208	-17.8187	0.3398609	0.02521794
165600	-691.8749	-667.6943	-24.18053	0.3680156	0.5456243
165800	-680.6459	-662.1523	-18.49359	0.3192718	0.1046422
166000	-688.5155	-670.2092	-18.30625	0.3215268	0.08757975
166200	-684.1842	-666.3332	-17.85099	0.3458149	0.02175843
166400	-682.6152	-664.2968	-18.31842	0.3537766	0.05562834
166600	-686.667	-662.3304	-24.33665	0.356459	0.5508569
166800	-686.4624	-668.5739	-17.88854	0.323682	0.04232637
167000	-679.508	-661.8753	-17.63264	0.3199366	0.02567787
167200	-678.5128	-660.5187	-17.99408	0.3261878	0.05267582
167400	-678.2497	-660.1668	-18.08283	0.3681362	0.02252172
167600	-683.9953	-666.9358	-17.05944	0.2733975	0.01673832
167800	-681.5879	-664.1674	-17.42049	0.3161349	0.01057662
168000	-685.9791	-667.3288	-18.6503	0.3013613	0.1301222
168200	-688.4404	-668.9023	-19.53815	0.3077803	0.2127057
168400	-687.572	-667.5689	-20.00305	0.3428285	0.2209548
168600	-685.4896	-666.8862	-18.60344	0.312835	0.1155509
168800	-683.1335	-664.4632	-18.67035	0.3138865	0.1224051
169000	-685.1914	-667.3782	-17.81327	0.3273254	0.0367286
169200	-683.6726	-666.236	-17.4366	0.2609427	0.0616518
169400	-682.3661	-664.5834	-17.78262	0.3446932	0.01763335
169600	-683.3537	-665.4359	-17.91777	0.3208584	0.05073822
169800	-688.8075	-670.7619	-18.04554	0.3113318	0.0716372
170000	-687.4156	-668.5273	-18.88831	0.3481645	0.1106523
170200	-690.3841	-670.6244	-19.75977	0.2711569	0.2488775
170400	-683.7438	-665.8578	-17.88601	0.2966032	0.06687984
170600	-682.5738	-662.5889	-19.98488	0.3279315	0.2337962
170800	-686.3544	-667.3893	-18.9651	0.4587856	0.02091469
171000	-685.9243	-666.0861	-19.83826	0.4542846	0.1005672
171200	-683.1888	-663.992	-19.19676	0.4025118	0.09258631
171400	-682.1698	-664.2577	-17.912	0.3184683	0.05090049
171600	-684.0663	-666.6901	-17.37611	0.2751545	0.04261591
171800	-682.283	-664.6079	-17.67517	0.2983785	0.04874837
172000	-683.5108	-665.465	-18.04583	0.3640427	0.02516097
172200	-688.0263	-669.0655	-18.96077	0.3270668	0.1389038
172400	-681.9828	-663.813	-18.16981	0.3246096	0.06970999
172600	-684.7679	-666.9377	-17.83025	0.3558334	0.01196726
172800	-682.9532	-665.506	-17.44715	0.2936471	0.03307088
173000	-683.6313	-663.35	-20.28137	0.3192739	0.2576508
173200	-679.1173	-660.674	-18.44338	0.347797	0.07442936
173400	-680.7226	-662.7025	-18.02008	0.3477996	0.03503071
173600	-682.707	-663.4868	-19.22028	0.3403978	0.1459952
173800	-690.5204	-671.9968	-18.5236	0.346426	0.0799513
174000	-682.2681	-663.6478	-18.6203	0.3897737	0.05051665
174200	-689.0631	-670.2508	-18.81229	0.3884774	0.07778598
174400	-683.9003	-666.061	-17.83935	0.3399623	0.02668539
174600	-679.7161	-662.0933	-17.62272	0.2872942	0.05359096
174800	-683.1851	-664.692	-18.49309	0.3223357	0.09797664
175000	-681.4579	-663.5765	-17.88138	0.3083617	0.05711336
175200	-683.2224	-665.5201	-17.70226	0.348588	0.006783023
175400	-688.9934	-669.513	-19.48045	0.3192288	0.1987402
175600	-682.9626	-663.7786	-19.184	0.3152337	0.1626321
175800	-686.3905	-668.0157	-18.37472	0.3419512	0.07542412
176000	-685.5269	-665.0925	-20.43439	0.3096549	0.2816569
176200	-687.3312	-669.1929	-18.13829	0.3420936	0.05105116
176400	-679.8628	-661.031	-18.83179	0.3054553	0.1440674
176600	-691.3092	-673.5751	-17.73409	0.3161387	0.04101889
176800	-684.8233	-666.6347	-18.18863	0.3746822	0.02741283
177000	-680.0159	-662.2526	-17.76333	0.3510811	0.01007981
177200	-680.9521	-662.8619	-18.09027	0.3615789	0.03078088
177400	-682.0226	-664.0322	-17.99036	0.3601124	0.02233772
177600	-685.6271	-667.7646	-17.86246	0.3721466	8.526309e-05
177800	-682.5443	-664.5541	-17.99014	0.3649194	0.01786054
178000	-682.9325	-664.2768	-18.65564	0.3682622	0.07231757
178200	-688.6016	-667.8886	-20.71296	0.4022991	0.2362044
178400	-684.1075	-665.6412	-18.4663	0.3451678	0.07873382
178600	-679.3382	-660.9728	-18.36536	0.3308276	0.08054911
178800	-679.4642	-662.2002	-17.26402	0.3098326	0.002313148
179000	-686.3093	-668.8793	-17.42993	0.3054186	0.02225395
179200	-690.3534	-673.1914	-17.16201	0.3002264	0.001706935
179400	-682.7446	-664.8602	-17.88441	0.3675341	0.00619617
179600	-683.701	-665.2467	-18.4543	0.3941816	0.03285187
179800	-684.3516	-665.9477	-18.40388	0.2994224	0.109367
180000	-684.452	-666.8763	-17.57576	0.3274132	0.01397208
180200	-698.7135	-677.417	-21.29657	0.3708966	0.3009217
180400	-684.5857	-664.5681	-20.01759	0.4667056	0.113866
180600	-679.5635	-661.8198	-17.74373	0.3042805	0.04908905
180800	-683.5313	-664.9209	-18.61045	0.3965183	0.04453395
181000	-685.7395	-667.7692	-17.97032	0.3213527	0.05611798
181200	-685.8586	-667.3356	-18.52308	0.4154398	0.0218228
181400	-686.3457	-667.2988	-19.04689	0.2789948	0.1869518
181600	-688.4469	-667.6156	-20.83121	0.3965518	0.2429958
181800	-681.8751	-664.0908	-17.78428	0.3003562	0.05727246
182000	-691.1834	-671.9169	-19.26657	0.4474773	0.05815148
182200	-685.292	-666.4361	-18.85588	0.3624421	0.09801473
182400	-683.571	-665.3317	-18.2393	0.3727221	0.03256267
182600	-685.0399	-666.1277	-18.91223	0.3360507	0.1225134
182800	-681.5518	-663.5918	-17.95996	0.3739712	0.007125688
183000	-685.1031	-667.3857	-17.71742	0.3031221	0.04990107
183200	-686.3429	-668.839	-17.50391	0.3129703	0.02113859
183400	-693.5365	-673.6877	-19.84887	0.3418597	0.2143443
183600	-683.8589	-666.293	-17.56587	0.3291079	0.01223427
183800	-683.9893	-666.0027	-17.98661	0.3663924	0.01643521
184000	-685.4667	-666.9844	-18.48231	0.3650187	0.06591919
184200	-694.3754	-677.3866	-16.9888	0.2768784	0.007444938
184400	-683.8327	-665.9562	-17.87654	0.373062	0.0005157422
184600	-685.577	-667.6237	-17.95329	0.3401837	0.03637895
184800	-688.4896	-670.4971	-17.9925	0.3830911	0.001948635
185000	-685.5729	-666.776	-18.79692	0.3545867	0.1041731
185200	-685.212	-665.3134	-19.89867	0.3077084	0.2314299
185400	-685.2666	-665.8922	-19.37437	0.3858703	0.1237693
185600	-684.8623	-666.4115	-18.45079	0.4270013	0.003649511
185800	-683.3365	-664.9002	-18.43633	0.3808132	0.04191923
186000	-684.3876	-666.4888	-17.89883	0.3609515	0.01338598
186200	-694.76	-672.2907	-22.46933	0.3227082	0.471574
186400	-685.7112	-667.8825	-17.82869	0.348755	0.01866082
186600	-685.5132	-667.2603	-18.25283	0.3985159	0.01181366
186800	-681.0081	-663.2193	-17.78877	0.3412629	0.02021441
187000	-687.6735	-669.7926	-17.8809	0.3641288	0.009203447
187200	-683.8825	-666.3647	-17.51776	0.32317	0.01318677
187400	-684.9581	-664.3425	-20.61559	0.3402873	0.2677656
187600	-681.0561	-663.0534	-18.00266	0.3213932	0.05763375
187800	-678.9185	-661.3841	-17.53435	0.2895983	0.04316696
188000	-683.4454	-663.5262	-19.91917	0.3116367	0.2331692
188200	-684.1379	-666.3515	-17.78638	0.325595	0.03458096
188400	-677.8729	-660.6701	-17.20281	0.305716	0.0004922941
188600	-684.4794	-665.9745	-18.50494	0.389083	0.04519184
188800	-683.2073	-664.788	-18.41928	0.3660393	0.05470841
189000	-681.3864	-663.503	-17.88336	0.3330449	0.03752378
189200	-682.1125	-663.0129	-19.09954	0.3341988	0.149559
189400	-682.0049	-664.0624	-17.9425	0.3571355	0.02052936
189600	-680.1751	-662.398	-17.77712	0.3617903	0.001660099
189800	-678.907	-660.4169	-18.49012	0.309081	0.1099923
190000	-680.1952	-662.8239	-17.37134	0.3229126	0.0001874254
190200	-694.3298	-674.624	-19.70574	0.5128154	0.04396107
190400	-682.0638	-664.2607	-17.80306	0.3351637	0.02742292
190600	-682.8557	-664.5837	-18.27195	0.34295	0.06158735
190800	-686.7402	-666.5204	-20.2198	0.3461436	0.2338094
191000	-680.0543	-662.7837	-17.27064	0.3037133	0.008268702
191200	-686.902	-668.5786	-18.32344	0.3199072	0.08550952
191400	-684.6886	-667.2316	-17.45701	0.3069762	0.02293241
191600	-690.9777	-669.3932	-21.5845	0.2986768	0.3905895
191800	-685.0033	-666.7798	-18.2235	0.3714736	0.03314165
192000	-685.5319	-667.5496	-17.98225	0.3030457	0.07169929
192200	-684.3691	-666.5946	-17.77442	0.351007	0.01129398
192400	-682.6907	-665.1808	-17.50993	0.3046965	0.02912466
192600	-685.5356	-667.3196	-18.21605	0.3058518	0.09255377
192800	-679.1054	-660.6945	-18.41092	0.3727584	0.04643276
193000	-678.7296	-660.7209	-18.00864	0.3452888	0.03665106
193200	-689.2214	-670.4344	-18.78694	0.331767	0.1157658
193400	-682.0618	-664.682	-17.3799	0.2988852	0.02206194
193600	-681.0741	-663.1091	-17.96499	0.3037417	0.07178933
193800	-681.5497	-663.0221	-18.52761	0.3686431	0.06300406
194000	-681.4574	-663.0273	-18.43003	0.32946	0.08706191
194200	-683.3706	-664.2434	-19.12716	0.369036	0.1157498
194400	-682.3901	-663.5588	-18.8313	0.4173898	0.04778816
194600	-681.1817	-663.8562	-17.32549	0.314088	0.004022932
194800	-686.1703	-668.2906	-17.87969	0.2954815	0.07208858
195000	-683.3556	-665.5915	-17.76408	0.3150485	0.04022692
195200	-682.618	-665.6063	-17.01175	0.2715166	0.01432006
195400	-681.6861	-663.3243	-18.36183	0.302	0.105645
195600	-680.7141	-662.8973	-17.81674	0.3271789	0.0350232
195800	-680.3945	-662.5269	-17.86764	0.3331854	0.0348253
196000	-681.8271	-663.0896	-18.73746	0.3118145	0.1267047
196200	-683.7461	-665.5697	-18.17639	0.3695596	0.0303539
196400	-683.9638	-664.0834	-19.88041	0.4020014	0.1508306
196600	-682.8999	-665.257	-17.64293	0.3470846	0.002782634
196800	-685.3664	-665.4096	-19.95688	0.3420036	0.2155378
197000	-683.1567	-664.4852	-18.67152	0.3614792	0.08001953
197200	-681.6233	-663.5862	-18.03718	0.3752598	0.01335058
197400	-685.3874	-665.8099	-19.5775	0.3793407	0.148526
197600	-686.7351	-668.7761	-17.95902	0.3516213	0.02736097
197800	-686.8247	-667.7163	-19.10839	0.4366035	0.05401904
198000	-686.9566	-668.59	-18.36663	0.3441454	0.06944995
198200	-690.2231	-670.789	-19.43408	0.3609844	0.1537751
198400	-688.5539	-666.7416	-21.81229	0.3463956	0.3742435
198600	-684.7268	-666.6989	-18.02789	0.3011177	0.07885854
198800	-686.6095	-667.1138	-19.4957	0.3406389	0.1744794
199000	-681.883	-663.1711	-18.71183	0.3168464	0.1244558
199200	-684.2485	-665.1183	-19.13025	0.4248733	0.06992564
199400	-682.6979	-664.7218	-17.97608	0.3633834	0.01866713
199600	-678.1033	-660.5645	-17.5388	0.3209601	0.01689489
199800	-684.0963	-664.9545	-19.14176	0.2973562	0.1727236
200000	-683.4788	-665.2758	-18.20303	0.3491607	0.05013235
