Iteration	Posterior	Likelihood	Prior	branch_rates	speciation_rate
0	-295.296	-288.1201	-7.175906	0.860746	0.1009341
200	-300.5145	-292.8778	-7.636665	0.8863862	0.115386
400	-295.4518	-287.6112	-7.84057	1.019368	0.005600344
600	-297.4891	-291.0073	-6.481795	0.6799289	0.2122262
800	-295.0411	-288.3301	-6.711039	0.8180143	0.09559732
1000	-295.4728	-290.2738	-5.198988	0.7245713	0.0361928
1200	-296.7837	-285.9318	-10.8519	1.210304	0.1211008
1400	-299.8031	-290.5694	-9.233702	0.9089655	0.2510016
1600	-297.6901	-288.4414	-9.248759	0.9804208	0.1911395
1800	-296.1829	-289.7115	-6.471383	0.7695866	0.1188005
2000	-294.5128	-288.2739	-6.238872	0.830184	0.03537702
2200	-295.0227	-287.7039	-7.318757	0.9095543	0.06536058
2400	-295.5242	-287.1195	-8.404712	1.028029	0.05551079
2600	-294.6887	-287.0472	-7.641517	0.9870649	0.01839088
2800	-296.0205	-287.4671	-8.553312	0.9486388	0.1533781
3000	-295.9176	-288.0283	-7.889255	0.923028	0.1105167
3200	-298.1604	-286.8613	-11.29908	1.125959	0.2514637
3400	-295.3034	-288.2769	-7.026495	0.8945808	0.04948163
3600	-294.8203	-288.7253	-6.094921	0.8270335	0.0238685
3800	-295.4864	-286.7795	-8.70688	0.9649725	0.1510612
4000	-299.1391	-292.7071	-6.432061	0.8512422	0.03359003
4200	-294.8414	-287.1649	-7.676516	0.9475303	0.06250121
4400	-294.4024	-286.2874	-8.115032	1.052019	0.0002898027
4600	-298.0002	-291.0423	-6.957924	0.8324481	0.1022645
4800	-296.162	-289.9869	-6.175099	0.7830991	0.07505631
5000	-298.0384	-289.3103	-8.728168	1.00493	0.1133647
5200	-294.0454	-287.4582	-6.587136	0.8909884	0.008744075
5400	-297.641	-289.689	-7.951988	0.8887406	0.1466055
5600	-296.018	-290.4825	-5.535496	0.7006922	0.09458022
5800	-296.1222	-288.1442	-7.978001	0.9937538	0.0454103
6000	-297.0684	-286.9699	-10.09851	1.164831	0.08812388
6200	-296.5514	-287.9504	-8.600965	0.9946582	0.107818
6400	-297.4897	-289.1637	-8.326007	1.03321	0.04044466
6600	-297.009	-292.6075	-4.401449	0.649932	0.03061881
6800	-296.2181	-288.4175	-7.800635	0.8906991	0.1313968
7000	-295.2891	-286.6406	-8.648472	1.037795	0.06990525
7200	-294.3656	-288.4046	-5.961007	0.8128027	0.0246227
7400	-296.7	-286.4293	-10.27068	1.227264	0.04199813
7600	-295.2453	-286.3622	-8.883031	1.06177	0.06953609
7800	-298.1837	-290.6303	-7.553378	0.7260986	0.2723405
8000	-295.7283	-290.6101	-5.118249	0.7286912	0.02459444
8200	-297.6422	-293.0468	-4.595399	0.6330416	0.06838291
8400	-296.768	-290.3926	-6.375387	0.7480841	0.1298951
8600	-296.6593	-287.9861	-8.673276	0.9348649	0.1782511
8800	-297.5826	-286.3382	-11.24437	1.212773	0.1589732
9000	-296.5504	-287.0118	-9.538506	1.147056	0.0490483
9200	-295.0879	-289.7279	-5.360019	0.7717487	0.005070764
9400	-294.3935	-287.7031	-6.690436	0.9008386	0.009206112
9600	-294.5103	-287.432	-7.078317	0.914189	0.0354481
9800	-299.5636	-289.167	-10.39663	0.8430552	0.452642
10000	-294.5743	-288.3362	-6.238078	0.8602798	0.004425087
10200	-294.9375	-286.8599	-8.077607	1.033963	0.01513954
10400	-295.5402	-290.336	-5.20426	0.7057054	0.05626917
10600	-297.7967	-289.2782	-8.518514	0.7633503	0.3352847
10800	-295.4833	-290.584	-4.89931	0.7240421	0.006765076
11000	-295.5918	-290.8427	-4.749127	0.7059084	0.009826599
11200	-294.3899	-286.7556	-7.634268	0.96984	0.03555182
11400	-297.7011	-289.0585	-8.642581	0.9336208	0.1746183
11600	-298.7448	-292.1571	-6.587644	0.6972325	0.203778
11800	-295.6906	-287.9725	-7.718033	0.9421288	0.07255703
12000	-298.5877	-294.1283	-4.459348	0.6789497	0.007535539
12200	-295.6111	-288.3052	-7.305855	0.8896698	0.08367984
12400	-296.2939	-288.2582	-8.035638	1.037629	0.006848111
12600	-296.4475	-290.325	-6.122501	0.782356	0.0704393
12800	-294.2182	-286.9527	-7.265482	0.9443173	0.02370765
13000	-296.5852	-286.7879	-9.7973	1.090816	0.1347848
13200	-296.2439	-288.9799	-7.263995	0.8853248	0.08393046
13400	-301.574	-290.4703	-11.10374	1.003791	0.3427296
13600	-299.2019	-290.463	-8.738968	0.7553533	0.3580336
13800	-296.5684	-292.1682	-4.400114	0.6559951	0.02531835
14000	-297.1478	-290.7457	-6.402096	0.7675438	0.1160771
14200	-295.4395	-286.8229	-8.616542	1.067484	0.03624193
14400	-296.808	-285.4468	-11.36111	1.367692	0.009673337
14600	-295.8907	-289.0118	-6.878909	0.8337727	0.09754638
14800	-295.4612	-288.8563	-6.604916	0.8059331	0.09661991
15000	-298.2836	-293.7462	-4.537446	0.680114	0.01480803
15200	-296.1598	-291.2225	-4.937348	0.7334582	0.001065095
15400	-301.9031	-291.3518	-10.55127	1.26196	0.03461219
15600	-296.7255	-290.8095	-5.915976	0.6874662	0.1452853
15800	-294.9603	-288.7629	-6.197408	0.8291245	0.03183185
16000	-294.9164	-289.4217	-5.494759	0.7488287	0.04220177
16200	-296.5765	-290.6741	-5.902376	0.8288387	0.002167428
16400	-296.1038	-286.387	-9.716761	1.123353	0.09198067
16600	-297.2343	-290.8323	-6.402003	0.8451257	0.03665665
16800	-301.0217	-288.7668	-12.25496	1.286394	0.1844301
17000	-297.1323	-288.2158	-8.916473	0.8716072	0.2639624
17200	-302.5401	-289.9082	-12.63187	1.371994	0.1309762
17400	-295.3121	-287.8123	-7.499791	0.915342	0.07711475
17600	-295.9324	-287.2102	-8.722182	1.032818	0.08200858
17800	-295.9995	-288.6419	-7.357637	0.8931776	0.0843412
18000	-295.2212	-286.6305	-8.590655	0.9981451	0.105605
18200	-294.9247	-288.8768	-6.047982	0.8020317	0.0441412
18400	-296.6119	-288.2961	-8.315756	1.015274	0.05786978
18600	-303.3796	-289.5655	-13.81412	1.357253	0.2716171
18800	-295.6986	-290.2663	-5.432349	0.7070495	0.07808128
19000	-300.7915	-293.0948	-7.696685	0.7320361	0.2704268
19200	-299.345	-287.977	-11.36808	1.375767	0.001922767
19400	-295.723	-289.6075	-6.115581	0.8060004	0.04649103
19600	-294.0987	-287.6885	-6.410131	0.8788373	0.003035908
19800	-296.0569	-287.2781	-8.778714	0.9176241	0.2073007
20000	-299.5834	-286.3974	-13.18598	1.358684	0.2131511
20200	-297.4697	-288.9977	-8.471982	0.8193206	0.2700185
20400	-296.6793	-290.529	-6.150302	0.7829373	0.07383913
20600	-296.8389	-289.3546	-7.484257	0.8205963	0.1691131
20800	-300.2725	-289.3788	-10.8937	1.270414	0.06052295
21000	-295.8457	-291.2777	-4.567981	0.6742499	0.02331539
21200	-296.1836	-291.3129	-4.870677	0.6974826	0.03101038
21400	-298.4937	-289.3633	-9.13047	1.063593	0.09284902
21600	-295.0042	-287.3259	-7.678332	0.9438295	0.06619524
21800	-294.2283	-287.6452	-6.583107	0.8773181	0.02231127
22000	-295.7596	-290.6424	-5.11721	0.7384401	0.01416365
22200	-296.9907	-291.5458	-5.444861	0.6870912	0.09735037
22400	-295.0615	-286.6883	-8.37327	1.017771	0.06253696
22600	-294.6259	-288.7583	-5.867551	0.8060557	0.02191526
22800	-295.1857	-286.9982	-8.187568	1.04567	0.0145703
23000	-297.5286	-290.1151	-7.41355	0.8669934	0.1179019
23200	-297.2751	-291.8263	-5.44881	0.7612247	0.02466946
23400	-294.8842	-288.894	-5.990232	0.8220312	0.01831622
23600	-301.6146	-288.2907	-13.32391	1.401204	0.1769567
23800	-294.7973	-289.4138	-5.383531	0.7563012	0.02308039
24000	-296.1715	-287.5016	-8.669898	1.004419	0.1053255
24200	-295.7295	-287.3195	-8.409952	1.003119	0.08110754
24400	-294.5781	-288.9861	-5.592012	0.7734964	0.02693563
24600	-298.9846	-291.0604	-7.924175	0.6825171	0.3510841
24800	-296.1668	-289.7379	-6.428901	0.7932909	0.09088321
25000	-295.2377	-289.1123	-6.125423	0.8395899	0.01391057
25200	-295.2103	-287.5464	-7.663926	0.9211216	0.08828405
25400	-296.1339	-289.4113	-6.722601	0.8877337	0.02531637
25600	-297.7896	-288.4431	-9.34651	0.8687012	0.3093391
25800	-295.9002	-287.6393	-8.260908	0.925365	0.144142
26000	-296.199	-290.1255	-6.073542	0.8124888	0.03644848
26200	-296.2387	-288.8867	-7.352077	0.8491154	0.1312717
26400	-302.6552	-288.0677	-14.5875	1.480765	0.226601
26600	-298.004	-289.0448	-8.959129	0.9384449	0.1992882
26800	-296.5467	-289.1684	-7.378309	0.7910906	0.1891363
27000	-294.3461	-287.0019	-7.344181	0.9486382	0.0275408
27200	-296.2583	-289.2991	-6.959163	0.8229575	0.1170214
27400	-297.0334	-286.8255	-10.20786	1.080176	0.186087
27600	-295.7028	-286.9729	-8.729887	1.048745	0.06807052
27800	-295.1273	-286.9151	-8.212193	1.030441	0.03291826
28000	-295.1659	-288.0261	-7.139784	0.8782211	0.07781115
28200	-294.9404	-286.2215	-8.718964	1.084001	0.02969639
28400	-296.9876	-290.0829	-6.904683	0.8945219	0.03641548
28600	-295.6191	-288.2032	-7.415832	0.9006075	0.08359266
28800	-297.9739	-287.9353	-10.03854	1.170492	0.07786944
29000	-295.215	-287.6007	-7.614246	0.917043	0.08850774
29200	-294.8318	-288.4197	-6.41213	0.8082907	0.07514491
29400	-296.8743	-291.2406	-5.633699	0.703344	0.1001477
29600	-303.2382	-296.9168	-6.321386	0.6802847	0.1940018
29800	-296.3689	-288.9527	-7.41623	0.9216255	0.06103417
30000	-295.0515	-286.9561	-8.095413	1.03214	0.01868439
30200	-294.8078	-288.6931	-6.114698	0.7959024	0.05757248
30400	-295.7062	-289.6318	-6.074367	0.7400447	0.1093749
30600	-297.8773	-289.977	-7.900286	0.9971065	0.03527021
30800	-299.0109	-289.1822	-9.828727	0.8633157	0.3728086
31000	-299.008	-291.7529	-7.255166	0.9589892	0.007316733
31200	-295.5369	-289.3539	-6.183035	0.7978325	0.06169618
31400	-295.3161	-286.731	-8.585157	1.062738	0.03760809
31600	-298.521	-291.6228	-6.898246	0.6648586	0.2702771
31800	-296.6935	-290.119	-6.574553	0.8716848	0.0275894
32000	-298.0124	-292.8771	-5.135323	0.7454567	0.008757372
32200	-298.0113	-293.5502	-4.461079	0.620274	0.06794673
32400	-297.5264	-285.4321	-12.09432	1.421267	0.03067747
32600	-295.6208	-286.7033	-8.917537	1.001296	0.1350741
32800	-294.8515	-288.1652	-6.686303	0.8405994	0.07047203
33000	-295.4229	-289.2057	-6.217272	0.7852306	0.07845109
33200	-296.2558	-290.0317	-6.224142	0.7607162	0.1046533
33400	-300.664	-294.4283	-6.235644	0.6327564	0.2375592
33600	-295.0513	-287.7151	-7.336254	0.9125892	0.06299522
33800	-294.5247	-286.3447	-8.179984	1.038365	0.02123489
34000	-297.9713	-286.7422	-11.22912	1.049017	0.3259275
34200	-294.3307	-287.2975	-7.033192	0.9435895	0.0005386949
34400	-296.8864	-288.5706	-8.315754	0.8828401	0.1938455
34600	-300.5884	-292.2899	-8.298487	0.9320908	0.1453536
34800	-298.9192	-292.1713	-6.747888	0.8989242	0.01730585
35000	-301.3173	-290.1166	-11.20071	0.7673404	0.6037922
35200	-294.2891	-286.5203	-7.768818	1.000551	0.01775806
35400	-296.2357	-287.3198	-8.915922	1.006211	0.1294629
35600	-295.6768	-288.9304	-6.746442	0.7759836	0.1416557
35800	-294.5068	-287.6097	-6.897068	0.9032013	0.02786522
36000	-300.1322	-290.0883	-10.04394	1.174566	0.07162847
36200	-296.68	-287.6494	-9.030519	0.9596307	0.1890321
36400	-295.296	-288.6365	-6.65957	0.8151609	0.09332844
36600	-296.8364	-287.2712	-9.565261	0.9206306	0.2845822
36800	-297.3795	-292.3786	-5.00095	0.6917646	0.04827636
37000	-294.7723	-287.7927	-6.979554	0.9155166	0.02365851
37200	-294.1375	-287.0463	-7.091229	0.9488002	0.001148456
37400	-294.251	-287.2384	-7.012625	0.9214994	0.02120379
37600	-295.847	-289.5239	-6.323151	0.8181935	0.05516513
37800	-294.7378	-289.3149	-5.422865	0.7821102	0.0009803484
38000	-295.5583	-285.7345	-9.823766	1.175446	0.04983213
38200	-297.0271	-291.212	-5.81514	0.6897037	0.1323827
38400	-294.128	-288.1149	-6.013051	0.8387001	0.003469688
38600	-296.4544	-285.9685	-10.48589	1.148722	0.1474422
38800	-295.6359	-287.7699	-7.865922	0.8662923	0.1643568
39000	-295.9868	-290.5034	-5.483461	0.7323053	0.05755453
39200	-296.0521	-290.0922	-5.959903	0.7254482	0.1117848
39400	-297.4803	-291.5318	-5.948417	0.8181088	0.01746208
39600	-296.1156	-288.5373	-7.578308	0.9684585	0.03068175
39800	-296.5911	-290.9161	-5.675036	0.7634632	0.04484221
40000	-295.7232	-286.5133	-9.209871	1.143545	0.01888826
40200	-295.3376	-289.3706	-5.96704	0.7485093	0.0903603
40400	-296.805	-288.3161	-8.488845	0.8624761	0.2352041
40600	-299.8522	-286.221	-13.6312	1.455002	0.1583085
40800	-298.9986	-290.0988	-8.899772	0.8759265	0.260076
41000	-296.6819	-289.3656	-7.316237	0.946733	0.02581435
41200	-296.4669	-288.9095	-7.557402	0.8931049	0.1079834
41400	-295.4439	-288.6648	-6.779096	0.858484	0.06129611
41600	-297.5248	-291.4751	-6.049688	0.7362831	0.113281
41800	-295.5528	-286.2946	-9.258266	1.118125	0.05022349
42000	-298.3695	-289.4377	-8.931758	0.8674549	0.2671367
42200	-298.2993	-291.7165	-6.582851	0.861129	0.03711223
42400	-297.4062	-292.6677	-4.738461	0.6589002	0.05695605
42600	-296.8876	-287.474	-9.413583	1.015581	0.1706394
42800	-295.0801	-287.5357	-7.544479	0.96866	0.02776294
43000	-300.0413	-290.5157	-9.525597	0.9857889	0.213908
43200	-295.8415	-289.2775	-6.563986	0.8674513	0.02980305
43400	-297.2479	-288.684	-8.563865	0.9580874	0.1398617
43600	-298.74	-286.3954	-12.34455	1.220365	0.2639761
43800	-296.4936	-286.77	-9.723538	0.9904377	0.23137
44000	-296.4606	-291.2558	-5.204721	0.6843947	0.07672412
44200	-294.741	-288.0944	-6.646573	0.8655311	0.04073701
44400	-298.2637	-290.6786	-7.585153	0.7965662	0.2088283
44600	-295.7981	-290.6375	-5.160515	0.7561977	0.0006444746
44800	-297.7078	-286.7079	-10.99988	1.309856	0.03207695
45000	-296.0672	-287.6311	-8.436184	0.9981948	0.0876966
45200	-296.1284	-286.7802	-9.348205	1.049089	0.1314122
45400	-295.7451	-288.7345	-7.010604	0.7984923	0.1464968
45600	-294.0956	-287.0488	-7.046753	0.941807	0.003765872
45800	-300.5267	-293.2939	-7.232803	0.7996523	0.1638949
46000	-296.3967	-288.1945	-8.202166	1.044998	0.01620964
46200	-294.9637	-286.7992	-8.164576	1.006572	0.0520903
46400	-296.9724	-288.622	-8.350446	1.062212	0.0139651
46600	-294.3697	-287.6196	-6.750065	0.8911011	0.02551499
46800	-298.3483	-290.3042	-8.044134	0.962887	0.08505352
47000	-294.8997	-287.1258	-7.773828	1.008625	0.009934497
47200	-296.2165	-288.2771	-7.939363	0.9881054	0.0485116
47400	-297.7823	-288.6846	-9.097668	0.9513631	0.2034796
47600	-296.9005	-290.6465	-6.253996	0.6939161	0.1735618
47800	-297.1651	-290.0825	-7.082632	0.8026039	0.1513975
48000	-296.1631	-288.4159	-7.747227	0.8933614	0.1251133
48200	-294.7265	-286.0518	-8.674707	1.092473	0.01647911
48400	-302.4154	-291.7402	-10.67521	1.017418	0.2871443
48600	-300.0283	-293.9346	-6.093734	0.8382819	0.01247805
48800	-294.7988	-286.6262	-8.172606	1.023352	0.03620319
49000	-294.9177	-287.6569	-7.260757	0.9026226	0.06608438
49200	-294.4771	-287.1167	-7.360479	0.968072	0.008990352
49400	-299.2034	-285.5817	-13.62178	1.447814	0.1647382
49600	-297.9007	-290.7971	-7.103599	0.9119109	0.03850026
49800	-296.4437	-287.4509	-8.992825	0.9482817	0.1954918
50000	-296.1968	-288.8859	-7.31091	0.8849095	0.08886331
50200	-297.5785	-286.2783	-11.30019	1.046596	0.3356765
50400	-295.6412	-287.1731	-8.468103	0.9546037	0.1372972
50600	-298.6211	-291.7935	-6.827565	0.6957871	0.2253915
50800	-300.7867	-291.3423	-9.444459	1.138381	0.04969835
51000	-295.4431	-290.236	-5.207157	0.7386705	0.02309521
51200	-295.2902	-288.7092	-6.581017	0.8352874	0.06544025
51400	-297.1683	-289.0937	-8.074542	1.038475	0.009872243
51600	-297.9826	-290.5634	-7.419155	0.8624267	0.124895
51800	-295.073	-287.0377	-8.035347	1.029375	0.01563819
52000	-295.7348	-289.4036	-6.331143	0.8521475	0.02200668
52200	-298.365	-290.6469	-7.718118	0.7919978	0.2192435
52400	-297.3403	-290.7128	-6.627524	0.8435793	0.06020917
52600	-294.4576	-287.0577	-7.399902	0.9720972	0.008903665
52800	-294.3869	-288.5454	-5.841471	0.8218903	0.003146096
53000	-297.4763	-290.4082	-7.068077	0.9303171	0.01774097
53200	-296.1575	-289.2646	-6.892953	0.9140455	0.01675595
53400	-295.585	-288.6493	-6.935708	0.8055721	0.1323849
53600	-295.2751	-290.0936	-5.181521	0.7429744	0.01601232
53800	-295.0872	-288.4224	-6.664856	0.8838622	0.02366261
54000	-296.3362	-287.0656	-9.270565	0.9599581	0.21353
54200	-298.717	-291.3652	-7.351861	0.9682503	0.007546365
54400	-296.0276	-288.4003	-7.627307	0.9494625	0.05623764
54600	-296.3703	-287.2858	-9.084574	0.9586829	0.197543
54800	-294.6936	-286.8651	-7.828544	1.008554	0.01550323
55000	-297.7693	-288.2301	-9.539203	0.9551976	0.2499622
55200	-296.4856	-291.3705	-5.115107	0.7160181	0.03704549
55400	-295.251	-286.892	-8.359018	1.040781	0.03718601
55600	-297.1867	-288.4862	-8.700493	0.8529087	0.2603181
55800	-294.8279	-286.6579	-8.169938	1.005974	0.05343279
56000	-295.9239	-290.4524	-5.47149	0.7227233	0.06529378
56200	-300.2067	-295.4575	-4.749185	0.6258242	0.09163073
56400	-296.0627	-290.8394	-5.223257	0.7625006	0.0006179986
56600	-296.878	-289.4623	-7.415646	0.8434088	0.1412333
56800	-296.3782	-287.4032	-8.974952	1.118538	0.02066771
57000	-297.483	-291.2626	-6.220417	0.7032179	0.1584412
57200	-294.4494	-287.3891	-7.060343	0.9242639	0.02306912
57400	-297.9518	-286.9059	-11.04594	1.021905	0.3310447
57600	-297.8417	-288.9367	-8.905025	0.8931919	0.2475108
57800	-300.3862	-290.701	-9.685203	0.8324653	0.3905488
58000	-296.3502	-289.4692	-6.880989	0.7828496	0.1468596
58200	-295.1897	-290.0896	-5.100057	0.7121585	0.0391305
58400	-296.7106	-288.7857	-7.92488	1.000761	0.03407086
58600	-294.5597	-287.9932	-6.566587	0.8417525	0.05713641
58800	-294.3192	-288.0857	-6.233542	0.8312012	0.03372109
59000	-295.17	-289.9282	-5.241862	0.7309113	0.03458738
59200	-295.0387	-286.2402	-8.798563	1.070414	0.05203218
59400	-294.666	-286.8728	-7.793253	0.952374	0.07006615
59600	-295.932	-286.2535	-9.678479	1.107666	0.1047307
59800	-295.2949	-286.4039	-8.890984	1.028119	0.1057603
60000	-297.792	-290.8671	-6.924936	0.6960183	0.2409238
60200	-296.7778	-289.0248	-7.752986	0.8866355	0.1300975
60400	-295.4451	-288.4602	-6.984904	0.8311617	0.109642
60600	-298.274	-293.3989	-4.875161	0.6362226	0.09170035
60800	-298.7065	-292.8096	-5.896829	0.722573	0.1056045
61000	-298.3065	-288.552	-9.754444	0.848902	0.372391
61200	-298.5122	-291.4899	-7.022293	0.840483	0.1000237
61400	-296.6852	-287.7898	-8.895456	1.083899	0.04800326
61600	-297.0995	-290.9605	-6.138975	0.8360718	0.01844736
61800	-294.8683	-286.9409	-7.927362	1.030316	0.003354902
62000	-294.5855	-287.9535	-6.632045	0.8546158	0.05033462
62200	-296.1418	-289.902	-6.239817	0.8002327	0.06589973
62400	-299.644	-292.5961	-7.047947	0.6996265	0.2490649
62600	-300.2006	-291.3211	-8.879539	0.8774689	0.2434022
62800	-296.6289	-288.289	-8.339911	0.919035	0.1580213
63000	-294.7478	-287.5899	-7.157866	0.8850427	0.07349615
63200	-297.6376	-289.6105	-8.027052	0.7536284	0.2925444
63400	-294.631	-287.7736	-6.857388	0.9216128	0.00501612
63600	-296.7389	-288.6613	-8.077611	0.931261	0.1203764
63800	-294.8016	-289.222	-5.57952	0.7652105	0.03415361
64000	-295.8948	-287.7976	-8.097183	0.9006886	0.1548409
64200	-295.7965	-290.636	-5.160469	0.7293842	0.0279471
64400	-297.4025	-290.4269	-6.975658	0.9077712	0.03089932
64600	-296.0042	-286.3346	-9.669688	1.153962	0.0556131
64800	-296.334	-289.2112	-7.122788	0.9023369	0.05102379
65000	-294.8758	-287.9044	-6.971424	0.8909809	0.04833459
65200	-295.4956	-291.0682	-4.427402	0.6705905	0.01308906
65400	-295.6085	-287.5532	-8.055341	0.9578351	0.09205649
65600	-295.7527	-290.8194	-4.933282	0.6802853	0.05441404
65800	-300.0258	-289.9062	-10.11959	0.9222125	0.3295493
66000	-296.9085	-292.442	-4.466484	0.686656	0.0008032872
66200	-294.3274	-288.1023	-6.22507	0.8528045	0.01084567
66400	-299.3276	-289.4991	-9.828483	1.030488	0.1948365
66600	-299.5826	-288.6092	-10.97336	1.291734	0.04726782
66800	-301.6794	-292.1441	-9.535237	1.012056	0.1876697
67000	-295.8421	-289.3187	-6.523401	0.8137056	0.07973616
67200	-298.167	-292.6329	-5.534043	0.7836082	0.01050296
67400	-295.3555	-288.266	-7.089596	0.917898	0.03231282
67600	-296.839	-290.5089	-6.330119	0.8666123	0.007203383
67800	-297.1006	-286.9165	-10.18418	0.9449821	0.3236523
68000	-295.5977	-287.4102	-8.187513	0.9030688	0.1599967
68200	-295.5256	-287.096	-8.429595	0.9696415	0.1188363
68400	-296.0005	-287.5641	-8.43642	0.9960522	0.09016363
68600	-297.8696	-289.7631	-8.106463	0.9496569	0.1010026
68800	-296.7375	-288.9264	-7.811032	0.899593	0.1227697
69000	-301.3123	-287.0495	-14.26281	1.223806	0.4542033
69200	-296.4454	-289.6945	-6.75089	0.7920208	0.1278607
69400	-296.5511	-289.0886	-7.462549	0.9250259	0.06216751
69600	-297.8996	-291.1958	-6.70374	0.8431105	0.06963604
69800	-297.9568	-287.9713	-9.985429	0.9262429	0.3168807
70000	-296.6087	-291.9464	-4.662288	0.6560846	0.05085705
70200	-298.4793	-294.9688	-3.510512	0.5836895	0.007982199
70400	-295.9416	-290.8206	-5.120998	0.7521311	0.0007741833
70600	-302.2873	-289.9491	-12.33826	0.9153456	0.5547769
70800	-295.477	-289.158	-6.31906	0.824772	0.04929453
71000	-296.3227	-287.9753	-8.34731	0.9173297	0.1645524
71200	-294.5522	-287.0633	-7.488908	0.9350801	0.05635774
71400	-294.6445	-288.2409	-6.403599	0.8242414	0.05798307
71600	-294.0829	-287.892	-6.190897	0.857221	0.002744046
71800	-296.2781	-288.5246	-7.753504	0.8016374	0.2183244
72000	-299.7539	-290.1119	-9.642064	0.7407688	0.4655616
72200	-296.1441	-287.8532	-8.290834	1.045392	0.0248762
72400	-295.5843	-291.104	-4.480289	0.6841564	0.004745789
72600	-295.169	-289.4749	-5.694092	0.7485695	0.06296734
72800	-295.5904	-286.7485	-8.841879	0.9947776	0.1343227
73000	-295.5138	-289.8251	-5.688694	0.7592196	0.05059929
73200	-299.6496	-292.5045	-7.1451	0.8862036	0.06856042
73400	-296.0887	-288.3583	-7.730427	0.8132049	0.2045719
73600	-300.9123	-291.4487	-9.463671	0.8833723	0.2977047
73800	-297.647	-290.0432	-7.603758	0.9750405	0.02708373
74000	-300.3767	-292.0131	-8.363526	1.021754	0.05489872
74200	-295.6458	-288.1969	-7.448916	0.9796609	0.006134515
74400	-298.9604	-285.3652	-13.59528	1.345637	0.2672564
74600	-296.0554	-289.3937	-6.661669	0.7865053	0.1213077
74800	-299.1277	-294.3012	-4.826503	0.6881659	0.03400099
75000	-296.6073	-288.6439	-7.963365	0.9777059	0.06036776
75200	-296.6773	-289.5611	-7.116214	0.9385486	0.0139393
75400	-297.5556	-293.3146	-4.241032	0.6554859	0.009445284
75600	-300.2645	-290.9611	-9.303361	0.9827495	0.1825395
75800	-295.0933	-289.7182	-5.375076	0.7533155	0.02538789
76000	-295.0043	-288.8684	-6.135876	0.7956611	0.05956311
76200	-294.3982	-287.0749	-7.323296	0.9390751	0.03523868
76400	-295.9988	-290.5292	-5.469581	0.7352436	0.05257162
76600	-296.0864	-288.3875	-7.698894	0.8121983	0.2023336
76800	-295.7862	-287.6874	-8.098823	1.024424	0.02755301
77000	-294.9368	-287.0709	-7.865914	0.9526103	0.07669173
77200	-294.9999	-287.5466	-7.453365	0.9412572	0.04574992
77400	-297.1324	-289.6755	-7.456943	0.869997	0.1210081
77600	-296.0179	-286.2937	-9.724233	1.154285	0.06160511
77800	-295.5995	-287.5008	-8.098739	1.016828	0.03541692
78000	-294.7481	-287.7669	-6.981193	0.8939932	0.04574939
78200	-299.0985	-289.4363	-9.662144	0.8482215	0.3684324
78400	-299.0391	-293.6747	-5.364368	0.651507	0.1277538
78600	-298.1768	-290.8177	-7.359053	0.9523799	0.02492707
78800	-295.5915	-288.1913	-7.400153	0.9449698	0.03746646
79000	-296.1589	-286.6329	-9.526016	1.179275	0.01482461
79200	-294.447	-288.8212	-5.625846	0.8022756	0.001125566
79400	-296.3403	-286.455	-9.885256	1.039995	0.1951443
79600	-295.071	-286.8734	-8.197537	1.016369	0.04593736
79800	-296.8398	-289.3307	-7.509104	0.9134791	0.07949787
80000	-299.2564	-291.9614	-7.294989	0.8604994	0.1140686
80200	-297.3307	-287.9405	-9.390237	1.144579	0.03594511
80400	-295.4161	-289.8402	-5.575878	0.7885493	0.009934901
80600	-294.6811	-288.8172	-5.863952	0.7894321	0.03834945
80800	-294.9945	-286.9294	-8.065159	0.9482709	0.1019472
81000	-298.4326	-293.6528	-4.779784	0.6384251	0.07853411
81200	-296.4184	-289.3785	-7.039857	0.9394894	0.005366413
81400	-294.8909	-286.3681	-8.522795	1.045106	0.04965044
81600	-297.241	-289.118	-8.123019	0.8337235	0.2250059
81800	-297.9194	-290.4495	-7.469907	0.8816601	0.1106231
82000	-295.6043	-286.9858	-8.618478	0.9745038	0.1325022
82200	-297.8553	-292.095	-5.760291	0.6632924	0.1524137
82400	-298.3575	-290.3785	-7.97901	0.7189327	0.3262494
82600	-296.4854	-287.2352	-9.250127	1.066893	0.102585
82800	-296.7062	-287.9695	-8.736792	1.00868	0.1102493
83000	-295.9316	-286.8473	-9.084302	1.105673	0.04548434
83200	-295.9226	-289.3765	-6.546097	0.8182049	0.07772034
83400	-297.0385	-289.1988	-7.839669	0.8261657	0.1991529
83600	-301.138	-291.7513	-9.386718	0.8172238	0.3759212
83800	-296.1274	-289.8581	-6.269347	0.7837076	0.08646209
84000	-296.771	-287.6099	-9.161071	0.9684972	0.1967179
84200	-297.9484	-290.3812	-7.567233	0.8285799	0.1752644
84400	-296.3054	-289.8325	-6.472906	0.7849429	0.1035507
84600	-300.3339	-292.6091	-7.724734	0.8976209	0.1120674
84800	-297.5893	-292.2158	-5.373566	0.6333334	0.1452466
85000	-297.327	-289.4535	-7.873544	0.8288129	0.1993695
85200	-294.5285	-288.4913	-6.037167	0.841576	0.002979354
85400	-294.8267	-289.2082	-5.618455	0.795779	0.00700991
85600	-298.5593	-289.3603	-9.199021	0.9083534	0.260733
85800	-297.3803	-291.785	-5.595297	0.6647418	0.1351066
86000	-296.7741	-285.9199	-10.85418	1.311246	0.01568095
86200	-300.5218	-293.0605	-7.461311	0.709437	0.2778175
86400	-294.6031	-287.3364	-7.266687	0.9331773	0.03562419
86600	-298.7043	-288.721	-9.98329	0.9656232	0.2750082
86800	-298.211	-289.408	-8.802914	0.8413633	0.2905235
87000	-295.1364	-286.5145	-8.62189	1.086917	0.01685252
87200	-294.3308	-288.012	-6.318757	0.8609839	0.01198699
87400	-296.4237	-291.9644	-4.459213	0.6732225	0.01360857
87600	-295.1857	-289.679	-5.506755	0.7365141	0.05577347
87800	-296.1427	-288.3202	-7.822442	0.9969248	0.02647225
88000	-296.2594	-289.2552	-7.004143	0.8423359	0.1014473
88200	-295.5546	-288.6347	-6.91991	0.8236754	0.1125609
88400	-295.4757	-287.312	-8.163726	1.00419	0.05432812
88600	-296.6832	-286.9045	-9.77869	0.9821128	0.2425927
88800	-294.9885	-289.0326	-5.955962	0.7913939	0.04584099
89000	-300.2777	-291.9499	-8.327862	0.8042477	0.264643
89200	-294.4274	-287.1015	-7.325908	0.9659851	0.007625155
89400	-297.4188	-286.3477	-11.07108	1.224528	0.1284121
89600	-295.8704	-290.1565	-5.713938	0.7400663	0.07276696
89800	-297.8272	-287.8188	-10.00844	1.016253	0.2295311
90000	-296.6701	-289.9076	-6.762531	0.9106723	0.006564366
90200	-294.6094	-288.0862	-6.523202	0.8619648	0.03164867
90400	-295.3687	-289.8899	-5.478827	0.7513165	0.03841087
90600	-296.7469	-289.4284	-7.318451	0.9260496	0.04735077
90800	-296.4265	-288.628	-7.798538	0.9812931	0.03971545
91000	-296.0613	-290.0313	-6.029964	0.8134821	0.03056869
91200	-295.3954	-289.3805	-6.01494	0.7828249	0.05985164
91400	-295.5126	-288.1458	-7.366793	0.8870717	0.09249342
91600	-295.0052	-289.5736	-5.431568	0.7799601	0.00400603
91800	-296.0738	-287.3357	-8.738148	0.9291875	0.1893575
92000	-295.6678	-289.9546	-5.713191	0.7445245	0.06905856
92200	-300.0244	-293.4463	-6.578102	0.8769673	0.02095209
92400	-302.3624	-299.2513	-3.111156	0.5191654	0.03290324
92600	-302.0185	-288.3957	-13.62281	1.028844	0.5865917
92800	-296.5375	-290.1681	-6.369394	0.8489695	0.02857825
93000	-294.6268	-286.7199	-7.906891	1.007901	0.02457294
93200	-301.4671	-295.5856	-5.881536	0.7765455	0.05085319
93400	-295.9623	-290.3205	-5.641755	0.7770894	0.0279827
93600	-299.5792	-288.7283	-10.8509	1.322993	0.002972038
93800	-295.8211	-287.211	-8.61007	1.027259	0.07640984
94000	-297.03	-290.0735	-6.956522	0.7409841	0.1955711
94200	-295.2688	-287.5978	-7.670963	0.887876	0.1233225
94400	-294.4771	-287.2268	-7.250253	0.9630856	0.002800109
94600	-296.2688	-291.8792	-4.389659	0.6582522	0.02183307
94800	-300.8845	-292.1007	-8.783842	1.117568	0.001711261
95000	-294.7519	-289.0673	-5.684625	0.7802278	0.02966477
95200	-296.3992	-290.1793	-6.219903	0.7717572	0.09145191
95400	-295.1774	-288.004	-7.173456	0.8908901	0.06856885
95600	-295.0354	-288.0114	-7.024027	0.8644991	0.08115975
95800	-297.6536	-290.6237	-7.029897	0.8876349	0.05550184
96000	-296.5164	-285.9801	-10.53625	1.220458	0.07685352
96200	-295.9848	-287.1916	-8.793217	0.9295091	0.1972544
96400	-296.3372	-288.0251	-8.312069	0.9269101	0.1469828
96600	-299.203	-291.4757	-7.727262	1.012138	0.001373222
96800	-295.0811	-287.7927	-7.288372	0.9327011	0.03755325
97000	-298.2021	-290.5285	-7.673594	0.8238631	0.1825811
97200	-295.9662	-286.2247	-9.741572	1.153528	0.06397053
97400	-296.5827	-292.0687	-4.514055	0.6670603	0.02514358
97600	-297.0302	-286.0609	-10.96926	1.23631	0.1066462
97800	-297.6541	-293.4514	-4.202697	0.5958112	0.06487421
98000	-296.661	-290.123	-6.537988	0.8795599	0.01510871
98200	-295.2104	-286.1394	-9.070991	1.13775	0.01063978
98400	-295.9261	-288.9619	-6.964234	0.9199078	0.01798517
98600	-298.5747	-289.3375	-9.237194	0.9336102	0.2321611
98800	-296.0581	-286.6693	-9.388781	1.133004	0.04809059
99000	-296.7998	-288.8103	-7.989472	0.9593876	0.08372561
99200	-295.0987	-290.2055	-4.893258	0.7070924	0.02327618
99400	-295.9554	-288.0595	-7.895915	0.8952875	0.1369952
99600	-296.3106	-291.0339	-5.276675	0.7250914	0.04337862
99800	-300.5538	-291.0632	-9.490664	0.9227438	0.2626214
100000	-294.8782	-288.9909	-5.887358	0.7827003	0.04752201
100200	-300.0956	-293.5371	-6.55846	0.6007513	0.2924885
100400	-299.279	-287.6202	-11.65885	1.378841	0.02876093
100600	-298.0355	-289.5682	-8.467278	1.020051	0.06792904
100800	-294.9678	-287.8968	-7.070965	0.8710947	0.07928998
101000	-294.0575	-286.7089	-7.348562	0.9732246	0.002512021
101200	-297.4081	-290.9732	-6.434879	0.7470871	0.1418051
101400	-295.0184	-287.612	-7.406409	0.9793937	0.002078729
101600	-294.5646	-288.4347	-6.129869	0.8321115	0.02217918
101800	-294.6776	-287.4009	-7.276642	0.9295706	0.03983617
102000	-297.0762	-289.9067	-7.16942	0.732285	0.2281334
102200	-300.6138	-294.8996	-5.714152	0.6146543	0.1978696
102400	-295.5505	-289.9102	-5.64026	0.7243039	0.081984
102600	-295.2894	-290.2756	-5.013709	0.706945	0.03550073
102800	-295.8842	-288.5936	-7.290614	0.9120341	0.05943441
103000	-296.5997	-287.4263	-9.173385	0.9321356	0.232496
103200	-295.0691	-286.6722	-8.396932	1.059615	0.02158495
103400	-295.843	-290.4553	-5.387711	0.7659833	0.01404639
103600	-296.5867	-290.0699	-6.516721	0.7157806	0.1789398
103800	-298.9303	-286.8542	-12.07614	1.031138	0.4334001
104000	-296.2341	-292.1139	-4.120297	0.6452418	0.007562669
104200	-299.9954	-291.9781	-8.017296	0.6417788	0.4028275
104400	-294.5242	-287.5649	-6.959288	0.8940133	0.04392815
104600	-295.9563	-289.4092	-6.547089	0.8433504	0.05317555
104800	-296.1866	-287.9304	-8.256195	0.9758738	0.09466951
105000	-294.3086	-287.6452	-6.663328	0.8916542	0.01592453
105200	-297.0339	-288.5366	-8.497253	0.9989374	0.09338232
105400	-298.9618	-292.9856	-5.976238	0.7165349	0.1212922
105600	-295.2307	-289.5929	-5.63772	0.7625037	0.04228321
105800	-294.9237	-288.3501	-6.573571	0.8840328	0.01432119
106000	-297.0768	-291.0368	-6.040006	0.8370428	0.007645734
106200	-295.1924	-287.3077	-7.884758	0.9094636	0.1234333
106400	-295.4308	-288.9647	-6.466054	0.8230505	0.06662814
106600	-296.657	-286.8285	-9.828496	1.171517	0.05373314
106800	-296.1622	-290.7295	-5.432795	0.715908	0.06796948
107000	-295.803	-287.8718	-7.931263	0.8606523	0.1765424
107200	-298.7776	-289.4946	-9.283038	1.108252	0.06024081
107400	-299.2617	-288.4946	-10.76712	0.998653	0.3265129
107600	-294.4154	-287.0892	-7.326205	0.9434988	0.0309358
107800	-295.5533	-288.5161	-7.037129	0.8217497	0.1250049
108000	-296.0181	-287.3354	-8.682738	0.9629389	0.1492688
108200	-298.3136	-287.7347	-10.57896	1.150442	0.1542025
108400	-297.5562	-292.7899	-4.766214	0.6995069	0.01783787
108600	-295.4112	-285.7465	-9.664679	1.17987	0.02872335
108800	-294.4609	-288.2513	-6.209605	0.8311124	0.03148635
109000	-298.4868	-290.3607	-8.126084	1.045804	0.00804272
109200	-296.7996	-286.2123	-10.58727	1.146335	0.1592091
109400	-295.8557	-290.0526	-5.803118	0.8072473	0.01381885
109600	-295.5375	-287.0106	-8.526893	0.9346928	0.1638407
109800	-298.9529	-291.5967	-7.356141	0.8070231	0.1654051
110000	-295.651	-286.554	-9.096976	1.079522	0.07315005
110200	-297.3345	-290.8222	-6.512313	0.8000392	0.09132936
110400	-298.2865	-287.4567	-10.82982	1.105093	0.2273866
110600	-299.5692	-291.4248	-8.14445	0.6710079	0.3822324
110800	-294.5283	-286.8205	-7.707833	0.9748191	0.03816347
111000	-294.2313	-287.5852	-6.646025	0.8757373	0.03054033
111200	-296.0397	-290.3288	-5.710964	0.7203051	0.0917727
111400	-294.7016	-289.2842	-5.417468	0.7790486	0.003529901
111600	-300.9875	-290.7589	-10.22867	0.8698221	0.4024615
111800	-296.562	-291.9413	-4.620692	0.6518135	0.05167257
112000	-294.7037	-287.4165	-7.28713	0.9257436	0.04475284
112200	-298.0636	-292.733	-5.330646	0.6579206	0.1172928
112400	-298.4206	-286.3539	-12.06675	1.441377	0.006492687
112600	-297.8701	-293.9574	-3.91268	0.6040106	0.02828239
112800	-296.3061	-289.8473	-6.458833	0.861982	0.0245943
113000	-296.1884	-288.1129	-8.075554	0.8826716	0.1697705
113200	-295.0825	-288.3638	-6.718738	0.8342559	0.07957699
113400	-299.6527	-294.2978	-5.354896	0.6596392	0.1150183
113600	-297.7916	-286.7959	-10.99576	1.033881	0.3161852
113800	-297.2351	-287.8807	-9.354403	1.131791	0.04520291
114000	-296.0029	-290.1781	-5.824829	0.7510941	0.07240313
114200	-296.0524	-287.4955	-8.556921	1.08237	0.01444686
114400	-295.6951	-287.7878	-7.907282	0.926957	0.1065164
114600	-296.4618	-288.7495	-7.712336	0.8534774	0.1611029
114800	-298.1767	-293.1231	-5.053643	0.6475243	0.09776837
115000	-296.2871	-286.9903	-9.296858	1.11828	0.054355
115200	-295.6695	-290.1136	-5.555944	0.7382697	0.05899231
115400	-298.7555	-293.8774	-4.878157	0.669352	0.05822598
115600	-295.1553	-289.1451	-6.010262	0.8304659	0.01140992
115800	-295.9758	-287.9744	-8.001364	0.8926982	0.1507436
116000	-296.4529	-290.0295	-6.423376	0.7421902	0.1412352
116200	-296.853	-291.11	-5.742987	0.680604	0.1365946
116400	-294.6545	-288.9072	-5.747351	0.7874181	0.02858361
116600	-295.4125	-287.7346	-7.677852	0.957961	0.0515003
116800	-295.0423	-288.7675	-6.274805	0.8173786	0.05175355
117000	-300.3716	-292.9802	-7.391458	0.627545	0.3470703
117200	-300.4295	-286.1276	-14.30185	1.438076	0.2427462
117400	-297.0106	-287.5845	-9.426027	1.092425	0.09590007
117600	-295.0897	-288.2501	-6.83963	0.8437724	0.08329663
117800	-295.7033	-289.0958	-6.607575	0.8050888	0.09718466
118000	-294.8305	-289.6002	-5.230387	0.7488709	0.01513514
118200	-294.0927	-287.0146	-7.078143	0.939487	0.009381495
118400	-297.5174	-288.9248	-8.592588	1.062665	0.03779436
118600	-295.5417	-287.8287	-7.71303	0.9350612	0.07965719
118800	-296.9636	-287.8051	-9.158462	0.9171011	0.2437102
119000	-295.4658	-287.7244	-7.741331	0.9829811	0.03247671
119200	-296.3092	-288.842	-7.467203	0.845477	0.1471005
119400	-294.778	-288.829	-5.948984	0.8226918	0.01315105
119600	-294.1602	-286.6926	-7.467592	0.9827413	0.004964266
119800	-298.681	-290.0132	-8.667807	1.025791	0.08237856
120000	-298.1834	-288.3508	-9.832627	1.130315	0.09535996
120200	-298.3196	-287.0719	-11.24767	1.060096	0.3130304
120400	-295.1062	-287.6744	-7.431769	0.9703716	0.01419119
120600	-294.3705	-287.6744	-6.69606	0.8780525	0.03319358
120800	-298.7628	-289.8129	-8.949861	1.10257	0.03235719
121000	-297.8119	-289.5613	-8.250621	0.9540486	0.1129103
121200	-297.4233	-290.7607	-6.662636	0.8883878	0.01893467
121400	-295.3976	-286.9081	-8.489482	1.01878	0.07277665
121600	-295.5045	-287.0618	-8.442709	0.9830459	0.1055464
121800	-296.3026	-291.1915	-5.111127	0.6825692	0.07052738
122000	-296.3819	-288.6819	-7.699916	0.9959664	0.01546451
122200	-295.7388	-286.4754	-9.263435	1.124005	0.04467832
122400	-295.6249	-290.245	-5.379975	0.7324628	0.04708364
122600	-297.3191	-286.9945	-10.32461	1.016406	0.2629666
122800	-295.3066	-288.1602	-7.14634	0.9008148	0.05656924
123000	-295.7548	-290.0582	-5.696618	0.7387948	0.07321299
123200	-296.9003	-291.6108	-5.289551	0.7283213	0.04108872
123400	-295.9188	-288.6319	-7.286854	0.8990883	0.07169568
123600	-294.6978	-288.1385	-6.559356	0.830157	0.06799606
123800	-298.0167	-290.4264	-7.590273	0.9725731	0.02712076
124000	-296.0756	-288.2927	-7.782889	0.8285188	0.1934777
124200	-299.1058	-294.2945	-4.811283	0.6767536	0.04364433
124400	-295.5416	-289.8571	-5.684446	0.8035774	0.005663549
124600	-296.1148	-289.3004	-6.814396	0.8179102	0.1063055
124800	-297.3086	-287.8212	-9.487418	1.036641	0.1564295
125000	-299.4945	-285.4762	-14.01831	1.416445	0.239396
125200	-296.8307	-288.8926	-7.938142	0.7771597	0.2614382
125400	-296.52	-286.5881	-9.931871	1.037267	0.2027618
125600	-297.0446	-292.2149	-4.829671	0.6843641	0.03936088
125800	-300.0062	-290.2473	-9.758865	1.054085	0.1692663
126000	-295.5435	-289.2898	-6.253647	0.8634416	0.002739498
126200	-297.0775	-287.9024	-9.175037	1.033903	0.1269546
126400	-296.6549	-290.4217	-6.233188	0.8352662	0.02882712
126600	-298.3579	-292.5302	-5.827713	0.683753	0.1402068
126800	-295.3277	-288.6287	-6.698998	0.7976847	0.114775
127000	-296.5116	-290.7222	-5.789451	0.716756	0.1050015
127200	-295.3136	-287.9204	-7.393296	0.8892477	0.09428431
127400	-297.8124	-289.7264	-8.085958	0.9768271	0.0730578
127600	-294.8412	-287.8951	-6.946068	0.9308976	0.004574911
127800	-296.4133	-288.413	-8.00036	1.024423	0.0165744
128000	-297.8063	-291.1895	-6.616726	0.8682001	0.03475273
128200	-296.1342	-290.5194	-5.614843	0.7477694	0.05624803
128400	-295.7359	-290.1983	-5.537566	0.7683678	0.02646172
128600	-298.1072	-291.1975	-6.909752	0.7923974	0.1374092
128800	-296.2379	-289.9819	-6.256029	0.8004537	0.06584258
129000	-297.6582	-289.8925	-7.765759	0.7844424	0.2328006
129200	-294.859	-287.1737	-7.68526	0.9427088	0.06837399
129400	-297.0613	-286.1321	-10.92926	1.070273	0.2736679
129600	-295.4571	-286.643	-8.814094	1.111877	0.01069278
129800	-294.8517	-288.8137	-6.037997	0.7818175	0.06403075
130000	-296.4371	-286.5346	-9.902509	1.028905	0.2081805
130200	-296.0008	-290.9443	-5.056469	0.7111921	0.03524952
130400	-295.1428	-288.7551	-6.387672	0.8287461	0.05228731
130600	-296.5907	-287.2848	-9.305911	1.02231	0.1561928
130800	-296.4118	-288.3454	-8.066427	1.010896	0.03845296
131000	-294.4432	-287.8232	-6.620048	0.8603069	0.0437791
131200	-295.8683	-290.9547	-4.913632	0.7240782	0.008032159
131400	-295.3682	-287.5503	-7.817925	0.8975113	0.1278156
131600	-294.7172	-287.2859	-7.431315	0.9326494	0.05256396
131800	-297.1348	-287.53	-9.604781	1.144786	0.05781631
132000	-295.4533	-289.6143	-5.839002	0.765365	0.05980689
132200	-298.9411	-288.0837	-10.85747	1.166727	0.1621534
132400	-295.5462	-286.1343	-9.41189	1.162019	0.02070863
132600	-300.8268	-290.5944	-10.23236	1.054818	0.20823
132800	-297.4997	-290.2101	-7.289568	0.7582444	0.2168091
133000	-300.3096	-289.1368	-11.17279	1.338609	0.01971
133200	-297.7278	-287.1107	-10.61715	0.9337464	0.3809275
133400	-295.6737	-289.8776	-5.796108	0.7947186	0.02602943
133600	-298.0542	-292.8779	-5.176331	0.7380203	0.02002682
133800	-296.5522	-288.1158	-8.436445	1.043067	0.04292574
134000	-295.2537	-286.8472	-8.406459	0.9741972	0.1103003
134200	-294.9282	-288.7531	-6.175065	0.7937589	0.06546587
134400	-296.081	-285.5042	-10.57687	1.254684	0.04593236
134600	-299.8291	-288.164	-11.66505	1.349145	0.05964228
134800	-298.0838	-288.7442	-9.33956	1.073525	0.1020665
135000	-300.2724	-290.4387	-9.833712	1.209416	0.01563042
135200	-297.5019	-292.7404	-4.761516	0.6440308	0.07267377
135400	-297.3112	-289.5435	-7.767767	0.8603513	0.156895
135600	-299.2923	-289.1474	-10.14492	1.229282	0.02623479
135800	-295.3292	-288.7685	-6.560618	0.8916843	0.005228435
136000	-297.9083	-290.3624	-7.545926	0.9628777	0.03184996
136200	-295.48	-288.6056	-6.874335	0.898545	0.03057524
136400	-296.1814	-289.3206	-6.860814	0.7743435	0.1560691
136600	-296.3988	-292.1775	-4.221258	0.6576967	0.005210089
136800	-295.2383	-287.8703	-7.367979	0.96934	0.008469658
137000	-294.347	-286.7516	-7.595437	0.9768699	0.02428986
137200	-295.8013	-290.1814	-5.619978	0.7233714	0.07992807
137400	-299.1993	-294.2386	-4.960768	0.7150527	0.02136275
137600	-295.6785	-290.5816	-5.096925	0.6985092	0.05243422
137800	-296.7665	-290.323	-6.443536	0.824852	0.06281257
138000	-296.3434	-288.1529	-8.190466	1.050178	0.009807204
138200	-294.8939	-289.058	-5.8359	0.7875668	0.03779668
138400	-299.2257	-290.1009	-9.124734	0.9808814	0.1757091
138600	-294.9492	-289.0175	-5.931715	0.7896032	0.04538878
138800	-297.5964	-291.0075	-6.58891	0.7253238	0.1728825
139000	-298.8244	-287.3004	-11.52393	1.203705	0.194493
139200	-300.2161	-290.9371	-9.278987	0.9997919	0.1650606
139400	-295.3936	-288.7557	-6.63794	0.8887589	0.01638524
139600	-301.189	-291.1529	-10.03614	0.9766365	0.2592899
139800	-301.9	-290.5637	-11.33631	1.052775	0.3390911
140000	-295.4607	-289.0896	-6.371092	0.8764822	0.001473775
140200	-295.9092	-288.2923	-7.616827	0.9204836	0.08561361
140400	-299.2536	-292.6461	-6.60757	0.794368	0.1061147
140600	-296.4567	-288.8971	-7.559571	0.9210298	0.07878407
140800	-295.8021	-291.1614	-4.640627	0.6868028	0.01826166
141000	-298.2428	-289.0545	-9.188277	0.8857058	0.2756489
141200	-294.609	-288.4416	-6.167466	0.8334044	0.0245304
141400	-296.3634	-289.2747	-7.088662	0.8901896	0.06196013
141600	-298.0339	-289.9756	-8.05831	0.8747923	0.1739361
141800	-295.6367	-289.5588	-6.077873	0.8360511	0.01256142
142000	-296.6157	-290.0146	-6.601125	0.7313981	0.1700907
142200	-295.2184	-286.5035	-8.71495	1.093209	0.01976808
142400	-294.3024	-288.8584	-5.444006	0.7786682	0.006667237
142600	-295.5369	-286.732	-8.804927	1.086124	0.03654159
142800	-299.0622	-295.7606	-3.301692	0.5541856	0.01639196
143000	-295.4005	-288.9494	-6.451117	0.7928966	0.09419402
143200	-294.9453	-288.0898	-6.855468	0.9004491	0.02656593
143400	-294.8251	-288.5137	-6.311405	0.8482956	0.02394326
143600	-298.9871	-288.3872	-10.59994	1.105089	0.1992018
143800	-296.7988	-287.1123	-9.686492	1.111215	0.1035081
144000	-296.7815	-286.1724	-10.60919	1.23814	0.06641585
144200	-297.0592	-288.2971	-8.762104	0.9359552	0.1876316
144400	-300.9308	-292.7155	-8.215312	0.7274434	0.3472214
144600	-296.3687	-287.7524	-8.616344	1.082529	0.02088428
144800	-296.0658	-290.6516	-5.414171	0.6939292	0.0888023
145000	-299.1165	-291.5662	-7.550333	0.8704866	0.122046
145200	-298.32	-291.9242	-6.39584	0.7544153	0.1238945
145400	-294.6942	-287.5325	-7.161691	0.9468613	0.01050596
145600	-296.5698	-288.1136	-8.456188	0.9057878	0.187966
145800	-298.5606	-291.2008	-7.359757	0.6733187	0.3036703
146000	-297.3715	-287.174	-10.19751	1.198894	0.06338544
146200	-296.3197	-287.2382	-9.081411	1.000094	0.1552464
146400	-296.4752	-285.9148	-10.56042	1.286447	0.01084779
146600	-300.335	-286.6692	-13.66581	1.083105	0.5371155
146800	-294.716	-287.1951	-7.520909	0.990087	0.002925055
147000	-295.0012	-289.3193	-5.681932	0.8061698	0.002896653
147200	-297.2202	-289.337	-7.883195	0.7916203	0.2401548
147400	-295.3448	-286.9367	-8.408129	0.9874944	0.09652249
147600	-296.9779	-292.7263	-4.251658	0.6289237	0.03720532
147800	-299.863	-290.6508	-9.21217	1.140452	0.02208946
148000	-300.9051	-289.3651	-11.54002	0.8485751	0.5572758
148200	-296.5695	-289.3148	-7.254623	0.8226911	0.1439599
148400	-295.8436	-286.6697	-9.173996	0.9857888	0.1776052
148600	-298.0295	-288.5987	-9.430818	1.170719	0.01393017
148800	-297.2612	-288.5284	-8.732743	1.099407	0.01483689
149000	-294.6052	-288.3643	-6.240965	0.8458267	0.01931701
149200	-296.4047	-291.4626	-4.942058	0.697641	0.03789556
149400	-295.1442	-286.4116	-8.732592	1.059992	0.05579657
149600	-294.1264	-287.0704	-7.055922	0.9461959	0.0001959584
149800	-295.0232	-287.4285	-7.594676	0.9872432	0.01354225
150000	-297.908	-292.9911	-4.916898	0.6328198	0.09837939
150200	-297.7943	-292.6145	-5.179839	0.722774	0.0359265
150400	-296.2513	-286.4477	-9.803535	1.02227	0.206158
150600	-300.3919	-287.414	-12.97789	1.120061	0.426566
150800	-298.2105	-287.8274	-10.38306	1.196752	0.08410413
151000	-296.383	-286.5265	-9.856491	1.031808	0.2026134
151200	-299.3416	-290.5762	-8.765319	0.9917585	0.1245843
151400	-296.1927	-287.3476	-8.8451	0.9161347	0.2137915
151600	-294.3154	-288.0693	-6.246101	0.847873	0.01796179
151800	-297.875	-286.4178	-11.45718	1.220762	0.1713145
152000	-295.8936	-290.5662	-5.327323	0.7498561	0.02357347
152200	-296.6733	-288.2112	-8.462142	0.9763519	0.1118678
152400	-295.7096	-291.3495	-4.360135	0.665147	0.01172558
152600	-295.2946	-286.6625	-8.632134	1.037633	0.06828385
152800	-296.4229	-288.166	-8.256906	0.8408306	0.2304612
153000	-294.8331	-287.8826	-6.950426	0.9136155	0.0226266
153200	-298.1063	-287.5084	-10.59786	1.167718	0.1406346
153400	-299.6339	-293.9868	-5.647143	0.5942985	0.2084961
153600	-297.2549	-285.6816	-11.5733	1.207808	0.198369
153800	-296.3925	-289.5723	-6.820221	0.7763693	0.1502987
154000	-297.4164	-290.2118	-7.204609	0.8793052	0.08383145
154200	-294.3207	-287.7804	-6.540314	0.8603596	0.03524136
154400	-296.2683	-289.8886	-6.379759	0.7416644	0.1404212
154600	-300.2892	-287.043	-13.2462	1.33457	0.2381053
154800	-297.5221	-290.4135	-7.108607	0.8255546	0.1251009
155000	-297.3379	-288.2292	-9.108698	0.9847457	0.1751689
155200	-295.8809	-290.5955	-5.285386	0.7584886	0.01082715
155400	-294.8014	-288.8597	-5.941704	0.7817693	0.05443142
155600	-295.6601	-287.9119	-7.748212	0.8621728	0.1570157
155800	-296.3793	-290.6263	-5.752956	0.6887438	0.1288511
156000	-303.262	-289.3582	-13.90381	1.393301	0.2394774
156200	-295.2594	-288.3248	-6.934614	0.9182188	0.01634377
156400	-299.5809	-292.1782	-7.402724	0.6948963	0.2814247
156600	-295.9688	-289.681	-6.287773	0.8138923	0.05715253
156800	-298.9015	-288.3298	-10.57172	0.9357963	0.3653394
157000	-298.4496	-287.6721	-10.77754	1.177365	0.1454841
157200	-295.7889	-285.8496	-9.939297	1.188306	0.04855231
157400	-300.9737	-291.4909	-9.482793	0.9017084	0.2871663
157600	-295.4179	-287.187	-8.230911	0.9497077	0.1186284
157800	-297.1375	-289.0207	-8.116798	0.777975	0.2793625
158000	-295.9793	-285.8213	-10.15804	1.187298	0.07273932
158200	-298.2443	-287.4624	-10.7819	1.137698	0.1892245
158400	-296.2209	-288.5154	-7.705537	0.829254	0.186184
158600	-296.4764	-291.8804	-4.595989	0.687041	0.01324541
158800	-294.665	-286.7306	-7.934412	0.9879519	0.04776726
159000	-295.8317	-290.6875	-5.144177	0.7023847	0.05384508
159200	-297.0784	-287.6068	-9.471596	1.170516	0.01826849
159400	-299.4605	-295.0036	-4.456863	0.5779749	0.1067766
159600	-295.0494	-288.0091	-7.040331	0.9071048	0.03897296
159800	-296.3731	-288.0227	-8.350354	0.8720851	0.2104183
160000	-294.7873	-288.2109	-6.57639	0.8526658	0.04691643
160200	-295.7198	-288.0029	-7.716819	0.9753977	0.03759233
160400	-295.7403	-286.2026	-9.537746	1.153951	0.0427377
160600	-294.4619	-287.7017	-6.760203	0.8978093	0.01951553
160800	-295.0575	-289.7293	-5.328233	0.7340962	0.04031706
161000	-296.0843	-287.3541	-8.730259	0.993208	0.1235547
161200	-294.4487	-287.4998	-6.948903	0.9112332	0.02512931
161400	-296.8968	-286.9364	-9.960418	1.030856	0.2137683
161600	-295.6156	-288.5069	-7.108727	0.8683389	0.08474611
161800	-294.2354	-286.6092	-7.626229	0.9919433	0.01191268
162000	-295.1168	-287.2287	-7.888125	0.9495551	0.08249915
162200	-295.4505	-288.0711	-7.379371	0.8371037	0.1453732
162400	-295.2037	-290.2535	-4.950157	0.7297989	0.006132618
162600	-295.8707	-290.5325	-5.338235	0.7544129	0.02081225
162800	-296.2152	-289.6748	-6.540402	0.7626362	0.1339353
163000	-295.721	-290.3369	-5.384055	0.7781567	0.00103877
163200	-299.5775	-291.2067	-8.370813	0.6822283	0.3951361
163400	-295.5294	-289.2324	-6.296953	0.8575216	0.01336475
163600	-295.9909	-287.7059	-8.285033	0.881025	0.1934111
163800	-299.6453	-294.1522	-5.493046	0.7090632	0.07896129
164000	-296.155	-289.5125	-6.642509	0.7738808	0.1350107
164200	-299.4973	-290.6334	-8.86391	1.113212	0.01403182
164400	-298.9278	-290.6717	-8.256002	0.8111313	0.2527975
164600	-295.8172	-290.8713	-4.945932	0.7035962	0.03226358
164800	-296.2596	-287.5662	-8.693394	1.055364	0.05733283
165000	-295.0929	-288.1984	-6.894526	0.9276188	0.002737975
165200	-298.5532	-291.1754	-7.377764	0.696846	0.2877467
165400	-301.1711	-286.6018	-14.56929	1.191567	0.5208073
165600	-294.7871	-287.9516	-6.835418	0.9215902	0.00278798
165800	-295.7165	-290.4792	-5.237321	0.7518622	0.01272527
166000	-295.9451	-286.2599	-9.685193	1.111623	0.1012999
166200	-297.1313	-288.3167	-8.814638	0.9667455	0.1572255
166400	-297.5243	-289.982	-7.542312	0.9368308	0.06118553
166600	-297.661	-290.5787	-7.082243	0.9165033	0.03260153
166800	-298.4343	-290.511	-7.92333	0.9703677	0.06103689
167000	-298.0588	-287.1061	-10.95272	1.104202	0.2402757
167200	-298.2366	-290.3319	-7.904719	1.006836	0.02441063
167400	-298.6307	-291.9443	-6.686423	0.8578696	0.0501363
167600	-295.5264	-290.8961	-4.630253	0.6771007	0.02700563
167800	-294.6307	-288.7403	-5.890404	0.8184887	0.01149559
168000	-296.6006	-292.6488	-3.951776	0.6268987	0.009015999
168200	-296.8773	-286.6831	-10.19415	1.170891	0.09282338
168400	-295.7619	-288.2786	-7.483327	0.9299082	0.06178402
168600	-295.8167	-287.8069	-8.009894	0.9990731	0.04430467
168800	-296.8893	-292.0988	-4.790481	0.6750459	0.04425098
169000	-294.8665	-286.9426	-7.923934	1.002249	0.03182729
169200	-294.2916	-287.7204	-6.57121	0.8694541	0.02915538
169400	-298.0009	-289.8648	-8.136063	0.9587814	0.09468368
169600	-296.4672	-291.184	-5.283193	0.7471173	0.02177251
169800	-295.2656	-288.0187	-7.246899	0.9291717	0.0379206
170000	-297.815	-291.8862	-5.928785	0.7131253	0.1229723
170200	-295.7302	-290.7546	-4.975679	0.708475	0.0298861
170400	-294.8882	-287.2839	-7.604293	0.9315107	0.07137174
170600	-297.3637	-288.9923	-8.371407	0.8469649	0.2354133
170800	-295.3401	-287.301	-8.039101	0.9803414	0.06718325
171000	-302.6854	-292.5555	-10.12985	0.8189324	0.4294391
171200	-294.6014	-288.9376	-5.663797	0.80181	0.005447644
171400	-294.9923	-287.9722	-7.020073	0.8429002	0.1020113
171600	-298.1242	-293.1744	-4.949853	0.6915653	0.0430693
171800	-296.5077	-290.5408	-5.96691	0.784415	0.05273555
172000	-295.1178	-288.9742	-6.143536	0.7768911	0.08012285
172200	-295.7472	-288.406	-7.341191	0.9243773	0.05209871
172400	-295.1279	-288.5638	-6.564131	0.8516963	0.04610906
172600	-295.4227	-288.8504	-6.572376	0.7988633	0.1002386
172800	-296.4084	-289.0963	-7.312174	0.769988	0.2049644
173000	-299.5437	-291.0426	-8.501153	0.9744947	0.1142542
173200	-299.5738	-289.8557	-9.718185	0.9086101	0.3016328
173400	-294.8729	-289.2809	-5.592014	0.769443	0.03118648
173600	-296.0086	-288.5995	-7.409163	0.9621264	0.02008967
173800	-294.3463	-287.0093	-7.336941	0.9453229	0.03019751
174000	-294.5383	-286.8379	-7.700395	0.997257	0.01411876
174200	-297.3519	-291.0925	-6.2594	0.8604178	0.006187041
174400	-295.6596	-287.9918	-7.667877	0.8554012	0.1558148
174600	-296.6561	-288.9424	-7.713661	0.9765892	0.03737751
174800	-297.1442	-287.3617	-9.782517	1.195782	0.02412161
175000	-296.1205	-288.1294	-7.991058	0.8681005	0.1777871
175200	-294.8118	-289.2093	-5.602449	0.7683902	0.03340767
175400	-296.1236	-288.569	-7.554584	0.9835424	0.01281093
175600	-295.7689	-286.7999	-8.968938	1.060249	0.08062196
175800	-295.6286	-285.724	-9.904608	1.19755	0.03515263
176000	-294.9586	-287.797	-7.161535	0.9323955	0.02561376
176200	-298.9329	-294.6183	-4.314604	0.5989386	0.07199955
176400	-296.6313	-289.9988	-6.632503	0.8402803	0.0634436
176600	-297.4848	-287.9615	-9.523371	1.027169	0.1715968
176800	-295.7344	-286.7019	-9.032493	0.9906893	0.1582104
177000	-296.1434	-288.9605	-7.182939	0.8883948	0.07103173
177200	-295.2648	-289.7518	-5.512952	0.7497798	0.04338038
177400	-295.9737	-290.4019	-5.571894	0.7726935	0.02516169
177600	-295.8841	-289.0699	-6.814212	0.9007321	0.0216077
177800	-296.1107	-288.1447	-7.96607	0.8542078	0.1891999
178000	-295.7856	-286.3121	-9.473438	1.059778	0.1331165
178200	-294.0838	-287.7891	-6.294674	0.8556847	0.01495796
178400	-302.4263	-293.3025	-9.123747	0.7459034	0.4130164
178600	-295.911	-286.4547	-9.456321	1.122505	0.06693625
178800	-294.3976	-288.5646	-5.833012	0.8205147	0.003642747
179000	-295.1481	-286.7459	-8.402174	1.072327	0.009009266
179200	-295.9087	-285.7345	-10.17427	1.174221	0.08767264
179400	-296.5412	-292.1897	-4.351499	0.6685759	0.007325583
179600	-294.7302	-288.585	-6.145216	0.8072539	0.04876842
179800	-298.5378	-287.3797	-11.15811	1.168607	0.1987847
180000	-296.0612	-288.9908	-7.070477	0.8736339	0.07488029
180200	-300.1011	-290.3768	-9.724277	0.9701591	0.2391602
180400	-294.9446	-289.3447	-5.599844	0.7544502	0.04732788
180600	-301.1984	-293.7515	-7.446865	0.8651811	0.1261884
180800	-296.7865	-291.1494	-5.637133	0.7806527	0.02363388
181000	-294.349	-287.2652	-7.083824	0.9458782	0.003374334
181200	-295.3317	-287.3998	-7.931899	1.03003	0.004036125
181400	-299.2002	-289.6514	-9.548834	1.119484	0.08095984
181600	-295.4052	-288.4	-7.005201	0.8380472	0.1049299
181800	-294.5221	-288.64	-5.882051	0.8026035	0.02707604
182000	-295.2647	-289.3161	-5.948628	0.7911342	0.04570819
182200	-296.7563	-290.2217	-6.53457	0.8640116	0.03113552
182400	-294.2039	-288.7712	-5.432731	0.7833938	0.0006870172
182600	-296.291	-289.499	-6.792066	0.7800641	0.1427974
182800	-295.0864	-287.766	-7.32043	0.9300519	0.04370068
183000	-296.0461	-287.8075	-8.238579	0.9778124	0.09055112
183200	-295.2331	-287.7449	-7.48817	0.8755711	0.1165207
183400	-296.3443	-290.4961	-5.848263	0.7959507	0.03029367
183600	-299.4785	-289.9432	-9.535293	1.047067	0.1489464
183800	-294.6299	-289.2142	-5.41566	0.7817084	0.0006663315
184000	-296.1519	-288.0508	-8.101184	0.8539424	0.2027976
184200	-296.6476	-292.5585	-4.089083	0.6449205	0.004879093
184400	-296.4102	-288.7352	-7.675004	0.8451124	0.1651156
184600	-294.8785	-287.7452	-7.133295	0.9398661	0.01450196
184800	-298.2505	-289.9686	-8.281895	0.729779	0.3420962
185000	-295.5696	-290.7624	-4.807188	0.6883165	0.03335109
185200	-296.7965	-288.0457	-8.750767	1.07642	0.04162437
185400	-296.4785	-286.8666	-9.611886	1.189458	0.01313246
185600	-296.6723	-286.235	-10.43733	1.093298	0.1978822
185800	-300.3472	-288.1534	-12.1938	1.059067	0.4062366
186000	-299.8405	-291.2243	-8.616184	0.7428247	0.3606523
186200	-298.6142	-293.8853	-4.728883	0.6775972	0.03506232
186400	-298.4619	-291.7022	-6.75976	0.8984458	0.01917375
186600	-296.0563	-288.8719	-7.184443	0.7835061	0.1794037
186800	-295.565	-288.728	-6.837005	0.8292066	0.09647231
187000	-296.9843	-290.3683	-6.615959	0.7029832	0.2007245
187200	-294.8982	-286.7124	-8.185788	1.020413	0.04007029
187400	-296.0133	-288.664	-7.3493	0.9622228	0.01398106
187600	-295.1065	-288.5461	-6.560418	0.8048335	0.0943429
187800	-295.8225	-286.8716	-8.950849	0.9551558	0.1864012
188000	-297.1772	-290.0497	-7.127565	0.7933882	0.1647733
188200	-294.8074	-287.3427	-7.464684	0.9145557	0.07439652
188400	-295.8653	-286.601	-9.264353	1.09173	0.07778157
188600	-294.807	-287.3959	-7.411147	0.9502648	0.0328713
188800	-296.8043	-289.9641	-6.840143	0.7977991	0.1266194
189000	-296.381	-288.6496	-7.731419	0.9702825	0.04523407
189200	-300.2369	-288.4915	-11.74542	1.281335	0.1416894
189400	-297.3371	-291.5101	-5.826993	0.7589217	0.06388846
189600	-296.96	-290.9993	-5.960643	0.687794	0.1488196
189800	-300.0549	-288.2267	-11.8282	1.22835	0.1984783
190000	-294.7402	-286.9239	-7.816312	1.013297	0.009366322
190200	-297.9512	-291.4278	-6.52336	0.8742408	0.01979822
190400	-299.9807	-290.4431	-9.537593	1.003573	0.1911781
190600	-299.1356	-294.6867	-4.448893	0.6210567	0.06317126
190800	-297.6796	-291.4976	-6.182049	0.6957201	0.1616826
191000	-296.0426	-287.1675	-8.875124	1.016149	0.114664
191200	-294.9561	-286.3051	-8.651037	1.103406	0.002614078
191400	-296.4555	-290.8045	-5.651024	0.6823801	0.1250413
191600	-296.9964	-292.3046	-4.691845	0.6348127	0.0748081
191800	-296.5795	-286.8464	-9.733091	1.029182	0.1897932
192000	-299.0913	-293.4658	-5.625529	0.7075619	0.09615401
192200	-297.752	-291.5777	-6.174381	0.6748062	0.1867756
192400	-300.1593	-292.6661	-7.493237	0.6150565	0.3748518
192600	-297.665	-289.0723	-8.592707	0.8243166	0.2816729
192800	-299.4753	-292.4241	-7.051192	0.847622	0.09786618
193000	-295.5352	-287.9418	-7.593377	0.8923661	0.1098561
193200	-294.6292	-286.9173	-7.71188	1.002666	0.009574215
193400	-294.7076	-286.4897	-8.217888	1.059757	0.002948199
193600	-298.3508	-290.8995	-7.451359	0.89125	0.09463381
193800	-294.7486	-287.0418	-7.706875	1.006021	0.005645204
194000	-299.7908	-290.2083	-9.582546	1.179606	0.01958144
194200	-294.5659	-287.5384	-7.027469	0.8984825	0.04621952
194400	-296.5625	-286.516	-10.04649	1.119553	0.1323184
194600	-298.3876	-290.6153	-7.772282	0.9263402	0.09106683
194800	-296.3259	-289.0365	-7.289386	0.8457709	0.1273361
195000	-297.8532	-289.7776	-8.075582	0.9090254	0.140647
195200	-300.2662	-291.3826	-8.883588	0.9934277	0.1316738
195400	-295.3079	-288.6302	-6.677706	0.8965563	0.01216477
195600	-296.6621	-290.995	-5.667094	0.7342279	0.07370168
195800	-296.9579	-288.4235	-8.534381	0.8839033	0.2129003
196000	-300.6807	-288.1497	-12.531	1.103606	0.4073287
196200	-295.3887	-287.5685	-7.820169	0.9773993	0.04624089
196400	-295.8471	-291.7091	-4.138016	0.6545442	5.202051e-05
196600	-300.8716	-292.6134	-8.25821	0.7459665	0.3230847
196800	-296.4497	-289.019	-7.430693	0.9574165	0.0265577
197000	-294.7619	-288.4379	-6.323975	0.8652484	0.008033613
197200	-297.6119	-288.2406	-9.371272	0.9563075	0.2279481
197400	-296.5333	-288.1776	-8.355763	0.9708534	0.1071259
197600	-295.1264	-286.8547	-8.271622	1.017621	0.05248119
197800	-297.9688	-292.1083	-5.860518	0.7258553	0.1038795
198000	-295.3987	-286.5288	-8.869842	1.123683	0.004243795
198200	-294.9001	-287.3397	-7.560389	0.9573884	0.04104655
198400	-297.6136	-290.1054	-7.508167	0.9247018	0.06837342
198600	-294.3864	-287.5896	-6.796796	0.9170483	0.003562039
198800	-295.1344	-288.488	-6.646398	0.8757633	0.03075375
199000	-296.5761	-291.0095	-5.566588	0.7858894	0.01153651
199200	-298.2376	-286.3755	-11.86217	1.337797	0.09322187
199400	-295.7297	-288.4892	-7.240496	0.9184926	0.0471146
199600	-299.2334	-290.8885	-8.344883	0.9339813	0.1384163
199800	-295.4166	-289.2973	-6.119219	0.8160927	0.03787787
200000	-300.308	-293.7059	-6.602069	0.7092447	0.1970248
