Iteration	Posterior	Likelihood	Prior	branch_rates	speciation_rate
0	-302.3439	-292.1366	-10.20729	1.23229	0.02775171
200	-301.2617	-290.2554	-11.00622	1.334899	0.006264862
400	-305.4126	-290.1269	-15.28573	1.385363	0.3540498
600	-300.0079	-284.8397	-15.16817	1.724684	0.03196028
800	-301.8963	-284.6575	-17.23882	1.927254	0.03706724
1000	-302.4314	-288.0592	-14.37219	1.630495	0.04429401
1200	-303.4977	-291.4436	-12.05412	1.26257	0.1740711
1400	-303.7034	-288.1096	-15.59381	1.518027	0.2635561
1600	-301.4094	-287.3202	-14.08915	1.584359	0.0658344
1800	-303.5068	-288.1072	-15.39957	1.550881	0.2115523
2000	-302.8984	-286.4826	-16.41581	1.782451	0.099598
2200	-300.3337	-287.6689	-12.6648	1.46799	0.0382643
2400	-299.6885	-283.436	-16.25244	1.855985	0.009860771
2600	-303.0578	-284.4965	-18.56131	1.841729	0.242767
2800	-300.232	-286.5949	-13.63713	1.53515	0.06701648
3000	-302.2074	-286.3342	-15.8732	1.579941	0.2356068
3200	-300.3213	-288.1303	-12.191	1.409017	0.04978213
3400	-302.3151	-291.4249	-10.89013	1.305374	0.02272082
3600	-303.3542	-289.8276	-13.52667	1.530836	0.05994658
3800	-301.4067	-284.3064	-17.10032	1.920891	0.02844919
4000	-300.9473	-287.1656	-13.78173	1.512397	0.1043843
4200	-299.5452	-285.7895	-13.75565	1.581634	0.03402718
4400	-301.1238	-285.5227	-15.60104	1.652133	0.1450049
4600	-303.6669	-291.1123	-12.55457	1.464905	0.0299051
4800	-300.884	-286.3777	-14.5063	1.666521	0.02323298
5000	-300.7481	-284.8215	-15.92669	1.745232	0.08532486
5200	-304.8686	-285.6707	-19.19788	2.000186	0.1483702
5400	-301.1207	-284.7061	-16.4146	1.762789	0.1141273
5600	-300.3969	-282.971	-17.42596	1.934301	0.04846578
5800	-304.2945	-291.5019	-12.79263	1.466888	0.04964927
6000	-301.3135	-289.2006	-12.11284	1.446741	0.004944312
6200	-299.6438	-286.6215	-13.02231	1.537554	0.005216587
6400	-300.3504	-284.5888	-15.76154	1.759337	0.05750644
6600	-299.9304	-285.9605	-13.96982	1.626257	0.01139581
6800	-302.9927	-287.1879	-15.80478	1.714578	0.102026
7000	-300.9114	-290.0361	-10.87529	1.300381	0.02681007
7200	-304.6227	-295.8398	-8.782943	1.100197	0.0177778
7400	-304.6001	-283.7731	-20.82699	2.203475	0.1137996
7600	-305.8114	-281.4286	-24.38282	2.479093	0.2016263
7800	-299.6954	-284.6648	-15.03065	1.692129	0.05079543
8000	-301.4905	-283.004	-18.48647	1.960055	0.1267824
8200	-303.1049	-288.1431	-14.96184	1.514597	0.2059114
8400	-300.1054	-286.3655	-13.73983	1.567491	0.04510518
8600	-301.3859	-284.6767	-16.70927	1.816102	0.09082498
8800	-301.7815	-286.8805	-14.90097	1.527275	0.194509
9000	-304.0483	-285.8603	-18.18801	2.053134	0.005934682
9200	-300.7879	-283.4179	-17.37005	1.89842	0.07940491
9400	-303.1227	-288.6048	-14.51794	1.572655	0.115535
9600	-302.8784	-285.5845	-17.29394	1.707826	0.2533469
9800	-301.5349	-290.2741	-11.26081	1.335381	0.02959292
10000	-300.6584	-286.9179	-13.74053	1.481237	0.1295676
10200	-300.9866	-288.3973	-12.58933	1.421617	0.07378151
10400	-303.2274	-283.2933	-19.93409	2.11913	0.112061
10600	-300.8274	-285.4346	-15.39283	1.654435	0.1210285
10800	-300.6176	-284.6798	-15.93781	1.78981	0.04266257
11000	-299.7925	-286.054	-13.73851	1.560054	0.05281945
11200	-300.3724	-283.1508	-17.22154	1.899619	0.06296424
11400	-300.1065	-285.0039	-15.10255	1.73946	0.01104469
11600	-306.7742	-285.4945	-21.27967	1.851136	0.5108644
11800	-300.51	-286.1708	-14.33921	1.580276	0.09309855
12000	-299.9784	-285.0643	-14.91413	1.645957	0.08375173
12200	-301.2464	-286.4066	-14.83984	1.724133	0.0006430876
12400	-301.6386	-283.1504	-18.48811	1.974905	0.1139979
12600	-301.8512	-285.7733	-16.07792	1.710235	0.1330706
12800	-300.6323	-285.4899	-15.14248	1.734147	0.02091023
13000	-300.0336	-285.3888	-14.64483	1.613007	0.09068312
13200	-301.0736	-289.6981	-11.37543	1.376689	0.001638289
13400	-300.6261	-289.0509	-11.57529	1.350604	0.04603082
13600	-306.566	-282.8382	-23.7278	2.372341	0.2396676
13800	-301.4726	-284.4693	-17.00328	1.918519	0.02223717
14000	-302.1657	-286.8472	-15.31848	1.737422	0.03300005
14200	-300.6063	-285.5314	-15.07489	1.620084	0.1269036
14400	-299.7306	-286.8239	-12.90667	1.511258	0.0193599
14600	-300.5357	-287.3241	-13.21166	1.549412	0.01173611
14800	-302.6668	-283.5269	-19.13989	1.93461	0.2147759
15000	-303.5105	-290.022	-13.48851	1.521884	0.06246787
15200	-300.3014	-285.8903	-14.41112	1.640746	0.03953698
15400	-301.9488	-284.2607	-17.68811	1.751002	0.2518868
15600	-299.4821	-286.0561	-13.42601	1.552892	0.02981697
15800	-300.1969	-282.6991	-17.49781	1.988936	0.00162318
16000	-302.8037	-286.2411	-16.56259	1.852222	0.04595451
16200	-300.835	-283.1424	-17.69264	1.999102	0.01100958
16400	-301.4031	-282.8863	-18.51677	2.067479	0.02436884
16600	-300.6868	-284.1522	-16.53467	1.772247	0.1182622
16800	-299.4863	-284.6039	-14.88246	1.705479	0.02306681
17000	-302.0139	-288.246	-13.76788	1.495822	0.1142003
17200	-299.7247	-286.5427	-13.18207	1.540203	0.01795837
17400	-299.8909	-284.9877	-14.90319	1.677461	0.05221575
17600	-302.4683	-287.5443	-14.92398	1.726955	0.005986541
17800	-300.8861	-286.6741	-14.21192	1.637352	0.02376538
18000	-303.7526	-285.9861	-17.76653	1.722827	0.2803588
18200	-302.6038	-286.9807	-15.62309	1.709878	0.08583826
18400	-300.8945	-287.5158	-13.37863	1.45713	0.1161361
18600	-304.2488	-284.9086	-19.34023	1.952694	0.2122016
18800	-301.2237	-285.3439	-15.87977	1.756272	0.07171699
19000	-300.2657	-285.6393	-14.62646	1.585336	0.1158369
19200	-300.2711	-286.3111	-13.95994	1.629492	0.007066503
19400	-302.4835	-288.0076	-14.47586	1.674958	0.01229517
19600	-302.5926	-284.2756	-18.31699	1.995756	0.07809789
19800	-307.6557	-288.4566	-19.19909	1.964981	0.1836916
20000	-303.8863	-283.5716	-20.31466	1.830993	0.432157
20200	-301.2177	-289.1684	-12.04936	1.349862	0.09331008
20400	-301.8089	-290.3331	-11.47582	1.360674	0.02647347
20600	-302.4206	-284.8575	-17.56307	1.747848	0.2381441
20800	-299.4508	-283.7881	-15.66272	1.805293	0.001739046
21000	-301.6303	-283.6621	-17.96822	1.845212	0.1902448
21200	-301.9398	-283.6616	-18.27819	1.831978	0.2349508
21400	-302.275	-286.8482	-15.42672	1.777547	0.005689395
21600	-300.6504	-284.0341	-16.61625	1.851228	0.04922647
21800	-301.0412	-285.5308	-15.5104	1.639808	0.1472808
22000	-300.4671	-288.2647	-12.20243	1.397021	0.0614615
22200	-300.0472	-284.9887	-15.05852	1.655306	0.08906458
22400	-301.1373	-283.3457	-17.79157	2.001099	0.01847125
22600	-299.9001	-285.4526	-14.44741	1.669634	0.01550329
22800	-300.7066	-287.2969	-13.40972	1.515546	0.06247605
23000	-302.5058	-287.0406	-15.46515	1.532157	0.2406675
23200	-303.4685	-291.5273	-11.94119	1.291022	0.142141
23400	-301.8015	-285.7955	-16.00603	1.731218	0.1048493
23600	-300.9883	-285.7898	-15.19855	1.613345	0.1406104
23800	-306.3398	-286.1455	-20.19428	1.808465	0.414754
24000	-303.7254	-288.8931	-14.83228	1.489156	0.2272275
24200	-300.2851	-284.0627	-16.22246	1.861266	0.001710721
24400	-299.8112	-287.986	-11.82523	1.411119	0.01176911
24600	-303.7192	-288.4606	-15.25857	1.666017	0.09776368
24800	-303.6683	-293.0316	-10.63676	1.279731	0.02312966
25000	-299.8766	-284.7947	-15.0819	1.671422	0.07655526
25200	-301.0334	-285.6052	-15.42818	1.648772	0.1284464
25400	-301.3659	-285.8195	-15.54636	1.621789	0.1652853
25600	-302.0073	-288.5551	-13.45219	1.496625	0.08269026
25800	-299.785	-284.5324	-15.25254	1.718097	0.04651883
26000	-308.2861	-285.0983	-23.18784	2.372931	0.1725314
26200	-299.8408	-285.201	-14.63976	1.644391	0.05875708
26400	-302.5838	-289.3425	-13.24134	1.451491	0.110893
26600	-302.0703	-283.8232	-18.24715	1.968946	0.09450212
26800	-300.455	-285.5728	-14.88226	1.643312	0.08535688
27000	-301.981	-286.6752	-15.30581	1.644696	0.1183126
27200	-303.9601	-284.6638	-19.2963	1.709013	0.4445784
27400	-299.6318	-284.8323	-14.79956	1.675405	0.04441729
27600	-299.9753	-284.8668	-15.10855	1.689195	0.06049539
27800	-302.0688	-288.1746	-13.8942	1.628974	0.001167234
28000	-300.2278	-285.0289	-15.19893	1.657977	0.1015799
28200	-300.4884	-286.2402	-14.24824	1.548465	0.1125351
28400	-301.5026	-284.4433	-17.05927	1.880528	0.0668961
28600	-300.2956	-283.3787	-16.91691	1.900225	0.03184712
28800	-302.7078	-285.2739	-17.4339	1.795929	0.1773848
29000	-300.2256	-284.0002	-16.2254	1.7609	0.1005757
29200	-304.4171	-284.503	-19.91416	2.006837	0.2169433
29400	-304.0753	-284.5092	-19.56604	2.100056	0.09429148
29600	-302.0709	-283.6893	-18.38167	1.924012	0.1563968
29800	-300.9633	-287.5608	-13.40244	1.467578	0.1121343
30000	-301.6686	-287.7384	-13.93017	1.532588	0.09525135
30200	-300.7997	-286.6326	-14.16708	1.597692	0.05647377
30400	-300.3343	-285.7631	-14.57122	1.590639	0.1054732
30600	-306.1772	-285.2673	-20.90986	1.734208	0.5976556
30800	-299.4345	-284.5197	-14.91479	1.716785	0.01502178
31000	-301.5612	-287.1078	-14.45336	1.618297	0.06430838
31200	-299.8216	-286.6033	-13.2183	1.547068	0.01507731
31400	-299.7154	-286.6595	-13.05587	1.540471	0.005622996
31600	-302.747	-283.1383	-19.60869	1.936356	0.2648726
31800	-301.5527	-288.9301	-12.62263	1.359211	0.1377468
32000	-301.6822	-287.1234	-14.55878	1.629633	0.06462245
32200	-301.1444	-285.3274	-15.817	1.666805	0.1490936
32400	-299.3545	-285.2133	-14.1413	1.637817	0.01685782
32600	-301.0113	-286.0565	-14.9548	1.65699	0.07462488
32800	-300.1276	-284.6831	-15.44446	1.775914	0.009005266
33000	-301.8852	-284.9255	-16.95974	1.805052	0.1246278
33200	-299.5146	-286.0097	-13.50498	1.560609	0.02960777
33400	-300.9332	-283.77	-17.16324	1.870497	0.08685478
33600	-300.6238	-284.3651	-16.25865	1.805712	0.05871917
33800	-300.8482	-283.7417	-17.10655	1.927146	0.02345979
34000	-301.6393	-289.6884	-11.95095	1.396863	0.03639639
34200	-301.5535	-284.3478	-17.20567	1.826412	0.1290675
34400	-303.3691	-282.4842	-20.88497	2.246643	0.08084026
34600	-305.7211	-295.1334	-10.58773	1.21951	0.07956629
34800	-300.7824	-290.0605	-10.72192	1.307853	0.004879154
35000	-301.7672	-284.8397	-16.92749	1.705627	0.2205858
35200	-300.1597	-284.5754	-15.58425	1.760426	0.03806185
35400	-301.4464	-289.5839	-11.86244	1.369847	0.05379454
35600	-304.9483	-285.1539	-19.79437	2.210522	0.009536397
35800	-303.1607	-285.8551	-17.30554	1.629574	0.3353226
36000	-300.1838	-285.2848	-14.89898	1.624999	0.1031745
36200	-310.6625	-291.2399	-19.42264	2.073144	0.1090436
36400	-301.4694	-290.2572	-11.21225	1.304831	0.05445354
36600	-301.6001	-290.3579	-11.24218	1.332774	0.0319248
36800	-299.4873	-284.0369	-15.45034	1.757903	0.02738717
37000	-300.88	-284.3629	-16.51717	1.78608	0.1038833
37200	-300.0331	-284.3808	-15.65229	1.794109	0.0114434
37400	-302.3228	-286.9139	-15.40887	1.583494	0.1863942
37600	-302.7282	-285.0596	-17.66859	1.899299	0.1032041
37800	-300.811	-283.9115	-16.89951	1.90962	0.02081752
38000	-299.1867	-284.3745	-14.81223	1.718089	0.003841559
38200	-301.7547	-288.8708	-12.88395	1.423242	0.1044684
38400	-302.0426	-282.5666	-19.47596	2.069963	0.1176998
38600	-301.5523	-287.7681	-13.78413	1.539735	0.07438143
38800	-301.6796	-283.3504	-18.32922	2.012269	0.06237625
39000	-300.8636	-285.6579	-15.20573	1.66596	0.09272809
39200	-300.9747	-287.9845	-12.99015	1.425011	0.11212
39400	-300.4595	-285.459	-15.00045	1.693963	0.04582796
39600	-299.6232	-285.8495	-13.77375	1.591161	0.02596123
39800	-300.3853	-287.0872	-13.2981	1.475954	0.09135349
40000	-302.4332	-287.2458	-15.18741	1.751259	0.007582694
40200	-302.1208	-286.1849	-15.93585	1.673349	0.1515817
40400	-303.8579	-286.4396	-17.41827	1.940543	0.04075738
40600	-300.3774	-287.1345	-13.24283	1.483502	0.07812339
40800	-299.6795	-285.0793	-14.60021	1.692532	0.00802962
41000	-303.5286	-291.5796	-11.94905	1.359941	0.07140372
41200	-301.7038	-286.3113	-15.39253	1.777874	0.002078731
41400	-302.0306	-286.0918	-15.93877	1.687712	0.1474965
41600	-300.1972	-286.3052	-13.89197	1.574619	0.05321694
41800	-300.9226	-286.8892	-14.03339	1.505641	0.132378
42000	-302.9149	-283.3282	-19.58668	2.16327	0.03604077
42200	-303.9522	-283.4908	-20.46141	2.12203	0.1577438
42400	-300.8958	-283.2974	-17.59837	1.967845	0.03193652
42600	-302.7399	-283.7797	-18.96018	1.874358	0.2573244
42800	-301.8957	-286.4776	-15.4181	1.638194	0.135229
43000	-300.6484	-284.9385	-15.70997	1.773805	0.0360549
43200	-301.1035	-283.3616	-17.74195	1.862243	0.1500534
43400	-301.4286	-283.4143	-18.01428	1.938214	0.1047175
43600	-303.0212	-282.6442	-20.37699	2.195884	0.08115417
43800	-299.8188	-287.2182	-12.60067	1.467527	0.03225916
44000	-307.7479	-283.8017	-23.9462	2.55503	0.08306955
44200	-299.5651	-286.3324	-13.23274	1.533868	0.02920109
44400	-300.8593	-285.42	-15.43924	1.733236	0.04862631
44600	-299.7789	-285.7112	-14.06768	1.60003	0.04624063
44800	-302.0916	-286.215	-15.87662	1.604873	0.2125231
45000	-301.9474	-285.4029	-16.54451	1.895034	0.0001959457
45200	-302.3037	-290.1527	-12.15097	1.406412	0.04733992
45400	-299.701	-285.545	-14.15603	1.591255	0.06358396
45600	-305.6963	-283.5161	-22.18025	2.064507	0.3815716
45800	-300.6861	-287.4216	-13.26445	1.508761	0.05502371
46000	-300.2794	-286.1392	-14.14017	1.644292	0.01054164
46200	-306.3353	-285.0171	-21.31821	2.31198	0.05604011
46400	-302.1625	-283.2239	-18.93858	1.983777	0.1471933
46600	-301.6646	-285.3981	-16.26658	1.662488	0.2045206
46800	-302.2298	-291.7682	-10.46159	1.250493	0.03579137
47000	-304.5101	-285.7544	-18.75564	1.86578	0.2403551
47200	-303.1562	-286.6215	-16.53468	1.79004	0.09597629
47400	-302.099	-283.6636	-18.43538	1.941141	0.1434868
47600	-301.1439	-283.3958	-17.74811	1.941155	0.07268947
47800	-300.7511	-283.0014	-17.74971	1.940756	0.07417461
48000	-302.4212	-284.9832	-17.43799	1.952628	0.03061247
48200	-302.1305	-285.1985	-16.93204	1.670661	0.2531547
48400	-300.9664	-284.5432	-16.4232	1.774702	0.1040237
48600	-301.9278	-284.383	-17.54482	1.734858	0.2585566
48800	-303.3176	-281.8659	-21.45169	2.260596	0.125049
49000	-300.1311	-284.7522	-15.37886	1.778232	0.000429556
49200	-299.4745	-285.6929	-13.78159	1.607615	0.01088596
49400	-301.6642	-285.4401	-16.22403	1.708614	0.1467823
49600	-304.1008	-292.0258	-12.07508	1.259235	0.1767444
49800	-301.6703	-284.633	-17.03733	1.906465	0.0358591
50000	-300.1364	-287.253	-12.88333	1.51669	0.01211624
50200	-302.1401	-284.6591	-17.48107	1.971676	0.01616112
50400	-307.1531	-285.3339	-21.81915	2.286054	0.1294925
50600	-299.0895	-285.4672	-13.62221	1.597639	0.005257958
50800	-301.744	-287.8753	-13.86865	1.583149	0.04450526
51000	-304.8702	-290.1143	-14.75593	1.609177	0.09973595
51200	-300.1018	-285.0528	-15.04906	1.652698	0.09173013
51400	-300.5918	-285.9504	-14.64143	1.687194	0.01670562
51600	-300.482	-286.3701	-14.11196	1.584863	0.06634598
51800	-299.5455	-284.577	-14.96849	1.712385	0.0246057
52000	-300.6956	-287.3807	-13.31484	1.489515	0.07933888
52200	-299.6205	-284.4549	-15.16557	1.735651	0.02104776
52400	-301.7583	-288.4535	-13.30487	1.457699	0.1121895
52600	-301.2955	-287.7327	-13.5628	1.592995	0.003903776
52800	-301.37	-283.672	-17.69795	1.907798	0.09939104
53000	-300.3495	-286.3268	-14.02265	1.593584	0.04683306
53200	-299.7625	-285.0431	-14.71946	1.683954	0.02766017
53400	-302.711	-288.239	-14.47201	1.450206	0.2229707
53600	-302.3865	-285.3163	-17.07021	1.659845	0.2866336
53800	-303.9572	-291.9835	-11.97373	1.318074	0.1144385
54000	-299.8047	-285.3247	-14.48003	1.617282	0.06958138
54200	-301.3416	-284.6913	-16.6503	1.801181	0.09968002
54400	-304.7496	-284.6672	-20.08244	2.098866	0.139512
54600	-304.0413	-285.3072	-18.73411	1.780836	0.3311786
54800	-300.4838	-286.923	-13.5608	1.542009	0.05239745
55000	-300.9275	-286.824	-14.10349	1.63635	0.01416276
55200	-302.6409	-287.4117	-15.22919	1.693063	0.06584265
55400	-300.803	-284.0293	-16.77362	1.836358	0.08218925
55600	-301.731	-283.4155	-18.3155	1.877923	0.1942517
55800	-301.4064	-287.186	-14.22039	1.564084	0.09273085
56000	-299.2771	-284.9692	-14.30793	1.668735	0.002767702
56200	-299.8457	-286.3593	-13.48638	1.557589	0.03045306
56400	-301.2883	-288.6854	-12.60295	1.432366	0.0683947
56600	-299.8027	-285.7204	-14.08232	1.62223	0.02649402
56800	-305.6514	-288.1915	-17.45995	1.776482	0.194939
57000	-302.7639	-291.9608	-10.80309	1.297189	0.02231711
57200	-302.5916	-282.2389	-20.35268	2.231265	0.04457318
57400	-301.5123	-284.1521	-17.3602	1.820767	0.1524057
57600	-302.2707	-286.2064	-16.06436	1.737117	0.105951
57800	-300.6674	-287.9436	-12.72386	1.450975	0.05946997
58000	-300.3155	-286.1546	-14.16092	1.582252	0.07417565
58200	-299.8308	-287.5182	-12.3126	1.469043	0.002888464
58400	-302.5409	-286.9116	-15.6293	1.515756	0.2842739
58600	-302.3239	-283.9464	-18.37752	2.011575	0.06377559
58800	-299.7214	-286.6246	-13.09686	1.540211	0.009829376
59000	-300.1948	-288.2216	-11.97316	1.418401	0.01872169
59200	-302.4897	-287.6654	-14.82431	1.590182	0.1256081
59400	-301.4885	-288.8632	-12.62534	1.419926	0.08293037
59600	-299.9864	-285.1342	-14.8522	1.680125	0.04475556
59800	-300.6753	-283.9477	-16.72763	1.789705	0.1219011
60000	-299.6821	-283.6984	-15.98373	1.804341	0.03440659
60200	-302.5969	-285.6687	-16.92822	1.651295	0.2706349
60400	-300.4312	-285.3792	-15.05197	1.671361	0.07121181
60600	-301.3566	-284.3484	-17.0082	1.885606	0.05469583
60800	-301.8588	-286.0511	-15.80772	1.763573	0.05399029
61000	-302.8006	-287.8134	-14.98716	1.562864	0.1730582
61200	-301.9842	-290.6584	-11.32584	1.294516	0.07505252
61400	-303.2866	-286.4007	-16.88584	1.671176	0.2561468
61600	-301.8348	-284.9608	-16.87406	1.652604	0.2680325
61800	-302.0863	-289.7183	-12.36794	1.455674	0.02018388
62000	-302.2853	-288.0731	-14.21217	1.461507	0.1881189
62200	-305.1543	-282.3757	-22.77858	2.363232	0.1521803
62400	-301.0624	-287.1911	-13.8713	1.551885	0.07487346
62600	-303.3621	-286.7444	-16.61777	1.503663	0.3827228
62800	-303.6483	-286.6988	-16.94947	1.838668	0.09729312
63000	-300.8581	-284.9948	-15.86336	1.672116	0.1530174
63200	-302.887	-283.9899	-18.89704	2.056437	0.07010624
63400	-300.0878	-285.9387	-14.14915	1.603541	0.04975422
63600	-299.6379	-286.2591	-13.3788	1.557403	0.02041025
63800	-304.5594	-284.4028	-20.15661	2.151285	0.0982098
64000	-301.5443	-285.8096	-15.73477	1.71756	0.09668251
64200	-299.965	-283.7182	-16.24679	1.833392	0.03163656
64400	-302.339	-285.6264	-16.71264	1.588625	0.3129247
64600	-301.4706	-285.6696	-15.80104	1.619861	0.1922481
64800	-301.0466	-285.0509	-15.99576	1.722051	0.1140257
65000	-302.3199	-286.8333	-15.48659	1.73903	0.0482459
65200	-303.4339	-284.3098	-19.12409	1.828833	0.3177962
65400	-302.554	-288.8892	-13.66472	1.536948	0.06944867
65600	-300.9917	-288.392	-12.59967	1.461433	0.03690022
65800	-300.0503	-287.4577	-12.5926	1.472199	0.02657812
66000	-300.7799	-285.4587	-15.32118	1.618178	0.1519113
66200	-301.1652	-287.7465	-13.41867	1.517955	0.06049214
66400	-303.7848	-287.6059	-16.17897	1.59381	0.2551873
66600	-301.2949	-285.5928	-15.70207	1.712005	0.09976962
66800	-301.2645	-286.7143	-14.55022	1.604266	0.08575297
67000	-302.5784	-286.5719	-16.00655	1.76972	0.06870441
67200	-301.8498	-286.1644	-15.68542	1.680718	0.1216277
67400	-300.3146	-285.2445	-15.07009	1.692832	0.05242685
67600	-302.1484	-286.8012	-15.34718	1.713917	0.05928173
67800	-302.5858	-285.2077	-17.37819	1.797754	0.1743249
68000	-303.7098	-285.6148	-18.09504	1.839608	0.2092683
68200	-305.48	-286.4353	-19.04467	2.01282	0.136785
68400	-301.5218	-282.8717	-18.65011	2.068368	0.03786436
68600	-300.1184	-283.6884	-16.42997	1.861084	0.02221831
68800	-300.6773	-287.6849	-12.9924	1.482461	0.05584784
69000	-300.3311	-286.3091	-14.02198	1.629875	0.01297877
69200	-301.3957	-286.2433	-15.15242	1.57219	0.1786003
69400	-305.468	-290.5532	-14.91478	1.520484	0.1956507
69600	-303.5501	-287.3708	-16.17936	1.841434	0.01613934
69800	-299.2026	-285.6255	-13.57713	1.585338	0.0129209
70000	-299.9155	-285.2807	-14.63481	1.639076	0.06309047
70200	-301.0632	-284.8406	-16.22262	1.791014	0.07195123
70400	-301.6969	-283.6652	-18.03173	1.936913	0.1031453
70600	-300.4635	-284.6427	-15.82075	1.774428	0.0478579
70800	-303.6899	-290.5016	-13.18822	1.381668	0.1671222
71000	-302.1828	-286.6672	-15.51555	1.717331	0.07239761
71200	-300.7485	-285.0754	-15.67306	1.640118	0.1633009
71400	-303.1234	-285.6509	-17.47258	1.772162	0.2111705
71600	-301.4313	-287.0082	-14.42306	1.670491	0.01165803
71800	-300.5903	-284.3803	-16.20997	1.744597	0.116471
72000	-300.4052	-288.6854	-11.71984	1.374045	0.03713117
72200	-300.3636	-288.6624	-11.70117	1.375286	0.03412948
72400	-301.0289	-285.2664	-15.76254	1.667597	0.1429826
72600	-304.1918	-282.1746	-22.01722	2.425497	0.0167934
72800	-301.033	-282.9495	-18.08355	1.986248	0.06174924
73000	-303.4263	-286.5374	-16.88886	1.771275	0.1532257
73200	-300.6243	-283.1014	-17.52297	1.932458	0.06067004
73400	-301.128	-286.3852	-14.74282	1.618335	0.09168072
73600	-301.3093	-290.3451	-10.96419	1.30228	0.03302688
73800	-301.3237	-283.3751	-17.94865	1.856505	0.1775571
74000	-299.8789	-287.3058	-12.57313	1.475544	0.02175137
74200	-300.6169	-286.9024	-13.7145	1.582658	0.02817951
74400	-301.0029	-287.3279	-13.67495	1.606914	0.001372842
74600	-301.4489	-288.5252	-12.92376	1.508763	0.02282952
74800	-303.943	-285.1578	-18.78527	1.864735	0.2378081
75000	-300.0381	-285.5997	-14.43835	1.639715	0.04479783
75200	-300.9115	-284.7764	-16.13517	1.771496	0.0789991
75400	-299.2217	-285.0541	-14.16764	1.638433	0.01874222
75600	-300.9551	-283.9823	-16.97284	1.858436	0.07866379
75800	-301.4764	-285.7969	-15.6795	1.666924	0.1355006
76000	-299.8813	-283.745	-16.13638	1.806711	0.04738281
76200	-302.2972	-287.4978	-14.79945	1.651054	0.06561201
76400	-300.819	-284.3301	-16.48889	1.731445	0.153886
76600	-302.8692	-283.5903	-19.27886	2.012515	0.1512908
76800	-305.3386	-283.819	-21.51959	2.354646	0.03815584
77000	-299.9171	-286.1064	-13.8107	1.578516	0.04185856
77200	-301.173	-286.3793	-14.79369	1.684239	0.0357838
77400	-300.5763	-288.1307	-12.44561	1.408124	0.07512982
77600	-300.2267	-284.3796	-15.84708	1.792501	0.03189423
77800	-300.6986	-288.7126	-11.98604	1.376292	0.06096722
78000	-301.2087	-287.322	-13.88677	1.584169	0.04211278
78200	-303.9298	-288.7995	-15.13035	1.433123	0.3010725
78400	-301.1966	-285.1156	-16.081	1.725915	0.118582
78600	-299.8125	-284.5166	-15.29589	1.758771	0.01164062
78800	-301.2158	-283.8414	-17.37439	1.937101	0.03992735
79000	-305.5034	-284.5342	-20.96915	1.953169	0.3689713
79200	-300.1144	-287.703	-12.41132	1.467827	0.01334605
79400	-300.1718	-283.6311	-16.54066	1.853625	0.04080021
79600	-302.7987	-289.9936	-12.80511	1.420968	0.09815721
79800	-301.6205	-286.4583	-15.16224	1.565615	0.187765
80000	-300.9849	-285.4585	-15.52636	1.781773	0.011229
80200	-299.8797	-285.947	-13.93263	1.611472	0.02194808
80400	-303.6983	-285.7307	-17.96757	1.977207	0.05604891
80600	-301.2646	-283.2681	-17.99651	2.031201	0.009395692
80800	-300.3153	-285.3791	-14.93617	1.708459	0.02465766
81000	-301.9933	-286.4142	-15.57908	1.6835	0.1087345
81200	-303.9969	-293.4821	-10.51486	1.172271	0.1142692
81400	-304.5696	-288.0947	-16.47488	1.715854	0.1665412
81600	-302.8158	-286.4646	-16.35111	1.709061	0.1553076
81800	-302.398	-291.9779	-10.42006	1.260848	0.02125281
82000	-302.9678	-285.0451	-17.92272	1.644481	0.3769563
82200	-303.0777	-286.7351	-16.34261	1.622224	0.237131
82400	-301.6963	-288.2788	-13.4175	1.454523	0.127098
82600	-300.9372	-284.9842	-15.953	1.770737	0.06258587
82800	-303.3857	-284.0008	-19.38488	2.058333	0.1190776
83000	-303.9413	-286.59	-17.35128	1.559294	0.4129867
83200	-301.0385	-285.1288	-15.90973	1.735921	0.09189683
83400	-301.8457	-284.0213	-17.82442	2.015342	0.007846089
83600	-300.364	-287.4561	-12.90784	1.512455	0.01849428
83800	-301.7709	-284.3547	-17.41619	1.962263	0.01910237
84000	-301.1349	-283.7054	-17.42956	1.882367	0.09814645
84200	-303.7147	-287.2474	-16.46723	1.790897	0.08937393
84400	-301.0985	-284.1821	-16.91632	1.873147	0.05756674
84600	-300.3433	-288.6815	-11.66183	1.40246	0.004282566
84800	-301.6497	-284.5821	-17.06766	1.764838	0.1767565
85000	-307.442	-286.5968	-20.84518	1.841648	0.4567002
85200	-302.375	-287.5106	-14.86433	1.640976	0.08099463
85400	-301.6046	-285.3455	-16.25913	1.807989	0.05499463
85600	-304.0502	-286.863	-17.18724	1.716323	0.2286875
85800	-299.9506	-283.3737	-16.57686	1.877548	0.02056147
86000	-299.7949	-284.7989	-14.99605	1.686306	0.05266678
86200	-300.8127	-286.6758	-14.13686	1.592392	0.05890966
86400	-301.7043	-283.6831	-18.02112	2.040794	0.002050566
86600	-301.2494	-282.3421	-18.90731	2.09523	0.03602363
86800	-301.496	-283.6708	-17.82521	1.938084	0.08341922
87000	-304.8181	-285.5133	-19.30475	1.960779	0.1986828
87200	-302.3526	-282.3521	-20.00049	2.159626	0.07994033
87400	-301.9855	-285.9706	-16.01491	1.613277	0.2180137
87600	-301.1551	-287.5644	-13.59069	1.482219	0.1160777
87800	-299.2814	-284.8101	-14.47127	1.681257	0.006605624
88000	-300.3348	-285.0184	-15.31643	1.652275	0.1171458
88200	-304.9636	-285.617	-19.34666	1.710028	0.446909
88400	-300.943	-282.6789	-18.26413	2.06373	0.0035161
88600	-301.1726	-289.6975	-11.47511	1.333402	0.05220875
88800	-300.6192	-286.8336	-13.78562	1.522753	0.09507005
89000	-299.6015	-286.6479	-12.9536	1.50844	0.02721796
89200	-303.4006	-289.2158	-14.18478	1.656373	0.002677119
89400	-301.0568	-286.6283	-14.42855	1.502771	0.1750061
89600	-301.011	-286.0076	-15.00336	1.633203	0.1067669
89800	-305.836	-287.7274	-18.10863	1.934561	0.1092657
90000	-300.0595	-288.1155	-11.94398	1.428744	0.006348412
90200	-301.8106	-286.2566	-15.554	1.671016	0.1170437
90400	-301.2593	-289.3411	-11.91822	1.388557	0.04115007
90600	-301.3414	-291.0116	-10.32979	1.265581	0.007855295
90800	-304.2032	-285.866	-18.33723	1.860828	0.2048332
91000	-301.1349	-283.8204	-17.31449	1.949461	0.02313472
91200	-300.4895	-283.9734	-16.51609	1.845897	0.04594309
91400	-301.8546	-285.1706	-16.68395	1.701841	0.2039277
91600	-300.6953	-285.2187	-15.4766	1.686823	0.09757467
91800	-300.4965	-286.2345	-14.26192	1.626218	0.03849618
92000	-302.0666	-285.977	-16.08955	1.609478	0.2321463
92200	-302.3455	-290.115	-12.23052	1.45544	0.008242239
92400	-299.5992	-284.1706	-15.42863	1.765369	0.01801247
92600	-303.7782	-292.2596	-11.51859	1.362766	0.02740302
92800	-304.9416	-283.5678	-21.37381	2.337218	0.04021368
93000	-304.5769	-284.3516	-20.22526	2.233518	0.02817823
93200	-302.4329	-284.0636	-18.36925	1.808358	0.2624691
93400	-299.861	-285.6642	-14.19679	1.622035	0.03677559
93600	-300.3792	-282.9609	-17.41831	1.92814	0.05403182
93800	-302.5438	-289.0958	-13.44799	1.417661	0.1566874
94000	-300.2981	-287.0859	-13.21219	1.478489	0.0801836
94200	-301.3449	-285.971	-15.37392	1.651687	0.1202735
94400	-301.3718	-284.8185	-16.55329	1.825129	0.06830674
94600	-302.1939	-283.8682	-18.32572	2.072038	0.001263403
94800	-301.7232	-285.7367	-15.98646	1.588517	0.2437654
95000	-301.5244	-286.864	-14.66045	1.70626	0.0005475986
95200	-301.0407	-288.4804	-12.56031	1.419719	0.07308127
95400	-301.6108	-288.7581	-12.85273	1.384675	0.1344687
95600	-299.6741	-285.7221	-13.952	1.578333	0.05660344
95800	-302.7067	-285.9956	-16.71109	1.786891	0.1156243
96000	-300.5776	-283.1665	-17.41112	1.928192	0.05283048
96200	-301.2264	-283.702	-17.52438	1.971923	0.0205262
96400	-304.7742	-290.5742	-14.20005	1.379439	0.2778162
96600	-301.2596	-283.4076	-17.852	2.017535	0.008318327
96800	-300.7653	-287.2036	-13.5617	1.490258	0.1035551
97000	-299.5763	-283.952	-15.62423	1.798329	0.004760362
97200	-299.9755	-285.1632	-14.81235	1.671603	0.04955108
97400	-301.8635	-287.7117	-14.15181	1.546218	0.104426
97600	-300.9685	-284.6298	-16.33874	1.832881	0.04123729
97800	-303.2876	-290.9639	-12.32363	1.410507	0.06015069
98000	-299.5215	-286.0482	-13.4732	1.584221	0.003789532
98200	-300.8064	-288.3456	-12.46081	1.450338	0.03585282
98400	-301.4	-285.6401	-15.75987	1.622582	0.1857008
98600	-305.1824	-284.2307	-20.95168	2.227259	0.1071808
98800	-299.4054	-284.6597	-14.74575	1.706707	0.008460764
99000	-303.8918	-283.6062	-20.2856	1.843247	0.4144503
99200	-302.7079	-286.9129	-15.79494	1.490189	0.3171168
99400	-307.3041	-284.0896	-23.21455	2.159541	0.3776457
99600	-301.3885	-288.2396	-13.14893	1.554255	0.001357175
99800	-303.8519	-289.8729	-13.97901	1.370051	0.2518313
100000	-303.2457	-287.1544	-16.0913	1.807487	0.0389871
100200	-304.6451	-293.0351	-11.61003	1.180142	0.2101859
100400	-301.9278	-284.5	-17.42783	1.951846	0.02990836
100600	-302.8535	-285.5023	-17.35117	1.818614	0.1530719
100800	-301.8536	-287.5061	-14.34752	1.520583	0.1472742
101000	-301.1167	-284.8445	-16.2722	1.859842	0.007710221
101200	-300.9184	-288.2417	-12.67671	1.431793	0.07395405
101400	-305.3735	-294.8563	-10.51723	1.155758	0.1292252
101600	-300.2314	-285.0678	-15.16367	1.717504	0.03797411
101800	-304.1815	-284.03	-20.1515	2.074091	0.1726874
102000	-304.6103	-288.7107	-15.89964	1.392996	0.4242339
102200	-300.2354	-286.2499	-13.98549	1.579305	0.05748204
102400	-310.2073	-283.3579	-26.84945	2.450266	0.4575972
102600	-300.0657	-287.4289	-12.63677	1.487641	0.01667948
102800	-299.9006	-285.9533	-13.94731	1.570943	0.06368468
103000	-299.2533	-285.28	-13.97326	1.620019	0.01764008
103200	-301.5579	-285.7519	-15.80602	1.803386	0.01803669
103400	-300.5212	-285.4274	-15.09382	1.70969	0.03903426
103600	-301.5368	-283.1451	-18.39172	1.897404	0.1813262
103800	-301.4462	-288.7171	-12.72905	1.508486	0.005210474
104000	-301.1108	-287.0946	-14.01621	1.52581	0.1142189
104200	-301.9222	-285.713	-16.20913	1.606445	0.2514045
104400	-300.3409	-286.1061	-14.23477	1.636833	0.02597866
104600	-302.7728	-290.0322	-12.7406	1.378373	0.1340319
104800	-302.0562	-289.4218	-12.63443	1.501138	0.002992977
105000	-299.2944	-286.2074	-13.08694	1.545122	0.004273365
105200	-303.7497	-290.9082	-12.84155	1.338077	0.1824374
105400	-301.4228	-290.9811	-10.44164	1.272047	0.01220755
105600	-300.9102	-285.6917	-15.21848	1.665484	0.09269154
105800	-301.7381	-288.8125	-12.9256	1.414578	0.111683
106000	-301.3566	-285.0635	-16.29315	1.733527	0.1300159
106200	-301.1158	-287.746	-13.36981	1.515875	0.05785181
106400	-305.0976	-285.9039	-19.19375	2.05191	0.09977266
106600	-300.7011	-286.343	-14.35807	1.586788	0.08506461
106800	-300.5697	-283.0754	-17.49426	1.986193	0.004035484
107000	-299.7435	-285.0758	-14.6677	1.699001	0.008222692
107200	-301.0453	-287.0861	-13.95923	1.618056	0.01867534
107400	-304.4566	-285.4657	-18.99082	2.014052	0.1212446
107600	-303.1302	-283.0029	-20.12732	2.084499	0.1644155
107800	-299.7375	-285.0731	-14.66433	1.698904	0.008195962
108000	-299.9518	-287.448	-12.50374	1.453865	0.03635003
108200	-302.1217	-284.7289	-17.39274	1.95609	0.02271697
108400	-301.357	-288.794	-12.56295	1.419478	0.07288353
108600	-303.82	-285.03	-18.79004	1.858994	0.2445038
108800	-303.1081	-282.7881	-20.31997	2.114488	0.1586652
109000	-301.1737	-284.9941	-16.17961	1.783286	0.07365346
109200	-301.8821	-282.7263	-19.15579	2.031035	0.1229487
109400	-301.9991	-286.6214	-15.37772	1.625102	0.1519168
109600	-303.6701	-290.7953	-12.87479	1.272503	0.2444974
109800	-302.189	-284.909	-17.27998	1.914028	0.05129122
110000	-300.3008	-286.2404	-14.0604	1.53608	0.1075207
110200	-300.5243	-284.494	-16.03028	1.840017	0.0037741
110400	-301.3932	-283.0204	-18.37281	2.071255	0.006836025
110600	-302.9254	-286.6191	-16.30631	1.65343	0.202588
110800	-303.0506	-283.3706	-19.67998	2.086294	0.117846
111000	-301.2233	-287.972	-13.2513	1.465025	0.09881989
111200	-303.9074	-283.2298	-20.67766	1.99108	0.3127959
111400	-299.8093	-285.0665	-14.74275	1.71432	0.0007301362
111600	-301.3845	-285.1869	-16.19764	1.833002	0.02767702
111800	-302.9674	-286.3389	-16.62857	1.813746	0.09080235
112000	-300.516	-283.619	-16.89702	1.904974	0.02487512
112200	-310.0714	-285.3168	-24.75461	2.041397	0.6146223
112400	-300.89	-284.5372	-16.35276	1.783177	0.08930728
112600	-301.786	-288.7104	-13.07557	1.458915	0.08350636
112800	-302.2958	-287.3443	-14.95146	1.503319	0.2193881
113000	-301.9123	-284.0868	-17.82546	1.970621	0.05010201
113200	-302.0605	-288.7461	-13.31441	1.39911	0.1633306
113400	-300.7785	-283.2929	-17.48564	1.959853	0.02958698
113600	-302.5256	-282.4223	-20.10331	2.121668	0.1273686
113800	-300.5071	-288.0244	-12.48275	1.428602	0.05753499
114000	-301.0199	-285.7267	-15.29321	1.74447	0.02454345
114200	-300.3885	-287.8875	-12.50105	1.420031	0.06811525
114400	-301.4909	-287.7924	-13.69848	1.543031	0.06327776
114600	-300.044	-285.6532	-14.39079	1.589571	0.08760865
114800	-300.7476	-285.5265	-15.22109	1.751333	0.01088347
115000	-303.2497	-285.2539	-17.99581	1.740781	0.2958151
115200	-302.527	-284.7085	-17.81849	1.992191	0.02915745
115400	-300.5253	-283.9695	-16.55577	1.858217	0.03689219
115600	-301.7517	-287.6109	-14.14082	1.461265	0.1838172
115800	-302.9123	-286.5879	-16.32436	1.663299	0.1953264
116000	-306.0807	-288.096	-17.98476	1.688927	0.3397926
116200	-306.0489	-289.9804	-16.06845	1.44813	0.3780803
116400	-300.4408	-286.343	-14.09786	1.528964	0.1181693
116600	-301.8925	-288.1413	-13.75124	1.583577	0.03126609
116800	-303.2105	-284.6682	-18.54232	2.0454	0.04628926
117000	-302.2704	-284.1889	-18.08147	1.975244	0.07033895
117200	-300.1337	-284.4051	-15.72862	1.806827	0.006612127
117400	-300.677	-285.9467	-14.73032	1.565884	0.1452015
117600	-302.2855	-286.504	-15.78153	1.733727	0.08274076
117800	-299.7916	-283.8148	-15.97682	1.82075	0.01737477
118000	-300.4173	-286.9358	-13.48146	1.536767	0.04938446
118200	-302.7395	-291.1727	-11.56672	1.392789	0.004508067
118400	-303.6028	-284.2516	-19.3512	2.15541	0.01983441
118600	-301.0629	-285.0147	-16.04825	1.778839	0.06421686
118800	-299.5999	-284.3032	-15.29678	1.754965	0.01524567
119000	-304.5037	-286.0486	-18.4551	1.736617	0.3353402
119200	-305.6058	-293.6187	-11.98715	1.396101	0.04051897
119400	-302.4048	-290.608	-11.79673	1.306171	0.1125031
119600	-301.3165	-285.4818	-15.83471	1.6484	0.1690579
119800	-301.0127	-290.1398	-10.87286	1.318275	0.009623996
120000	-300.4627	-283.9719	-16.49077	1.841739	0.04731634
120200	-304.6406	-283.4237	-21.21693	2.226481	0.1305924
120400	-302.2636	-290.9551	-11.30852	1.34562	0.02396061
120600	-301.4023	-284.4393	-16.96301	1.912332	0.02358249
120800	-302.0601	-286.2505	-15.80964	1.621525	0.1892954
121000	-300.071	-284.2653	-15.8057	1.820142	0.001196308
121200	-301.9075	-282.873	-19.03451	2.033355	0.1104888
121400	-302.5339	-285.7448	-16.78912	1.874394	0.04340157
121600	-302.0753	-282.9668	-19.10849	2.138048	0.01326547
121800	-302.5985	-287.5358	-15.06276	1.741347	0.005513176
122000	-304.9428	-287.6855	-17.25726	1.891163	0.07081
122200	-303.4078	-284.6543	-18.75359	1.747464	0.3531808
122400	-301.1347	-289.271	-11.86367	1.400743	0.0248654
122600	-302.2627	-284.1042	-18.15857	2.043235	0.01271151
122800	-302.2957	-287.379	-14.91675	1.715509	0.01632968
123000	-303.6854	-291.4161	-12.26926	1.322888	0.133273
123200	-304.4456	-286.4471	-17.99846	1.904214	0.128587
123400	-301.9328	-287.5753	-14.35753	1.495269	0.1765323
123600	-301.4007	-290.5991	-10.80167	1.304641	0.01606749
123800	-303.1316	-291.5193	-11.61222	1.345638	0.0517964
124000	-299.6692	-285.5666	-14.10259	1.642674	0.008033002
124200	-302.4591	-287.7864	-14.6727	1.707558	0.0004877193
124400	-304.3475	-282.0701	-22.27743	2.234863	0.2317853
124600	-300.3905	-283.6252	-16.76526	1.916172	0.001109667
124800	-300.9029	-286.7944	-14.10855	1.618801	0.03064172
125000	-300.4166	-285.8992	-14.51736	1.64894	0.04234397
125200	-302.0671	-282.1197	-19.94739	2.208699	0.02656525
125400	-302.2075	-285.0513	-17.15611	1.862391	0.09244497
125600	-301.2364	-284.2416	-16.99481	1.898441	0.0399218
125800	-304.0417	-284.4975	-19.5442	1.846834	0.3335474
126000	-302.6239	-285.2571	-17.36677	1.919496	0.05542492
126200	-303.8381	-292.3155	-11.52262	1.226778	0.162637
126400	-300.9474	-285.8147	-15.13263	1.749396	0.004357224
126600	-303.8922	-285.2462	-18.64592	1.995137	0.1056823
126800	-300.4169	-287.0385	-13.37843	1.539619	0.03892335
127000	-301.6686	-287.128	-14.54056	1.489366	0.1961323
127200	-300.9698	-285.011	-15.95876	1.790539	0.04487803
127400	-299.6543	-284.7688	-14.88555	1.722464	0.006623014
127600	-302.0012	-285.8465	-16.15476	1.737693	0.1118439
127800	-300.83	-284.5212	-16.3088	1.826353	0.04342554
128000	-303.5472	-284.2018	-19.34537	1.820182	0.3563818
128200	-301.8272	-289.8403	-11.98686	1.364945	0.06943336
128400	-302.2641	-288.2196	-14.04456	1.437829	0.1996273
128600	-304.6771	-287.9399	-16.73717	1.577823	0.3355975
128800	-301.1624	-284.5187	-16.64374	1.807089	0.09653053
129000	-301.7382	-283.3336	-18.40459	1.884572	0.1930166
129200	-300.3729	-288.2303	-12.14252	1.417673	0.03630079
129400	-301.0928	-287.2816	-13.8112	1.482348	0.1373508
129600	-301.776	-286.2887	-15.48737	1.754817	0.03205512
129800	-300.1593	-284.8147	-15.3446	1.671942	0.1018452
130000	-302.0981	-289.1352	-12.96288	1.515578	0.01979392
130200	-299.2213	-285.0668	-14.15449	1.654118	0.002102606
130400	-302.6512	-285.9227	-16.72853	1.589493	0.3099358
130600	-299.9837	-287.5446	-12.43914	1.462977	0.02097829
130800	-301.6455	-290.9519	-10.69357	1.29246	0.01729591
131000	-300.7006	-286.7622	-13.93841	1.581346	0.05126117
131200	-302.052	-286.1853	-15.86669	1.666584	0.1545504
131400	-300.7153	-288.8451	-11.87016	1.374702	0.05164808
131600	-301.6317	-285.7737	-15.85799	1.780678	0.04605728
131800	-301.0505	-288.5535	-12.497	1.449433	0.03885917
132000	-302.0135	-282.1356	-19.8779	2.22359	0.004957546
132200	-302.4849	-284.3249	-18.16003	2.037609	0.01813445
132400	-299.7571	-287.6329	-12.12416	1.437419	0.01517841
132600	-301.1368	-286.0728	-15.06396	1.737856	0.008888095
132800	-301.8693	-284.6019	-17.2674	1.897536	0.06621391
133000	-300.4646	-284.3965	-16.06807	1.783814	0.06165536
133200	-299.4859	-286.9457	-12.54024	1.486032	0.008462491
133400	-300.4171	-287.1466	-13.27059	1.501216	0.06602701
133600	-303.5608	-286.7182	-16.84258	1.822837	0.09336665
133800	-303.392	-289.7775	-13.61443	1.371526	0.2145683
134000	-302.0234	-285.5011	-16.52227	1.636863	0.2536141
134200	-303.8508	-281.9525	-21.89826	2.287705	0.1416965
134400	-301.4937	-282.9055	-18.58816	2.087468	0.01182779
134600	-300.0888	-284.7542	-15.33462	1.730559	0.04221481
134800	-299.6494	-284.089	-15.5604	1.78051	0.01618036
135000	-301.6526	-288.3244	-13.32828	1.56264	0.01016219
135200	-300.229	-286.4526	-13.77643	1.604079	0.0136074
135400	-302.3149	-283.6629	-18.652	1.937648	0.1650402
135600	-299.2055	-286.1189	-13.08659	1.544342	0.00497078
135800	-302.7586	-289.5177	-13.24086	1.415362	0.1415023
136000	-301.8653	-284.5544	-17.31089	1.781509	0.1851837
136200	-300.4442	-284.8686	-15.57566	1.710204	0.08469382
136400	-302.4184	-287.2873	-15.13115	1.710839	0.04126698
136600	-300.2567	-285.1361	-15.12054	1.64207	0.1093275
136800	-301.03	-288.7173	-12.31274	1.373584	0.09475662
137000	-302.5026	-284.2469	-18.25569	2.029448	0.03601452
137200	-304.2064	-283.8888	-20.31766	2.108837	0.1552062
137400	-302.8472	-283.6104	-19.23681	1.958355	0.2030588
137600	-301.1852	-285.3658	-15.81936	1.821776	0.0009211209
137800	-301.9035	-284.3832	-17.52034	1.801248	0.1918254
138000	-302.2773	-288.3127	-13.96456	1.621925	0.01434651
138200	-304.6667	-284.1147	-20.55203	2.097055	0.1954928
138400	-302.6286	-284.6223	-18.00632	1.840066	0.1916968
138600	-300.642	-284.4083	-16.23372	1.830501	0.03215436
138800	-302.6288	-284.2054	-18.42343	1.981819	0.09596157
139000	-301.1924	-285.4864	-15.70602	1.686226	0.1195981
139200	-300.343	-288.4102	-11.93288	1.406019	0.0273954
139400	-300.4985	-285.2453	-15.2532	1.639236	0.1246653
139600	-303.1365	-289.8637	-13.27284	1.549209	0.01739045
139800	-301.7408	-285.6204	-16.12036	1.787064	0.06278869
140000	-300.6227	-288.1323	-12.49047	1.42558	0.06265298
140200	-301.2659	-287.65	-13.61591	1.478317	0.1217005
140400	-300.0834	-286.6378	-13.4456	1.584291	0.00102713
140600	-299.6635	-287.2833	-12.38025	1.458159	0.0201884
140800	-300.3755	-284.9718	-15.40365	1.757207	0.02302952
141000	-301.0247	-284.3416	-16.68313	1.756206	0.1477553
141200	-300.7654	-283.5656	-17.19975	1.919665	0.04033533
141400	-303.02	-284.6307	-18.38937	1.984857	0.08875026
141600	-300.7345	-285.5624	-15.1721	1.626037	0.1286227
141800	-300.2591	-286.5967	-13.6624	1.555052	0.04968616
142000	-303.0879	-285.8251	-17.26281	1.771628	0.1816278
142200	-302.7209	-291.136	-11.58489	1.348607	0.04796049
142400	-299.9021	-284.6453	-15.2568	1.74536	0.0211161
142600	-301.6985	-287.9106	-13.78793	1.592551	0.02586752
142800	-299.7685	-284.2285	-15.53996	1.752558	0.041604
143000	-304.7616	-284.7037	-20.05791	2.028571	0.2090605
143200	-301.8349	-285.4952	-16.33966	1.609761	0.2559498
143400	-304.46	-282.7609	-21.69906	2.044882	0.3574391
143600	-301.6379	-286.7107	-14.92727	1.54326	0.1820774
143800	-300.7971	-284.6413	-16.15581	1.853841	0.002473872
144000	-300.669	-286.9521	-13.71685	1.560255	0.05065075
144200	-301.7912	-286.5149	-15.2763	1.656959	0.1042714
144400	-299.854	-288.3002	-11.55386	1.393276	0.002816749
144600	-301.6662	-284.5527	-17.11349	1.85344	0.09504115
144800	-300.5813	-283.6674	-16.91388	1.882756	0.04783437
145000	-300.0871	-287.27	-12.81715	1.503331	0.01844045
145200	-299.6959	-284.5339	-15.16196	1.712174	0.04443484
145400	-301.9	-285.801	-16.09896	1.655138	0.1862465
145600	-302.2561	-284.0781	-18.17805	1.95619	0.09908815
145800	-303.4736	-286.0007	-17.47294	1.707147	0.2625566
146000	-302.2411	-287.8231	-14.41792	1.563022	0.112947
146200	-299.4889	-285.0675	-14.42131	1.661312	0.02124351
146400	-300.4159	-288.2298	-12.18612	1.406567	0.05070624
146600	-300.8975	-288.8681	-12.02935	1.428734	0.01433946
146800	-302.7699	-284.7138	-18.05609	2.046161	0.0002258117
147000	-301.1014	-285.9398	-15.16165	1.654268	0.09733095
147200	-301.1957	-285.7651	-15.43061	1.707783	0.07403248
147400	-303.1092	-285.5035	-17.60569	1.689427	0.2953192
147600	-299.7651	-283.3789	-16.38623	1.873568	0.005728189
147800	-299.7532	-284.5961	-15.15706	1.737906	0.01793914
148000	-300.1393	-286.9691	-13.17016	1.51875	0.03866351
148200	-306.7792	-287.4289	-19.35035	1.972322	0.2083207
148400	-302.246	-284.949	-17.29696	1.915456	0.05207642
148600	-304.0146	-293.6854	-10.32925	1.24309	0.03051264
148800	-302.9103	-286.161	-16.74933	1.810144	0.0979191
149000	-301.2517	-286.5728	-14.67886	1.69571	0.01258374
149200	-301.431	-284.3826	-17.04839	1.941931	0.0035094
149400	-302.3161	-284.1834	-18.1327	1.973576	0.07621656
149600	-302.3239	-282.7889	-19.53495	2.183325	0.01110581
149800	-303.4604	-286.5622	-16.89816	1.785583	0.1374485
150000	-300.5913	-284.7785	-15.81286	1.787843	0.03257165
150200	-300.4965	-285.9962	-14.50033	1.571245	0.1152336
150400	-303.6869	-285.4636	-18.22334	1.973508	0.08491529
150600	-301.7858	-290.1152	-11.67052	1.297762	0.1059283
150800	-300.2329	-284.9461	-15.28682	1.743908	0.02437774
151000	-299.6408	-286.1719	-13.46894	1.556173	0.03029459
151200	-303.3901	-283.9885	-19.40157	2.1383	0.04031225
151400	-302.7459	-287.4813	-15.26466	1.680865	0.07850226
151600	-300.3537	-284.2353	-16.11841	1.789282	0.06108387
151800	-300.8386	-284.9206	-15.918	1.747179	0.08169042
152000	-301.7499	-284.3768	-17.37311	1.905656	0.07041969
152200	-300.8725	-283.3988	-17.47364	1.970571	0.01724166
152400	-300.2569	-288.6028	-11.65413	1.378203	0.02713452
152600	-302.4008	-284.0753	-18.32545	2.071469	0.001831416
152800	-299.8765	-284.686	-15.19051	1.70152	0.05714862
153000	-300.9554	-285.5102	-15.44522	1.644049	0.1350141
153200	-300.7273	-286.6389	-14.08846	1.547226	0.09781618
153400	-303.1382	-286.7594	-16.37878	1.621399	0.2579537
153600	-303.3863	-290.8866	-12.49965	1.487502	0.003042906
153800	-299.9681	-286.8673	-13.10084	1.50709	0.04312782
154000	-302.0214	-283.0059	-19.01553	2.01103	0.1284994
154200	-301.1634	-285.9276	-15.23586	1.666089	0.09267733
154400	-300.1989	-284.7834	-15.41555	1.75183	0.02921804
154600	-302.7477	-284.3915	-18.35623	1.955283	0.1143811
154800	-307.5049	-292.2347	-15.27024	1.501608	0.2526923
155000	-302.5278	-288.4361	-14.09173	1.504061	0.1456817
155200	-300.8416	-285.1217	-15.71989	1.770898	0.03979766
155400	-302.5281	-285.1784	-17.34969	1.963325	0.01185136
155600	-300.9064	-286.4217	-14.48469	1.629147	0.05658485
155800	-302.0373	-287.2648	-14.77252	1.581926	0.1325161
156000	-300.7047	-285.0366	-15.66807	1.805069	0.00239876
156200	-300.0509	-288.0774	-11.97345	1.429854	0.008174931
156400	-302.0549	-283.5983	-18.45659	1.986721	0.09615282
156600	-307.9581	-290.8317	-17.12638	1.927533	0.0255345
156800	-302.9108	-286.7225	-16.18829	1.500272	0.3473344
157000	-304.6963	-286.47	-18.22625	1.60758	0.4492723
157200	-300.6975	-285.015	-15.68245	1.730371	0.07508017
157400	-301.3471	-282.2449	-19.10225	2.112326	0.03875164
157600	-299.5986	-285.5809	-14.01772	1.630434	0.01208361
157800	-301.785	-283.7672	-18.01782	2.0334	0.008990419
158000	-301.269	-288.1175	-13.15153	1.520467	0.03323796
158200	-301.9214	-287.626	-14.29537	1.595766	0.07010573
158400	-301.2928	-287.7005	-13.59239	1.568381	0.02933082
158600	-301.3629	-284.9074	-16.45546	1.855776	0.02949092
158800	-302.2908	-285.202	-17.08885	1.884262	0.061853
159000	-300.4001	-286.6216	-13.77858	1.559814	0.05646478
159200	-302.4427	-285.46	-16.98263	1.863718	0.07097615
159400	-300.7613	-283.2841	-17.47723	1.898488	0.08919534
159600	-302.0021	-287.3773	-14.62481	1.478252	0.2187851
159800	-301.0033	-285.5721	-15.43125	1.730775	0.05364584
160000	-302.2556	-283.9357	-18.31986	1.919284	0.1471217
160200	-300.5361	-284.378	-16.15809	1.759235	0.09523087
160400	-302.3598	-286.4798	-15.88002	1.548738	0.2760835
160600	-301.2451	-285.3616	-15.88352	1.682939	0.1428201
160800	-303.1123	-287.1544	-15.95792	1.811221	0.02446906
161000	-303.0296	-282.6174	-20.41215	2.086928	0.1970826
161200	-305.5954	-285.3501	-20.24532	2.201116	0.06183925
161400	-301.2617	-283.9353	-17.32637	1.935067	0.0374823
161600	-302.7097	-287.622	-15.08768	1.712623	0.03585007
161800	-300.7466	-286.1793	-14.56732	1.669006	0.02729105
162000	-302.3219	-287.5164	-14.80553	1.491941	0.2194735
162200	-300.5132	-286.4701	-14.04307	1.536501	0.1044532
162400	-302.1383	-288.218	-13.92031	1.631476	0.001374704
162600	-302.268	-286.436	-15.83194	1.631214	0.184528
162800	-300.7445	-286.4872	-14.25738	1.550381	0.1117992
163000	-304.0941	-292.8828	-11.21131	1.352695	0.008753397
163200	-299.8119	-284.8516	-14.96034	1.662219	0.07347897
163400	-300.3196	-287.7582	-12.56143	1.452548	0.04232138
163600	-300.5516	-283.9144	-16.63724	1.866461	0.03692776
163800	-304.8696	-285.5883	-19.28128	1.750986	0.3970424
164000	-304.0601	-286.7526	-17.30752	1.681961	0.279661
164200	-302.3817	-288.4688	-13.91296	1.532841	0.0923655
164400	-300.3467	-289.0638	-11.28285	1.349991	0.01836113
164600	-303.2753	-288.625	-14.65035	1.544781	0.1551146
164800	-300.2972	-284.8568	-15.44042	1.746092	0.03776669
165000	-304.641	-286.3589	-18.28205	1.754374	0.2894885
165200	-299.9891	-284.4393	-15.54979	1.754057	0.04145427
165400	-302.0206	-287.6387	-14.38189	1.477899	0.1901346
165600	-301.3665	-288.3768	-12.98973	1.52494	0.01432163
165800	-301.5751	-286.467	-15.1081	1.711417	0.03759049
166000	-299.6555	-284.1547	-15.5008	1.781868	0.008983409
166200	-304.318	-287.8283	-16.4897	1.808642	0.07492042
166400	-301.9802	-285.9479	-16.03234	1.814777	0.0281449
166600	-300.4132	-287.1057	-13.30755	1.550306	0.02078701
166800	-302.4735	-285.3204	-17.15304	1.787498	0.1582475
167000	-303.4796	-285.0032	-18.47642	2.07487	0.01315511
167200	-299.6069	-286.1235	-13.48342	1.55	0.03777813
167400	-301.6856	-285.5942	-16.09137	1.69167	0.1533432
167600	-302.4472	-286.707	-15.74021	1.805069	0.009980376
167800	-301.7234	-283.8897	-17.83373	1.881919	0.1378062
168000	-302.7036	-289.3803	-13.32325	1.356083	0.2049219
168200	-299.8904	-286.0613	-13.82909	1.549202	0.07252277
168400	-301.7031	-290.457	-11.24602	1.338438	0.02557709
168600	-303.5977	-283.0276	-20.57014	2.26827	0.02923953
168800	-300.8318	-285.3382	-15.49365	1.626945	0.1575456
169000	-301.8591	-288.7838	-13.07529	1.503651	0.0420466
169200	-301.7972	-287.0129	-14.78425	1.619539	0.09291001
169400	-300.5782	-284.8025	-15.77569	1.698111	0.1161843
169600	-300.9441	-285.7934	-15.15076	1.605411	0.1441109
169800	-301.5917	-287.5442	-14.04756	1.573429	0.07083395
170000	-303.1808	-286.5722	-16.60863	1.881256	0.0188626
170200	-300.1389	-286.5998	-13.53913	1.564717	0.02947917
170400	-301.152	-286.6898	-14.4622	1.600818	0.08198462
170600	-303.4159	-289.2581	-14.15782	1.41245	0.2274021
170800	-300.9187	-285.831	-15.08773	1.724296	0.02403621
171000	-300.7121	-285.2662	-15.44599	1.644217	0.1393287
171200	-299.2727	-285.4617	-13.81105	1.621378	0.000502455
171400	-299.7921	-283.6242	-16.16789	1.818373	0.03881271
171600	-300.6888	-285.1899	-15.49884	1.733907	0.05406967
171800	-300.1961	-287.0065	-13.18967	1.536843	0.0218299
172000	-301.6337	-285.4958	-16.13785	1.597506	0.2495567
172200	-299.866	-283.5935	-16.27247	1.838884	0.02849301
172400	-300.898	-285.1504	-15.74756	1.799669	0.0149994
172600	-301.813	-284.6871	-17.12592	1.788945	0.156637
172800	-299.9679	-285.9271	-14.04071	1.577013	0.06574045
173000	-301.4803	-285.1266	-16.35368	1.868162	0.00761744
173200	-303.5413	-284.1449	-19.39638	2.031283	0.1415977
173400	-302.7461	-289.017	-13.72913	1.609768	0.003619347
173600	-301.5184	-283.1592	-18.35918	1.963022	0.1127899
173800	-305.5307	-285.8483	-19.68241	2.053616	0.1480006
174000	-302.3234	-291.4991	-10.82432	1.322696	0.0004872295
174200	-305.5156	-294.9784	-10.5372	1.198077	0.09210323
174400	-301.1901	-290.2356	-10.95447	1.33359	0.002482163
174600	-301.7535	-285.107	-16.64646	1.849572	0.05324399
174800	-301.8328	-289.643	-12.18972	1.371459	0.08261454
175000	-301.9913	-290.1966	-11.7947	1.377602	0.04234891
175200	-301.0917	-288.5234	-12.56829	1.462232	0.03425923
175400	-301.9647	-286.8869	-15.07782	1.528219	0.2137461
175600	-301.5845	-284.8538	-16.73074	1.881536	0.03272493
175800	-301.452	-285.018	-16.434	1.862761	0.02056746
176000	-303.7777	-284.4917	-19.28599	2.110102	0.0566582
176200	-302.1698	-288.32	-13.84979	1.406416	0.2087931
176400	-307.4854	-288.5921	-18.89324	1.618306	0.5193296
176600	-302.2161	-282.661	-19.55504	2.171953	0.02468948
176800	-303.7902	-286.5056	-17.28452	1.805134	0.1591171
177000	-300.7378	-284.5139	-16.22394	1.778878	0.08106751
177200	-301.6869	-285.3944	-16.29249	1.838278	0.02996873
177400	-301.7582	-289.7594	-11.99874	1.361584	0.076345
177600	-299.8982	-286.563	-13.33519	1.551487	0.02170037
177800	-302.6086	-284.335	-18.27358	2.012383	0.05258607
178000	-302.0928	-289.0348	-13.05809	1.505678	0.03747899
178200	-303.8613	-284.3403	-19.52101	1.84749	0.3289931
178400	-300.0556	-284.4637	-15.59197	1.722229	0.07544096
178600	-300.1151	-285.2615	-14.85355	1.62609	0.09860754
178800	-303.9952	-288.881	-15.11421	1.710926	0.03898799
179000	-301.2297	-284.1416	-17.08806	1.872556	0.07688498
179200	-300.3731	-283.3321	-17.041	1.942695	0.002145727
179400	-303.4653	-284.5525	-18.9128	1.970111	0.1521796
179600	-299.7219	-285.3108	-14.41113	1.659434	0.02161816
179800	-300.4535	-283.1367	-17.31685	1.916423	0.05591527
180000	-302.0966	-288.3248	-13.77181	1.41073	0.2011537
180200	-304.3745	-286.849	-17.52549	1.73501	0.2463516
180400	-300.19	-287.0093	-13.18068	1.55572	0.002999548
180600	-300.3003	-288.2234	-12.0769	1.447355	0.001067507
180800	-300.1383	-283.4433	-16.69495	1.854516	0.05476462
181000	-300.068	-285.5118	-14.55624	1.661017	0.03372472
181200	-303.7601	-291.099	-12.66103	1.425346	0.0773624
181400	-299.6753	-285.8421	-13.83322	1.612707	0.01096901
181600	-300.7842	-287.2919	-13.49225	1.49101	0.094274
181800	-300.5474	-287.6711	-12.87628	1.492847	0.03426766
182000	-301.2436	-287.7919	-13.45169	1.526338	0.05561151
182200	-300.744	-285.8063	-14.93769	1.73186	0.002568026
182400	-301.5881	-284.0553	-17.53288	1.787157	0.2061631
182600	-301.8575	-284.7753	-17.08223	1.853282	0.09096693
182800	-301.4197	-287.5556	-13.86418	1.548717	0.07785069
183000	-301.7057	-285.4399	-16.26581	1.786331	0.0765059
183200	-300.9626	-284.7677	-16.19495	1.843267	0.01693731
183400	-302.1174	-284.503	-17.61442	1.948758	0.05121003
183600	-299.9575	-286.5039	-13.4536	1.51749	0.06637678
183800	-301.1897	-285.7346	-15.4551	1.750611	0.03357941
184000	-301.8232	-283.5575	-18.26566	1.913924	0.1490404
184200	-302.6396	-285.038	-17.60155	1.894124	0.1009614
184400	-302.7198	-285.2702	-17.44964	1.717949	0.2546047
184600	-300.7585	-286.1381	-14.62041	1.684571	0.01712794
184800	-302.3646	-287.4113	-14.95329	1.544977	0.1825719
185000	-301.5909	-287.0033	-14.58759	1.691488	0.007593491
185200	-300.4327	-285.766	-14.66674	1.691979	0.01462058
185400	-300.5897	-285.8889	-14.70073	1.609875	0.09635374
185600	-301.4402	-284.1037	-17.3365	1.969764	0.004447101
185800	-300.7804	-284.9421	-15.83836	1.668593	0.1539663
186000	-300.6504	-285.4213	-15.22908	1.620183	0.1388422
186200	-306.5337	-286.5176	-20.01605	1.8045	0.415641
186400	-301.4528	-285.6067	-15.84613	1.663126	0.1540286
186600	-300.0502	-285.995	-14.05514	1.637835	0.008413089
186800	-303.7436	-289.559	-14.1846	1.556817	0.09402136
187000	-301.0398	-283.4385	-17.6013	1.901495	0.09725975
187200	-299.9508	-286.7024	-13.24838	1.51575	0.04869779
187400	-302.8453	-284.8904	-17.95491	1.782729	0.2526213
187600	-302.5166	-284.8104	-17.70617	1.705788	0.3042332
187800	-300.2885	-286.0271	-14.26139	1.641312	0.02444148
188000	-302.8382	-284.9254	-17.91275	1.93398	0.09233086
188200	-300.4389	-287.6775	-12.76136	1.509039	0.007707298
188400	-300.737	-286.2446	-14.49239	1.65367	0.03564565
188600	-301.723	-289.5178	-12.20515	1.340418	0.1147399
188800	-301.614	-287.3563	-14.25776	1.487316	0.1709605
189000	-299.4046	-285.2195	-14.18515	1.648409	0.01082873
189200	-301.5548	-285.1008	-16.45403	1.879306	0.006632031
189400	-302.8283	-286.0957	-16.73263	1.798918	0.1112246
189600	-300.3496	-284.9124	-15.43722	1.711963	0.0722453
189800	-304.3762	-289.7276	-14.64869	1.353366	0.3416203
190000	-303.563	-285.852	-17.711	1.615477	0.3771153
190200	-303.4224	-284.9754	-18.44701	2.020775	0.06233817
190400	-301.5704	-287.253	-14.31736	1.539402	0.1253771
190600	-302.7206	-285.7869	-16.9337	1.781765	0.1442272
190800	-303.2158	-289.3407	-13.87512	1.468117	0.1606801
191000	-305.4499	-281.8503	-23.59959	2.586548	0.0144212
191200	-299.8964	-287.1822	-12.71419	1.509262	0.00281902
191400	-306.0976	-286.4713	-19.62629	2.056701	0.1362117
191600	-299.6925	-284.8845	-14.80797	1.683634	0.03669057
191800	-302.7096	-289.5954	-13.11411	1.510454	0.04004075
192000	-301.7996	-284.8689	-16.93065	1.858976	0.07061155
192200	-300.1943	-287.819	-12.37535	1.46986	0.008142545
192400	-301.4494	-284.9652	-16.48427	1.746559	0.1374015
192600	-303.2954	-289.5413	-13.75402	1.385837	0.2165617
192800	-300.6623	-286.0996	-14.56266	1.684114	0.01237786
193000	-299.8274	-285.3153	-14.51208	1.635348	0.05577446
193200	-302.0151	-285.3031	-16.71197	1.904665	0.006803558
193400	-301.5734	-289.2808	-12.29256	1.43527	0.03269576
193600	-300.342	-286.8275	-13.51453	1.530668	0.05963326
193800	-300.7173	-283.657	-17.06033	1.910931	0.03606549
194000	-303.0011	-290.7934	-12.20774	1.385873	0.06978856
194200	-302.2913	-284.6311	-17.66019	1.940429	0.06240657
194400	-306.7309	-288.7946	-17.93635	1.585427	0.4091736
194600	-303.7733	-288.1079	-15.66539	1.564625	0.2269072
194800	-300.9712	-286.4916	-14.47956	1.556018	0.1264173
195000	-300.1309	-286.0143	-14.11654	1.574104	0.07519987
195200	-303.9783	-291.4966	-12.48169	1.240581	0.2365128
195400	-301.4754	-282.4695	-19.00597	2.111515	0.03002805
195600	-301.0967	-287.2905	-13.80625	1.470228	0.1458958
195800	-300.6543	-285.1683	-15.48594	1.773776	0.01554208
196000	-300.0031	-285.3259	-14.67717	1.662272	0.04615869
196200	-302.1542	-289.7079	-12.44634	1.405321	0.07737507
196400	-302.0464	-285.2255	-16.82087	1.906325	0.01596541
196600	-301.295	-288.3368	-12.95816	1.511134	0.02480859
196800	-303.3948	-288.836	-14.55873	1.470807	0.2157122
197000	-300.026	-286.4063	-13.61974	1.55088	0.05108005
197200	-301.5546	-285.5107	-16.04382	1.709881	0.1279036
197400	-302.9528	-285.4741	-17.47865	1.921839	0.06592163
197600	-301.2335	-287.9204	-13.31317	1.537031	0.03360667
197800	-303.8895	-282.5098	-21.37977	2.093735	0.2849998
198000	-301.2653	-283.3818	-17.88349	1.996473	0.03209779
198200	-299.4741	-286.2151	-13.25896	1.54527	0.02081605
198400	-300.6101	-289.3058	-11.30425	1.364351	0.006669253
198600	-303.6515	-282.6233	-21.02819	2.300479	0.0420252
198800	-300.1224	-286.2884	-13.83394	1.61421	0.009746628
199000	-299.9837	-283.745	-16.23869	1.852995	0.01150163
199200	-305.1081	-284.0122	-21.09593	2.068083	0.2661887
199400	-302.8721	-286.4383	-16.43379	1.586138	0.2819587
199600	-299.7067	-284.7471	-14.95958	1.725601	0.01115705
199800	-302.8081	-287.5979	-15.21014	1.635818	0.1278024
200000	-300.6039	-285.3904	-15.21354	1.741191	0.02011998
