Iteration	Posterior	Likelihood	Prior	branch_rates	speciation_rate
0	-326.8168	-311.668	-15.14879	1.548354	0.2097093
200	-323.7646	-311.5318	-12.2328	1.342199	0.1232175
400	-328.3281	-321.4301	-6.897981	0.8764045	0.05212086
600	-323.3975	-309.6754	-13.7222	1.486519	0.1273791
800	-324.8699	-312.344	-12.52588	1.236762	0.2604399
1000	-323.6296	-312.6328	-10.99678	1.185457	0.1546758
1200	-325.0937	-311.9751	-13.11859	1.485476	0.06796546
1400	-323.9139	-313.2353	-10.67855	1.203229	0.1048298
1600	-326.2993	-311.9239	-14.3754	1.501032	0.1747635
1800	-328.6151	-309.1857	-19.42946	1.603327	0.5933521
2000	-324.234	-313.6894	-10.54467	1.288215	0.007130409
2200	-325.0656	-315.7944	-9.271222	1.107283	0.05931485
2400	-323.1433	-312.817	-10.32633	1.239921	0.03419487
2600	-323.7787	-314.2725	-9.506179	1.140594	0.05028959
2800	-323.4162	-313.935	-9.481153	1.142553	0.04553409
3000	-324.1497	-310.6709	-13.47886	1.536325	0.05159381
3200	-323.173	-312.9795	-10.19356	1.174583	0.08629475
3400	-325.0555	-312.7513	-12.30418	1.433692	0.03691332
3600	-323.6428	-313.9603	-9.682589	1.118783	0.08981362
3800	-323.7228	-314.7785	-8.944322	1.106292	0.02832999
4000	-326.3848	-316.8122	-9.572568	0.9891011	0.2093104
4200	-322.7022	-309.4358	-13.26643	1.51828	0.0501901
4400	-323.6747	-311.6553	-12.01937	1.389037	0.05536676
4600	-326.165	-311.0619	-15.10319	1.670234	0.07903546
4800	-322.8199	-309.7521	-13.06773	1.498513	0.05000752
5000	-325.3449	-314.4581	-10.88674	1.164392	0.1646811
5200	-324.7077	-310.57	-14.1377	1.543483	0.1086917
5400	-324.4275	-314.6759	-9.751594	1.093363	0.1236663
5600	-324.1356	-308.3267	-15.80891	1.795416	0.02688198
5800	-323.6976	-311.5792	-12.11838	1.275241	0.1771669
6000	-324.4629	-313.99	-10.47296	1.277188	0.01062542
6200	-325.0468	-311.9322	-13.1146	1.39361	0.1569369
6400	-322.6891	-310.265	-12.42415	1.433264	0.05102776
6600	-322.3207	-311.6268	-10.69392	1.262584	0.04779461
6800	-322.8608	-309.2668	-13.59404	1.589398	0.01091403
7000	-324.3894	-314.5011	-9.888338	1.155533	0.07207753
7200	-322.9469	-313.4592	-9.487736	1.140925	0.04840885
7400	-322.8162	-311.784	-11.0322	1.251964	0.09252559
7600	-322.1319	-312.3286	-9.803374	1.207463	0.01377018
7800	-323.1635	-309.5357	-13.6278	1.577906	0.02643874
8000	-325.2083	-308.8692	-16.33911	1.695982	0.1834753
8200	-322.7837	-310.7071	-12.07656	1.436221	0.01212442
8400	-324.76	-309.1723	-15.58768	1.581354	0.220655
8600	-324.8737	-309.601	-15.27269	1.740301	0.02713363
8800	-324.7638	-311.9172	-12.84657	1.490268	0.03462117
9000	-324.5325	-317.1841	-7.348341	0.9641847	0.01140458
9200	-329.0668	-309.9635	-19.10324	2.023383	0.1244852
9400	-324.9883	-313.7028	-11.28547	1.131115	0.2356891
9600	-325.0857	-310.7852	-14.30054	1.669863	0.0009750496
9800	-326.9088	-314.3643	-12.5445	1.460416	0.0340478
10000	-322.2135	-311.777	-10.43649	1.279132	0.005408474
10200	-321.8658	-310.8952	-10.97057	1.336376	0.001483192
10400	-325.8048	-315.2018	-10.60305	1.056612	0.241669
10600	-323.6137	-314.3873	-9.226448	1.149089	0.01402835
10800	-326.1596	-313.9577	-12.20187	1.447795	0.0127822
11000	-324.7382	-310.1242	-14.61406	1.551703	0.1494627
11200	-325.1126	-313.2417	-11.87081	1.323471	0.1021659
11400	-323.1435	-312.457	-10.68647	1.235595	0.07472198
11600	-325.1673	-309.8339	-15.33338	1.605953	0.1665446
11800	-323.705	-315.1156	-8.589478	1.089644	0.009973936
12000	-322.2254	-310.5366	-11.68881	1.396931	0.01278518
12200	-325.0477	-309.4734	-15.57433	1.761342	0.03636081
12400	-322.9109	-309.907	-13.00384	1.462288	0.07998548
12600	-324.7393	-311.2449	-13.49435	1.529463	0.06226688
12800	-326.1872	-310.0182	-16.16907	1.539697	0.3164318
13000	-323.8877	-310.9147	-12.97299	1.345974	0.1917403
13200	-325.1377	-315.5528	-9.584991	1.089734	0.1107202
13400	-327.1926	-318.2579	-8.934692	1.045847	0.08608653
13600	-322.974	-312.2567	-10.71725	1.244135	0.06769855
13800	-322.2821	-310.1384	-12.14371	1.43486	0.02037902
14000	-324.3331	-309.9874	-14.34573	1.539991	0.1397505
14200	-326.5459	-309.2375	-17.30845	1.875522	0.09633772
14400	-325.0606	-315.7195	-9.341062	1.106563	0.06976573
14600	-322.7653	-309.1197	-13.6456	1.555068	0.05108556
14800	-323.1503	-309.8248	-13.32555	1.525147	0.04897925
15000	-322.9688	-312.6689	-10.29996	1.19744	0.07286165
15200	-322.0852	-310.6941	-11.39109	1.345455	0.03465269
15400	-331.0755	-317.6196	-13.45589	1.409304	0.1708862
15600	-332.8482	-309.724	-23.12425	2.494949	0.05972308
15800	-322.0591	-311.1238	-10.93539	1.305347	0.02921135
16000	-322.7665	-309.2137	-13.55279	1.590635	0.005484177
16200	-327.9634	-308.4066	-19.5568	1.924534	0.2744385
16400	-325.7446	-312.2127	-13.5319	1.437846	0.1581727
16600	-325.7605	-312.6706	-13.08981	1.328467	0.214654
16800	-324.0428	-308.4275	-15.61525	1.737317	0.06671274
17000	-326.5372	-309.374	-17.16318	1.931388	0.02574948
17200	-324.7505	-316.3352	-8.415363	1.004712	0.07772729
17400	-323.8485	-315.0475	-8.800948	1.072722	0.04738573
17600	-322.8904	-309.3725	-13.5179	1.541679	0.05134382
17800	-322.8195	-313.6456	-9.173899	1.15101	0.00711319
18000	-324.8403	-310.7072	-14.1331	1.548107	0.1039701
18200	-323.4841	-308.9938	-14.49029	1.59972	0.09220885
18400	-322.783	-310.2295	-12.55349	1.442959	0.0532776
18600	-324.4625	-314.7137	-9.748864	1.0866	0.1270021
18800	-322.4726	-312.0367	-10.43586	1.274444	0.009830511
19000	-328.0935	-309.8861	-18.20738	1.82441	0.2378874
19200	-323.7354	-311.0852	-12.65029	1.307761	0.2001764
19400	-324.986	-315.3646	-9.6214	1.075581	0.1244547
19600	-322.9804	-310.7587	-12.22171	1.450284	0.01272533
19800	-323.3404	-311.3369	-12.00355	1.297981	0.1428124
20000	-324.5989	-314.17	-10.42899	1.247622	0.03718099
20200	-322.9479	-310.8216	-12.12627	1.381282	0.072162
20400	-325.6892	-316.0583	-9.63095	1.159282	0.04486589
20600	-323.1455	-311.8883	-11.2573	1.311852	0.05518434
20800	-328.4024	-312.9215	-15.48087	1.703836	0.08546746
21000	-322.9828	-312.2471	-10.73574	1.289709	0.02437183
21200	-324.3733	-312.46	-11.9133	1.40243	0.03010427
21400	-322.238	-312.9335	-9.304461	1.165041	0.006217657
21600	-325.1367	-313.1747	-11.96201	1.412466	0.02418098
21800	-323.7418	-315.7368	-8.00497	1.02361	0.01761433
22000	-323.2164	-310.7132	-12.50321	1.351357	0.1409345
22200	-321.8988	-310.4894	-11.40942	1.377615	0.004151436
22400	-323.7835	-309.8892	-13.89421	1.61581	0.0146475
22600	-323.9983	-310.3183	-13.68008	1.384235	0.2261732
22800	-327.4194	-312.6393	-14.78006	1.531874	0.1858447
23000	-323.0743	-311.761	-11.3133	1.352685	0.0192555
23200	-322.1806	-310.2243	-11.95628	1.410549	0.02604968
23400	-325.428	-317.845	-7.582928	0.9800772	0.01902031
23600	-325.242	-310.7536	-14.48839	1.559289	0.1345915
23800	-322.6945	-310.983	-11.7115	1.408828	0.003156902
24000	-323.9113	-311.9364	-11.97489	1.385174	0.05310059
24200	-322.6389	-309.7453	-12.8936	1.515152	0.01505727
24400	-322.8031	-308.918	-13.88501	1.617387	0.01206799
24600	-323.2283	-310.3785	-12.84974	1.487752	0.03768579
24800	-323.7878	-314.4659	-9.321888	1.153992	0.01917588
25000	-323.072	-311.8132	-11.25879	1.292056	0.0746729
25200	-323.3892	-312.9623	-10.4269	1.248026	0.03483159
25400	-323.5569	-310.7441	-12.81276	1.461715	0.05954841
25600	-326.5208	-312.4535	-14.0673	1.254144	0.3979011
25800	-322.6466	-310.3684	-12.27819	1.386304	0.08368201
26000	-325.5899	-315.1708	-10.41907	1.122829	0.1565772
26200	-324.8363	-309.3336	-15.50266	1.70519	0.0854833
26400	-323.8716	-309.4782	-14.39341	1.616034	0.06420484
26600	-325.7573	-314.1804	-11.57688	1.113647	0.2860373
26800	-327.105	-316.8128	-10.29221	1.206665	0.06475642
27000	-324.4184	-310.2674	-14.15106	1.525882	0.1290487
27200	-325.2209	-316.7361	-8.484818	1.03881	0.0489286
27400	-326.492	-313.0806	-13.41143	1.486659	0.09754831
27600	-327.1157	-310.735	-16.38067	1.416387	0.465772
27800	-324.0756	-312.6905	-11.38509	1.294386	0.08318141
28000	-324.8831	-314.0532	-10.82989	1.207266	0.1156022
28200	-323.4198	-314.533	-8.886782	1.089561	0.04021621
28400	-324.7962	-310.1446	-14.65159	1.622195	0.08562758
28600	-326.0846	-309.8949	-16.18966	1.737053	0.1259376
28800	-323.0603	-312.2355	-10.82488	1.265137	0.05740442
29000	-324.103	-313.9607	-10.14221	1.237612	0.01729842
29200	-323.3071	-310.0392	-13.26798	1.420123	0.1498438
29400	-325.6923	-317.1202	-8.572071	1.093946	0.00396098
29600	-325.2072	-310.7085	-14.49869	1.50611	0.1813922
29800	-322.7381	-312.01	-10.72815	1.267247	0.04606146
30000	-323.2602	-311.5984	-11.66174	1.341776	0.06669167
30200	-324.3208	-311.0351	-13.28573	1.348811	0.2192942
30400	-322.4712	-311.1835	-11.28769	1.354028	0.01543707
30600	-323.979	-314.8968	-9.082214	1.072378	0.07705352
30800	-322.6194	-310.4784	-12.14097	1.433189	0.02229022
31000	-323.1133	-311.1418	-11.97145	1.325163	0.1126441
31200	-323.1274	-312.2581	-10.86923	1.281356	0.04646944
31400	-327.4832	-308.4412	-19.04204	1.846257	0.3022099
31600	-325.3534	-312.5552	-12.79828	1.291058	0.2333505
31800	-324.5114	-312.361	-12.15047	1.345254	0.1080987
32000	-326.67	-311.3822	-15.28786	1.460731	0.3077994
32200	-323.3064	-311.2825	-12.02383	1.314461	0.1290986
32400	-322.6429	-311.0694	-11.57349	1.395686	0.002445316
32600	-325.3348	-308.5712	-16.76354	1.701625	0.2186193
32800	-322.9979	-314.4849	-8.513042	1.078068	0.01396018
33000	-322.1576	-310.7517	-11.40584	1.337729	0.04407568
33200	-327.6119	-319.6499	-7.961978	1.026222	0.01039251
33400	-324.5572	-310.3903	-14.16691	1.413489	0.24354
33600	-326.3727	-308.5034	-17.86923	1.79691	0.2345529
33800	-325.9423	-316.1519	-9.790413	1.09308	0.1222368
34000	-326.3681	-308.9536	-17.41444	1.791155	0.1914976
34200	-323.187	-313.8379	-9.349145	1.143268	0.03229298
34400	-329.1182	-315.1141	-14.00408	1.192584	0.4301896
34600	-324.1079	-313.3777	-10.73017	1.293773	0.01941146
34800	-322.1318	-310.2958	-11.83598	1.421871	0.002528357
35000	-328.5193	-308.1711	-20.34819	2.193189	0.08196
35200	-326.2558	-317.6817	-8.574121	0.9612022	0.1361403
35400	-323.7282	-311.8188	-11.90938	1.254013	0.1794249
35600	-323.6242	-313.4231	-10.20113	1.191927	0.06876022
35800	-324.7741	-314.6522	-10.12193	1.116154	0.1350927
36000	-326.3757	-316.1054	-10.27025	1.159847	0.1109618
36200	-322.7877	-311.4902	-11.29745	1.316606	0.05355974
36400	-324.9711	-311.1117	-13.85948	1.471504	0.1517692
36600	-324.896	-308.3388	-16.55724	1.805308	0.09439278
36800	-325.666	-313.9366	-11.7294	1.217537	0.1902704
37000	-322.6211	-310.8376	-11.78348	1.332071	0.08749912
37200	-326.8654	-314.8538	-12.01165	1.424021	0.01731416
37400	-324.3841	-310.0778	-14.30632	1.441115	0.2341818
37600	-322.9657	-309.0992	-13.86646	1.6119	0.01595174
37800	-325.4009	-311.3846	-14.01631	1.635064	0.007206345
38000	-323.6734	-315.2517	-8.421664	1.07536	0.007458827
38200	-326.3353	-308.108	-18.22735	1.940111	0.1283161
38400	-322.3585	-311.032	-11.3265	1.323967	0.04954978
38600	-321.9477	-310.9407	-11.00691	1.326123	0.01542343
38800	-326.7379	-313.7398	-12.99815	1.182084	0.3511799
39000	-325.2134	-311.6193	-13.59406	1.599463	0.0007714046
39200	-323.052	-311.874	-11.17801	1.35409	0.004503983
39400	-329.8551	-312.2983	-17.55683	1.898141	0.09495711
39600	-324.4394	-314.5949	-9.844518	1.199575	0.02543673
39800	-325.9481	-316.2068	-9.741338	1.099879	0.1110557
40000	-323.6189	-309.0581	-14.56074	1.587442	0.1107354
40200	-325.8906	-312.6373	-13.2533	1.388407	0.1728733
40400	-324.6413	-310.6297	-14.01168	1.471728	0.1692111
40600	-326.1089	-308.8452	-17.2637	1.863662	0.1048928
40800	-323.7445	-309.7868	-13.95765	1.526457	0.1100107
41000	-322.8673	-310.8763	-11.99102	1.326108	0.115045
41200	-323.7288	-313.9543	-9.774479	1.158652	0.05847308
41400	-323.1444	-311.6509	-11.49348	1.352271	0.03725642
41600	-323.6674	-310.8645	-12.80291	1.495829	0.02597995
41800	-325.2184	-316.0347	-9.183678	1.123419	0.03551691
42000	-325.8573	-311.673	-14.18426	1.25915	0.3999661
42200	-323.6388	-311.5614	-12.07743	1.372536	0.07737374
42400	-325.3731	-317.3226	-8.050481	1.033862	0.01161404
42600	-323.8421	-313.7139	-10.12817	1.125284	0.1290075
42800	-325.0441	-310.5071	-14.53697	1.541109	0.1545912
43000	-323.9173	-310.1707	-13.74658	1.54095	0.07422685
43200	-325.2823	-313.7474	-11.53482	1.267272	0.1253908
43400	-323.8676	-310.6142	-13.25343	1.45765	0.1112143
43600	-324.3003	-310.9845	-13.31584	1.553008	0.0190857
43800	-329.5563	-314.1068	-15.44947	1.628297	0.1557181
44000	-323.2778	-310.8196	-12.45819	1.467908	0.01891634
44200	-326.4155	-313.2472	-13.16831	1.269039	0.2826528
44400	-321.8128	-311.0668	-10.74598	1.309367	0.006098713
44600	-325.0756	-310.8652	-14.21042	1.632602	0.02880226
44800	-322.3635	-311.4629	-10.90066	1.274716	0.05630993
45000	-323.6001	-309.0465	-14.55361	1.670377	0.02630302
45200	-327.6112	-309.5869	-18.02427	1.730945	0.3059246
45400	-324.0919	-310.374	-13.71792	1.410056	0.2023631
45600	-323.5794	-314.0683	-9.511168	1.179013	0.01256951
45800	-321.9339	-310.2278	-11.70606	1.402588	0.008948214
46000	-322.5715	-310.4764	-12.09509	1.389468	0.06117556
46200	-323.1468	-312.4189	-10.72787	1.312492	0.001065418
46400	-323.0544	-314.3855	-8.668942	1.099903	0.00782895
46600	-323.4903	-314.3779	-9.112409	1.086689	0.06484732
46800	-327.1947	-315.8958	-11.29893	1.18138	0.181853
47000	-328.934	-315.7474	-13.18656	1.14999	0.4119265
47200	-322.6025	-312.3209	-10.28154	1.220913	0.0478495
47400	-322.4358	-309.894	-12.54185	1.438066	0.05747498
47600	-323.9922	-311.7604	-12.23176	1.402548	0.06038672
47800	-322.8454	-311.3555	-11.48988	1.306802	0.08341377
48000	-323.2886	-313.5611	-9.727476	1.168681	0.0442048
48200	-323.5159	-314.8349	-8.680956	1.073888	0.03463408
48400	-323.7334	-310.3401	-13.39337	1.500033	0.07968409
48600	-326.0733	-308.5895	-17.48383	1.717148	0.2757548
48800	-325.5243	-309.5634	-15.96092	1.550539	0.286561
49000	-324.0323	-313.2651	-10.76721	1.171573	0.1438955
49200	-325.518	-310.1657	-15.35235	1.711694	0.06523912
49400	-326.5302	-311.5491	-14.98119	1.291282	0.4510565
49600	-322.6629	-313.7224	-8.940418	1.122457	0.01232222
49800	-329.0176	-313.9676	-15.05003	1.2034	0.5382507
50000	-324.0209	-310.6215	-13.39943	1.518831	0.0610009
50200	-324.3284	-309.9138	-14.41461	1.510962	0.1731097
50400	-322.054	-310.2432	-11.81078	1.39814	0.0240602
50600	-323.8097	-311.6035	-12.20628	1.369942	0.08996638
50800	-323.5881	-312.588	-11.00008	1.30032	0.03948815
51000	-326.4583	-311.9779	-14.48046	1.322849	0.3611737
51200	-323.5399	-314.4103	-9.129607	1.116474	0.03715645
51400	-324.1936	-313.1777	-11.01599	1.232683	0.1071236
51600	-324.8024	-309.5094	-15.29298	1.538984	0.2319549
51800	-330.2316	-318.5241	-11.70749	1.391887	0.01880197
52000	-322.99	-311.2442	-11.74579	1.370695	0.04472097
52200	-326.1452	-314.3452	-11.79995	1.269828	0.1476915
52400	-323.9884	-311.0989	-12.88952	1.377112	0.1517237
52600	-324.0156	-312.073	-11.94261	1.296069	0.1408019
52800	-326.8025	-313.3481	-13.45447	1.462054	0.1226113
53000	-325.263	-313.5912	-11.67181	1.26878	0.1428036
53200	-327.4607	-310.656	-16.80465	1.689065	0.2394311
53400	-326.3861	-310.7587	-15.62745	1.569912	0.2345171
53600	-322.5625	-312.3852	-10.17721	1.235316	0.0234301
53800	-322.2186	-311.0454	-11.17327	1.323979	0.03426253
54000	-323.6071	-314.7936	-8.81355	1.086497	0.0359778
54200	-322.4392	-310.8771	-11.56207	1.362873	0.03487536
54400	-323.2424	-309.7187	-13.52375	1.475471	0.1201989
54600	-324.1345	-309.8645	-14.27	1.639185	0.02820695
54800	-322.4868	-312.4035	-10.08334	1.236532	0.01246643
55000	-324.5349	-310.4867	-14.04818	1.436805	0.2119044
55200	-322.5138	-311.62	-10.89388	1.306817	0.02382094
55400	-323.7751	-313.2926	-10.48248	1.219057	0.07008665
55600	-326.0229	-313.3433	-12.67958	1.332713	0.1721842
55800	-328.9319	-312.6527	-16.27916	1.349791	0.5065949
56000	-324.9966	-313.2106	-11.78593	1.419005	0.0003714051
56200	-323.228	-312.5375	-10.69052	1.258628	0.05238538
56400	-323.2825	-309.1977	-14.08478	1.628945	0.02048301
56600	-323.3409	-311.3345	-12.00647	1.353287	0.08717817
56800	-325.8401	-310.7535	-15.08657	1.744511	0.004951827
57000	-325.4066	-310.1882	-15.21837	1.418862	0.3491141
57200	-322.6473	-309.6472	-13.00012	1.493156	0.0487431
57400	-325.0393	-313.1558	-11.88349	1.341772	0.08590427
57600	-323.1544	-310.1956	-12.95881	1.52318	0.01338254
57800	-325.8785	-312.7909	-13.0876	1.338635	0.2071715
58000	-325.0854	-313.0044	-12.08103	1.29012	0.1545605
58200	-323.8259	-312.8672	-10.95868	1.323895	0.01238021
58400	-327.9436	-309.8201	-18.12345	1.872309	0.1838014
58600	-323.5138	-313.6914	-9.822442	1.19491	0.0276698
58800	-323.9908	-313.0793	-10.91154	1.187653	0.1425898
59000	-322.6237	-312.2855	-10.33818	1.274041	0.0005844214
59200	-325.2751	-316.6092	-8.665952	1.006317	0.1017237
59400	-324.9617	-313.6162	-11.34547	1.269792	0.1040339
59600	-322.9616	-311.9615	-11.00005	1.276034	0.06534882
59800	-322.4341	-311.0542	-11.37987	1.326288	0.05305771
60000	-323.5476	-312.1153	-11.43237	1.238779	0.1460537
60200	-323.9091	-312.0752	-11.83388	1.250782	0.1757612
60400	-323.4646	-313.4783	-9.986359	1.135321	0.1038649
60600	-323.8361	-314.1034	-9.732633	1.172497	0.04049437
60800	-322.2029	-310.1733	-12.02959	1.411083	0.03300431
61000	-324.4615	-313.3104	-11.15113	1.269757	0.08408334
61200	-324.6241	-313.2353	-11.38878	1.175039	0.2016162
61400	-322.5759	-309.4635	-13.11235	1.511548	0.04089459
61600	-329.0039	-310.3705	-18.63349	2.03873	0.06525289
61800	-325.1846	-310.6838	-14.50085	1.67885	0.01186859
62000	-324.2363	-311.4775	-12.7588	1.289675	0.2301339
62200	-324.1546	-312.4354	-11.71925	1.20673	0.2047796
62400	-323.1515	-312.1206	-11.03089	1.314295	0.02927964
62600	-325.1789	-314.5588	-10.62012	1.104069	0.1965247
62800	-328.6359	-310.8592	-17.77668	1.894925	0.1238535
63000	-323.0779	-312.1751	-10.90283	1.30629	0.02439824
63200	-322.9886	-310.1055	-12.88311	1.507132	0.02202431
63400	-323.1503	-309.5376	-13.61273	1.596968	0.005274297
63600	-325.1952	-312.8895	-12.30575	1.386729	0.08309378
63800	-324.2066	-314.7419	-9.464694	1.105063	0.08212192
64000	-326.4464	-310.4717	-15.97471	1.57939	0.2643788
64200	-322.6753	-312.8845	-9.790819	1.181808	0.03845241
64400	-325.5378	-313.7434	-11.79445	1.386959	0.03395344
64600	-326.7927	-309.9454	-16.84727	1.776775	0.1446813
64800	-323.7818	-312.8869	-10.89485	1.301764	0.02878703
65000	-323.6171	-310.4977	-13.11935	1.451247	0.1009725
65200	-323.1233	-314.6014	-8.52188	1.071619	0.02123039
65400	-324.0479	-314.3931	-9.654746	1.159706	0.04542655
65600	-324.1476	-315.0544	-9.093175	1.139185	0.01095103
65800	-323.3001	-314.0597	-9.240349	1.109638	0.05480787
66000	-327.5363	-311.9634	-15.57291	1.610256	0.1860761
66200	-325.4516	-311.8961	-13.5555	1.462172	0.1313308
66400	-325.2266	-316.3111	-8.915457	1.05908	0.07238657
66600	-327.2968	-311.0738	-16.223	1.757691	0.1091154
66800	-323.6476	-314.0449	-9.602753	1.127922	0.07402665
67000	-323.316	-313.9347	-9.381306	1.170471	0.008555543
67200	-326.6867	-315.859	-10.82773	1.29303	0.03007315
67400	-322.0565	-310.1344	-11.92208	1.424463	0.008718302
67600	-321.8007	-310.6163	-11.18441	1.357268	0.001977652
67800	-322.7956	-309.9253	-12.87029	1.496823	0.03117692
68000	-323.9406	-312.5555	-11.3851	1.372111	0.006977978
68200	-323.0703	-311.1543	-11.91602	1.406377	0.02595963
68400	-322.9957	-311.311	-11.68477	1.372529	0.03770798
68600	-326.1879	-316.5087	-9.679287	1.037579	0.1712801
68800	-322.2979	-310.3595	-11.93845	1.426251	0.008593144
69000	-323.6388	-311.7238	-11.91502	1.355194	0.07582314
69200	-323.6907	-314.0486	-9.642192	1.198392	0.006580292
69400	-324.6014	-311.9259	-12.67542	1.445872	0.06052643
69600	-323.9083	-314.6596	-9.248696	1.140954	0.02476727
69800	-323.2936	-308.7299	-14.56371	1.679822	0.01763319
70000	-326.1934	-312.6946	-13.49884	1.253752	0.3374515
70200	-326.0886	-314.2321	-11.85655	1.297431	0.1270683
70400	-324.8787	-316.2462	-8.632422	1.017896	0.08513077
70600	-327.1289	-314.8041	-12.32479	1.395889	0.07726307
70800	-324.4788	-311.1438	-13.33502	1.491205	0.08103622
71000	-322.7898	-312.2925	-10.49731	1.268973	0.02145933
71200	-324.6706	-312.3679	-12.30278	1.427624	0.04358404
71400	-324.3878	-312.6971	-11.69077	1.186188	0.2244676
71600	-324.9738	-311.9552	-13.01853	1.412775	0.1278034
71800	-326.4682	-311.0962	-15.37207	1.62034	0.153974
72000	-325.5873	-312.6987	-12.88857	1.479342	0.04955896
72200	-324.639	-313.8445	-10.7945	1.195015	0.125429
72400	-324.6358	-313.6657	-10.97013	1.310973	0.02666506
72600	-323.2774	-310.6295	-12.64787	1.466086	0.03909076
72800	-322.4751	-312.2803	-10.19479	1.222231	0.03846936
73000	-327.8299	-315.3503	-12.47963	1.355969	0.1354779
73200	-324.1534	-312.5672	-11.58622	1.380321	0.01866875
73400	-324.199	-311.7373	-12.46164	1.261109	0.2281826
73600	-324.1276	-309.9576	-14.16993	1.600293	0.05957154
73800	-323.2757	-314.4895	-8.78622	1.079155	0.04024093
74000	-325.7631	-312.737	-13.02612	1.209484	0.3373583
74200	-322.8966	-312.2239	-10.67273	1.213321	0.09530156
74400	-322.6365	-311.0872	-11.54931	1.313814	0.08208211
74600	-323.554	-311.0008	-12.55312	1.448064	0.04749255
74800	-324.3142	-312.4445	-11.86967	1.383791	0.04300033
75000	-323.6151	-308.7753	-14.83976	1.625357	0.1011156
75200	-323.583	-314.1084	-9.474569	1.17393	0.01408061
75400	-324.5559	-312.8487	-11.70715	1.38306	0.02783342
75600	-324.4965	-313.3922	-11.10429	1.345134	0.005926465
75800	-322.532	-308.9179	-13.61411	1.594986	0.00738429
76000	-323.9919	-309.4875	-14.50441	1.547457	0.1472676
76200	-326.4519	-314.3822	-12.06973	1.116323	0.3278042
76400	-323.8986	-314.0379	-9.860671	1.183595	0.04228476
76600	-325.6692	-315.6871	-9.982073	1.023165	0.213088
76800	-326.1747	-315.3141	-10.86058	1.1383	0.1910852
77000	-323.1481	-314.0517	-9.096388	1.09977	0.05045996
77200	-321.8363	-311.0307	-10.80566	1.31678	0.004642643
77400	-322.4833	-311.6003	-10.88299	1.307975	0.02118426
77600	-323.3896	-312.1388	-11.25073	1.264036	0.1033766
77800	-326.8599	-308.9598	-17.90015	1.865545	0.1641158
78000	-326.7701	-313.3543	-13.41579	1.179787	0.3950529
78200	-325.1213	-312.9313	-12.19	1.361782	0.09586672
78400	-323.3237	-310.3321	-12.99162	1.51322	0.02647973
78600	-322.3432	-309.7313	-12.61188	1.477793	0.02453625
78800	-325.0088	-312.698	-12.31087	1.371461	0.09741475
79000	-325.5887	-313.0139	-12.57483	1.434528	0.06290078
79200	-325.7088	-312.5191	-13.18962	1.544169	0.01542709
79400	-324.0859	-312.463	-11.62287	1.326976	0.07532867
79600	-322.6475	-312.0228	-10.62473	1.279595	0.02339153
79800	-323.018	-308.9537	-14.06425	1.625235	0.02241429
80000	-322.4907	-311.3094	-11.18128	1.307303	0.05145633
80200	-323.3171	-314.7528	-8.564332	1.091449	0.005825561
80400	-325.1014	-313.3639	-11.73745	1.353325	0.0610062
80600	-328.008	-311.0885	-16.91952	1.781003	0.1591234
80800	-323.8529	-308.3843	-15.46854	1.741054	0.04800253
81000	-324.694	-310.8847	-13.80929	1.383982	0.2418655
81200	-322.8376	-311.5369	-11.30076	1.322866	0.04773174
81400	-326.8238	-312.909	-13.91486	1.448857	0.180514
81600	-325.3722	-310.9078	-14.46441	1.355101	0.3349997
81800	-322.2862	-309.7269	-12.55931	1.489555	0.007350879
82000	-323.0159	-310.4738	-12.54212	1.396863	0.09890982
82200	-328.6344	-310.1943	-18.44002	2.064148	0.02039722
82400	-324.6914	-309.7167	-14.97466	1.544974	0.1949152
82600	-322.5246	-309.9644	-12.56022	1.436594	0.06133039
82800	-325.9481	-311.5852	-14.36296	1.667612	0.009419679
83000	-323.12	-310.3221	-12.79788	1.457831	0.06247599
83200	-323.9239	-313.4259	-10.49803	1.244584	0.04656101
83400	-323.9127	-310.3314	-13.58129	1.408297	0.1909819
83600	-322.7806	-313.3683	-9.412294	1.17133	0.0105907
83800	-325.1453	-314.4472	-10.69815	1.080918	0.2280162
84000	-326.5095	-316.3775	-10.13202	1.069563	0.1876446
84200	-324.434	-309.8458	-14.58819	1.633486	0.06706393
84400	-324.1575	-310.9725	-13.18505	1.491089	0.0666478
84600	-323.6921	-312.0246	-11.66749	1.394339	0.01318572
84800	-322.0667	-311.6972	-10.36951	1.256216	0.02165083
85000	-324.1126	-312.2325	-11.88009	1.361341	0.06560409
85200	-328.0443	-310.2616	-17.78273	1.496101	0.5223991
85400	-322.8544	-311.6349	-11.21948	1.361646	0.001078835
85600	-323.4	-312.4506	-10.94943	1.314091	0.0220439
85800	-323.3801	-309.3074	-14.07271	1.547992	0.1013475
86000	-326.9325	-309.0982	-17.83437	1.96451	0.05890661
86200	-325.3879	-311.5477	-13.84016	1.282044	0.3422872
86400	-325.8556	-317.582	-8.273534	1.056384	0.0116955
86600	-325.4152	-314.1725	-11.24267	1.162985	0.1968629
86800	-328.0074	-310.0804	-17.92699	1.999551	0.03434731
87000	-323.636	-310.0831	-13.55293	1.466688	0.1327567
87200	-326.3374	-309.6096	-16.72783	1.709534	0.2115146
87400	-323.8048	-311.989	-11.81585	1.381352	0.04121173
87600	-322.09	-310.5783	-11.5117	1.370526	0.02181977
87800	-322.6613	-311.3683	-11.29297	1.366678	0.003396347
88000	-328.8874	-315.3691	-13.51827	1.354854	0.2278706
88200	-325.4533	-312.7265	-12.72681	1.373359	0.1368719
88400	-324.499	-310.9072	-13.59178	1.561751	0.03976224
88600	-326.2175	-312.6152	-13.60228	1.512733	0.08722095
88800	-324.417	-314.7979	-9.619171	1.157509	0.04468469
89000	-323.5003	-314.8939	-8.606345	1.084351	0.01674978
89200	-322.6839	-311.1775	-11.50632	1.325098	0.06744971
89400	-323.4221	-312.6824	-10.73972	1.226045	0.08910965
89600	-324.0129	-312.5421	-11.47073	1.267973	0.1175673
89800	-324.4466	-315.3527	-9.0939	1.116706	0.03240303
90000	-323.5371	-309.1136	-14.42347	1.554101	0.1312382
90200	-323.1111	-310.8861	-12.22503	1.45719	0.006047691
90400	-324.2612	-311.5423	-12.71895	1.325316	0.1867531
90600	-323.5265	-313.4419	-10.08461	1.199799	0.04896705
90800	-323.35	-313.5903	-9.759702	1.166006	0.0498651
91000	-322.6542	-310.1185	-12.53574	1.406359	0.08890667
91200	-324.1296	-308.3654	-15.76423	1.728186	0.09093331
91400	-327.1943	-309.8648	-17.32952	1.561716	0.4157062
91600	-323.9149	-315.1941	-8.720828	1.094112	0.01853197
91800	-325.3051	-312.7936	-12.51152	1.274392	0.2152415
92000	-323.6764	-311.3119	-12.36449	1.300583	0.1770577
92200	-323.5773	-311.7149	-11.86243	1.31107	0.1159041
92400	-325.027	-308.9898	-16.03717	1.636427	0.2114855
92600	-323.6326	-310.2156	-13.41704	1.510222	0.07177758
92800	-325.7008	-316.3505	-9.350295	1.164497	0.01101859
93000	-323.9571	-313.2622	-10.69495	1.293471	0.01639161
93200	-325.7864	-317.6154	-8.170997	1.022028	0.03477159
93400	-324.4562	-310.281	-14.17519	1.598248	0.0597808
93600	-326.2324	-310.8514	-15.38092	1.597911	0.1827399
93800	-323.768	-315.7008	-8.067177	1.037377	0.009992111
94000	-325.0304	-310.8632	-14.16724	1.652939	0.004518896
94200	-323.1842	-311.2618	-11.92235	1.374886	0.05742067
94400	-325.4018	-311.2687	-14.1331	1.469202	0.1828333
94600	-324.2375	-313.4127	-10.82478	1.174418	0.146282
94800	-324.1674	-311.649	-12.51844	1.328537	0.1618043
95000	-323.4434	-308.9652	-14.47819	1.592004	0.09816729
95200	-324.3184	-309.1249	-15.19347	1.623705	0.1379585
95400	-325.3581	-309.8798	-15.47822	1.572808	0.2154805
95600	-323.0738	-309.8841	-13.18969	1.515387	0.04505014
95800	-326.2539	-310.9926	-15.26133	1.682964	0.08284843
96000	-323.113	-312.8981	-10.21496	1.193919	0.06847816
96200	-324.1234	-310.7122	-13.41129	1.346722	0.2358938
96400	-324.4478	-311.6863	-12.76149	1.3412	0.1730481
96600	-324.4012	-310.0411	-14.36012	1.5952	0.08056939
96800	-322.0376	-311.0612	-10.97647	1.324648	0.01389838
97000	-324.2686	-309.6291	-14.63948	1.647177	0.05818055
97200	-323.9349	-310.4115	-13.52343	1.587413	0.005592351
97400	-322.2643	-311.8584	-10.40595	1.254861	0.02680206
97600	-329.1343	-315.1499	-13.98435	1.205531	0.4160835
97800	-324.1989	-311.9287	-12.27024	1.424385	0.04394584
98000	-326.211	-312.2085	-14.00247	1.547347	0.09214577
98200	-323.6379	-309.8799	-13.75797	1.502275	0.1160602
98400	-324.3295	-315.6776	-8.65185	1.069395	0.03565196
98600	-325.8972	-314.6764	-11.22083	1.229074	0.1363311
98800	-325.1998	-311.8992	-13.30052	1.447577	0.1196151
99000	-323.7126	-311.3059	-12.40668	1.456147	0.02498773
99200	-324.0049	-311.7553	-12.24954	1.350887	0.1174035
99400	-323.3418	-311.0327	-12.30914	1.366393	0.1053086
99600	-323.3437	-309.3989	-13.94477	1.55626	0.07996715
99800	-322.6531	-311.4476	-11.20551	1.300994	0.06009363
100000	-323.924	-308.9524	-14.97156	1.672821	0.06585621
100200	-323.1181	-311.4453	-11.67285	1.280922	0.1284942
100400	-323.1141	-313.0691	-10.04498	1.173849	0.07116368
100600	-322.9402	-311.8437	-11.09647	1.298253	0.05193832
100800	-322.856	-309.6075	-13.24842	1.512322	0.05448218
101000	-323.5278	-310.2826	-13.24522	1.517814	0.04831247
101200	-324.0308	-313.5981	-10.43271	1.248113	0.03502094
101400	-322.7854	-311.4088	-11.37656	1.300527	0.0790604
101600	-328.2804	-314.8551	-13.4253	1.524526	0.05773089
101800	-325.5118	-311.8914	-13.62047	1.489389	0.1149174
102000	-322.0622	-310.0226	-12.03962	1.419463	0.02557403
102200	-323.5863	-312.3892	-11.19709	1.321565	0.03831094
102400	-322.4813	-309.5806	-12.90072	1.512911	0.01808909
102600	-324.2787	-308.8574	-15.42135	1.750989	0.03231323
102800	-323.5643	-309.3924	-14.17188	1.657962	2.081024e-05
103000	-322.1583	-309.5275	-12.63077	1.485741	0.0183899
103200	-324.6373	-312.822	-11.81534	1.193341	0.2286899
103400	-322.6066	-310.8578	-11.74877	1.399014	0.01653325
103600	-323.8085	-311.6381	-12.17046	1.336196	0.1234208
103800	-326.3531	-309.9068	-16.44623	1.837858	0.04739542
104000	-323.7056	-312.6153	-11.09038	1.338518	0.01102877
104200	-324.1265	-308.8095	-15.31698	1.638848	0.1368867
104400	-322.6315	-309.6082	-13.02325	1.50444	0.03901157
104600	-326.3996	-310.0737	-16.32593	1.605093	0.2778905
104800	-322.7645	-311.5938	-11.17062	1.313084	0.0445833
105000	-324.7427	-310.6996	-14.04309	1.503539	0.1391529
105200	-326.4216	-310.4475	-15.97409	1.737989	0.09994788
105400	-330.7474	-320.9419	-9.805505	1.056235	0.1604855
105600	-324.442	-311.62	-12.82204	1.269072	0.2537759
105800	-324.4643	-316.8357	-7.628536	0.9924264	0.01101588
106000	-323.6361	-313.5812	-10.05484	1.194015	0.05111437
106200	-324.3841	-313.5065	-10.87754	1.174531	0.1513722
106400	-326.4634	-311.5173	-14.94611	1.664962	0.07117312
106600	-325.8778	-316.3918	-9.486002	1.129607	0.05832545
106800	-327.1949	-315.4353	-11.75953	1.075614	0.3317058
107000	-323.1859	-309.8222	-13.36367	1.487671	0.09011311
107200	-322.7981	-308.9545	-13.84365	1.582061	0.04391154
107400	-322.7074	-311.175	-11.53238	1.363592	0.03031546
107600	-326.4491	-313.616	-12.83304	1.130825	0.3941455
107800	-325.5968	-311.0064	-14.59048	1.430435	0.2649873
108000	-323.5551	-309.4061	-14.14895	1.584287	0.07182796
108200	-323.5275	-310.2529	-13.27461	1.540235	0.02775143
108400	-324.6206	-309.8391	-14.78152	1.447724	0.2743513
108600	-324.2676	-314.624	-9.643536	1.072009	0.1323619
108800	-321.9079	-310.8529	-11.05504	1.342048	0.004324645
109000	-323.3123	-309.8756	-13.43664	1.503546	0.08090781
109200	-323.1837	-313.2052	-9.978458	1.169024	0.06909658
109400	-324.2186	-310.9555	-13.26312	1.31632	0.2522571
109600	-323.2871	-309.8367	-13.45043	1.453482	0.1334877
109800	-324.0048	-315.667	-8.33777	1.046435	0.02754076
110000	-328.424	-314.4421	-13.9818	1.469004	0.1718877
110200	-322.9243	-310.9969	-11.92733	1.387397	0.04724186
110400	-323.6818	-311.458	-12.22376	1.30335	0.1587796
110600	-322.3091	-310.7923	-11.5168	1.387537	0.005056908
110800	-323.7095	-313.3867	-10.32279	1.260095	0.01296143
111000	-325.6737	-310.3481	-15.3256	1.759345	0.01455621
111200	-322.9179	-312.4556	-10.46232	1.239469	0.04845143
111400	-325.4222	-313.5096	-11.91254	1.357626	0.07190804
111600	-324.3135	-309.8222	-14.49126	1.687448	0.002548937
111800	-323.9464	-310.457	-13.48941	1.497145	0.0922224
112000	-326.9954	-310.4396	-16.5558	1.377027	0.5227148
112200	-323.0026	-309.9636	-13.03909	1.483521	0.06250192
112400	-322.8904	-311.3131	-11.57723	1.394293	0.004210586
112600	-327.7942	-308.1512	-19.64297	1.972807	0.2408206
112800	-322.5798	-311.1584	-11.42142	1.32592	0.05722218
113000	-326.3693	-317.0249	-9.344434	1.169133	0.005827163
113200	-323.4698	-310.3993	-13.07054	1.53146	0.01632419
113400	-326.648	-312.9035	-13.74456	1.611162	0.00400269
113600	-322.5315	-309.092	-13.43955	1.56372	0.02134051
113800	-325.4822	-309.5246	-15.95753	1.555185	0.2856633
114000	-326.0387	-314.1847	-11.85409	1.337511	0.0872898
114200	-322.7296	-311.274	-11.45556	1.382563	0.003738334
114400	-324.9747	-315.8019	-9.172834	1.124528	0.03390147
114600	-324.5954	-312.0258	-12.56958	1.311771	0.1835323
114800	-325.6027	-316.0173	-9.585475	1.113745	0.08321487
115000	-326.0825	-312.3812	-13.70128	1.369382	0.2410215
115200	-322.4221	-309.1653	-13.25683	1.547525	0.01927379
115400	-322.8021	-311.7041	-11.098	1.340096	0.01077709
115600	-325.9237	-310.5151	-15.40856	1.46202	0.3184125
115800	-323.7819	-312.0475	-11.73442	1.306527	0.1071486
116000	-325.9382	-313.3113	-12.6269	1.342475	0.1562402
116200	-325.2236	-313.3159	-11.90775	1.405214	0.02631052
116400	-322.3329	-310.9542	-11.37873	1.323494	0.05538242
116600	-322.3984	-311.8863	-10.51205	1.272613	0.01956364
116800	-331.9702	-315.992	-15.97828	1.636611	0.1981165
117000	-322.8793	-310.4361	-12.4432	1.484194	0.0009147254
117200	-327.2178	-316.0793	-11.13843	1.327647	0.0264695
117400	-323.5846	-312.3397	-11.24486	1.207577	0.1587248
117600	-325.314	-312.3608	-12.95324	1.444389	0.09001454
117800	-323.4276	-308.4081	-15.01949	1.73809	0.00477366
118000	-323.2311	-313.6502	-9.580938	1.195961	0.002872529
118200	-325.395	-310.0186	-15.37635	1.467427	0.3111769
118400	-322.2429	-310.2693	-11.97361	1.396669	0.0420702
118600	-323.0678	-312.565	-10.50288	1.204705	0.08718722
118800	-324.6719	-314.1978	-10.47416	1.095546	0.1915057
119000	-322.7827	-308.7392	-14.04355	1.63658	0.008789688
119200	-322.1032	-310.5631	-11.54019	1.378036	0.01709876
119400	-325.2507	-309.3086	-15.94203	1.762178	0.07469754
119600	-327.9171	-318.5016	-9.415547	1.092015	0.08803549
119800	-324.1234	-310.634	-13.48936	1.560972	0.02802371
120000	-325.2764	-313.5636	-11.71281	1.354359	0.05655816
120200	-325.1404	-309.2376	-15.90275	1.72204	0.1129204
120400	-324.4607	-314.4824	-9.978321	1.097117	0.1412266
120600	-323.3835	-309.0927	-14.29077	1.57839	0.09336261
120800	-323.8818	-313.1823	-10.69954	1.251604	0.06040378
121000	-324.4927	-308.4698	-16.02295	1.814548	0.0293823
121200	-325.7563	-317.1904	-8.565878	0.9839762	0.1111673
121400	-326.8459	-309.1934	-17.65249	1.922728	0.08247813
121600	-325.0314	-310.8366	-14.19484	1.613826	0.04810147
121800	-323.0884	-309.7353	-13.35307	1.519751	0.05768156
122000	-323.3459	-311.5531	-11.79277	1.290668	0.1293662
122200	-324.4388	-308.3288	-16.11003	1.840952	0.01114513
122400	-324.3044	-310.074	-14.23043	1.650316	0.01319359
122600	-325.1562	-313.1523	-12.00389	1.31514	0.1227347
122800	-326.885	-312.8586	-14.02642	1.305395	0.3323084
123000	-323.502	-314.4352	-9.066777	1.120378	0.02675076
123200	-327.3327	-308.1652	-19.16748	2.076999	0.08280138
123400	-325.587	-313.3387	-12.24834	1.395328	0.06965972
123600	-322.6074	-311.4586	-11.14887	1.292012	0.06452116
123800	-324.0809	-312.5311	-11.54983	1.27272	0.1251021
124000	-328.7286	-308.9195	-19.80911	1.769626	0.4616312
124200	-323.6502	-311.0211	-12.62917	1.494854	0.008716942
124400	-324.4549	-313.5804	-10.87452	1.164085	0.1612413
124600	-322.7662	-313.0485	-9.717755	1.161594	0.05083778
124800	-324.7135	-310.5862	-14.12726	1.611926	0.04086286
125000	-322.79	-310.4318	-12.35827	1.429957	0.0465862
125200	-323.4473	-311.1634	-12.28391	1.310022	0.1603249
125400	-324.3878	-309.9218	-14.46599	1.580108	0.1065342
125600	-325.5707	-315.085	-10.48565	1.250451	0.03818494
125800	-325.2914	-310.6233	-14.66808	1.641738	0.068318
126000	-324.7048	-312.6719	-12.03289	1.391243	0.05169336
126200	-322.7155	-311.7357	-10.97982	1.281069	0.05814884
126400	-323.9914	-310.4011	-13.5903	1.500117	0.09872098
126600	-322.6436	-310.8133	-11.83026	1.33982	0.08428713
126800	-322.332	-310.1684	-12.16365	1.429878	0.02786313
127000	-322.6124	-310.0954	-12.51708	1.465388	0.02783261
127200	-322.7125	-312.0793	-10.63325	1.286785	0.01747295
127400	-322.7162	-313.1408	-9.575434	1.186739	0.01169008
127600	-323.4749	-311.1153	-12.35957	1.391678	0.08403722
127800	-324.7467	-311.2126	-13.5341	1.36181	0.2322888
128000	-323.9937	-312.3148	-11.67892	1.34491	0.06239775
128200	-326.4694	-310.1157	-16.35376	1.722854	0.1554747
128400	-323.7352	-309.3607	-14.37445	1.597418	0.08104583
128600	-323.2773	-311.4587	-11.81864	1.286865	0.1360812
128800	-323.0844	-310.5403	-12.54402	1.425629	0.0712869
129000	-322.2379	-311.0312	-11.20675	1.341762	0.02006269
129200	-324.4718	-313.4655	-11.00631	1.267625	0.07594485
129400	-322.7028	-313.4679	-9.234927	1.133471	0.03069136
129600	-324.2027	-309.8356	-14.36711	1.62175	0.05515825
129800	-322.9963	-311.2414	-11.7549	1.3793	0.03787595
130000	-323.3683	-312.3651	-11.00325	1.261315	0.07950216
130200	-323.3613	-311.209	-12.15229	1.452998	0.002960226
130400	-322.7064	-310.0554	-12.65102	1.474746	0.03200701
130600	-324.6316	-313.9836	-10.64806	1.238098	0.06637761
130800	-323.1163	-313.8189	-9.297434	1.131321	0.03892922
131000	-327.0263	-308.9318	-18.09451	1.786659	0.2737727
131200	-322.8574	-311.5577	-11.29972	1.315944	0.05477676
131400	-328.3243	-313.8672	-14.45713	1.644566	0.04205882
131600	-324.6664	-311.3947	-13.27171	1.443635	0.1225884
131800	-325.3229	-310.4371	-14.88579	1.459184	0.2720637
132000	-323.5947	-312.8603	-10.73436	1.284233	0.03071642
132200	-322.8689	-309.9449	-12.92398	1.441016	0.09389559
132400	-322.7075	-310.5993	-12.10819	1.421374	0.03047257
132600	-324.4772	-311.7932	-12.68394	1.357397	0.1555547
132800	-323.279	-308.6717	-14.60733	1.695874	0.005795265
133000	-322.8255	-309.601	-13.2245	1.54266	0.02091307
133200	-324.8498	-313.4114	-11.43841	1.234728	0.149769
133400	-324.147	-312.8489	-11.29801	1.270634	0.09795297
133600	-324.6091	-315.9698	-8.639336	1.100691	0.003908745
133800	-325.5539	-314.483	-11.07094	1.214555	0.1339345
134000	-322.1429	-310.8501	-11.29281	1.340036	0.03012768
134200	-324.4218	-315.4857	-8.93612	1.075714	0.05953477
134400	-325.6514	-310.0357	-15.61571	1.45661	0.3488954
134600	-322.4806	-309.7257	-12.75484	1.504238	0.01212204
134800	-323.2607	-310.7322	-12.52847	1.365112	0.1305878
135000	-323.4165	-309.2091	-14.20743	1.566406	0.09759314
135200	-322.6582	-310.0927	-12.56546	1.417901	0.08081686
135400	-324.3369	-314.0199	-10.31709	1.167997	0.1040677
135600	-322.1433	-311.1575	-10.98583	1.33345	0.005903488
135800	-323.9915	-308.9877	-15.00385	1.671044	0.07248063
136000	-322.4532	-310.1075	-12.34572	1.432791	0.04280627
136200	-325.84	-313.8007	-12.03929	1.426259	0.01831569
136400	-323.7463	-313.3885	-10.35777	1.265776	0.01093445
136600	-325.3225	-314.8011	-10.52134	1.09044	0.1997247
136800	-322.7232	-313.3835	-9.339743	1.140586	0.0340464
137000	-323.5229	-313.9167	-9.606167	1.159619	0.04166141
137200	-323.0669	-312.7224	-10.34449	1.247174	0.02756011
137400	-324.4505	-313.8769	-10.57354	1.20166	0.09546129
137600	-322.3336	-311.3195	-11.01404	1.329145	0.01319865
137800	-324.1243	-311.4777	-12.64659	1.321203	0.1828638
138000	-324.6385	-314.9518	-9.686753	1.103222	0.1071716
138200	-324.7907	-311.7829	-13.0078	1.385703	0.1554707
138400	-324.1621	-313.6675	-10.49466	1.190012	0.09800222
138600	-322.5439	-313.2498	-9.294101	1.162742	0.007535442
138800	-323.1559	-311.4999	-11.65599	1.366793	0.03982214
139000	-325.0979	-314.8699	-10.228	1.187451	0.07332341
139200	-328.125	-311.5155	-16.60945	1.573807	0.330598
139400	-324.8584	-315.0081	-9.850303	1.12203	0.1055636
139600	-331.1356	-318.1947	-12.94087	1.09262	0.4223428
139800	-323.4056	-309.8953	-13.51024	1.515293	0.0763862
140000	-323.6619	-309.1495	-14.51243	1.56806	0.1259296
140200	-323.0985	-314.4511	-8.647392	1.08031	0.02508479
140400	-324.2156	-310.9926	-13.22307	1.46968	0.09254188
140600	-324.2835	-313.1071	-11.17641	1.243969	0.1130227
140800	-324.7201	-315.2783	-9.441775	1.1274	0.0567346
141000	-323.4369	-311.157	-12.27989	1.460141	0.00877205
141200	-324.9686	-309.5922	-15.37638	1.692088	0.08842392
141400	-324.4797	-311.4891	-12.99058	1.341205	0.1975557
141600	-325.5455	-312.8882	-12.65733	1.421408	0.08246526
141800	-323.257	-314.302	-8.954989	1.133065	0.003160546
142000	-323.5184	-312.5355	-10.98293	1.281308	0.05848554
142200	-324.5911	-311.016	-13.57509	1.488533	0.1070996
142400	-323.0289	-312.0501	-10.97883	1.333596	0.005053413
142600	-324.5757	-315.0464	-9.52931	1.114867	0.07715588
142800	-323.2333	-311.5498	-11.68352	1.312954	0.09813018
143000	-323.6733	-312.0237	-11.64962	1.243052	0.1622517
143200	-322.1503	-311.823	-10.32724	1.255107	0.01848173
143400	-323.9547	-313.5843	-10.37044	1.176389	0.1022693
143600	-325.4823	-314.1027	-11.37964	1.148787	0.2255217
143800	-323.8088	-312.4441	-11.36466	1.278827	0.0967416
144000	-327.7421	-310.4243	-17.31778	1.490386	0.4954035
144200	-326.2329	-315.7127	-10.52022	1.167283	0.1234494
144400	-323.1248	-309.5091	-13.61567	1.549856	0.05378325
144600	-322.7859	-311.9547	-10.83121	1.265554	0.05855986
144800	-325.8342	-309.2314	-16.60279	1.610769	0.2918246
145000	-323.9005	-313.0215	-10.879	1.252388	0.07748782
145200	-324.9917	-313.053	-11.93877	1.262855	0.1733824
145400	-323.3137	-309.7307	-13.58299	1.565215	0.03468406
145600	-326.3186	-317.761	-8.557579	0.9585136	0.1355641
145800	-326.4376	-312.5972	-13.84049	1.375528	0.2543118
146000	-325.542	-314.0407	-11.50135	1.285202	0.1035283
146200	-326.8899	-314.0399	-12.84999	1.172106	0.3545794
146400	-326.5996	-311.2242	-15.37536	1.767069	0.01118328
146600	-323.5525	-310.5747	-12.97784	1.359101	0.1818488
146800	-324.4337	-310.3438	-14.08992	1.394245	0.2569523
147000	-324.7198	-314.5365	-10.1833	1.190828	0.06605161
147200	-322.8898	-311.7878	-11.10193	1.350303	0.0006843471
147400	-322.9409	-308.8593	-14.08151	1.609034	0.04071031
147600	-325.9135	-310.3782	-15.5353	1.66823	0.1235677
147800	-325.1512	-310.9556	-14.1956	1.35869	0.2999023
148000	-323.4094	-313.5208	-9.888581	1.207344	0.02276081
148200	-322.7785	-311.8319	-10.9466	1.306012	0.02947479
148400	-323.9892	-311.0615	-12.92769	1.386376	0.1469558
148600	-324.9868	-308.2969	-16.68996	1.893456	0.01679604
148800	-326.4397	-311.0695	-15.3702	1.320484	0.4579903
149000	-325.0987	-313.2749	-11.82381	1.252273	0.1705598
149200	-324.2852	-310.2352	-14.05001	1.448672	0.199551
149400	-324.4701	-312.8706	-11.59947	1.296057	0.102124
149600	-323.654	-313.9154	-9.738592	1.160469	0.05454432
149800	-324.1337	-311.4802	-12.65353	1.275325	0.2321349
150000	-323.7544	-311.4191	-12.33529	1.333882	0.1431296
150200	-323.881	-311.3578	-12.52311	1.400993	0.09053963
150400	-324.1929	-311.546	-12.64689	1.494548	0.01071471
150600	-324.8563	-316.0764	-8.779901	1.102525	0.01611774
150800	-324.9289	-310.6748	-14.25404	1.39126	0.2785129
151000	-331.1294	-316.0895	-15.03986	1.208652	0.514376
151200	-323.7775	-310.7585	-13.01899	1.516295	0.02663482
151400	-323.9979	-309.7017	-14.29619	1.495126	0.1790972
151600	-323.4482	-309.6094	-13.83884	1.621373	0.00336106
151800	-323.6488	-313.1149	-10.53397	1.171621	0.1219031
152000	-327.3991	-317.2437	-10.1554	1.027936	0.2207443
152200	-324.4298	-310.9385	-13.49121	1.515929	0.07208183
152400	-322.7007	-310.1267	-12.57401	1.440025	0.05927756
152600	-324.0925	-311.1143	-12.97826	1.487754	0.04952662
152800	-322.9713	-310.6912	-12.28016	1.3846	0.08405477
153000	-322.3281	-310.3122	-12.01595	1.428636	0.01375734
153200	-323.2289	-313.737	-9.49195	1.130866	0.05854731
153400	-327.4872	-318.4825	-9.004732	0.9787735	0.1577922
153600	-326.2804	-318.4041	-7.876314	0.9740112	0.05234622
153800	-331.2146	-316.765	-14.4496	1.127053	0.5445672
154000	-324.318	-311.4308	-12.88718	1.426898	0.1054251
154200	-323.591	-313.1054	-10.48559	1.219119	0.06882973
154400	-322.6413	-311.9952	-10.64612	1.292327	0.01337852
154600	-323.9709	-314.0719	-9.899002	1.193322	0.03667731
154800	-324.0825	-312.4407	-11.64176	1.198459	0.2074915
155000	-323.3586	-310.5143	-12.8443	1.442472	0.08507447
155200	-323.9291	-309.8049	-14.1242	1.50671	0.1466213
155400	-324.6393	-309.3215	-15.31772	1.768461	0.004281956
155600	-322.4109	-309.1299	-13.28101	1.56509	0.003897595
155800	-325.6128	-310.441	-15.17181	1.648988	0.1070809
156000	-323.9616	-311.0168	-12.94483	1.509975	0.02462093
156200	-328.3428	-316.4377	-11.90509	1.430918	0.0003696085
156400	-324.3284	-314.1223	-10.20618	1.208394	0.05140001
156600	-327.0575	-308.9064	-18.15101	1.841589	0.2134259
156800	-325.786	-313.477	-12.309	1.403752	0.06669966
157000	-328.0383	-310.6093	-17.42893	1.907677	0.07472465
157200	-323.9806	-310.6094	-13.37111	1.482749	0.09405305
157400	-323.5424	-310.4652	-13.07716	1.509481	0.04036593
157600	-322.4799	-311.839	-10.64083	1.286383	0.01851416
157800	-323.4299	-308.8001	-14.62982	1.682221	0.02194035
158000	-323.002	-309.3555	-13.64644	1.519475	0.08720565
158200	-325.9045	-315.6977	-10.20676	1.056163	0.2013486
158400	-324.1677	-309.9076	-14.26014	1.643492	0.02417401
158600	-322.0168	-310.1098	-11.90702	1.429668	0.00186546
158800	-324.8141	-311.9274	-12.88675	1.281769	0.2447534
159000	-322.4244	-311.8671	-10.55733	1.254117	0.04251143
159200	-323.7417	-312.8042	-10.93755	1.250679	0.08294537
159400	-323.8224	-309.9189	-13.90353	1.54712	0.08473275
159600	-322.8546	-309.8323	-13.0223	1.505296	0.03781108
159800	-324.1094	-308.4049	-15.7045	1.753051	0.0592481
160000	-324.3995	-310.8671	-13.53231	1.483005	0.1122536
160200	-328.042	-310.8266	-17.21539	1.542198	0.4131622
160400	-330.587	-316.7752	-13.81184	1.443935	0.1712515
160600	-321.941	-312.0581	-9.882842	1.224741	0.004362289
160800	-322.3132	-311.3671	-10.94613	1.289033	0.04644235
161000	-323.9468	-310.26	-13.68681	1.465687	0.1465198
161200	-324.5856	-310.2263	-14.35927	1.509909	0.1688599
161400	-327.8562	-320.9977	-6.858516	0.8502456	0.07438412
161600	-325.197	-312.408	-12.78908	1.346954	0.1680271
161800	-322.9069	-313.5547	-9.35223	1.166668	0.009249532
162000	-324.4049	-312.5682	-11.83663	1.23301	0.1915418
162200	-325.9547	-310.0304	-15.92432	1.506231	0.3316998
162400	-326.8275	-314.6191	-12.20837	1.404051	0.06013424
162600	-324.0161	-314.4952	-9.520908	1.112434	0.07891988
162800	-323.1138	-314.2825	-8.831252	1.101993	0.02163621
163000	-325.8557	-314.3626	-11.49308	1.213222	0.1722523
163200	-325.6966	-313.4859	-12.21077	1.323729	0.1331852
163400	-327.1087	-310.6522	-16.45649	1.739173	0.1451425
163600	-323.4792	-313.1157	-10.36344	1.204107	0.07214716
163800	-324.3705	-308.1937	-16.17679	1.83746	0.0214702
164000	-323.5117	-313.9616	-9.550103	1.195481	0.0003305215
164200	-325.2762	-312.3064	-12.96977	1.250985	0.2871215
164400	-330.6194	-315.8322	-14.78722	1.459947	0.2477984
164600	-324.0769	-311.0519	-13.025	1.388396	0.1531836
164800	-323.3383	-311.12	-12.21829	1.347697	0.1141759
165000	-322.1968	-311.0027	-11.1941	1.355903	0.004372783
165200	-328.283	-316.6533	-11.62975	1.249703	0.1535507
165400	-325.4777	-313.3951	-12.08269	1.405522	0.04231391
165600	-322.9676	-312.6875	-10.28015	1.247576	0.02090235
165800	-322.3533	-310.6712	-11.68204	1.368766	0.04026009
166000	-323.1925	-313.1343	-10.05824	1.226467	0.02048145
166200	-324.221	-312.3394	-11.88158	1.390397	0.03744578
166400	-323.0169	-309.1373	-13.87964	1.551874	0.07845389
166600	-322.0462	-311.0071	-11.03902	1.315987	0.02907678
166800	-325.0157	-309.0273	-15.98841	1.800596	0.03960984
167000	-323.8746	-310.2207	-13.65388	1.431261	0.1786703
167200	-323.3021	-313.1586	-10.14345	1.22805	0.02745208
167400	-325.8947	-309.0327	-16.86206	1.833232	0.09443656
167600	-323.505	-310.4637	-13.04123	1.522848	0.02277544
167800	-323.5877	-311.1163	-12.47147	1.428387	0.06044601
168000	-323.1605	-310.9559	-12.2046	1.378914	0.08193308
168200	-324.4291	-312.9545	-11.4745	1.168646	0.218303
168400	-324.8805	-308.7836	-16.09695	1.752368	0.09900996
168600	-323.9276	-309.1183	-14.80927	1.622627	0.1021641
168800	-322.346	-309.8479	-12.4981	1.443204	0.04816591
169000	-322.2636	-309.9645	-12.2991	1.460656	0.01010686
169200	-321.9792	-311.4054	-10.5738	1.287618	0.01058141
169400	-324.4442	-313.8199	-10.62435	1.16562	0.1373843
169600	-323.0355	-310.5601	-12.47535	1.442132	0.04597219
169800	-323.8492	-312.6964	-11.15287	1.310096	0.04527468
170000	-322.4979	-309.9705	-12.5274	1.440829	0.05302455
170200	-322.1402	-309.8795	-12.26064	1.438154	0.02911611
170400	-324.1694	-311.8965	-12.27291	1.411075	0.05616853
170600	-325.5337	-314.2953	-11.23834	1.232021	0.1293145
170800	-324.7598	-310.4263	-14.33345	1.61192	0.06187532
171000	-322.7032	-311.2004	-11.50273	1.339942	0.05201012
171200	-322.3108	-310.8281	-11.48263	1.360403	0.02900091
171400	-324.1479	-314.5513	-9.596591	1.192785	0.00787773
171600	-322.8905	-313.5172	-9.373278	1.167232	0.01082314
171800	-322.9469	-310.4591	-12.48778	1.374085	0.1168211
172000	-323.5918	-310.9652	-12.62669	1.471712	0.03198278
172200	-324.0508	-309.9177	-14.1331	1.432854	0.2234292
172400	-324.358	-311.2479	-13.11002	1.487271	0.06279521
172600	-325.6445	-310.1465	-15.498	1.748677	0.04115788
172800	-325.229	-311.7617	-13.46736	1.3492	0.2443018
173000	-322.3672	-311.9052	-10.46201	1.252773	0.03462706
173200	-323.7478	-309.0304	-14.71737	1.710406	0.002162516
173400	-326.0784	-309.8408	-16.23762	1.623555	0.2400447
173600	-325.9939	-317.2147	-8.779192	1.102739	0.01563012
173800	-324.5075	-309.5116	-14.99589	1.698907	0.04150048
174000	-323.774	-312.2931	-11.4809	1.235077	0.1546943
174200	-326.5245	-318.4692	-8.055306	0.9183945	0.1256296
174400	-322.8	-310.8633	-11.93673	1.421662	0.01317036
174600	-323.3441	-310.9381	-12.40596	1.424663	0.05681867
174800	-323.5876	-312.8814	-10.70619	1.22266	0.08722296
175000	-323.5499	-310.5225	-13.02733	1.525757	0.01759864
175200	-324.565	-313.1741	-11.39084	1.297396	0.08229872
175400	-330.6764	-310.5932	-20.08319	1.728935	0.5140189
175600	-323.8403	-311.3531	-12.48718	1.480938	0.008384735
175800	-322.2248	-312.0178	-10.20695	1.255951	0.005602005
176000	-322.0588	-309.5899	-12.46888	1.480987	0.006773093
176200	-322.0256	-310.9377	-11.08792	1.327892	0.02187516
176400	-326.0668	-309.0534	-17.0134	1.846536	0.09378325
176600	-324.6204	-309.1176	-15.50272	1.620442	0.1742186
176800	-324.9404	-310.6431	-14.29738	1.438339	0.2316786
177000	-324.1043	-309.9286	-14.17565	1.470774	0.1908237
177200	-322.2853	-311.0774	-11.20792	1.341265	0.0203162
177400	-327.5236	-313.0372	-14.48643	1.688841	0.0005840654
177600	-327.0989	-311.5854	-15.51347	1.541912	0.2448365
177800	-325.3378	-313.8627	-11.47506	1.258292	0.1292954
178000	-326.4935	-314.3802	-12.11333	1.274752	0.1729216
178200	-322.8811	-308.7617	-14.11935	1.631714	0.02155222
178400	-323.274	-312.1918	-11.08213	1.264209	0.08517669
178600	-327.8278	-313.3045	-14.52325	1.427199	0.2608685
178800	-322.9766	-311.3228	-11.65379	1.39179	0.01460584
179000	-324.7255	-312.4209	-12.30459	1.44529	0.02571422
179200	-324.6596	-309.9022	-14.75736	1.558392	0.1590908
179400	-323.4798	-313.419	-10.06074	1.199015	0.04694681
179600	-329.7462	-312.1366	-17.60965	1.643781	0.3595667
179800	-323.998	-315.8021	-8.195938	1.03446	0.02606036
180000	-327.6731	-310.9446	-16.72858	1.795742	0.1166075
180200	-323.7615	-312.2006	-11.56094	1.321122	0.0756888
180400	-326.0783	-308.6433	-17.435	1.93797	0.04636858
180600	-323.0315	-309.0322	-13.99927	1.616948	0.0244431
180800	-323.9633	-310.6144	-13.34895	1.450773	0.1278534
181000	-322.6764	-309.6151	-13.06131	1.539728	0.007241387
181200	-324.5796	-313.1921	-11.38758	1.317371	0.06064173
181400	-325.3702	-315.2771	-10.09306	1.205441	0.04357959
181600	-324.8343	-313.8008	-11.03351	1.319109	0.02463107
181800	-326.2743	-311.065	-15.2093	1.400583	0.3669468
182000	-324.4232	-313.528	-10.89517	1.266084	0.06256683
182200	-324.5324	-314.252	-10.28036	1.116515	0.1515756
182400	-323.1004	-312.4623	-10.63806	1.304358	0.0002419325
182600	-324.3275	-311.0072	-13.32028	1.537414	0.03526414
182800	-324.2184	-314.8561	-9.362261	1.168758	0.008113085
183000	-327.4784	-315.8629	-11.61541	1.386654	0.01583964
183200	-324.3068	-311.2011	-13.10573	1.321734	0.2310014
183400	-327.9105	-320.0719	-7.838615	0.9401032	0.08086808
183600	-327.8079	-321.2771	-6.530834	0.8627202	0.02997122
183800	-322.7905	-312.6215	-10.16904	1.228278	0.02902039
184000	-323.0333	-313.8337	-9.199534	1.145952	0.01458792
184200	-326.2518	-310.4446	-15.80726	1.404765	0.4248007
184400	-326.0784	-315.1311	-10.94727	1.175486	0.1540787
184600	-326.9328	-312.3757	-14.55704	1.584558	0.1141587
184800	-325.8752	-315.493	-10.38223	1.195936	0.08076752
185000	-327.8825	-317.1325	-10.74993	1.313565	0.002276201
185200	-323.4906	-313.5856	-9.904965	1.206351	0.02433286
185400	-326.493	-312.1815	-14.31149	1.50181	0.1680331
185600	-323.9759	-309.6289	-14.347	1.507999	0.1682989
185800	-322.7826	-312.2301	-10.55248	1.241327	0.05425006
186000	-325.7939	-314.1502	-11.64371	1.196066	0.2131588
186200	-326.5599	-314.3181	-12.24186	1.428981	0.03576045
186400	-327.5697	-317.652	-9.917681	1.212361	0.01975589
186600	-326.9621	-312.757	-14.20512	1.531874	0.1296798
186800	-323.2625	-313.3031	-9.95934	1.204294	0.03188267
187000	-325.2279	-313.9226	-11.30529	1.358224	0.01325382
187200	-324.9249	-312.6577	-12.26727	1.423368	0.0427021
187400	-324.9825	-314.0524	-10.9301	1.287921	0.04498439
187600	-322.6089	-312.0144	-10.59452	1.282986	0.01711267
187800	-324.2159	-308.4439	-15.77204	1.752746	0.0665507
188000	-323.492	-312.8754	-10.61666	1.173645	0.1292834
188200	-323.8737	-315.084	-8.789689	1.058557	0.06131969
188400	-323.5306	-312.3071	-11.22348	1.224499	0.1384957
188600	-322.8127	-310.505	-12.30764	1.363745	0.1088381
188800	-324.5864	-313.6523	-10.93414	1.314345	0.01933382
189000	-323.7174	-310.3859	-13.33145	1.411409	0.1639083
189200	-327.5748	-320.1499	-7.424907	0.9156558	0.06801228
189400	-328.5278	-311.2585	-17.26932	1.810506	0.156663
189600	-331.8826	-307.5777	-24.30495	2.586801	0.0838803
189800	-323.3412	-310.2966	-13.04463	1.510295	0.03465764
190000	-324.0199	-310.8996	-13.12028	1.340117	0.212512
190200	-323.3163	-310.0872	-13.22917	1.412661	0.1526612
190400	-324.4475	-310.1834	-14.26407	1.558459	0.1085349
190600	-325.2609	-312.3887	-12.87228	1.342468	0.1848276
190800	-324.2822	-312.2861	-11.99616	1.218656	0.2210456
191000	-323.7857	-309.1368	-14.64887	1.583719	0.1252316
191200	-324.3654	-310.069	-14.29638	1.489964	0.1823908
191400	-322.6525	-310.4276	-12.22491	1.394785	0.06862732
191600	-324.0442	-309.4297	-14.61452	1.619744	0.08409808
191800	-326.343	-310.6918	-15.65123	1.472422	0.330368
192000	-323.5168	-310.2216	-13.29527	1.484398	0.08725398
192200	-325.7336	-312.4642	-13.26945	1.283085	0.2830013
192400	-322.6631	-311.7657	-10.89738	1.252399	0.07878053
192600	-326.5593	-315.8158	-10.74358	1.213001	0.09874931
192800	-326.6563	-315.9681	-10.68829	1.139588	0.1745012
193000	-324.0677	-312.3198	-11.74792	1.251868	0.1654944
193200	-326.6512	-313.792	-12.85915	1.46816	0.0568573
193400	-325.727	-309.9643	-15.76274	1.808052	0.009406139
193600	-323.8554	-313.5601	-10.29533	1.194368	0.07451521
193800	-326.8265	-316.742	-10.08453	1.168185	0.07865822
194000	-323.1831	-310.4008	-12.78231	1.431174	0.08761669
194200	-325.88	-308.9384	-16.94165	1.629784	0.3104458
194400	-325.8816	-313.2809	-12.60071	1.210217	0.2843155
194600	-327.1018	-310.5039	-16.59798	1.466086	0.4311561
194800	-324.1094	-309.4276	-14.68181	1.644561	0.06624056
195000	-325.0282	-310.9684	-14.05978	1.40237	0.2428577
195200	-322.5347	-312.3156	-10.2191	1.247518	0.01504321
195400	-325.528	-315.799	-9.72897	1.053815	0.1590451
195600	-324.3744	-312.2398	-12.13463	1.369344	0.08527319
195800	-323.9377	-309.7957	-14.14199	1.541501	0.1132498
196000	-322.3258	-310.0271	-12.29863	1.449374	0.02147893
196200	-323.1094	-310.1476	-12.96179	1.469931	0.06792245
196400	-322.5315	-310.049	-12.48246	1.463038	0.02610125
196600	-327.1512	-312.2783	-14.87299	1.50401	0.2170594
196800	-324.5819	-315.005	-9.576833	1.094056	0.1041079
197000	-325.3524	-315.2345	-10.11792	1.168672	0.0817479
197200	-322.0458	-310.2765	-11.76926	1.390075	0.02806426
197400	-325.8833	-311.9045	-13.97874	1.636942	0.001687575
197600	-324.1871	-310.7425	-13.4446	1.425946	0.158833
197800	-323.6977	-309.5163	-14.18142	1.514916	0.1467023
198000	-325.4256	-312.5972	-12.82837	1.299553	0.2187381
198200	-323.3491	-311.5382	-11.81091	1.358826	0.06236403
198400	-323.1179	-311.5494	-11.56843	1.268557	0.1294491
198600	-323.4949	-309.8817	-13.61326	1.473597	0.1293264
198800	-326.5461	-314.8233	-11.72282	1.333232	0.07900744
199000	-324.1315	-312.2777	-11.8538	1.316871	0.109101
199200	-324.4004	-315.2593	-9.141068	1.144605	0.009961782
199400	-322.8238	-309.7786	-13.04522	1.477025	0.06989224
199600	-323.7255	-310.7526	-12.97292	1.358684	0.1806984
199800	-323.8663	-311.4747	-12.39156	1.4462	0.03283958
200000	-325.3589	-313.7785	-11.58034	1.167573	0.2315082
