Iteration	Posterior	Likelihood	Prior	branch_rates	speciation_rate
0	-303.469	-288.0506	-15.41834	1.608662	0.1645124
200	-302.6486	-285.6836	-16.96501	1.74322	0.1882516
400	-300.9319	-286.1049	-14.82707	1.655637	0.06589799
600	-301.0443	-288.4649	-12.57946	1.484582	0.01348159
800	-301.9987	-289.2501	-12.74857	1.425673	0.08797899
1000	-304.2191	-285.0441	-19.17501	2.119217	0.03735287
1200	-301.4077	-289.016	-12.39166	1.464799	0.01438842
1400	-303.6346	-288.7014	-14.9332	1.604055	0.1239894
1600	-306.2355	-288.0915	-18.14402	1.881206	0.1675069
1800	-303.279	-288.4235	-14.85554	1.711629	0.01388991
2000	-301.8987	-286.3176	-15.58118	1.683092	0.1109854
2200	-302.3045	-286.7579	-15.54663	1.753093	0.04229919
2400	-300.5185	-285.4858	-15.03272	1.733952	0.009890682
2600	-301.8669	-287.3431	-14.52381	1.663059	0.0285882
2800	-302.3188	-287.0151	-15.3037	1.718977	0.04874805
3000	-301.6668	-285.5781	-16.0887	1.843088	0.00650548
3200	-310.0458	-286.3187	-23.72715	1.865347	0.6945671
3400	-303.4663	-285.9806	-17.48568	1.855002	0.1262388
3600	-304.2455	-287.1765	-17.06898	1.72461	0.2115609
3800	-302.2812	-288.6111	-13.6701	1.535159	0.0700619
4000	-301.8563	-284.2524	-17.60389	1.961944	0.03823939
4200	-304.0625	-290.6975	-13.36496	1.496956	0.07452064
4400	-305.8959	-283.1568	-22.73914	2.326209	0.1864428
4600	-300.4164	-285.5465	-14.86996	1.715498	0.01208442
4800	-303.3239	-286.0105	-17.31334	1.79799	0.1678948
5000	-304.0343	-285.6305	-18.40379	1.987961	0.08891806
5200	-301.6016	-287.747	-13.8546	1.611876	0.01434852
5400	-303.2785	-289.3019	-13.9766	1.613509	0.02277603
5600	-306.4583	-293.3837	-13.07456	1.525849	0.02102493
5800	-302.2505	-284.4565	-17.79399	1.992327	0.0277448
6000	-301.9093	-289.8401	-12.06923	1.434948	0.01201822
6200	-301.0504	-285.0092	-16.04121	1.829504	0.01491421
6400	-301.4533	-286.464	-14.98936	1.724234	0.01488655
6600	-300.4872	-286.2266	-14.26065	1.664892	0.001920307
6800	-301.2263	-284.9975	-16.22884	1.778083	0.0843768
7000	-304.1044	-290.2202	-13.88426	1.555976	0.0709016
7200	-301.4343	-286.9066	-14.52766	1.6427	0.05073864
7400	-303.1802	-288.191	-14.98924	1.558505	0.1700016
7600	-300.6017	-287.8177	-12.78397	1.501272	0.01735775
7800	-305.7127	-289.0323	-16.68042	1.579161	0.3042292
8000	-303.5067	-289.0139	-14.49274	1.650743	0.03715302
8200	-303.6033	-289.2595	-14.34382	1.619367	0.05355515
8400	-301.6526	-288.1949	-13.45775	1.471329	0.1117547
8600	-301.1627	-286.1885	-14.97419	1.719419	0.01855004
8800	-301.3823	-286.9816	-14.40069	1.675891	0.004864259
9000	-300.9328	-286.3163	-14.61655	1.649465	0.05134313
9200	-305.5375	-285.7022	-19.83537	2.223099	0.001250509
9400	-302.2332	-286.2465	-15.98663	1.803144	0.03431207
9600	-301.3058	-288.4598	-12.84598	1.497496	0.02720593
9800	-303.8837	-286.3337	-17.54996	1.967514	0.02712017
10000	-301.266	-287.6526	-13.6134	1.563508	0.03715015
10200	-301.9228	-289.3995	-12.52331	1.454548	0.03653225
10400	-306.3629	-283.3991	-22.96376	2.530775	0.00651561
10600	-302.253	-288.562	-13.69104	1.601327	0.008242701
10800	-300.8936	-287.3705	-13.5231	1.549986	0.04190228
11000	-307.5491	-285.7352	-21.81395	2.056065	0.3390853
11200	-304.6449	-285.6132	-19.03169	1.926512	0.2198532
11400	-303.8959	-283.9619	-19.93399	2.08907	0.146475
11600	-301.6151	-289.0027	-12.61243	1.476357	0.02540692
11800	-303.0967	-284.769	-18.32773	1.90808	0.1601753
12000	-302.0669	-288.2627	-13.80416	1.493906	0.1252313
12200	-301.8484	-287.4847	-14.36368	1.667793	0.008744167
12400	-302.8377	-287.0761	-15.76164	1.578897	0.2290436
12600	-301.8242	-286.1414	-15.6828	1.731763	0.07508419
12800	-305.5888	-289.0687	-16.52008	1.840861	0.04857367
13000	-302.5873	-288.6746	-13.91274	1.460509	0.1689252
13200	-304.6876	-292.1999	-12.48764	1.325465	0.1617623
13400	-301.5947	-286.4603	-15.13441	1.711177	0.04081101
13600	-303.1094	-289.6823	-13.42704	1.547158	0.03573509
13800	-302.7999	-286.1158	-16.68408	1.909108	9.176602e-05
14000	-304.4466	-291.7856	-12.66099	1.4654	0.038268
14200	-303.2351	-285.9025	-17.33263	1.905644	0.06969961
14400	-301.604	-288.4705	-13.13347	1.50875	0.0428399
14600	-303.7562	-284.6738	-19.08243	1.978381	0.1650929
14800	-304.0081	-294.1449	-9.86324	1.211507	0.01501289
15000	-302.2927	-290.6121	-11.68058	1.33544	0.07165992
15200	-303.1905	-287.5564	-15.63411	1.535688	0.2614999
15400	-301.1159	-285.3188	-15.79715	1.747509	0.07195198
15600	-303.6557	-289.6801	-13.97565	1.521565	0.1146478
15800	-301.0956	-286.8929	-14.20266	1.631935	0.02851135
16000	-303.1462	-285.6863	-17.45993	1.716238	0.2657013
16200	-302.9835	-291.5739	-11.40959	1.308075	0.07226993
16400	-308.2541	-288.4034	-19.85075	1.640307	0.5638246
16600	-301.3738	-286.4227	-14.95114	1.725147	0.01018501
16800	-301.9979	-287.0636	-14.93421	1.584398	0.1435193
17000	-305.1263	-287.7792	-17.34716	1.544967	0.4074452
17200	-306.0124	-293.035	-12.97738	1.495557	0.04058326
17400	-301.0809	-286.6371	-14.44374	1.683097	0.002024182
17600	-302.3884	-285.7495	-16.63894	1.836897	0.0659173
17800	-300.9747	-287.6932	-13.28148	1.568296	0.000636561
18000	-308.8915	-287.6251	-21.26638	2.103647	0.2456465
18200	-301.7014	-288.4237	-13.2777	1.517963	0.04777002
18400	-303.3824	-286.0542	-17.32821	1.690718	0.2773607
18600	-306.357	-295.5319	-10.82515	1.280812	0.04045336
18800	-303.8194	-290.9426	-12.87685	1.409809	0.1104926
19000	-304.1851	-290.2075	-13.97756	1.521313	0.1114479
19200	-307.6876	-293.8586	-13.82898	1.439486	0.1729938
19400	-302.9407	-288.7824	-14.15837	1.648655	0.007682539
19600	-303.9334	-285.9481	-17.98529	2.006672	0.03101884
19800	-301.9127	-286.8227	-15.08997	1.652608	0.09657009
20000	-301.568	-286.9287	-14.63924	1.598411	0.1027195
20200	-304.1426	-285.2038	-18.93876	1.976429	0.1500877
20400	-300.9926	-285.6251	-15.36746	1.718165	0.05893492
20600	-301.9298	-286.0288	-15.90104	1.660659	0.1655534
20800	-302.2947	-286.5965	-15.69821	1.62333	0.1840735
21000	-305.9106	-286.0382	-19.8724	1.913349	0.2955731
21200	-302.9082	-286.0645	-16.84371	1.921836	0.003171854
21400	-301.3886	-285.9075	-15.48115	1.710325	0.0777566
21600	-303.5149	-286.466	-17.04892	1.817332	0.123777
21800	-302.7447	-285.0249	-17.71987	1.802583	0.2069078
22000	-302.9558	-286.076	-16.87979	1.904366	0.02323364
22200	-302.9686	-286.5735	-16.39511	1.662839	0.2076451
22400	-301.7167	-289.5675	-12.14923	1.422318	0.03187683
22600	-303.7175	-287.7421	-15.9754	1.810285	0.02556803
22800	-301.6259	-288.4726	-13.15328	1.481005	0.07128253
23000	-301.2488	-285.4588	-15.78999	1.72511	0.0935945
23200	-301.5146	-284.3397	-17.17484	1.936571	0.02126084
23400	-304.6328	-293.3416	-11.29119	1.255689	0.1109322
23600	-301.4216	-288.0357	-13.38596	1.497282	0.07866335
23800	-302.1868	-290.8329	-11.35384	1.349148	0.02607517
24000	-300.4873	-285.8679	-14.61937	1.677168	0.02518383
24200	-303.9648	-292.3057	-11.65912	1.254793	0.1467006
24400	-302.1743	-288.2364	-13.93793	1.631094	0.003517772
24600	-302.1785	-288.7497	-13.42881	1.544876	0.0363628
24800	-304.8795	-287.416	-17.46353	1.885962	0.09237852
25000	-301.977	-287.9386	-14.03842	1.511437	0.1293177
25200	-304.6765	-285.9279	-18.74861	1.974756	0.1343159
25400	-303.6895	-290.8781	-12.81142	1.425855	0.08858108
25600	-301.0864	-285.0656	-16.02074	1.834999	0.00762228
25800	-302.9853	-287.11	-15.87526	1.719123	0.107397
26000	-304.6714	-289.6809	-14.99055	1.663093	0.07335092
26200	-300.4248	-285.3607	-15.06415	1.733701	0.0132202
26400	-301.1605	-286.8774	-14.28308	1.585479	0.08228774
26600	-302.9362	-291.6538	-11.28233	1.344099	0.02406966
26800	-302.9101	-292.3675	-10.54261	1.282525	0.01175527
27000	-305.4051	-288.8116	-16.59345	1.438464	0.4399843
27200	-304.2577	-289.0278	-15.22988	1.711214	0.05150073
27400	-302.2932	-291.1216	-11.17165	1.329561	0.02672369
27600	-305.7315	-293.0686	-12.66292	1.474607	0.03090392
27800	-302.755	-285.1498	-17.60527	1.9115	0.08667846
28000	-305.566	-286.441	-19.12502	2.100059	0.04850856
28200	-302.0245	-291.0094	-11.01513	1.312609	0.02844919
28400	-302.4807	-284.5355	-17.94522	1.859017	0.1751066
28600	-302.379	-286.3246	-16.05439	1.744863	0.1001988
28800	-304.6029	-285.8795	-18.72335	2.06157	0.05126317
29000	-300.6161	-286.0675	-14.54865	1.667998	0.02730782
29200	-302.216	-284.771	-17.44502	1.945056	0.03870652
29400	-304.1954	-286.5736	-17.62183	1.751033	0.2460292
29600	-301.3162	-287.3298	-13.98634	1.578991	0.05999485
29800	-306.9022	-289.0189	-17.88332	1.852401	0.1681227
30000	-301.7619	-284.4122	-17.34975	1.925113	0.04966996
30200	-302.3183	-285.9042	-16.41405	1.834851	0.04542064
30400	-302.8511	-288.0284	-14.82269	1.553877	0.161377
30600	-303.933	-293.1943	-10.73868	1.251292	0.05900992
30800	-302.1062	-289.2208	-12.88547	1.454048	0.07073715
31000	-304.7483	-285.457	-19.29131	1.883672	0.2871514
31200	-304.8954	-284.3263	-20.56917	2.120865	0.170223
31400	-305.7328	-284.5879	-21.14485	2.283697	0.0682449
31600	-302.3896	-288.2053	-14.18431	1.649425	0.009112489
31800	-301.4154	-287.4863	-13.9291	1.585586	0.04571783
32000	-301.7006	-287.4648	-14.23581	1.65098	0.0125234
32200	-302.2114	-285.7668	-16.44463	1.719536	0.1621744
32400	-301.5371	-286.2878	-15.24933	1.68933	0.07327824
32600	-303.6979	-283.8018	-19.89603	2.16827	0.06089972
32800	-303.5345	-288.2888	-15.24573	1.602454	0.1513287
33000	-305.2888	-286.0956	-19.1932	1.81887	0.3345384
33200	-301.4526	-286.97	-14.4826	1.584251	0.1026651
33400	-303.0019	-288.0622	-14.93973	1.525297	0.1989246
33600	-303.8645	-289.7577	-14.10676	1.510565	0.1329413
33800	-302.6412	-289.2164	-13.42477	1.544772	0.03552207
34000	-305.1596	-289.3585	-15.80104	1.402113	0.3993339
34200	-302.9935	-288.2244	-14.76905	1.561572	0.1503161
34400	-303.5564	-286.6407	-16.91576	1.860112	0.06870125
34600	-302.5194	-285.0108	-17.50851	1.824293	0.1652678
34800	-303.8319	-292.7734	-11.05844	1.302859	0.04051915
35000	-301.331	-284.3754	-16.9556	1.908132	0.0282328
35200	-301.4678	-289.7685	-11.69928	1.4055	0.004966598
35400	-301.6744	-286.3315	-15.34289	1.757149	0.01693443
35600	-303.6486	-292.0196	-11.62906	1.302074	0.09843089
35800	-302.2845	-290.838	-11.4465	1.342414	0.04069354
36000	-301.5038	-287.1078	-14.39595	1.652859	0.02618923
36200	-304.5536	-285.2496	-19.30398	1.870226	0.2927257
36400	-300.9294	-288.9611	-11.96827	1.42238	0.01467011
36600	-303.0497	-285.6648	-17.38484	1.900477	0.07445347
36800	-301.3099	-288.6021	-12.70781	1.482716	0.02729267
37000	-301.1337	-286.8775	-14.2562	1.638273	0.02673129
37200	-303.1379	-291.7412	-11.39667	1.301548	0.07399438
37400	-300.3353	-287.0968	-13.23851	1.555937	0.008445808
37600	-300.5563	-285.214	-15.34234	1.756598	0.01819542
37800	-301.8421	-289.2411	-12.60096	1.411909	0.08569043
38000	-301.8596	-287.5432	-14.31637	1.624308	0.04576178
38200	-304.737	-288.0417	-16.6953	1.825043	0.07814818
38400	-303.5792	-286.617	-16.9622	1.667483	0.2567465
38600	-303.4396	-285.0577	-18.38195	2.032438	0.04481365
38800	-302.5892	-288.4446	-14.14459	1.567847	0.08626777
39000	-301.661	-285.426	-16.23493	1.779673	0.08157643
39200	-303.2937	-290.1791	-13.11466	1.360047	0.1849571
39400	-302.0827	-287.0623	-15.02044	1.711437	0.02964104
39600	-306.4941	-287.2933	-19.20083	1.782278	0.360246
39800	-302.4355	-289.4794	-12.95609	1.533742	0.00249534
40000	-300.3922	-286.1837	-14.20853	1.651888	0.009468964
40200	-300.9787	-285.7412	-15.23751	1.696743	0.06614905
40400	-300.7967	-287.5754	-13.2213	1.523012	0.03841466
40600	-303.7324	-287.3002	-16.43224	1.638666	0.2412845
40800	-302.757	-291.0659	-11.69108	1.302419	0.1039137
41000	-304.1389	-283.7554	-20.38348	2.012773	0.2646436
41200	-300.9835	-286.1851	-14.79837	1.685583	0.0336398
41400	-301.3221	-285.7757	-15.54643	1.70156	0.09106697
41600	-301.6653	-287.472	-14.19327	1.645963	0.01332045
41800	-305.6977	-287.332	-18.36579	1.9084	0.159065
42000	-301.1157	-287.0524	-14.06329	1.605716	0.03987535
42200	-302.0318	-284.5743	-17.45753	1.966433	0.01958736
42400	-302.6296	-286.0599	-16.56972	1.849968	0.04539752
42600	-302.3516	-286.7079	-15.6437	1.758943	0.04361619
42800	-301.4634	-287.2957	-14.16768	1.542833	0.1107435
43000	-301.8562	-285.953	-15.9032	1.827311	0.003592027
43200	-303.7124	-285.6514	-18.06097	1.761247	0.2738831
43400	-303.0736	-290.0937	-12.97987	1.518629	0.01887789
43600	-303.6808	-286.5208	-17.16	1.655233	0.2883193
43800	-302.5916	-290.618	-11.97356	1.352549	0.08158358
44000	-305.1829	-284.4109	-20.77202	2.229073	0.08630459
44200	-303.8093	-286.6578	-17.15147	1.918299	0.03548273
44400	-303.3565	-287.2315	-16.12501	1.710305	0.1349331
44600	-301.0383	-284.4991	-16.53912	1.856926	0.03741545
44800	-303.0097	-286.6454	-16.36429	1.718076	0.1588058
45000	-305.7796	-291.6719	-14.1077	1.613486	0.03860771
45200	-301.4223	-288.2402	-13.18207	1.547123	0.01179529
45400	-301.7899	-286.8415	-14.94848	1.619571	0.1123253
45600	-303.5138	-286.4392	-17.07454	1.908975	0.03770061
45800	-303.9431	-285.9578	-17.98532	1.665951	0.3671998
46000	-302.7021	-287.4192	-15.28295	1.710101	0.0550404
46200	-303.6284	-284.8848	-18.74365	2.04723	0.0647289
46400	-303.394	-286.944	-16.45003	1.840957	0.04325724
46600	-301.19	-283.9854	-17.20469	1.959248	0.001993517
46800	-302.6095	-285.6015	-17.00798	1.780807	0.1590395
47000	-300.7216	-285.5069	-15.21474	1.725622	0.03624306
47200	-301.2044	-288.0957	-13.10872	1.53811	0.0133697
47400	-303.2399	-286.9577	-16.28217	1.795184	0.06836908
47600	-302.6104	-290.0986	-12.51182	1.490472	0.001379841
47800	-300.519	-287.8611	-12.65787	1.493063	0.01319976
48000	-300.299	-286.8004	-13.4986	1.581175	0.009287307
48200	-304.3273	-291.0765	-13.25079	1.450541	0.1085413
48400	-301.119	-286.5354	-14.58366	1.67829	0.01984649
48600	-301.7391	-287.361	-14.3781	1.547419	0.126619
48800	-305.4664	-291.1455	-14.32085	1.584369	0.08601353
49000	-304.3623	-286.0159	-18.34643	2.071275	0.004035773
49200	-300.7735	-287.0425	-13.73103	1.56581	0.0466352
49400	-303.9884	-286.4409	-17.54747	1.914003	0.0781654
49600	-305.3423	-287.6055	-17.73677	1.680312	0.3197069
49800	-302.1883	-285.4366	-16.75167	1.878031	0.03613422
50000	-302.5882	-291.2695	-11.31867	1.315914	0.05356732
50200	-303.8135	-286.646	-17.16746	1.692822	0.2523195
50400	-303.8039	-289.1445	-14.65944	1.686872	0.01901925
50600	-304.364	-290.3478	-14.01616	1.598324	0.04057506
50800	-302.5453	-287.9657	-14.57956	1.690733	0.007410849
51000	-302.5436	-287.2679	-15.27561	1.688632	0.07831213
51200	-301.9768	-290.1945	-11.78238	1.388802	0.0288491
51400	-301.9962	-286.1086	-15.88756	1.809436	0.02017499
51600	-305.6991	-287.1391	-18.55997	1.747045	0.3289758
51800	-301.5225	-287.0378	-14.48468	1.661634	0.02621614
52000	-307.8835	-285.8008	-22.08265	2.184515	0.2476638
52200	-301.4437	-284.5479	-16.89581	1.924171	0.006066013
52400	-304.7629	-287.7907	-16.97221	1.760934	0.1646212
52600	-301.4084	-284.6053	-16.80308	1.851777	0.06856863
52800	-303.749	-292.2283	-11.52074	1.338156	0.05453662
53000	-300.6861	-285.7514	-14.93472	1.717914	0.01598079
53200	-304.9631	-286.1968	-18.76635	1.987762	0.1209331
53400	-303.5422	-285.73	-17.81214	1.905974	0.1096415
53600	-304.3569	-284.8251	-19.53184	1.802991	0.3843481
53800	-306.8614	-293.5936	-13.26782	1.383769	0.1692607
54000	-302.8056	-286.0971	-16.70849	1.846133	0.06193564
54200	-306.6448	-287.0937	-19.55116	2.052864	0.1316243
54400	-300.6982	-286.4184	-14.27979	1.617003	0.05037355
54600	-304.4319	-288.4212	-16.01076	1.676751	0.1504639
54800	-304.1986	-290.9037	-13.29494	1.498686	0.0664897
55000	-301.9466	-287.3558	-14.59078	1.679469	0.01936079
55200	-302.3992	-285.0031	-17.39612	1.918519	0.06033712
55400	-303.3711	-284.5388	-18.83236	2.079566	0.04386653
55600	-305.9153	-286.6415	-19.27376	1.593236	0.5571555
55800	-303.2497	-284.5084	-18.74124	1.991635	0.1207713
56000	-301.4005	-285.9016	-15.49887	1.768828	0.02089249
56200	-301.7945	-286.5767	-15.21773	1.617938	0.1429662
56400	-304.1643	-287.6743	-16.49002	1.873352	0.01508634
56600	-304.1583	-286.6974	-17.46088	1.849946	0.1277775
56800	-301.6813	-289.3317	-12.34966	1.470854	0.004604868
57000	-305.5284	-286.0303	-19.49816	2.178454	0.01174568
57200	-302.281	-288.2803	-14.00066	1.611889	0.0277924
57400	-302.61	-288.8216	-13.78835	1.540774	0.07321957
57600	-302.6045	-285.9077	-16.69687	1.887144	0.02374203
57800	-306.3248	-285.2451	-21.07974	2.299423	0.04700012
58000	-302.6914	-288.2934	-14.39799	1.602541	0.07325748
58200	-300.4765	-285.8562	-14.62025	1.686358	0.01630627
58400	-303.0127	-286.3271	-16.68566	1.788254	0.1153226
58600	-301.6052	-286.1251	-15.48016	1.787375	0.001449069
58800	-301.5405	-286.669	-14.87144	1.706717	0.02066447
59000	-301.0454	-288.9173	-12.12806	1.450383	0.00306784
59200	-303.1361	-288.6071	-14.52891	1.618633	0.06893505
59400	-300.4242	-287.1994	-13.22482	1.551401	0.01165379
59600	-303.8145	-286.8915	-16.92306	1.769182	0.1524568
59800	-303.3989	-285.4012	-17.99771	1.874918	0.1592151
60000	-301.2984	-289.9812	-11.31725	1.368612	0.003721192
60200	-303.3634	-292.816	-10.54739	1.294175	0.0012826
60400	-301.7329	-288.5292	-13.20365	1.504574	0.05422924
60600	-301.9173	-287.7563	-14.16098	1.558097	0.09743286
60800	-302.9541	-284.7202	-18.23395	2.014955	0.0473876
61000	-304.8299	-288.0577	-16.77222	1.518605	0.3909656
61200	-302.8428	-286.1435	-16.69929	1.689723	0.2156426
61400	-303.2346	-286.3128	-16.92182	1.88977	0.0402165
61600	-302.5331	-288.6366	-13.89653	1.609896	0.01968325
61800	-302.8936	-287.4325	-15.4611	1.756078	0.03067494
62000	-300.9439	-284.9804	-15.96345	1.811217	0.02561298
62200	-301.1487	-288.3466	-12.80208	1.481974	0.03758774
62400	-305.2232	-283.0278	-22.19547	2.277089	0.1837721
62600	-305.8629	-289.2084	-16.65457	1.755774	0.1397964
62800	-303.6031	-284.2646	-19.33852	2.110793	0.06172945
63000	-301.3504	-286.5328	-14.81758	1.6931	0.02794366
63200	-304.7136	-293.7465	-10.96709	1.226128	0.1034474
63400	-301.7921	-287.1226	-14.66954	1.706495	0.00118221
63600	-301.1471	-286.3036	-14.84355	1.662291	0.0605342
63800	-301.0208	-285.6437	-15.37708	1.719408	0.05870801
64000	-302.6682	-287.342	-15.32624	1.763972	0.00910859
64200	-305.2697	-288.0539	-17.21577	1.949616	0.01188301
64400	-301.4509	-284.9119	-16.53902	1.841501	0.05246715
64600	-300.3133	-286.5522	-13.76106	1.60744	0.009227867
64800	-305.4443	-289.5543	-15.89001	1.615061	0.2018193
65000	-305.2509	-286.9537	-18.29724	1.978364	0.08878852
65200	-300.9047	-285.9448	-14.95994	1.717185	0.01898075
65400	-302.5116	-285.8671	-16.64446	1.718664	0.1790797
65600	-302.7191	-286.1527	-16.56636	1.676433	0.2145068
65800	-302.7297	-286.2064	-16.52328	1.855853	0.03599448
66000	-301.9087	-284.8947	-17.01398	1.895681	0.0450956
66200	-302.3932	-288.8974	-13.49578	1.546784	0.04174844
66400	-300.9903	-285.6299	-15.36041	1.719208	0.0559129
66600	-303.1172	-290.9317	-12.18548	1.451973	0.0070995
66800	-304.1084	-288.0575	-16.05093	1.709448	0.1317348
67000	-303.2177	-290.1618	-13.05586	1.422915	0.1229305
67200	-307.0498	-288.466	-18.58382	1.454548	0.6199072
67400	-302.6797	-285.8449	-16.83481	1.81883	0.1005058
67600	-302.9335	-285.9979	-16.93564	1.921461	0.01217395
67800	-303.5267	-287.7784	-15.74828	1.736264	0.0757549
68000	-300.6634	-286.4407	-14.2227	1.629679	0.03248448
68200	-301.0226	-288.3983	-12.62425	1.487725	0.01483507
68400	-301.1965	-286.8599	-14.33663	1.640447	0.03255006
68600	-301.2728	-284.6396	-16.63319	1.876794	0.0266645
68800	-300.9513	-286.1762	-14.77511	1.666997	0.0498103
69000	-304.7047	-292.4688	-12.23588	1.313468	0.1477282
69200	-304.5237	-285.2028	-19.32086	2.002704	0.1620685
69400	-301.462	-286.9708	-14.49121	1.671309	0.01791403
69600	-301.3262	-286.2295	-15.09673	1.684494	0.06472376
69800	-304.7527	-284.2233	-20.52947	2.04086	0.2474022
70000	-300.7837	-286.5288	-14.25489	1.643316	0.02204781
70200	-301.9057	-288.2851	-13.62058	1.553601	0.04632997
70400	-303.4137	-291.8032	-11.61047	1.383675	0.01721774
70600	-301.1976	-286.7995	-14.39814	1.580243	0.09839211
70800	-305.0389	-291.9931	-13.04584	1.438542	0.09769654
71000	-301.0597	-284.8783	-16.18139	1.815314	0.04261917
71200	-302.2974	-289.0237	-13.2737	1.557372	0.009959267
71400	-303.2932	-289.4628	-13.83041	1.39204	0.2234439
71600	-302.965	-285.8205	-17.1445	1.881597	0.06947818
71800	-305.0596	-288.6134	-16.44621	1.570447	0.291809
72000	-304.1852	-289.5181	-14.66706	1.398859	0.2932683
72200	-303.4143	-287.7675	-15.64679	1.517281	0.2770731
72400	-300.7448	-287.43	-13.31479	1.570305	0.001885124
72600	-302.6675	-287.6367	-15.03075	1.642259	0.09853081
72800	-302.6904	-287.4854	-15.20504	1.652236	0.1035989
73000	-301.0255	-288.5306	-12.49489	1.451097	0.03798205
73200	-301.2088	-286.352	-14.85682	1.708783	0.01689214
73400	-304.8295	-290.421	-14.40846	1.385368	0.2865855
73600	-302.0034	-285.8229	-16.18054	1.715355	0.1384937
73800	-302.4997	-287.7097	-14.79002	1.618315	0.09780428
74000	-302.5221	-284.8928	-17.62926	1.852695	0.1479686
74200	-301.8605	-289.3832	-12.47724	1.46118	0.02640482
74400	-301.1536	-287.6163	-13.53734	1.544074	0.0499621
74600	-304.5874	-294.5567	-10.0307	1.222776	0.01972725
74800	-304.8504	-288.587	-16.26342	1.763001	0.0960727
75000	-300.6361	-286.8627	-13.77342	1.617277	0.0008269418
75200	-301.3741	-285.2663	-16.10781	1.749884	0.0992093
75400	-306.726	-289.4455	-17.28051	1.931582	0.03514692
75600	-303.5945	-286.1147	-17.47978	1.904455	0.07928959
75800	-303.6731	-287.2043	-16.46876	1.825272	0.06212254
76000	-303.9411	-286.994	-16.94712	1.826155	0.1015496
76200	-305.6408	-288.5495	-17.0913	1.849097	0.0944337
76400	-303.0985	-284.966	-18.13251	1.91512	0.1335755
76600	-302.1991	-285.7045	-16.49458	1.87742	0.01223696
76800	-303.2963	-284.0452	-19.25112	1.964446	0.1976137
77000	-304.3792	-287.9155	-16.46371	1.886144	0.0009398488
77200	-300.4839	-287.5262	-12.95778	1.530395	0.00597064
77400	-302.4136	-289.1291	-13.28451	1.536914	0.02999494
77600	-306.5862	-289.7706	-16.81563	1.59766	0.3140023
77800	-303.8259	-289.9245	-13.90139	1.495505	0.1272565
78000	-303.4731	-287.3318	-16.14128	1.653682	0.1923201
78200	-300.8797	-284.6105	-16.26919	1.844057	0.02349792
78400	-301.4669	-285.0589	-16.40808	1.848801	0.03220614
78600	-300.9839	-286.9429	-14.04103	1.634599	0.009792685
78800	-303.4772	-285.5543	-17.92289	1.92764	0.09956447
79000	-303.0951	-287.9688	-15.12636	1.704478	0.04649361
79200	-302.1099	-284.8384	-17.27157	1.841548	0.1232336
79400	-301.5602	-286.8304	-14.72976	1.638603	0.07154357
79600	-305.3278	-290.6764	-14.65138	1.45946	0.2258954
79800	-302.8463	-289.3769	-13.4694	1.577474	0.01017878
80000	-302.3619	-284.1067	-18.25518	1.990871	0.0752406
80200	-303.3867	-283.9339	-19.45285	2.010882	0.1747962
80400	-302.5568	-286.9052	-15.65158	1.60309	0.2009948
80600	-301.1544	-287.0839	-14.07056	1.555524	0.09032947
80800	-300.8919	-287.3998	-13.49212	1.564152	0.02465526
81000	-300.8401	-285.6218	-15.21833	1.697521	0.06392324
81200	-302.8394	-289.2883	-13.55106	1.412021	0.1787484
81400	-301.8802	-286.027	-15.85318	1.761242	0.06182887
81600	-301.008	-286.7554	-14.2526	1.642155	0.02309836
81800	-302.4796	-286.338	-16.14155	1.817337	0.0352616
82000	-305.0408	-283.038	-22.00285	2.32111	0.1190831
82200	-301.0458	-286.1915	-14.85427	1.712342	0.01372438
82400	-302.7951	-288.3941	-14.40102	1.52539	0.1461894
82600	-301.0207	-288.3608	-12.65993	1.471818	0.03437312
82800	-305.4643	-294.2981	-11.16618	1.29658	0.05555874
83000	-304.3738	-287.5448	-16.82902	1.737152	0.177702
83200	-302.5473	-286.6994	-15.84795	1.787111	0.03696011
83400	-303.9455	-283.1479	-20.79763	2.24932	0.07202426
83600	-304.1256	-285.8734	-18.25217	1.975598	0.08538284
83800	-301.082	-288.0232	-13.05883	1.536065	0.0100302
84000	-303.4231	-284.596	-18.82704	1.999986	0.1205384
84200	-304.3189	-286.3137	-18.00527	2.012492	0.0266111
84400	-301.4059	-288.8578	-12.54818	1.42414	0.06946165
84600	-301.2727	-286.8378	-14.43494	1.595127	0.08571238
84800	-303.3988	-286.1647	-17.23413	1.936683	0.02553945
85000	-302.1739	-286.2087	-15.96526	1.660262	0.1713624
85200	-302.0306	-288.9164	-13.11421	1.493313	0.05609973
85400	-303.6198	-288.2023	-15.41748	1.602871	0.1685687
85600	-304.3431	-287.0971	-17.24599	1.712207	0.24011
85800	-304.9572	-290.8467	-14.11043	1.435766	0.2070761
86000	-303.5377	-284.6336	-18.90415	1.907852	0.2163635
86200	-301.8334	-288.2901	-13.54324	1.526378	0.06615862
86400	-303.4855	-286.5304	-16.95514	1.63626	0.294306
86600	-304.769	-285.5468	-19.22221	1.805776	0.3430079
86800	-302.3706	-288.3266	-14.044	1.469931	0.1712512
87000	-303.0462	-289.6001	-13.44615	1.501307	0.08037992
87200	-301.7024	-288.8842	-12.81823	1.454809	0.06576299
87400	-301.2774	-288.4607	-12.81671	1.490909	0.03017606
87600	-301.3229	-287.612	-13.71086	1.606432	0.005382874
87800	-302.1246	-285.1389	-16.98573	1.762715	0.1732857
88000	-302.6723	-284.6542	-18.01806	1.910523	0.1282003
88200	-303.8796	-293.7912	-10.08841	1.234818	0.01414002
88400	-301.7782	-285.7305	-16.04771	1.715858	0.1284796
88600	-302.4473	-285.7131	-16.73418	1.889765	0.02319932
88800	-301.5132	-284.8075	-16.70571	1.839402	0.06997148
89000	-302.359	-287.1106	-15.24845	1.751565	0.0142789
89200	-302.7086	-290.9984	-11.71023	1.361022	0.05037642
89400	-305.3897	-283.5971	-21.79264	2.366483	0.05241029
89600	-300.4233	-285.8428	-14.58046	1.680055	0.01845573
89800	-302.4306	-286.9945	-15.43615	1.656557	0.1228908
90000	-303.538	-283.5876	-19.95036	2.228368	0.00730766
90200	-302.8359	-287.0789	-15.75696	1.739998	0.07421442
90400	-302.3255	-290.1673	-12.15819	1.367266	0.08770952
90600	-302.9769	-289.1197	-13.85713	1.456462	0.1599165
90800	-301.2522	-286.9851	-14.26714	1.589322	0.07500989
91000	-303.9282	-292.6115	-11.31667	1.249427	0.1187095
91200	-301.8051	-289.0415	-12.76355	1.489996	0.02553844
91400	-303.9093	-286.1063	-17.80307	1.776269	0.245037
91600	-302.8907	-283.7267	-19.16393	2.062161	0.09407067
91800	-303.1235	-284.6803	-18.4432	1.870938	0.2129616
92000	-301.5272	-289.7474	-11.77977	1.38541	0.03178907
92200	-300.8938	-286.4705	-14.42331	1.672789	0.009964184
92400	-302.3898	-285.2292	-17.16064	1.890822	0.06320455
92600	-302.8297	-286.2623	-16.56741	1.788661	0.1031859
92800	-303.2437	-287.1159	-16.12775	1.762686	0.08644098
93000	-302.7261	-287.3129	-15.41316	1.780475	0.001549585
93200	-300.8829	-288.164	-12.71891	1.481398	0.03007965
93400	-301.4394	-289.1843	-12.25508	1.430778	0.03443424
93600	-306.753	-287.8117	-18.94129	2.001763	0.1234811
93800	-301.4893	-284.9719	-16.51745	1.886986	0.005395232
94000	-303.1524	-288.2953	-14.8571	1.561733	0.1571299
94200	-306.1814	-292.837	-13.34432	1.322702	0.2395601
94400	-302.311	-285.4567	-16.8543	1.781275	0.1398082
94600	-304.9845	-287.6184	-17.36603	1.863888	0.1149837
94800	-300.851	-286.9195	-13.93146	1.576011	0.05609128
95000	-303.1066	-289.3527	-13.75388	1.561394	0.05138689
95200	-304.345	-291.491	-12.85396	1.502874	0.02147052
95400	-301.0553	-286.2251	-14.83014	1.64151	0.08100317
95600	-304.4682	-286.4603	-18.00793	1.889658	0.1430505
95800	-302.9655	-286.0385	-16.92707	1.893437	0.03804219
96000	-301.4515	-285.7635	-15.68793	1.731806	0.0776741
96200	-304.845	-290.322	-14.523	1.63905	0.05438033
96400	-309.4517	-290.846	-18.60567	1.931576	0.1610631
96600	-303.8398	-288.2837	-15.55609	1.535605	0.2505399
96800	-302.4071	-286.6914	-15.71567	1.706012	0.1063871
97000	-302.5131	-287.1303	-15.38282	1.622288	0.1484037
97200	-301.5349	-284.4034	-17.13151	1.942421	0.01129473
97400	-307.1305	-294.7411	-12.38935	1.308906	0.16359
97600	-301.3468	-289.0468	-12.30001	1.469359	0.001383626
97800	-302.2682	-286.1012	-16.16699	1.782584	0.07132009
98000	-303.6605	-288.0076	-15.6529	1.80488	0.001119674
98200	-302.0734	-286.2983	-15.77514	1.726349	0.09211087
98400	-301.1197	-286.4668	-14.6529	1.639441	0.06467199
98600	-305.9576	-290.5969	-15.3607	1.574793	0.1911825
98800	-302.8996	-286.1196	-16.77996	1.811918	0.1040011
99000	-303.4968	-290.874	-12.62284	1.46091	0.04206129
99200	-303.084	-284.2797	-18.80434	1.965902	0.1561321
99400	-301.7381	-287.8816	-13.85652	1.58097	0.0426596
99600	-303.7838	-285.7518	-18.03208	1.715558	0.3200223
99800	-302.7455	-290.7162	-12.02926	1.405504	0.03557434
100000	-305.6316	-287.5973	-18.03429	1.647974	0.3947702
100200	-301.9111	-284.9342	-16.97697	1.803066	0.1326761
100400	-302.3747	-287.3134	-15.06129	1.659765	0.08168145
100600	-300.2984	-285.9614	-14.33697	1.670009	0.004369096
100800	-304.0245	-289.5839	-14.44051	1.47002	0.204574
101000	-302.5549	-286.3172	-16.23779	1.780243	0.08524651
101200	-302.4492	-283.8686	-18.58061	2.054172	0.04373186
101400	-302.4062	-286.6185	-15.78774	1.747994	0.0672842
101600	-305.593	-285.645	-19.94804	2.161352	0.0719216
101800	-302.0642	-283.8074	-18.25679	2.012933	0.05273909
102000	-306.0518	-293.4611	-12.59067	1.241546	0.2518583
102200	-301.2568	-285.6128	-15.64401	1.796324	0.00860196
102400	-302.2557	-284.8128	-17.44289	1.844933	0.1363355
102600	-302.3889	-284.7533	-17.63559	1.965602	0.03858452
102800	-304.3107	-286.034	-18.2767	1.82618	0.2282988
103000	-301.4463	-286.2197	-15.22666	1.738798	0.02401638
103200	-304.1882	-290.9666	-13.2216	1.358586	0.1954297
103400	-303.8196	-285.2358	-18.58387	1.843544	0.2491527
103600	-300.5148	-287.3315	-13.18335	1.558403	0.0007186736
103800	-305.2635	-293.7798	-11.48366	1.376428	0.01222999
104000	-304.494	-290.941	-13.55299	1.493238	0.09472196
104200	-304.8201	-283.4334	-21.38672	2.29153	0.08643958
104400	-303.6024	-285.2425	-18.35991	1.753764	0.3192304
104600	-301.8454	-289.6802	-12.16521	1.405759	0.04913798
104800	-302.1233	-286.5726	-15.55066	1.696209	0.09765788
105000	-304.3723	-285.4516	-18.92075	1.807167	0.3183535
105200	-302.8844	-286.633	-16.25139	1.777537	0.08451216
105400	-302.1582	-284.0457	-18.11251	2.02187	0.03044933
105600	-305.3291	-289.7573	-15.57174	1.601729	0.182474
105800	-302.3582	-286.1289	-16.22936	1.826861	0.03477941
106000	-303.0792	-286.5491	-16.53005	1.775798	0.1136406
106200	-303.4011	-287.4464	-15.95475	1.718817	0.11107
106400	-303.7941	-290.4257	-13.36841	1.461818	0.1143881
106600	-303.9012	-285.9054	-17.99577	1.952035	0.08264942
106800	-303.6902	-283.9276	-19.76264	2.003438	0.2119783
107000	-307.1001	-286.7132	-20.38687	1.780048	0.4661783
107200	-302.2659	-286.9053	-15.36065	1.704282	0.06830427
107400	-305.9409	-291.5995	-14.34141	1.553151	0.1144499
107600	-302.2194	-289.5702	-12.64921	1.420924	0.07994579
107800	-303.156	-288.0883	-15.06773	1.678967	0.06781611
108000	-301.1447	-284.6551	-16.48954	1.857209	0.03197923
108200	-303.3521	-284.9096	-18.44247	2.020827	0.06135642
108400	-303.8874	-284.558	-19.32933	2.132209	0.04056861
108600	-302.0236	-291.2065	-10.81705	1.319162	0.003150423
108800	-307.5451	-283.7588	-23.78632	2.136278	0.4756231
109000	-302.8129	-286.2637	-16.54924	1.751428	0.136414
109200	-308.1178	-282.5944	-25.52343	2.762646	0.03104516
109400	-303.0368	-286.9568	-16.08005	1.601003	0.2428472
109600	-302.1703	-285.3495	-16.82079	1.842768	0.07844297
109800	-301.8363	-285.4249	-16.41134	1.86302	0.01869526
110000	-302.4868	-286.2954	-16.19143	1.749368	0.1051853
110200	-300.7888	-286.5549	-14.23387	1.604144	0.05842003
110400	-301.7943	-286.8869	-14.90732	1.600522	0.127646
110600	-301.8025	-287.9702	-13.83231	1.532	0.08719828
110800	-302.2093	-285.5628	-16.64654	1.846636	0.05681423
111000	-301.991	-287.1907	-14.80029	1.693984	0.02692387
111200	-303.1219	-285.2137	-17.90818	2.011132	0.01941041
111400	-303.0419	-287.7199	-15.32204	1.535041	0.2347218
111600	-301.8942	-285.3694	-16.5248	1.77787	0.1146856
111800	-301.4416	-284.3315	-17.11012	1.941325	0.01022171
112000	-303.0177	-285.9529	-17.06488	1.834526	0.1087727
112200	-302.8064	-288.008	-14.79841	1.543495	0.1679086
112400	-302.6885	-283.2174	-19.4711	2.160032	0.02780863
112600	-300.5169	-286.3595	-14.15743	1.649087	0.007309148
112800	-302.1075	-289.5102	-12.59725	1.411473	0.08746655
113000	-302.6747	-285.9181	-16.75657	1.898962	0.01641326
113200	-300.9972	-284.2169	-16.78031	1.905243	0.01343103
113400	-301.3013	-286.2231	-15.07819	1.658587	0.08708212
113600	-301.4722	-286.0262	-15.44605	1.710539	0.07239682
113800	-303.1136	-285.0621	-18.05146	2.030327	0.01483023
114000	-306.5363	-284.1033	-22.43293	2.369355	0.1160143
114200	-300.8053	-286.9982	-13.80702	1.614372	0.007058349
114400	-301.5879	-288.7897	-12.79823	1.500808	0.0196657
114600	-301.1785	-289.4513	-11.7272	1.407655	0.005583395
114800	-303.2467	-290.3907	-12.85601	1.436392	0.08867989
115000	-300.692	-287.912	-12.77993	1.515728	0.002939609
115200	-302.0787	-288.0754	-14.00324	1.510778	0.1239259
115400	-302.8318	-286.1349	-16.69693	1.706171	0.1962756
115600	-305.1644	-294.1457	-11.01871	1.318186	0.02320559
115800	-305.0599	-289.9364	-15.12351	1.724507	0.02905246
116000	-301.6827	-285.6561	-16.02662	1.805857	0.03789704
116200	-300.7698	-285.4207	-15.34915	1.743359	0.03214708
116400	-302.4266	-289.0553	-13.37133	1.570649	0.006915347
116600	-307.9935	-286.8201	-21.17338	2.187176	0.1664462
116800	-305.4059	-282.7342	-22.67172	2.391329	0.1173029
117000	-303.228	-288.8578	-14.37022	1.565797	0.1033944
117200	-300.7972	-287.4919	-13.30526	1.542678	0.02759429
117400	-302.207	-287.3236	-14.88343	1.728023	0.001058095
117600	-303.299	-284.7145	-18.58449	2.009872	0.08582494
117800	-301.9836	-285.5482	-16.43533	1.777183	0.1061607
118000	-302.0198	-285.706	-16.31375	1.733823	0.1330805
118200	-303.3151	-286.8491	-16.46597	1.573556	0.3061203
118400	-303.6126	-290.0427	-13.56991	1.552348	0.0440303
118600	-303.0187	-286.7411	-16.27755	1.703571	0.1552504
118800	-306.5223	-289.3397	-17.18254	1.717805	0.2228806
119000	-301.8081	-287.075	-14.73307	1.707767	0.005944479
119200	-301.2356	-288.9199	-12.31571	1.422876	0.0480614
119400	-302.2924	-288.3083	-13.98408	1.573252	0.06190991
119600	-304.2405	-284.6379	-19.60267	2.132741	0.0651877
119800	-301.4781	-284.8302	-16.64787	1.84813	0.05589391
120000	-303.5591	-288.4397	-15.11945	1.501313	0.2412096
120200	-303.6984	-286.4133	-17.2851	1.84098	0.120307
120400	-302.0018	-286.5632	-15.43857	1.771276	0.01338038
120600	-301.703	-289.1606	-12.54242	1.447948	0.04449484
120800	-302.6251	-290.487	-12.1381	1.447505	0.00666649
121000	-303.1565	-285.1484	-18.00804	1.783535	0.2509774
121200	-301.7113	-286.0926	-15.61875	1.789929	0.0122982
121400	-303.9041	-284.9237	-18.9804	1.793282	0.3406871
121600	-303.5123	-283.9391	-19.5732	2.040705	0.1537458
121800	-303.6583	-291.3897	-12.26853	1.379883	0.08408796
122000	-303.1056	-289.276	-13.82954	1.40223	0.2136679
122200	-306.0483	-287.5146	-18.53372	1.776242	0.3031965
122400	-301.4265	-286.4105	-15.01597	1.620949	0.118719
122600	-301.8733	-286.8729	-15.00041	1.613877	0.1225605
122800	-302.6789	-290.8363	-11.84259	1.312356	0.1086672
123000	-306.016	-292.7965	-13.2195	1.541065	0.02017529
123200	-301.5619	-288.1384	-13.42351	1.565908	0.0161595
123400	-303.9704	-283.4361	-20.53428	2.146051	0.146193
123600	-308.5873	-289.8497	-18.73761	1.615201	0.4831224
123800	-303.2757	-289.3692	-13.90642	1.58765	0.04263977
124000	-302.8303	-287.1802	-15.65008	1.677885	0.1204134
124200	-302.7587	-284.081	-18.67761	2.025414	0.08305817
124400	-304.3974	-291.2212	-13.17625	1.511125	0.04508716
124600	-301.7149	-288.6916	-13.02327	1.512939	0.02849143
124800	-302.2959	-287.129	-15.16686	1.707769	0.04995252
125000	-300.9173	-285.9216	-14.99577	1.732994	0.007123582
125200	-300.892	-285.5202	-15.37186	1.750745	0.02629365
125400	-301.1019	-285.6136	-15.48831	1.780176	0.009491357
125600	-300.8246	-287.1178	-13.70679	1.608833	0.00250864
125800	-302.4877	-289.5435	-12.9442	1.405114	0.1278459
126000	-304.6793	-287.1947	-17.48455	1.582563	0.3869237
126200	-301.8555	-286.178	-15.67748	1.706954	0.09694625
126400	-303.1167	-285.2558	-17.86088	1.969457	0.05497195
126600	-301.7469	-284.7138	-17.03309	1.844818	0.09696542
126800	-301.5195	-288.4946	-13.02491	1.514869	0.02797056
127000	-302.2685	-288.2013	-14.0672	1.588988	0.05770599
127200	-307.7304	-287.964	-19.76645	2.028685	0.1810632
127400	-301.517	-286.8785	-14.6385	1.637921	0.06339669
127600	-303.1016	-285.5815	-17.52014	1.973447	0.01859772
127800	-301.1968	-288.0782	-13.11863	1.478051	0.07251375
128000	-300.4935	-287.6158	-12.87771	1.512232	0.01597491
128200	-302.3669	-288.2432	-14.12369	1.603687	0.04985491
128400	-303.7045	-283.8055	-19.89893	2.201246	0.02988939
128600	-302.6777	-284.3501	-18.32755	2.059795	0.01394394
128800	-301.7319	-288.2026	-13.52932	1.508524	0.08077967
129000	-302.8632	-287.6067	-15.25644	1.596888	0.1662666
129200	-305.3357	-288.8289	-16.50678	1.72886	0.1494539
129400	-301.6286	-285.9696	-15.65899	1.79784	0.008509929
129600	-301.6931	-284.4909	-17.2022	1.942727	0.01788538
129800	-304.4171	-289.6317	-14.78534	1.388936	0.3217563
130000	-302.671	-288.9882	-13.6829	1.521115	0.08779488
130200	-301.3045	-288.1755	-13.12901	1.520064	0.03295058
130400	-307.908	-294.2718	-13.63614	1.440949	0.1570666
130600	-304.3436	-285.1498	-19.19376	1.760642	0.3935737
130800	-302.5393	-288.5581	-13.98118	1.543588	0.08932318
131000	-302.0368	-286.7626	-15.27418	1.7606	0.007129762
131200	-306.7226	-289.5894	-17.13327	1.833466	0.1131455
131400	-301.9508	-284.4364	-17.51443	1.877818	0.1122713
131600	-300.4182	-285.9717	-14.44653	1.672707	0.0126063
131800	-303.4276	-286.034	-17.39362	1.918056	0.05945439
132000	-304.2176	-286.6015	-17.61611	1.979179	0.02121407
132200	-301.0088	-285.9391	-15.06973	1.666547	0.07949326
132400	-300.5043	-285.7228	-14.78155	1.716098	0.002765458
132600	-304.9353	-284.3935	-20.54186	2.125254	0.1633037
132800	-301.5769	-286.9328	-14.64401	1.587636	0.1131475
133000	-300.891	-286.4102	-14.48077	1.688526	0.0003307604
133200	-304.4024	-283.8357	-20.5667	2.258024	0.03839111
133400	-303.1099	-286.3916	-16.71831	1.741016	0.1631571
133600	-303.583	-285.1012	-18.48176	1.87843	0.2022693
133800	-301.7473	-286.9815	-14.76582	1.671487	0.04349498
134000	-303.5983	-286.2375	-17.36081	1.843085	0.1270123
134200	-308.5766	-295.6482	-12.92841	1.4565	0.07312096
134400	-305.7954	-288.1569	-17.63854	1.637899	0.3583871
134600	-303.5983	-285.0738	-18.52448	1.789417	0.2986076
134800	-302.5673	-286.0816	-16.48562	1.849975	0.03702741
135000	-302.5639	-286.6576	-15.90628	1.772395	0.05632412
135200	-301.7077	-285.5249	-16.18279	1.800674	0.0565395
135400	-300.6446	-286.9075	-13.73704	1.590528	0.02321991
135600	-303.5819	-286.0034	-17.57842	1.969192	0.02822466
135800	-302.5443	-287.8787	-14.6656	1.549882	0.1504141
136000	-301.9134	-284.6296	-17.28378	1.894392	0.07330129
136200	-303.5857	-290.5664	-13.01922	1.476413	0.06157423
136400	-304.0076	-290.8227	-13.18489	1.509988	0.04747974
136600	-303.7007	-289.1264	-14.57428	1.617868	0.07947101
136800	-302.5029	-286.728	-15.7749	1.73458	0.07902307
137000	-302.1222	-284.6727	-17.44945	1.967787	0.01782247
137200	-302.0182	-286.5989	-15.4193	1.741205	0.03917261
137400	-300.9597	-285.9794	-14.98035	1.719989	0.01809381
137600	-302.6013	-288.7877	-13.81363	1.534651	0.08195024
137800	-302.5773	-284.1027	-18.47459	2.049395	0.03812704
138000	-300.6086	-285.9325	-14.67612	1.694615	0.01330759
138200	-301.9961	-287.0806	-14.91558	1.568112	0.1580561
138400	-301.8052	-289.7923	-12.01286	1.428392	0.01286366
138600	-301.6132	-287.3608	-14.25239	1.597076	0.06528941
138800	-301.7032	-284.9266	-16.77663	1.874121	0.04317923
139000	-304.1365	-286.026	-18.1105	1.885039	0.1660374
139200	-302.6892	-289.3777	-13.31159	1.472267	0.09616439
139400	-302.2723	-289.1453	-13.12707	1.53945	0.01334585
139600	-303.0962	-284.7747	-18.32154	1.897593	0.1692259
139800	-303.3732	-285.9938	-17.37936	1.68646	0.2855604
140000	-312.6251	-284.731	-27.89411	2.719516	0.3031772
140200	-300.6856	-287.8292	-12.85644	1.524507	0.001902233
140400	-301.2392	-285.5907	-15.64847	1.770307	0.03502085
140600	-303.4887	-283.5105	-19.9782	2.144118	0.093374
140800	-305.8666	-285.0712	-20.79532	2.005423	0.2997189
141000	-302.8925	-290.5669	-12.32562	1.466012	0.006806203
141200	-301.8875	-284.1473	-17.74028	2.001547	0.01322359
141400	-305.962	-295.0816	-10.8804	1.316021	0.0122427
141600	-304.7534	-290.1751	-14.57824	1.526218	0.1662991
141800	-303.1265	-284.7908	-18.33569	1.959923	0.1098388
142000	-302.0189	-289.4065	-12.61232	1.467666	0.03260079
142200	-303.5265	-293.5344	-9.992082	1.206657	0.03242074
142400	-304.4401	-291.3443	-13.09582	1.508916	0.03817831
142600	-302.692	-290.0054	-12.68658	1.445727	0.05946859
142800	-303.3092	-287.323	-15.98619	1.653783	0.1739217
143000	-300.8229	-285.6385	-15.18443	1.741217	0.01736315
143200	-301.7193	-286.2651	-15.45418	1.650196	0.1319642
143400	-306.0901	-285.9626	-20.12754	2.087002	0.160177
143600	-302.2263	-287.9462	-14.28013	1.609577	0.0559666
143800	-303.3497	-291.934	-11.41567	1.29283	0.0875487
144000	-303.5085	-284.3121	-19.19644	1.902243	0.2555629
144200	-305.733	-286.6844	-19.04862	2.065241	0.07788856
144400	-300.4455	-287.3911	-13.05437	1.541541	0.004546899
144600	-301.0583	-286.4062	-14.65203	1.639148	0.06445165
144800	-304.2154	-288.729	-15.48639	1.660242	0.1204133
145000	-303.1204	-291.5872	-11.53315	1.360828	0.03109135
145200	-301.6223	-287.0179	-14.60439	1.67701	0.02296702
145400	-304.6155	-294.1323	-10.48319	1.228558	0.05979689
145600	-302.0697	-285.5091	-16.56059	1.762906	0.130059
145800	-305.7344	-284.962	-20.77232	1.883286	0.4334887
146000	-306.5318	-290.0243	-16.50756	1.838922	0.04951852
146200	-302.146	-286.1646	-15.98141	1.749482	0.08589696
146400	-301.0473	-287.0438	-14.00347	1.607454	0.03280239
146600	-301.1697	-289.4762	-11.69349	1.406824	0.003174999
146800	-303.2434	-288.7953	-14.44815	1.543996	0.1328052
147000	-304.5898	-293.0151	-11.57472	1.221724	0.1682241
147200	-301.5165	-288.3823	-13.13413	1.54843	0.005409485
147400	-302.5154	-287.6461	-14.86928	1.542643	0.1827473
147600	-301.032	-286.5605	-14.47143	1.619169	0.06799491
147800	-300.8011	-286.3464	-14.45475	1.661723	0.02371049
148000	-301.524	-288.605	-12.91892	1.466358	0.06488778
148200	-303.3636	-286.61	-16.75362	1.722595	0.1825217
148400	-305.9675	-287.8912	-18.07629	2.022549	0.02530743
148600	-305.4602	-284.634	-20.82618	2.130885	0.1835939
148800	-303.5451	-286.7205	-16.82452	1.615461	0.2946213
149000	-303.3177	-286.3927	-16.92502	1.855308	0.07269392
149200	-302.8497	-288.7929	-14.05686	1.63292	0.01336116
149400	-301.0974	-286.598	-14.49931	1.67069	0.01906029
149600	-301.9547	-284.2184	-17.73629	2.00217	0.01196848
149800	-303.0168	-287.8193	-15.19757	1.70565	0.05222069
150000	-301.765	-286.9008	-14.86411	1.657549	0.06889024
150200	-303.1075	-289.0353	-14.07219	1.588363	0.05463361
150400	-301.6644	-287.1252	-14.5391	1.640957	0.05071781
150600	-302.7194	-285.0937	-17.62563	1.914801	0.08684575
150800	-303.6862	-291.54	-12.14619	1.438414	0.01612937
151000	-302.9661	-285.2085	-17.75757	1.825075	0.1858756
151200	-302.0411	-284.7305	-17.31063	1.966931	0.004745271
151400	-305.124	-286.4369	-18.6871	2.025749	0.07924198
151600	-300.5861	-287.0879	-13.49817	1.574474	0.01550918
151800	-301.3331	-287.7197	-13.61336	1.57403	0.02668004
152000	-304.4728	-289.9222	-14.55065	1.550893	0.1378663
152200	-302.1514	-286.3187	-15.83275	1.700282	0.1185679
152400	-303.9223	-284.3066	-19.61568	1.997243	0.1997137
152600	-300.5737	-286.1899	-14.38384	1.649732	0.02855991
152800	-305.8476	-289.5726	-16.27501	1.827467	0.03823223
153000	-300.6818	-286.324	-14.35779	1.636569	0.03926847
153200	-301.1797	-287.8762	-13.30351	1.549927	0.02073599
153400	-303.4974	-288.7616	-14.73578	1.63313	0.08234356
153600	-303.1051	-285.1622	-17.94295	2.032749	0.002212924
153800	-302.4859	-285.9108	-16.57516	1.844746	0.05343234
154000	-303.9495	-288.393	-15.5565	1.747732	0.04732391
154200	-303.3663	-285.3526	-18.01373	1.914894	0.1209273
154400	-301.165	-286.6086	-14.55642	1.625546	0.0680304
154600	-300.6543	-285.2185	-15.43578	1.765798	0.01812855
154800	-303.2401	-289.6553	-13.5848	1.468001	0.1227893
155000	-302.5189	-284.4433	-18.07559	2.029613	0.01835156
155200	-302.4098	-287.4978	-14.91202	1.725236	0.006459845
155400	-308.7091	-291.1629	-17.54629	1.717572	0.2615147
155600	-302.8926	-288.0645	-14.82814	1.583934	0.1352383
155800	-303.6664	-285.7876	-17.87872	1.987166	0.04136001
156000	-305.9293	-288.9264	-17.00296	1.583322	0.331566
156200	-303.4097	-284.7462	-18.66348	2.096651	0.01010896
156400	-301.7209	-290.0066	-11.7143	1.373621	0.03741378
156600	-302.9132	-287.3778	-15.53533	1.652283	0.133888
156800	-307.5377	-293.2739	-14.26381	1.338631	0.3255701
157000	-303.8956	-292.8692	-11.02641	1.307499	0.03510026
157200	-301.3782	-286.028	-15.35014	1.730254	0.04363173
157400	-300.4154	-285.9826	-14.43284	1.669593	0.01414185
157600	-301.0238	-286.6588	-14.36501	1.657969	0.0192991
157800	-301.8164	-291.1814	-10.63499	1.301341	0.002838838
158000	-302.5778	-287.5813	-14.99651	1.522956	0.2089284
158200	-300.8833	-287.4776	-13.40575	1.56428	0.01659848
158400	-302.142	-283.4997	-18.64231	2.084327	0.02072143
158600	-300.4753	-285.8111	-14.66413	1.684451	0.02244842
158800	-302.7658	-286.2535	-16.51226	1.86099	0.02973577
159000	-303.1244	-289.4806	-13.64375	1.436582	0.158416
159200	-305.4566	-288.7921	-16.66452	1.882276	0.02336757
159400	-306.209	-293.636	-12.57296	1.472355	0.0248432
159600	-303.6507	-292.7979	-10.85277	1.324622	0.001349641
159800	-304.8701	-286.109	-18.76115	1.82616	0.2753213
160000	-304.0039	-289.3558	-14.64802	1.680556	0.02346468
160200	-302.1339	-284.8542	-17.27972	1.907091	0.06003717
160400	-303.0976	-292.1059	-10.99176	1.264299	0.07309209
160600	-304.8447	-286.7492	-18.09545	1.763678	0.2700748
160800	-300.6022	-286.3104	-14.29187	1.666267	0.003616945
161000	-301.0791	-285.4831	-15.59598	1.737725	0.06081773
161200	-301.5971	-288.8253	-12.77174	1.506525	0.01091316
161400	-301.4846	-285.4896	-15.99507	1.809516	0.03017324
161600	-304.4838	-288.207	-16.27689	1.731245	0.135145
161800	-301.3653	-285.791	-15.57429	1.796	0.002141446
162000	-302.8492	-285.9176	-16.9316	1.833274	0.09536493
162200	-301.7021	-288.4398	-13.2623	1.50451	0.05993624
162400	-300.8142	-285.893	-14.92125	1.717888	0.01443707
162600	-301.3155	-287.6981	-13.61737	1.573517	0.02774186
162800	-303.2872	-288.8001	-14.4871	1.513115	0.1646425
163000	-301.2391	-285.862	-15.37714	1.759289	0.01845187
163200	-303.9936	-292.9542	-11.03945	1.255991	0.08275728
163400	-302.0735	-290.2312	-11.84233	1.387968	0.03509791
163600	-301.37	-288.3829	-12.98711	1.455148	0.08161473
163800	-301.6028	-289.2826	-12.32024	1.424861	0.04597019
164000	-301.2127	-287.6329	-13.57984	1.557219	0.04073951
164200	-303.3457	-288.4818	-14.8639	1.664054	0.06387879
164400	-302.7746	-286.2862	-16.48841	1.635875	0.2469883
164600	-304.4004	-286.1705	-18.22992	1.803882	0.2444782
164800	-302.1528	-291.6517	-10.50116	1.278385	0.01203967
165000	-301.9273	-285.0117	-16.91561	1.929553	0.002684796
165200	-305.5068	-283.4449	-22.06187	2.095702	0.3477307
165400	-301.7064	-288.2728	-13.43358	1.462733	0.1173222
165600	-303.6782	-286.3454	-17.33274	1.881852	0.08785317
165800	-302.7994	-291.8224	-10.97703	1.312499	0.02421495
166000	-301.3052	-288.14	-13.16512	1.547808	0.00892659
166200	-302.3779	-286.2052	-16.17274	1.670213	0.1817638
166400	-301.8747	-285.4987	-16.37604	1.774217	0.1001487
166600	-302.4184	-285.5635	-16.85489	1.827966	0.09434166
166800	-303.7885	-284.0474	-19.74107	2.148801	0.06567572
167000	-302.2616	-288.3334	-13.92823	1.60437	0.02765592
167200	-305.9348	-285.8981	-20.03671	1.831208	0.4113471
167400	-302.3041	-284.5627	-17.74135	2.008778	0.005942932
167600	-301.2594	-289.285	-11.97436	1.436543	0.001655603
167800	-302.9494	-283.9425	-19.00684	2.005936	0.1343151
168000	-301.2519	-284.2749	-16.97698	1.929146	0.009141532
168200	-302.1084	-285.6045	-16.50389	1.796422	0.09227527
168400	-302.4339	-286.7063	-15.72765	1.669874	0.1403952
168600	-303.1918	-286.3754	-16.81636	1.748844	0.1646375
168800	-304.4278	-292.1725	-12.25528	1.332141	0.1254043
169000	-302.1144	-286.1241	-15.99029	1.711	0.1256374
169200	-303.2323	-289.7152	-13.51716	1.398445	0.1909243
169400	-304.3063	-286.5965	-17.70981	1.893631	0.1128892
169600	-303.4426	-288.2227	-15.21992	1.746264	0.01562551
169800	-302.9105	-288.1286	-14.78194	1.649431	0.06592964
170000	-303.2438	-286.3339	-16.90993	1.677002	0.248371
170200	-305.761	-292.2948	-13.46615	1.556781	0.02961524
170400	-304.2068	-289.606	-14.60081	1.466144	0.2185976
170600	-301.9099	-286.0128	-15.89715	1.766081	0.06141211
170800	-303.3853	-289.1253	-14.26001	1.623518	0.04299878
171000	-301.5699	-285.8398	-15.73013	1.720083	0.09190127
171200	-303.3779	-285.0873	-18.29058	2.040101	0.02818512
171400	-303.029	-286.551	-16.47802	1.789666	0.0926183
171600	-302.8434	-286.7253	-16.1181	1.662905	0.1894749
171800	-303.6822	-289.1227	-14.55952	1.672874	0.02199203
172000	-301.1747	-287.491	-13.68374	1.555331	0.05133503
172200	-301.7608	-284.8834	-16.87744	1.879176	0.04771567
172400	-300.5111	-286.4419	-14.06929	1.618552	0.02866511
172600	-303.8044	-287.7679	-16.03643	1.770598	0.0672983
172800	-301.3625	-285.256	-16.10648	1.845596	0.00561311
173000	-301.6463	-285.4354	-16.21089	1.747115	0.1125382
173200	-301.4587	-285.8595	-15.59917	1.772469	0.02776188
173400	-304.5128	-284.1461	-20.36669	2.216228	0.06000026
173600	-303.3997	-288.6047	-14.79502	1.517904	0.1899644
173800	-304.7276	-285.2175	-19.51007	1.9408	0.2454489
174000	-301.1368	-286.851	-14.28577	1.64383	0.02465994
174200	-303.1227	-285.5372	-17.58557	1.988416	0.01038217
174400	-303.6743	-285.7087	-17.96563	1.811422	0.2201208
174600	-301.5867	-285.9292	-15.65741	1.737386	0.0661474
174800	-305.6964	-289.0714	-16.62497	1.820363	0.08346225
175000	-302.979	-291.2687	-11.71027	1.318126	0.08855389
175200	-301.8975	-285.9633	-15.93413	1.766601	0.06796021
175400	-301.7481	-288.5306	-13.21748	1.446957	0.1124544
175600	-302.2734	-287.0186	-15.25477	1.766196	7.142707e-05
175800	-301.9693	-291.5453	-10.42404	1.281347	0.001787431
176000	-301.2686	-288.0012	-13.26745	1.540872	0.02641334
176200	-301.4678	-288.7875	-12.68035	1.441579	0.06500271
176400	-302.0925	-285.3769	-16.71562	1.885653	0.0254798
176600	-305.472	-285.3068	-20.16515	2.137781	0.1167404
176800	-305.4922	-286.7932	-18.69899	1.645226	0.4423201
177000	-304.4207	-287.009	-17.41171	1.905624	0.07330666
177200	-303.0013	-284.4372	-18.56409	1.899483	0.1963131
177400	-302.0061	-287.1495	-14.85663	1.607522	0.1133467
177600	-301.2337	-284.6843	-16.54937	1.824588	0.07016416
177800	-307.1904	-288.0978	-19.09257	1.761682	0.37529
178000	-302.8015	-287.7375	-15.06395	1.599892	0.1419286
178200	-302.964	-289.1784	-13.78553	1.595025	0.0231018
178400	-307.2917	-287.0875	-20.2042	2.123509	0.1276791
178600	-307.4921	-286.2346	-21.25744	2.210608	0.1422414
178800	-302.905	-290.6027	-12.30229	1.388507	0.08101675
179000	-302.3383	-288.1618	-14.17645	1.618148	0.04056835
179200	-302.9326	-287.293	-15.63959	1.660436	0.1375966
179400	-303.0006	-284.2492	-18.75144	2.036763	0.07669399
179600	-300.8627	-285.005	-15.85764	1.801987	0.02406358
179800	-300.6708	-285.9626	-14.70815	1.666551	0.04416079
180000	-302.3623	-288.2222	-14.14018	1.545657	0.1029908
180200	-303.157	-291.753	-11.40407	1.287144	0.09081037
180400	-304.4485	-288.1274	-16.32118	1.660228	0.2150916
180600	-300.2948	-286.3632	-13.9316	1.621835	0.01191622
180800	-301.4734	-284.4381	-17.03533	1.872606	0.07118965
181000	-302.5358	-288.1499	-14.3859	1.53059	0.1437067
181200	-302.7315	-286.3745	-16.35695	1.6496	0.2230925
181400	-301.1	-284.7002	-16.39974	1.83761	0.04260822
181600	-309.3492	-286.3133	-23.03586	2.533812	0.01030698
181800	-303.0726	-288.0433	-15.02935	1.548772	0.193958
182000	-301.045	-289.255	-11.79003	1.419446	0.0003356261
182200	-301.9782	-285.4088	-16.56941	1.836996	0.060724
182400	-302.9541	-289.0868	-13.86731	1.488233	0.1386439
182600	-301.0006	-285.4365	-15.56413	1.785345	0.01141273
182800	-305.3991	-283.8473	-21.55178	2.194606	0.2029118
183000	-300.7147	-286.5688	-14.14594	1.621799	0.03310529
183200	-304.3087	-288.5871	-15.72159	1.60697	0.20228
183400	-307.5713	-289.2867	-18.28455	1.932187	0.1292996
183600	-303.2198	-289.8379	-13.38196	1.41503	0.1609695
183800	-300.7838	-288.2002	-12.58358	1.470258	0.02794065
184000	-302.8955	-284.4725	-18.42296	1.966386	0.1128962
184200	-301.6638	-290.2798	-11.38401	1.361844	0.01703438
184400	-308.1502	-288.0651	-20.08505	1.603669	0.6465357
184600	-307.0395	-290.2273	-16.81221	1.569733	0.3334708
184800	-301.2297	-285.821	-15.40876	1.761287	0.01947859
185000	-302.2912	-284.9795	-17.31169	1.796503	0.1710215
185200	-302.1992	-285.1066	-17.0926	1.839552	0.1065734
185400	-300.9526	-286.4879	-14.46473	1.660874	0.02534022
185600	-308.3096	-293.4979	-14.81177	1.538596	0.1716354
185800	-300.9496	-287.7679	-13.18172	1.505951	0.05199189
186000	-303.59	-292.4888	-11.10117	1.286825	0.0618275
186200	-304.9848	-287.2119	-17.77296	1.756482	0.2416106
186400	-301.448	-285.3441	-16.10392	1.806181	0.04400541
186600	-300.8141	-284.6442	-16.1699	1.853559	0.004126141
186800	-303.6004	-284.5134	-19.08697	2.032541	0.1125824
187000	-301.6185	-286.528	-15.09045	1.639257	0.1061369
187200	-305.4672	-287.7735	-17.6937	1.570251	0.4151373
187400	-302.5482	-289.5454	-13.00283	1.402586	0.1316936
187600	-301.9814	-286.8447	-15.13666	1.689308	0.0616736
187800	-302.9131	-290.7926	-12.12046	1.326262	0.1229759
188000	-302.4396	-285.7005	-16.73916	1.819112	0.09092757
188200	-303.7606	-289.3079	-14.45269	1.46954	0.2021201
188400	-302.0008	-289.3663	-12.63452	1.461324	0.04255319
188600	-302.4914	-286.2971	-16.19429	1.838105	0.02124247
188800	-302.2053	-284.5108	-17.69459	1.860059	0.1476361
189000	-300.7753	-286.2547	-14.52059	1.654512	0.03744139
189200	-303.4122	-284.0605	-19.35168	1.984661	0.188384
189400	-305.0187	-289.9647	-15.05399	1.742079	0.003986325
189600	-302.4409	-286.1139	-16.32699	1.821529	0.04953846
189800	-301.4869	-286.3616	-15.12526	1.625265	0.1243926
190000	-301.6989	-287.7325	-13.96648	1.622605	0.01394176
190200	-303.0945	-283.5897	-19.50478	2.168042	0.02297406
190400	-301.0374	-286.9366	-14.10084	1.59918	0.05129259
190600	-302.8506	-285.8892	-16.96136	1.688146	0.2452281
190800	-306.0257	-285.4605	-20.56524	2.076826	0.2070913
191000	-302.0038	-284.0567	-17.94711	1.952953	0.08220988
191200	-303.424	-284.8299	-18.5942	1.962986	0.1325103
191400	-302.4077	-284.9401	-17.46765	1.890709	0.09344322
191600	-302.4108	-286.2626	-16.14821	1.788635	0.06324391
191800	-301.8582	-285.9668	-15.89134	1.808996	0.01990866
192000	-302.2918	-287.5098	-14.78198	1.52995	0.1826734
192200	-308.2509	-286.5539	-21.69705	2.236397	0.1706125
192400	-307.8847	-285.3066	-22.57811	2.48195	0.0163602
192600	-309.6243	-286.6213	-23.00299	1.757792	0.7397278
192800	-302.6669	-284.0795	-18.58739	2.038946	0.06036425
193000	-308.4951	-286.1535	-22.34157	2.268646	0.2018453
193200	-304.4633	-285.1864	-19.27681	2.06721	0.09683476
193400	-300.9655	-287.1358	-13.8297	1.61747	0.005972007
193600	-303.888	-292.2428	-11.64523	1.385522	0.01908323
193800	-303.4806	-288.7698	-14.71085	1.430195	0.2736146
194000	-304.4921	-285.9964	-18.49565	2.03725	0.0492964
194200	-301.981	-284.2171	-17.76391	1.950874	0.06507472
194400	-303.1766	-290.7586	-12.41802	1.464368	0.01821897
194600	-303.2732	-287.5706	-15.70264	1.7392	0.06661622
194800	-301.2482	-287.6602	-13.58799	1.580561	0.01857121
195000	-303.4135	-286.6164	-16.79705	1.718377	0.2026401
195200	-301.3906	-285.6278	-15.76284	1.781625	0.0355055
195400	-305.0925	-293.8175	-11.27498	1.316167	0.04756377
195600	-303.637	-284.9914	-18.64556	2.043626	0.05867642
195800	-305.3502	-285.1623	-20.18784	2.117425	0.1342739
196000	-304.1938	-292.0523	-12.14157	1.451256	0.003581114
196200	-305.7212	-292.9759	-12.74523	1.431103	0.0775251
196400	-300.5555	-286.8651	-13.69048	1.571484	0.03738593
196600	-301.1951	-287.821	-13.37412	1.567588	0.01057741
196800	-300.9842	-286.5248	-14.4595	1.650016	0.03516377
197000	-301.0736	-288.2692	-12.80448	1.462817	0.05681148
197200	-304.1166	-287.6573	-16.45935	1.612165	0.2605239
197400	-301.1951	-287.0951	-14.09992	1.650095	0.000657851
197600	-301.9459	-289.4228	-12.52309	1.419331	0.07263444
197800	-302.2573	-285.1424	-17.11491	1.917642	0.03310757
198000	-303.8543	-284.711	-19.14325	1.924266	0.2224831
198200	-302.8192	-288.4742	-14.3451	1.467085	0.204323
198400	-302.187	-286.4331	-15.75391	1.730588	0.08304736
198600	-303.8159	-289.9101	-13.90576	1.62144	0.009159512
198800	-303.4985	-289.7796	-13.71893	1.521242	0.08794099
199000	-302.2903	-287.1215	-15.16879	1.571179	0.180057
199200	-302.8997	-284.1883	-18.7114	1.960978	0.1474061
199400	-303.3665	-289.3724	-13.99405	1.580795	0.05466883
199600	-307.2353	-283.4168	-23.8185	2.582524	0.04122472
199800	-304.2047	-293.8176	-10.38707	1.279375	0.0001168804
200000	-302.5099	-288.5918	-13.91806	1.456077	0.1706532
