Iteration	Posterior	Likelihood	Prior	branch_rates	speciation_rate
0	-305.5592	-287.0787	-18.48052	2.078569	0.01009777
200	-308.3885	-289.4019	-18.98655	2.027333	0.1054143
400	-306.0878	-287.3412	-18.74662	2.013893	0.1014728
600	-308.8069	-289.6332	-19.17365	2.038428	0.1159711
800	-307.9472	-286.5043	-21.44292	2.209219	0.1795031
1000	-311.2243	-287.6253	-23.5989	2.182779	0.4042429
1200	-306.4366	-288.2441	-18.19248	1.979895	0.07871242
1400	-306.1047	-289.129	-16.9757	1.828064	0.11037
1600	-306.2591	-289.6351	-16.62394	1.763871	0.1375366
1800	-308.4322	-287.4398	-20.99232	2.321691	0.01804176
2000	-307.097	-289.0669	-18.03006	1.999168	0.04252841
2200	-313.3126	-296.5048	-16.80787	1.591195	0.3095633
2400	-307.8835	-288.3749	-19.50866	2.078074	0.1116925
2600	-308.8097	-288.1485	-20.66118	2.180774	0.1184263
2800	-305.7294	-290.9288	-14.80064	1.699837	0.02036287
3000	-308.5012	-287.1743	-21.32692	2.241508	0.1286866
3200	-306.6025	-289.5262	-17.07634	1.803534	0.1393269
3400	-307.9803	-291.6976	-16.28266	1.802334	0.06394338
3600	-308.9562	-288.9511	-20.0051	2.184635	0.05287854
3800	-305.3573	-287.4249	-17.93236	1.995852	0.03809203
4000	-308.7505	-287.9393	-20.81123	2.264141	0.05396231
4200	-308.9666	-295.1937	-13.77293	1.570643	0.04822604
4400	-308.0202	-287.4003	-20.61998	2.192088	0.106972
4600	-307.3268	-288.1574	-19.16946	1.933338	0.2241518
4800	-305.8312	-290.5603	-15.27096	1.734356	0.03280848
5000	-307.0481	-291.311	-15.7371	1.662748	0.1470229
5200	-305.4473	-288.2232	-17.22405	1.919316	0.0427028
5400	-305.1446	-287.5467	-17.59787	1.956145	0.04426949
5600	-305.5582	-288.8639	-16.69427	1.894109	0.01538226
5800	-306.4501	-288.1651	-18.28504	2.003768	0.06229708
6000	-310.4754	-290.502	-19.97338	2.161786	0.0701679
6200	-308.6669	-296.9804	-11.68655	1.377513	0.03138527
6400	-305.2604	-290.1194	-15.14102	1.743251	0.0113729
6600	-309.8102	-292.739	-17.07126	1.914016	0.0312331
6800	-314.3563	-286.4034	-27.9529	2.365738	0.6382572
7000	-306.2395	-291.0918	-15.14771	1.719728	0.03510092
7200	-306.4292	-290.2546	-16.17467	1.809064	0.04706134
7400	-312.8793	-288.9378	-23.9415	2.50989	0.1180699
7600	-308.52	-286.3187	-22.20129	2.434567	0.02572484
7800	-306.7882	-287.6981	-19.09011	2.067477	0.07879556
8000	-305.4223	-287.0452	-18.37711	2.062138	0.01604879
8200	-306.2511	-290.4153	-15.83575	1.757211	0.06403938
8400	-306.1934	-288.77	-17.42344	1.965063	0.01775115
8600	-306.7105	-288.8507	-17.85981	1.88208	0.1387136
8800	-308.0701	-288.4682	-19.60187	1.99063	0.2018651
9000	-305.2065	-288.0885	-17.11803	1.929799	0.02219123
9200	-309.7462	-286.8595	-22.88672	2.239221	0.2816299
9400	-315.7755	-288.8909	-26.88463	2.588916	0.3553861
9600	-306.155	-293.1711	-12.98386	1.535861	0.003188033
9800	-306.4352	-289.632	-16.80314	1.860813	0.05965026
10000	-306.7895	-291.7768	-15.01272	1.671784	0.06726763
10200	-310.6262	-287.0071	-23.61908	2.247638	0.3417352
10400	-305.103	-288.5674	-16.53561	1.894195	0.000154638
10600	-306.0301	-289.3002	-16.7299	1.850643	0.06079504
10800	-307.046	-288.6149	-18.43114	1.973493	0.1059839
11000	-306.9538	-289.1645	-17.78926	1.853174	0.1599518
11200	-306.3896	-289.5952	-16.79443	1.769511	0.1500188
11400	-309.4834	-289.6377	-19.84562	2.131781	0.08935418
11600	-308.0572	-289.1865	-18.87064	1.886138	0.2312355
11800	-306.3697	-289.8448	-16.52491	1.807057	0.08266051
12000	-307.6234	-291.9982	-15.62514	1.79459	0.008474332
12200	-305.3635	-288.3864	-16.97711	1.927433	0.01069352
12400	-305.1263	-288.5069	-16.61932	1.864747	0.03718624
12600	-307.015	-291.495	-15.51999	1.625699	0.1626342
12800	-306.7334	-287.7858	-18.94762	2.092672	0.0438994
13000	-304.8947	-288.1054	-16.78926	1.905096	0.01443835
13200	-305.5366	-291.2051	-14.33148	1.664162	0.0096085
13400	-304.8851	-286.9639	-17.92125	2.027686	0.005215153
13600	-307.8345	-291.4723	-16.36213	1.770071	0.1015245
13800	-308.1814	-290.7228	-17.45868	1.83476	0.1446184
14000	-308.5692	-286.9083	-21.66082	2.247978	0.1521095
14200	-313.0352	-288.8873	-24.14797	2.593378	0.05827859
14400	-305.7036	-288.7985	-16.90503	1.870736	0.05843121
14600	-307.3296	-292.8967	-14.43293	1.601696	0.0777229
14800	-310.2079	-289.511	-20.69685	1.971522	0.3266767
15000	-306.5899	-289.1193	-17.47057	1.881621	0.1015528
15200	-305.3525	-288.6741	-16.67848	1.866138	0.04127993
15400	-306.2381	-290.1904	-16.04765	1.80564	0.03801493
15600	-309.2732	-290.0841	-19.18905	2.125788	0.03318403
15800	-305.4844	-290.4566	-15.02774	1.733087	0.0103092
16000	-306.8561	-290.8715	-15.98462	1.776038	0.06398755
16200	-306.2522	-292.6595	-13.59272	1.553722	0.04499814
16400	-309.2434	-286.6481	-22.59538	2.270849	0.2241984
16600	-306.8194	-286.6975	-20.12192	2.171855	0.08199119
16800	-306.1449	-288.8943	-17.25067	1.962345	0.003386418
17000	-305.8992	-287.5317	-18.36755	1.967216	0.108819
17200	-306.9436	-292.9697	-13.97384	1.582193	0.05413618
17400	-306.0983	-288.0623	-18.03602	1.9643	0.07825599
17600	-306.5854	-289.3713	-17.21407	1.816333	0.1403743
17800	-309.1166	-292.7419	-16.3747	1.576848	0.2866544
18000	-305.8548	-287.9189	-17.93592	1.978932	0.05353624
18200	-308.8418	-293.4947	-15.34704	1.761338	0.01357228
18400	-306.7685	-289.7607	-17.00779	1.936803	0.004616959
18600	-304.7936	-288.3504	-16.44314	1.869719	0.01518523
18800	-305.3676	-289.5311	-15.83646	1.784595	0.03979459
19000	-307.3148	-286.3817	-20.93316	2.203037	0.1325527
19200	-305.5868	-289.2855	-16.30126	1.865042	0.00595513
19400	-306.4657	-287.1481	-19.31764	2.155657	0.01730247
19600	-305.7716	-291.9298	-13.84176	1.607938	0.0165468
19800	-307.1015	-289.9198	-17.18165	1.901614	0.05468968
20000	-306.467	-290.5024	-15.96462	1.776639	0.05856038
20200	-305.9138	-290.1721	-15.74177	1.776622	0.03670195
20400	-305.6334	-289.6175	-16.01597	1.783341	0.05780586
20600	-306.5262	-291.1692	-15.35705	1.765471	0.01056015
20800	-311.7321	-297.0464	-14.68573	1.553364	0.1533233
21000	-306.7655	-290.4062	-16.35936	1.812139	0.06106483
21200	-306.6101	-294.1361	-12.47403	1.475288	0.01251389
21400	-307.597	-289.2962	-18.3008	2.05135	0.01966352
21600	-310.2647	-287.0536	-23.21108	2.441518	0.1140472
21800	-309.7531	-288.6607	-21.09243	2.028201	0.3098489
22000	-306.5906	-291.1285	-15.46208	1.749103	0.03738775
22200	-306.0326	-289.5422	-16.49037	1.813891	0.07341949
22400	-307.4627	-286.7665	-20.69619	2.297731	0.01232869
22600	-305.8515	-287.9262	-17.9253	2.014873	0.01769153
22800	-306.4302	-286.995	-19.43516	2.179974	0.004174513
23000	-308.4407	-292.6871	-15.75363	1.570651	0.2344428
23200	-307.383	-293.2315	-14.15155	1.535336	0.119316
23400	-307.6941	-289.8037	-17.89044	1.74918	0.2733797
23600	-305.0176	-289.9149	-15.10273	1.74531	0.005698218
23800	-307.809	-287.2442	-20.5648	2.291362	0.00565568
24000	-306.2927	-288.9114	-17.38131	1.822455	0.1531952
24200	-306.7954	-291.4273	-15.36814	1.752964	0.02388124
24400	-306.7562	-285.9395	-20.81662	2.321815	0.0006533948
24600	-304.8467	-288.0805	-16.76621	1.897397	0.01989776
24800	-308.4666	-290.5536	-17.91306	1.84298	0.1901877
25000	-310.3796	-292.5719	-17.80765	1.884806	0.1266152
25200	-306.9528	-286.1206	-20.83219	2.323865	0.0001462134
25400	-309.4187	-292.5072	-16.91144	1.678628	0.2495529
25600	-309.124	-295.8852	-13.23876	1.499458	0.0618961
25800	-305.9991	-289.0014	-16.99768	1.870116	0.07075254
26000	-309.0813	-291.153	-17.92826	1.932409	0.1042701
26200	-308.8143	-290.397	-18.4173	1.893882	0.1797369
26400	-308.4211	-291.0351	-17.386	1.67055	0.299755
26600	-309.1068	-292.9468	-16.15993	1.555586	0.297741
26800	-305.6224	-290.4361	-15.1863	1.758625	0.0007598345
27000	-306.7071	-291.9821	-14.72496	1.681527	0.03118757
27200	-306.6713	-292.8453	-13.826	1.582181	0.04014486
27400	-306.3697	-289.0195	-17.35022	1.906299	0.06814468
27600	-308.1748	-292.2592	-15.91552	1.816772	0.01435103
27800	-305.0575	-290.5647	-14.49278	1.684373	0.005635482
28000	-308.8259	-288.3592	-20.46667	1.937641	0.3434108
28200	-305.6559	-286.6065	-19.04938	2.08852	0.05746986
28400	-305.3193	-288.8023	-16.51695	1.889009	0.003337119
28600	-307.7662	-287.3733	-20.39288	2.217702	0.06034806
28800	-307.9038	-290.8182	-17.08562	1.80063	0.1425393
29000	-305.3657	-290.1781	-15.18767	1.739065	0.02052055
29200	-306.8267	-285.1679	-21.65883	2.357582	0.04922978
29400	-306.6023	-287.202	-19.40033	2.016603	0.1647176
29600	-306.1563	-292.672	-13.48431	1.588006	0.001158898
29800	-308.8308	-288.6479	-20.18292	1.89105	0.3618508
30000	-306.7756	-285.6379	-21.13779	2.267243	0.08852369
30200	-307.3249	-287.8264	-19.49853	2.117242	0.0713893
30400	-305.1234	-289.3737	-15.74973	1.795788	0.01997082
30600	-305.9924	-290.5613	-15.43114	1.76058	0.02243841
30800	-310.6768	-292.9215	-17.7553	1.599156	0.3982313
31000	-310.11	-286.4891	-23.6209	2.5974	0.005307337
31200	-305.5919	-289.1096	-16.48232	1.849045	0.03953968
31400	-308.1955	-290.126	-18.06953	1.879035	0.1607875
31600	-318.8505	-295.1164	-23.73412	2.010163	0.5738036
31800	-307.5078	-289.0924	-18.41545	1.825411	0.2567942
32000	-306.3093	-286.2941	-20.01518	2.224881	0.01733706
32200	-305.2699	-290.1253	-15.14458	1.736911	0.01792193
32400	-308.0299	-289.6103	-18.41965	1.764703	0.3103032
32600	-309.425	-293.9785	-15.44649	1.673457	0.1133168
32800	-305.7523	-287.3994	-18.35292	1.994429	0.08091966
33000	-312.6216	-288.8332	-23.78838	1.960681	0.6684601
33200	-308.7914	-288.6858	-20.10557	2.234346	0.0165453
33400	-308.2217	-294.3498	-13.87185	1.618657	0.008788157
33600	-306.6103	-285.9592	-20.6511	2.229425	0.07684581
33800	-306.5582	-288.81	-17.74829	1.995899	0.01944487
34000	-306.4141	-288.7541	-17.65995	1.908991	0.09884794
34200	-305.3815	-289.373	-16.00844	1.820489	0.02108428
34400	-307.7572	-287.8036	-19.95362	2.088339	0.1424631
34600	-306.688	-289.9368	-16.75122	1.871025	0.04494206
34800	-306.7489	-287.5449	-19.20405	2.042121	0.1193483
35000	-307.0644	-291.7845	-15.27987	1.749558	0.01831101
35200	-306.6615	-286.6202	-20.04135	2.217332	0.02805104
35400	-307.1604	-287.4179	-19.7425	2.140663	0.07199669
35600	-309.0314	-286.1502	-22.88121	2.334992	0.1876544
35800	-305.693	-287.7303	-17.96261	1.969507	0.06744643
36000	-305.2931	-289.9235	-15.36965	1.750571	0.02642077
36200	-307.3281	-293.3519	-13.97612	1.627077	0.01095143
36400	-310.8131	-294.3801	-16.43301	1.792846	0.08717579
36600	-307.9077	-288.2322	-19.67554	1.889665	0.3166659
36800	-306.7734	-293.1354	-13.63797	1.571561	0.03229559
37000	-310.8175	-286.7807	-24.03678	2.258734	0.3661658
37200	-307.5	-287.9511	-19.54892	1.914441	0.2800509
37400	-305.3963	-288.6001	-16.79618	1.864468	0.05453907
37600	-306.2091	-285.4771	-20.73197	2.313457	0.0005336184
37800	-307.5382	-288.096	-19.44226	2.116809	0.0674732
38000	-310.5507	-286.228	-24.32264	2.414304	0.2499409
38200	-305.9089	-288.4663	-17.44254	1.982745	0.002192455
38400	-306.4057	-288.2547	-18.15098	2.01523	0.04143042
38600	-305.2876	-289.6961	-15.59149	1.755355	0.04370359
38800	-305.7718	-289.178	-16.59375	1.819349	0.07845966
39000	-310.1778	-290.7097	-19.46808	2.012151	0.1676915
39200	-307.2526	-288.4889	-18.76372	1.934485	0.1744014
39400	-305.1594	-288.5843	-16.57514	1.865529	0.03212306
39600	-306.8225	-291.4762	-15.34635	1.761998	0.01315843
39800	-309.4018	-290.7352	-18.66658	2.058827	0.04557518
40000	-309.5016	-286.4486	-23.05306	2.452512	0.08965338
40200	-307.3699	-290.0169	-17.353	1.911404	0.06230977
40400	-304.9198	-287.862	-17.05777	1.940001	0.006446123
40600	-305.9891	-287.2054	-18.78369	2.063166	0.05650316
40800	-306.3797	-288.9173	-17.46241	1.884664	0.09774062
41000	-306.2469	-292.795	-13.45189	1.575109	0.01035096
41200	-306.2294	-290.9602	-15.26921	1.716362	0.04939576
41400	-305.848	-287.0362	-18.81173	2.03747	0.08324768
41600	-308.6972	-290.6595	-18.03768	2.021392	0.02367834
41800	-307.6616	-290.8214	-16.84016	1.791356	0.1269248
42000	-308.5067	-288.9311	-19.57559	2.02634	0.1748912
42200	-311.5943	-285.9981	-25.59617	2.617008	0.1794083
42400	-305.6297	-289.5551	-16.07461	1.805616	0.04153758
42600	-306.9627	-287.1395	-19.8232	2.04068	0.1794283
42800	-306.6776	-288.2988	-18.37878	1.987997	0.08621764
43000	-306.0576	-287.6106	-18.44702	1.956222	0.1275851
43200	-307.6933	-292.0623	-15.63094	1.777559	0.02443996
43400	-304.7885	-288.1889	-16.59954	1.884594	0.01598711
43600	-305.641	-288.6449	-16.99601	1.850761	0.08923701
43800	-306.6701	-286.6612	-20.00892	2.210539	0.03069245
44000	-308.0816	-286.3584	-21.72318	2.406897	0.005984811
44200	-306.8037	-289.8013	-17.0024	1.746508	0.1897575
44400	-306.6953	-290.9094	-15.78592	1.749344	0.0708605
44600	-309.7338	-293.8314	-15.90239	1.761032	0.06379606
44800	-310.009	-289.2849	-20.72401	2.050805	0.2474681
45000	-306.5098	-292.3764	-14.13346	1.653197	0.0009427919
45200	-312.6677	-289.2473	-23.42034	2.342774	0.220819
45400	-305.6077	-289.7997	-15.80797	1.748695	0.07241457
45600	-308.1008	-291.2601	-16.84067	1.822332	0.09897164
45800	-307.8031	-285.7258	-22.07735	2.445095	0.003405638
46000	-305.5426	-286.2358	-19.30674	2.137431	0.03399938
46200	-305.1345	-288.7078	-16.4267	1.851621	0.03111392
46400	-307.5338	-290.3867	-17.14714	1.920033	0.03391473
46600	-306.2329	-288.1975	-18.03544	1.884878	0.1579625
46800	-307.2031	-289.4527	-17.75037	1.916495	0.09502648
47000	-305.749	-285.9879	-19.76108	2.190183	0.02693865
47200	-308.2573	-286.89	-21.3673	2.228961	0.1516328
47400	-307.8172	-289.2465	-18.57066	2.049557	0.0461556
47600	-307.4548	-291.6776	-15.77716	1.639587	0.176236
47800	-306.7461	-290.0369	-16.70913	1.864568	0.04639402
48000	-308.8687	-296.3745	-12.49426	1.425603	0.0612332
48200	-305.9022	-288.9142	-16.98801	1.91587	0.0240575
48400	-308.4231	-286.7445	-21.67859	2.190638	0.2095228
48600	-307.396	-289.0519	-18.34411	1.901685	0.1729742
48800	-309.8036	-296.1458	-13.65783	1.453757	0.1450028
49000	-306.7342	-291.4733	-15.26096	1.702972	0.06171879
49200	-307.3241	-288.8868	-18.43722	2.005454	0.07625095
49400	-309.8328	-293.2484	-16.58446	1.69989	0.1930286
49600	-308.5949	-290.6364	-17.95847	1.873568	0.1591502
49800	-309.6308	-291.1495	-18.4813	2.014618	0.0764081
50000	-306.146	-289.538	-16.60804	1.770739	0.1296588
50200	-309.5295	-288.5417	-20.98781	2.030907	0.3010512
50400	-305.818	-291.9356	-13.88235	1.607624	0.02123682
50600	-306.1512	-291.6016	-14.54963	1.69311	0.002489124
50800	-306.769	-287.3648	-19.40419	2.130719	0.04814104
51000	-305.6689	-289.5708	-16.09811	1.810347	0.03908886
51200	-309.0756	-296.7224	-12.35322	1.450702	0.02553535
51400	-306.2328	-290.7972	-15.43559	1.7581	0.02489591
51600	-305.2797	-288.6966	-16.58313	1.846071	0.05274765
51800	-305.8605	-290.9683	-14.89219	1.727905	0.001997886
52000	-305.1726	-289.5402	-15.63239	1.766238	0.03739123
52200	-305.7936	-286.4409	-19.35271	2.162177	0.01383974
52400	-308.7703	-293.3081	-15.46223	1.6443	0.1371223
52600	-306.0848	-290.7804	-15.30443	1.707007	0.06264022
52800	-308.1574	-290.614	-17.54334	1.895284	0.09442635
53000	-307.2179	-289.9664	-17.25152	1.788447	0.1684935
53200	-307.3417	-286.9235	-20.41815	2.179154	0.1029231
53400	-305.7607	-288.2682	-17.49247	1.924031	0.06560655
53600	-307.3785	-288.2549	-19.12353	2.003261	0.149512
53800	-306.6891	-291.8623	-14.82682	1.717862	0.005395265
54000	-311.014	-297.7591	-13.25489	1.450164	0.1119882
54200	-307.8405	-286.165	-21.67549	2.305419	0.09947718
54400	-309.8372	-295.1077	-14.72946	1.620292	0.08746791
54600	-306.9733	-288.9357	-18.03761	1.873636	0.1676911
54800	-305.9275	-291.8877	-14.0398	1.599628	0.04420596
55000	-306.406	-287.2022	-19.20382	2.064019	0.09464657
55200	-306.5283	-288.0099	-18.51842	2.086414	0.00599979
55400	-307.308	-288.4957	-18.81238	2.059514	0.05988334
55600	-306.7579	-290.7082	-16.04963	1.770055	0.07309145
55800	-305.1258	-289.8322	-15.29361	1.737647	0.03209635
56000	-307.6298	-292.4143	-15.21547	1.592418	0.1619492
56200	-306.7554	-287.0625	-19.69295	2.137423	0.07410369
56400	-305.7254	-288.2	-17.52536	1.955268	0.03677505
56600	-305.8944	-287.0315	-18.86288	2.043086	0.08296051
56800	-305.3872	-287.7973	-17.58981	1.974107	0.02494081
57000	-307.2671	-286.0369	-21.23026	2.322842	0.03975682
57200	-306.0933	-288.9146	-17.1787	1.914295	0.04209476
57400	-305.6845	-286.778	-18.90648	2.097071	0.03411332
57600	-306.3313	-288.4567	-17.87462	1.905052	0.119071
57800	-306.9378	-286.6025	-20.33534	2.170716	0.1039828
58000	-308.3285	-294.4155	-13.91307	1.513364	0.1130734
58200	-306.0549	-288.815	-17.23995	1.96245	0.00234626
58400	-309.862	-291.9095	-17.95247	2.004312	0.03132882
58600	-307.2371	-290.5443	-16.69281	1.753035	0.148338
58800	-305.3596	-286.2747	-19.0849	2.134006	0.01521372
59000	-306.4796	-286.9182	-19.56146	2.154841	0.04095344
59200	-309.209	-287.9196	-21.28932	2.016138	0.3439075
59400	-307.0114	-292.641	-14.37035	1.650631	0.02566127
59600	-307.7244	-291.3847	-16.33967	1.823105	0.05139879
59800	-305.8113	-286.1827	-19.62867	2.151569	0.05223403
60000	-307.3138	-285.0873	-22.22641	2.379605	0.08457994
60200	-307.4512	-284.8385	-22.61274	2.497321	0.004763579
60400	-309.78	-296.0258	-13.75422	1.441184	0.1658457
60600	-311.3468	-288.4164	-22.93035	2.1031	0.4181166
60800	-306.2799	-288.4269	-17.853	1.973431	0.05055851
61000	-307.788	-288.5157	-19.27229	1.997112	0.1708953
61200	-307.1532	-288.6435	-18.50967	2.018096	0.06983961
61400	-306.7237	-287.9792	-18.74445	1.974899	0.1373523
61600	-306.2664	-286.6206	-19.64582	2.08444	0.1198954
61800	-307.9843	-288.7711	-19.21315	2.023098	0.142112
62000	-306.6586	-289.6596	-16.99903	1.922416	0.01868051
62200	-306.3379	-292.471	-13.86691	1.580748	0.04645804
62400	-304.9867	-289.2419	-15.74483	1.787926	0.02713752
62600	-307.2576	-285.6619	-21.59568	2.27796	0.1241501
62800	-310.2668	-294.0935	-16.17327	1.524277	0.32011
63000	-305.3613	-288.8732	-16.48804	1.829876	0.05868229
63200	-309.4758	-295.6081	-13.86769	1.602994	0.02296446
63400	-308.6037	-287.0815	-21.52222	2.056636	0.3282731
63600	-308.2891	-290.1083	-18.18082	1.850694	0.2043817
63800	-309.4446	-285.7713	-23.67327	2.527385	0.07755653
64000	-307.313	-294.7319	-12.58105	1.494172	0.004458111
64200	-307.8192	-292.956	-14.86325	1.664524	0.06009389
64400	-311.1024	-289.7982	-21.30422	1.867313	0.484752
64600	-309.136	-288.8269	-20.30911	2.009221	0.2475211
64800	-305.7105	-289.6169	-16.09355	1.83241	0.01694992
65000	-308.4154	-288.8246	-19.59088	2.162496	0.03549436
65200	-304.7956	-288.8189	-15.97675	1.824384	0.01397535
65400	-307.5823	-287.5353	-20.04708	1.961366	0.2833254
65600	-306.3565	-290.0811	-16.27548	1.735276	0.1290268
65800	-306.7678	-288.6593	-18.10856	1.898826	0.1539568
66000	-310.0383	-288.6055	-21.43275	2.206589	0.1677625
66200	-306.125	-288.4314	-17.69358	1.900694	0.1069713
66400	-306.4048	-290.7682	-15.63655	1.760495	0.04182993
66600	-307.6965	-292.4019	-15.29462	1.728771	0.03910541
66800	-307.1704	-291.2652	-15.90513	1.776559	0.05279197
67000	-305.8449	-288.5376	-17.3073	1.873143	0.09586822
67200	-306.6937	-292.1866	-14.50712	1.666309	0.02363864
67400	-307.7542	-288.2035	-19.55071	1.929629	0.2677373
67600	-305.1193	-289.2193	-15.90005	1.787714	0.04261809
67800	-306.5174	-289.5414	-16.97597	1.761554	0.1748879
68000	-308.6612	-285.088	-23.57321	2.500648	0.100171
68200	-307.7396	-289.674	-18.06564	2.001891	0.04401952
68400	-307.9585	-292.0843	-15.87421	1.682086	0.1388885
68600	-306.9237	-290.1117	-16.81202	1.837508	0.08586209
68800	-309.4868	-292.6302	-16.85663	1.642082	0.2703355
69000	-306.3019	-292.9477	-13.35419	1.539589	0.0354306
69200	-306.6267	-289.6136	-17.0131	1.834854	0.1083139
69400	-308.3641	-290.0701	-18.29404	1.769125	0.2871182
69600	-307.5736	-291.6975	-15.87609	1.793577	0.03270327
69800	-305.6745	-288.0328	-17.6417	1.937264	0.06813035
70000	-307.4325	-294.2643	-13.16822	1.523085	0.0345782
70200	-308.1462	-292.6062	-15.53994	1.771851	0.02124084
70400	-306.5801	-292.0714	-14.50872	1.649508	0.04036391
70600	-305.8202	-288.3326	-17.48758	1.984516	0.004962427
70800	-308.1852	-290.9999	-17.18536	1.862572	0.09124429
71000	-306.0073	-288.937	-17.07022	1.938193	0.009149749
71200	-306.1269	-292.2048	-13.92204	1.609883	0.02200846
71400	-312.7921	-285.6674	-27.12468	2.903604	0.04748406
71600	-304.8501	-288.0927	-16.7574	1.90453	0.0119723
71800	-307.7251	-286.4655	-21.25959	2.353114	0.01386239
72000	-306.5222	-287.0529	-19.46922	2.018711	0.1679076
72200	-306.3294	-285.8737	-20.45571	2.244604	0.04166313
72400	-307.3374	-291.6728	-15.66456	1.775933	0.02994042
72600	-308.3952	-286.888	-21.50718	2.228345	0.156577
72800	-307.5776	-290.4796	-17.09798	1.712362	0.2362214
73000	-305.8479	-290.129	-15.71886	1.765402	0.04519374
73200	-310.5592	-294.885	-15.67424	1.641277	0.1564624
73400	-307.3614	-291.1396	-16.22177	1.666673	0.1920676
73600	-305.9884	-291.4875	-14.50094	1.658117	0.03125967
73800	-305.6879	-290.2339	-15.45394	1.754479	0.03122378
74000	-306.0944	-287.1919	-18.90249	2.028633	0.1032332
74200	-308.0464	-296.4301	-11.61632	1.376744	0.02487034
74400	-308.2666	-294.008	-14.25867	1.529409	0.1339092
74600	-305.7959	-289.7186	-16.07736	1.800274	0.04630423
74800	-308.678	-287.184	-21.49397	2.241874	0.1406454
75000	-307.1155	-287.1527	-19.96283	2.084091	0.1522929
75200	-305.1532	-288.7813	-16.37191	1.830107	0.04760273
75400	-307.3642	-287.9679	-19.39629	1.924188	0.2562976
75600	-311.5841	-286.1474	-25.43671	2.61107	0.1697572
75800	-309.0233	-284.867	-24.15626	2.585594	0.07131512
76000	-306.5463	-290.7516	-15.79472	1.680358	0.1360049
76200	-305.014	-286.6562	-18.35783	2.073572	0.002987509
76400	-306.1798	-289.5809	-16.59889	1.764628	0.1335018
76600	-307.1533	-286.7508	-20.40251	2.097297	0.1814265
76800	-305.2207	-289.8814	-15.33935	1.758038	0.01613457
77000	-305.5625	-286.3386	-19.22392	2.147463	0.01590418
77200	-308.2684	-287.8463	-20.42208	2.221844	0.05820789
77400	-307.5662	-288.3891	-19.17711	2.121441	0.03767046
77600	-304.9489	-287.9987	-16.95022	1.91198	0.0236685
77800	-305.8155	-287.4469	-18.36866	1.980547	0.09581814
78000	-309.8794	-290.8232	-19.05626	1.897215	0.2343172
78200	-307.0309	-286.4781	-20.55278	2.28562	0.01030746
78400	-304.8127	-288.0624	-16.75032	1.912086	0.003674706
78600	-308.303	-291.6474	-16.65555	1.766915	0.1339552
78800	-306.0125	-288.1908	-17.82168	1.917198	0.1048375
79000	-305.866	-289.502	-16.36409	1.837035	0.03822424
79200	-306.5215	-291.0254	-15.49604	1.732627	0.05538773
79400	-305.0055	-289.8248	-15.18069	1.737309	0.02120669
79600	-305.0003	-287.4265	-17.57382	1.980017	0.0179009
79800	-305.7923	-289.1142	-16.67807	1.855894	0.05112365
80000	-309.1221	-296.2616	-12.8605	1.416895	0.1085291
80200	-307.4451	-293.7145	-13.73063	1.554769	0.05650023
80400	-308.0484	-292.3516	-15.69675	1.697814	0.1057779
80600	-309.1496	-286.114	-23.03566	2.511123	0.03185092
80800	-308.4475	-292.9664	-15.48109	1.632748	0.1480275
81000	-306.1747	-289.5781	-16.59667	1.86817	0.0317549
81200	-304.7545	-288.8245	-15.92996	1.826525	0.00713892
81400	-308.1559	-290.2677	-17.88821	1.818747	0.2020686
81600	-307.1383	-288.8114	-18.32689	2.072685	0.0007580575
81800	-306.2473	-287.8054	-18.44181	1.991838	0.09264581
82000	-308.0118	-289.9106	-18.10117	1.805059	0.2393146
82200	-305.8865	-288.8641	-17.02241	1.848174	0.0947015
82400	-306.6827	-289.0792	-17.60343	1.911128	0.08632814
82600	-306.7074	-286.0123	-20.69512	2.207028	0.1032469
82800	-307.8158	-293.4048	-14.41097	1.64704	0.03244527
83000	-306.749	-288.9591	-17.78994	1.89004	0.1245555
83200	-308.4348	-295.4118	-13.02304	1.523917	0.01877892
83400	-305.8032	-288.1123	-17.69091	1.963575	0.04463161
83600	-307.108	-289.6176	-17.49039	1.885221	0.1006181
83800	-314.4977	-295.9298	-18.5679	1.9025	0.1858732
84000	-307.2386	-289.6626	-17.57595	1.989438	0.008703935
84200	-308.7946	-285.3674	-23.42723	2.303168	0.2814352
84400	-309.6632	-295.5002	-14.16299	1.518866	0.1294926
84600	-309.8455	-297.2343	-12.61127	1.342048	0.1549175
84800	-309.4029	-287.1016	-22.30136	2.151738	0.3072681
85000	-309.5145	-289.9988	-19.5157	2.039943	0.1490493
85200	-305.2539	-287.2838	-17.97013	2.029775	0.007867252
85400	-307.0511	-288.6844	-18.36671	1.846529	0.2299077
85600	-306.0577	-290.4435	-15.61417	1.777022	0.02389049
85800	-307.4654	-290.1087	-17.35667	1.788683	0.1777643
86000	-306.3623	-289.0209	-17.34137	1.973632	0.001257307
86200	-307.5317	-287.8651	-19.66661	2.072389	0.1319659
86400	-307.8067	-286.2481	-21.55863	2.167991	0.2303036
86600	-308.1432	-286.4706	-21.67268	2.163047	0.2400531
86800	-307.4948	-289.3888	-18.10595	1.910258	0.1347976
87000	-307.244	-287.9755	-19.26849	1.979786	0.187077
87200	-307.4617	-291.6524	-15.8093	1.722562	0.09452909
87400	-306.4006	-285.9898	-20.4108	2.279037	0.00284509
87600	-305.3266	-288.4593	-16.86734	1.917931	0.00950435
87800	-308.6502	-284.5809	-24.0693	2.559501	0.08838039
88000	-308.5103	-289.9453	-18.56497	1.927649	0.1642082
88200	-306.2671	-288.711	-17.55609	1.898226	0.09589705
88400	-305.8777	-290.272	-15.60575	1.777698	0.02289403
88600	-307.5209	-284.6705	-22.85033	2.513269	0.01259132
88800	-307.0437	-288.4515	-18.5922	2.045454	0.05439858
89000	-306.8766	-288.0486	-18.82802	2.035447	0.08473756
89200	-306.7651	-289.4313	-17.33379	1.96205	0.01172177
89400	-307.7797	-288.7135	-19.06612	2.087285	0.05879761
89600	-306.3089	-288.306	-18.00296	2.019623	0.0209104
89800	-305.7424	-289.5906	-16.15177	1.782223	0.07138692
90000	-306.4951	-286.7218	-19.77327	2.198223	0.01915129
90200	-306.2952	-291.8335	-14.46161	1.621725	0.06408843
90400	-311.1774	-291.3289	-19.84849	2.047392	0.1722568
90600	-310.3903	-290.4769	-19.91337	2.231747	0.0003731415
90800	-307.7075	-293.9097	-13.79782	1.571311	0.04755395
91000	-308.5305	-286.8127	-21.71782	2.279568	0.1276587
91200	-307.3049	-286.7158	-20.58913	2.188813	0.1084655
91400	-306.5332	-289.4693	-17.06393	1.905512	0.04005988
91600	-306.3356	-289.1727	-17.16285	1.835678	0.118985
91800	-306.6826	-287.8039	-18.87871	2.044968	0.08117188
92000	-305.0748	-288.4193	-16.65547	1.89565	0.01045977
92200	-306.2756	-288.0456	-18.23001	1.932031	0.1286897
92400	-307.2434	-286.302	-20.94145	2.16473	0.1675619
92600	-308.1569	-292.4926	-15.66428	1.681015	0.1177634
92800	-307.7665	-288.156	-19.61046	2.10622	0.09228437
93000	-305.9268	-286.7981	-19.12871	2.147461	0.006153392
93200	-305.8628	-289.3709	-16.49192	1.835217	0.05236623
93400	-307.4682	-289.9793	-17.48894	1.803354	0.179803
93600	-307.6814	-286.3116	-21.36976	2.198033	0.1800213
93800	-307.9299	-285.3215	-22.6084	2.466227	0.03579156
94000	-307.1318	-290.1692	-16.96255	1.845025	0.08742597
94200	-310.0356	-296.1073	-13.9283	1.480663	0.1481106
94400	-308.4654	-286.5987	-21.86668	2.410713	0.0159085
94600	-305.257	-289.444	-15.81298	1.790474	0.03117346
94800	-305.5582	-289.3993	-16.15885	1.799503	0.05668259
95000	-312.3512	-295.8859	-16.46527	1.788582	0.1006123
95200	-308.1731	-290.4369	-17.73624	2.01	0.004367965
95400	-306.5677	-293.6499	-12.91777	1.500988	0.03097696
95600	-306.817	-293.751	-13.06608	1.541847	0.005359395
95800	-306.456	-290.786	-15.67001	1.736186	0.06999804
96000	-306.8653	-290.9962	-15.86914	1.783951	0.04238591
96200	-306.5296	-289.6788	-16.85076	1.913767	0.01137708
96400	-306.8257	-291.9782	-14.84752	1.671066	0.05226922
96600	-305.3373	-286.8319	-18.50538	2.06372	0.0277078
96800	-307.0323	-291.4489	-15.58343	1.737196	0.05882721
97000	-305.6681	-286.5414	-19.12664	2.108888	0.04403441
97200	-306.3261	-288.3623	-17.96382	1.926234	0.1097366
97400	-308.1659	-290.3848	-17.78102	1.718551	0.2979695
97600	-305.9357	-288.194	-17.74167	1.931561	0.08255965
97800	-305.5866	-289.1058	-16.48077	1.835836	0.0523579
98000	-305.3993	-287.0265	-18.37276	2.050688	0.02693112
98200	-305.8429	-288.1407	-17.70225	1.909478	0.1015124
98400	-306.0932	-286.7039	-19.38936	2.09986	0.07953488
98600	-309.0625	-284.4889	-24.57366	2.55569	0.1446431
98800	-308.7509	-287.9203	-20.8306	2.294902	0.02746987
99000	-306.5093	-291.1881	-15.3212	1.657448	0.1122183
99200	-308.8604	-290.2671	-18.59331	2.037664	0.06033374
99400	-304.8775	-288.2808	-16.59667	1.882835	0.01736915
99600	-306.7155	-289.9863	-16.72918	1.769424	0.1418483
99800	-306.4441	-293.1621	-13.28203	1.559976	0.008921381
100000	-304.9673	-286.8973	-18.07006	2.041146	0.006639219
100200	-310.6301	-287.5574	-23.07272	2.506164	0.04176169
100400	-308.8124	-289.7324	-19.08005	2.117529	0.02967022
100600	-306.2761	-286.5439	-19.73217	2.088613	0.1250436
100800	-308.7383	-294.2391	-14.49924	1.561903	0.1295584
101000	-306.8154	-290.5424	-16.27302	1.838009	0.02827936
101200	-306.9579	-287.8694	-19.08859	1.937559	0.2100185
101400	-308.2748	-291.0288	-17.24602	1.784554	0.1731416
101600	-308.1469	-288.6255	-19.5214	1.989164	0.1947288
101800	-308.5635	-286.568	-21.99547	2.242628	0.1937102
102000	-305.284	-290.716	-14.56802	1.684342	0.01298262
102200	-307.0858	-289.5535	-17.53231	1.912914	0.07868402
102400	-307.5607	-288.8235	-18.73728	1.880392	0.2320471
102600	-306.5637	-286.7619	-19.80179	2.092072	0.1299326
102800	-305.529	-287.9815	-17.54747	1.920706	0.07338775
103000	-306.7186	-290.4651	-16.2535	1.699222	0.1635611
103200	-306.6626	-287.7766	-18.88605	2.096921	0.03167483
103400	-307.2098	-286.7584	-20.45134	2.094336	0.1916757
103600	-307.0537	-293.4565	-13.59717	1.579519	0.01974608
103800	-306.15	-291.5255	-14.6245	1.643381	0.05737489
104000	-307.4795	-286.274	-21.20551	2.30447	0.05526024
104200	-306.7966	-289.2906	-17.50599	1.880774	0.1062098
104400	-308.8659	-291.3316	-17.53435	1.880594	0.1073398
104600	-309.352	-295.2118	-14.14021	1.457784	0.18926
104800	-310.0915	-289.8869	-20.20464	2.057198	0.1965869
105000	-304.9865	-288.1631	-16.82341	1.893896	0.02881622
105200	-305.4755	-287.9948	-17.48066	1.982889	0.005794245
105400	-310.0652	-289.6008	-20.46434	2.226778	0.05932131
105600	-305.7214	-289.3407	-16.38072	1.828613	0.04912156
105800	-305.844	-286.7465	-19.09751	2.088619	0.06154009
106000	-314.1932	-289.1425	-25.0507	2.104821	0.6282508
106200	-311.798	-289.5902	-22.20784	2.350125	0.1038517
106400	-305.5827	-289.9606	-15.62211	1.776973	0.02518631
106600	-305.591	-288.9286	-16.66239	1.896824	0.00977979
106800	-309.2509	-289.0475	-20.20342	2.156731	0.09968522
107000	-306.2968	-287.6949	-18.60196	2.076126	0.02471228
107200	-305.3977	-290.2385	-15.15923	1.731683	0.02461927
107400	-306.6747	-287.1078	-19.5669	2.034833	0.1604541
107600	-305.8274	-290.9636	-14.86383	1.693711	0.03351075
107800	-308.5584	-287.9277	-20.63069	1.965593	0.3397548
108000	-308.2582	-288.3879	-19.87034	2.177217	0.04825025
108200	-305.6351	-289.6245	-16.01057	1.822883	0.01885995
108400	-306.0492	-290.0572	-15.99202	1.764622	0.07232831
108600	-308.9771	-287.3501	-21.62703	2.10845	0.2998609
108800	-308.5177	-289.4635	-19.05418	2.03307	0.110462
109000	-305.8081	-287.5557	-18.25238	2.039022	0.02636464
109200	-307.6278	-290.3035	-17.32427	1.891046	0.07769582
109400	-305.558	-289.6619	-15.89607	1.804781	0.02485039
109600	-306.2395	-290.3598	-15.87971	1.697413	0.1293374
109800	-305.0287	-287.8642	-17.16447	1.922945	0.03421793
110000	-307.0847	-291.4617	-15.62299	1.668624	0.1306038
110200	-309.4775	-289.0991	-20.3784	2.146867	0.1260077
110400	-308.2493	-286.9588	-21.29055	2.163033	0.1979596
110600	-305.6555	-289.5229	-16.13263	1.840235	0.01317939
110800	-310.2758	-293.752	-16.5238	1.743547	0.1457421
111000	-305.8136	-289.2258	-16.5878	1.889984	0.009250574
111200	-308.6174	-289.7812	-18.83614	1.953024	0.1655986
111400	-306.7567	-290.5317	-16.22502	1.698284	0.1599711
111600	-307.9965	-290.6329	-17.36367	1.890395	0.0841441
111800	-305.8667	-287.8579	-18.00884	2.026795	0.01445079
112000	-306.2838	-291.9977	-14.28613	1.658786	0.01050798
112200	-306.3176	-289.2755	-17.04207	1.861741	0.07896892
112400	-305.2616	-288.096	-17.16562	1.921019	0.03562416
112600	-307.756	-286.3227	-21.43337	2.202516	0.1778913
112800	-308.7174	-291.9762	-16.74128	1.743787	0.1592569
113000	-306.2004	-288.8709	-17.32952	1.859598	0.1138415
113200	-307.2157	-292.4869	-14.72881	1.665702	0.04631428
113400	-305.5979	-289.5504	-16.04751	1.764055	0.07976677
113600	-305.8698	-290.9046	-14.96519	1.693382	0.04239297
113800	-312.0807	-290.6732	-21.4075	2.212652	0.1562597
114000	-307.0301	-286.7322	-20.2979	2.12699	0.1407557
114200	-308.8673	-288.1854	-20.6819	2.009561	0.2840546
114400	-305.8046	-288.8825	-16.92211	1.889532	0.04152738
114600	-309.2433	-289.0488	-20.19457	2.078382	0.1756244
114800	-305.3609	-290.9381	-14.42284	1.661442	0.02130317
115000	-308.2058	-288.4136	-19.79216	1.930663	0.2880521
115200	-306.0867	-289.9583	-16.12838	1.759849	0.09104353
115400	-307.1929	-286.5836	-20.60933	2.178112	0.1227029
115600	-307.0577	-288.1013	-18.95641	2.006111	0.1245183
115800	-304.8228	-288.1361	-16.68675	1.902533	0.006932138
116000	-306.5641	-290.4658	-16.09834	1.700016	0.1461248
116200	-305.0578	-290.7624	-14.29535	1.669509	0.0008060914
116400	-304.9053	-289.129	-15.77629	1.795448	0.02267232
116600	-308.7595	-289.3579	-19.40156	2.131444	0.04638986
116800	-306.5478	-289.3289	-17.21891	1.838696	0.1219267
117000	-305.6279	-287.7934	-17.83457	1.99675	0.0266934
117200	-309.4534	-293.2019	-16.25152	1.841517	0.02357129
117400	-307.479	-287.1902	-20.28883	2.221277	0.04664847
117600	-309.4249	-287.0487	-22.37622	2.157915	0.321899
117800	-307.0672	-285.3899	-21.67732	2.389607	0.01901902
118000	-309.6936	-292.1611	-17.53253	1.588599	0.3938492
118200	-305.7594	-288.8884	-16.87103	1.914209	0.01325747
118400	-309.5934	-284.6856	-24.90776	2.620427	0.1106573
118600	-307.9703	-287.1075	-20.86286	2.299627	0.0283315
118800	-307.3222	-285.6046	-21.71762	2.24817	0.1647473
119000	-307.1066	-286.5487	-20.5579	2.208805	0.08534255
119200	-305.2802	-287.2203	-18.05991	2.045774	0.001003376
119400	-309.5969	-286.4739	-23.12293	2.391398	0.1569547
119600	-307.4305	-288.1528	-19.27764	2.130311	0.03732125
119800	-307.1381	-288.6152	-18.52293	1.984739	0.1105153
120000	-305.4821	-289.7474	-15.73473	1.776592	0.03734929
120200	-306.1729	-290.1621	-16.01078	1.727966	0.1108512
120400	-306.5439	-291.8047	-14.73914	1.675639	0.03720246
120600	-305.8392	-290.834	-15.00516	1.700403	0.03987255
120800	-307.2479	-287.4805	-19.76734	1.987142	0.2261166
121000	-310.676	-289.6923	-20.98366	2.184237	0.1488973
121200	-307.3735	-290.95	-16.42352	1.754975	0.12269
121400	-306.0503	-286.4269	-19.62343	2.195396	0.007555877
121600	-306.44	-289.5006	-16.93943	1.892661	0.04045675
121800	-306.8618	-291.0587	-15.80311	1.709428	0.105691
122000	-306.8542	-287.5803	-19.27394	2.048962	0.1193085
122200	-306.1655	-287.8914	-18.27417	1.990376	0.07521587
122400	-308.184	-287.984	-20.19998	2.190425	0.06841075
122600	-307.1841	-286.0958	-21.08836	2.212669	0.1347829
122800	-310.0523	-288.0963	-21.95607	1.988776	0.4262372
123000	-310.4852	-293.7346	-16.75067	1.844478	0.06554374
123200	-308.0243	-295.7241	-12.30019	1.438812	0.03050676
123400	-307.4205	-288.3949	-19.02558	1.903455	0.2405312
123600	-306.5173	-291.383	-15.13431	1.657296	0.09410734
123800	-305.6298	-289.8797	-15.75007	1.805302	0.009952884
124000	-307.0288	-291.8153	-15.21351	1.639371	0.1167948
124200	-305.4905	-288.8577	-16.63281	1.837539	0.06490913
124400	-310.7983	-285.3158	-25.48242	2.598511	0.1838008
124600	-306.1066	-288.9159	-17.19073	1.832459	0.1242726
124800	-306.9755	-288.4287	-18.54684	2.089316	0.005989952
125000	-306.8167	-286.8912	-19.92555	2.170543	0.06131911
125200	-308.5692	-287.6713	-20.89786	2.173859	0.1474741
125400	-305.5527	-287.6924	-17.86026	2.009652	0.01659615
125600	-305.2749	-287.5716	-17.70324	1.98871	0.02240911
125800	-310.0492	-290.3536	-19.69564	1.948526	0.243887
126000	-306.2332	-291.5462	-14.68706	1.642347	0.06606042
126200	-307.38	-292.6331	-14.74689	1.626789	0.0871358
126400	-306.3791	-292.4843	-13.89479	1.619183	0.01047841
126600	-308.7748	-285.4691	-23.3057	2.413776	0.1548848
126800	-305.438	-289.7077	-15.73029	1.777498	0.03539376
127000	-309.0689	-287.3807	-21.68821	2.379017	0.02989555
127200	-308.1519	-290.0336	-18.11825	2.015983	0.03451274
127400	-305.1234	-289.0251	-16.09826	1.82596	0.02398347
127600	-306.9896	-289.28	-17.70959	1.949597	0.06332581
127800	-305.5347	-285.8998	-19.63488	2.191734	0.01258994
128000	-305.8918	-290.3564	-15.53534	1.759165	0.03374756
128200	-306.0901	-290.9535	-15.13662	1.748243	0.005926288
128400	-305.9816	-289.6498	-16.33182	1.840033	0.03222315
128600	-308.6512	-286.6528	-21.99841	2.208076	0.2310712
128800	-305.7786	-287.2418	-18.5368	2.0295	0.06369383
129000	-307.3562	-286.8439	-20.51235	2.169895	0.1247299
129200	-308.0531	-292.6674	-15.38573	1.595346	0.1828379
129400	-307.3577	-286.183	-21.17473	2.253182	0.1038333
129600	-311.1174	-289.0348	-22.08257	2.25702	0.1850871
129800	-307.3089	-286.986	-20.32284	2.1539	0.1147824
130000	-309.5438	-285.6985	-23.84527	2.479786	0.1395876
130200	-307.5111	-292.432	-15.07913	1.70716	0.04008979
130400	-311.2724	-296.9819	-14.29057	1.549292	0.1127855
130600	-305.3929	-289.9315	-15.46148	1.786893	5.005302e-05
130800	-307.3894	-291.8818	-15.50756	1.652148	0.1321985
131000	-305.9717	-286.461	-19.51076	2.165867	0.02559912
131200	-305.9888	-289.7429	-16.24588	1.816515	0.04788116
131400	-308.3203	-289.0576	-19.26268	1.913424	0.2519211
131600	-309.8546	-284.3803	-25.47429	2.740127	0.0483532
131800	-305.099	-287.6563	-17.44267	1.96759	0.01717308
132000	-306.6788	-286.2564	-20.42245	2.236875	0.04578042
132200	-307.9486	-288.6945	-19.25409	1.941313	0.2152348
132400	-307.0001	-287.719	-19.28114	2.037908	0.1323298
132600	-307.176	-289.0116	-18.16435	1.88976	0.1597271
132800	-308.1188	-289.6341	-18.48472	1.817582	0.2615907
133000	-309.2247	-286.9103	-22.31438	2.414808	0.0575254
133200	-306.1648	-290.7778	-15.38703	1.764149	0.01457214
133400	-306.6552	-288.4203	-18.23487	2.043155	0.02017374
133600	-306.4791	-287.8846	-18.59449	1.959053	0.1408488
133800	-307.9827	-292.421	-15.56167	1.748836	0.04648619
134000	-305.4144	-286.5856	-18.82878	2.084675	0.0391034
134200	-305.1959	-288.5502	-16.64573	1.848771	0.05590996
134400	-306.0278	-291.076	-14.95186	1.726505	0.009086338
134600	-305.8927	-287.1621	-18.73067	2.095684	0.01804948
134800	-311.6499	-286.1556	-25.49429	2.608067	0.1791463
135000	-305.3576	-287.7668	-17.59081	1.93714	0.06200919
135200	-305.593	-286.0609	-19.53208	2.188815	0.005157976
135400	-308.8589	-292.3594	-16.49949	1.585775	0.294917
135600	-306.5682	-287.6337	-18.93448	2.039292	0.09624937
135800	-307.9033	-291.5841	-16.31917	1.80744	0.06355333
136000	-306.8347	-292.2692	-14.56542	1.667981	0.0293918
136200	-306.6427	-290.7816	-15.86109	1.748953	0.07382837
136400	-305.6297	-290.9314	-14.69832	1.662438	0.0473837
136600	-305.6735	-287.1916	-18.48191	2.066202	0.02237902
136800	-309.1196	-286.9695	-22.15009	2.044581	0.4114627
137000	-307.6171	-288.8472	-18.76991	1.942917	0.167977
137200	-305.9857	-290.5425	-15.44318	1.74328	0.03994987
137400	-312.3448	-297.8185	-14.52638	1.506286	0.174012
137600	-304.7963	-288.8088	-15.9875	1.828572	0.01078592
137800	-308.0448	-290.3198	-17.72503	1.985088	0.02618073
138000	-308.5102	-291.3621	-17.14805	1.868964	0.0802857
138200	-308.1776	-287.8193	-20.35835	2.19462	0.077635
138400	-308.0414	-288.118	-19.92345	2.044909	0.1797733
138600	-308.1088	-286.9134	-21.19539	2.213515	0.150124
138800	-309.0743	-289.5664	-19.50784	1.976527	0.2061841
139000	-308.5877	-287.2978	-21.28991	2.239752	0.1227112
139200	-307.3055	-288.1858	-19.11967	2.074169	0.07541783
139400	-310.9048	-289.3593	-21.54548	1.918071	0.4551894
139600	-309.2981	-290.3272	-18.97083	1.874865	0.2467386
139800	-306.0792	-288.6999	-17.37933	1.978627	9.560467e-05
140000	-308.3473	-289.8073	-18.53999	1.82642	0.2711945
140200	-307.8638	-285.9543	-21.90956	2.403123	0.02843947
140400	-309.0949	-293.7122	-15.38277	1.703668	0.07403032
140600	-306.726	-287.5895	-19.13649	2.054458	0.09632234
140800	-308.2167	-287.2946	-20.92203	2.189348	0.1399496
141000	-309.9737	-286.2873	-23.68635	2.156288	0.4476399
141200	-309.678	-287.3532	-22.32488	2.254454	0.222577
141400	-309.0127	-288.1174	-20.89524	2.056881	0.2586375
141600	-307.2656	-285.6152	-21.6504	2.390538	0.0150421
141800	-308.939	-293.4526	-15.48644	1.672004	0.1113881
142000	-309.781	-296.098	-13.68296	1.553451	0.05592465
142200	-311.8365	-289.9729	-21.86367	2.313379	0.1091079
142400	-315.8306	-297.6668	-18.16382	1.414122	0.608536
142600	-306.1662	-288.3198	-17.84632	1.911236	0.11494
142800	-307.3632	-290.4862	-16.87701	1.86638	0.06043489
143000	-310.5434	-290.4078	-20.13562	1.883519	0.3580497
143200	-309.0443	-288.3631	-20.68126	2.106572	0.2039184
143400	-305.2494	-287.599	-17.65036	1.995299	0.01031096
143600	-308.0673	-289.5479	-18.51941	1.898846	0.187194
143800	-305.801	-289.394	-16.40707	1.818408	0.06143015
144000	-309.684	-290.7854	-18.89858	1.825092	0.3026211
144200	-309.8873	-288.1789	-21.70844	1.976925	0.413882
144400	-305.5806	-288.6266	-16.95403	1.84981	0.08546987
144600	-307.7683	-290.3562	-17.41216	1.711302	0.2683873
144800	-309.2235	-286.81	-22.41347	2.401096	0.07859023
145000	-307.1413	-287.329	-19.81228	1.994711	0.2245588
145200	-305.5644	-287.9702	-17.59411	1.986429	0.01339313
145400	-305.6886	-291.5526	-14.13597	1.645721	0.008663069
145600	-306.0552	-287.8795	-18.17573	1.982243	0.07520574
145800	-311.8475	-286.0455	-25.80196	2.800138	0.02014821
146000	-305.8876	-288.0467	-17.84082	1.906972	0.1172865
146200	-306.0055	-288.1258	-17.87965	1.995034	0.03300234
146400	-305.9066	-289.8591	-16.04744	1.749648	0.09345547
146600	-307.1177	-285.7142	-21.40353	2.262557	0.1192689
146800	-306.7975	-285.3568	-21.44063	2.342083	0.04255219
147000	-305.4887	-290.1503	-15.33848	1.766194	0.00815646
147200	-307.0524	-288.3478	-18.7046	1.927686	0.1816694
147400	-306.698	-293.0069	-13.69113	1.546566	0.06093717
147600	-311.8793	-297.7949	-14.08441	1.529805	0.1185837
147800	-306.8634	-287.8527	-19.01075	2.046872	0.09503296
148000	-306.1922	-287.4216	-18.77055	2.003514	0.112214
148200	-305.5709	-286.7115	-18.85944	2.099909	0.02653196
148400	-306.9167	-287.045	-19.87176	2.119722	0.1066034
148600	-308.9982	-289.3737	-19.62457	2.11599	0.08503259
148800	-308.2052	-289.6204	-18.5848	1.99634	0.09868387
149000	-307.6944	-287.2291	-20.4653	2.232839	0.05225671
149200	-308.9214	-292.0144	-16.90699	1.768674	0.1527997
149400	-305.7269	-289.5193	-16.20763	1.81188	0.04767512
149600	-305.9586	-288.7481	-17.21051	1.950022	0.01167464
149800	-312.0454	-293.671	-18.37444	2.043305	0.03427898
150000	-307.6255	-289.0519	-18.57362	2.002486	0.09159445
150200	-306.2629	-288.2978	-17.96512	1.899258	0.134981
150400	-308.5957	-290.8768	-17.71892	1.698797	0.3051454
150600	-306.4247	-292.0758	-14.34894	1.654876	0.01998099
150800	-308.5654	-289.2322	-19.33321	2.135167	0.03818826
151000	-305.9179	-288.9127	-17.00529	1.933387	0.00756921
151200	-306.9042	-288.5214	-18.38273	1.853043	0.2224094
151400	-306.936	-293.4818	-13.45419	1.515429	0.06832007
151600	-308.4257	-288.46	-19.96577	2.131872	0.1032798
151800	-306.7166	-291.88	-14.83654	1.698947	0.02530903
152000	-308.0741	-294.9207	-13.15333	1.456919	0.09428357
152200	-308.8398	-286.5462	-22.29366	2.157745	0.3169798
152400	-306.015	-288.2975	-17.71749	1.912663	0.09787691
152600	-305.9907	-288.0763	-17.91435	1.989444	0.04171503
152800	-306.0985	-286.897	-19.20147	2.158752	0.002110193
153000	-306.2989	-292.1318	-14.16707	1.655744	0.00167747
153200	-306.9094	-287.3273	-19.5821	2.099918	0.09732964
153400	-306.2955	-286.5674	-19.72816	2.1132	0.1001593
153600	-307.6639	-289.4542	-18.20974	1.984346	0.07582021
153800	-305.4325	-290.5065	-14.92597	1.73214	0.001254331
154000	-311.7791	-295.6372	-16.14187	1.673819	0.1672566
154200	-306.7274	-287.5481	-19.17927	1.9581	0.2000432
154400	-306.1697	-291.2243	-14.94542	1.646483	0.08609922
154600	-307.5779	-285.8983	-21.67959	2.304697	0.1063335
154800	-306.6778	-288.4982	-18.1796	2.039209	0.01889691
155000	-309.6345	-296.327	-13.30743	1.48917	0.07872331
155200	-310.8328	-290.8659	-19.96689	2.135769	0.0988452
155400	-306.7636	-290.1248	-16.63877	1.889301	0.0149613
155600	-305.2358	-288.4141	-16.82161	1.918402	0.004505403
155800	-309.7978	-291.6003	-18.19746	1.98688	0.07148789
156000	-309.9736	-291.7796	-18.19405	2.054146	0.006148575
156200	-306.3253	-288.1658	-18.15949	1.981334	0.07211825
156400	-308.6252	-285.4193	-23.20587	2.425793	0.1341519
156600	-305.5459	-287.7049	-17.84101	1.975363	0.04883642
156800	-305.4858	-289.1435	-16.34232	1.80781	0.06561895
157000	-308.489	-289.3123	-19.17669	2.14976	0.008275262
157200	-305.8105	-291.5845	-14.22604	1.655403	0.008003537
157400	-307.6859	-291.4727	-16.21317	1.707071	0.1474519
157600	-306.0795	-288.5259	-17.55356	1.869249	0.1239439
157800	-307.2152	-285.9005	-21.3147	2.231958	0.1405652
158000	-308.6109	-290.707	-17.90392	1.802094	0.2201484
158200	-307.3402	-289.6681	-17.67208	1.819272	0.1790488
158400	-305.0901	-289.3461	-15.74397	1.805971	0.008932673
158600	-306.0286	-286.2794	-19.74915	2.127424	0.08830118
158800	-307.4049	-285.5649	-21.84001	2.381058	0.04313132
159000	-310.2771	-290.2588	-20.01828	2.2287	0.01291819
159200	-308.1344	-291.6745	-16.45994	1.814211	0.06779506
159400	-305.9535	-290.7509	-15.20267	1.695969	0.06322945
159600	-307.0774	-287.594	-19.48335	2.182121	0.006709613
159800	-307.233	-292.1945	-15.03842	1.728193	0.01564101
160000	-309.6693	-285.4312	-24.23815	2.533602	0.132148
160200	-313.4692	-293.9768	-19.4924	1.591217	0.5971232
160400	-306.6271	-288.257	-18.37006	1.887815	0.1867469
160600	-308.5928	-289.6002	-18.99257	1.803147	0.3374991
160800	-307.3395	-287.1432	-20.19634	2.139467	0.1223121
161000	-307.3979	-293.1727	-14.22523	1.65227	0.01122063
161200	-307.1292	-287.5617	-19.56747	2.006539	0.1854249
161400	-308.7552	-291.3112	-17.44401	1.867131	0.1166346
161600	-309.2223	-292.4246	-16.79769	1.636073	0.2726042
161800	-306.6171	-290.1224	-16.4947	1.766629	0.1178711
162000	-305.4899	-289.2178	-16.2721	1.854998	0.01241995
162200	-309.5147	-289.6804	-19.83426	1.8488	0.3610029
162400	-307.899	-294.7797	-13.11928	1.540956	0.01112333
162600	-305.8748	-289.4843	-16.39053	1.7861	0.09291559
162800	-308.5753	-290.3555	-18.21975	2.016267	0.04580109
163000	-311.0047	-284.8782	-26.12655	2.792891	0.05899287
163200	-311.5184	-293.5241	-17.99423	1.967082	0.06893571
163400	-309.531	-293.1293	-16.40166	1.618242	0.2559344
163600	-306.4607	-291.4712	-14.98947	1.702157	0.03573747
163800	-306.4591	-287.3968	-19.06229	2.109793	0.03625092
164000	-306.1424	-288.1235	-18.01887	2.036401	0.006049542
164200	-308.3707	-296.4922	-11.87848	1.391458	0.03607607
164400	-307.276	-288.2852	-18.99083	1.989574	0.1435099
164600	-308.1719	-287.6283	-20.5436	2.062732	0.2356688
164800	-306.1067	-286.3058	-19.80091	2.215532	0.005301587
165000	-305.6097	-288.3455	-17.26422	1.942679	0.0240245
165200	-307.5514	-292.4981	-15.05324	1.597959	0.1403101
165400	-306.3402	-291.7394	-14.60079	1.676875	0.02415797
165600	-307.0757	-291.6061	-15.46956	1.699038	0.08342623
165800	-308.9511	-286.3134	-22.63774	2.466283	0.03741235
166000	-307.3865	-288.3354	-19.05113	2.011913	0.1276216
166200	-306.1687	-292.4628	-13.7059	1.583921	0.0270601
166400	-308.9516	-293.434	-15.51756	1.608602	0.1767144
166600	-306.5297	-289.4204	-17.10929	1.798526	0.1531316
166800	-308.3129	-295.8158	-12.49707	1.471772	0.01777156
167000	-312.6656	-290.308	-22.35758	2.088856	0.3692764
167200	-308.4804	-285.8514	-22.62905	2.331872	0.1687186
167400	-304.9902	-289.3343	-15.65594	1.792663	0.01341746
167600	-307.6255	-288.4223	-19.20315	1.882361	0.2719689
167800	-306.7928	-290.095	-16.69783	1.878371	0.03276864
168000	-307.2302	-289.1494	-18.08076	1.821133	0.221098
168200	-308.0897	-288.572	-19.51773	1.944562	0.2419364
168400	-311.3697	-298.6789	-12.69084	1.479235	0.03004215
168600	-306.9392	-290.1464	-16.79286	1.844054	0.07308821
168800	-304.9418	-287.4587	-17.48317	1.98686	0.002230583
169000	-307.0098	-290.5814	-16.42839	1.866308	0.01681562
169200	-310.2018	-295.5081	-14.69363	1.413451	0.2871273
169400	-305.542	-288.4589	-17.08307	1.921797	0.02625494
169600	-306.4511	-291.4589	-14.99222	1.674828	0.06478643
169800	-306.3693	-289.7593	-16.61009	1.883965	0.01713985
170000	-310.6217	-293.071	-17.55074	1.610084	0.366307
170200	-305.3971	-288.5303	-16.86682	1.884168	0.04289487
170400	-307.1306	-288.0828	-19.04781	1.907991	0.2371175
170600	-307.235	-288.2374	-18.99762	1.924676	0.2153164
170800	-307.4957	-294.8594	-12.63627	1.497686	0.006455614
171000	-306.0526	-290.3423	-15.71027	1.7303	0.07841291
171200	-306.5444	-287.3929	-19.15154	2.120439	0.03409405
171400	-305.5281	-288.6212	-16.90692	1.873375	0.05838044
171600	-307.8303	-284.7754	-23.05488	2.457492	0.0892982
171800	-309.0592	-293.891	-15.16821	1.637519	0.1120313
172000	-312.4418	-295.2436	-17.19814	1.832537	0.1239755
172200	-307.9975	-289.8225	-18.17495	2.038624	0.01887388
172400	-304.8126	-289.4635	-15.34911	1.768504	0.007131502
172600	-309.9064	-291.2793	-18.62708	1.87675	0.2195942
172800	-305.596	-287.0289	-18.56711	2.022127	0.07536409
173000	-308.5059	-292.0782	-16.42774	1.701309	0.1751504
173200	-309.618	-285.9755	-23.64249	2.535069	0.0694112
173400	-305.767	-288.3729	-17.3941	1.944909	0.03428419
173600	-305.8859	-287.647	-18.23887	2.018731	0.04482592
173800	-309.9293	-288.9097	-21.01959	2.135604	0.1988558
174000	-305.9669	-292.7548	-13.21207	1.545363	0.01624479
174200	-306.3337	-289.7024	-16.63129	1.896432	0.007240955
174400	-306.373	-286.3897	-19.98332	2.127152	0.1108179
174600	-308.2644	-289.29	-18.9744	2.076202	0.05863714
174800	-308.9472	-293.2052	-15.74194	1.7824	0.03183712
175000	-309.6252	-297.5587	-12.06656	1.427956	0.01868929
175200	-306.3293	-290.204	-16.12533	1.844781	0.008594106
175400	-310.3451	-290.7618	-19.58334	2.093081	0.1023611
175600	-308.5976	-287.4761	-21.12149	2.27094	0.07777078
175800	-305.4905	-287.6231	-17.86737	1.986708	0.04072481
176000	-311.6722	-297.5975	-14.0747	1.590723	0.05638046
176200	-306.8029	-293.206	-13.59688	1.5605	0.03925054
176400	-309.3502	-295.0503	-14.29982	1.441205	0.2199343
176600	-305.4319	-289.1234	-16.30855	1.842454	0.02836258
176800	-305.9051	-287.0813	-18.82387	2.071109	0.05139405
177000	-306.0555	-290.5531	-15.50237	1.705732	0.08353285
177200	-306.4154	-288.1563	-18.25904	1.895041	0.171155
177400	-305.6011	-287.7482	-17.85286	2.018509	0.007425765
177600	-305.8662	-291.5896	-14.27661	1.62732	0.04017944
177800	-307.3045	-287.0706	-20.23389	2.165236	0.09487542
178000	-309.0657	-289.4461	-19.61961	1.778749	0.4137667
178200	-307.5946	-294.6427	-12.95189	1.4544	0.07984778
178400	-305.8558	-287.951	-17.90476	1.953998	0.07514874
178600	-305.1014	-286.7483	-18.35317	2.075369	0.0007334299
178800	-306.0341	-286.8915	-19.14259	2.057013	0.09665454
179000	-307.0126	-290.6334	-16.37925	1.851286	0.02586036
179200	-308.1368	-289.3517	-18.7851	1.940461	0.1734426
179400	-309.4511	-286.9039	-22.54728	2.162915	0.3321572
179600	-305	-289.8035	-15.19646	1.754617	0.005737991
179800	-308.2573	-291.2218	-17.03542	1.901407	0.03988941
180000	-306.5302	-290.3796	-16.15057	1.825684	0.02888712
180200	-307.3189	-288.6896	-18.62935	1.998956	0.1015702
180400	-307.1239	-291.2427	-15.88121	1.767481	0.05882988
180600	-310.3512	-287.323	-23.02822	2.057991	0.4693884
180800	-306.5327	-289.9955	-16.53721	1.865968	0.02683982
181000	-307.5147	-289.3109	-18.20379	1.824249	0.2321548
181200	-306.8668	-288.9625	-17.90435	1.965733	0.06412947
181400	-307.5088	-288.5888	-18.92009	1.912168	0.2115786
181600	-306.9077	-286.2423	-20.66548	2.284165	0.02285462
181800	-305.4239	-288.5657	-16.85824	1.885548	0.04132287
182000	-305.1981	-287.4018	-17.79635	1.997029	0.02347443
182200	-305.4178	-288.6604	-16.75737	1.870505	0.04586897
182400	-305.9665	-291.204	-14.76255	1.689012	0.0269315
182600	-306.2026	-290.5024	-15.70012	1.778125	0.03133046
182800	-306.2407	-290.224	-16.01672	1.79023	0.05195339
183000	-310.5164	-294.694	-15.8224	1.545314	0.2603221
183200	-307.2823	-286.5724	-20.70982	2.24679	0.06255142
183400	-307.2765	-287.2941	-19.98244	2.158328	0.07961744
183600	-308.1861	-287.0068	-21.1793	2.195379	0.1556049
183800	-305.4602	-288.8036	-16.65663	1.855641	0.05074991
184000	-308.4335	-293.5096	-14.92395	1.718887	0.01320097
184200	-305.9467	-287.0991	-18.84766	2.074902	0.04941813
184400	-305.4049	-288.3685	-17.03633	1.872083	0.07129783
184600	-305.3529	-288.4906	-16.86227	1.88867	0.03856811
184800	-304.9041	-287.4564	-17.44771	1.965559	0.01988126
185000	-308.4607	-290.8653	-17.59545	1.727897	0.2595646
185200	-307.0876	-286.6771	-20.41052	2.249832	0.03049702
185400	-305.2024	-287.3818	-17.82063	1.984553	0.03810702
185600	-305.7954	-291.1726	-14.62279	1.657787	0.04476901
185800	-307.2531	-288.0809	-19.17213	2.142683	0.01477982
186000	-305.9136	-286.3872	-19.52633	2.184321	0.008998558
186200	-310.2619	-285.8582	-24.40373	2.614368	0.06544917
186400	-308.572	-290.9732	-17.59875	1.884085	0.1185867
186600	-306.2147	-285.9093	-20.30541	2.241872	0.02995784
186800	-307.1268	-287.0469	-20.07984	2.073133	0.1713282
187000	-306.0759	-287.2313	-18.8446	2.098101	0.02613487
187200	-309.3863	-290.6501	-18.73617	2.092692	0.02009997
187400	-307.3895	-290.8808	-16.50869	1.72634	0.1578391
187600	-306.8805	-287.2887	-19.59181	2.052213	0.1455689
187800	-306.4233	-292.6693	-13.75397	1.606094	0.009938173
188000	-305.5127	-290.2739	-15.23877	1.727952	0.03630399
188200	-306.1874	-287.5386	-18.64882	2.1005	0.004972211
188400	-310.618	-290.138	-20.48003	2.259215	0.02893516
188600	-305.675	-291.2361	-14.43891	1.639133	0.0447173
188800	-306.4944	-288.7365	-17.75788	1.962107	0.05241281
189000	-308.7528	-289.9969	-18.75586	1.938915	0.1747256
189200	-308.6647	-291.7907	-16.87396	1.917211	0.01025019
189400	-307.3493	-290.1675	-17.18183	1.848625	0.1100128
189600	-305.2066	-290.1894	-15.01729	1.727827	0.01423236
189800	-308.033	-291.1723	-16.86073	1.675197	0.245645
190000	-305.8176	-290.6874	-15.13017	1.714786	0.03796956
190200	-307.3521	-286.3802	-20.97189	2.243909	0.09596938
190400	-307.3599	-289.4913	-17.86866	1.964092	0.06110541
190600	-306.0706	-285.9003	-20.17037	2.197588	0.06061609
190800	-311.2072	-296.2424	-14.96488	1.496957	0.2295201
191000	-305.8095	-288.658	-17.15153	1.895768	0.05797501
191200	-307.8348	-290.7309	-17.10388	1.683559	0.2651512
191400	-306.7822	-287.4074	-19.37484	2.018516	0.1561997
191600	-304.9475	-289.3888	-15.55866	1.787029	0.009604875
191800	-306.9724	-289.3861	-17.58621	1.849658	0.1429735
192000	-304.8953	-287.3596	-17.53571	1.992794	0.001573628
192200	-309.7063	-286.8638	-22.84251	2.21704	0.2936396
192400	-312.5306	-288.0836	-24.44697	2.588174	0.08892634
192600	-307.3943	-288.016	-19.37832	2.160221	0.01762791
192800	-309.686	-296.403	-13.28294	1.415667	0.1437036
193000	-306.9943	-286.769	-20.22532	2.171267	0.09227638
193200	-305.9239	-291.5633	-14.36053	1.615055	0.06066205
193400	-311.039	-294.6781	-16.36092	1.699072	0.1656563
193600	-310.8251	-291.963	-18.86216	1.988711	0.1278383
193800	-305.9533	-286.8156	-19.13767	2.152461	0.002037919
194000	-310.2131	-290.7688	-19.44426	2.115396	0.06418239
194200	-306.7936	-289.6947	-17.09888	1.865212	0.08480915
194400	-305.443	-287.7021	-17.74094	1.992415	0.02185257
194600	-306.9622	-288.4603	-18.50193	2.034846	0.05297685
194800	-313.8172	-289.858	-23.95915	2.22578	0.4095654
195000	-306.8735	-290.0852	-16.78829	1.767235	0.1487788
195200	-306.6906	-289.0587	-17.63192	1.954835	0.04648201
195400	-306.5285	-289.8276	-16.70095	1.791353	0.115526
195600	-306.9794	-286.722	-20.25738	2.075451	0.1890235
195800	-305.6119	-288.7884	-16.82354	1.846331	0.07547371
196000	-310.2454	-293.0292	-17.21626	1.727888	0.2377133
196200	-309.0328	-292.4216	-16.61127	1.649758	0.2538247
196400	-305.7059	-286.262	-19.44385	2.165491	0.01990778
196600	-306.1789	-290.4941	-15.6848	1.706462	0.0999022
196800	-306.5735	-288.0598	-18.51372	1.962188	0.1303395
197000	-306.5375	-288.6092	-17.92823	2.032512	0.001096079
197200	-308.3292	-291.4492	-16.88004	1.741023	0.1811666
197400	-306.3095	-288.5987	-17.7108	1.865078	0.1464005
197600	-308.0917	-287.1065	-20.98524	2.28954	0.04823091
197800	-311.015	-289.2706	-21.74438	2.037156	0.356523
198000	-309.0947	-288.5475	-20.54725	1.871963	0.42002
198200	-310.3881	-292.0287	-18.35947	1.630352	0.4235022
198400	-306.7893	-289.3491	-17.4402	1.942154	0.04123353
198600	-307.3055	-285.6963	-21.60919	2.291579	0.108913
198800	-307.545	-288.1189	-19.42605	2.108876	0.07349412
199000	-309.629	-288.1152	-21.51386	2.385976	0.005793672
199200	-307.1315	-289.4831	-17.6484	1.789056	0.2115742
199400	-306.0545	-289.3986	-16.65594	1.794981	0.1091645
199600	-305.2847	-289.1491	-16.13557	1.84693	0.007398962
199800	-306.344	-289.2551	-17.08886	1.863	0.08326908
200000	-309.1351	-295.9852	-13.14992	1.501299	0.05068702
