Iteration	Posterior	Likelihood	Prior	branch_rates	speciation_rate
0	-291.4453	-284.8909	-6.554443	0.8582349	0.03838172
200	-293.7639	-289.7863	-3.977589	0.5600614	0.07586091
400	-291.9508	-287.3141	-4.636665	0.6762944	0.02694293
600	-296.0673	-284.464	-11.60332	1.17315	0.2381904
800	-292.664	-288.1213	-4.542636	0.5850304	0.1056447
1000	-293.8197	-289.7316	-4.088189	0.634804	0.01486917
1200	-298.8632	-291.0916	-7.771657	0.7114682	0.3034077
1400	-293.1401	-288.7887	-4.351468	0.5973103	0.07615889
1600	-292.5657	-287.2634	-5.302345	0.7293055	0.03987961
1800	-292.6522	-287.7948	-4.857411	0.6244616	0.0988168
2000	-292.2223	-285.8879	-6.33438	0.7394693	0.1339997
2200	-294.593	-284.6929	-9.900117	1.156084	0.07670681
2400	-291.9188	-286.8694	-5.049415	0.6977107	0.04610955
2600	-293.5259	-285.2019	-8.323938	1.055112	0.01827191
2800	-292.0017	-286.2131	-5.788581	0.8185568	0.001064903
3000	-293.1417	-289.68	-3.461663	0.5357546	0.04822184
3200	-292.1293	-285.8466	-6.2827	0.8443975	0.02477329
3400	-291.9736	-288.4386	-3.535058	0.5793421	0.01422131
3600	-292.3426	-288.4371	-3.905567	0.5698362	0.0590297
3800	-293.0549	-286.3737	-6.681168	0.7006941	0.2096839
4000	-292.1027	-285.8565	-6.246239	0.7325857	0.1309437
4200	-292.5876	-284.5172	-8.070452	0.9921228	0.05743237
4400	-291.2671	-286.0392	-5.227892	0.7487169	0.01458855
4600	-292.3097	-285.5937	-6.716001	0.734457	0.1778775
4800	-296.1812	-289.6701	-6.511016	0.803727	0.08487095
5000	-291.561	-287.4027	-4.158254	0.6123499	0.04323623
5200	-297.4817	-288.1319	-9.34979	0.9445417	0.2424354
5400	-291.3037	-285.31	-5.993682	0.8089258	0.03186397
5600	-291.8693	-286.2019	-5.667382	0.7373472	0.07013488
5800	-292.6217	-289.0563	-3.565367	0.5875727	0.009489402
6000	-292.6882	-284.697	-7.99115	0.8519871	0.190351
6200	-291.4934	-286.3706	-5.1228	0.7223084	0.02995544
6400	-294.0981	-288.0247	-6.0734	0.6391796	0.1976725
6600	-292.3797	-287.5274	-4.852346	0.6572606	0.06601739
6800	-291.4473	-287.2981	-4.149167	0.6248508	0.02999279
7000	-292.7436	-287.9624	-4.781216	0.5971861	0.118649
7200	-292.0701	-284.6856	-7.384472	0.868087	0.1130132
7400	-292.1351	-285.9538	-6.181338	0.7520819	0.1072939
7600	-293.7041	-287.4147	-6.289408	0.7761294	0.09373159
7800	-294.2522	-288.8679	-5.384317	0.6276345	0.1471342
8000	-292.801	-288.4133	-4.387638	0.5729277	0.1042328
8200	-293.0095	-287.4579	-5.551545	0.7180464	0.0769087
8400	-291.172	-286.2339	-4.938076	0.7020864	0.03175891
8600	-300.2146	-297.5242	-2.690424	0.4450797	0.06267649
8800	-297.3054	-288.695	-8.610404	0.6254112	0.4492307
9000	-293.8198	-284.507	-9.31287	1.157566	0.01498415
9200	-292.7908	-286.7456	-6.045252	0.8409902	0.004308136
9400	-291.6311	-287.3007	-4.330366	0.659767	0.01346598
9600	-291.943	-284.8924	-7.050568	0.9382813	0.007676114
9800	-294.6067	-286.2001	-8.406566	0.9899398	0.08979754
10000	-293.729	-285.8094	-7.919582	0.9159309	0.1144222
10200	-295.6282	-288.8124	-6.815793	0.7421509	0.1845987
10400	-298.6292	-286.9219	-11.70729	0.8465839	0.5535576
10600	-291.4937	-287.1107	-4.383008	0.6436545	0.03425645
10800	-295.0662	-285.8776	-9.188639	0.93597	0.2203283
11000	-293.1409	-285.7161	-7.424804	0.7609202	0.2187994
11200	-291.6603	-285.2204	-6.43991	0.7856821	0.09939155
11400	-292.7401	-286.5429	-6.197155	0.6982441	0.1595889
11600	-293.4033	-287.5431	-5.860243	0.8026485	0.02473142
11800	-291.4156	-286.8084	-4.607182	0.6524368	0.048533
12000	-295.8208	-292.1305	-3.690375	0.548643	0.05908708
12200	-292.5371	-285.6061	-6.930977	0.927104	0.00670849
12400	-291.772	-284.4987	-7.273269	0.9432044	0.02531285
12600	-293.7942	-286.4701	-7.324032	0.6632014	0.3051781
12800	-292.2109	-285.4077	-6.803191	0.7574385	0.1633002
13000	-292.4146	-286.8113	-5.603289	0.7819227	0.01889261
13200	-295.1197	-291.3929	-3.726757	0.5576283	0.0538822
13400	-293.901	-287.6545	-6.246465	0.662776	0.1959729
13600	-292.0322	-285.8604	-6.171743	0.7304642	0.1286158
13800	-294.0749	-288.5536	-5.521308	0.6859089	0.1035522
14000	-292.2432	-285.9639	-6.279238	0.7355039	0.1328037
14200	-294.8384	-290.8274	-4.011002	0.6128777	0.02763346
14400	-294.6653	-289.1675	-5.497747	0.7591616	0.03161638
14600	-294.529	-286.6264	-7.902678	0.9824395	0.05006894
14800	-292.3742	-287.2961	-5.078113	0.635303	0.1121524
15000	-291.3982	-285.8189	-5.579272	0.7961979	0.002482732
15200	-297.6349	-285.5724	-12.06247	1.087071	0.3609459
15400	-292.4424	-287.5238	-4.918592	0.6517979	0.07683421
15600	-291.3642	-285.3947	-5.96945	0.7708732	0.06637353
15800	-293.6505	-286.7185	-6.932004	0.6483552	0.2795493
16000	-294.0833	-285.0333	-9.050038	0.975392	0.1717371
16200	-291.4867	-286.8535	-4.633235	0.6958125	0.007994713
16400	-292.7556	-288.6595	-4.096116	0.633999	0.01607395
16600	-294.986	-290.1201	-4.865929	0.5407364	0.1803817
16800	-291.2766	-285.8823	-5.394331	0.7678229	0.01225885
17000	-292.3531	-286.5704	-5.782655	0.7886953	0.02957321
17200	-298.5358	-296.0594	-2.476469	0.4615026	0.02581111
17400	-294.0231	-287.7414	-6.281638	0.5983459	0.2639783
17600	-294.8269	-289.0703	-5.756575	0.6625134	0.152579
17800	-294.7444	-292.0231	-2.721264	0.5045861	0.0079038
18000	-291.4987	-285.872	-5.626729	0.7143821	0.08856383
18200	-294.7214	-287.8174	-6.904055	0.8694199	0.06091598
18400	-291.9422	-285.1796	-6.762601	0.8057605	0.1130922
18600	-292.9128	-286.6135	-6.299312	0.7236656	0.1431031
18800	-293.5819	-288.5287	-5.053189	0.6735879	0.06912799
19000	-291.9678	-286.6418	-5.325944	0.7424277	0.0307585
19200	-292.6952	-285.2889	-7.406226	0.9270977	0.05528363
19400	-291.0219	-286.1639	-4.857971	0.7220941	0.004528596
19600	-293.3721	-287.4077	-5.964472	0.6162191	0.2150067
19800	-292.396	-286.6289	-5.767106	0.7858647	0.03067569
20000	-293.2248	-287.4149	-5.809925	0.7530382	0.068508
20200	-294.7319	-286.9841	-7.747763	0.9297453	0.08589162
20400	-292.1997	-287.383	-4.816714	0.6245552	0.09491132
20600	-293.796	-288.2799	-5.516099	0.6639754	0.1294468
20800	-297.1101	-288.4732	-8.636939	1.051093	0.05341401
21000	-291.5263	-288.0425	-3.483798	0.5853972	0.00367332
21200	-291.8419	-286.2761	-5.565812	0.7193483	0.07610613
21400	-292.2207	-285.9595	-6.261258	0.7450391	0.119169
21600	-292.0996	-287.6858	-4.413745	0.6623893	0.01921686
21800	-293.4458	-290.2084	-3.237426	0.5317331	0.03226146
22000	-292.9223	-288.6348	-4.287525	0.6439722	0.02569746
22200	-291.1849	-286.7091	-4.47576	0.6865525	0.001816662
22400	-293.2597	-288.8431	-4.41667	0.65916	0.02255485
22600	-291.6763	-284.307	-7.369354	0.9579193	0.02029207
22800	-292.2359	-287.5633	-4.672556	0.6350623	0.07097369
23000	-293.0621	-288.9398	-4.122294	0.6046268	0.04739054
23200	-294.0004	-287.0433	-6.957112	0.921045	0.01560101
23400	-292.8387	-286.5946	-6.244078	0.6700841	0.1899428
23600	-293.1147	-288.6468	-4.467902	0.6090626	0.07623666
23800	-291.5724	-285.0265	-6.545942	0.8332799	0.06341548
24000	-291.2415	-285.879	-5.362501	0.7232197	0.05417818
24200	-293.8627	-284.2519	-9.610782	1.01022	0.1974647
24400	-295.0355	-287.962	-7.073468	0.8989844	0.05088078
24600	-291.5683	-285.1389	-6.429384	0.8745686	0.009307546
24800	-294.7318	-285.7135	-9.018279	0.7594025	0.3761852
25000	-296.5452	-287.0087	-9.536592	0.8548301	0.3412823
25200	-294.0415	-290.4212	-3.620245	0.5982224	0.004420588
25400	-294.9288	-287.7256	-7.203249	0.7793496	0.1825837
25600	-292.8378	-286.6936	-6.14428	0.8547487	0.0004567525
25800	-293.3168	-288.2271	-5.089693	0.6056088	0.1403921
26000	-294.0285	-287.6649	-6.363587	0.8151371	0.06039046
26200	-292.8403	-287.845	-4.995317	0.6932128	0.04568333
26400	-293.6054	-284.8759	-8.729501	0.8207941	0.2958407
26600	-297.1921	-293.7605	-3.431548	0.4424964	0.134522
26800	-291.5809	-286.2429	-5.338043	0.7303608	0.0430085
27000	-291.1253	-285.2306	-5.894669	0.8206654	0.009594152
27200	-293.0008	-285.3331	-7.667725	0.8830183	0.1255066
27400	-292.7174	-286.1033	-6.614147	0.8102501	0.09039305
27600	-292.7847	-286.1916	-6.593073	0.7128442	0.1840343
27800	-293.3485	-286.3538	-6.994702	0.8043571	0.1336116
28000	-290.9411	-285.7584	-5.182756	0.7365295	0.02229879
28200	-291.7405	-285.8265	-5.914018	0.8088667	0.02312779
28400	-294.7889	-288.0213	-6.76762	0.778485	0.1324717
28600	-292.443	-287.2827	-5.160326	0.6292729	0.1255716
28800	-292.8919	-285.9176	-6.974279	0.8942051	0.04302058
29000	-292.389	-287.877	-4.511969	0.6760639	0.01555907
29200	-293.7804	-289.6535	-4.1269	0.5407892	0.1077864
29400	-295.8106	-291.8814	-3.92919	0.5708587	0.06126005
29600	-295.3893	-290.5918	-4.797514	0.5579556	0.1588622
29800	-297.2914	-293.2921	-3.999374	0.5679217	0.07242024
30000	-293.738	-289.2044	-4.5336	0.6285504	0.06336565
30200	-298.3906	-291.1268	-7.263723	0.5196575	0.4398569
30400	-292.4645	-287.9495	-4.51494	0.5973537	0.09142396
30600	-292.1285	-284.9185	-7.209975	0.8100637	0.1528761
30800	-293.041	-289.4646	-3.576434	0.5672692	0.02943438
31000	-292.6979	-288.339	-4.358816	0.6684335	0.008110966
31200	-294.0771	-284.5595	-9.517634	1.063922	0.1312122
31400	-292.4881	-287.8932	-4.594865	0.640613	0.0570562
31600	-291.7079	-287.9046	-3.803356	0.588563	0.03170115
31800	-291.9735	-286.1155	-5.858038	0.7552015	0.06948739
32000	-292.9134	-286.0882	-6.825174	0.8530862	0.06817438
32200	-292.7688	-286.8695	-5.899254	0.7972461	0.03411973
32400	-291.9841	-288.6411	-3.343017	0.5600093	0.01450199
32600	-291.5855	-285.1245	-6.461058	0.8121653	0.07470738
32800	-293.9507	-290.2261	-3.724593	0.5181189	0.09045489
33000	-293.5922	-287.3475	-6.244632	0.7952539	0.06773839
33200	-293.4253	-285.5673	-7.858024	0.7455983	0.2826793
33400	-295.1637	-288.9919	-6.171826	0.6411531	0.2109964
33600	-296.8959	-289.0567	-7.839217	0.6428914	0.3707268
33800	-294.1625	-290.4333	-3.729116	0.5375016	0.07412519
34000	-292.4803	-288.3084	-4.17191	0.6569625	0.0009834877
34200	-292.6403	-286.3792	-6.261103	0.8319638	0.03398041
34400	-293.323	-289.7907	-3.532298	0.54394	0.04907621
34600	-293.9675	-291.1539	-2.813616	0.5155683	0.006370009
34800	-290.8406	-285.7414	-5.099137	0.7246414	0.02613729
35000	-292.0696	-285.5628	-6.506824	0.7603333	0.1316531
35200	-293.538	-287.4129	-6.12502	0.6489134	0.1958457
35400	-290.9351	-286.7291	-4.206005	0.6515237	0.009803559
35600	-292.3724	-286.0082	-6.364274	0.8084864	0.06913812
35800	-291.742	-287.2435	-4.498548	0.6552181	0.03389762
36000	-291.8988	-286.0971	-5.801618	0.7302549	0.08845576
36200	-291.7544	-284.9429	-6.811554	0.9073706	0.0146263
36400	-292.7922	-287.9071	-4.885062	0.6065427	0.1174748
36600	-292.1691	-287.3129	-4.856145	0.6243521	0.09905191
36800	-292.0006	-287.5586	-4.441964	0.6351781	0.04771
37000	-291.7149	-286.5935	-5.121352	0.6991131	0.05196078
37200	-297.9621	-290.7821	-7.180013	0.8837725	0.07284641
37400	-291.7248	-286.3188	-5.40601	0.7207989	0.05924574
37600	-292.4328	-286.1586	-6.274187	0.8070529	0.05959303
37800	-293.3303	-286.844	-6.486284	0.8140891	0.07659007
38000	-294.699	-288.0068	-6.692173	0.8776467	0.03202467
38200	-292.9431	-289.006	-3.937059	0.5950095	0.03800191
38400	-292.771	-287.5506	-5.22048	0.6652118	0.09855273
38600	-291.7138	-286.1112	-5.602541	0.7555043	0.04430244
38800	-291.3	-286.9021	-4.397941	0.6748111	0.005554726
39000	-295.4595	-287.5572	-7.902293	0.7556552	0.2650885
39200	-293.8312	-287.8635	-5.967679	0.6997501	0.1400173
39400	-294.9737	-289.6044	-5.369298	0.6755185	0.1015017
39600	-295.9203	-288.2883	-7.632079	0.7444918	0.2537716
39800	-291.8574	-287.2673	-4.590071	0.6810337	0.0182517
40000	-291.7262	-287.6441	-4.082164	0.6425781	0.00621915
40200	-291.3344	-286.2632	-5.071128	0.7218611	0.02614767
40400	-291.6014	-285.8031	-5.798378	0.7625917	0.05779851
40600	-293.7511	-286.1965	-7.554635	0.8136253	0.1764634
40800	-294.2637	-287.4706	-6.793122	0.8525049	0.06612338
41000	-293.9467	-288.425	-5.521683	0.7756335	0.01740412
41200	-293.7118	-287.2764	-6.435383	0.8383168	0.04474863
41400	-291.4068	-285.1574	-6.249362	0.810921	0.05469397
41600	-293.6297	-290.7052	-2.924474	0.5018063	0.03002649
41800	-294.9963	-287.9662	-7.030109	0.8811332	0.06263044
42000	-293.012	-287.4268	-5.585229	0.7925133	0.006756839
42200	-291.5414	-286.965	-4.576378	0.6675666	0.02997279
42400	-294.1879	-287.909	-6.278884	0.8430947	0.02503969
42600	-291.8169	-286.8834	-4.933543	0.7330805	0.001027516
42800	-293.4763	-288.1348	-5.341548	0.7676921	0.007492647
43000	-293.4074	-287.9638	-5.443592	0.7787308	0.00644843
43200	-293.1971	-287.2283	-5.968813	0.6636795	0.1672951
43400	-292.2689	-284.8267	-7.4422	0.9216051	0.06520122
43600	-292.8538	-285.9213	-6.932467	0.9240349	0.01032982
43800	-294.6036	-288.1029	-6.500724	0.656655	0.2274195
44000	-294.3405	-288.5009	-5.83962	0.5965219	0.2160938
44200	-292.0714	-286.8049	-5.266418	0.7406741	0.02557196
44400	-293.2635	-287.2268	-6.036671	0.8252528	0.01950878
44600	-291.1774	-286.5735	-4.603882	0.6895873	0.01126632
44800	-296.0311	-291.4248	-4.606297	0.5212444	0.1725703
45000	-291.6675	-286.6421	-5.025394	0.7045611	0.0379712
45200	-291.2941	-285.5875	-5.7066	0.7844756	0.02707239
45400	-291.4644	-284.9543	-6.510077	0.874122	0.01775526
45600	-293.2211	-289.6692	-3.551897	0.5280594	0.06460353
45800	-292.8064	-287.6446	-5.161767	0.6371089	0.1149136
46000	-295.026	-286.4526	-8.573399	0.9943168	0.1084645
46200	-292.874	-288.9016	-3.972487	0.597436	0.03844744
46400	-293.9811	-287.5275	-6.45364	0.6718108	0.2084061
46600	-292.8389	-287.8225	-5.016488	0.6452111	0.09795042
46800	-293.0302	-288.977	-4.053173	0.598052	0.04550242
47000	-291.6468	-286.115	-5.531718	0.7400465	0.0528143
47200	-295.6427	-287.5962	-8.046537	0.9478938	0.09867749
47400	-292.8533	-287.2258	-5.627492	0.6900327	0.1100916
47600	-292.5482	-289.0501	-3.498056	0.5521529	0.03687395
47800	-292.8523	-286.658	-6.194316	0.6815084	0.1789281
48000	-293.3012	-286.6609	-6.640322	0.7266897	0.1704353
48200	-291.0111	-285.7242	-5.286932	0.761527	0.008033544
48400	-292.1525	-284.3802	-7.772264	0.9438033	0.07582307
48600	-295.3378	-288.5403	-6.797535	0.8097834	0.1095508
48800	-292.8645	-289.305	-3.559466	0.5528605	0.04218868
49000	-291.7851	-286.3904	-5.394715	0.6735869	0.1061883
49200	-294.7728	-288.3434	-6.429455	0.7641171	0.1180905
49400	-292.7065	-286.1678	-6.538663	0.878937	0.01521403
49600	-294.9388	-287.5206	-7.418193	0.827346	0.1571979
49800	-296.029	-286.4529	-9.576175	0.7087714	0.4721845
50000	-292.0478	-287.4422	-4.605627	0.638041	0.06279278
50200	-293.063	-286.0204	-7.042581	0.8204188	0.1235366
50400	-292.7406	-285.0854	-7.655138	0.8113723	0.1945775
50600	-293.2751	-288.6385	-4.636581	0.6724426	0.03167657
50800	-293.0327	-286.3494	-6.683252	0.7759587	0.1288947
51000	-291.4664	-285.3321	-6.134313	0.7757074	0.07949443
51200	-292.807	-287.0123	-5.794715	0.684502	0.1304311
51400	-291.0968	-285.0604	-6.036346	0.8186643	0.02620752
51600	-296.4129	-288.954	-7.458868	0.5752374	0.404198
51800	-296.8125	-288.5691	-8.243431	0.8091437	0.2507753
52000	-292.6126	-286.7964	-5.81628	0.7825564	0.03945209
52200	-291.8666	-287.1285	-4.738123	0.660965	0.05171439
52400	-291.1463	-284.9697	-6.176658	0.851459	0.007106209
52600	-292.4639	-289.137	-3.326876	0.5413228	0.03092348
52800	-295.1425	-286.9611	-8.181422	0.6492349	0.3955548
53000	-292.8038	-287.6323	-5.171496	0.6535946	0.100142
53200	-293.6763	-288.1616	-5.514719	0.5967214	0.1862209
53400	-295.9238	-290.5223	-5.40145	0.7202654	0.05814199
53600	-292.2097	-285.0054	-7.204275	0.8761544	0.08733741
53800	-296.3872	-291.4742	-4.913027	0.6143797	0.1102976
54000	-295.2414	-289.5047	-5.736669	0.553534	0.2492545
54200	-292.8133	-288.5572	-4.256162	0.6383583	0.02731438
54400	-292.0689	-286.7638	-5.305125	0.7213459	0.0480997
54600	-293.0433	-287.6487	-5.394506	0.6167953	0.1594524
54800	-295.8713	-289.6368	-6.23451	0.6856426	0.1704289
55000	-292.6335	-285.7495	-6.88395	0.7896329	0.140978
55200	-290.893	-285.485	-5.407968	0.762153	0.0196774
55400	-295.6793	-288.6718	-7.007554	0.6951834	0.2466355
55600	-292.416	-289.2986	-3.117406	0.5378595	0.01420499
55800	-295.5042	-285.739	-9.765245	0.8026829	0.4177854
56000	-294.402	-287.8419	-6.560096	0.8618721	0.03418721
56200	-291.1406	-285.283	-5.8576	0.7680556	0.05839586
56400	-293.0884	-284.7655	-8.322857	0.8662715	0.2108081
56600	-294.693	-290.9086	-3.784409	0.5145504	0.09845158
56800	-291.8529	-285.6136	-6.239271	0.7350749	0.1285436
57000	-293.4261	-287.3421	-6.084022	0.6356506	0.2046842
57200	-292.7494	-285.8942	-6.855122	0.8671803	0.05766115
57400	-295.6341	-284.3964	-11.2377	1.193847	0.1779297
57600	-292.0058	-284.7624	-7.24338	0.9489345	0.0167358
57800	-293.7916	-288.3656	-5.426026	0.6150859	0.165674
58000	-293.5917	-285.3348	-8.25699	0.8309793	0.233899
58200	-294.5043	-287.1947	-7.309648	0.7935885	0.1766771
58400	-292.7694	-287.2971	-5.472309	0.7129723	0.07269808
58600	-294.1743	-286.7837	-7.390628	0.8595793	0.1164089
58800	-293.2048	-288.8481	-4.356746	0.5664039	0.1040656
59000	-293.8377	-287.8766	-5.961024	0.7079391	0.1256869
59200	-291.6547	-286.7226	-4.932082	0.7071981	0.02570937
59400	-292.7754	-288.8607	-3.914678	0.5621038	0.06815564
59600	-294.9856	-287.8629	-7.122754	0.7238648	0.2346624
59800	-292.0354	-287.8028	-4.23253	0.6511481	0.01251692
60000	-291.5003	-287.3783	-4.121926	0.6238209	0.0286878
60200	-291.7585	-286.0051	-5.753369	0.7655624	0.04925859
60400	-292.8791	-286.8623	-6.01681	0.7798826	0.06170557
60600	-298.1977	-291.4138	-6.783921	0.5764639	0.3273587
60800	-298.6601	-286.4095	-12.25061	1.155207	0.3071652
61000	-294.3958	-288.1515	-6.244289	0.7080445	0.1489041
61200	-293.6384	-289.806	-3.832435	0.5820268	0.04117026
61400	-294.1028	-289.8771	-4.22572	0.5864357	0.0740087
61600	-292.3899	-284.9205	-7.469377	0.9377959	0.05028383
61800	-295.3187	-287.7272	-7.591567	0.8957802	0.1011977
62000	-302.9191	-291.9565	-10.96264	0.8811062	0.4505232
62200	-293.9866	-284.2457	-9.740971	1.044951	0.1743244
62400	-291.8466	-287.3288	-4.517782	0.6318884	0.06021527
62600	-295.2992	-287.0731	-8.226118	0.8957845	0.1684084
62800	-295.0949	-289.8588	-5.236112	0.7024116	0.05889389
63000	-291.2995	-285.255	-6.044476	0.8076019	0.03837748
63200	-291.7984	-285.2933	-6.505122	0.8515357	0.03976656
63400	-293.6263	-286.1784	-7.447934	0.6855369	0.2953338
63600	-293.3987	-287.7727	-5.625987	0.6657289	0.1372485
63800	-292.4733	-288.1637	-4.309556	0.6097903	0.06126833
64000	-292.4506	-286.3708	-6.079817	0.8344546	0.01390607
64200	-298.3012	-291.03	-7.27114	0.8992082	0.06602283
64400	-294.6336	-287.2086	-7.425039	0.9217644	0.06064418
64600	-291.1962	-286.1901	-5.006072	0.7071869	0.03341649
64800	-291.3408	-287.1674	-4.173408	0.6462228	0.01155657
65000	-295.9292	-288.0909	-7.838295	0.8473394	0.1763272
65200	-290.9257	-285.4324	-5.493304	0.7759457	0.01407511
65400	-293.1267	-288.5436	-4.583073	0.5766807	0.1179379
65600	-298.0914	-287.5473	-10.54418	0.9638529	0.3220604
65800	-293.657	-287.7371	-5.919916	0.6758061	0.1516125
66000	-292.4755	-285.8403	-6.635244	0.8506918	0.0528441
66200	-294.5599	-287.405	-7.154938	0.7691099	0.1903147
66400	-291.7253	-285.8819	-5.843427	0.7988993	0.02612303
66600	-291.7124	-287.2193	-4.493113	0.6665291	0.02325758
66800	-291.398	-287.1753	-4.222674	0.634422	0.02774688
67000	-290.8785	-285.326	-5.552426	0.7643509	0.03166474
67200	-299.3079	-288.6778	-10.63009	0.7112996	0.5749448
67400	-292.1151	-287.4286	-4.686475	0.6947757	0.01407316
67600	-293.4466	-286.705	-6.741547	0.8582829	0.05491399
67800	-291.3728	-286.8143	-4.558444	0.6549234	0.04133283
68000	-292.1559	-286.7574	-5.39854	0.7121069	0.06717145
68200	-292.8309	-284.6009	-8.230008	0.9404834	0.124949
68400	-301.7724	-296.6236	-5.148793	0.4801071	0.2744869
68600	-292.6468	-285.524	-7.122866	0.8356414	0.1182135
68800	-292.7962	-285.2847	-7.51151	0.8430459	0.151679
69000	-291.2823	-286.9774	-4.304873	0.6338118	0.0366072
69200	-291.9962	-284.5316	-7.4646	0.9852039	0.002093877
69400	-292.1451	-286.3762	-5.768877	0.722484	0.09210406
69600	-295.0238	-290.3624	-4.661394	0.5052201	0.1936952
69800	-294.9252	-287.4591	-7.4661	0.8661196	0.1204996
70000	-292.66	-287.4264	-5.233645	0.7295022	0.03517479
70200	-292.8591	-286.6845	-6.174621	0.6882014	0.1638646
70400	-295.8319	-289.7311	-6.100809	0.5267092	0.3076273
70600	-293.266	-287.6781	-5.587938	0.613521	0.1785623
70800	-293.9724	-284.7851	-9.187232	1.03719	0.1240766
71000	-292.1837	-284.9846	-7.199102	0.8251413	0.1372587
71200	-292.0109	-285.7752	-6.235694	0.7661182	0.09993548
71400	-291.6878	-286.7323	-4.955439	0.7240463	0.01192347
71600	-292.1849	-287.0309	-5.154065	0.6508177	0.1026497
71800	-292.6137	-285.3513	-7.262404	0.9416812	0.02526543
72000	-291.2395	-285.712	-5.527453	0.7571249	0.03604091
72200	-292.5675	-288.3108	-4.256731	0.5758667	0.08686598
72400	-291.1168	-285.5885	-5.528282	0.7806457	0.01279325
72600	-292.1906	-287.1272	-5.06343	0.6638015	0.07984813
72800	-291.3119	-285.8714	-5.44053	0.778183	0.00673601
73000	-295.8016	-292.6981	-3.103565	0.5506803	0.0004602843
73200	-293.4024	-286.4726	-6.929827	0.8582196	0.07743367
73400	-293.2146	-286.3357	-6.878831	0.7217014	0.2095658
73600	-297.956	-288.1285	-9.827529	0.7656892	0.45504
73800	-293.5562	-289.3121	-4.244079	0.5694327	0.09258271
74000	-295.5167	-286.853	-8.663719	1.082405	0.02465599
74200	-291.2618	-285.8316	-5.430154	0.7401468	0.04292265
74400	-292.7453	-287.667	-5.078277	0.7400022	0.008199346
74600	-294.8952	-286.152	-8.743145	0.9728356	0.1390918
74800	-293.545	-288.692	-4.853047	0.5954923	0.1242994
75000	-297.1031	-287.8255	-9.277578	0.7020885	0.4456321
75200	-294.1688	-289.8364	-4.332333	0.6537256	0.01964153
75400	-291.1566	-286.6031	-4.553525	0.685615	0.01060637
75600	-293.983	-288.9351	-5.04786	0.6056269	0.1349885
75800	-291.8957	-286.6503	-5.245348	0.7518168	0.01383084
76000	-293.3884	-289.3437	-4.044606	0.5496498	0.0903332
76200	-290.8998	-286.4483	-4.451506	0.6798023	0.005994357
76400	-292.1917	-286.2457	-5.94608	0.8213584	0.01400646
76600	-291.7192	-287.4287	-4.290565	0.6337384	0.03461831
76800	-292.4498	-286.9411	-5.508732	0.7145006	0.07565652
77000	-294.8287	-292.2563	-2.572424	0.4863754	0.01122662
77200	-294.0624	-286.4449	-7.61746	0.8067302	0.1918699
77400	-292.8401	-284.6854	-8.154741	0.8666455	0.1911718
77600	-296.8691	-286.8902	-9.978862	1.094509	0.1429615
77800	-291.6324	-287.8162	-3.816229	0.6176213	0.004570711
78000	-296.4227	-286.2917	-10.13099	0.8167381	0.428159
78200	-291.9697	-288.3953	-3.574371	0.5839012	0.01417868
78400	-293.0155	-286.1771	-6.83844	0.7918578	0.1283227
78600	-292.9304	-288.2179	-4.71252	0.581537	0.1279781
78800	-293.1875	-285.7646	-7.422962	0.7215082	0.2616184
79000	-292.7468	-285.1105	-7.636314	0.7932306	0.2112975
79200	-291.211	-285.7352	-5.475814	0.7194914	0.06889323
79400	-294.1866	-288.5769	-5.609661	0.7821075	0.01908243
79600	-295.4399	-291.1188	-4.321129	0.565607	0.1031124
79800	-292.8298	-287.4673	-5.362473	0.6955913	0.08145976
80000	-295.6481	-288.7408	-6.907369	0.6325141	0.2952199
80200	-291.3223	-287.5784	-3.743931	0.6095184	0.005503229
80400	-292.2601	-287.9186	-4.341538	0.6035833	0.06902867
80600	-293.8199	-288.3075	-5.512394	0.5960807	0.1910014
80800	-295.388	-289.9581	-5.429861	0.6307718	0.1503868
81000	-291.9413	-287.5635	-4.377729	0.6272963	0.05113487
81200	-293.1471	-286.0072	-7.139948	0.8930702	0.0599503
81400	-291.6496	-285.218	-6.431597	0.8320436	0.05275262
81600	-292.2475	-285.7232	-6.524261	0.7864983	0.1078581
81800	-293.4776	-286.781	-6.696579	0.7231887	0.1809989
82000	-294.1105	-287.5059	-6.604564	0.7504459	0.1495573
82200	-291.8582	-287.7594	-4.098885	0.6068226	0.0420492
82400	-294.2228	-288.6027	-5.620135	0.5848527	0.2085705
82600	-292.6565	-285.4808	-7.175696	0.8501921	0.1072844
82800	-290.8932	-286.6071	-4.28611	0.6636107	0.005740518
83000	-293.6688	-285.6015	-8.067313	0.7807861	0.2630084
83200	-292.8033	-286.6562	-6.147116	0.8457997	0.009629186
83400	-294.6027	-290.2352	-4.36753	0.5278562	0.1429883
83600	-290.8825	-285.2402	-5.642266	0.7828489	0.02211679
83800	-295.8581	-286.244	-9.614062	0.9833153	0.2118789
84000	-290.9306	-285.6361	-5.294571	0.7341601	0.03589551
84200	-292.239	-287.7052	-4.533837	0.6013452	0.09114351
84400	-296.3347	-288.1079	-8.226841	0.7226529	0.3391171
84600	-291.4957	-286.2942	-5.201512	0.7288721	0.03256659
84800	-291.7974	-288.3763	-3.421075	0.5685996	0.01384948
85000	-292.9417	-285.4333	-7.508432	0.8633825	0.1278376
85200	-293.57	-288.7126	-4.857414	0.6551463	0.07123307
85400	-292.1436	-286.8219	-5.321704	0.6535551	0.1171264
85600	-293.583	-284.4371	-9.145896	1.0154	0.1430681
85800	-293.8631	-289.5866	-4.276504	0.6193155	0.04833489
86000	-291.7373	-286.5744	-5.162887	0.7043595	0.05144109
86200	-291.7142	-288.3716	-3.342607	0.570371	0.004512665
86400	-292.0626	-287.0008	-5.061805	0.6702524	0.07713638
86600	-291.2715	-287.0814	-4.190096	0.6387642	0.02041458
86800	-291.9548	-286.734	-5.220812	0.7372916	0.02481692
87000	-294.0404	-288.6534	-5.386979	0.7294748	0.05121122
87200	-291.848	-285.5315	-6.316548	0.8611234	0.01120431
87400	-291.982	-286.7246	-5.257366	0.7221295	0.04254125
87600	-295.103	-284.7637	-10.33935	0.9076441	0.3748574
87800	-292.7348	-288.8765	-3.858291	0.5954843	0.03022734
88000	-292.9336	-286.0489	-6.884796	0.9155577	0.0139453
88200	-292.5254	-287.3922	-5.133173	0.7161029	0.0379698
88400	-295.1522	-286.9434	-8.208812	0.8585437	0.2067268
88600	-291.9481	-287.0853	-4.862739	0.7188977	0.007913184
88800	-292.2586	-285.9563	-6.302313	0.7096078	0.1607156
89000	-293.2832	-288.5626	-4.720642	0.5737442	0.1326614
89200	-292.4697	-285.0726	-7.397018	0.9132139	0.06726527
89400	-293.0468	-286.7076	-6.339193	0.6754295	0.1938611
89600	-293.4021	-287.4261	-5.976007	0.8289137	0.009314982
89800	-290.8579	-286.6863	-4.1716	0.6553563	0.002538437
90000	-292.1024	-285.632	-6.470437	0.8373486	0.05041694
90200	-291.564	-286.362	-5.201944	0.7515339	0.009631309
90400	-292.8398	-287.4797	-5.360105	0.748123	0.02790197
90600	-293.38	-290.2008	-3.179189	0.542482	0.01551957
90800	-291.5524	-287.7018	-3.850581	0.6075824	0.01770898
91000	-291.5312	-285.103	-6.428255	0.8411262	0.04235582
91200	-291.4741	-287.4534	-4.020708	0.6386531	0.004020352
91400	-294.0756	-289.9646	-4.110986	0.5197478	0.126195
91600	-295.8548	-286.8423	-9.012514	0.7429484	0.381463
91800	-294.7541	-288.1672	-6.586958	0.8255752	0.07222964
92000	-291.8571	-287.5349	-4.322209	0.6254113	0.04663419
92200	-292.4494	-286.5852	-5.864166	0.7732617	0.05226446
92400	-294.2531	-287.9176	-6.33549	0.7972333	0.07457083
92600	-293.1727	-287.7768	-5.395897	0.6322834	0.1482693
92800	-293.8298	-287.1137	-6.716103	0.862706	0.04974564
93000	-293.3279	-286.187	-7.140869	0.9325376	0.02201126
93200	-290.8992	-286.4686	-4.430653	0.6661132	0.01741393
93400	-292.1722	-286.0291	-6.143131	0.8261877	0.0287367
93600	-294.0867	-290.5805	-3.506145	0.5726689	0.01752505
93800	-296.4353	-288.8026	-7.632668	0.7233331	0.2679019
94000	-292.6893	-288.8711	-3.818257	0.6144389	0.007983673
94200	-293.2939	-287.8338	-5.460137	0.6351515	0.1488523
94400	-296.2951	-288.5704	-7.724697	0.5959518	0.3985948
94600	-294.3162	-284.3195	-9.996712	1.221989	0.01939171
94800	-293.6712	-289.7462	-3.925036	0.612094	0.02051401
95000	-292.3296	-285.1949	-7.13463	0.8749607	0.08115112
95200	-294.4489	-290.6094	-3.83951	0.6108006	0.0132097
95400	-292.5799	-287.5666	-5.013266	0.663348	0.07666633
95600	-291.6849	-287.0559	-4.629032	0.7018708	0.001757606
95800	-292.752	-285.8341	-6.917868	0.8167999	0.1184431
96000	-292.9395	-287.9303	-5.009169	0.6568986	0.08274388
96200	-292.5069	-288.609	-3.897861	0.62693	0.003515763
96400	-292.6028	-288.5399	-4.062879	0.5792291	0.06477869
96600	-292.8305	-288.6254	-4.205155	0.6366057	0.02362753
96800	-292.7207	-289.347	-3.373709	0.566866	0.01093203
97000	-292.1147	-285.2113	-6.903407	0.7960901	0.1357836
97200	-293.2983	-285.9113	-7.38703	0.8125179	0.1636216
97400	-292.0162	-284.9904	-7.025792	0.8566001	0.08683175
97600	-294.63	-287.9495	-6.680469	0.6510782	0.2513809
97800	-291.949	-284.713	-7.235974	0.8460748	0.1199474
98000	-294.716	-284.6584	-10.05763	1.198857	0.04911708
98200	-292.7418	-287.6136	-5.128195	0.6347314	0.1167204
98400	-291.4675	-284.7479	-6.71956	0.8414056	0.07214881
98600	-293.2475	-285.8114	-7.436082	0.8814186	0.1009817
98800	-293.6879	-288.6429	-5.044965	0.6940921	0.04940665
99000	-290.9186	-286.2295	-4.689091	0.7005354	0.00896856
99200	-294.9963	-285.799	-9.197343	0.8175904	0.3347068
99400	-292.3315	-284.7202	-7.611338	0.941001	0.06169514
99600	-293.2133	-287.5035	-5.709792	0.7779562	0.03324792
99800	-290.8343	-285.2032	-5.63113	0.7720984	0.0319332
100000	-293.5941	-286.1294	-7.464662	0.8992767	0.08931073
100200	-293.3718	-287.7501	-5.621701	0.698901	0.09884167
100400	-290.8391	-285.4255	-5.413562	0.7779007	0.004215156
100600	-291.9835	-285.7436	-6.239859	0.78747	0.07669896
100800	-294.9792	-285.304	-9.675185	1.050806	0.1639507
101000	-293.3881	-285.2606	-8.12755	0.8570168	0.1949479
101200	-295.0004	-290.387	-4.613403	0.5445882	0.1484517
101400	-292.4343	-287.7351	-4.699145	0.6676119	0.04163407
101600	-293.7578	-289.3383	-4.419546	0.6419666	0.03886625
101800	-294.0177	-288.803	-5.214661	0.6065056	0.1515002
102000	-292.0629	-285.9583	-6.104628	0.8262198	0.02470458
102200	-295.7696	-291.204	-4.565602	0.678753	0.01909413
102400	-295.2921	-286.9662	-8.325908	0.9027603	0.1654356
102600	-295.5234	-287.5847	-7.938648	0.8560999	0.1800678
102800	-293.0434	-286.1266	-6.916728	0.6865983	0.2427584
103000	-297.1318	-294.7297	-2.40204	0.4716092	0.009223786
103200	-296.223	-287.5798	-8.643228	0.8175366	0.2845511
103400	-291.3536	-287.6433	-3.710257	0.6078667	0.003808026
103600	-294.9842	-287.1816	-7.802596	0.9045127	0.1136397
103800	-294.2617	-287.2261	-7.035677	0.897686	0.0447388
104000	-292.7557	-285.8789	-6.876878	0.8983368	0.02948616
104200	-295.7288	-289.0578	-6.670988	0.8398504	0.0666105
104400	-292.8649	-287.7383	-5.12659	0.7385883	0.01466717
104600	-293.1513	-286.3081	-6.843199	0.6957445	0.2301494
104800	-294.4596	-287.421	-7.038624	0.8846227	0.05859304
105000	-292.7568	-288.6142	-4.142673	0.6345621	0.01980972
105200	-295.1091	-285.5949	-9.514171	1.004216	0.1876313
105400	-295.0672	-289.2231	-5.844152	0.6347831	0.1861088
105600	-295.5061	-288.0503	-7.455765	0.8645163	0.1192062
105800	-291.9107	-287.667	-4.243771	0.6067077	0.05653981
106000	-291.2287	-285.0599	-6.168808	0.8221619	0.03616279
106200	-294.1714	-286.9738	-7.197642	0.8457995	0.1150651
106400	-294.1748	-287.8714	-6.30345	0.8653623	0.005777159
106600	-291.7244	-286.526	-5.198394	0.7362722	0.023388
106800	-292.8383	-285.3313	-7.506945	0.8235674	0.16703
107000	-291.6488	-287.6549	-3.993913	0.629947	0.01004178
107200	-292.9819	-288.1328	-4.849115	0.6497993	0.07529613
107400	-298.2285	-291.6196	-6.60894	0.5056391	0.3771838
107600	-291.8091	-286.5945	-5.214645	0.7354226	0.02595812
107800	-294.041	-288.0531	-5.987874	0.6374897	0.1967016
108000	-296.6907	-285.8458	-10.84493	0.7387337	0.5870982
108200	-293.2885	-285.0936	-8.194975	0.9768235	0.08662961
108400	-294.0313	-288.0707	-5.960668	0.7622828	0.07359462
108600	-293.1417	-287.0939	-6.047792	0.8450076	0.0005640461
108800	-292.3809	-287.4165	-4.96441	0.7070851	0.02952291
109000	-292.6159	-285.4667	-7.149149	0.9531125	0.002581157
109200	-292.028	-285.3641	-6.66385	0.7833422	0.1236803
109400	-291.3815	-287.4815	-3.900039	0.6141116	0.0163658
109600	-296.9785	-288.4279	-8.55061	1.064864	0.03150469
109800	-292.5268	-285.947	-6.579774	0.8648624	0.03453956
110000	-291.6236	-286.0915	-5.532135	0.6965086	0.0958992
110200	-292.5827	-285.8707	-6.712031	0.7209683	0.1880014
110400	-298.0029	-286.7047	-11.29818	0.7067934	0.6344628
110600	-292.725	-286.6152	-6.109835	0.7011105	0.1522226
110800	-291.4946	-287.7103	-3.784299	0.6019468	0.01704173
111000	-291.6495	-285.2907	-6.358811	0.8012465	0.07484873
111200	-291.3658	-286.2779	-5.087932	0.7295848	0.01959228
111400	-293.7012	-287.9564	-5.7448	0.7608399	0.05326127
111600	-293.3229	-287.561	-5.761868	0.7561002	0.05856228
111800	-291.936	-287.0063	-4.929786	0.7124019	0.02049189
112000	-293.5631	-286.5252	-7.037912	0.907881	0.03564241
112200	-292.295	-288.2502	-4.044831	0.5998317	0.04313812
112400	-292.5441	-285.9255	-6.618608	0.8161466	0.08756786
112600	-291.5195	-284.6914	-6.828035	0.9032128	0.02055915
112800	-294.3011	-286.9481	-7.353014	0.872536	0.1010485
113000	-292.9134	-286.22	-6.693384	0.8798359	0.02961772
113200	-293.7984	-285.5865	-8.211838	0.8663742	0.196781
113400	-294.1004	-287.3105	-6.789923	0.7891996	0.1273088
113600	-293.2119	-286.7586	-6.45332	0.8386606	0.04728952
113800	-291.5891	-286.5373	-5.051805	0.6708704	0.073273
114000	-292.3416	-285.777	-6.564553	0.7879377	0.1092024
114200	-297.0183	-289.6893	-7.329029	0.7235102	0.2535817
114400	-293.6796	-286.8943	-6.7853	0.7625193	0.1529796
114600	-291.6497	-285.8712	-5.778492	0.8124624	0.006055278
114800	-293.8252	-288.0944	-5.73078	0.6868256	0.1216419
115000	-291.4881	-284.9372	-6.550872	0.8416884	0.0553448
115200	-294.8117	-285.6951	-9.116527	0.7821499	0.375608
115400	-291.7356	-286.314	-5.421683	0.7162644	0.06595366
115600	-293.033	-288.1096	-4.923468	0.6179422	0.1113527
115800	-294.6886	-286.7677	-7.920892	0.9935788	0.03871204
116000	-292.0046	-287.7636	-4.240968	0.6018246	0.06110618
116200	-293.1404	-288.479	-4.661394	0.6412501	0.06410026
116400	-292.5772	-284.9836	-7.593582	0.9594409	0.04099097
116600	-294.0566	-286.2248	-7.83179	0.8982947	0.1259
116800	-292.0166	-285.7898	-6.226823	0.7668467	0.09648681
117000	-293.5504	-286.0736	-7.476828	0.8693894	0.1150733
117200	-291.661	-286.1719	-5.489177	0.7067528	0.08126471
117400	-292.6006	-286.9984	-5.602196	0.758047	0.04385912
117600	-292.1141	-287.1241	-4.98997	0.6700652	0.06874748
117800	-290.7928	-286.4206	-4.37216	0.6694672	0.00846992
118000	-292.4515	-286.9703	-5.481173	0.6736035	0.1104932
118200	-296.7813	-288.9206	-7.860675	1.001657	0.02611426
118400	-293.8918	-286.2327	-7.659143	0.7227863	0.2808949
118600	-295.8928	-285.4532	-10.43968	0.7680429	0.509943
118800	-296.1551	-289.3375	-6.817597	0.7245721	0.1988478
119000	-294.3813	-290.9707	-3.410621	0.5308923	0.04878266
119200	-293.7451	-287.6427	-6.102375	0.7427825	0.1050935
119400	-295.4779	-290.1198	-5.358109	0.5770201	0.1883732
119600	-292.2582	-286.6965	-5.56177	0.6977418	0.09558052
119800	-292.6843	-287.2261	-5.458252	0.7158579	0.06922828
120000	-291.9363	-284.9624	-6.973943	0.9381506	3.873188e-05
120200	-292.4854	-285.5164	-6.968933	0.9208314	0.01685141
120400	-292.4937	-285.6568	-6.836889	0.7664559	0.1604549
120600	-295.1032	-289.2882	-5.815017	0.7181393	0.1043319
120800	-294.1634	-287.2462	-6.917239	0.8527098	0.07793618
121000	-293.8685	-288.4559	-5.412551	0.6414495	0.1347351
121200	-292.7449	-288.9653	-3.77961	0.6165245	0.002168543
121400	-291.2386	-285.5883	-5.650282	0.7790795	0.0267823
121600	-291.2968	-285.0938	-6.202997	0.8295258	0.03204569
121800	-291.0868	-286.2341	-4.852705	0.6834264	0.04227747
122000	-294.0535	-286.6208	-7.432697	0.9040665	0.07736605
122200	-292.8839	-286.1956	-6.688276	0.7279129	0.176526
122400	-293.5876	-287.8575	-5.730151	0.7433684	0.06715231
122600	-291.8902	-287.1796	-4.710678	0.6828638	0.02770474
122800	-291.8836	-284.7867	-7.096822	0.8981777	0.05316166
123000	-294.029	-287.8714	-6.157591	0.7410844	0.1127011
123200	-292.5581	-286.8791	-5.679022	0.6482996	0.1582178
123400	-293.5917	-289.4014	-4.1903	0.6345922	0.02448313
123600	-293.2718	-286.5886	-6.683172	0.7475358	0.1649692
123800	-293.18	-285.336	-7.843926	0.7866764	0.2377206
124000	-291.9174	-286.474	-5.443392	0.780905	0.004116279
124200	-291.2077	-285.6408	-5.566942	0.7755394	0.0218995
124400	-292.2296	-285.058	-7.171566	0.8106744	0.1476832
124600	-295.7498	-287.9165	-7.833293	0.7881607	0.2328903
124800	-294.0816	-287.5751	-6.506512	0.8418601	0.04857081
125000	-293.0994	-286.9196	-6.179715	0.7463243	0.1083364
125200	-294.6009	-286.7199	-7.881007	1.002967	0.02632281
125400	-293.0619	-287.0481	-6.013767	0.8289614	0.01283214
125600	-291.9635	-287.0795	-4.883938	0.7176047	0.01125403
125800	-295.0374	-286.1971	-8.84034	1.050827	0.07232542
126000	-293.818	-288.1133	-5.704692	0.694786	0.1189723
126200	-292.633	-285.9149	-6.718048	0.8750487	0.0388813
126400	-296.8848	-287.3543	-9.530436	1.173018	0.02056065
126600	-294.1508	-285.5783	-8.57251	0.8843022	0.210498
126800	-294.8059	-290.2827	-4.523239	0.6363945	0.05578207
127000	-291.1929	-285.7908	-5.402047	0.7535993	0.0269034
127200	-292.9713	-287.062	-5.909249	0.7935461	0.03845637
127400	-292.3919	-285.9278	-6.46414	0.7776867	0.1069485
127600	-292.7021	-287.5283	-5.173763	0.7354606	0.0228241
127800	-294.3859	-291.0363	-3.349644	0.5508668	0.02391842
128000	-291.2979	-286.6949	-4.603037	0.6799502	0.02111744
128200	-293.1035	-287.6908	-5.412673	0.6586777	0.1197726
128400	-292.9953	-289.3296	-3.665719	0.5988505	0.008075623
128600	-293.8809	-284.8871	-8.993855	0.9321217	0.2120391
128800	-293.0323	-286.0784	-6.953843	0.8181354	0.115966
129000	-292.0873	-285.2202	-6.867062	0.9062632	0.02134767
129200	-290.987	-284.8602	-6.126782	0.841479	0.0120943
129400	-291.6069	-287.1748	-4.432155	0.6524569	0.0306314
129600	-292.3081	-286.2512	-6.056899	0.830821	0.01524276
129800	-292.4658	-287.0855	-5.380306	0.7751016	0.003675308
130000	-292.1605	-286.0881	-6.07242	0.7500437	0.09756676
130200	-294.0185	-289.1335	-4.884987	0.6031405	0.1186793
130400	-291.3172	-285.2796	-6.037605	0.8435436	0.001015187
130600	-292.9522	-284.9298	-8.022405	0.8331372	0.2126179
130800	-292.5374	-286.3955	-6.14198	0.7297237	0.1228954
131000	-294.6816	-289.7644	-4.917206	0.6719871	0.05855032
131200	-293.8556	-288.5895	-5.266078	0.6635042	0.105088
131400	-292.4195	-286.3414	-6.078102	0.8160922	0.03165634
131600	-292.2356	-288.5501	-3.685489	0.5727052	0.03488756
131800	-292.5648	-286.2604	-6.304339	0.7102933	0.1574998
132000	-292.5515	-286.2324	-6.31905	0.8206713	0.05359633
132200	-293.1923	-284.9264	-8.265833	0.9201792	0.1477129
132400	-291.6864	-285.28	-6.406393	0.7717396	0.1102846
132600	-291.1126	-286.4328	-4.679729	0.6923671	0.01645192
132800	-293.0609	-288.1617	-4.899151	0.6529706	0.0758152
133000	-293.0858	-286.1893	-6.896559	0.8170208	0.1095641
133200	-294.0836	-287.1314	-6.952202	0.8340843	0.09822797
133400	-291.3333	-286.7016	-4.631738	0.6666298	0.03731164
133600	-293.0881	-288.9051	-4.18301	0.6107585	0.04753243
133800	-292.8076	-286.4252	-6.382374	0.8045876	0.07439968
134000	-296.5227	-285.3868	-11.13591	0.8132225	0.5352481
134200	-293.3043	-286.3109	-6.993421	0.7620471	0.1719962
134400	-291.6388	-286.8707	-4.768101	0.7035787	0.01379001
134600	-294.45	-287.6784	-6.771606	0.89476	0.0231945
134800	-292.5102	-288.3869	-4.123272	0.5879101	0.06464553
135000	-293.8808	-288.0434	-5.837325	0.7114441	0.1110365
135200	-291.813	-284.5889	-7.224157	0.948552	0.01513037
135400	-291.2603	-285.2032	-6.057021	0.7817662	0.06458425
135600	-293.8677	-287.0711	-6.796569	0.7732159	0.1416452
135800	-292.0328	-287.7452	-4.287656	0.6157204	0.05201398
136000	-293.3727	-288.2705	-5.102157	0.6259971	0.1217107
136200	-292.313	-286.8369	-5.476132	0.6590242	0.1263353
136400	-292.9305	-287.1851	-5.745363	0.8102784	0.005183357
136600	-291.8773	-287.9405	-3.936737	0.632958	0.001494768
136800	-291.1767	-286.1868	-4.989904	0.7212795	0.01803232
137000	-295.1181	-286.698	-8.42012	0.7368487	0.3334036
137200	-291.5485	-284.559	-6.989483	0.9154987	0.02486998
137400	-291.5079	-285.6474	-5.860552	0.8065539	0.02013413
137600	-292.5168	-288.2116	-4.305228	0.6096625	0.06003374
137800	-292.1336	-287.5323	-4.601208	0.6287997	0.07028285
138000	-292.0749	-288.5556	-3.519334	0.5849124	0.00748307
138200	-294.0672	-290.0078	-4.059421	0.5662602	0.07788204
138400	-291.5008	-286.888	-4.612801	0.6963615	0.005592639
138600	-291.7864	-286.2519	-5.534508	0.7152196	0.07763433
138800	-294.585	-288.7955	-5.78953	0.7899774	0.03007553
139000	-295.2753	-287.7714	-7.503907	0.6838275	0.2978201
139200	-293.2957	-286.8776	-6.418175	0.7957741	0.08454022
139400	-291.472	-284.4194	-7.052581	0.9214532	0.02505056
139600	-292.045	-287.087	-4.958019	0.6279625	0.1069046
139800	-292.0006	-288.4084	-3.592239	0.5845548	0.01474773
140000	-292.0954	-287.9739	-4.121563	0.5846437	0.06636632
140200	-293.3423	-288.3625	-4.979765	0.5753056	0.1568705
140400	-295.3508	-285.8746	-9.476236	0.8893074	0.2929169
140600	-291.0653	-286.1478	-4.917468	0.7200727	0.01224065
140800	-291.2871	-286.5497	-4.737395	0.6953495	0.01870657
141000	-297.2555	-285.4236	-11.83186	1.109476	0.3167471
141200	-293.373	-286.9224	-6.450616	0.8159232	0.06994116
141400	-292.2633	-285.9136	-6.349749	0.8175415	0.05764446
141600	-292.7892	-289.4728	-3.316434	0.5413749	0.03012405
141800	-291.1509	-285.8616	-5.289289	0.7085346	0.06101641
142000	-292.25	-286.1369	-6.113077	0.8141547	0.03783193
142200	-295.2468	-284.8626	-10.38424	0.8630962	0.4165759
142400	-293.0917	-287.0303	-6.061384	0.6722805	0.1673789
142600	-292.0404	-285.9473	-6.09313	0.7321527	0.115975
142800	-292.7963	-287.3973	-5.39899	0.7233998	0.05803446
143000	-292.2108	-284.4688	-7.742074	0.9390353	0.0773625
143200	-292.9832	-288.6172	-4.365953	0.6151593	0.05893296
143400	-294.4224	-289.2708	-5.151572	0.6535514	0.103478
143600	-291.7465	-286.2167	-5.529762	0.7259155	0.06612047
143800	-292.2705	-285.4503	-6.820183	0.8495202	0.07242163
144000	-293.0317	-286.823	-6.208716	0.7900779	0.06969286
144200	-296.894	-286.7136	-10.18043	0.920043	0.3271542
144400	-295.472	-285.0304	-10.44159	0.9261373	0.3694745
144600	-292.819	-288.2379	-4.58103	0.6257505	0.0711981
144800	-291.435	-285.8404	-5.594686	0.7098752	0.09014955
145000	-290.8905	-285.7486	-5.141823	0.7192755	0.0354895
145200	-293.5215	-289.639	-3.882454	0.5553416	0.07115019
145400	-292.7673	-287.0596	-5.707672	0.7690759	0.04088272
145600	-292.3908	-285.5319	-6.858892	0.7499643	0.174921
145800	-293.0848	-289.1921	-3.89273	0.5474149	0.08010247
146000	-293.236	-286.1136	-7.122367	0.8807439	0.07047159
146200	-292.8871	-289.0992	-3.787897	0.5594391	0.05761267
146400	-293.4921	-288.971	-4.521062	0.6733572	0.01856252
146600	-294.2179	-285.9815	-8.236413	0.9481927	0.1139136
146800	-293.2173	-287.4225	-5.794798	0.6745441	0.1416247
147000	-291.3234	-287.4192	-3.904233	0.6166378	0.01442569
147200	-292.8255	-286.5202	-6.305347	0.7852503	0.08367974
147400	-294.139	-288.648	-5.491051	0.6286587	0.1573688
147600	-292.0372	-286.3757	-5.6615	0.8046819	0.002251759
147800	-293.5033	-288.0315	-5.471743	0.6070691	0.1732278
148000	-294.125	-288.0376	-6.087408	0.619691	0.2175001
148200	-291.0967	-286.4009	-4.695808	0.6753394	0.03493465
148400	-291.2991	-285.3024	-5.996674	0.8311618	0.009230043
148600	-292.2438	-286.88	-5.363881	0.71633	0.05848067
148800	-293.6107	-289.6444	-3.96628	0.6353249	0.002001827
149000	-297.4523	-289.829	-7.6233	0.7242511	0.2803614
149200	-293.7115	-285.5465	-8.164933	0.9840037	0.07406071
149400	-295.3863	-287.8141	-7.572269	0.6779071	0.3176629
149600	-294.0611	-285.8424	-8.218704	1.024375	0.03865262
149800	-292.4758	-288.7065	-3.769303	0.6171357	0.0005765703
150000	-294.0162	-284.6784	-9.337706	0.8688365	0.3078816
150200	-291.3706	-285.6439	-5.72676	0.7969532	0.0168938
150400	-293.5684	-289.1988	-4.369581	0.625037	0.05063382
150600	-292.1753	-286.0277	-6.147627	0.7910887	0.06399617
150800	-291.9001	-286.7849	-5.115145	0.6815281	0.06825372
151000	-292.1235	-286.1774	-5.946093	0.7073156	0.1259676
151200	-291.5504	-286.4735	-5.076851	0.7202287	0.0272922
151400	-292.5136	-287.9614	-4.552291	0.6832636	0.01262207
151600	-294.5139	-287.4641	-7.049775	0.9361986	0.009201506
151800	-294.4139	-287.5726	-6.841214	0.9036726	0.02155068
152000	-293.6907	-287.7724	-5.918298	0.6743736	0.1535402
152200	-293.9865	-285.945	-8.041496	0.9461029	0.09666583
152400	-292.4365	-285.7914	-6.64511	0.8766651	0.02839071
152600	-291.609	-285.2441	-6.364861	0.8467238	0.03103392
152800	-293.1347	-284.9112	-8.223422	0.8199711	0.2437989
153000	-293.2068	-284.1955	-9.011281	1.043952	0.1007867
153200	-292.0477	-288.079	-3.968794	0.6119013	0.02481514
153400	-291.2413	-285.1157	-6.12554	0.8026424	0.05081955
153600	-291.1314	-285.5761	-5.555362	0.7586806	0.03813992
153800	-292.6243	-286.9306	-5.693746	0.7386286	0.07310375
154000	-291.5511	-287.8293	-3.721872	0.6034824	0.009318681
154200	-291.5141	-286.0004	-5.513623	0.7333341	0.05781235
154400	-292.4221	-286.1129	-6.309148	0.7573714	0.1140625
154600	-291.3519	-287.1074	-4.244496	0.6468052	0.01776318
154800	-292.053	-286.2537	-5.79927	0.7758526	0.0451907
155000	-293.8578	-286.5591	-7.298773	0.9597371	0.01071242
155200	-294.9518	-288.6802	-6.271613	0.6466034	0.2141868
155400	-296.6742	-286.5489	-10.12527	1.006337	0.2385349
155600	-293.9177	-290.603	-3.314639	0.5705631	0.001663642
155800	-294.2022	-289.8693	-4.332882	0.6500597	0.02361597
156000	-293.1061	-284.303	-8.803108	1.061312	0.06207651
156200	-293.6159	-285.8007	-7.815215	0.7729317	0.2490279
156400	-292.4335	-288.2561	-4.177477	0.5895427	0.06556933
156600	-292.779	-286.4841	-6.294904	0.707485	0.1622829
156800	-290.9532	-286.2333	-4.719911	0.6993357	0.01328621
157000	-293.6964	-287.8224	-5.874029	0.7692638	0.05736405
157200	-291.5818	-286.2983	-5.283571	0.6796683	0.08820058
157400	-292.844	-285.7008	-7.143198	0.898911	0.05564368
157600	-291.6387	-285.9311	-5.707557	0.7595196	0.05133746
157800	-293.3597	-287.0007	-6.35899	0.8045727	0.0718166
158000	-291.4259	-285.4021	-6.023768	0.763179	0.07945495
158200	-294.1412	-288.8316	-5.309623	0.5975432	0.1683211
158400	-294.254	-289.967	-4.287016	0.5805915	0.08670747
158600	-295.7934	-288.2057	-7.587731	0.6068738	0.3772418
158800	-296.1691	-287.4062	-8.76296	0.9976758	0.1159621
159000	-291.7844	-286.7756	-5.008819	0.6832963	0.057564
159200	-296.2737	-287.8294	-8.444286	0.8621595	0.2266091
159400	-291.6743	-286.8259	-4.848379	0.6516706	0.07217734
159600	-298.1395	-289.2801	-8.859415	0.6174977	0.4900649
159800	-292.454	-289.1574	-3.296624	0.5514626	0.01796047
160000	-290.9598	-285.4892	-5.470597	0.7697703	0.01834885
160200	-291.4448	-285.6768	-5.768053	0.7348081	0.08275828
160400	-291.4253	-285.2994	-6.125955	0.7853329	0.06787032
160600	-294.4864	-289.1591	-5.327352	0.5753263	0.1886794
160800	-293.1403	-287.2597	-5.880599	0.7366204	0.08780964
161000	-293.2358	-286.4901	-6.745704	0.7169798	0.1987934
161200	-291.7425	-287.1336	-4.60892	0.6289614	0.07175612
161400	-291.8434	-286.6468	-5.196618	0.6556813	0.1025516
161600	-293.7675	-285.0836	-8.683879	0.9050849	0.2100465
161800	-291.6382	-286.2877	-5.350557	0.7565975	0.01916891
162000	-292.9484	-287.35	-5.59833	0.6578879	0.1374845
162200	-291.8315	-285.3041	-6.527438	0.8406884	0.05334552
162400	-295.0115	-287.7321	-7.279444	0.8292332	0.1361642
162600	-291.5902	-285.0695	-6.52063	0.8611124	0.03177564
162800	-292.4067	-286.1181	-6.288531	0.8463938	0.0228544
163000	-292.2486	-286.7825	-5.466105	0.7461526	0.04152158
163200	-291.625	-286.5423	-5.082644	0.6693563	0.07957902
163400	-296.809	-286.4588	-10.35021	1.010861	0.2602883
163600	-292.9339	-285.616	-7.317899	0.7774802	0.1943843
163800	-293.6415	-287.4552	-6.186318	0.613882	0.2372056
164000	-291.053	-284.7437	-6.309287	0.8671861	0.004592044
164200	-292.6518	-288.219	-4.432823	0.6247953	0.05702543
164400	-293.6319	-287.9322	-5.69967	0.7975357	0.01359935
164600	-291.8265	-288.1374	-3.689136	0.6062431	0.003325673
164800	-292.3543	-285.6663	-6.688065	0.8385212	0.07121848
165000	-296.9191	-290.3379	-6.581293	0.8550505	0.04141244
165200	-296.4543	-289.725	-6.729229	0.7725674	0.1377241
165400	-291.8478	-287.1555	-4.692249	0.6476804	0.06132136
165600	-291.6662	-287.3874	-4.278852	0.6210993	0.04600194
165800	-294.6521	-284.6578	-9.994271	1.01398	0.229395
166000	-295.8291	-287.7567	-8.072366	1.043862	0.004382885
166200	-291.828	-287.2249	-4.603052	0.6513968	0.04972528
166400	-293.1431	-285.7378	-7.405315	0.7779598	0.2004873
166600	-291.7573	-285.6718	-6.085463	0.7898599	0.05854731
166800	-293.3703	-290.6225	-2.747773	0.5074169	0.00769257
167000	-294.4687	-288.0341	-6.434527	0.7545888	0.1252517
167200	-294.3285	-286.4291	-7.89936	0.8089927	0.2170448
167400	-292.0439	-285.1559	-6.888009	0.8452136	0.08522973
167600	-294.3341	-286.5851	-7.748983	0.8544215	0.1547911
167800	-291.4721	-287.3706	-4.101511	0.6201763	0.02974051
168000	-294.6882	-284.7803	-9.907862	0.9868172	0.250036
168200	-294.2359	-289.2834	-4.952414	0.5680629	0.1593733
168400	-293.2646	-288.6697	-4.594919	0.6941936	0.005992126
168600	-293.9099	-288.8854	-5.024482	0.5927967	0.1445269
168800	-291.9429	-285.7203	-6.222631	0.8057834	0.05646318
169000	-294.3844	-287.2656	-7.118819	0.6844107	0.2592845
169200	-291.5659	-286.3544	-5.21149	0.7260636	0.03479764
169400	-295.9676	-288.2716	-7.695962	0.8437372	0.1688559
169600	-291.2695	-285.0613	-6.208204	0.82863	0.03311317
169800	-291.8382	-287.3038	-4.53441	0.6766465	0.01686816
170000	-298.0703	-291.4908	-6.579476	0.5110679	0.3616237
170200	-293.1127	-286.9756	-6.137075	0.690401	0.1576503
170400	-292.1155	-287.998	-4.117466	0.639407	0.01248998
170600	-295.1544	-287.7793	-7.375127	0.9239542	0.05293586
170800	-290.9909	-286.1493	-4.841674	0.68759	0.03700262
171000	-291.7487	-286.4343	-5.314394	0.7383946	0.03263951
171200	-296.6804	-287.3795	-9.300835	0.8869321	0.2762294
171400	-292.1321	-285.1978	-6.934272	0.8047766	0.1287891
171600	-293.2891	-286.5941	-6.695032	0.7498024	0.1543416
171800	-290.5826	-285.2967	-5.285889	0.7684888	0.0008922538
172000	-292.7175	-285.9552	-6.762325	0.8865823	0.02999915
172200	-293.0548	-288.2879	-4.766854	0.6251167	0.08822328
172400	-294.7192	-287.8734	-6.845847	0.6138906	0.30679
172600	-293.8547	-287.4591	-6.395642	0.8489358	0.03208442
172800	-292.2317	-285.3191	-6.912661	0.8507294	0.0835522
173000	-292.273	-286.5195	-5.753497	0.8001444	0.01548561
173200	-293.8339	-285.5854	-8.248451	0.9374248	0.133113
173400	-295.4662	-291.225	-4.241185	0.6065439	0.05618939
173600	-295.6854	-293.0147	-2.6707	0.4800001	0.02705357
173800	-295.0341	-286.3326	-8.701528	0.8157925	0.2847581
174000	-292.3879	-284.8636	-7.524294	0.8402335	0.1539713
174200	-292.8307	-288.2598	-4.570915	0.6013306	0.09151694
174400	-291.1425	-286.7496	-4.392904	0.6556124	0.02395198
174600	-294.3496	-286.5946	-7.754969	0.8068196	0.2053108
174800	-292.8355	-287.3712	-5.464319	0.7434063	0.04303641
175000	-292.6488	-286.5082	-6.140553	0.7924156	0.06379283
175200	-290.8614	-286.6008	-4.260626	0.6596648	0.007034829
175400	-293.9563	-285.0798	-8.876563	1.025184	0.1040828
175600	-291.7685	-287.3982	-4.370329	0.6579438	0.01945903
175800	-292.9444	-285.0348	-7.909679	0.9641905	0.07017116
176000	-291.9518	-285.8684	-6.083359	0.7794304	0.06854171
176200	-293.4896	-287.4936	-5.996044	0.7664178	0.07434885
176400	-291.4043	-287.0331	-4.371247	0.6554485	0.02181236
176600	-293.8074	-288.1514	-5.65596	0.7206156	0.08532809
176800	-294.2471	-290.7116	-3.535514	0.5933557	0.0009482204
177000	-291.4706	-285.6596	-5.811048	0.8107708	0.01137262
177200	-294.6187	-287.0593	-7.559438	0.8890876	0.1077814
177400	-292.0522	-286.4996	-5.552611	0.7219999	0.07305411
177600	-297.218	-290.5211	-6.696873	0.5863085	0.3127953
177800	-292.4811	-286.0984	-6.382719	0.8401549	0.04006129
178000	-291.47	-285.9698	-5.500249	0.7507542	0.04048262
178200	-292.947	-286.6471	-6.299936	0.6643208	0.2018157
178400	-292.2042	-288.28	-3.92425	0.6199299	0.01289139
178600	-294.4011	-288.1328	-6.26823	0.8064594	0.05814282
178800	-292.7393	-287.6217	-5.117665	0.6930533	0.05844304
179000	-294.0847	-288.5771	-5.507656	0.6219673	0.1650783
179200	-292.4611	-287.4207	-5.040351	0.6607899	0.08032995
179400	-291.3753	-285.5205	-5.854761	0.7459343	0.08046902
179600	-290.7145	-285.3356	-5.378948	0.7622558	0.0165617
179800	-291.3563	-287.1726	-4.183639	0.6320439	0.02673613
180000	-291.3078	-286.9652	-4.342664	0.6716031	0.003319115
180200	-294.2706	-288.0146	-6.256061	0.5862823	0.2694568
180400	-290.9194	-286.2486	-4.670814	0.7019549	0.005779265
180600	-296.1679	-286.7286	-9.439226	1.164136	0.02043625
180800	-295.9193	-287.2012	-8.718117	0.6392361	0.4701283
181000	-293.3993	-285.4915	-7.907818	0.9112556	0.1240413
181200	-292.1978	-284.6776	-7.520201	0.9002061	0.09395249
181400	-294.2975	-285.3457	-8.951813	0.7941558	0.3434622
181600	-291.7197	-287.1079	-4.611801	0.6889985	0.01255675
181800	-293.3947	-287.2035	-6.191118	0.7662342	0.09602613
182000	-291.6968	-287.9426	-3.754161	0.6120175	0.004107022
182200	-291.3055	-285.0336	-6.271886	0.8257948	0.04215713
182400	-296.1768	-293.8801	-2.296744	0.4331027	0.03533275
182600	-292.3594	-285.0421	-7.31724	0.8142727	0.1586282
182800	-292.5569	-287.3532	-5.2037	0.7184585	0.04076664
183000	-292.1962	-286.8433	-5.352907	0.7162041	0.05755827
183200	-296.3966	-287.6567	-8.739961	0.8966839	0.2130933
183400	-293.0089	-289.6365	-3.372449	0.5597051	0.0176393
183600	-294.6559	-287.1726	-7.483252	0.9318149	0.05799293
183800	-295.379	-288.9342	-6.444738	0.7368534	0.147598
184000	-291.9395	-286.0616	-5.87789	0.7278838	0.09876308
184200	-293.0535	-287.1427	-5.910831	0.6393529	0.1915285
184400	-290.8047	-285.4329	-5.371805	0.7671258	0.01077801
184600	-294.1925	-287.0996	-7.092908	0.7287814	0.2173787
184800	-295.7195	-290.166	-5.553432	0.5215093	0.266939
185000	-297.8881	-286.5239	-11.36423	1.133613	0.2385487
185200	-296.8142	-286.7673	-10.04684	0.7679138	0.4578434
185400	-292.7574	-287.2085	-5.548883	0.7895742	0.00612642
185600	-292.1248	-285.1953	-6.929439	0.8164861	0.1184466
185800	-292.9613	-285.5091	-7.452239	0.9157351	0.07157258
186000	-292.8741	-286.8556	-6.01853	0.6470361	0.1933561
186200	-293.2314	-287.2837	-5.947654	0.7257689	0.1082235
186400	-291.949	-287.8507	-4.098304	0.6360057	0.01445452
186600	-290.9537	-286.5293	-4.424358	0.6602095	0.02282149
186800	-294.6366	-286.5296	-8.106929	1.050619	0.0008653448
187000	-292.3425	-286.2773	-6.065138	0.7252827	0.1185531
187200	-295.2507	-289.7232	-5.527551	0.7242456	0.06888325
187400	-291.4618	-285.0816	-6.38025	0.8482735	0.03074829
187600	-293.6133	-287.3902	-6.223104	0.6919926	0.1641714
187800	-290.9236	-284.8978	-6.025779	0.8206387	0.02295462
188000	-292.5582	-288.9903	-3.567881	0.5574066	0.03911784
188200	-292.1152	-286.6986	-5.416586	0.6540577	0.1253566
188400	-295.5896	-287.9865	-7.603147	0.9617539	0.03938844
188600	-294.0294	-287.6918	-6.33761	0.8678507	0.006760155
188800	-292.8339	-287.1514	-5.682493	0.6714893	0.1316006
189000	-291.8916	-286.3106	-5.581011	0.7059049	0.09133476
189200	-293.6164	-288.9961	-4.620274	0.6999851	0.002732116
189400	-292.5767	-285.3611	-7.215623	0.8870426	0.0770147
189600	-293.0275	-287.5834	-5.444032	0.7707756	0.01429274
189800	-291.63	-287.2197	-4.410219	0.6481627	0.03244239
190000	-292.2364	-287.9106	-4.325825	0.5998911	0.07051989
190200	-290.8841	-285.9189	-4.965211	0.7171586	0.02012369
190400	-295.0092	-285.4757	-9.533558	0.9972053	0.196636
190600	-292.3147	-287.1783	-5.136373	0.6871469	0.06641886
190800	-294.7631	-285.3676	-9.395574	1.097944	0.08520015
191000	-293.8809	-288.8092	-5.071764	0.63975	0.1040871
191200	-292.38	-288.7823	-3.597728	0.5627442	0.035943
191400	-294.2743	-288.6425	-5.631832	0.696118	0.1096539
191600	-292.2479	-285.9809	-6.266938	0.862744	0.004612123
191800	-294.1598	-286.0823	-8.077463	0.8616531	0.1829539
192000	-292.3579	-286.4142	-5.943721	0.6957617	0.1358596
192200	-295.0825	-288.4865	-6.596039	0.6328811	0.2585712
192400	-291.9842	-286.1623	-5.821894	0.8148786	0.007877378
192600	-291.3563	-286.1064	-5.249845	0.7243197	0.0415366
192800	-292.9307	-285.9853	-6.945393	0.8646803	0.06859519
193000	-291.8159	-286.9826	-4.833259	0.653358	0.06830281
193200	-291.9558	-286.5851	-5.370678	0.7389651	0.03758178
193400	-295.7268	-285.7508	-9.976009	0.7736545	0.4718052
193600	-291.5882	-286.6194	-4.968781	0.721032	0.01598467
193800	-294.3456	-290.7343	-3.611288	0.5066787	0.09113769
194000	-292.7181	-284.4612	-8.25686	0.9517154	0.1168959
194200	-292.3757	-286.9308	-5.444899	0.7266576	0.05656886
194400	-292.224	-288.6821	-3.541846	0.5717714	0.02234531
194600	-292.6126	-287.6168	-4.995853	0.7358613	0.004324863
194800	-293.9973	-286.105	-7.892315	0.9012416	0.1244043
195000	-297.7186	-285.1218	-12.59678	1.299233	0.2128031
195200	-292.3608	-287.7896	-4.571196	0.6096391	0.0871884
195400	-291.8533	-285.544	-6.309297	0.8647422	0.007169624
195600	-291.7665	-285.8768	-5.889767	0.8008648	0.02882654
195800	-294.451	-287.3102	-7.140833	0.8126341	0.1461891
196000	-293.8354	-286.1523	-7.683115	0.9497526	0.05833921
196200	-293.5691	-289.0592	-4.509848	0.6495133	0.04186729
196400	-292.9711	-288.3314	-4.639744	0.672192	0.03099901
196600	-291.8371	-285.0616	-6.775479	0.8287349	0.08953785
196800	-291.8531	-285.8057	-6.047466	0.838426	0.00714508
197000	-293.4765	-285.1866	-8.28996	1.002867	0.06789644
197200	-294.613	-287.1615	-7.45151	0.7755261	0.2077861
197400	-291.9961	-285.3399	-6.656183	0.8741698	0.03197112
197600	-292.6778	-288.0356	-4.642113	0.7039974	0.000963217
197800	-291.9294	-286.6618	-5.267614	0.7237306	0.04228103
198000	-294.0229	-288.3875	-5.635364	0.7319062	0.07248936
198200	-291.5652	-285.8647	-5.700467	0.7419862	0.06785169
198400	-290.6489	-285.6333	-5.015591	0.728762	0.01353213
198600	-292.4397	-285.7286	-6.711083	0.8226083	0.08747364
198800	-295.2773	-291.3348	-3.942502	0.519902	0.1107976
199000	-292.8197	-288.3707	-4.448944	0.682817	0.00275925
199200	-293.884	-290.1538	-3.730128	0.5349952	0.0760583
199400	-297.6603	-285.1092	-12.55108	1.467731	0.02947678
199600	-294.3481	-288.1109	-6.237235	0.6814568	0.1839556
199800	-292.6799	-287.7258	-4.954091	0.679774	0.05615019
200000	-292.3411	-286.515	-5.826068	0.8088253	0.01398584
