Iteration	Posterior	Likelihood	Prior	branch_rates	root_freq[1]	root_freq[2]	root_freq[3]	root_freq[4]	speciation_rate
0	-290.1114	-280.6712	-9.440228	1.215941	0.0301794	0.00222741	0.555505	0.412088	0.1415727
200	-291.6001	-278.6795	-12.92051	1.565908	0.0349107	0.00740356	0.505667	0.452019	0.1427418
400	-291.7199	-279.5253	-12.19451	1.503022	0.0260774	0.0276521	0.0506439	0.895627	0.1303016
600	-292.1389	-278.7655	-13.3734	1.538751	0.0234886	0.0381248	0.164007	0.77438	0.2135825
800	-294.3003	-283.914	-10.38634	1.431637	0.199375	0.00357326	0.0511166	0.745935	0.02537756
1000	-293.0555	-283.0854	-9.970019	1.371253	0.0222691	0.15456	0.788421	0.03475	0.04287554
1200	-292.1768	-284.1871	-7.989671	1.091386	0.0308269	0.0764524	0.499814	0.392906	0.1214214
1400	-293.8194	-284.4561	-9.363351	1.283652	0.00797114	0.0345778	0.199459	0.757992	0.0680444
1600	-292.0187	-280.6243	-11.39444	1.326494	0.0158196	0.0987363	0.178979	0.706465	0.2233184
1800	-289.2482	-279.2776	-9.970603	1.371564	0.0403607	0.0192154	0.0546175	0.885806	0.04320791
2000	-296.8697	-286.4264	-10.44329	1.463886	0.0813515	0.25465	0.643802	0.0201971	0.0003844729
2200	-289.8944	-280.3314	-9.562977	1.310994	0.0527934	0.0123667	0.885243	0.0495972	0.06183468
2400	-291.6872	-277.2606	-14.42659	1.765073	0.00619647	0.0182883	0.566408	0.409107	0.09435411
2600	-294.1899	-282.1155	-12.0745	1.424016	0.00777956	0.165984	0.572476	0.25376	0.1953216
2800	-292.4893	-282.0823	-10.40692	1.206404	0.0274059	0.0822566	0.169476	0.720861	0.2435837
3000	-291.233	-281.3382	-9.894756	1.22299	0.00216262	0.0671761	0.429313	0.501348	0.1769318
3200	-294.601	-279.5902	-15.01079	1.790272	0.0164699	0.219736	0.591753	0.172041	0.1252957
3400	-291.0569	-281.2519	-9.804921	1.359649	0.0598452	0.0294165	0.652806	0.257933	0.03886514
3600	-293.6604	-285.2235	-8.436966	1.184306	0.10201	0.0179642	0.0495634	0.830463	0.07635771
3800	-294.1283	-284.7741	-9.354158	1.232813	0.00491736	0.0476326	0.372319	0.575131	0.1118356
4000	-291.7681	-278.1454	-13.62264	1.766443	0.00308993	0.0793792	0.586326	0.331205	0.01506955
4200	-293.3336	-285.7338	-7.599817	1.114194	0.00310238	0.153327	0.154535	0.689035	0.06292486
4400	-298.0007	-285.3103	-12.69036	1.479348	0.0458671	0.0763082	0.613612	0.264213	0.1947678
4600	-292.1302	-279.8314	-12.29877	1.549126	0.0399103	0.151279	0.690602	0.118208	0.09639596
4800	-293.2745	-285.9968	-7.277653	1.101978	0.0278858	0.0182839	0.227879	0.725951	0.04439528
5000	-290.5681	-278.556	-12.01217	1.577357	0.0309801	0.0463256	0.252818	0.669876	0.04271086
5200	-292.2186	-280.821	-11.39752	1.538011	0.105722	0.0626784	0.447493	0.384106	0.02125913
5400	-290.6084	-281.5545	-9.053918	1.303891	0.00695333	0.144689	0.0762781	0.772079	0.0204475
5600	-291.5595	-284.5081	-7.051342	1.091963	0.014207	0.0774532	0.52443	0.38391	0.0318116
5800	-300.882	-282.3098	-18.57212	2.200123	0.143189	0.455753	0.260297	0.140761	0.07555332
6000	-288.3094	-279.0987	-9.210706	1.327434	0.011693	0.00792487	0.642038	0.338344	0.01306756
6200	-291.2943	-280.3474	-10.9469	1.474349	0.0246022	0.0183398	0.814487	0.142571	0.03797737
6400	-291.9473	-283.1125	-8.834742	1.195621	0.0272061	0.0777233	0.423214	0.471857	0.1033708
6600	-291.7737	-281.4359	-10.33784	1.406778	0.044758	0.112842	0.346229	0.496171	0.04612308
6800	-292.4538	-281.7307	-10.72311	1.426668	0.138294	0.00483628	0.220194	0.636676	0.06361353
7000	-290.2193	-279.4594	-10.75995	1.420743	0.0123364	0.0156959	0.899761	0.0722064	0.07274221
7200	-292.2588	-280.811	-11.44774	1.502485	0.0195046	0.0351871	0.254032	0.691276	0.06151359
7400	-293.0182	-282.0362	-10.98192	1.283894	0.000504987	0.207335	0.23233	0.559831	0.2254885
7600	-290.8843	-280.6273	-10.25696	1.337692	0.0030344	0.132424	0.638193	0.226348	0.1032198
7800	-292.2047	-281.5247	-10.68003	1.329213	0.0585535	0.115521	0.802305	0.0236206	0.1510407
8000	-293.3082	-282.34	-10.96817	1.501121	0.0930676	0.057709	0.550089	0.299134	0.01519664
8200	-291.2832	-279.2115	-12.07168	1.585375	0.00018002	0.101	0.476875	0.421945	0.03984086
8400	-289.9229	-282.136	-7.786896	1.134357	0.0259986	0.0285711	0.334076	0.611355	0.06094733
8600	-290.153	-280.9154	-9.237562	1.329959	0.0479546	0.0571088	0.806184	0.0887526	0.01316333
8800	-292.1783	-280.5023	-11.676	1.227998	0.0297416	0.0154406	0.5659	0.388918	0.3410829
9000	-292.8183	-280.6539	-12.16435	1.479976	0.0436879	0.0343935	0.47054	0.451378	0.1453257
9200	-291.9743	-280.6078	-11.36648	1.491182	0.00356457	0.103527	0.696524	0.196384	0.06394343
9400	-294.8196	-279.7498	-15.06986	1.640727	0.0542543	0.111428	0.320167	0.51415	0.2723327
9600	-290.0741	-279.5958	-10.47828	1.462932	0.018277	0.0162968	0.517495	0.447932	0.004706523
9800	-294.1411	-281.4769	-12.66421	1.415767	0.0816287	0.0205911	0.0513656	0.846415	0.2552075
10000	-298.7234	-285.2327	-13.49065	1.438043	0.0462656	0.19318	0.598473	0.162081	0.331098
10200	-293.1921	-283.0545	-10.13757	1.315157	0.06308	0.0339919	0.0575272	0.845401	0.1143532
10400	-292.7214	-277.5202	-15.2012	1.842041	0.00579825	0.0456555	0.077507	0.871039	0.09426272
10600	-294.2638	-279.629	-14.63482	1.634675	0.00309567	0.0158414	0.339942	0.641121	0.2413863
10800	-291.6666	-282.8172	-8.849388	1.294814	0.039974	0.0456761	0.166731	0.747619	0.009514239
11000	-291.2627	-279.8642	-11.39846	1.382214	0.049825	0.0317188	0.0199091	0.898547	0.1709597
11200	-290.2038	-280.1269	-10.07687	1.374858	0.0102436	0.00285438	0.928129	0.0587731	0.05147498
11400	-295.1694	-282.9541	-12.2153	1.557384	0.0227487	0.309344	0.503492	0.164416	0.07840037
11600	-290.839	-280.5741	-10.26494	1.371148	0.00811899	0.0826189	0.0946787	0.814583	0.07353932
11800	-297.4911	-279.227	-18.26409	2.027682	0.0910542	0.0735166	0.700271	0.135158	0.2173391
12000	-296.1762	-287.3887	-8.787446	1.246862	0.00171796	0.236425	0.562718	0.199139	0.04772075
12200	-296.7377	-280.4462	-16.2915	1.853972	0.104514	0.184317	0.348164	0.363006	0.1910309
12400	-295.1621	-284.9354	-10.22669	1.25587	0.0488206	0.158348	0.054035	0.738796	0.1763012
12600	-288.6297	-279.6012	-9.028555	1.263319	0.00137076	0.0294651	0.053418	0.915746	0.05707421
12800	-292.5706	-281.7638	-10.80689	1.244386	0.00414224	0.0874285	0.795965	0.112464	0.248378
13000	-290.6997	-280.046	-10.65373	1.347644	0.00924869	0.019095	0.527225	0.444431	0.1293736
13200	-291.4405	-280.2993	-11.14117	1.460077	0.0740493	0.0732651	0.121462	0.731223	0.07103339
13400	-291.8775	-279.4063	-12.47115	1.356982	0.0133397	0.0718153	0.180624	0.734221	0.2962357
13600	-290.8465	-278.0259	-12.8206	1.675653	0.0357687	0.0366938	0.80186	0.125678	0.02525285
13800	-295.9373	-282.825	-13.1123	1.698541	0.0101036	0.346416	0.122347	0.521133	0.03096944
14000	-292.3198	-280.6448	-11.67494	1.580363	0.00461828	0.28545	0.593756	0.116176	0.006934847
14200	-300.0434	-288.6472	-11.39621	1.321948	0.00820445	0.192416	0.323942	0.475437	0.2252368
14400	-290.2679	-279.5799	-10.68802	1.426009	0.0429103	0.0344289	0.176003	0.746658	0.0592186
14600	-295.4775	-281.2096	-14.26789	1.722419	0.126747	0.012967	0.832428	0.0278573	0.1193106
14800	-290.5962	-281.3501	-9.246122	1.313063	0.05602	0.0760077	0.442648	0.425325	0.0297434
15000	-293.019	-280.7643	-12.25475	1.52597	0.0511353	0.0849872	0.576938	0.28694	0.1150988
15200	-292.2695	-282.7306	-9.538943	1.343701	0.000203218	0.301121	0.688436	0.01024	0.02900306
15400	-289.6688	-281.6308	-8.03808	1.212414	0.029396	0.0336782	0.875732	0.0611941	0.01091651
15600	-289.7991	-279.8758	-9.923261	1.342441	0.0181061	0.0211269	0.445293	0.515474	0.06766598
15800	-291.7628	-278.5257	-13.23708	1.72605	0.0513842	0.0520967	0.260592	0.635927	0.01699487
16000	-290.7608	-279.094	-11.66677	1.512693	0.0355834	0.0380735	0.244096	0.682248	0.07230251
16200	-294.6449	-282.7973	-11.84761	1.538019	0.0802788	0.271209	0.130772	0.51774	0.06294141
16400	-289.2144	-278.1794	-11.03507	1.472203	0.0162851	0.0142194	0.0727397	0.896756	0.04944484
16600	-293.6377	-286.1497	-7.487971	1.07673	0.0250838	0.161417	0.210191	0.603308	0.08794573
16800	-288.063	-278.5355	-9.527523	1.350945	0.000440296	0.0337783	0.93418	0.0316012	0.0207281
17000	-292.5286	-281.2524	-11.2762	1.325044	0.0266316	0.0124849	0.398778	0.562105	0.2096346
17200	-293.8866	-286.1867	-7.699864	1.170623	0.0185333	0.328583	0.124862	0.528022	0.01850923
17400	-290.6301	-278.0367	-12.59344	1.577773	0.0174992	0.0619515	0.465625	0.454924	0.09681111
17600	-288.1152	-279.7356	-8.379576	1.227748	0.00234096	0.00650622	0.0309436	0.960209	0.02886195
17800	-290.5374	-282.3426	-8.19482	1.181259	0.00413396	0.123901	0.775403	0.096562	0.05547613
18000	-293.7205	-277.8473	-15.87325	1.693354	0.0108251	0.0581777	0.390869	0.540128	0.2979711
18200	-291.1813	-279.989	-11.19225	1.504661	0.0196754	0.0924512	0.375392	0.512482	0.03289166
18400	-290.8862	-278.1931	-12.69313	1.521235	0.0252828	0.0102467	0.653616	0.310855	0.1611289
18600	-292.8927	-284.996	-7.896689	1.082478	0.0148991	0.0668031	0.77877	0.139528	0.1189068
18800	-297.1356	-283.7123	-13.42326	1.749452	0.0815122	0.238705	0.384298	0.295484	0.01209047
19000	-293.4736	-279.6317	-13.84186	1.764587	0.0292757	0.177065	0.77803	0.0156288	0.03831405
19200	-289.5522	-281.7882	-7.764036	1.190236	0.0051828	0.0428179	0.793346	0.158654	0.005880737
19400	-292.6303	-280.3037	-12.32656	1.597364	0.00501455	0.0438909	0.37692	0.574174	0.0513386
19600	-293.1195	-278.3521	-14.76745	1.598663	0.039538	0.024333	0.157207	0.778922	0.2890174
19800	-289.9641	-278.7107	-11.25339	1.517453	0.05032	0.0108162	0.269181	0.669682	0.02655874
20000	-292.7166	-282.7935	-9.923162	1.371193	0.0357588	0.280681	0.639491	0.0440701	0.03942919
20200	-293.1161	-283.1568	-9.959275	1.310189	0.0302162	0.256713	0.588308	0.124763	0.09938267
20400	-290.3659	-281.7307	-8.635141	1.187632	0.0149456	0.00861746	0.338055	0.638382	0.09288608
20600	-290.8169	-279.339	-11.47794	1.345503	0.00791684	0.0329931	0.955521	0.00356868	0.2133545
20800	-292.1736	-282.9164	-9.257193	1.236071	0.0314046	0.133282	0.672	0.163314	0.1060318
21000	-294.5662	-282.9717	-11.59448	1.538659	0.00053658	0.163352	0.4182	0.417912	0.0373471
21200	-289.6403	-277.9984	-11.6419	1.579836	0.018565	0.032783	0.12893	0.819722	0.004123519
21400	-293.45	-280.8239	-12.62611	1.438317	0.0128734	0.0245149	0.427215	0.535396	0.2295126
21600	-294.6488	-284.1093	-10.5395	1.425386	0.0739194	0.0908975	0.571313	0.26387	0.04433917
21800	-292.3265	-281.7232	-10.60336	1.444015	0.00339983	0.284511	0.14257	0.56952	0.03480057
22000	-291.6941	-281.3466	-10.34755	1.414522	0.0517648	0.0666307	0.379383	0.502222	0.03906369
22200	-291.2871	-281.6083	-9.678789	1.31615	0.0882523	0.0343162	0.311621	0.565811	0.06873986
22400	-294.7847	-285.5968	-9.18781	1.267034	0.0168482	0.31589	0.259192	0.40807	0.06826033
22600	-293.7214	-281.033	-12.68837	1.571959	0.00563803	0.154864	0.346109	0.493389	0.1168313
22800	-295.4207	-282.39	-13.0307	1.69539	0.0673356	0.383408	0.265061	0.284196	0.02641974
23000	-289.2731	-281.908	-7.365119	1.154492	0.0105385	0.00791992	0.387747	0.593795	0.001925077
23200	-290.2934	-280.8836	-9.409812	1.312525	0.0526173	0.0169118	0.748911	0.18156	0.04656571
23400	-294.6325	-286.332	-8.300575	1.222863	0.00102123	0.0722511	0.818667	0.10806	0.02492601
23600	-293.1126	-282.4867	-10.62588	1.218778	0.0285175	0.058522	0.255449	0.657511	0.2481866
23800	-291.1753	-279.1539	-12.02145	1.440826	0.02852	0.0167173	0.157186	0.797577	0.1738057
24000	-297.9345	-280.3383	-17.59616	1.885656	0.014595	0.0888283	0.747904	0.148673	0.2757536
24200	-291.044	-281.8877	-9.156224	1.292347	0.0063468	0.0681129	0.30903	0.61651	0.04255215
24400	-290.0916	-279.5493	-10.54232	1.405947	0.0036903	0.0541274	0.76813	0.174053	0.06391932
24600	-291.7168	-281.1924	-10.52438	1.445915	0.03278	0.172444	0.51936	0.275416	0.02518169
24800	-291.4044	-282.0722	-9.332214	1.313053	0.00766764	0.030211	0.0138186	0.948303	0.03897301
25000	-292.9505	-280.5866	-12.36383	1.611459	0.0805387	0.0716654	0.695739	0.152056	0.04397507
25200	-289.9653	-280.9547	-9.010586	1.254387	0.0381373	0.015515	0.303721	0.642627	0.06381281
25400	-289.706	-279.089	-10.617	1.451456	0.0244227	0.00847569	0.810929	0.156172	0.02959214
25600	-290.5098	-278.5365	-11.97337	1.56309	0.0262867	0.0591071	0.0562602	0.858346	0.05216119
25800	-290.9307	-281.4129	-9.517841	1.349416	0.049524	0.126639	0.4159	0.407937	0.02144167
26000	-293.2685	-279.2063	-14.06218	1.578739	0.0346028	0.00537555	0.859252	0.100769	0.239158
26200	-290.4193	-281.4882	-8.93105	1.283262	0.00171324	0.143825	0.294437	0.560025	0.02837661
26400	-291.831	-284.534	-7.29703	1.128633	0.0099402	0.204301	0.276792	0.508967	0.0198731
26600	-294.1683	-283.2544	-10.91396	1.403809	0.0966901	0.174123	0.27812	0.451066	0.1026839
26800	-290.7449	-278.9211	-11.82374	1.390501	0.00342964	0.00701025	0.586809	0.402751	0.2047889
27000	-293.1597	-281.489	-11.67067	1.464718	0.110437	0.0233603	0.732266	0.133937	0.1201977
27200	-291.0895	-278.9667	-12.12281	1.507082	0.0336066	0.0703361	0.870239	0.0258182	0.1192089
27400	-291.2396	-280.375	-10.86461	1.342271	0.0105521	0.0818139	0.199125	0.708509	0.1558972
27600	-289.4355	-279.5304	-9.905037	1.302463	0.000716466	0.00436073	0.716709	0.278214	0.1014043
27800	-292.2373	-277.5231	-14.71419	1.829607	0.0132473	0.0150773	0.277441	0.694235	0.05950285
28000	-298.4465	-283.0932	-15.35335	1.826661	0.078926	0.527186	0.147669	0.246219	0.1263687
28200	-292.3208	-279.5491	-12.77165	1.635388	0.0482216	0.0319167	0.896589	0.0232731	0.05851975
28400	-294.5204	-283.2302	-11.29013	1.513683	0.110301	0.0709902	0.380604	0.438105	0.03499956
28600	-293.4341	-278.4059	-15.02822	1.68212	0.00485077	0.0888072	0.345453	0.560889	0.2341138
28800	-289.6002	-282.2302	-7.36996	1.132712	0.0275895	0.00831926	0.340956	0.623135	0.02290373
29000	-293.934	-279.7984	-14.13559	1.724032	0.064341	0.13014	0.326983	0.478537	0.1053698
29200	-292.5764	-279.3396	-13.23678	1.53565	0.0247691	0.0489378	0.223342	0.702951	0.2019451
29400	-291.1283	-278.1742	-12.95412	1.583925	0.0123097	0.036495	0.0539084	0.897287	0.1286295
29600	-295.6052	-284.7692	-10.83605	1.477223	0.0129362	0.00646667	0.362218	0.61838	0.02455545
29800	-291.4977	-279.055	-12.4427	1.612507	0.0255722	0.113556	0.0091268	0.851745	0.0500298
30000	-293.0506	-280.2119	-12.83877	1.258546	0.0272257	0.0149509	0.399057	0.558766	0.4195713
30200	-292.0405	-277.8955	-14.14502	1.663812	0.018659	0.0229246	0.328703	0.629714	0.1666834
30400	-295.0768	-279.5406	-15.53626	1.848397	0.0363563	0.113869	0.385303	0.464472	0.118396
30600	-291.5341	-280.7917	-10.74245	1.480112	0.0596927	0.0697964	0.764875	0.105636	0.01333273
30800	-290.9578	-281.0219	-9.935916	1.360779	0.015389	0.195739	0.025501	0.763371	0.05033311
31000	-302.0432	-286.6338	-15.40937	1.379619	0.152939	0.211371	0.252951	0.382738	0.5585356
31200	-289.8064	-279.2745	-10.5319	1.302431	0.00458668	0.0226145	0.137812	0.834987	0.164016
31400	-290.1368	-278.389	-11.74779	1.565091	0.0194423	0.0529907	0.423778	0.503789	0.02812458
31600	-291.4431	-283.1308	-8.312298	1.163334	0.0240906	0.0780944	0.884831	0.0129843	0.08433739
31800	-288.7658	-278.5976	-10.16817	1.391603	0.0226086	0.0163915	0.237164	0.723836	0.0432121
32000	-288.8122	-279.8076	-9.004564	1.238199	0.00219013	0.00873947	0.171647	0.817423	0.07834549
32200	-292.4192	-279.603	-12.81618	1.671293	0.0335814	0.01612	0.0683771	0.881921	0.02914537
32400	-293.0012	-283.9116	-9.089645	1.167294	0.039284	0.0789295	0.0189909	0.862796	0.1562779
32600	-289.3811	-280.1846	-9.196507	1.263049	0.0106476	0.0330147	0.407014	0.549324	0.0721244
32800	-289.5894	-278.5102	-11.07916	1.523113	0.0037941	0.0432809	0.549307	0.403618	0.004569692
33000	-291.0107	-282.9096	-8.101002	1.197472	0.0278299	0.0194468	0.0925266	0.860197	0.03073647
33200	-289.9844	-278.5105	-11.47393	1.537563	0.0284795	0.0116295	0.474512	0.485379	0.02897321
33400	-290.7358	-281.6418	-9.094072	1.270734	0.0593887	0.0525918	0.00326986	0.88475	0.05629119
33600	-293.2767	-280.8166	-12.46011	1.643058	0.0492629	0.030606	0.390975	0.529156	0.02245031
33800	-290.2465	-281.4768	-8.769708	1.277015	0.0223511	0.0416573	0.287151	0.64884	0.01887498
34000	-293.5241	-280.3474	-13.17674	1.590978	0.0408355	0.0202928	0.375888	0.562984	0.1424995
34200	-289.9474	-280.3058	-9.641558	1.370328	0.0262283	0.0615791	0.359066	0.553127	0.01292321
34400	-290.9356	-279.6556	-11.28007	1.443965	0.00438146	0.0364871	0.142992	0.81614	0.1005954
34600	-293.568	-284.8381	-8.729958	1.243815	0.0618303	0.102522	0.171	0.664648	0.04690864
34800	-289.1179	-280.3391	-8.778834	1.260342	0.0240229	0.026966	0.111856	0.837155	0.03598524
35000	-290.2482	-281.3277	-8.920558	1.311714	0.0266457	0.101023	0.401109	0.471223	0.0002925148
35200	-292.2433	-279.0603	-13.183	1.717548	0.0700634	0.0158769	0.253461	0.660599	0.01960711
35400	-291.1806	-281.6808	-9.499819	1.357122	0.074853	0.0299462	0.732881	0.16232	0.01223397
35600	-289.8216	-279.8546	-9.966997	1.416258	0.0372604	0.0382384	0.597499	0.327002	0.0003911794
35800	-290.6839	-280.1491	-10.53479	1.283277	0.00457659	0.0560461	0.757425	0.181952	0.182363
36000	-291.918	-279.6318	-12.28617	1.585755	0.0070909	0.195972	0.655083	0.141855	0.06089699
36200	-288.4359	-278.8839	-9.552012	1.33211	0.0144323	0.016676	0.543074	0.425818	0.04087923
36400	-289.9096	-280.5953	-9.314345	1.345424	0.0488057	0.00244014	0.0848613	0.863893	0.005843792
36600	-293.2648	-279.0009	-14.26386	1.827046	0.0818707	0.020452	0.350193	0.547484	0.01897709
36800	-289.8985	-278.572	-11.32651	1.46552	0.0342606	0.0161494	0.756291	0.193299	0.0835753
37000	-291.7834	-278.8498	-12.93368	1.668774	0.00679874	0.13248	0.797654	0.0630673	0.04386746
37200	-299.127	-286.7589	-12.36811	1.327398	0.0666004	0.436586	0.259357	0.237456	0.3133464
37400	-290.0815	-279.8102	-10.27134	1.436641	0.0481155	0.0381021	0.567933	0.34585	0.01018828
37600	-293.2503	-279.7211	-13.52927	1.478616	0.00312238	0.0793432	0.78198	0.135555	0.2819103
37800	-291.8406	-283.7279	-8.112753	1.164859	0.0212439	0.137845	0.194741	0.64617	0.06300245
38000	-294.8428	-280.9134	-13.92945	1.374232	0.0144669	0.108685	0.0378195	0.839029	0.4233756
38200	-290.056	-280.9186	-9.13741	1.328502	0.00704408	0.133969	0.358891	0.500096	0.004950607
38400	-295.2442	-279.6753	-15.56887	1.827362	0.00935378	0.177887	0.228092	0.584667	0.1443753
38600	-295.9737	-281.4468	-14.52694	1.48725	0.0439508	0.0488426	0.649076	0.25813	0.3690044
38800	-290.7378	-280.251	-10.48684	1.382884	0.0195683	0.0406819	0.722335	0.217415	0.08283102
39000	-290.9013	-280.2282	-10.67313	1.286489	0.011966	0.0806653	0.0642317	0.843137	0.1918231
39200	-290.4764	-280.8976	-9.578832	1.275149	0.0015397	0.0810339	0.0153883	0.902038	0.09930577
39400	-293.7888	-281.1245	-12.66434	1.545158	0.00971862	0.0658227	0.292353	0.632106	0.130009
39600	-290.8872	-279.8197	-11.06757	1.392337	0.0150178	0.0034218	0.901549	0.0800114	0.1254267
39800	-291.6904	-278.7842	-12.90622	1.448646	0.0185521	0.0543626	0.387803	0.539282	0.2488338
40000	-295.0593	-283.7089	-11.3504	1.261061	0.0179401	0.00394399	0.383548	0.594568	0.2749331
40200	-289.6099	-280.3703	-9.2396	1.313882	0.0180991	0.0505434	0.35956	0.571797	0.02901337
40400	-291.7175	-279.6266	-12.09086	1.528739	0.0225847	0.0999767	0.820249	0.0571895	0.0953518
40600	-292.2972	-284.2436	-8.053626	1.18726	0.0783832	0.0839365	0.809561	0.0281193	0.03605823
40800	-293.2479	-282.3384	-10.90947	1.481063	0.109629	0.00763475	0.354908	0.527828	0.02980108
41000	-290.3196	-280.5127	-9.806848	1.396007	0.0180731	0.0805353	0.217859	0.683533	0.0044863
41200	-290.8072	-279.6561	-11.15102	1.45846	0.0431874	0.0803217	0.562258	0.314233	0.07380026
41400	-290.1215	-279.7173	-10.40425	1.402677	0.0328501	0.0706429	0.298512	0.597995	0.05467004
41600	-294.5099	-280.2015	-14.30841	1.660395	0.0500521	0.0129548	0.364714	0.572279	0.1806852
41800	-290.9041	-278.8477	-12.05636	1.435966	0.00695429	0.0777288	0.163555	0.751762	0.1826755
42000	-290.516	-281.7245	-8.791541	1.244825	0.0582069	0.0359836	0.861258	0.0445519	0.05127317
42200	-290.5176	-281.14	-9.377694	1.262643	0.0621758	0.0166734	0.383257	0.537894	0.09018734
42400	-289.1316	-279.0636	-10.06794	1.417761	0.0216837	0.0353762	0.396662	0.546279	0.008642677
42600	-292.9501	-279.8362	-13.11391	1.517611	0.00667392	0.0563505	0.699958	0.237018	0.2004739
42800	-291.5433	-280.1649	-11.37832	1.529963	0.0571583	0.105815	0.73096	0.106066	0.02637465
43000	-293.6096	-283.1182	-10.49134	1.445012	0.0580423	0.246622	0.229739	0.465598	0.02359519
43200	-295.9323	-284.9442	-10.98812	1.431696	0.032862	0.359568	0.554055	0.0535152	0.08621614
43400	-295.8731	-290.3678	-5.505351	0.9351148	0.0108457	0.194513	0.478144	0.316497	0.03374813
43600	-291.8939	-279.5298	-12.36417	1.654787	0.0248433	0.133536	0.770003	0.0716177	0.001571648
43800	-302.9548	-290.218	-12.73676	1.101778	0.10847	0.14136	0.608984	0.141185	0.5792153
44000	-292.4289	-280.1251	-12.30374	1.614155	0.0825713	0.00461621	0.0102852	0.902527	0.0349857
44200	-290.6233	-279.5772	-11.04612	1.3177	0.0202793	0.00590902	0.928368	0.0454437	0.1983103
44400	-291.1556	-279.2056	-11.94999	1.410657	0.0317816	0.0322111	0.0619527	0.874055	0.1952113
44600	-299.5587	-286.4263	-13.13241	1.621786	0.160577	0.217929	0.00934661	0.612148	0.1022026
44800	-292.2494	-284.1057	-8.143701	1.189356	0.0605297	0.131479	0.06008	0.747911	0.04269942
45000	-290.7778	-279.6374	-11.14038	1.50806	0.00445113	0.184325	0.750759	0.0604652	0.02492486
45200	-291.0514	-280.6047	-10.44672	1.276657	0.00506007	0.0497332	0.339493	0.605714	0.1823556
45400	-291.7526	-281.2964	-10.45624	1.367063	0.0299083	0.139017	0.431987	0.399089	0.09416059
45600	-291.3459	-279.4327	-11.91313	1.420042	0.0569642	0.00687137	0.599163	0.337001	0.1842383
45800	-290.4695	-280.4883	-9.981173	1.288736	0.00860072	0.0097113	0.062629	0.919059	0.1204906
46000	-296.6413	-284.4502	-12.19108	1.638787	0.0345856	0.0569647	0.0613471	0.847103	0.0002731085
46200	-291.256	-279.0987	-12.15723	1.605713	0.085134	0.0122737	0.00385032	0.898742	0.02887945
46400	-291.2213	-282.8181	-8.403201	1.162497	0.0249577	0.0265077	0.27386	0.674675	0.09318909
46600	-292.3499	-279.4506	-12.89931	1.635264	0.0616443	0.0548653	0.15189	0.7316	0.07111557
46800	-291.4336	-281.5096	-9.92403	1.355886	0.0251619	0.0369125	0.718229	0.219697	0.05327434
47000	-289.0822	-278.3384	-10.74385	1.46015	0.00109314	0.0431043	0.367324	0.588479	0.03284515
47200	-291.6043	-279.4612	-12.14311	1.572441	0.08785	0.0186197	0.729894	0.163636	0.05934636
47400	-289.0659	-278.9366	-10.12933	1.373212	0.00444877	0.0342019	0.421821	0.539528	0.05701676
47600	-291.396	-278.9405	-12.4555	1.635062	0.0166327	0.132459	0.0479142	0.802994	0.02927565
47800	-289.6444	-280.3439	-9.300495	1.346097	0.0105893	0.113457	0.817058	0.0588964	0.003740631
48000	-295.1351	-287.7511	-7.384066	1.138475	0.0140362	0.152183	0.676488	0.157293	0.01941254
48200	-293.6063	-280.9358	-12.67047	1.653138	0.0696112	0.0256999	0.0346948	0.869994	0.03224292
48400	-292.49	-279.2749	-13.21512	1.69307	0.0310305	0.076604	0.337395	0.554971	0.04668076
48600	-291.4394	-280.6543	-10.78504	1.444639	0.020978	0.0608017	0.704646	0.213574	0.05222658
48800	-288.505	-280.2359	-8.269138	1.22661	0.0143728	0.0162377	0.938352	0.0310373	0.0192627
49000	-290.6067	-279.4563	-11.15037	1.280471	0.00106891	0.00765467	0.212402	0.778874	0.2431678
49200	-292.139	-280.6969	-11.44213	1.555716	0.0202776	0.200285	0.228134	0.551304	0.008122351
49400	-288.3089	-278.0015	-10.30738	1.386787	0.00207508	0.00971955	0.232062	0.756144	0.06069514
49600	-298.8319	-287.4739	-11.35801	1.210819	0.0281875	0.0278552	0.782548	0.161409	0.317757
49800	-289.6381	-279.7297	-9.908416	1.285185	0.00816591	0.0471242	0.619638	0.325072	0.1197906
50000	-294.376	-285.8805	-8.495519	1.238194	0.137604	0.133645	0.345808	0.382943	0.02989305
50200	-295.4602	-283.2225	-12.2377	1.583701	0.0111491	0.147942	0.0115775	0.829332	0.05541985
50400	-290.3968	-278.9368	-11.46003	1.538528	0.0354716	0.0531193	0.112307	0.799102	0.02588887
50600	-292.4392	-281.1445	-11.29465	1.45419	0.00775303	0.116074	0.857458	0.018715	0.09017734
50800	-291.3801	-279.7073	-11.67281	1.519138	0.0601672	0.0878978	0.760615	0.0913204	0.06511618
51000	-292.6286	-286.5959	-6.03272	1.005718	0.00912183	0.10159	0.879611	0.00967731	0.01676291
51200	-292.9176	-280.3216	-12.59604	1.602757	0.128553	0.0221043	0.65885	0.190493	0.0732013
51400	-289.2544	-278.9643	-10.29015	1.432595	0.030008	0.0409623	0.630508	0.298522	0.01574196
51600	-289.6249	-279.1847	-10.44013	1.386873	0.00892279	0.0651415	0.276179	0.649756	0.07426451
51800	-295.6352	-283.0276	-12.60758	1.61881	0.0646875	0.26414	0.444695	0.226477	0.06112986
52000	-291.5646	-280.5632	-11.00141	1.386238	0.00282608	0.145397	0.53795	0.313827	0.1264612
52200	-297.3855	-281.3519	-16.03354	1.789601	0.0623489	0.212336	0.380494	0.344821	0.2236625
52400	-291.0771	-278.9326	-12.14459	1.633127	0.0652419	0.01245	0.329178	0.59313	0.001233866
52600	-289.3229	-280.0672	-9.25572	1.285423	0.0222025	0.0340143	0.565628	0.378156	0.05747803
52800	-290.3539	-282.6347	-7.719228	1.181073	0.0227829	0.0918775	0.362247	0.523092	0.01039438
53000	-289.9854	-279.2061	-10.77934	1.492384	0.000557043	0.125425	0.355803	0.518215	0.005359508
53200	-291.333	-281.7674	-9.565612	1.360713	0.0530353	0.0773523	0.616628	0.252984	0.01491309
53400	-299.7983	-282.0658	-17.73253	1.989266	0.18136	0.193107	0.359396	0.266137	0.1970914
53600	-293.9497	-281.6801	-12.26967	1.239751	0.00521699	0.0235787	0.0127263	0.958478	0.3914056
53800	-290.4178	-278.0119	-12.40591	1.618564	0.0271295	0.0057798	0.0400299	0.927061	0.03968716
54000	-293.0721	-281.8381	-11.23399	1.511526	0.0164119	0.271123	0.00649082	0.705974	0.02995448
54200	-299.4872	-283.4836	-16.0036	1.946188	0.118725	0.296288	0.441698	0.143289	0.07074216
54400	-288.3399	-277.7243	-10.61558	1.43675	0.00197338	0.0171359	0.0238899	0.957001	0.0428107
54600	-293.1632	-279.548	-13.61515	1.547943	0.0192975	0.139772	0.385172	0.455759	0.2256933
54800	-294.5919	-283.0707	-11.52128	1.493296	0.0596062	0.124126	0.666625	0.149643	0.07652068
55000	-290.0044	-279.8192	-10.18519	1.334294	0.000173404	0.118883	0.651801	0.229142	0.09931735
55200	-294.3815	-280.3521	-14.02939	1.492324	0.0646406	0.0696936	0.165207	0.700459	0.319602
55400	-298.133	-279.1625	-18.9705	1.548252	0.0110697	0.000571603	0.768327	0.220032	0.7242197
55600	-296.9792	-283.3059	-13.6733	1.506662	0.0745734	0.016458	0.487153	0.421815	0.2583075
55800	-291.7688	-281.8892	-9.87958	1.369041	0.0401126	0.041029	0.884501	0.0343574	0.03837931
56000	-296.5441	-281.0731	-15.47096	1.759758	0.0237941	0.0435747	0.266021	0.66661	0.1948796
56200	-292.4092	-278.4418	-13.96734	1.694764	0.0148276	0.0502777	0.48211	0.452785	0.1152063
56400	-291.0623	-281.9528	-9.109467	1.289907	0.0117508	0.00833816	0.00131241	0.978599	0.03853551
56600	-290.8607	-280.7863	-10.0744	1.357945	0.0305104	0.0249242	0.725468	0.219097	0.06629265
56800	-290.8514	-282.7967	-8.054683	1.191796	0.0618483	0.0147887	0.712811	0.210552	0.03231503
57000	-292.4633	-284.0455	-8.417805	1.215371	0.0723752	0.0504099	0.407196	0.470019	0.04510481
57200	-289.2562	-279.9551	-9.301114	1.266793	0.00559485	0.0437722	0.241839	0.708794	0.07885327
57400	-291.8799	-279.5646	-12.31526	1.594833	0.0577149	0.0368988	0.829098	0.0762877	0.05373873
57600	-293.3875	-281.4352	-11.95234	1.533424	0.00724519	0.112074	0.867702	0.0129789	0.07921372
57800	-294.007	-278.9586	-15.04844	1.614556	0.0720924	0.0218787	0.0861045	0.819924	0.2976121
58000	-296.2293	-279.5426	-16.68663	1.873564	0.107391	0.0375013	0.279482	0.575625	0.205442
58200	-294.1719	-280.0318	-14.14	1.743765	0.135999	0.0112988	0.488129	0.364574	0.08831837
58400	-291.514	-279.8696	-11.64438	1.566938	0.0819896	0.028994	0.83636	0.0526561	0.01698793
58600	-293.6515	-285.0768	-8.574644	1.189204	0.060519	0.199181	0.136212	0.604088	0.08416724
58800	-290.3149	-281.3336	-8.981282	1.206023	0.0115968	0.0715428	0.130824	0.786036	0.1069943
59000	-290.2844	-281.4499	-8.834498	1.301423	0.0212619	0.11716	0.422954	0.438624	0.001922539
59200	-291.2314	-283.4589	-7.772485	1.088156	0.0222111	0.0574309	0.0671319	0.853226	0.1036485
59400	-290.7733	-278.2382	-12.5351	1.555124	0.00867085	0.0210311	0.457341	0.512957	0.1150455
59600	-290.3674	-278.9104	-11.45698	1.542777	0.0164827	0.0241857	0.505382	0.453949	0.02178783
59800	-290.8419	-279.6591	-11.18281	1.498028	0.0622738	0.0689868	0.69639	0.17235	0.03856254
60000	-291.864	-282.0005	-9.86349	1.399702	0.0891074	0.0822905	0.357732	0.47087	0.006255701
60200	-292.1388	-279.8573	-12.28149	1.634774	0.0460749	0.107529	0.604777	0.241619	0.01284372
60400	-297.4806	-287.0683	-10.41232	1.414112	0.0168825	0.196104	0.087842	0.699172	0.04412242
60600	-290.6458	-280.0659	-10.57989	1.362546	0.0305881	0.00217403	0.463766	0.503472	0.1118839
60800	-288.4759	-278.545	-9.93091	1.34662	0.00229542	0.00591152	0.600092	0.391701	0.06378695
61000	-288.7883	-278.0575	-10.73082	1.476273	0.00414575	0.0486211	0.385581	0.561652	0.01612794
61200	-291.936	-279.611	-12.32501	1.439562	0.0531031	0.00542915	0.380465	0.561003	0.2004485
61400	-295.6787	-282.652	-13.02665	1.303151	0.0514345	0.133949	0.311367	0.503249	0.4062323
61600	-294.1463	-284.0306	-10.11575	1.293291	0.0530984	0.0573348	0.534129	0.355437	0.1301346
61800	-291.9456	-279.9421	-12.00357	1.604254	0.0581199	0.0329705	0.0477095	0.8612	0.01527111
62000	-289.5023	-278.0853	-11.41701	1.490168	0.0326494	0.0029554	0.327116	0.637279	0.06801691
62200	-290.4195	-278.793	-11.62648	1.492609	0.0210947	0.0694301	0.401952	0.507523	0.0862049
62400	-291.4042	-279.2442	-12.15996	1.488727	0.0137782	0.0198074	0.531416	0.434998	0.1410555
62600	-293.0192	-282.4513	-10.56789	1.468643	0.149274	0.0486002	0.00664118	0.795484	0.007673874
62800	-291.4298	-283.3714	-8.058308	1.221418	0.0392731	0.0198366	0.674943	0.265947	0.004313046
63000	-293.1964	-279.4961	-13.70027	1.667311	0.0215084	0.161963	0.264396	0.552133	0.1172697
63200	-290.6978	-278.5658	-12.13197	1.321308	0.00136963	0.00943059	0.897348	0.0918513	0.2971287
63400	-290.5987	-280.888	-9.710761	1.263221	0.00869191	0.11391	0.224862	0.652536	0.1215473
63600	-294.362	-282.4259	-11.93612	1.479152	0.0153773	0.00371561	0.862056	0.118851	0.122829
63800	-292.2268	-280.3061	-11.92071	1.56105	0.0469976	0.120953	0.29876	0.533289	0.04832104
64000	-290.3676	-279.0356	-11.33202	1.517501	0.0349454	0.0837035	0.641779	0.239572	0.03426095
64200	-290.0237	-278.4548	-11.56888	1.567136	0.0188929	0.0626144	0.775382	0.143111	0.009273739
64400	-294.1622	-277.262	-16.90018	1.553745	0.00698143	7.95483e-05	0.336311	0.656628	0.529863
64600	-295.839	-285.5694	-10.26965	1.443204	0.0460777	0.499885	0.121169	0.332868	0.003504206
64800	-290.1691	-280.7555	-9.413577	1.35091	0.0307757	0.126588	0.422052	0.420585	0.009972076
65000	-294.7711	-279.7296	-15.04153	1.913186	0.105824	0.0867848	0.334326	0.473066	0.0108772
65200	-293.9625	-279.8374	-14.12516	1.369736	0.0573091	0.02073	0.869748	0.0522132	0.4403976
65400	-290.1458	-278.4502	-11.69553	1.488377	0.00289494	0.0563832	0.861034	0.0796878	0.09715718
65600	-291.7941	-282.0035	-9.790582	1.383982	0.062686	0.0220611	0.32663	0.588623	0.01432385
65800	-288.6312	-280.0911	-8.540032	1.249887	0.00684305	0.0239195	0.470784	0.498453	0.02270868
66000	-290.0511	-278.2553	-11.79581	1.572499	0.0141835	0.0408039	0.428126	0.516886	0.02639542
66200	-290.9578	-280.222	-10.73574	1.475576	0.0224392	0.0398763	0.0991733	0.838511	0.01696731
66400	-292.7963	-279.2579	-13.5384	1.594669	0.0141274	0.132954	0.443527	0.409391	0.1687072
66600	-291.5645	-280.989	-10.57555	1.326589	0.0339967	0.0839151	0.289432	0.592656	0.1421373
66800	-292.466	-279.5801	-12.88587	1.592968	0.00756008	0.191042	0.015475	0.785923	0.1119443
67000	-289.7882	-281.5308	-8.257327	1.189706	0.0104482	0.0760678	0.662562	0.250922	0.05296868
67200	-295.8553	-280.5383	-15.31699	1.662825	0.062152	0.0536172	0.349695	0.534536	0.2717473
67400	-290.5729	-279.0493	-11.5236	1.569823	0.00890149	0.051388	0.28051	0.659201	0.002479336
67600	-292.7927	-282.3902	-10.4025	1.433632	0.0161291	0.0893578	0.0263146	0.868199	0.02439579
67800	-292.1615	-281.2593	-10.90223	1.482809	0.0265517	0.242546	0.363176	0.367727	0.02621462
68000	-290.779	-281.5102	-9.268737	1.341696	0.0372343	0.00890881	0.765371	0.188486	0.004923568
68200	-292.6413	-279.7683	-12.87301	1.66648	0.0819926	0.0697855	0.708646	0.139576	0.04018982
68400	-292.1066	-279.9785	-12.12806	1.474329	0.0481166	0.0561503	0.528393	0.36734	0.1487792
68600	-291.4527	-279.3991	-12.05362	1.562851	0.0261298	0.127608	0.844192	0.00207007	0.06077579
68800	-293.4237	-282.6129	-10.81084	1.489493	0.00462304	0.0328888	0.660412	0.302076	0.01113197
69000	-289.9601	-279.0716	-10.88857	1.454061	0.00311028	0.0309952	0.429997	0.535898	0.05333869
69200	-290.2434	-282.1338	-8.109593	1.11372	0.0180682	0.0177721	0.120524	0.843635	0.1108733
69400	-288.62	-279.0908	-9.529251	1.324919	0.00789415	0.0040794	0.371796	0.61623	0.0455775
69600	-290.6228	-282.1703	-8.452493	1.193931	0.0566735	0.0313424	0.662944	0.249041	0.06766014
69800	-291.0426	-279.3956	-11.64703	1.426868	0.0276592	0.0775027	0.398319	0.496519	0.1503665
70000	-295.4211	-283.7954	-11.62569	1.536764	0.042196	0.439973	0.412511	0.10532	0.04301761
70200	-292.7266	-285.2672	-7.459374	1.077495	0.00884918	0.0732772	0.701247	0.216627	0.08257913
70400	-294.0275	-279.0971	-14.93038	1.851117	0.0275238	0.120388	0.404096	0.447992	0.06163757
70600	-291.5591	-283.1505	-8.408563	1.161104	0.0522267	0.0172908	0.665235	0.265248	0.09624249
70800	-289.5835	-277.5493	-12.03414	1.603109	0.00332134	0.00220108	0.820233	0.174245	0.01979517
71000	-292.223	-279.8725	-12.3505	1.408672	0.00675212	0.00379224	0.507642	0.481813	0.2376522
71200	-291.8986	-280.0067	-11.89188	1.446713	0.0268866	0.0186545	0.823274	0.131185	0.1568714
71400	-290.8158	-281.8235	-8.992299	1.268531	0.0320724	0.00647355	0.725407	0.236047	0.04861151
71600	-292.3366	-279.389	-12.94758	1.651221	0.0819483	0.0586691	0.556355	0.303028	0.06065469
71800	-289.7694	-280.8434	-8.926089	1.279431	0.00761628	0.0473058	0.514944	0.430134	0.03172673
72000	-289.5655	-280.8244	-8.741121	1.292566	0.0136763	0.0766753	0.0819977	0.827651	0.001471663
72200	-297.1155	-285.2647	-11.85083	1.441323	0.107013	0.0123817	0.404108	0.476497	0.1503555
72400	-290.3756	-279.2749	-11.10067	1.496685	0.0364889	0.0610954	0.733779	0.168637	0.03147305
72600	-290.8744	-279.713	-11.16135	1.388141	0.009325	0.067675	0.824221	0.0987785	0.1433671
72800	-289.6332	-280.2283	-9.40497	1.34566	0.000571994	0.132634	0.636938	0.229857	0.01404307
73000	-291.6695	-282.1296	-9.539915	1.368611	0.0255725	0.213664	0.230205	0.530559	0.005098525
73200	-289.8528	-278.3897	-11.46311	1.511955	0.00532297	0.00994661	0.307497	0.677233	0.05326871
73400	-290.3684	-281.8436	-8.524783	1.202153	0.0191608	0.0922051	0.12738	0.761254	0.06634576
73600	-291.3719	-278.9898	-12.38213	1.656897	0.0851735	0.0111867	0.207238	0.696401	0.001237619
73800	-289.6116	-278.5476	-11.06404	1.427454	0.00800381	0.029436	0.387425	0.575135	0.09471533
74000	-290.6243	-282.8899	-7.734332	1.146882	0.0073259	0.110535	0.715133	0.167006	0.04455044
74200	-292.8917	-282.9086	-9.983119	1.270978	0.0688718	0.0497476	0.776566	0.104815	0.1435571
74400	-293.6682	-282.9711	-10.69711	1.38562	0.0804488	0.183073	0.561082	0.175396	0.1011514
74600	-294.2	-279.4953	-14.70473	1.809719	0.00932887	0.166772	0.695622	0.128277	0.08005409
74800	-290.8172	-278.6795	-12.13769	1.587137	0.0483774	0.050534	0.111069	0.790019	0.044348
75000	-299.453	-286.6296	-12.82339	1.514691	0.101833	0.19596	0.436439	0.265769	0.1778619
75200	-296.6415	-283.3558	-13.28571	1.52202	0.00919571	0.303669	0.429831	0.257305	0.210818
75400	-291	-282.5602	-8.439828	1.22158	0.0401258	0.0552025	0.75012	0.154551	0.04085656
75600	-291.8942	-282.9272	-8.966938	1.167568	0.0311669	0.0901931	0.240998	0.637642	0.1422451
75800	-290.4737	-278.7225	-11.75124	1.484942	0.0313163	0.0453372	0.858059	0.0652873	0.1053505
76000	-294.9086	-281.8857	-13.02294	1.32413	0.0702701	0.0672867	0.646798	0.215646	0.3774452
76200	-290.0806	-280.775	-9.305607	1.314518	0.00269716	0.169357	0.121887	0.706059	0.03409928
76400	-291.5133	-280.3599	-11.15337	1.385926	0.0440098	0.098733	0.411759	0.445498	0.1415589
76600	-296.3253	-281.8124	-14.51291	1.561514	0.0164099	0.245777	0.000464614	0.737349	0.298097
76800	-289.3028	-278.0418	-11.26103	1.544073	0.00788776	0.00779403	0.0581281	0.92619	0.001928308
77000	-292.5599	-283.5323	-9.027635	1.267987	0.027876	0.0463329	0.0103141	0.915477	0.05398422
77200	-291.2934	-281.0715	-10.22186	1.392231	0.0191926	0.0606215	0.393086	0.5271	0.04835329
77400	-292.0162	-279.0179	-12.99835	1.642942	0.00114026	0.0501949	0.0228409	0.925824	0.07439186
77600	-299.0231	-283.0892	-15.93385	1.616335	0.118245	0.0935656	0.144637	0.643552	0.3847398
77800	-290.1546	-280.6802	-9.474443	1.240635	0.00170617	0.0940679	0.140865	0.763361	0.1210463
78000	-291.6664	-279.1197	-12.54671	1.44469	0.0353261	0.00596723	0.245534	0.713173	0.2239325
78200	-294.9798	-282.473	-12.50684	1.55065	0.00169207	0.152252	0.262075	0.583981	0.1100902
78400	-290.6597	-279.9536	-10.70607	1.413435	0.0125332	0.124381	0.563213	0.299872	0.07474941
78600	-293.5252	-281.4378	-12.08738	1.540184	0.0781732	0.119616	0.390401	0.411809	0.08434167
78800	-298.905	-282.6238	-16.28121	1.840743	0.220999	0.121562	0.0210709	0.636368	0.1979974
79000	-290.7659	-280.824	-9.941957	1.401627	0.029027	0.163376	0.651999	0.155598	0.01183421
79200	-291.0906	-282.9775	-8.113125	1.216939	0.0174926	0.0504487	0.53966	0.392399	0.01330808
79400	-295.5427	-282.7557	-12.78691	1.488532	0.0258216	0.288466	0.592265	0.0934472	0.206223
79600	-290.5062	-279.3813	-11.12487	1.407573	0.0441245	0.0149363	0.291662	0.649278	0.1192842
79800	-289.4283	-279.6978	-9.730418	1.225125	0.00331312	0.00985163	0.285991	0.700844	0.1586354
80000	-288.654	-280.4344	-8.219636	1.237889	0.0215122	0.00308523	0.33861	0.636793	0.00389611
80200	-290.3098	-278.7751	-11.53471	1.487367	0.02907	0.00950745	0.681498	0.279924	0.08240956
80400	-291.8442	-279.335	-12.50912	1.562274	0.00619027	0.148963	0.133705	0.711142	0.1022093
80600	-291.7781	-278.3322	-13.44594	1.685663	0.00651368	0.111824	0.237921	0.643742	0.07692941
80800	-290.3237	-278.8433	-11.48041	1.356766	0.00756679	0.0330397	0.287404	0.67199	0.2018353
81000	-293.6169	-279.6295	-13.98737	1.791315	0.0534164	0.132837	0.556558	0.257189	0.02620561
81200	-292.0999	-282.2489	-9.850981	1.398915	0.0286982	0.0164804	0.574716	0.380106	0.005657153
81400	-297.6076	-280.3012	-17.30635	1.89055	0.0241439	0.139607	0.1848	0.651449	0.2419162
81600	-289.7921	-280.8253	-8.966766	1.249755	0.00486664	0.04106	0.03074	0.923333	0.06434593
81800	-293.8845	-283.767	-10.11755	1.292842	0.0647266	0.161968	0.0111148	0.762191	0.1308588
82000	-290.0224	-281.4288	-8.593599	1.267781	0.0276246	0.0850667	0.41812	0.469189	0.01112457
82200	-291.2938	-280.534	-10.75982	1.23937	0.0044866	0.0440266	0.137968	0.813518	0.2469982
82400	-290.0685	-279.7627	-10.30585	1.326587	0.00311989	0.100299	0.158795	0.737785	0.1182995
82600	-293.9759	-281.7735	-12.20234	1.201366	0.00223338	0.00177136	0.488952	0.507043	0.4276524
82800	-290.6451	-279.1093	-11.53579	1.488525	0.0266888	0.06993	0.621476	0.281906	0.08220212
83000	-290.8008	-280.4582	-10.34257	1.369154	0.052119	0.0652263	0.481454	0.401201	0.08177725
83200	-289.011	-279.6506	-9.360407	1.331644	0.00838384	0.0614041	0.265686	0.664527	0.02339758
83400	-290.8351	-282.4786	-8.356527	1.200285	0.0395323	0.0867043	0.737906	0.135858	0.05246123
83600	-291.138	-280.36	-10.77799	1.369435	0.0200022	0.0123083	0.690108	0.277581	0.1208639
83800	-292.1349	-280.6965	-11.43834	1.526575	0.00178771	0.237527	0.173605	0.58708	0.03627326
84000	-290.4376	-281.5683	-8.869223	1.209323	0.017856	0.0582941	0.18481	0.73904	0.09384224
84200	-292.0597	-282.8807	-9.179035	1.22418	0.0790751	0.00762526	0.130137	0.783163	0.1073822
84400	-289.7128	-277.5629	-12.14991	1.560752	0.00262384	0.000656457	0.574524	0.422196	0.0721179
84600	-289.2202	-278.3782	-10.84201	1.496445	0.0111296	0.0140946	0.575914	0.398862	0.00755871
84800	-295.7262	-282.5369	-13.18928	1.6477	0.111653	0.121187	0.0678565	0.699303	0.08859753
85000	-294.0285	-280.3188	-13.70969	1.458978	0.00712293	0.0173325	0.839692	0.135853	0.3280721
85200	-289.7177	-278.9592	-10.75855	1.406367	0.00823788	0.00215299	0.955663	0.0339461	0.08742737
85400	-291.3574	-279.1611	-12.19634	1.398261	0.0345838	0.0156821	0.699484	0.25025	0.2320332
85600	-290.5924	-280.2027	-10.38962	1.445339	0.0464256	0.00781299	0.354797	0.590964	0.013008
85800	-289.7	-278.8665	-10.83352	1.401076	0.0113782	0.0379724	0.910032	0.040617	0.09862137
86000	-291.7899	-280.9756	-10.81427	1.475383	0.0417728	0.189295	0.0674676	0.701464	0.02506709
86200	-290.443	-277.8879	-12.55513	1.463097	0.00783146	0.0094461	0.754529	0.228193	0.20201
86400	-292.8762	-282.9315	-9.944679	1.356815	0.102547	0.0974197	0.503083	0.296951	0.05556712
86600	-292.4969	-282.6329	-9.864045	1.264527	0.0316812	0.045411	0.0392429	0.883665	0.1369137
86800	-291.6778	-280.6735	-11.00432	1.460335	0.0168889	0.0371749	0.132357	0.813579	0.05645184
87000	-291.4885	-280.6126	-10.87589	1.312054	0.0159558	0.0712433	0.871218	0.0415829	0.1841408
87200	-296.8486	-287.5438	-9.304755	1.11334	0.0927089	0.139641	0.372983	0.394666	0.226335
87400	-291.1645	-280.3257	-10.83873	1.498134	0.0452371	0.118811	0.57745	0.258502	0.005433644
87600	-291.6255	-281.5217	-10.10383	1.345271	0.0349985	0.0423623	0.0278568	0.894782	0.08239386
87800	-294.924	-282.7075	-12.21641	1.513162	0.0264854	0.233529	0.466714	0.273272	0.1181458
88000	-289.3466	-280.6879	-8.658687	1.235738	0.00373618	0.0310672	0.688107	0.27709	0.04832473
88200	-294.0636	-282.4687	-11.5949	1.570894	0.10925	0.204599	0.456461	0.22969	0.008201099
88400	-293.1944	-278.2118	-14.98264	1.708602	0.0487919	0.0232483	0.670776	0.257184	0.2019158
88600	-292.9638	-283.6275	-9.336363	1.30291	0.05025	0.00436337	0.376876	0.568511	0.04989753
88800	-290.2168	-279.8372	-10.37967	1.438774	0.00861147	0.0505623	0.15296	0.787866	0.01834727
89000	-292.544	-284.4822	-8.061786	1.193897	0.0288878	0.183237	0.41079	0.377085	0.03114342
89200	-290.3643	-282.554	-7.810266	1.166195	0.00961188	0.0605345	0.617103	0.31275	0.03353358
89400	-289.8547	-279.1334	-10.72128	1.463805	0.0085971	0.114547	0.720332	0.156524	0.02716706
89600	-292.5801	-281.2284	-11.35171	1.462456	0.0511325	0.0518464	0.397732	0.49929	0.08642918
89800	-292.3462	-278.6252	-13.72105	1.600814	0.00454637	0.0610244	0.105816	0.828614	0.1850692
90000	-294.1981	-282.372	-11.82614	1.255614	0.0589043	0.0807438	0.00111128	0.859241	0.3306968
90200	-290.5209	-283.3281	-7.192732	1.108163	0.027676	0.0442762	0.242626	0.685422	0.02938996
90400	-292.3414	-282.3754	-9.965926	1.416247	0.119745	0.0199774	0.0638124	0.796465	0.0003043926
90600	-292.3956	-284.8056	-7.590049	1.151594	0.0500142	0.0616813	0.838006	0.0502987	0.02620927
90800	-289.8167	-279.3193	-10.49738	1.393173	0.0286739	0.0517379	0.0696514	0.849937	0.0733399
91000	-296.7853	-287.7866	-8.9987	1.292622	0.030509	0.283026	0.142995	0.54347	0.02500822
91200	-291.5582	-281.044	-10.51426	1.395585	0.0133406	0.0786291	0.611653	0.296377	0.07239204
91400	-291.3019	-280.7085	-10.59344	1.271655	0.0297296	0.0469664	0.168756	0.754548	0.1956581
91600	-294.1171	-281.5937	-12.52342	1.671124	0.0803025	0.25075	0.329531	0.339417	0.001127751
91800	-294.4532	-282.8817	-11.57155	1.497435	0.14768	0.000110144	0.280099	0.572111	0.07952053
92000	-290.6404	-279.8521	-10.78829	1.421951	0.0209072	0.0276895	0.052251	0.899152	0.07389557
92200	-288.6545	-279.9316	-8.722882	1.269037	0.0284453	0.0115225	0.52236	0.437672	0.02198943
92400	-291.2409	-278.4582	-12.7827	1.686029	0.0197216	0.0980156	0.0624611	0.819802	0.01176869
92600	-290.9665	-281.0598	-9.906731	1.274967	0.0245532	0.0447342	0.817019	0.113694	0.1312199
92800	-289.9145	-280.3574	-9.557143	1.347122	0.0149135	0.12502	0.838236	0.0218303	0.02737006
93000	-289.9629	-280.012	-9.950858	1.311429	0.0187406	0.0695238	0.492762	0.418973	0.09917986
93200	-293.1867	-282.0839	-11.1028	1.470521	0.0930593	0.0600065	0.445855	0.40108	0.05862691
93400	-292.8924	-282.0231	-10.86935	1.351733	0.00165128	0.223867	0.700987	0.0734948	0.1464817
93600	-291.3315	-280.0289	-11.30263	1.489265	0.0555456	0.105663	0.235814	0.602978	0.05835751
93800	-292.7867	-283.3947	-9.391985	1.291733	0.0655088	0.0473617	0.755237	0.131892	0.06622456
94000	-295.9267	-283.8301	-12.0966	1.452939	0.0468432	0.128239	0.00112214	0.823796	0.1771062
94200	-292.4928	-282.1594	-10.33337	1.292048	0.00624769	0.141297	0.0844154	0.76804	0.1575933
94400	-289.8174	-278.7622	-11.05524	1.474893	0.0206893	0.0530718	0.133929	0.79231	0.04873831
94600	-290.8789	-280.1078	-10.77108	1.453486	0.0696527	0.0137097	0.437145	0.479492	0.04250745
94800	-296.1116	-280.1503	-15.96122	1.745718	0.0552766	0.0656035	0.316745	0.562374	0.2706971
95000	-290.2371	-280.9668	-9.270242	1.329544	0.0248608	0.0158989	0.490228	0.469012	0.01698576
95200	-291.172	-280.1276	-11.04447	1.3698	0.0447388	0.0193872	0.867656	0.0682184	0.1484828
95400	-293.2472	-281.4208	-11.82646	1.557151	0.0251917	0.144636	0.810466	0.0197066	0.04194698
95600	-294.5768	-284.5734	-10.00333	1.233733	0.0338813	0.142659	0.650471	0.17299	0.17291
95800	-290.2585	-280.5016	-9.756822	1.367528	0.033045	0.0322432	0.245425	0.689286	0.02672869
96000	-295.0972	-283.3897	-11.70745	1.470584	0.0629405	0.323508	0.227694	0.385858	0.1171449
96200	-291.381	-278.7856	-12.59531	1.540672	0.0523493	0.0183711	0.58351	0.345769	0.1317445
96400	-289.1778	-281.332	-7.84577	1.189699	0.0157788	0.003389	0.302298	0.678534	0.01433027
96600	-290.1846	-283.2231	-6.961504	1.104563	0.0225696	0.0613083	0.700291	0.215831	0.01101632
96800	-293.3703	-283.285	-10.0853	1.373988	0.00072566	0.267844	0.659255	0.0721752	0.05213812
97000	-292.9585	-279.6805	-13.27802	1.650434	0.0202856	0.0760994	0.342395	0.56122	0.09057505
97200	-288.676	-278.8855	-9.790532	1.392724	0.00611834	0.0148805	0.0596256	0.919376	0.006124875
97400	-291.4727	-282.6056	-8.867064	1.271265	0.0679977	0.0576287	0.305424	0.56895	0.03378155
97600	-301.6522	-286.8913	-14.76097	1.853099	0.0567602	0.313546	0.157427	0.472267	0.04127711
97800	-290.237	-279.9576	-10.27945	1.39193	0.0311018	0.0711493	0.403774	0.493975	0.05309282
98000	-290.3339	-281.3739	-8.960039	1.293663	0.0285139	0.0937892	0.354918	0.522779	0.02151692
98200	-294.816	-282.4851	-12.33092	1.591869	0.164867	0.115011	0.00602239	0.7141	0.05834
98400	-295.7589	-280.0088	-15.75011	1.949977	0.0954217	0.0641469	0.191507	0.648924	0.04409672
98600	-291.559	-278.8727	-12.68629	1.625677	0.0495129	0.0372604	0.869966	0.043261	0.05971766
98800	-290.2241	-279.3345	-10.88952	1.365499	0.0164659	0.0355104	0.886345	0.0616782	0.1386588
99000	-296.7058	-282.474	-14.23177	1.678502	0.128233	0.0556373	0.779899	0.036231	0.1630087
99200	-296.3048	-285.3224	-10.98235	1.394617	0.0364315	0.165281	0.748809	0.049479	0.1161108
99400	-289.0664	-280.7022	-8.364218	1.251497	0.0377391	0.0186257	0.780091	0.163544	0.00464913
99600	-293.3541	-280.5705	-12.78365	1.553201	0.0296183	0.0712576	0.847624	0.0515001	0.1411176
99800	-291.4521	-279.5054	-11.94663	1.572885	0.0602883	0.0122794	0.760898	0.166534	0.04083636
100000	-293.445	-279.7934	-13.65161	1.710989	0.0944765	0.0592392	0.473149	0.373135	0.07050634
100200	-288.2014	-279.089	-9.112389	1.330715	0.00254895	0.0586941	0.324698	0.614059	0.0004707877
100400	-296.7594	-279.2126	-17.54675	2.080666	0.0796902	0.0980225	0.0916792	0.730608	0.09332869
100600	-290.4769	-281.6587	-8.818139	1.298696	0.0625179	0.0172391	0.761299	0.158944	0.002962055
100800	-288.4506	-278.9072	-9.543339	1.345705	0.00144267	0.0208077	0.412375	0.565375	0.02745011
101000	-297.0313	-288.3525	-8.678797	1.105422	0.068503	0.0405517	0.663122	0.227823	0.1712757
101200	-288.7151	-279.556	-9.15911	1.299803	0.00309906	0.00208364	0.53412	0.460697	0.03428749
101400	-290.8756	-279.112	-11.76362	1.354854	0.00198562	0.0118114	0.851317	0.134886	0.231759
101600	-288.9185	-278.6949	-10.22355	1.410728	0.00518949	0.0572142	0.466014	0.471583	0.03043222
101800	-290.3772	-280.2463	-10.13094	1.409196	0.0231535	0.119476	0.518089	0.339281	0.02312597
102000	-290.1523	-278.9367	-11.2156	1.504931	0.0363398	0.00772915	0.392931	0.563	0.03492226
102200	-291.0942	-282.8161	-8.278131	1.226258	0.0397524	0.0153575	0.519941	0.424949	0.02096579
102400	-291.1321	-277.4456	-13.68649	1.631791	0.00787451	0.0167957	0.538766	0.436564	0.1502675
102600	-289.3402	-279.1482	-10.19199	1.437137	0.037949	0.00865515	0.185924	0.767472	0.001921022
102800	-292.2301	-284.5381	-7.691992	1.062847	0.0284022	0.0275094	0.926973	0.0171156	0.1211915
103000	-291.9273	-280.6718	-11.25555	1.458651	0.0541757	0.085262	0.775661	0.0849018	0.08515555
103200	-295.2051	-286.5061	-8.699018	1.147177	0.0689381	0.189711	0.655511	0.0858401	0.1333372
103400	-291.7579	-279.8118	-11.94606	1.483505	0.0265387	0.0523628	0.452838	0.46826	0.1233981
103600	-294.361	-281.7089	-12.65208	1.427543	0.0303821	0.110474	0.134205	0.724939	0.2391954
103800	-291.0552	-281.5712	-9.484028	1.226878	0.00030007	0.0610076	0.786422	0.15227	0.1332318
104000	-297.4459	-284.0937	-13.35223	1.640413	0.0107063	0.212217	0.309063	0.468014	0.1065138
104200	-295.5058	-281.206	-14.29977	1.776082	0.035421	0.0267656	0.551273	0.386541	0.06934905
104400	-292.1701	-280.2349	-11.93518	1.510435	0.0422227	0.00247409	0.0353531	0.91995	0.1006146
104600	-292.0338	-282.2181	-9.815683	1.386997	0.0478652	0.120983	0.731893	0.0992591	0.01410263
104800	-289.4767	-280.1147	-9.361983	1.272039	0.00689733	0.0365313	0.519744	0.436827	0.07920236
105000	-292.2582	-280.1813	-12.07688	1.469087	0.0160936	0.00222267	0.309861	0.671823	0.1491212
105200	-292.0536	-284.9703	-7.083271	1.052994	0.0229644	0.0383709	0.789695	0.14897	0.07040004
105400	-289.2046	-279.7459	-9.458763	1.332742	0.00423554	0.0734352	0.0303403	0.891989	0.03134216
105600	-289.9835	-279.7095	-10.27394	1.396503	0.0252226	0.0237321	0.845947	0.105098	0.04964485
105800	-292.1142	-280.7964	-11.31774	1.491224	0.00774054	0.128468	0.369568	0.494224	0.05696303
106000	-289.5291	-280.2494	-9.279631	1.311458	0.0262872	0.0551724	0.917542	0.000998547	0.03438495
106200	-289.9292	-278.3821	-11.5471	1.495482	0.00340275	0.0418623	0.381202	0.573533	0.07537747
106400	-294.1055	-282.8072	-11.29822	1.46062	0.00458291	0.336949	0.0896274	0.568841	0.08504371
106600	-292.4905	-282.6737	-9.816809	1.360012	0.0635183	0.052654	0.0276493	0.856178	0.04097771
106800	-291.1819	-279.8278	-11.35408	1.544242	0.0841016	0.0264526	0.82835	0.0610958	0.01073766
107000	-293.4712	-284.6818	-8.789389	1.278366	0.112118	0.0894794	0.715518	0.0828849	0.01964227
107200	-292.1516	-280.9127	-11.2389	1.329048	0.0739256	0.0235941	0.702122	0.200359	0.2054953
107400	-295.0435	-285.7416	-9.301906	1.294192	0.162557	0.038408	0.256124	0.542911	0.05303056
107600	-295.7875	-282.3129	-13.47463	1.419035	0.0607189	0.132198	0.769841	0.0372419	0.3350047
107800	-297.1827	-286.7714	-10.41126	1.378416	0.0775864	0.254586	0.433337	0.234491	0.08036051
108000	-288.224	-278.5052	-9.718757	1.354519	0.000674944	0.0183143	0.293662	0.687349	0.03577295
108200	-288.1817	-278.6866	-9.495081	1.33112	0.0150566	0.00305616	0.195066	0.786821	0.03661117
108400	-292.9275	-285.2349	-7.692563	1.081352	0.0239786	0.0498757	0.192983	0.733162	0.1010944
108600	-291.4113	-279.596	-11.81539	1.543122	0.0890643	0.0103475	0.770748	0.12984	0.05649115
108800	-291.8416	-279.3228	-12.51881	1.365295	0.019208	0.0614211	0.632795	0.286576	0.2925978
109000	-288.6055	-279.1595	-9.446008	1.356118	0.0156266	0.00852456	0.904161	0.0716883	0.00805707
109200	-292.1326	-280.2296	-11.90307	1.402524	0.00601199	0.178817	0.206502	0.608669	0.1988791
109400	-292.5787	-282.0784	-10.50026	1.370125	0.0141685	0.233935	0.192129	0.559767	0.09599034
109600	-296.4587	-282.6512	-13.8075	1.659987	0.11068	0.0506329	0.264558	0.574129	0.131296
109800	-295.7116	-280.5001	-15.21156	1.857593	0.0351996	0.0345241	0.267889	0.662387	0.07726759
110000	-291.7492	-282.8244	-8.924839	1.269232	0.017059	0.0674506	0.790898	0.124592	0.04186988
110200	-293.3546	-279.7933	-13.56128	1.775944	0.0702979	0.0524355	0.209656	0.667611	0.0001531653
110400	-295.2442	-278.407	-16.83714	2.06896	0.0226807	0.0733072	0.59767	0.306342	0.03358517
110600	-292.826	-282.2977	-10.5283	1.457702	0.0360511	0.0208535	0.771654	0.171441	0.01473673
110800	-289.8649	-279.4619	-10.40296	1.425454	0.0100796	0.106367	0.877462	0.00609063	0.0333698
111000	-289.9488	-279.189	-10.75982	1.478094	0.013396	0.0152271	0.763541	0.207836	0.01732461
111200	-291.8553	-280.2685	-11.58683	1.521744	0.0465374	0.0290397	0.670053	0.25437	0.05646989
111400	-291.8412	-279.4104	-12.43079	1.462747	0.0150303	0.0181599	0.794886	0.171923	0.1909099
111600	-293.1247	-278.4661	-14.65853	1.777316	0.0410372	0.0615595	0.163907	0.733496	0.1047222
111800	-300.3968	-281.3097	-19.08709	1.628927	0.110894	0.102863	0.126158	0.660086	0.691081
112000	-288.9818	-279.7749	-9.206943	1.261843	0.00403387	0.0300901	0.550397	0.415479	0.07444826
112200	-292.5684	-282.3442	-10.22416	1.402985	0.0290586	0.113008	0.472253	0.38568	0.03645911
112400	-290.8022	-278.5889	-12.21326	1.585251	0.0322254	0.0562964	0.167107	0.744371	0.05433944
112600	-296.8544	-284.6307	-12.22369	1.474584	0.0214177	0.2537	0.205817	0.519066	0.1534173
112800	-292.5198	-282.7819	-9.737979	1.349186	0.0380633	0.141579	0.380226	0.440132	0.04134503
113000	-293.835	-279.5285	-14.30651	1.848701	0.00971151	0.140972	0.361008	0.488308	0.001872426
113200	-294.7208	-285.0595	-9.6613	1.256895	0.176639	0.00759653	0.329526	0.486238	0.1241207
113400	-288.8635	-277.9983	-10.86524	1.488353	0.000298997	0.0494157	0.733921	0.216364	0.01745675
113600	-292.6324	-279.3967	-13.23562	1.67356	0.0408505	0.125871	0.0993944	0.733884	0.06613499
113800	-292.2911	-279.3899	-12.90121	1.533321	0.0287427	0.0958713	0.140559	0.734827	0.1704066
114000	-293.381	-279.8065	-13.57447	1.679806	0.0180666	0.144392	0.821425	0.0161172	0.09437208
114200	-293.5615	-283.2946	-10.26695	1.433725	0.10148	0.035872	0.519431	0.343217	0.01253538
114400	-294.2141	-278.9172	-15.29684	1.733708	0.0448304	0.0205157	0.426195	0.508459	0.2070427
114600	-292.6139	-279.2851	-13.32883	1.439701	0.0433953	0.036445	0.592956	0.327204	0.3014719
114800	-294.5183	-279.2407	-15.27763	1.533763	0.0472453	0.0754398	0.298297	0.579018	0.3938193
115000	-289.6922	-279.5952	-10.09695	1.334796	0.00687434	0.0363856	0.601094	0.355646	0.08938808
115200	-296.512	-279.8532	-16.65882	2.065956	0.0991465	0.0527348	0.777054	0.071065	0.01915792
115400	-290.8459	-279.0402	-11.80573	1.537284	0.0106284	0.0880044	0.893913	0.00745393	0.05975503
115600	-292.542	-279.9959	-12.54602	1.49171	0.0350843	0.0684848	0.132359	0.764072	0.1725833
115800	-291.4331	-281.508	-9.925088	1.347422	0.0205783	0.0233442	0.390572	0.565505	0.0620815
116000	-294.1199	-279.9327	-14.18726	1.694526	0.0026734	0.0377375	0.453226	0.506363	0.1411041
116200	-291.8351	-280.7269	-11.10816	1.519611	0.0128844	0.176558	0.225918	0.58464	0.01052122
116400	-296.4552	-284.7915	-11.66377	1.399909	0.00157955	0.063689	0.146761	0.787971	0.1725373
116600	-292.5803	-281.2224	-11.35788	1.381702	0.0156092	0.21164	0.493147	0.279604	0.165846
116800	-292.9781	-279.0936	-13.88453	1.73831	0.0446391	0.129543	0.694769	0.131049	0.06736453
117000	-293.7424	-280.5977	-13.14473	1.722186	0.0268152	0.00668414	0.387899	0.578602	0.01123152
117200	-291.9287	-280.1393	-11.78939	1.588974	0.0229163	0.0662995	0.472688	0.438096	0.00927797
117400	-291.8449	-279.534	-12.31086	1.587133	0.0425046	0.112593	0.141374	0.703528	0.06245514
117600	-295.8118	-281.3298	-14.482	1.541776	0.065565	0.0235099	0.376743	0.534182	0.3162425
117800	-291.727	-281.2663	-10.46079	1.42103	0.114202	0.0197951	0.682671	0.183332	0.04353292
118000	-293.3777	-281.6504	-11.72728	1.431515	0.0242459	0.051367	0.273863	0.650524	0.1505576
118200	-295.5406	-285.0331	-10.50745	1.259943	0.0406079	0.0506086	0.164643	0.74414	0.2053186
118400	-295.7017	-284.2026	-11.49913	1.233544	0.0567317	0.11268	0.635058	0.195531	0.3128397
118600	-296.5732	-279.6527	-16.92055	1.977941	0.00926482	0.0699996	0.397836	0.5229	0.125335
118800	-297.7958	-285.6453	-12.1505	1.484897	0.00587672	0.125499	0.670896	0.197728	0.1434352
119000	-291.9039	-281.5507	-10.35315	1.427571	0.0102661	0.160246	0.705781	0.123707	0.02595957
119200	-289.294	-278.9509	-10.34308	1.43611	0.023492	0.0164445	0.451566	0.508498	0.01724699
119400	-295.4793	-286.611	-8.86825	1.305303	0.0883883	0.205695	0.348839	0.357078	0.0014669
119600	-294.5669	-280.5399	-14.02698	1.695073	0.0752592	0.0277037	0.311178	0.585859	0.1246328
119800	-292.1732	-283.4053	-8.767941	1.099817	0.00763842	0.0110243	0.560032	0.421305	0.188836
120000	-295.5097	-284.1108	-11.39886	1.325019	0.145484	0.0373678	0.570562	0.246586	0.2288753
120200	-296.5613	-284.0636	-12.49769	1.547127	0.00916931	0.132223	0.554659	0.303948	0.1143186
120400	-291.9272	-282.2312	-9.695987	1.234765	0.0417236	0.0573249	0.584956	0.315996	0.1497765
120600	-289.8241	-279.8706	-9.953501	1.369251	0.00987638	0.126015	0.837169	0.0269391	0.04392621
120800	-288.6474	-279.3506	-9.296835	1.345091	0.0118455	0.000124999	0.665741	0.322289	0.004327484
121000	-290.3108	-279.5402	-10.77054	1.428452	0.0475702	0.0476928	0.212791	0.691946	0.06565733
121200	-292.3626	-281.156	-11.20652	1.446155	0.0823012	0.0871384	0.777557	0.0530035	0.09050904
121400	-291.1032	-280.0997	-11.00343	1.42574	0.00509917	0.149218	0.567488	0.278195	0.08888891
121600	-289.2683	-280.8529	-8.415409	1.244743	0.0124456	0.0127364	0.0103884	0.96443	0.01630033
121800	-292.0394	-279.1982	-12.84116	1.589378	0.0556207	0.0207018	0.861781	0.0618962	0.1078587
122000	-293.5973	-283.7346	-9.862733	1.222921	0.0687084	0.0772988	0.239442	0.61455	0.1749452
122200	-293.3474	-281.9157	-11.43167	1.347732	0.0657402	0.00514023	0.461445	0.467674	0.2117409
122400	-289.1382	-278.8181	-10.32009	1.442053	0.0222811	0.016904	0.816153	0.144662	0.009502254
122600	-291.9553	-283.4097	-8.545561	1.242719	0.000593729	0.0155414	0.405525	0.57834	0.02929472
122800	-294.3245	-284.4037	-9.920793	1.341791	0.15558	0.056009	0.635039	0.153371	0.06737579
123000	-292.3164	-282.3159	-10.00046	1.407184	0.0556394	0.0238883	0.246431	0.674041	0.01271877
123200	-292.4264	-281.984	-10.44249	1.215398	0.0490147	0.0476294	0.861769	0.0415868	0.2350895
123400	-289.509	-280.3996	-9.109402	1.28445	0.0227885	0.0423071	0.204836	0.730068	0.04479859
123600	-292.2306	-277.8516	-14.37891	1.731304	0.0248086	0.0301327	0.477975	0.467084	0.1207067
123800	-288.978	-277.4751	-11.50297	1.518266	0.000288223	0.029428	0.927392	0.0428914	0.04965022
124000	-292.6689	-279.1441	-13.52478	1.46977	0.0215687	0.0368069	0.369378	0.572247	0.2836441
124200	-289.4916	-279.1938	-10.29777	1.335141	0.0144807	0.0272159	0.0325893	0.925714	0.1098632
124400	-295.3426	-287.5424	-7.800185	1.185976	0.023991	0.0252609	0.432056	0.518692	0.01288946
124600	-291.0892	-278.9665	-12.12274	1.433081	0.0089214	0.0520877	0.449145	0.489846	0.1914552
124800	-291.2974	-283.9095	-7.387968	1.132378	0.0159067	0.0650304	0.464376	0.454687	0.02547662
125000	-292.7796	-281.4024	-11.3772	1.492143	0.0211288	0.160083	0.708371	0.110417	0.06476728
125200	-294.3278	-280.6895	-13.63829	1.60249	0.0497252	0.118158	0.5425	0.289617	0.1748988
125400	-290.5433	-282.2556	-8.287757	1.186197	0.038731	0.0198006	0.032716	0.908752	0.0600063
125600	-289.5768	-281.5123	-8.064558	1.20734	0.0226566	0.0108706	0.3381	0.628373	0.01823553
125800	-289.0581	-279.7358	-9.322336	1.304408	0.0221569	0.00626044	0.0778486	0.893734	0.04601826
126000	-290.9962	-279.9384	-11.05787	1.284372	0.00328909	0.0604834	0.303341	0.632886	0.2300851
126200	-293.1212	-280.3661	-12.75503	1.664499	0.0979845	0.0870801	0.445905	0.36903	0.02934108
126400	-294.0667	-281.569	-12.4977	1.651097	0.00983956	0.391893	0.25423	0.344037	0.01763819
126600	-288.6228	-279.44	-9.182801	1.309401	0.0112086	0.0429209	0.518741	0.42713	0.02762977
126800	-290.2673	-279.3727	-10.89458	1.308926	0.0102022	0.0448712	0.0692975	0.875629	0.1910296
127000	-292.6322	-279.0799	-13.55236	1.606914	0.00860911	0.0543016	0.0820333	0.855056	0.161833
127200	-293.6443	-279.1818	-14.4625	1.629291	0.021064	0.0439302	0.867782	0.0672234	0.2249265
127400	-290.9162	-281.5897	-9.326498	1.309064	0.0204374	0.126736	0.326862	0.525965	0.04096091
127600	-292.9969	-282.364	-10.63287	1.439812	0.0209482	0.317696	0.0431323	0.618224	0.04088423
127800	-294.2983	-285.3975	-8.900853	1.141473	0.0137933	0.0153795	0.902457	0.0683701	0.1633328
128000	-294.6087	-283.0604	-11.54829	1.520422	0.0293989	0.141113	0.577843	0.251645	0.05025064
128200	-288.7715	-280.3925	-8.378954	1.236935	0.0164942	0.019159	0.491389	0.472958	0.01977816
128400	-291.4677	-281.9346	-9.533101	1.340296	0.0178949	0.0618993	0.620993	0.299213	0.03195865
128600	-293.0049	-281.2703	-11.73458	1.451757	0.0220194	0.233991	0.357048	0.386942	0.1359533
128800	-291.3484	-279.9924	-11.35599	1.358231	0.00292004	0.0826463	0.542486	0.371948	0.1886371
129000	-292.4591	-282.2799	-10.17921	1.417307	0.0479014	0.145381	0.575014	0.231704	0.01959393
129200	-293.9629	-281.7507	-12.21218	1.350636	0.038462	0.0915833	0.376702	0.493253	0.2845242
129400	-293.2456	-280.4988	-12.7469	1.469319	0.0497436	0.0743884	0.185192	0.690676	0.2165931
129600	-290.0405	-279.3207	-10.71974	1.486038	0.0297917	0.049688	0.251091	0.669429	0.005658018
129800	-290.0971	-279.1857	-10.91147	1.459668	0.015996	0.0382648	0.663718	0.282021	0.05033721
130000	-293.6176	-280.6378	-12.97978	1.647845	0.0533754	0.121858	0.159275	0.665492	0.06610243
130200	-288.6477	-279.8553	-8.792461	1.29047	0.00619773	0.0362296	0.4736	0.483973	0.008283054
130400	-290.6902	-281.8795	-8.810662	1.26645	0.00312521	0.0639896	0.357509	0.575376	0.03395034
130600	-293.5534	-280.9028	-12.6506	1.610841	0.0543827	0.104203	0.217412	0.624002	0.07186681
130800	-293.8009	-277.8796	-15.9213	1.718893	0.0191012	0.003397	0.901276	0.0762261	0.2767551
131000	-295.38	-281.4421	-13.9379	1.377776	0.00231169	0.136425	0.362322	0.498942	0.4032666
131200	-290.7063	-279.5632	-11.14308	1.497607	0.00364368	0.0413865	0.694416	0.260554	0.03614104
131400	-294.2308	-282.9345	-11.2963	1.536297	0.0169044	0.129045	0.843715	0.010336	0.0129862
131600	-294.0243	-278.5206	-15.50374	1.849358	0.050829	0.00733502	0.167163	0.774673	0.1174754
131800	-291.2749	-282.4074	-8.867483	1.296692	0.0415946	0.0403765	0.447152	0.470877	0.009685802
132000	-291.058	-280.7244	-10.33356	1.4128	0.00579718	0.0709346	0.033041	0.890227	0.03861249
132200	-292.4648	-284.0771	-8.387735	1.151952	0.0286796	0.141075	0.42943	0.400815	0.1023596
132400	-295.0676	-278.3992	-16.6684	1.991528	0.0436426	0.0497368	0.883032	0.0235881	0.09450133
132600	-293.9653	-285.6063	-8.35906	1.122856	0.0700086	0.0193863	0.258123	0.652482	0.126056
132800	-292.6733	-282.6899	-9.983376	1.369571	0.0940666	0.0688462	0.404135	0.432952	0.04645726
133000	-289.4407	-280.1866	-9.254166	1.241844	0.00353133	0.0114956	0.415341	0.569632	0.0998176
133200	-297.5472	-284.5205	-13.02665	1.700576	0.109348	0.169417	0.214425	0.50681	0.02154027
133400	-290.8027	-280.2718	-10.53083	1.418998	0.00377002	0.168604	0.141255	0.686371	0.05233831
133600	-290.8563	-282.0134	-8.842913	1.255871	0.066145	0.0227005	0.604722	0.306432	0.04567581
133800	-289.2631	-278.1391	-11.12403	1.443864	0.00729735	0.0163074	0.245957	0.730439	0.08429481
134000	-289.239	-277.6799	-11.55913	1.464982	0.00626065	0.00534835	0.261536	0.726855	0.1060047
134200	-290.6529	-281.5205	-9.132413	1.28452	0.0560561	0.0842597	0.332683	0.527001	0.04631486
134400	-292.8589	-279.9829	-12.87597	1.59018	0.0442779	0.02472	0.757632	0.17337	0.1138693
134600	-291.4752	-282.1385	-9.336636	1.322544	0.0368763	0.0686316	0.486157	0.408335	0.02930843
134800	-295.1177	-283.0663	-12.0514	1.595541	0.0107608	0.242944	0.647266	0.0990292	0.02828002
135000	-289.4479	-279.963	-9.484961	1.367183	0.0102086	0.0437508	0.676692	0.269349	0.001202087
135200	-290.1288	-282.1529	-7.975902	1.208773	0.0532187	0.0108863	0.38051	0.555385	0.008404572
135400	-291.0805	-280.3111	-10.76934	1.426539	0.0649898	0.0809002	0.618751	0.235359	0.06698478
135600	-293.1989	-281.2011	-11.99781	1.617592	0.175345	0.00342603	0.698817	0.122412	0.002118206
135800	-291.5881	-279.7221	-11.86594	1.365477	0.00159089	0.120134	0.194016	0.684258	0.2300401
136000	-289.4982	-281.0262	-8.472046	1.247873	0.012669	0.0363874	0.546099	0.404845	0.01870922
136200	-287.9098	-279.5338	-8.376005	1.24441	0.00219286	0.0163755	0.866001	0.115431	0.01245311
136400	-289.523	-278.1039	-11.41915	1.541725	0.00798992	0.0218089	0.859095	0.111106	0.01908173
136600	-290.467	-279.8989	-10.56812	1.34962	0.0197191	0.0382434	0.20654	0.735498	0.1235537
136800	-292.6186	-282.8758	-9.742753	1.390988	0.0671818	0.204595	0.279611	0.448613	0.003137309
137000	-291.688	-279.2737	-12.41422	1.659975	0.0236259	0.0449194	0.496216	0.435238	0.001389958
137200	-290.4145	-280.8334	-9.581173	1.370614	0.0799572	0.00957815	0.769615	0.140849	0.007057043
137400	-295.1061	-283.1575	-11.94858	1.369674	0.0965548	0.124424	0.670463	0.108558	0.2312658
137600	-294.2706	-282.7957	-11.47487	1.324365	0.0705006	0.134947	0.392729	0.401823	0.2317454
137800	-289.2971	-280.2945	-9.00263	1.294732	0.031689	0.0232868	0.478597	0.466427	0.02461158
138000	-292.2759	-279.8176	-12.45824	1.601853	0.0832084	0.0190577	0.477879	0.419855	0.06138886
138200	-289.8583	-280.2054	-9.652879	1.294994	0.0335453	0.0324389	0.435012	0.499004	0.08654268
138400	-291.9781	-279.5143	-12.46385	1.626932	0.04006	0.0628557	0.878078	0.0190067	0.03808616
138600	-290.7687	-280.2904	-10.47827	1.316774	0.00470918	0.0843374	0.594868	0.316085	0.145881
138800	-291.7832	-278.7595	-13.02366	1.570408	0.0263944	0.0107854	0.580654	0.382166	0.1466216
139000	-290.9654	-280.3003	-10.66512	1.219262	0.00866556	0.0144076	0.915459	0.0614679	0.2524809
139200	-292.2337	-279.4615	-12.77217	1.566048	0.0587499	0.0153375	0.0968491	0.829063	0.1269858
139400	-292.7699	-283.2779	-9.492026	1.320648	0.0105161	0.304913	0.444267	0.240305	0.04618304
139600	-290.6603	-280.1682	-10.49214	1.46673	0.0221573	0.184972	0.198933	0.593938	0.002329454
139800	-294.5934	-282.1798	-12.4136	1.643617	0.0525161	0.140013	0.715104	0.0923667	0.01631559
140000	-292.8289	-279.8313	-12.99759	1.594514	0.0422092	0.129308	0.745356	0.0831264	0.1202177
140200	-290.6659	-280.0327	-10.63325	1.410871	0.0153836	0.0845508	0.61017	0.289896	0.07035173
140400	-292.4773	-281.9525	-10.52486	1.181787	0.00160743	0.0775279	0.0264858	0.894379	0.2769042
140600	-290.082	-279.9204	-10.16161	1.407942	0.0555446	0.0534879	0.320632	0.570336	0.02699788
140800	-294.5312	-279.9043	-14.62692	1.761565	0.0271172	0.0999784	0.0440094	0.828895	0.1160651
141000	-292.259	-279.5615	-12.69746	1.649558	0.00804068	0.0059386	0.687924	0.298097	0.03820792
141200	-293.652	-281.6918	-11.96014	1.587157	0.0519353	0.115774	0.545868	0.286423	0.02798509
141400	-293.5353	-281.7148	-11.8205	1.256384	0.0404899	0.0160893	0.663226	0.280195	0.3319286
141600	-292.9343	-280.5947	-12.33965	1.652885	0.0290041	0.239727	0.266559	0.46471	0.0009914725
141800	-290.8876	-281.153	-9.734575	1.381609	0.0345563	0.011574	0.609568	0.344301	0.01096384
142000	-290.1906	-278.8363	-11.3543	1.48507	0.00684418	0.0443849	0.340805	0.607966	0.06591321
142200	-293.1324	-280.9077	-12.22468	1.351294	0.0549226	0.00133819	0.590701	0.353038	0.2782968
142400	-291.6667	-281.1564	-10.51027	1.310907	0.0112142	0.0284551	0.117371	0.84296	0.1513412
142600	-294.9026	-281.7497	-13.1529	1.727313	0.0442446	0.180579	0.0908068	0.684369	0.007952672
142800	-295.0259	-284.9199	-10.106	1.301356	0.120814	0.183266	0.15109	0.54483	0.1221431
143000	-294.3946	-283.8745	-10.52015	1.416729	0.116392	0.0372482	0.791852	0.0545081	0.05247854
143200	-291.5229	-277.9467	-13.57628	1.733173	0.0391452	0.00872914	0.0520372	0.900088	0.04304561
143400	-294.2109	-281.5528	-12.65816	1.623977	0.0262636	0.153134	0.620434	0.200168	0.06016355
143600	-289.2651	-280.3378	-8.927241	1.272181	0.0298518	0.0102342	0.80254	0.157374	0.03893542
143800	-289.8554	-281.2385	-8.616879	1.221528	0.00976206	0.0848506	0.694344	0.211044	0.05739984
144000	-289.1318	-278.9456	-10.18623	1.366422	0.0369859	0.00261787	0.457288	0.503108	0.06859282
144200	-291.1745	-278.1238	-13.05064	1.502518	0.0188333	0.0343679	0.688077	0.258721	0.2132695
144400	-290.3299	-281.7887	-8.54126	1.19066	0.00415856	0.0859249	0.105744	0.804172	0.08002224
144600	-288.6029	-279.2195	-9.383405	1.352038	0.00706852	0.0430173	0.347971	0.601943	0.006047748
144800	-290.1784	-279.1901	-10.98822	1.427858	0.0420423	0.0143896	0.441665	0.501903	0.08786736
145000	-289.489	-278.1445	-11.34454	1.409778	0.013363	0.00259033	0.681973	0.302074	0.1375688
145200	-289.5859	-280.1368	-9.449096	1.364473	0.0122257	0.00107859	0.591861	0.394835	0.000398336
145400	-291.5517	-280.0644	-11.48736	1.528002	0.0596219	0.0898455	0.705576	0.144957	0.03848461
145600	-292.0139	-282.1932	-9.820656	1.38243	0.0260007	0.124022	0.161517	0.688461	0.0189641
145800	-290.64	-279.056	-11.58396	1.502242	0.00403799	0.0205977	0.820432	0.154932	0.07257588
146000	-297.3959	-281.1479	-16.24802	1.604038	0.0844105	0.155317	0.696721	0.0635518	0.4300479
146200	-290.3409	-282.887	-7.453888	1.132695	0.0205513	0.0139905	0.454154	0.511304	0.03076801
146400	-291.099	-281.0879	-10.01112	1.265494	0.0420833	0.0140985	0.355892	0.587926	0.1458219
146600	-291.7969	-282.9898	-8.807057	1.26245	0.00314824	0.0890933	0.254981	0.652777	0.0369388
146800	-290.3795	-278.1377	-12.24182	1.589258	0.00349474	0.0860131	0.235699	0.674793	0.05201663
147000	-291.4742	-282.0468	-9.427446	1.360234	0.0558005	0.0760348	0.45524	0.412924	0.002353386
147200	-289.4707	-280.4281	-9.04259	1.323674	0.0283022	0.0908057	0.529548	0.351344	0.0005301468
147400	-292.7422	-284.1365	-8.605767	1.162007	0.0498331	0.131577	0.10221	0.716381	0.11279
147600	-295.3226	-280.3144	-15.00827	1.711764	0.003207	0.20055	0.407917	0.388326	0.1986151
147800	-292.4216	-283.4168	-9.004749	1.196867	0.0366192	0.0193531	0.0669858	0.877042	0.1147286
148000	-292.0362	-283.0552	-8.98094	1.257288	0.00753551	0.0724244	0.109233	0.810808	0.05724532
148200	-294.599	-284.9726	-9.626432	1.352253	0.0783796	0.156299	0.334678	0.430643	0.02881556
148400	-289.9735	-277.772	-12.20148	1.471151	0.000971166	0.00448843	0.94589	0.0486501	0.1627411
148600	-292.9251	-282.0415	-10.88354	1.226798	0.064676	0.0205547	0.764562	0.150207	0.2656998
148800	-294.8115	-282.5514	-12.26008	1.402392	0.104244	0.107874	0.0674358	0.720446	0.2329392
149000	-298.3833	-282.4083	-15.97502	1.79672	0.0544008	0.0821765	0.753889	0.109534	0.2030768
149200	-294.2022	-279.5826	-14.61962	1.859859	0.0672583	0.0997295	0.470198	0.362814	0.02184555
149400	-291.2527	-281.0632	-10.18945	1.352933	0.0181394	0.103644	0.270295	0.607921	0.08280416
149600	-292.7855	-278.3007	-14.48483	1.69587	0.035912	0.0208478	0.823466	0.119774	0.1647107
149800	-290.8489	-281.5542	-9.294705	1.312607	0.0326297	0.0417431	0.835471	0.0901567	0.03548458
150000	-292.8785	-277.9621	-14.91643	1.567588	0.00822438	0.0273145	0.551773	0.412688	0.3248846
150200	-291.3324	-279.6117	-11.72072	1.572399	0.0471401	0.0425333	0.200832	0.709495	0.01916679
150400	-290.9939	-281.3225	-9.671455	1.289554	0.00622855	0.021099	0.0427482	0.929924	0.09278954
150600	-289.8991	-279.7978	-10.10135	1.42532	0.0217314	0.125232	0.782715	0.0703216	0.004595685
150800	-292.0769	-278.515	-13.56188	1.712529	0.0173378	0.100844	0.669626	0.212193	0.06251328
151000	-293.092	-283.1644	-9.927553	1.250707	0.0563029	0.0309027	0.879801	0.0329938	0.1561879
151200	-294.1236	-280.1737	-13.94981	1.679865	0.0280932	0.0146131	0.759398	0.197896	0.1283203
151400	-291.3967	-284.1616	-7.235119	1.13292	0.0266164	0.0634276	0.64014	0.269816	0.01012142
151600	-296.4103	-283.4531	-12.9572	1.458166	0.0059327	0.0912679	0.616812	0.285988	0.2527237
151800	-289.4343	-279.3543	-10.07993	1.341286	0.0276217	0.00235932	0.889397	0.0806218	0.08347176
152000	-290.604	-281.108	-9.49591	1.330859	0.0384504	0.0498302	0.0861719	0.825548	0.03624983
152200	-290.4503	-280.877	-9.57326	1.356732	0.0108841	0.187825	0.30026	0.501031	0.01952124
152400	-289.629	-279.5533	-10.0757	1.385577	0.00899303	0.0284397	0.700713	0.261854	0.04099762
152600	-289.8975	-280.8158	-9.081696	1.287397	0.00889443	0.0786206	0.150126	0.762359	0.03913313
152800	-291.0336	-280.6657	-10.36792	1.346772	0.0741781	0.0173901	0.326917	0.581515	0.1055842
153000	-288.4316	-278.3629	-10.06867	1.388452	0.00369225	0.017305	0.553291	0.425712	0.03666326
153200	-292.3435	-279.1089	-13.23466	1.617926	0.000522341	0.180069	0.416952	0.402456	0.1193417
153400	-295.4446	-282.5877	-12.85695	1.652817	0.0190534	0.0391076	0.749227	0.192612	0.04875654
153600	-291.3342	-279.4861	-11.84808	1.545266	0.00788371	0.171138	0.606216	0.214762	0.05780263
153800	-290.6197	-281.0355	-9.584192	1.318652	0.036541	0.00268157	0.776753	0.184024	0.05836131
154000	-292.6329	-280.9489	-11.68402	1.426344	0.0649616	0.0777872	0.43888	0.418371	0.1572243
154200	-291.8815	-280.0412	-11.84026	1.416612	1.58376e-05	0.0474044	0.86561	0.0869694	0.1845729
154400	-291.5062	-281.9611	-9.545155	1.355204	0.081591	0.0842581	0.671581	0.16257	0.01863085
154600	-292.595	-282.0567	-10.53825	1.441652	0.0150983	0.333665	0.0230327	0.628204	0.03061093
154800	-289.1145	-281.3759	-7.738576	1.187043	0.00875863	0.0333777	0.956479	0.00138483	0.006531841
155000	-292.0779	-284.1148	-7.963085	1.205588	0.0907868	0.00221168	0.217806	0.689195	0.01036891
155200	-289.797	-280.5671	-9.229873	1.282642	0.017336	0.0669131	0.702302	0.213449	0.05807411
155400	-290.1959	-281.6109	-8.585041	1.198729	0.00716583	0.0401486	0.182072	0.770614	0.07711924
155600	-292.0857	-281.2595	-10.82621	1.387149	0.0398955	0.127229	0.0766312	0.756244	0.1081168
155800	-291.4353	-282.7285	-8.706837	1.253601	0.0732656	0.0630685	0.0819586	0.781707	0.03502571
156000	-293.5478	-283.9851	-9.562631	1.294387	0.044847	0.165909	0.745529	0.0437152	0.07721284
156200	-293.5897	-282.6903	-10.8994	1.504879	0.00212438	0.171707	0.360912	0.465257	0.004872091
156400	-291.0898	-279.6259	-11.46388	1.564942	0.0347531	0.0605063	0.00995077	0.89479	0.001333894
156600	-292.0119	-281.9152	-10.09672	1.408275	0.115239	0.0500944	0.0999356	0.734731	0.02014122
156800	-292.8952	-282.9571	-9.938124	1.350676	0.0627571	0.151391	0.543377	0.242475	0.05931695
157000	-294.5385	-286.9942	-7.544277	1.10758	0.0942665	0.0326284	0.0758016	0.797303	0.06255959
157200	-291.0965	-280.999	-10.09751	1.313044	0.0725913	0.0116277	0.24473	0.671051	0.1107907
157400	-292.4669	-281.145	-11.3219	1.352623	0.0173267	0.00506428	0.635173	0.342436	0.1955564
157600	-289.7918	-279.0186	-10.77323	1.441323	0.000996744	0.000326919	0.887266	0.11141	0.05429842
157800	-296.2406	-279.1608	-17.07976	1.873364	0.0112362	0.21264	0.617602	0.158522	0.2512586
158000	-294.4995	-279.0986	-15.40094	1.565321	0.047055	0.0277903	0.614625	0.31053	0.3710498
158200	-293.1798	-282.5694	-10.61033	1.306934	0.0142411	0.0325354	0.529689	0.423534	0.1723564
158400	-293.8472	-283.4681	-10.37907	1.378774	0.12734	0.102055	0.37458	0.396025	0.07559402
158600	-292.8577	-281.5309	-11.32679	1.538936	0.0590484	0.00532638	0.932558	0.00306762	0.01262188
158800	-289.2889	-279.9735	-9.315349	1.349121	0.0407423	0.0188967	0.180494	0.759867	0.002293325
159000	-293.1497	-279.8201	-13.32954	1.541078	0.0269444	0.0671191	0.730437	0.1755	0.2044225
159200	-292.8067	-279.2475	-13.55925	1.69277	0.00372602	0.00656704	0.267745	0.721962	0.08051445
159400	-293.4353	-285.1624	-8.272962	1.209523	0.0376145	0.17418	0.068889	0.719317	0.03610804
159600	-289.5776	-278.3677	-11.20993	1.523311	0.00054358	0.0633485	0.173829	0.762279	0.01704834
159800	-291.5549	-279.8681	-11.68682	1.521477	0.0171155	0.0423413	0.848399	0.092144	0.06347416
160000	-295.2067	-283.7392	-11.46743	1.38069	0.1084	0.0486403	0.529813	0.313147	0.1747449
160200	-293.6424	-280.2311	-13.41129	1.674289	0.0142177	0.294066	0.138525	0.553192	0.08297401
160400	-292.1332	-279.483	-12.65026	1.444244	0.00207017	0.128319	0.245687	0.623924	0.2263155
160600	-291.5998	-283.0999	-8.499844	1.219058	0.0547271	0.0489948	0.126692	0.769586	0.0492498
160800	-290.1793	-280.7035	-9.475859	1.253434	0.0282134	0.00729266	0.859159	0.105335	0.1101612
161000	-292.5542	-282.5458	-10.0084	1.314733	0.0493376	0.00870143	0.198585	0.743376	0.1029543
161200	-292.1522	-283.2063	-8.945917	1.305412	0.0519431	0.116785	0.639107	0.192165	0.008617687
161400	-289.644	-277.9297	-11.71422	1.462137	0.0128234	0.0250098	0.718582	0.243585	0.1232276
161600	-288.9587	-281.8481	-7.110595	1.123146	0.00620498	0.00416085	0.135875	0.853759	0.007551163
161800	-289.9726	-280.4838	-9.488779	1.364782	0.0324568	0.122594	0.633963	0.210986	0.003875481
162000	-295.1199	-282.7184	-12.40144	1.615231	0.0071406	0.254555	0.378087	0.360217	0.04091013
162200	-290.1587	-278.6072	-11.55147	1.561442	0.0371274	0.0580721	0.579903	0.324898	0.01311629
162400	-291.8839	-283.3773	-8.506625	1.159734	0.0288153	0.124404	0.0905841	0.756197	0.1051512
162600	-291.1961	-281.773	-9.423076	1.357337	0.0529855	0.0496144	0.801716	0.0956838	0.004735785
162800	-289.6236	-281.3336	-8.289997	1.239202	0.0283144	0.075447	0.648096	0.248143	0.009310873
163000	-292.2696	-281.0306	-11.23905	1.503222	0.0126644	0.0150605	0.302637	0.669638	0.03729573
163200	-292.4064	-279.5213	-12.8851	1.677003	0.0980113	0.0141946	0.622828	0.264966	0.03042148
163400	-290.6969	-280.3823	-10.31457	1.281328	0.013066	0.0754219	0.786828	0.124684	0.1623772
163600	-296.2513	-285.4381	-10.81319	1.447742	0.00981406	0.255909	0.319855	0.414422	0.05011712
163800	-293.2733	-281.3278	-11.94545	1.29161	0.00608341	0.166088	0.159092	0.668737	0.3081289
164000	-289.0725	-277.9593	-11.11324	1.530336	0.0117665	0.0231715	0.487591	0.477471	0.0009155322
164200	-292.1035	-279.5518	-12.55165	1.611943	0.00845009	0.0765422	0.495901	0.419107	0.06053862
164400	-292.3475	-279.2382	-13.10936	1.453081	0.0280225	0.000962298	0.902227	0.0687886	0.2647312
164600	-293.9205	-281.3012	-12.61932	1.524269	0.0190335	0.0706462	0.724865	0.185455	0.1521588
164800	-292.7902	-278.3958	-14.39443	1.814745	0.0262442	0.062279	0.232041	0.679435	0.04241736
165000	-290.462	-278.7333	-11.7288	1.496757	0.0247805	0.0309284	0.925472	0.0188191	0.09326665
165200	-291.6192	-278.216	-13.40326	1.618545	0.0301936	0.025519	0.550669	0.393618	0.1349452
165400	-293.5191	-279.9523	-13.56683	1.696607	0.0523968	0.0938855	0.113387	0.74033	0.07562979
165600	-291.3361	-281.6702	-9.665873	1.334126	0.01344	0.0509838	0.628468	0.307108	0.04955885
165800	-297.033	-284.2254	-12.8076	1.667051	0.0438813	0.280258	0.538563	0.137298	0.03412833
166000	-290.7039	-280.6261	-10.07783	1.405411	0.0845427	0.0277781	0.509233	0.378446	0.02140534
166200	-295.4435	-278.9701	-16.47347	1.870506	0.0347258	0.0344502	0.38942	0.541404	0.1902039
166400	-290.6572	-279.7868	-10.87042	1.494119	0.0168627	0.16648	0.553285	0.263372	0.01218665
166600	-289.5044	-279.7528	-9.751646	1.247218	0.00512017	0.0120155	0.541325	0.44154	0.1396222
166800	-289.6097	-279.5696	-10.04001	1.410971	0.0424418	0.00696853	0.734276	0.216314	0.01244377
167000	-289.7704	-280.1877	-9.582691	1.265588	0.000918068	0.051972	0.279702	0.667408	0.1071096
167200	-292.0704	-281.8917	-10.17873	1.292241	0.060402	0.03108	0.508809	0.399709	0.1416827
167400	-289.9822	-280.06	-9.922219	1.373706	0.0122503	0.117626	0.7561	0.114023	0.03637072
167600	-290.3451	-279.3296	-11.01547	1.510245	0.0323184	0.0365389	0.000494549	0.930648	0.01072598
167800	-296.4179	-283.3447	-13.07325	1.618529	0.108405	0.352218	0.254189	0.285188	0.1063077
168000	-292.4885	-280.5943	-11.89416	1.405466	0.0882845	0.0267037	0.633553	0.251458	0.1941262
168200	-294.7073	-281.3164	-13.3909	1.547491	0.00772226	0.223096	0.377264	0.391918	0.2033539
168400	-292.6209	-280.1021	-12.51882	1.6176	0.0566117	0.0595911	0.806123	0.0776746	0.0514219
168600	-292.5091	-282.8394	-9.669688	1.304931	0.0337493	0.0599583	0.584134	0.322158	0.07943059
168800	-292.87	-282.075	-10.79499	1.332197	0.00162383	0.0443314	0.613976	0.340068	0.1541057
169000	-290.1599	-281.4417	-8.718236	1.22867	0.033974	0.0453847	0.578766	0.341875	0.06049582
169200	-288.7877	-278.5278	-10.25984	1.390748	0.0144933	0.010448	0.0306766	0.944382	0.05211881
169400	-295.8705	-283.1738	-12.69668	1.355088	0.0914509	0.139666	0.462735	0.306148	0.3168027
169600	-297.0533	-280.4519	-16.60139	1.993759	0.145283	0.0672148	0.294348	0.493155	0.08378397
169800	-292.0175	-278.9774	-13.04016	1.660066	0.0155834	0.0812368	0.198941	0.704239	0.06088833
170000	-292.9922	-280.6952	-12.29695	1.459455	0.000712356	0.00106472	0.101984	0.896239	0.181961
170200	-295.0001	-286.8011	-8.198991	1.174786	0.0640611	0.0853692	0.721403	0.129166	0.062387
170400	-292.2977	-280.2408	-12.05684	1.465171	0.000824521	0.0639691	0.641953	0.293253	0.1580168
170600	-293.5476	-282.4612	-11.08639	1.500444	0.123519	0.151603	0.716665	0.00821292	0.02722538
170800	-291.9855	-278.0769	-13.90861	1.745054	0.010335	0.0912702	0.0546601	0.843735	0.06338991
171000	-295.9093	-282.1971	-13.71218	1.657408	0.0114198	0.276303	0.52803	0.184247	0.1298087
171200	-292.2685	-278.1438	-14.12469	1.776027	0.0107133	0.108439	0.730158	0.15069	0.05393274
171400	-291.9815	-284.0978	-7.883614	1.079334	0.0497986	0.00742501	0.631845	0.310932	0.1223641
171600	-291.3925	-281.6914	-9.701103	1.317996	0.00902469	0.141676	0.29906	0.550239	0.0679575
171800	-291.0686	-279.1821	-11.88653	1.419285	0.00788249	0.0220269	0.606762	0.363328	0.1839126
172000	-291.2145	-278.4781	-12.73642	1.462708	0.0207627	0.0269526	0.0547389	0.897546	0.2228652
172200	-291.2005	-280.9167	-10.28379	1.287943	0.00283002	0.107787	0.507619	0.381764	0.1512608
172400	-292.1874	-281.6123	-10.57507	1.372315	0.0976543	0.0295902	0.636346	0.236409	0.1020175
172600	-290.818	-284.3015	-6.516473	1.070721	0.0301328	0.00803436	0.486441	0.475392	0.0008413771
172800	-291.3395	-282.2573	-9.082205	1.266219	0.00234383	0.21871	0.155696	0.62325	0.05931638
173000	-291.9494	-280.6865	-11.26292	1.439838	0.0253712	0.145602	0.318453	0.510574	0.1009939
173200	-297.2116	-284.2672	-12.94442	1.661931	0.0826964	0.0109038	0.783907	0.122493	0.04901122
173400	-292.4256	-280.8055	-11.62007	1.276544	0.00522817	0.00518024	0.348532	0.64106	0.2888383
173600	-290.5436	-278.3926	-12.15103	1.503626	0.0363106	0.00735011	0.378874	0.577465	0.1264292
173800	-291.6592	-280.7259	-10.9333	1.410845	0.0156704	0.043466	0.274486	0.666377	0.0991916
174000	-296.0457	-279.7211	-16.32461	1.851186	0.00161545	0.258399	0.710989	0.0289966	0.1937056
174200	-292.2692	-279.6378	-12.63133	1.621366	0.0176555	0.131072	0.0719096	0.779363	0.05961715
174400	-296.405	-289.4047	-7.000376	1.042739	0.0301631	0.222131	0.719481	0.0282254	0.07246082
174600	-293.7644	-282.9495	-10.81493	1.336509	0.00940071	0.109346	0.532849	0.348404	0.1633364
174800	-291.1784	-279.2018	-11.97659	1.515745	0.0460382	0.00108836	0.0760167	0.876857	0.09609725
175000	-293.909	-283.036	-10.873	1.431576	0.166803	0.0210988	0.369769	0.442329	0.07379739
175200	-288.559	-279.7005	-8.858555	1.303483	0.000293338	0.00892416	0.650167	0.340615	0.002245622
175400	-290.3348	-280.5834	-9.75141	1.393375	0.0534996	0.083792	0.639064	0.223644	0.001663058
175600	-289.9797	-279.9396	-10.04007	1.398769	0.0352605	0.0363054	0.132849	0.795585	0.02381205
175800	-292.8135	-282.8968	-9.916687	1.374163	0.11499	0.0272758	0.590278	0.267456	0.03681715
176000	-293.0542	-282.6594	-10.39486	1.445292	0.0196135	0.243007	0.0139384	0.723441	0.01402931
176200	-296.3057	-280.4852	-15.82045	1.79663	0.0668367	0.149743	0.453044	0.330376	0.2015636
176400	-291.7534	-277.8515	-13.90193	1.770638	0.00788471	0.015354	0.871208	0.105553	0.03817398
176600	-297.1228	-283.2137	-13.90913	1.76005	0.0502856	0.119208	0.676379	0.154127	0.04681705
176800	-291.4902	-281.5366	-9.953619	1.411888	0.0815162	0.0246517	0.856882	0.0369506	0.003237749
177000	-290.7694	-280.3704	-10.39897	1.406379	0.0153241	0.0866813	0.79045	0.107544	0.0514702
177200	-290.0053	-281.3823	-8.623032	1.262745	0.0262002	0.0326155	0.806826	0.134358	0.01902916
177400	-292.7596	-279.3932	-13.36632	1.745923	0.105298	0.0345087	0.54981	0.310384	0.01040119
177600	-294.6219	-283.3795	-11.24242	1.428777	0.00240081	0.0939229	0.435118	0.468558	0.1083773
177800	-289.2566	-280.346	-8.910627	1.287019	0.0148172	0.0796636	0.216537	0.688982	0.022926
178000	-290.5235	-281.7259	-8.797694	1.275411	0.0291222	0.0829093	0.658463	0.229505	0.02363748
178200	-295.7149	-280.6822	-15.03268	1.687785	0.154791	0.0289469	0.434851	0.381411	0.2306209
178400	-292.9478	-280.8526	-12.09523	1.454404	0.0207325	0.0895316	0.590556	0.29918	0.1704927
178600	-291.9547	-280.5373	-11.41745	1.449269	0.0274201	0.126089	0.316643	0.529848	0.1069836
178800	-291.9846	-282.7905	-9.194086	1.321983	0.0258389	0.0293301	0.483256	0.461575	0.01645777
179000	-293.0184	-283.6841	-9.334311	1.279005	0.0655647	0.0641477	0.332275	0.538012	0.07135075
179200	-294.0656	-277.5399	-16.52561	1.657695	0.000286123	0.0379925	0.364563	0.597158	0.4031472
179400	-298.5711	-291.3378	-7.233388	0.9750407	0.0672047	0.0880487	0.7636	0.0811463	0.160619
179600	-294.36	-285.9877	-8.372255	1.074742	0.061542	0.045669	0.651277	0.241512	0.1722913
179800	-293.4294	-279.9316	-13.49779	1.597023	0.0286513	0.106666	0.302197	0.562486	0.1698357
180000	-292.6371	-278.9154	-13.72169	1.791303	0.0389526	0.124686	0.378613	0.457748	0.0008178573
180200	-290.8119	-283.0368	-7.775143	1.141195	0.00055131	0.046883	0.300305	0.65226	0.05421473
180400	-293.102	-280.0961	-13.00591	1.557694	0.0990626	0.0319132	0.461517	0.407508	0.1587773
180600	-290.9519	-281.8616	-9.09027	1.318706	0.0323225	0.0214818	0.535229	0.410967	0.00978172
180800	-291.8744	-282.3202	-9.554121	1.373642	0.0399414	0.123141	0.324794	0.512123	0.001705991
181000	-297.7143	-284.5732	-13.14108	1.575133	0.0344887	0.424355	0.357075	0.184081	0.1457749
181200	-288.2521	-279.3714	-8.880699	1.3021	0.0126005	0.00346022	0.318145	0.665795	0.005659293
181400	-293.1338	-279.0429	-14.09094	1.73965	0.0256018	0.0208787	0.283206	0.670313	0.08533279
181600	-291.8713	-278.5303	-13.34107	1.713788	0.0349851	0.0191012	0.588767	0.357146	0.03861806
181800	-298.361	-281.0993	-17.26175	2.063086	0.0178503	0.0321024	0.789301	0.160746	0.07685043
182000	-295.8413	-286.9784	-8.862955	1.156954	0.0609822	0.0179589	0.0487137	0.872345	0.1377936
182200	-291.54	-281.9432	-9.596753	1.379585	0.0867755	0.0181026	0.521785	0.373337	5.949784e-05
182400	-290.6622	-279.8241	-10.83805	1.444498	0.0798316	0.0114414	0.48234	0.426387	0.05685407
182600	-296.5369	-287.057	-9.479855	1.283862	0.0514812	0.317092	0.56734	0.0640862	0.07741655
182800	-293.4671	-287.1433	-6.323813	1.025606	0.0776115	0.0534582	0.447606	0.421324	0.02541943
183000	-292.1487	-280.8793	-11.26934	1.516003	0.0485758	0.0742891	0.396208	0.480927	0.02897884
183200	-293.2756	-282.6437	-10.63187	1.401057	0.0533692	0.107158	0.126133	0.71334	0.07955131
183400	-291.6266	-280.1306	-11.49595	1.424377	0.0540624	0.0147711	0.430391	0.500776	0.1379048
183600	-291.2833	-282.0889	-9.194395	1.256989	0.00543437	0.0467312	0.428907	0.518928	0.07899992
183800	-290.0175	-278.2258	-11.79167	1.544595	0.000498054	0.030489	0.467623	0.50139	0.05152266
184000	-290.0114	-281.8727	-8.138731	1.231359	0.0152034	0.0299226	0.82021	0.134664	0.002326867
184200	-290.7586	-278.1747	-12.58389	1.62205	0.0120278	0.0733033	0.735502	0.179167	0.05343177
184400	-300.2085	-281.8851	-18.32339	2.233274	0.128479	0.380043	0.210048	0.28143	0.01855592
184600	-290.6421	-279.7487	-10.8935	1.418195	0.0169676	0.0866516	0.351147	0.545234	0.08610285
184800	-292.5605	-283.0004	-9.560101	1.201963	0.0145254	0.169541	0.207659	0.608275	0.1638747
185000	-294.6272	-278.6053	-16.02183	1.750619	0.0179757	0.108535	0.858669	0.0148208	0.2639904
185200	-291.4335	-282.3938	-9.039762	1.307816	0.0430558	0.077585	0.224205	0.655154	0.01542283
185400	-292.9777	-283.434	-9.543656	1.22054	0.0201731	0.215696	0.133165	0.630966	0.1448504
185600	-294.2741	-283.0805	-11.19364	1.327679	0.108936	0.0867174	0.130692	0.673655	0.2012633
185800	-290.9931	-281.1441	-9.849	1.286618	0.0188651	0.0788356	0.387333	0.514967	0.1111943
186000	-296.8618	-287.6037	-9.258101	1.329617	0.144092	0.201124	0.0942522	0.560532	0.01581386
186200	-293.404	-283.6546	-9.749361	1.337181	0.0564855	0.124418	0.257179	0.561918	0.05581755
186400	-293.5117	-282.4335	-11.07821	1.482191	0.00555621	0.323365	0.0268953	0.644183	0.04269064
186600	-292.1349	-279.1131	-13.02178	1.581084	0.0181602	0.0333965	0.210538	0.737905	0.1357654
186800	-289.2224	-279.0393	-10.18313	1.424462	0.0076977	0.0734213	0.59231	0.326571	0.01322839
187000	-291.1403	-277.6367	-13.50358	1.635835	0.0151355	0.01558	0.177664	0.791621	0.1301256
187200	-293.8838	-280.3669	-13.5169	1.589616	0.0992809	0.0443196	0.187901	0.668499	0.1790491
187400	-291.6656	-282.6554	-9.010279	1.320044	0.0533671	0.146352	0.43212	0.368161	0.0009286891
187600	-290.8017	-280.3442	-10.45753	1.402141	0.080271	0.0224335	0.457088	0.440207	0.06035479
187800	-292.7805	-280.9632	-11.81734	1.581726	0.0982295	0.13927	0.405649	0.356851	0.01921735
188000	-296.6271	-283.4107	-13.21633	1.665329	0.177991	0.00961564	0.150363	0.66203	0.07115184
188200	-290.8877	-281.744	-9.143686	1.247511	0.0648118	0.00628761	0.292889	0.636012	0.08267815
188400	-290.1669	-280.5326	-9.634331	1.22331	0.0239277	0.0200122	0.92136	0.0347001	0.1525531
188600	-293.4922	-279.0549	-14.43738	1.570098	0.0370325	0.0230016	0.183464	0.756502	0.2759457
188800	-293.3063	-280.5105	-12.79579	1.634542	0.0329792	0.0701292	0.839703	0.0571883	0.06176525
189000	-289.5319	-278.1255	-11.40641	1.494858	0.0303122	0.00561974	0.843323	0.120745	0.0631135
189200	-293.3098	-283.9719	-9.337968	1.333736	0.00715322	0.216284	0.40653	0.370033	0.01914796
189400	-292.0111	-281.1232	-10.88781	1.331227	0.00013474	0.0938751	0.583907	0.322083	0.1741482
189600	-290.5724	-279.398	-11.17437	1.470589	0.029154	0.0794256	0.642042	0.249379	0.0648445
189800	-289.8069	-280.1867	-9.620112	1.330258	0.0352861	0.00334972	0.213028	0.748337	0.04976987
190000	-296.4254	-286.5544	-9.871024	1.360211	0.188878	0.0165585	0.342082	0.452482	0.04679357
190200	-295.4363	-283.6212	-11.81511	1.218828	0.0249679	0.0126653	0.805284	0.157083	0.3524755
190400	-293.2261	-280.7911	-12.43502	1.457938	0.0338818	0.123839	0.24082	0.60146	0.2001922
190600	-294.4053	-281.0272	-13.37805	1.542355	0.00765293	0.104717	0.552684	0.334946	0.2004175
190800	-296.1262	-280.1496	-15.97654	1.434494	0.0286575	0.0350341	0.792472	0.143837	0.5515269
191000	-294.362	-280.3931	-13.96891	1.536802	0.00794157	0.0992235	0.0143599	0.878475	0.2716525
191200	-288.5429	-277.8003	-10.74262	1.468719	0.000887646	0.0080265	0.717613	0.273473	0.02419489
191400	-288.7949	-279.6017	-9.193188	1.284755	0.0148792	0.0335232	0.165792	0.785805	0.05193192
191600	-290.4214	-280.5882	-9.833214	1.39849	0.0454881	0.0776699	0.26896	0.607882	0.004597365
191800	-295.8154	-285.0564	-10.75904	1.222034	0.0358323	0.120718	0.077416	0.766033	0.2570083
192000	-292.7658	-281.4565	-11.30925	1.535068	0.00740579	0.190372	0.285712	0.516511	0.01534172
192200	-289.4596	-281.1804	-8.279213	1.158753	0.0150084	0.0235972	0.782538	0.178857	0.08466602
192400	-290.6776	-283.34	-7.337585	1.143968	0.0203762	0.0119912	0.0577662	0.909866	0.009268768
192600	-293.5656	-279.3879	-14.17771	1.381901	0.00867126	0.0210792	0.060104	0.910146	0.4286718
192800	-293.4334	-280.7553	-12.6781	1.559953	0.0748359	0.131381	0.257931	0.535853	0.1246484
193000	-289.9005	-278.8806	-11.01991	1.349652	0.0160612	0.0122412	0.42367	0.548028	0.1640146
193200	-290.9122	-280.1573	-10.75493	1.476392	0.0537693	0.00381874	0.0781293	0.864283	0.01826284
193400	-290.8545	-278.4344	-12.42009	1.585946	0.0207441	0.00714547	0.0636252	0.908485	0.0726301
193600	-292.9266	-282.7854	-10.14113	1.403728	0.0345693	0.111571	0.0061738	0.847686	0.02951101
193800	-291.2691	-277.7632	-13.50598	1.569877	0.00500119	0.0297868	0.0250608	0.940151	0.1924649
194000	-294.2317	-281.0257	-13.20599	1.739813	0.00539076	0.27984	0.22187	0.492899	0.0007236849
194200	-293.0427	-282.7045	-10.33821	1.418658	0.076874	0.0349061	0.65779	0.23043	0.0333091
194400	-291.0407	-280.3675	-10.67327	1.454324	0.0644393	0.054695	0.779854	0.101012	0.0321974
194600	-292.6013	-282.1215	-10.47988	1.398963	0.0207141	0.29419	0.287424	0.397672	0.06583137
194800	-292.0241	-282.3259	-9.69823	1.301434	0.0805397	0.072858	0.649291	0.197311	0.08523179
195000	-290.263	-278.721	-11.542	1.545291	0.0186993	0.00859006	0.383488	0.589223	0.02809678
195200	-290.112	-279.9819	-10.13007	1.312489	0.0160191	0.0337278	0.737326	0.212927	0.1155007
195400	-294.482	-282.0036	-12.47837	1.547941	0.122591	0.0106203	0.0564523	0.810336	0.115932
195600	-294.4724	-284.7433	-9.729075	1.335437	0.134577	0.106584	0.302773	0.456065	0.05405516
195800	-290.9347	-282.1679	-8.7668	1.23669	0.00743193	0.0844711	0.250882	0.657215	0.05638338
196000	-290.7493	-277.9843	-12.76494	1.688412	0.00812645	0.00356641	0.934635	0.0536726	0.007951263
196200	-294.7252	-285.7379	-8.987285	1.276818	0.172149	0.0776621	0.250568	0.49962	0.04031864
196400	-294.4543	-282.7893	-11.66496	1.388647	0.0673724	0.0568677	0.441225	0.434535	0.1892452
196600	-295.1007	-282.4482	-12.65255	1.569396	0.0401293	0.286174	0.0274769	0.646219	0.1099008
196800	-292.9663	-280.4299	-12.53637	1.430947	0.041619	0.0299813	0.796284	0.132116	0.2380164
197000	-289.8167	-281.4705	-8.346181	1.164794	0.00207771	0.021864	0.575783	0.400276	0.0861383
197200	-292.9979	-283.1385	-9.859359	1.188443	0.0298395	0.147452	0.78784	0.0348683	0.2054357
197400	-290.5469	-279.0691	-11.47781	1.546197	0.03053	0.0488719	0.432509	0.488089	0.02116158
197600	-291.5033	-279.4763	-12.02703	1.581454	0.0732808	0.0408899	0.446428	0.439401	0.04026287
197800	-290.0537	-280.106	-9.947655	1.406128	0.0398845	0.0637487	0.724189	0.172178	0.008168918
198000	-293.0813	-283.6767	-9.404535	1.326469	0.0942434	0.149326	0.0120527	0.744377	0.03211174
198200	-289.4067	-278.0808	-11.32587	1.504186	0.00215887	0.0650851	0.520914	0.411842	0.04650924
198400	-290.5965	-279.4306	-11.16592	1.484822	0.0152172	0.0263567	0.0412561	0.91717	0.04937833
198600	-295.8267	-287.1162	-8.710563	1.262531	0.124804	0.0775175	0.250071	0.547608	0.02778375
198800	-294.4599	-282.339	-12.12084	1.606253	0.0504526	0.109514	0.0263833	0.81365	0.02485885
199000	-290.7115	-282.6973	-8.01418	1.199447	0.0103325	0.156458	0.299447	0.533763	0.0208622
199200	-289.7505	-277.6831	-12.06747	1.565838	0.0247323	0.0100507	0.770947	0.19427	0.05819576
199400	-290.9841	-278.7292	-12.2549	1.543185	0.026846	0.0282451	0.416396	0.528513	0.09696241
199600	-292.4104	-279.5616	-12.8488	1.448374	0.0315708	0.103017	0.0171858	0.848227	0.2446457
199800	-294.1637	-285.6173	-8.546413	1.051151	0.0244328	0.0642032	0.0592659	0.852098	0.2088124
200000	-291.9531	-282.5006	-9.452422	1.149739	0.021028	0.00349459	0.321772	0.653705	0.2029901
