Iteration	Posterior	Likelihood	Prior	branch_rates	q[1]	q[2]	q[3]	speciation_rate
0	-710.6967	-693.8475	-16.84928	0.2957554	0.986989	0.00521017	0.00780061	0.03520493
200	-713.3609	-695.6912	-17.66973	0.3380727	0.991214	0.00694972	0.0018366	0.06881258
400	-711.6482	-694.3569	-17.2913	0.2932571	0.990922	0.00785737	0.00122082	0.07314217
600	-710.6176	-693.8415	-16.77614	0.3024588	0.999088	0.000874802	3.74753e-05	0.02456072
800	-712.2039	-695.8499	-16.35399	0.2776836	0.994198	0.00573399	6.84781e-05	0.01034978
1000	-707.4915	-690.7978	-16.6937	0.3237334	0.998781	0.000835935	0.000383235	0.0007758833
1200	-711.0143	-694.6831	-16.33121	0.279162	0.998644	0.00065321	0.000703283	0.007423884
1400	-710.2914	-693.3567	-16.93468	0.3337978	0.995901	0.00161128	0.00248779	0.01241014
1600	-709.4177	-692.7206	-16.69714	0.3197859	0.998984	0.000679718	0.000335989	0.004211145
1800	-715.5188	-698.7809	-16.73788	0.2760697	0.991879	0.00169891	0.00642203	0.04247889
2000	-709.941	-692.9912	-16.94985	0.315823	0.984244	0.0108587	0.00489685	0.02771469
2200	-709.6786	-693.0624	-16.61611	0.3044886	0.996827	0.000485887	0.00268693	0.009930575
2400	-714.5694	-697.991	-16.57844	0.2986594	0.99691	0.00300943	8.0226e-05	0.01218074
2600	-713.8546	-696.9031	-16.95153	0.2951092	0.995926	0.00135936	0.00271452	0.04561339
2800	-722.8993	-705.5323	-17.367	0.314255	0.974104	0.00370198	0.022194	0.06367017
3000	-706.617	-689.936	-16.68101	0.3098295	0.995727	0.000469643	0.00380342	0.01123125
3200	-709.9297	-692.3364	-17.59334	0.2937893	0.995203	0.000728909	0.00406801	0.09695332
3400	-707.8781	-691.1003	-16.77783	0.3187003	0.995113	0.00198651	0.00290071	0.01184577
3600	-715.504	-696.4595	-19.04452	0.3155221	0.991789	0.00510179	0.00310955	0.2045441
3800	-711.1887	-692.0032	-19.18554	0.3023146	0.996941	5.52614e-06	0.0030538	0.2208864
4000	-709.766	-692.5761	-17.18986	0.2927433	0.994852	0.00147239	0.00367587	0.06403831
4200	-708.3827	-691.1055	-17.2772	0.3217299	0.989264	0.00274167	0.00799432	0.05083777
4400	-713.5907	-695.8637	-17.72701	0.3158224	0.996743	0.000772444	0.00248451	0.09150825
4600	-716.5156	-698.6101	-17.90548	0.2906235	0.996719	0.00275224	0.000528405	0.1250521
4800	-714.2704	-697.3911	-16.87921	0.3098575	0.975687	0.017165	0.00714817	0.02778503
5000	-711.4958	-694.767	-16.72883	0.3085001	0.99695	0.00289928	0.000150692	0.01577249
5200	-712.1528	-694.9447	-17.20814	0.3279935	0.994039	0.00291178	0.0030494	0.04052105
5400	-710.7338	-694.0656	-16.66821	0.3020975	0.993164	0.00255608	0.00427964	0.01614675
5600	-709.784	-692.6701	-17.11391	0.2992942	0.991047	0.00617066	0.00278185	0.05510786
5800	-712.815	-696.0551	-16.75988	0.3092553	0.99776	0.0021641	7.63998e-05	0.01798826
6000	-710.0256	-693.5509	-16.47475	0.3007626	0.991317	0.00514684	0.00353572	0.001609619
6200	-710.1078	-693.1404	-16.96738	0.2855527	0.986128	0.00872692	0.00514535	0.05274308
6400	-716.92	-699.7077	-17.21228	0.3279608	0.982121	0.00688956	0.0109892	0.03857368
6600	-709.1158	-691.5464	-17.56941	0.3066965	0.992656	0.00127418	0.0060694	0.08587286
6800	-708.9215	-692.513	-16.40844	0.2896155	0.991514	0.00700686	0.00147897	0.005216637
7000	-709.3354	-692.2007	-17.13469	0.2878216	0.995802	0.00294249	0.00125504	0.06780541
7200	-713.6544	-694.3627	-19.29163	0.3086734	0.992756	0.00385744	0.00338692	0.2167584
7400	-712.4859	-694.3679	-18.11802	0.261783	0.995086	0.00285046	0.00206381	0.1631376
7600	-709.0125	-692.581	-16.43147	0.2920954	0.996574	0.0022299	0.00119571	0.005253454
7800	-708.8498	-692.4058	-16.44399	0.268912	0.991238	0.00738589	0.0013766	0.02497506
8000	-721.524	-704.9313	-16.5927	0.3039735	0.97972	0.000797088	0.019483	0.008540569
8200	-707.2056	-690.5873	-16.6183	0.3161326	0.999174	0.000170337	0.000655192	0.0008219631
8400	-709.4036	-691.8837	-17.51989	0.3189803	0.999396	2.18776e-05	0.000582561	0.07109751
8600	-708.8861	-692.2332	-16.65291	0.3068421	0.993227	0.000690357	0.00608311	0.0110588
8800	-709.6535	-692.8337	-16.81972	0.2800315	0.996661	0.00292815	0.000411324	0.04690619
9000	-715.496	-697.6772	-17.8188	0.2608353	0.98607	0.00775428	0.00617526	0.1400551
9200	-708.2998	-691.1329	-17.16688	0.2801132	0.993953	0.00562374	0.000423507	0.07298219
9400	-708.3034	-691.0956	-17.20782	0.3069703	0.989192	0.00601138	0.00479666	0.05596237
9600	-717.1426	-699.2704	-17.87225	0.3376437	0.994981	0.00476946	0.000249305	0.08293828
9800	-710.3253	-692.8166	-17.50875	0.3028783	0.998815	0.000143598	0.00104163	0.08089685
10000	-715.9851	-695.2421	-20.74296	0.3121138	0.995217	0.00090988	0.00387269	0.327059
10200	-713.0187	-696.0966	-16.92209	0.2977546	0.989936	0.00273808	0.0073257	0.03963106
10400	-711.8584	-693.8968	-17.96155	0.3038198	0.993697	0.00479361	0.00150935	0.1245482
10600	-711.5439	-693.2141	-18.32986	0.2818058	0.997491	0.00124246	0.00126671	0.1596347
10800	-716.1943	-698.8227	-17.37154	0.3050062	0.980601	0.0173268	0.0020725	0.06892066
11000	-710.6423	-693.8499	-16.79239	0.3075411	0.998386	0.0014198	0.000194209	0.02137192
11200	-713.6809	-696.8223	-16.85861	0.2651029	0.991027	0.00430755	0.00466595	0.06017299
11400	-706.3461	-689.9998	-16.34622	0.2868039	0.998787	0.000772104	0.000441119	0.002541798
11600	-712.1819	-695.3822	-16.79971	0.2934939	0.998878	0.000436047	0.00068617	0.03427341
11800	-714.843	-695.6339	-19.20912	0.3271898	0.980883	0.0106496	0.00846706	0.1987337
12000	-711.1751	-694.684	-16.49109	0.2773854	0.980709	0.0113589	0.00793211	0.0211385
12200	-710.6893	-692.8901	-17.79914	0.3195586	0.993134	0.00242871	0.00443724	0.09142994
12400	-712.8388	-696.3727	-16.46612	0.2988831	0.979888	0.0169249	0.00318707	0.002395127
12600	-711.9134	-695.0513	-16.86215	0.2912899	0.981603	0.00846067	0.00993626	0.04085493
12800	-710.9973	-692.542	-18.45531	0.2980301	0.989949	0.00992518	0.0001256	0.158547
13000	-708.2039	-689.8692	-18.33472	0.2962406	0.996985	0.000519945	0.00249474	0.150787
13200	-712.9655	-694.8859	-18.07965	0.2954509	0.990228	0.00684999	0.00292189	0.1329171
13400	-714.8694	-698.1217	-16.74768	0.3291975	0.991982	0.00357737	0.00444049	0.0007341853
13600	-708.3809	-691.2598	-17.12106	0.3069113	0.99262	0.0040319	0.0033478	0.04966939
13800	-709.3228	-690.6718	-18.65099	0.2954431	0.998769	0.000909818	0.000321664	0.1774922
14000	-714.0771	-697.0111	-17.06603	0.3161447	0.994207	0.00230505	0.00348765	0.03722248
14200	-714.3097	-696.6923	-17.61745	0.2974024	0.996643	0.00328707	6.99373e-05	0.09722834
14400	-711.2667	-692.5842	-18.68248	0.3399537	0.990932	0.00893609	0.000131591	0.1469746
14600	-706.1962	-689.7627	-16.4335	0.2932052	0.993276	0.00337507	0.00334908	0.004394319
14800	-710.2833	-693.2791	-17.00419	0.2766424	0.994578	0.00537549	4.64576e-05	0.06324923
15000	-709.4563	-691.0455	-18.41085	0.3094529	0.995811	0.00265376	0.00153555	0.1469947
15200	-725.3772	-708.0606	-17.3166	0.2945056	0.976442	0.0036928	0.0198655	0.07412581
15400	-710.1708	-693.8373	-16.33352	0.2860703	0.993037	0.00130325	0.00565934	0.002020179
15600	-706.8208	-689.063	-17.7578	0.28668	0.999349	0.000444063	0.000206576	0.1168657
15800	-715.579	-695.7523	-19.82671	0.2949037	0.993114	0.00428473	0.00260084	0.2775669
16000	-708.5775	-691.1402	-17.43728	0.3183981	0.999416	0.000206641	0.000377564	0.0668785
16200	-710.2382	-693.1085	-17.1297	0.295972	0.994432	1.63218e-05	0.00555202	0.05831233
16400	-713.5343	-692.0399	-21.49436	0.2792189	0.995372	0.000888864	0.00373896	0.4202305
16600	-712.1029	-694.9316	-17.17124	0.3224347	0.989364	0.00122223	0.00941363	0.04007686
16800	-718.2532	-702.261	-15.99226	0.2538274	0.995305	0.00169322	0.00300159	0.0005637643
17000	-716.5928	-691.8324	-24.76042	0.2980498	0.997701	0.000751422	0.00154779	0.6498931
17200	-716.0585	-699.0132	-17.04532	0.317994	0.992679	0.00106639	0.00625477	0.03513701
17400	-710.95	-692.725	-18.22493	0.2977683	0.988632	0.00989496	0.00147348	0.1442623
17600	-713.9314	-696.4985	-17.43283	0.2913609	0.989467	0.0100681	0.000465247	0.08488921
17800	-719.4684	-702.1332	-17.33522	0.2502965	0.995663	0.00403384	0.00030292	0.1107132
18000	-707.8366	-690.3519	-17.48471	0.3157611	0.995399	0.00175578	0.00284571	0.06990694
18200	-711.1458	-693.5748	-17.57099	0.3338699	0.993778	0.00603177	0.000190051	0.06501746
18400	-711.0374	-693.9175	-17.1199	0.2693106	0.993065	0.00548605	0.00144896	0.07753911
18600	-709.155	-692.7206	-16.43437	0.2863806	0.986143	0.00610382	0.00775269	0.009790396
18800	-719.6873	-701.8291	-17.85818	0.2923199	0.994343	0.00356442	0.0020928	0.1238521
19000	-713.2705	-695.4695	-17.80104	0.3163839	0.993117	0.00284704	0.00403554	0.09908261
19200	-708.2476	-689.9214	-18.32612	0.3095586	0.996038	0.00156277	0.00239963	0.1426494
19400	-710.0094	-692.8603	-17.14914	0.3067642	0.998084	0.00164986	0.000266591	0.05140919
19600	-710.0564	-693.4113	-16.64511	0.2880905	0.990168	0.00966372	0.000168224	0.02526382
19800	-710.0188	-693.0012	-17.01767	0.2883202	0.992856	0.00239746	0.00474691	0.05431423
20000	-714.0196	-693.2084	-20.81118	0.3119087	0.986661	0.00413437	0.00920437	0.3376271
20200	-718.2519	-699.9393	-18.31256	0.3017226	0.994223	0.00179755	0.00397952	0.1517909
20400	-713.7714	-695.4059	-18.36545	0.3299822	0.997323	0.00119122	0.00148532	0.1329815
20600	-711.4226	-691.7756	-19.64696	0.2849381	0.999347	0.000351682	0.000301196	0.2668582
20800	-718.6065	-700.4264	-18.18006	0.2940605	0.996837	0.00193257	0.00123007	0.1419113
21000	-710.3988	-693.3471	-17.05172	0.3049348	0.995137	0.0037354	0.00112721	0.04619475
21200	-712.342	-693.0506	-19.29143	0.302268	0.987516	0.00242633	0.0100581	0.2260102
21400	-708.4921	-691.3539	-17.1382	0.3191353	0.99719	0.000887397	0.00192211	0.04040716
21600	-715.6147	-699.1184	-16.49628	0.3007912	0.981447	0.0126759	0.0058771	0.003361229
21800	-711.6866	-693.0413	-18.6453	0.3290835	0.996983	0.00298773	2.95416e-05	0.1536149
22000	-708.3351	-691.2596	-17.07545	0.2940005	0.993151	0.00668957	0.000159337	0.05552607
22200	-709.0255	-691.6258	-17.39978	0.2994191	0.994195	0.000745177	0.00506022	0.07911185
22400	-718.0188	-699.6507	-18.36815	0.2939118	0.98383	0.0104732	0.0056971	0.1596934
22600	-712.3292	-695.434	-16.89516	0.3274424	0.992009	0.00351461	0.00447599	0.01412379
22800	-705.8643	-688.6831	-17.18116	0.2828748	0.992416	0.0016893	0.00589442	0.0732231
23000	-706.8636	-690.2293	-16.63434	0.2749764	0.993129	0.00314581	0.00372495	0.03514228
23200	-710.217	-691.5428	-18.67422	0.2948971	0.994134	0.00180927	0.0040566	0.1778981
23400	-715.078	-698.5063	-16.57163	0.3053745	0.991599	0.00421254	0.00418821	0.005907525
23600	-712.0901	-695.083	-17.00717	0.3063117	0.998619	0.00081098	0.000569696	0.03977971
23800	-709.8373	-693.1878	-16.6495	0.2877226	0.998357	0.000720642	0.000922604	0.02648068
24000	-715.8907	-699.5184	-16.37226	0.2723181	0.9765	0.0157206	0.0077797	0.01639618
24200	-706.1762	-689.4354	-16.74074	0.3180106	0.994937	0.000908794	0.00415382	0.00910382
24400	-714.2659	-695.4592	-18.80671	0.300884	0.991903	0.00245055	0.00564645	0.1922771
24600	-707.4709	-689.8237	-17.64723	0.3127952	0.997255	0.00209094	0.000654229	0.08502594
24800	-706.0934	-689.2192	-16.87424	0.3220705	0.996113	0.00289285	0.000994272	0.0171069
25000	-710.1579	-693.0372	-17.12076	0.3053619	0.988245	0.00534934	0.00640609	0.05116866
25200	-708.7968	-691.7048	-17.09199	0.2783978	0.993851	0.0055754	0.0005739	0.0675461
25400	-710.5023	-692.8468	-17.65555	0.3364587	0.997506	0.00110633	0.0013878	0.06838991
25600	-713.1115	-694.8087	-18.30287	0.3038142	0.985327	0.01292	0.00175296	0.1456709
25800	-710.2509	-693.2192	-17.03168	0.3205595	0.993493	0.00484224	0.00166503	0.03053409
26000	-716.5356	-699.0517	-17.48391	0.3288333	0.993472	0.00637572	0.000152685	0.06168517
26200	-712.9695	-695.3046	-17.66487	0.306434	0.995749	0.000222318	0.0040283	0.09194335
26400	-709.1946	-692.6252	-16.56939	0.2730144	0.999302	0.000591011	0.000107275	0.0316955
26600	-713.3548	-695.4441	-17.91064	0.3321795	0.991184	0.00224858	0.00656774	0.09579961
26800	-712.0287	-693.9908	-18.03791	0.3011433	0.990995	0.0049313	0.00407407	0.1265945
27000	-710.313	-694.4154	-15.89755	0.2403125	0.997134	0.00200554	0.000860264	0.003706433
27200	-709.5254	-693.263	-16.26242	0.2787867	0.985703	0.0113102	0.00298688	0.002222377
27400	-711.2233	-693.4613	-17.76203	0.3156241	0.996337	0.00276385	0.000898999	0.09004109
27600	-719.5909	-701.5465	-18.04438	0.3093505	0.989239	0.00815469	0.00260676	0.1260961
27800	-712.8821	-693.722	-19.16007	0.325596	0.989521	0.0102262	0.00025284	0.2060226
28000	-714.5041	-696.9032	-17.60096	0.2904581	0.98981	0.00451208	0.00567802	0.1033671
28200	-708.0544	-691.0807	-16.97363	0.3130977	0.994172	0.00460521	0.00122302	0.03159285
28400	-710.5537	-693.2009	-17.35283	0.2891834	0.997249	0.00143347	0.00131797	0.08092587
28600	-719.5005	-699.6978	-19.80277	0.3179214	0.988028	0.00906891	0.00290347	0.2534861
28800	-709.3166	-691.8712	-17.44535	0.2960065	0.993851	0.00606964	7.96027e-05	0.08449941
29000	-708.5882	-690.104	-18.48419	0.3127916	0.997187	0.0015691	0.00124366	0.1569365
29200	-711.8229	-695.0586	-16.76433	0.3040003	0.996637	0.000164096	0.00319894	0.02182481
29400	-715.3226	-698.246	-17.07662	0.2699907	0.999037	0.000723553	0.000239259	0.07370444
29600	-710.8414	-692.9589	-17.88259	0.3032239	0.993627	0.00536328	0.00100945	0.1113409
29800	-707.8829	-690.4918	-17.39104	0.3033121	0.992289	0.00532984	0.0023811	0.0738705
30000	-714.0162	-697.1624	-16.85378	0.3199403	0.990891	0.00848731	0.00062208	0.01675457
30200	-713.4474	-694.9193	-18.52809	0.2853	0.991108	0.0044525	0.00443993	0.1784579
30400	-712.2159	-695.3778	-16.83814	0.2949333	0.988928	0.00665733	0.00441504	0.03497337
30600	-711.4178	-694.7395	-16.67837	0.2933961	0.991517	0.00839766	8.52101e-05	0.02347005
30800	-716.639	-699.5112	-17.12781	0.3377743	0.992285	0.00027973	0.00743548	0.02531666
31000	-713.0138	-695.4093	-17.60449	0.3271452	0.999173	0.000662419	0.000164158	0.07327791
31200	-710.825	-693.7924	-17.03258	0.3140716	0.987723	0.00370889	0.00856842	0.03596013
31400	-717.2781	-700.1529	-17.12527	0.2648633	0.976906	0.0118143	0.0112793	0.0826463
31600	-709.9003	-693.2028	-16.69746	0.3103545	0.996261	0.00201362	0.0017251	0.01217706
31800	-709.6982	-693.1034	-16.59482	0.3141302	0.994861	0.00401487	0.00112385	0.0005286304
32000	-712.6142	-692.6316	-19.98264	0.2833041	0.995166	0.00367794	0.00115633	0.292996
32200	-711.6868	-694.7133	-16.97354	0.3112029	0.998562	0.000994473	0.000444021	0.03422145
32400	-716.8612	-700.6481	-16.21311	0.2765323	0.993212	0.00522057	0.00156726	6.821357e-05
32600	-716.8089	-699.3914	-17.4175	0.2961291	0.993585	0.000964438	0.00545033	0.08280695
32800	-713.0084	-695.899	-17.10931	0.2877501	0.996666	0.00241722	0.000916592	0.06494776
33000	-714.4788	-696.9565	-17.52232	0.3124174	0.994301	0.00254603	0.00315307	0.07672581
33200	-711.3613	-693.1389	-18.22237	0.3162481	0.994234	0.00285706	0.00290851	0.1316261
33400	-714.1657	-694.9337	-19.23201	0.3065037	0.997414	0.00158383	0.00100247	0.2155527
33600	-710.1402	-692.2028	-17.93742	0.314779	0.996924	0.00233924	0.000736443	0.1108754
33800	-704.9259	-687.9966	-16.92928	0.3165299	0.996123	0.000944715	0.00293256	0.0255905
34000	-712.797	-690.5915	-22.20554	0.2964485	0.990722	0.00765487	0.00162284	0.4554219
34200	-707.514	-690.497	-17.01699	0.318095	0.990717	0.00861655	0.000666453	0.03222283
34400	-711.9306	-693.5881	-18.34253	0.3173435	0.997724	0.00179145	0.000484302	0.1421583
34600	-718.3912	-699.3469	-19.04432	0.3115868	0.995213	0.000763832	0.00402285	0.1964639
34800	-715.0871	-696.6807	-18.40645	0.3165251	0.998223	0.00107752	0.000699914	0.1466066
35000	-712.0236	-694.3922	-17.63143	0.2872551	0.998564	0.000443887	0.000992486	0.1086264
35200	-709.6134	-693.1868	-16.42662	0.2673525	0.996826	0.00170657	0.0014676	0.02453947
35400	-721.0277	-704.1123	-16.91531	0.3150583	0.99031	0.00648685	0.00320295	0.02655751
35600	-708.3795	-691.8573	-16.52214	0.2995551	0.997995	0.00178374	0.000221613	0.00627246
35800	-712.1706	-694.8209	-17.34969	0.2975888	0.99458	0.00106221	0.00435788	0.07712588
36000	-711.9373	-695.0495	-16.88776	0.2669744	0.994166	0.00574488	8.88663e-05	0.06142763
36200	-708.4942	-691.7053	-16.7889	0.3063478	0.990659	0.000231419	0.00910952	0.0221655
36400	-714.8513	-697.4432	-17.4081	0.3357893	0.989709	0.00951147	0.000779261	0.04877291
36600	-714.0582	-697.0519	-17.00623	0.3111491	0.986136	0.010429	0.00343542	0.03627517
36800	-711.4384	-694.4269	-17.01141	0.3026053	0.99232	0.00401601	0.00366409	0.04326518
37000	-703.0493	-686.1419	-16.9074	0.3009475	0.996488	0.00315125	0.000360555	0.03623627
37200	-709.2518	-691.565	-17.68676	0.3057334	0.994617	0.00220037	0.00318273	0.09488383
37400	-710.6357	-693.938	-16.6976	0.2939333	0.998271	0.00140961	0.000318992	0.02496336
37600	-710.1499	-693.6725	-16.47739	0.2937596	0.99507	0.00287539	0.00205508	0.007534167
37800	-709.3378	-692.537	-16.80074	0.3011975	0.993413	0.00217093	0.00441606	0.02756063
38000	-708.9885	-692.5568	-16.4317	0.2873267	0.997533	0.000179715	0.00228721	0.00899001
38200	-709.7978	-693.2531	-16.54473	0.2833272	0.998597	0.00103988	0.000363286	0.02175197
38400	-708.3637	-690.252	-18.11167	0.289425	0.995988	0.00312563	0.000885877	0.1390941
38600	-707.8463	-690.5839	-17.26237	0.2921765	0.994008	0.00250367	0.00348814	0.07376617
38800	-712.2247	-693.9906	-18.2341	0.2863792	0.988174	0.00507818	0.00674815	0.1545898
39000	-713.0311	-696.1951	-16.83604	0.3079638	0.995574	0.000571162	0.00385502	0.02532264
39200	-707.5025	-689.6548	-17.84772	0.2860604	0.995667	0.000295223	0.00403754	0.1235593
39400	-711.0683	-693.7669	-17.30142	0.3010568	0.998243	0.000902195	0.000854713	0.06713596
39600	-711.8316	-692.36	-19.4716	0.3062146	0.996188	0.00130062	0.00251165	0.2363003
39800	-709.6692	-692.4908	-17.17835	0.3278318	0.998837	6.60427e-05	0.00109651	0.03648493
40000	-709.2512	-691.2696	-17.98164	0.308189	0.998716	0.00074488	0.000539235	0.1196843
40200	-707.1624	-688.3699	-18.79244	0.3005539	0.996924	0.000656549	0.00241919	0.1824107
40400	-709.0422	-691.5282	-17.51402	0.319861	0.99286	0.00110077	0.00603875	0.07280475
40600	-712.2235	-695.4126	-16.81092	0.3212056	0.998169	0.000166155	0.00166524	0.01239039
40800	-708.9389	-692.641	-16.29799	0.2784771	0.994893	0.00479093	0.000316185	0.005386712
41000	-710.4963	-693.6845	-16.8118	0.2746427	0.997353	9.72683e-05	0.0025498	0.05010422
41200	-712.3283	-695.5947	-16.73359	0.3277966	0.990548	0.00184359	0.00760854	0.0006961364
41400	-707.3084	-690.8837	-16.42466	0.2932343	0.994741	0.00301425	0.00224497	0.003794467
41600	-708.7492	-691.9488	-16.80041	0.2918667	0.997483	0.00183766	0.000678929	0.03514832
41800	-714.0578	-695.3204	-18.73747	0.3015624	0.997027	0.0010213	0.00195218	0.1844007
42000	-708.4241	-691.6493	-16.77481	0.3191598	0.990084	0.00891878	0.0009976	0.01072807
42200	-714.6271	-697.6682	-16.95882	0.3314752	0.992073	0.00679393	0.00113288	0.0164914
42400	-707.1387	-689.9552	-17.18347	0.328833	0.997129	0.00209836	0.000772924	0.0357989
42600	-712.3119	-695.4888	-16.82314	0.3137712	0.99419	0.00432957	0.00148036	0.02015052
42800	-719.5484	-702.6689	-16.87952	0.3037327	0.988744	0.0109999	0.000256398	0.03350846
43000	-716.4631	-699.4352	-17.02791	0.2993975	0.993607	0.00157971	0.00481309	0.05042081
43200	-716.2327	-699.4193	-16.81331	0.3062379	0.978192	0.0214951	0.000313335	0.02410258
43400	-712.5151	-694.5056	-18.0095	0.2998306	0.987185	0.00226309	0.0105524	0.1277483
43600	-708.6336	-692.078	-16.55562	0.2798721	0.99401	0.00345348	0.00253665	0.02511084
43800	-721.2491	-703.6321	-17.61691	0.2711148	0.986048	0.00391907	0.0100333	0.1176802
44000	-710.3707	-693.3425	-17.02823	0.3044726	0.995389	0.000325727	0.00428529	0.04392487
44200	-715.9487	-696.7092	-19.2395	0.338449	0.981282	0.00477899	0.0139389	0.1918954
44400	-711.7264	-694.1497	-17.57667	0.319814	0.992867	0.00533735	0.00179604	0.07506118
44600	-723.9972	-706.8313	-17.16592	0.3043337	0.997057	0.00225517	0.000688039	0.05640126
44800	-708.8424	-692.2327	-16.60977	0.3012022	0.994727	0.00113891	0.004134	0.01184519
45000	-707.7172	-691.0057	-16.71146	0.3163201	0.997645	0.00092631	0.00142833	0.008032597
45200	-713.2991	-695.9404	-17.35866	0.3041198	0.994938	0.00383539	0.00122628	0.07016639
45400	-712.0537	-694.8112	-17.24253	0.330125	0.99245	0.00271568	0.00483425	0.04282231
45600	-713.307	-696.578	-16.72906	0.3261018	0.992155	0.00167851	0.00616659	0.001752481
45800	-710.6192	-694.3247	-16.29448	0.272197	0.997436	0.000678848	0.00188488	0.01021464
46000	-712.6173	-694.1959	-18.42136	0.2856777	0.990367	0.00858206	0.00105063	0.1688696
46200	-711.1866	-694.0719	-17.11475	0.283146	0.989478	0.00609454	0.00442783	0.06718978
46400	-716.2594	-698.9061	-17.35325	0.2841302	0.993018	0.00348381	0.00349784	0.0871667
46600	-714.3893	-697.3142	-17.0751	0.334971	0.994439	0.00203071	0.00352986	0.02292043
46800	-714.5534	-697.3789	-17.17448	0.3555208	0.9868	0.00696957	0.00623054	0.01393268
47000	-711.6561	-695.0722	-16.58396	0.3018628	0.995537	0.000553739	0.00390899	0.009596451
47200	-710.6763	-692.4343	-18.24197	0.3036592	0.992342	0.00166022	0.00599827	0.1396758
47400	-707.8781	-691.2143	-16.66382	0.3138135	0.985089	0.0132755	0.0016358	0.006259006
47600	-712.4455	-695.8685	-16.57704	0.2937594	0.98673	0.00498941	0.00828069	0.01540353
47800	-711.0843	-694.2035	-16.88088	0.3011582	0.985893	0.00824767	0.00585945	0.03356467
48000	-718.536	-697.4716	-21.06441	0.3442681	0.981013	0.0117076	0.00727956	0.3418057
48200	-710.8615	-693.8871	-16.97432	0.292563	0.99589	0.00198915	0.00212067	0.04832947
48400	-711.2995	-693.5374	-17.7621	0.2919817	0.985353	0.000622226	0.0140247	0.1120377
48600	-708.9911	-691.6039	-17.3872	0.3060958	0.991529	0.00713534	0.00133561	0.07149479
48800	-708.3509	-689.9694	-18.38145	0.3091546	0.997731	0.00133784	0.000930841	0.1533065
49000	-713.4813	-694.4203	-19.06102	0.2929045	0.998764	0.000342432	0.000893585	0.2199349
49200	-718.8485	-698.8431	-20.00533	0.3198962	0.992832	0.00309885	0.00406893	0.271868
49400	-717.3301	-698.9974	-18.33267	0.3357457	0.99573	0.00255656	0.00171389	0.1275684
49600	-711.0512	-693.6295	-17.42172	0.3156174	0.997967	0.00124686	0.00078574	0.06540952
49800	-720.4318	-701.0894	-19.34243	0.2855959	0.983268	0.00969874	0.00703326	0.2496098
50000	-709.1215	-692.8166	-16.30488	0.2840029	0.9963	0.000925489	0.00277485	0.001418103
50200	-715.4611	-698.7323	-16.72879	0.3062647	0.988786	0.00636482	0.00484897	0.01783527
50400	-711.2108	-693.6625	-17.54831	0.3505503	0.998419	0.00101687	0.000563813	0.04845302
50600	-718.9993	-697.8336	-21.16576	0.3532491	0.996692	0.000236915	0.00307098	0.3288382
50800	-710.7564	-692.763	-17.99337	0.3129098	0.983067	0.0133228	0.00361039	0.1112827
51000	-708.1372	-690.416	-17.72125	0.3109372	0.995279	0.00307644	0.00164436	0.09291451
51200	-711.1685	-693.2231	-17.94538	0.3367888	0.996935	0.00261173	0.000453174	0.0918696
51400	-717.3296	-699.8593	-17.47032	0.306198	0.989416	0.00458673	0.00599688	0.08008373
51600	-716.3741	-696.9543	-19.41981	0.32556	0.994496	0.000661374	0.00484312	0.2237843
51800	-708.5419	-691.5192	-17.02275	0.3108488	0.996213	0.000959927	0.00282674	0.03763375
52000	-710.0191	-693.6011	-16.41803	0.2737123	0.995137	0.00110089	0.00376162	0.0192051
52200	-715.1377	-697.2702	-17.86753	0.3293753	0.995226	0.00121183	0.00356197	0.09236304
52400	-714.8798	-697.5904	-17.28942	0.3113623	0.987186	0.00356292	0.00925063	0.05894969
52600	-708.4029	-689.6751	-18.72782	0.3444857	0.997763	0.000897268	0.00133965	0.1510196
52800	-707.5517	-690.3609	-17.19085	0.3055337	0.997173	0.00141133	0.00141517	0.05416626
53000	-715.7382	-698.6546	-17.08365	0.3381653	0.993815	0.00501265	0.00117266	0.02143478
53200	-708.4899	-690.7132	-17.77669	0.3176778	0.997496	0.000855384	0.00164861	0.09378169
53400	-717.5438	-699.3102	-18.23358	0.3186114	0.991966	0.00283153	0.00520211	0.1311231
53600	-708.2347	-691.3892	-16.84552	0.3041099	0.998475	0.00100785	0.000516789	0.02934939
53800	-710.1945	-692.8697	-17.32482	0.298197	0.998986	0.000817229	0.000196682	0.07014829
54000	-710.468	-693.7368	-16.73123	0.3052366	0.986322	0.0128812	0.000796633	0.01847601
54200	-711.8572	-693.8389	-18.01835	0.3080236	0.996058	3.60574e-06	0.0039381	0.1216051
54400	-709.246	-692.244	-17.002	0.3147229	0.997875	0.000642321	0.00148275	0.0329727
54600	-707.3162	-689.4641	-17.85213	0.2877712	0.99833	0.000483582	0.00118616	0.1221259
54800	-717.2042	-700.1437	-17.06045	0.3175464	0.996473	0.00042901	0.0030975	0.03571916
55000	-709.933	-693.0685	-16.86459	0.3228333	0.992284	0.00417025	0.00354601	0.01521586
55200	-715.4309	-698.9689	-16.46197	0.284585	0.996662	0.00193866	0.0013995	0.01367958
55400	-714.7922	-692.2685	-22.52368	0.3157706	0.995208	0.00470901	8.28359e-05	0.4811574
55600	-711.5938	-694.1402	-17.45354	0.288178	0.983786	0.011043	0.00517082	0.08969128
55800	-714.3063	-692.1045	-22.20181	0.3247631	0.993607	0.00164808	0.00474491	0.4393378
56000	-709.9548	-692.0019	-17.95289	0.2869506	0.996623	0.00177535	0.00160145	0.1386355
56200	-707.798	-690.9094	-16.88865	0.2958007	0.991905	0.00477305	0.00332219	0.03921543
56400	-708.1475	-691.3124	-16.83508	0.3344927	0.998553	0.000606019	0.000840872	0.003469683
56600	-714.1017	-696.8103	-17.2914	0.3196372	0.992164	0.00565393	0.00218245	0.05163442
56800	-708.5621	-690.7695	-17.79259	0.3213249	0.993187	0.0051797	0.00163329	0.09226377
57000	-713.6804	-693.858	-19.82241	0.2776315	0.993964	0.00139331	0.00464293	0.2828321
57200	-708.7832	-691.4892	-17.29397	0.2937231	0.997645	0.000411632	0.00194368	0.07119835
57400	-713.8494	-696.6737	-17.17576	0.2957911	0.987936	0.00921758	0.00284657	0.06327793
57600	-716.5964	-699.6788	-16.91762	0.2938159	0.983045	0.00393752	0.0130178	0.04236074
57800	-712.5774	-693.2119	-19.36554	0.3209569	0.99371	0.00446035	0.00182959	0.2173514
58000	-708.9658	-692.1178	-16.84796	0.313512	0.999252	0.000708059	4.01238e-05	0.02115884
58200	-707.6832	-690.9416	-16.74163	0.2874878	0.993024	0.00592138	0.00105505	0.03390631
58400	-708.6284	-691.2766	-17.35173	0.2975162	0.994356	0.00083011	0.00481401	0.07394017
58600	-710.7086	-693.2174	-17.49119	0.2867768	0.995651	0.00377468	0.000574341	0.09530512
58800	-706.5333	-690.0869	-16.44641	0.2758111	0.99774	0.00100272	0.0012574	0.01952032
59000	-716.2421	-697.9586	-18.28348	0.3312673	0.998458	0.00119825	0.000343257	0.1201125
59200	-713.3862	-696.4999	-16.88636	0.3346187	0.996851	0.00204075	0.0011085	0.0074918
59400	-710.5031	-693.1491	-17.35398	0.3209065	0.988665	0.00590081	0.00543387	0.05551379
59600	-706.8781	-689.7585	-17.11966	0.3159181	0.992335	0.00225474	0.00541058	0.0403617
59800	-714.7721	-696.3225	-18.44961	0.317634	0.997324	0.00129037	0.00138608	0.1448575
60000	-716.276	-698.0739	-18.20209	0.3251077	0.986609	0.010544	0.00284727	0.1214142
60200	-709.7105	-692.6948	-17.01578	0.3211327	0.992835	0.00659546	0.00056977	0.02902292
60400	-711.4902	-694.0666	-17.42363	0.3066998	0.978213	0.0202479	0.00153959	0.07348818
60600	-714.9173	-697.2738	-17.64352	0.3103893	0.994091	0.00314786	0.00276153	0.08776664
60800	-711.1092	-692.4611	-18.64807	0.2920818	0.993956	0.00569117	0.000352433	0.1909165
61000	-709.6254	-693.0491	-16.57632	0.3109206	0.995975	0.00106941	0.00295556	0.001654462
61200	-713.528	-696.7518	-16.77621	0.3152742	0.983851	0.00844171	0.00770723	0.01437574
61400	-716.1104	-699.194	-16.91639	0.2955707	0.9944	0.00480091	0.000799379	0.04127995
61600	-711.694	-695.1138	-16.58023	0.2901243	0.992962	0.00173788	0.00529964	0.01853255
61800	-717.0964	-698.7932	-18.30318	0.2922889	0.981577	0.00572076	0.0127025	0.1662176
62000	-708.0494	-691.1027	-16.9467	0.2974175	0.994125	0.00566331	0.000212126	0.04143392
62200	-709.0204	-691.6626	-17.35783	0.349301	0.992646	0.00558316	0.00177079	0.03441173
62400	-715.5775	-696.6205	-18.95706	0.2882847	0.993178	0.0052182	0.00160394	0.2110692
62600	-713.0464	-696.279	-16.76735	0.3192678	0.988713	0.00277319	0.00851414	0.01035677
62800	-716.7405	-698.8544	-17.88612	0.3457865	0.980107	0.00873234	0.0111604	0.07862257
63000	-713.0753	-695.6724	-17.40286	0.3078544	0.992959	0.000970273	0.00607044	0.07280499
63200	-712.6781	-693.766	-18.91211	0.322701	0.983111	0.0115182	0.00537061	0.1855693
63400	-709.004	-692.6386	-16.36538	0.2845434	0.993056	0.00227317	0.0046709	0.005850154
63600	-713.9179	-696.8603	-17.05758	0.2788327	0.993414	0.00470925	0.00187718	0.06602537
63800	-709.1186	-691.6078	-17.51081	0.3034341	0.995711	0.00169366	0.00259566	0.08102332
64000	-719.0295	-702.3545	-16.67497	0.2802735	0.987543	0.00246973	0.00998683	0.03503708
64200	-710.4575	-693.303	-17.15448	0.2940458	0.997079	1.4136e-05	0.00290726	0.06136807
64400	-717.3351	-699.4962	-17.83898	0.2987457	0.99542	0.00234572	0.00223462	0.1137117
64600	-708.9507	-692.4687	-16.48203	0.2857896	0.995853	0.00335348	0.000793649	0.01420384
64800	-710.103	-692.8194	-17.28368	0.3202381	0.996108	0.00273283	0.00115944	0.05057322
65000	-708.852	-692.4256	-16.42634	0.2737346	0.994517	0.00486303	0.000619551	0.01899079
65200	-715.5293	-698.3169	-17.21237	0.3098348	0.971385	0.00634445	0.0222706	0.05366451
65400	-715.587	-698.7294	-16.85762	0.3340641	0.998046	0.000584515	0.00136991	0.006079204
65600	-707.5923	-690.863	-16.72928	0.3050177	0.993838	0.00532305	0.000839147	0.01872592
65800	-713.5474	-695.0233	-18.52416	0.328751	0.992321	0.00349337	0.00418588	0.1486733
66000	-709.862	-692.3151	-17.54691	0.3091501	0.989408	0.00884315	0.00174903	0.08179003
66200	-712.2862	-695.394	-16.89222	0.3042385	0.996539	0.00182206	0.00163896	0.03249698
66400	-710.9856	-694.3807	-16.60485	0.310085	0.983922	0.00995798	0.00611968	0.004497069
66600	-708.9954	-690.934	-18.06147	0.3036745	0.996638	0.00214026	0.00122204	0.1294649
66800	-713.078	-696.7645	-16.31353	0.2779854	0.99321	0.00632554	0.000464366	0.006977295
67000	-716.033	-697.6525	-18.38048	0.3029995	0.98034	0.00802878	0.0116312	0.1559062
67200	-709.6173	-692.4385	-17.1788	0.3090725	0.99899	0.000282082	0.000727573	0.05155349
67400	-713.485	-696.5496	-16.93542	0.3467727	0.991771	0.00114339	0.00708549	0.0017698
67600	-715.1955	-697.9337	-17.26181	0.325036	0.997179	0.00230981	0.000511049	0.04502316
67800	-710.7541	-693.7119	-17.04221	0.3318665	0.993477	0.00596223	0.000560507	0.02300044
68000	-711.8472	-693.8443	-18.00291	0.2848805	0.991926	0.00646701	0.00160675	0.1369723
68200	-710.2917	-689.8057	-20.48595	0.3198877	0.997397	0.000371374	0.00223193	0.301744
68400	-710.8666	-694.1634	-16.70314	0.3173392	0.986363	0.00117149	0.0124653	0.006963644
68600	-706.8925	-690.2891	-16.60341	0.301152	0.993004	0.00168651	0.00530996	0.01167717
68800	-713.5862	-696.966	-16.62015	0.2726454	0.995808	0.00329802	0.000893522	0.0366491
69000	-710.912	-693.8624	-17.04954	0.3320317	0.995575	0.000503505	0.00392113	0.02341083
69200	-709.8811	-692.2267	-17.65435	0.318527	0.998418	0.000114337	0.00146781	0.08402839
69400	-711.5816	-694.4275	-17.15409	0.2938025	0.997913	0.000624498	0.00146227	0.06147682
69600	-713.1401	-696.552	-16.58811	0.2601521	0.997268	0.00136251	0.00136924	0.04283051
69800	-710.9732	-692.1915	-18.78169	0.2999369	0.994172	0.00272645	0.00310118	0.1892852
70000	-709.8782	-692.3328	-17.54532	0.2796611	0.997174	0.00259409	0.000232367	0.1054553
70200	-710.7458	-693.9744	-16.77145	0.3121993	0.992326	0.00672199	0.000952476	0.01652239
70400	-714.5101	-696.9087	-17.60143	0.2998959	0.987018	0.00765064	0.00533097	0.09411603
70600	-708.4292	-691.8782	-16.55103	0.3086019	0.994267	0.00259973	0.00313294	0.001479813
70800	-712.017	-694.1864	-17.83057	0.2941008	0.993812	0.00603012	0.000158358	0.116512
71000	-711.9432	-691.7518	-20.19144	0.30152	0.994656	0.00257473	0.00276898	0.2984574
71200	-717.0556	-698.6085	-18.44715	0.2962435	0.997002	0.000381854	0.00261565	0.1593408
71400	-711.1513	-694.8862	-16.26505	0.2812621	0.99524	0.00190477	0.00285494	0.0004484558
71600	-711.0111	-693.8574	-17.15372	0.3398798	0.999358	0.000543941	9.79599e-05	0.02549302
71800	-705.8764	-689.3418	-16.53457	0.2978683	0.99808	0.000994553	0.000925099	0.008782654
72000	-715.8861	-699.009	-16.87709	0.3083798	0.996618	0.00100797	0.00237399	0.02940612
72200	-717.4864	-699.4328	-18.05363	0.3210606	0.998339	0.000854584	0.000806048	0.1139579
72400	-713.7186	-695.1834	-18.53518	0.2795007	0.994554	0.00351568	0.00193003	0.184229
72600	-711.6389	-694.0546	-17.58427	0.2972765	0.985335	0.00623581	0.00842928	0.09300627
72800	-717.573	-696.7652	-20.80778	0.3161593	0.99401	0.0028417	0.0031479	0.3251188
73000	-710.9652	-692.1231	-18.84206	0.2791201	0.997301	0.00263	6.9028e-05	0.208837
73200	-711.1426	-694.2873	-16.85531	0.3103144	0.990864	0.00195409	0.00718156	0.02559698
73400	-714.6025	-697.0217	-17.58087	0.3159102	0.995749	0.00235432	0.00189634	0.08081568
73600	-707.6194	-690.4445	-17.17486	0.3029053	0.993596	0.000881716	0.00552277	0.05710865
73800	-711.1264	-694.4245	-16.70182	0.3177183	0.995784	0.00288448	0.0013312	0.006146527
74000	-720.0381	-702.7861	-17.25199	0.326202	0.981845	0.0176959	0.000459155	0.04419742
74200	-710.6477	-694.3349	-16.31275	0.2794114	0.996772	0.00248616	0.000741834	0.005810438
74400	-715.5965	-698.9642	-16.63231	0.2949126	0.985725	0.00283641	0.0114389	0.01883999
74600	-709.5249	-692.4441	-17.08082	0.2908352	0.996844	0.00183959	0.0013161	0.05737732
74800	-713.8825	-697.029	-16.85344	0.3269086	0.993769	0.0031828	0.00304818	0.0110489
75000	-715.5185	-695.9376	-19.5809	0.2871383	0.989806	0.00804641	0.00214774	0.2557121
75200	-710.3827	-693.1964	-17.18627	0.3166798	0.995473	0.00155695	0.00297018	0.0460424
75400	-711.6334	-693.0823	-18.55111	0.2917964	0.99166	0.00823379	0.00010629	0.1719479
75600	-711.2195	-693.6663	-17.5532	0.3236416	0.986691	0.0118389	0.00146991	0.07017914
75800	-712.8193	-696.2471	-16.57219	0.3047167	0.977553	0.00672521	0.0157216	0.006486234
76000	-714.6471	-697.7899	-16.85711	0.3053317	0.990168	0.00834723	0.00148504	0.02874686
76200	-706.9495	-689.5328	-17.41664	0.317654	0.999309	0.000338259	0.000352653	0.06515112
76400	-715.4696	-696.2251	-19.24448	0.2909486	0.990283	0.00833215	0.00138535	0.2316681
76600	-711.1605	-694.3893	-16.77125	0.3082753	0.989711	0.00105463	0.00923416	0.01906962
76800	-710.592	-692.5948	-17.9972	0.2853604	0.99414	0.00310484	0.00275473	0.1371648
77000	-710.9892	-694.2172	-16.772	0.3079527	0.994215	0.00158557	0.00419954	0.0202636
77200	-721.4208	-697.7426	-23.67822	0.3179476	0.996325	0.000533031	0.00314165	0.5432484
77400	-719.0985	-701.1868	-17.91164	0.2820323	0.983936	0.00698757	0.00907659	0.1340868
77600	-709.2022	-692.7756	-16.42658	0.2802279	0.994649	0.00466023	0.00069058	0.01424909
77800	-712.5781	-695.3566	-17.22148	0.2763011	0.982527	0.000734377	0.0167384	0.08185575
78000	-714.0805	-696.1888	-17.89174	0.3081578	0.994306	0.00436655	0.00132746	0.1100888
78200	-712.5036	-694.1826	-18.32101	0.3410773	0.991437	0.00619456	0.00236851	0.1213831
78400	-708.6684	-690.2661	-18.40228	0.2958713	0.997138	0.000424975	0.00243721	0.1576402
78600	-713.3447	-696.6717	-16.673	0.2662113	0.98724	0.00883518	0.00392472	0.04610782
78800	-717.3809	-699.7955	-17.58545	0.3401882	0.985697	0.003437	0.0108665	0.06160647
79000	-712.2012	-694.9353	-17.26591	0.288094	0.997435	0.000325982	0.0022394	0.07809219
79200	-713.0216	-694.6244	-18.39716	0.3309989	0.993178	0.00607857	0.000743704	0.1336414
79400	-711.6979	-694.4548	-17.24314	0.2838532	0.988588	0.00878424	0.00262814	0.07665272
79600	-706.927	-690.5061	-16.42092	0.2882009	0.998378	0.000976616	0.000645154	0.007442229
79800	-718.3879	-698.4563	-19.93163	0.3389033	0.983948	0.0152225	0.000829075	0.2496917
80000	-712.1224	-695.2503	-16.87204	0.3224748	0.988096	0.00888132	0.00302249	0.01628478
80200	-707.3964	-691.0103	-16.38611	0.2836397	0.995707	0.00156536	0.00272723	0.008284779
80400	-709.9726	-693.2032	-16.76942	0.2720925	0.983675	0.00698441	0.00934081	0.04851257
80600	-713.8479	-697.0204	-16.82756	0.2995678	0.984333	0.012214	0.00345336	0.03159836
80800	-715.5122	-698.9855	-16.52663	0.299038	0.995571	0.00229161	0.00213772	0.007347127
81000	-714.7408	-697.8733	-16.86744	0.2946868	0.994129	0.0030677	0.00280332	0.03987691
81200	-713.2231	-695.9526	-17.27044	0.3498471	0.996247	0.000401581	0.00335156	0.02793442
81400	-716.0055	-699.712	-16.29349	0.2788618	0.992129	0.00676057	0.0011104	0.004701554
81600	-709.8024	-692.4677	-17.33468	0.2844254	0.992654	0.00706069	0.000285412	0.0818428
81800	-713.9945	-695.9874	-18.00709	0.2920771	0.997126	0.000465112	0.00240845	0.1333264
82000	-710.513	-693.3909	-17.12212	0.3035335	0.990876	0.0071343	0.00198948	0.05201372
82200	-711.3723	-692.6477	-18.72464	0.3032269	0.992642	0.00540921	0.00194853	0.1781627
82400	-713.9394	-695.3167	-18.62269	0.3376826	0.997674	0.000939812	0.00138643	0.1455234
82600	-710.9243	-691.2305	-19.69381	0.320553	0.995844	0.00243191	0.00172399	0.244601
82800	-716.0025	-699.4581	-16.54441	0.2957392	0.979255	0.013939	0.00680612	0.0114342
83000	-706.4635	-689.5669	-16.89661	0.3143168	0.997032	0.00296188	6.45023e-06	0.02450414
83200	-710.1311	-692.125	-18.0061	0.3197584	0.994458	0.00191661	0.00362572	0.1065363
83400	-709.1958	-690.501	-18.69473	0.3171399	0.997926	0.000378457	0.00169595	0.1761248
83600	-710.0094	-692.625	-17.38434	0.3171599	0.984767	0.0127884	0.00244455	0.06155369
83800	-709.0231	-691.5802	-17.44296	0.2953901	0.994127	0.00517088	0.000701934	0.08432517
84000	-712.0959	-693.7958	-18.30019	0.3028804	0.990732	0.00514364	0.00412461	0.1480261
84200	-708.4109	-691.7138	-16.69707	0.2949248	0.996739	0.00144761	0.00181366	0.02425825
84400	-714.706	-698.1719	-16.53415	0.2848323	0.996853	0.00311673	2.99906e-05	0.01890489
84600	-713.2583	-695.4476	-17.81064	0.3093642	0.992689	0.00013733	0.00717416	0.09899364
84800	-714.0349	-694.1899	-19.84503	0.3254058	0.997639	0.00120836	0.00115275	0.2506126
85000	-708.9048	-691.782	-17.12282	0.2791582	0.994016	0.00339356	0.00258995	0.06984936
85200	-710.0944	-692.6588	-17.43553	0.3024111	0.997503	0.000882622	0.00161389	0.0775095
85400	-716.447	-698.8228	-17.62419	0.3141503	0.975179	0.0218223	0.00299878	0.08319887
85600	-718.3537	-699.7396	-18.61409	0.3100068	0.990651	0.00639878	0.00294974	0.1677496
85800	-708.11	-691.1341	-16.97591	0.2886437	0.997184	0.00036489	0.00245113	0.0508613
86000	-708.1339	-688.9079	-19.22604	0.3061068	0.998981	0.000880329	0.000138174	0.2176058
86200	-710.7333	-694.059	-16.67437	0.322077	0.984667	0.00143812	0.0138951	0.0005387522
86400	-711.8104	-695.0275	-16.78292	0.3123694	0.998033	0.00044999	0.00151728	0.01799582
86600	-720.6437	-701.2459	-19.39779	0.3143874	0.980358	0.0175287	0.00211319	0.2247031
86800	-707.086	-689.8554	-17.23062	0.3022181	0.99462	0.00405196	0.00132853	0.06038092
87000	-716.9835	-699.9431	-17.04038	0.2945002	0.989755	0.00855334	0.00169132	0.05285413
87200	-715.7356	-699.1855	-16.5501	0.2830855	0.998219	0.00116223	0.000619099	0.02218671
87400	-713.5833	-694.2987	-19.28458	0.2884715	0.992718	0.00268416	0.00459792	0.2361028
87600	-717.53	-700.7983	-16.73163	0.2667352	0.98385	0.00764924	0.0085003	0.04909998
87800	-714.8485	-695.7057	-19.14274	0.309345	0.993579	0.00531722	0.00110401	0.2086576
88000	-709.005	-691.7229	-17.28211	0.3183755	0.995909	0.00238162	0.00170922	0.05349804
88200	-706.6336	-689.6559	-16.97771	0.2986957	0.996615	0.00189155	0.00149335	0.04353629
88400	-715.2467	-696.8428	-18.40395	0.2668518	0.996404	0.000671821	0.00292432	0.1797959
88600	-712.2612	-694.958	-17.30326	0.3100744	0.995456	0.00220577	0.00233823	0.0622603
88800	-713.8802	-696.757	-17.12317	0.3041302	0.998078	0.00100104	0.000921409	0.05330557
89000	-712.408	-695.7419	-16.6661	0.3130679	0.998035	0.00152902	0.000435521	0.007070713
89200	-711.9138	-694.255	-17.65877	0.2792405	0.988749	0.00786187	0.00338884	0.1144219
89400	-720.6779	-700.3388	-20.33918	0.3071934	0.976983	0.000178544	0.0228383	0.3144254
89600	-709.6744	-692.4955	-17.17898	0.3175711	0.996739	0.00214847	0.00111237	0.04464038
89800	-710.4425	-693.0852	-17.35736	0.293212	0.989983	0.00387798	0.00613867	0.07775553
90000	-710.2483	-692.8802	-17.36806	0.3062475	0.993067	0.0066633	0.000269553	0.06727415
90200	-715.4542	-697.7531	-17.70105	0.2691669	0.989004	0.00674935	0.00424714	0.1240482
90400	-714.3463	-697.196	-17.1503	0.3006508	0.994064	0.00310814	0.00282777	0.05767086
90600	-712.2577	-694.32	-17.93772	0.3191484	0.996635	0.000163573	0.00320144	0.1050189
90800	-713.7028	-696.0521	-17.65062	0.2994389	0.994769	0.000217274	0.00501332	0.0955385
91000	-712.8126	-696.328	-16.48459	0.3034685	0.990329	0.00364328	0.00602766	0.0002389954
91200	-714.7021	-697.5741	-17.12804	0.3381351	0.997348	0.00149637	0.00115569	0.0246
91400	-711.2324	-694.478	-16.75432	0.2574819	0.995922	0.00400912	6.84681e-05	0.05881969
91600	-711.753	-693.5498	-18.20319	0.2767655	0.986386	0.000593646	0.0130207	0.1586244
91800	-718.0974	-701.2025	-16.8949	0.3169668	0.982618	0.0100755	0.00730698	0.02299121
92000	-712.5364	-695.3849	-17.1515	0.3027145	0.994353	0.00181407	0.00383311	0.0544699
92200	-714.2873	-695.0653	-19.22203	0.3205823	0.989578	0.00712788	0.00329402	0.2070881
92400	-709.5366	-692.6935	-16.84313	0.316315	0.997276	0.0011586	0.00156534	0.01873227
92600	-713.7263	-696.7007	-17.02561	0.3002794	0.998306	0.000248288	0.0014456	0.04687762
92800	-710.5636	-694.1392	-16.42443	0.2818803	0.997198	0.000473507	0.002328	0.01305806
93000	-712.5804	-695.6094	-16.971	0.3332228	0.998581	0.00050592	0.00091327	0.01636885
93200	-715.5227	-696.6614	-18.86124	0.2692028	0.978202	0.0196062	0.00219226	0.2182165
93400	-707.5124	-689.2204	-18.29198	0.2934206	0.997756	0.000612527	0.00163111	0.1535989
93600	-712.2873	-696.0738	-16.21349	0.273514	0.995854	0.00383512	0.00031097	0.00252239
93800	-721.4861	-703.6186	-17.86751	0.292846	0.987017	0.0103698	0.00261314	0.1156011
94000	-714.581	-696.3222	-18.25872	0.2841063	0.987805	6.71272e-05	0.012128	0.1572735
94200	-707.9793	-691.2729	-16.70638	0.303002	0.996535	0.000809531	0.00265538	0.01819394
94400	-707.6985	-690.766	-16.93249	0.286465	0.996419	0.00262587	0.000955154	0.0512264
94600	-713.3395	-693.0012	-20.33829	0.319307	0.993136	0.00113894	0.00572502	0.2964167
94800	-712.9878	-695.0002	-17.98754	0.313829	0.99943	0.000149214	0.000420889	0.1167803
95000	-713.5045	-695.6017	-17.90282	0.2597674	0.997025	0.00201035	0.000964862	0.1509816
95200	-714.2019	-694.8695	-19.3324	0.3223758	0.985608	0.0114327	0.00295907	0.2069685
95400	-715.7884	-698.7671	-17.02131	0.3329763	0.993465	0.0035179	0.00301705	0.02020269
95600	-709.7941	-691.838	-17.95601	0.3046848	0.988732	0.0083195	0.00294827	0.1140293
95800	-715.2963	-696.8661	-18.43023	0.3107295	0.995607	0.00419757	0.000195155	0.1539989
96000	-706.8091	-690.108	-16.70107	0.2895389	0.997793	0.0014246	0.000782503	0.02914442
96200	-708.9923	-691.4008	-17.59143	0.290877	0.993716	0.00212271	0.004161	0.09994658
96400	-711.2506	-692.955	-18.29562	0.3348211	0.997062	0.00291649	2.17815e-05	0.1231112
96600	-708.7642	-691.8043	-16.95992	0.3184937	0.997415	0.00111163	0.00147383	0.02679465
96800	-707.1763	-690.7385	-16.4378	0.2728981	0.998584	0.000550318	0.000865406	0.02084489
97000	-708.2418	-691.4574	-16.78438	0.3057613	0.994089	0.00585545	5.57735e-05	0.02281403
97200	-714.0733	-693.7499	-20.32341	0.3002895	0.99836	0.000226714	0.00141378	0.3133744
97400	-718.2508	-698.904	-19.3468	0.3083166	0.989702	0.00374179	0.00655658	0.2308159
97600	-712.9341	-694.1821	-18.75194	0.2906419	0.996536	0.00315929	0.000304407	0.1935833
97800	-711.8014	-694.3107	-17.49073	0.2688063	0.991567	0.00679655	0.00163681	0.1079887
98000	-706.4559	-687.7547	-18.70122	0.3011633	0.999345	0.000629846	2.47364e-05	0.1798257
98200	-709.9718	-692.4977	-17.47415	0.2998093	0.997125	0.000346287	0.0025283	0.08136023
98400	-712.9154	-694.9478	-17.96765	0.2811728	0.996319	0.00267152	0.00100937	0.137045
98600	-714.9778	-698.1502	-16.82763	0.3235119	0.986815	0.00779414	0.00539053	0.0118021
98800	-710.6309	-692.1913	-18.43959	0.324123	0.997241	0.0001731	0.00258556	0.1393628
99000	-710.9437	-693.0343	-17.90943	0.2751181	0.992274	0.00514704	0.00257942	0.1372872
99200	-712.7645	-695.9948	-16.76968	0.2714924	0.997916	0.00190877	0.00017475	0.05095238
99400	-717.7328	-699.9144	-17.81846	0.3343484	0.989235	0.00828228	0.00248267	0.08257956
99600	-708.0537	-690.0743	-17.97936	0.3225089	0.997028	0.000788673	0.00218347	0.1059826
99800	-719.8175	-703.0243	-16.79314	0.2758928	0.994278	0.00153029	0.00419193	0.04812225
100000	-705.8913	-688.6805	-17.21077	0.2924167	0.996283	0.00246613	0.00125094	0.06715371
100200	-710.8024	-692.4581	-18.34425	0.3170678	0.995661	0.00119835	0.00314091	0.1396732
100400	-716.984	-699.6211	-17.36293	0.3524176	0.98395	0.00260066	0.0134492	0.03104732
100600	-709.5539	-691.9194	-17.63453	0.3076973	0.995869	0.00131839	0.00281233	0.08746722
100800	-718.1423	-700.5686	-17.57368	0.324803	0.971331	0.0040027	0.0246659	0.07069265
101000	-714.0466	-697.0082	-17.03844	0.2744096	0.999126	7.65739e-05	0.000797311	0.06809878
101200	-706.9133	-690.1257	-16.78767	0.3247969	0.996755	0.000834036	0.00241091	0.007493534
101400	-713.3181	-695.6259	-17.69222	0.3361402	0.986178	0.00157321	0.0122489	0.07571381
101600	-713.249	-696.6859	-16.56314	0.277578	0.993211	0.00361951	0.00316931	0.02729899
101800	-706.371	-688.4137	-17.95728	0.3054827	0.997216	0.00178952	0.000994222	0.1181569
102000	-711.1282	-693.1857	-17.94244	0.283592	0.996301	0.00259625	0.00110249	0.1337256
102200	-710.8328	-692.1181	-18.71465	0.3437264	0.99491	0.00417509	0.000914646	0.1549734
102400	-708.9854	-690.81	-18.17536	0.3073262	0.998974	0.000656898	0.00036948	0.1347531
102600	-709.3639	-691.5189	-17.84496	0.313404	0.995605	0.00249532	0.00189936	0.1009449
102800	-713.803	-696.9438	-16.85916	0.3024377	0.98843	0.00806032	0.00351007	0.03190662
103000	-711.0486	-694.142	-16.90661	0.2711354	0.997278	0.00257604	0.000145565	0.06034767
103200	-714.5286	-695.5887	-18.93992	0.3012458	0.995547	0.00309842	0.00135475	0.2015798
103400	-714.0009	-695.2188	-18.78215	0.3040691	0.99236	0.00324382	0.00439572	0.1924605
103600	-711.7823	-694.9562	-16.8261	0.3036603	0.995362	0.00383902	0.000799385	0.02684959
103800	-708.4594	-691.6657	-16.79369	0.271769	0.992709	0.00069937	0.00659135	0.0499195
104000	-704.5068	-686.7715	-17.73536	0.3109517	0.999132	0.000585663	0.000282663	0.09597873
104200	-709.0816	-693.0336	-16.04805	0.2595958	0.991095	0.00346899	0.00543565	0.0004233284
104400	-707.425	-690.9973	-16.42769	0.280073	0.99677	0.000743598	0.00248654	0.01442168
104600	-706.1045	-688.9562	-17.14836	0.2833472	0.99675	0.000787712	0.00246259	0.06904447
104800	-706.1185	-688.6388	-17.47966	0.3087203	0.993769	0.000367642	0.00586364	0.07585488
105000	-711.3653	-694.6806	-16.68474	0.3136505	0.989903	0.00767988	0.00241755	0.008212267
105200	-718.4149	-701.3217	-17.09324	0.288212	0.993956	0.00404267	0.00200107	0.06330882
105400	-709.9695	-693.0372	-16.93228	0.3038214	0.993019	0.0016397	0.00534128	0.03557538
105600	-710.0601	-692.9833	-17.07683	0.2923001	0.985481	0.0140213	0.000497778	0.05718292
105800	-716.1646	-697.049	-19.11561	0.343346	0.998033	0.000482771	0.00148396	0.1816853
106000	-709.0908	-690.7094	-18.38148	0.3217902	0.999399	0.000308732	0.000292695	0.1367102
106200	-705.4511	-688.1921	-17.25901	0.2893762	0.996273	0.00234312	0.00138363	0.07236464
106400	-710.2656	-693.3862	-16.87942	0.2872449	0.990613	0.000458613	0.00892836	0.04688412
106600	-708.4084	-691.5843	-16.82414	0.2717127	0.999583	8.53307e-05	0.000331918	0.05261142
106800	-714.6832	-696.3534	-18.32979	0.2826299	0.98963	0.00378821	0.00658177	0.1642165
107000	-710.9737	-692.0586	-18.91506	0.3085178	0.995159	0.0034484	0.0013929	0.1934738
107200	-713.689	-696.1862	-17.50282	0.3195666	0.992952	0.00538867	0.00165934	0.07042367
107400	-711.204	-693.6423	-17.56168	0.3206547	0.994213	0.0051947	0.000591873	0.07271754
107600	-709.9468	-692.1192	-17.82766	0.3371549	0.990319	0.00429519	0.00538556	0.0816556
107800	-712.0135	-694.0121	-18.00146	0.3008413	0.996265	0.000138641	0.00359658	0.1234521
108000	-712.2929	-694.6145	-17.6784	0.3266438	0.994895	0.00345748	0.00164753	0.07875514
108200	-713.0279	-696.2183	-16.80965	0.3018642	0.989699	0.00169398	0.00860741	0.0279898
108400	-706.6076	-688.8722	-17.73539	0.3210987	0.998245	0.000771314	0.000983452	0.08630651
108600	-714.1772	-697.6579	-16.51929	0.2897684	0.98174	0.017885	0.000375033	0.01413198
108800	-711.3258	-693.8531	-17.47277	0.3157619	0.992413	0.000444026	0.00714344	0.06833897
109000	-709.9753	-692.1681	-17.80725	0.2885495	0.999441	0.000373995	0.000185483	0.1165209
109200	-710.7059	-692.6406	-18.06527	0.2893254	0.997997	0.00147942	0.000523846	0.1389359
109400	-708.2206	-691.691	-16.52954	0.287636	0.999185	0.000790992	2.39926e-05	0.01655013
109600	-714.2387	-697.1356	-17.10313	0.3202465	0.994114	0.00545858	0.000427761	0.03737351
109800	-715.1654	-697.153	-18.01243	0.2666123	0.996959	0.000844206	0.00219698	0.1503786
110000	-709.8911	-692.7885	-17.10255	0.3312229	0.989929	0.00669369	0.00337747	0.02773948
110200	-718.4817	-698.2031	-20.27861	0.2834624	0.990206	0.00702339	0.00277097	0.3212922
110400	-712.7729	-694.9559	-17.81692	0.3307851	0.995269	0.00283751	0.00189356	0.08356372
110600	-716.0018	-698.0239	-17.97796	0.2711185	0.997654	0.000493944	0.00185192	0.1455096
110800	-711.9091	-695.2287	-16.68047	0.302268	0.993308	0.000919275	0.00577228	0.01690402
111000	-708.3794	-691.6226	-16.75678	0.3038117	0.993469	0.00111117	0.00542005	0.02116309
111200	-711.4682	-693.2905	-18.17771	0.3027419	0.991494	0.00751111	0.000995192	0.134712
111400	-707.45	-690.7825	-16.66747	0.3183578	0.997695	0.00158172	0.000723665	0.003155907
111600	-713.059	-693.4242	-19.63472	0.3313128	0.989972	0.00633346	0.00369487	0.2272772
111800	-710.5045	-690.7092	-19.79533	0.2934609	0.997108	0.000908636	0.00198384	0.2748361
112000	-713.2631	-696.4277	-16.83543	0.3174517	0.989529	3.42972e-05	0.0104372	0.01791214
112200	-712.7131	-696.1514	-16.56167	0.2966701	0.990319	0.00238454	0.00729664	0.01205254
112400	-710.3564	-693.2488	-17.10765	0.3333365	0.991906	0.00181297	0.00628086	0.02778873
112600	-712.9275	-692.6639	-20.26359	0.312473	0.996091	0.000892565	0.00301639	0.2906664
112800	-712.4439	-695.25	-17.19389	0.331096	0.995279	0.00449258	0.000228749	0.03540622
113000	-711.6815	-694.0626	-17.61897	0.2882752	0.992155	0.00131809	0.00652727	0.10349
113200	-714.6538	-694.3855	-20.26829	0.2894162	0.994622	0.00125253	0.00412582	0.3141736
113400	-707.2593	-690.3773	-16.88205	0.3049454	0.994619	0.000287971	0.0050929	0.0312483
113600	-712.5275	-696.0095	-16.51805	0.2960656	0.982703	0.00482647	0.0124709	0.009065412
113800	-713.2337	-695.0232	-18.21042	0.2776838	0.99375	0.00137433	0.00487577	0.1561805
114000	-708.4072	-692.2125	-16.1946	0.273614	0.998277	0.00103622	0.000686969	0.0009084044
114200	-710.1395	-692.8591	-17.28039	0.3093562	0.999469	0.00043978	9.17103e-05	0.05945072
114400	-708.905	-692.1087	-16.79624	0.3098731	0.999415	0.000327694	0.00025684	0.02069189
114600	-715.6061	-697.1943	-18.41183	0.3162315	0.988386	0.011316	0.000298077	0.1424709
114800	-709.1217	-692.0599	-17.06181	0.3073818	0.997129	0.000117745	0.00275352	0.04335183
115000	-715.9047	-697.8685	-18.03618	0.3457362	0.989088	0.00981761	0.00109443	0.0916997
115200	-712.8196	-695.4424	-17.37716	0.2857442	0.988726	0.00536255	0.00591145	0.08649802
115400	-710.7635	-694.2164	-16.54708	0.2660136	0.997022	0.000267208	0.00271115	0.03512525
115600	-710.943	-693.7938	-17.14919	0.2893946	0.997982	0.000732083	0.00128567	0.06707388
115800	-720.6525	-700.9812	-19.67131	0.2801998	0.987257	0.0113343	0.00140843	0.2700036
116000	-711.5239	-693.9295	-17.59439	0.2900994	0.984139	0.00504014	0.0108205	0.09914816
116200	-713.1389	-695.2591	-17.87978	0.2747033	0.995231	0.000106867	0.00466195	0.1380264
116400	-714.919	-698.1708	-16.74819	0.314437	0.994219	0.00440365	0.00137772	0.01288804
116600	-712.2287	-694.5656	-17.66318	0.2968358	0.990529	0.00876693	0.000703716	0.09793747
116800	-708.6813	-691.3682	-17.3131	0.3186069	0.992073	0.00383493	0.00409231	0.05560422
117000	-716.585	-699.9679	-16.61706	0.3151465	0.990314	0.00719681	0.00248938	0.001576566
117200	-719.1036	-699.4799	-19.62374	0.294273	0.990578	0.000357646	0.00906407	0.2627892
117400	-713.4815	-695.9838	-17.49767	0.2934761	0.982437	0.017476	8.6835e-05	0.08954879
117600	-712.8706	-696.0399	-16.83072	0.2807749	0.995569	0.00227479	0.00215596	0.04700467
117800	-711.884	-695.2897	-16.59433	0.3098497	0.994164	0.00550343	0.000332462	0.004119167
118000	-714.8977	-697.9587	-16.93909	0.2992146	0.989657	0.00894469	0.00139783	0.04038765
118200	-710.0987	-692.6759	-17.42281	0.3307442	0.998742	0.00125371	3.79721e-06	0.05311924
118400	-714.7544	-697.4882	-17.26618	0.2983354	0.992608	0.00225808	0.00513387	0.0678214
118600	-711.9286	-692.9613	-18.96725	0.3293081	0.995987	0.000317596	0.00369548	0.1851588
118800	-710.4519	-692.2136	-18.23831	0.290545	0.994149	0.00546611	0.000384691	0.1466001
119000	-717.567	-697.6612	-19.90582	0.2870051	0.99145	0.00426061	0.00428942	0.2824828
119200	-709.1884	-692.1209	-17.06749	0.2978065	0.998474	0.000547154	0.000979155	0.05060437
119400	-713.6623	-695.8297	-17.83263	0.3078306	0.976466	0.0183527	0.0051816	0.106833
119600	-716.7068	-699.7643	-16.94259	0.327844	0.961088	0.0339606	0.00495159	0.01834018
119800	-706.2453	-688.936	-17.30931	0.3113805	0.998947	0.000110995	0.000941954	0.06042478
120000	-713.9489	-697.6443	-16.30465	0.2699416	0.983551	0.00858296	0.00786581	0.01285841
120200	-710.0413	-692.5241	-17.51717	0.2794432	0.994894	0.00355035	0.00155554	0.1002102
120400	-717.291	-700.9238	-16.36721	0.2693167	0.977946	0.00166913	0.0203851	0.01825881
120600	-708.9312	-692.4488	-16.48239	0.2837093	0.99493	0.000529593	0.00454068	0.01580885
120800	-709.3554	-691.7164	-17.63906	0.2976472	0.98527	0.00312753	0.011602	0.09502214
121000	-712.4454	-695.9773	-16.46808	0.294205	0.992551	0.0032736	0.00417554	0.006436669
121200	-707.0792	-690.4975	-16.58168	0.3017904	0.997642	0.00172252	0.000635925	0.009269904
121400	-712.8416	-693.4686	-19.37305	0.3051546	0.996552	0.000922829	0.00252547	0.230294
121600	-712.8132	-694.7479	-18.0653	0.3081406	0.991108	0.00850254	0.000389383	0.1241169
121800	-715.5224	-698.0694	-17.45297	0.3232579	0.988765	0.00196385	0.0092714	0.06306614
122000	-713.392	-694.9559	-18.43601	0.2995326	0.992893	0.00163212	0.00547442	0.1613822
122200	-712.809	-695.6408	-17.16813	0.296893	0.995794	0.00404389	0.000162119	0.06174861
122400	-712.6477	-694.8116	-17.8361	0.3120911	0.997405	0.000749265	0.00184551	0.1004168
122600	-710.7761	-692.8654	-17.91067	0.3289748	0.998971	0.000861327	0.000167716	0.09853518
122800	-715.0366	-697.6737	-17.36291	0.2899697	0.983246	0.0118138	0.00494012	0.08279698
123000	-711.5766	-694.8515	-16.72503	0.2908333	0.998098	0.0010486	0.000853018	0.03017757
123200	-712.0523	-693.5663	-18.48597	0.3319628	0.980838	0.0149471	0.00421499	0.1403648
123400	-708.1109	-690.9703	-17.14057	0.3147375	0.994817	0.00393284	0.00125064	0.04408125
123600	-716.9016	-700.1705	-16.73105	0.3248542	0.969058	0.0258027	0.00513905	0.002835404
123800	-710.4031	-693.6315	-16.77157	0.2798824	0.998186	0.00126533	0.000548706	0.04134446
124000	-710.616	-693.6389	-16.97715	0.3056692	0.997794	0.00183781	0.000368355	0.03858216
124200	-712.7939	-695.9086	-16.8853	0.3087493	0.99601	0.00159944	0.00239043	0.02800586
124400	-712.8522	-696.0117	-16.84048	0.2898033	0.996848	0.000569824	0.00258249	0.03936139
124600	-706.9538	-690.4476	-16.50623	0.2820612	0.990826	0.00630112	0.00287289	0.01894152
124800	-706.4179	-689.4558	-16.96211	0.3151781	0.999261	0.000269502	0.00046978	0.02929739
125000	-712.1007	-695.3902	-16.71044	0.2431885	0.99826	0.00160284	0.000136779	0.0664631
125200	-714.6913	-695.3327	-19.35862	0.3142378	0.997529	0.000393329	0.00207814	0.2290928
125400	-712.2504	-695.632	-16.61842	0.276382	0.996796	0.000827819	0.002376	0.03404634
125600	-711.494	-694.5614	-16.9326	0.2997362	0.991827	0.00643772	0.00173559	0.04029436
125800	-712.4444	-694.5977	-17.84672	0.3328927	0.992258	0.00107503	0.00666672	0.08618491
126000	-708.6237	-691.8976	-16.72612	0.2921628	0.991195	0.00811167	0.00069314	0.02937087
126200	-718.1626	-701.0475	-17.11509	0.3228906	0.985423	0.0096983	0.00487855	0.03561158
126400	-716.5554	-699.2802	-17.2752	0.2669825	0.994239	0.00147555	0.00428509	0.09072852
126600	-708.2962	-691.229	-17.06712	0.2869813	0.995021	0.00367383	0.00130513	0.06009849
126800	-718.119	-701.079	-17.04007	0.3086936	0.989041	0.000689365	0.0102699	0.04133337
127000	-707.5017	-690.8892	-16.61247	0.2845385	0.996946	0.000478378	0.00257562	0.02512397
127200	-709.4118	-690.811	-18.60076	0.3134264	0.993923	0.00507384	0.00100355	0.1598448
127400	-718.1482	-700.8042	-17.34405	0.3171247	0.964345	0.0340521	0.00160333	0.05995855
127600	-707.4673	-690.6625	-16.80482	0.3282972	0.997597	0.00171925	0.000684008	0.006224116
127800	-708.7033	-691.6622	-17.04112	0.2964085	0.996078	0.000905128	0.00301653	0.05046064
128000	-707.6685	-691.0378	-16.6307	0.3155993	0.999582	0.000328047	8.96165e-05	0.002215808
128200	-710.988	-692.8546	-18.13343	0.2887133	0.987615	0.000143732	0.0122409	0.1450428
128400	-712.3579	-695.2944	-17.0635	0.3311535	0.987235	0.00468942	0.00807514	0.02535871
128600	-710.0841	-693.2195	-16.86464	0.2947755	0.996502	0.0019719	0.00152614	0.03737898
128800	-711.7609	-692.5886	-19.17228	0.3147761	0.993297	0.00475125	0.00195178	0.2121078
129000	-714.9063	-697.5492	-17.35708	0.3227294	0.992741	0.00641134	0.000847378	0.05630186
129200	-707.856	-689.8554	-18.00062	0.3233249	0.995652	0.00117608	0.00317236	0.106076
129400	-708.4428	-690.7008	-17.74195	0.3251438	0.993943	0.00542467	0.000632377	0.08277597
129600	-715.9122	-698.1773	-17.73494	0.3412294	0.997156	0.00102894	0.00181501	0.07333033
129800	-714.2796	-695.1551	-19.12449	0.32405	0.997324	0.00138968	0.00128628	0.1973385
130000	-708.2467	-691.4768	-16.76993	0.3034283	0.996651	0.00269444	0.000654522	0.02282733
130200	-714.1387	-695.7363	-18.40239	0.3447076	0.991445	0.00261812	0.00593732	0.1227537
130400	-717.5268	-700.9529	-16.57396	0.3113417	0.994228	0.000105169	0.00566657	0.001085698
130600	-710.8847	-693.048	-17.83667	0.3084261	0.998708	0.000799601	0.000492805	0.1063389
130800	-712.358	-695.212	-17.14599	0.3391119	0.994376	0.0018272	0.00379695	0.02541754
131000	-705.6902	-689.0014	-16.68886	0.3106229	0.997003	0.000207143	0.00278937	0.01093716
131200	-715.2257	-699.017	-16.20871	0.2731935	0.997477	9.11557e-05	0.00243205	0.002373078
131400	-715.9338	-699.2423	-16.69153	0.3231186	0.988994	0.00312264	0.00788316	0.001092249
131600	-715.8739	-699.2734	-16.60049	0.2970405	0.993696	0.00437491	0.00192895	0.01443965
131800	-719.891	-702.5871	-17.30386	0.2988153	0.980965	0.00406323	0.0149718	0.06850752
132000	-715.6646	-698.9445	-16.72011	0.2893903	0.993377	0.00634305	0.000280374	0.03082035
132200	-712.0581	-694.7664	-17.29176	0.2848726	0.993115	0.00276101	0.00412434	0.0814917
132400	-709.9396	-691.4899	-18.44972	0.2988202	0.990598	0.00914623	0.000255445	0.1612579
132600	-714.1227	-696.3145	-17.80828	0.2938063	0.99695	0.00110419	0.00194553	0.1161361
132800	-715.5357	-697.1059	-18.4298	0.2903541	0.992959	0.00396449	0.00307609	0.1741158
133000	-708.3315	-691.2116	-17.11989	0.3025944	0.997253	0.00158958	0.00115719	0.05237614
133200	-707.3896	-689.7608	-17.62874	0.3019067	0.99763	0.00188285	0.000486698	0.09407266
133400	-711.8606	-694.2671	-17.59348	0.3078175	0.990187	0.00775211	0.00206128	0.08547636
133600	-709.2584	-692.6842	-16.5742	0.3025761	0.993924	0.00568123	0.000394909	0.008333838
133800	-710.8963	-691.9417	-18.95459	0.2759639	0.996244	0.00321101	0.00054544	0.216287
134000	-709.9979	-692.9827	-17.01518	0.3198203	0.995548	0.00141352	0.00303807	0.02986178
134200	-711.246	-694.6593	-16.58668	0.2969423	0.994444	0.00322547	0.00233098	0.01415779
134400	-711.8626	-695.2496	-16.61304	0.3068767	0.992215	0.00395529	0.00382931	0.00797785
134600	-715.2775	-699.2902	-15.98729	0.2520302	0.99445	0.00507326	0.000476907	0.0016502
134800	-713.6986	-697.1142	-16.58439	0.2957428	0.97982	0.00837885	0.0118014	0.01441993
135000	-714.8433	-695.2334	-19.60995	0.2902642	0.992274	0.00361268	0.00411373	0.2688911
135200	-708.5652	-692.063	-16.5022	0.2814612	0.989301	0.00806907	0.00262946	0.01910219
135400	-713.3286	-694.3303	-18.99826	0.3174525	0.994101	0.00380514	0.0020938	0.19506
135600	-709.4743	-690.9069	-18.56741	0.2867609	0.998568	0.000816494	0.000615475	0.1807402
135800	-706.1587	-687.9598	-18.19891	0.3034918	0.996445	0.00137845	0.00217649	0.1339284
136000	-708.1963	-691.7234	-16.47286	0.286811	0.985493	0.00745587	0.0070513	0.01269585
136200	-706.8588	-690.4462	-16.41257	0.2937136	0.994337	0.00372337	0.00194004	0.002323574
136400	-708.9495	-692.3068	-16.64273	0.2870242	0.999121	0.000508843	0.000370572	0.02611166
136600	-712.5865	-696.0172	-16.5693	0.2967106	0.999221	0.000764727	1.4476e-05	0.01253072
136800	-707.1377	-689.366	-17.77171	0.2905533	0.998459	0.00120303	0.000337696	0.1175671
137000	-722.9749	-705.0545	-17.92046	0.2532577	0.991187	0.00618827	0.00262433	0.1555451
137200	-712.6355	-695.7538	-16.88169	0.2897221	0.998787	0.00022085	0.000992164	0.04408237
137400	-710.1146	-692.2497	-17.86491	0.3134101	0.989546	0.00864499	0.00180893	0.1038933
137600	-717.3184	-697.4476	-19.87073	0.3176169	0.990138	0.00389464	0.00596781	0.2704716
137800	-708.4842	-690.8228	-17.66133	0.3055626	0.997421	0.00135001	0.00122893	0.09209185
138000	-705.6421	-688.9445	-16.69763	0.2830872	0.997583	0.00160177	0.000815693	0.03366817
138200	-707.4185	-691.009	-16.40953	0.2901027	0.999031	9.82993e-05	0.000871109	0.004894273
138400	-709.2084	-692.9079	-16.30055	0.284151	0.997319	0.00141056	0.00127082	0.0009641625
138600	-708.689	-691.7708	-16.91821	0.2870738	0.995143	0.00104072	0.00381601	0.0502491
138800	-711.436	-691.9724	-19.46363	0.3185161	0.996698	0.00206299	0.001239	0.2260778
139000	-705.7774	-688.9246	-16.85282	0.3003122	0.994631	0.00208366	0.00328565	0.03251084
139200	-704.3238	-687.4477	-16.87611	0.3131016	0.999255	0.000674188	7.08868e-05	0.02374082
139400	-712.107	-694.8048	-17.30223	0.298993	0.994106	0.00243317	0.00346118	0.06902073
139600	-716.5948	-700.2084	-16.38644	0.2613006	0.989743	0.00291549	0.00734143	0.02597859
139800	-709.5845	-691.7427	-17.84183	0.3009611	0.99673	0.00317413	9.58601e-05	0.1123399
140000	-708.9738	-690.4897	-18.4841	0.3123538	0.997039	0.00263791	0.000322604	0.1508713
140200	-718.8958	-698.8339	-20.06196	0.3065607	0.994792	0.00310761	0.00210063	0.2769043
140400	-710.6016	-693.1416	-17.45998	0.3161364	0.995087	0.00310834	0.00180495	0.07053737
140600	-709.2657	-692.6607	-16.60503	0.3094835	0.997401	0.000419419	0.00217934	0.005280958
140800	-713.4182	-695.081	-18.33721	0.2885784	0.993212	0.0051369	0.00165118	0.1645913
141000	-711.6439	-694.9323	-16.7116	0.2917911	0.985095	0.011185	0.00371956	0.02767327
141200	-709.5984	-692.7298	-16.86861	0.294215	0.99527	0.00165141	0.00307893	0.03851097
141400	-712.6921	-695.2108	-17.4813	0.2782458	0.996533	0.00320103	0.00026619	0.103692
141600	-706.8147	-690.3712	-16.44354	0.2845484	0.994096	0.000809203	0.0050952	0.01189204
141800	-714.8883	-698.0666	-16.8217	0.3027451	0.986697	0.00333017	0.00997303	0.02853936
142000	-713.1132	-695.9038	-17.20934	0.3367845	0.991927	0.00123985	0.00683314	0.03155156
142200	-712.3537	-695.7805	-16.5732	0.3092918	0.988989	0.00914073	0.0018704	0.002657481
142400	-712.2894	-695.4005	-16.88888	0.3346971	0.992304	0.00635909	0.00133647	0.007992589
142600	-718.8675	-700.7995	-18.06794	0.3086927	0.993907	0.00314091	0.00295189	0.121522
142800	-712.1282	-691.6913	-20.4369	0.2986591	0.994272	0.000733071	0.0049951	0.3149796
143000	-713.9583	-697.5845	-16.37378	0.2768991	0.988713	0.00717278	0.00411436	0.0132489
143200	-707.3905	-690.2658	-17.12474	0.3164168	0.993009	0.00268493	0.00430625	0.04167594
143400	-708.9303	-691.3689	-17.5614	0.2986055	0.998655	0.000629169	0.000716243	0.09032071
143600	-709.0113	-692.3839	-16.62736	0.3105171	0.996201	0.00322561	0.000573868	0.006116268
143800	-713.6332	-696.7305	-16.90265	0.2843556	0.993222	0.00318598	0.00359237	0.04761453
144000	-710.4457	-693.4964	-16.94925	0.3231083	0.994636	0.0046477	0.000715842	0.02255198
144200	-712.0823	-693.6812	-18.40111	0.2992314	0.98999	0.00489559	0.00511472	0.1542998
144400	-714.5773	-697.4491	-17.12817	0.3261275	0.983139	0.00412096	0.0127401	0.03437629
144600	-714.3288	-697.4103	-16.91856	0.2805725	0.991965	0.00108505	0.00694963	0.05599277
144800	-710.5556	-694.1074	-16.44817	0.2784011	0.992884	0.000962337	0.00615396	0.01766635
145000	-716.9963	-699.6807	-17.31562	0.3313568	0.980111	0.00226856	0.0176201	0.04522121
145200	-719.9567	-702.4813	-17.47533	0.3042547	0.999595	0.000224534	0.000180928	0.08056684
145400	-706.4297	-689.1745	-17.25526	0.3254386	0.997091	0.00136063	0.00154798	0.04422847
145600	-710.1509	-692.7745	-17.37643	0.2942062	0.997852	0.000948123	0.00119966	0.08171928
145800	-711.2544	-693.8827	-17.3718	0.3197656	0.986021	0.00139742	0.012582	0.05951167
146000	-712.9424	-695.6343	-17.30806	0.2877256	0.997552	0.00025813	0.00218967	0.0771454
146200	-710.0268	-692.7577	-17.26912	0.3084532	0.998566	0.00132008	0.000113965	0.06188933
146400	-714.0915	-696.7739	-17.31767	0.3238527	0.988269	0.0107277	0.00100331	0.05036014
146600	-707.0164	-690.1312	-16.88512	0.3164055	0.989741	0.00146099	0.00879776	0.02229687
146800	-709.7098	-692.2104	-17.49945	0.2742774	0.998931	0.000949218	0.00011949	0.1038376
147000	-710.304	-694.0433	-16.26066	0.2705554	0.988604	0.00639984	0.00499634	0.008611189
147200	-712.7721	-695.5061	-17.26596	0.278696	0.98204	0.0115068	0.00645297	0.08113134
147400	-716.1427	-696.8567	-19.28604	0.2531859	0.993518	0.00207204	0.00441024	0.2583232
147600	-709.3209	-692.9071	-16.41373	0.2961946	0.993831	0.0036922	0.00247631	0.0003902014
147800	-706.2413	-689.6357	-16.60562	0.2997618	0.99344	0.00149218	0.00506772	0.01279473
148000	-706.9969	-690.2101	-16.78683	0.2887693	0.998382	0.00158032	3.79603e-05	0.03675519
148200	-710.6672	-693.7372	-16.93001	0.3106062	0.99692	0.00129579	0.00178375	0.02990767
148400	-711.5092	-694.7144	-16.79479	0.3051949	0.991982	0.00266035	0.0053575	0.0239203
148600	-709.8452	-690.4844	-19.36081	0.3173453	0.996213	0.00132925	0.00245725	0.2228499
148800	-713.4213	-694.1085	-19.3128	0.3147927	0.985616	0.0117873	0.00259644	0.2163628
149000	-714.1943	-696.0283	-18.16601	0.3236517	0.997797	0.00103806	0.00116491	0.122103
149200	-714.3015	-696.5457	-17.75575	0.3023675	0.98833	0.00202203	0.00964812	0.1068298
149400	-711.7562	-694.5899	-17.16632	0.302408	0.992385	0.00756556	4.93511e-05	0.05528648
149600	-710.2633	-693.6441	-16.61922	0.2710788	0.993219	0.000327395	0.00645368	0.03693787
149800	-713.0372	-691.4547	-21.58255	0.2952748	0.983977	0.00372227	0.0123004	0.4180793
150000	-715.1227	-697.0786	-18.04416	0.3039695	0.980789	0.00390695	0.0153039	0.126121
150200	-714.6257	-697.5204	-17.10527	0.3177923	0.991179	0.00862739	0.00019401	0.03978586
150400	-712.9118	-695.6953	-17.21645	0.2806297	0.999328	0.000198857	0.000473333	0.07714586
150600	-705.7142	-689.1282	-16.58592	0.2987456	0.999501	0.000180037	0.000319176	0.01214601
150800	-716.8995	-700.1271	-16.77247	0.3206508	0.99297	0.00201805	0.00501173	0.0096059
151000	-711.013	-691.9181	-19.0949	0.3022743	0.997003	0.0025886	0.000408643	0.2106662
151200	-710.1273	-693.2409	-16.88644	0.3154512	0.997123	0.000208882	0.00266786	0.02305224
151400	-712.7238	-690.1503	-22.57354	0.3210016	0.994187	0.00405438	0.00175837	0.4613851
151600	-719.4493	-702.1372	-17.31204	0.38053	0.986419	0.0115594	0.0020213	0.004807438
151800	-710.2299	-692.9824	-17.24751	0.2875398	0.992733	0.00129462	0.00597231	0.07416467
152000	-719.2033	-701.7943	-17.40892	0.3627199	0.997177	0.00281463	8.17565e-06	0.02946557
152200	-712.6852	-694.2096	-18.47567	0.3206263	0.992052	0.00315872	0.00478884	0.151055
152400	-705.6706	-689.1358	-16.53482	0.2939609	0.992908	0.00448193	0.00261006	0.01185552
152600	-710.1719	-692.8333	-17.33861	0.3166177	0.989506	0.00456104	0.00593332	0.05941419
152800	-709.1945	-692.3805	-16.81397	0.2892898	0.983913	0.013266	0.0028215	0.03758477
153000	-710.9128	-693.7464	-17.16644	0.3369223	0.999385	0.000313975	0.000301456	0.02924207
153200	-717.3636	-700.0411	-17.32258	0.3069164	0.996295	0.00155832	0.00214692	0.06392486
153400	-711.1298	-694.568	-16.5618	0.2992753	0.999614	0.000342995	4.34756e-05	0.009902267
153600	-709.1566	-692.7032	-16.4534	0.2997916	0.997234	0.0015649	0.00120079	0.0006801793
153800	-710.9526	-693.674	-17.27858	0.3398375	0.996186	0.00213856	0.00167539	0.0346066
154000	-713.9489	-694.6219	-19.32699	0.3230833	0.988391	0.0101621	0.00144731	0.2105977
154200	-712.9474	-695.2368	-17.71055	0.317751	0.999303	0.00023065	0.000466547	0.08397498
154400	-708.18	-691.6364	-16.54352	0.2919035	0.997705	0.00131272	0.00098213	0.01463055
154600	-708.8675	-691.4269	-17.44059	0.2956747	0.995373	0.00199193	0.00263511	0.08321495
154800	-708.5637	-691.8983	-16.66545	0.3094274	0.984334	0.000571105	0.0150948	0.01003621
155000	-709.9576	-693.1271	-16.83053	0.2905413	0.9941	0.00128492	0.00461524	0.03914763
155200	-717.1285	-700.0825	-17.04603	0.3148269	0.984428	0.0133605	0.00221182	0.03538306
155400	-713.3711	-696.5566	-16.81444	0.2589058	0.986852	0.00753086	0.00561679	0.06192218
155600	-707.72	-690.5331	-17.1869	0.3096659	0.997393	0.00117554	0.00143166	0.05448961
155800	-712.5384	-695.9372	-16.60122	0.3059828	0.990001	0.00155901	0.00844029	0.007785959
156000	-710.4932	-693.9933	-16.49995	0.3020473	0.997131	0.000180459	0.00268886	0.002632703
156200	-714.7196	-695.8684	-18.85113	0.323424	0.994476	0.00387261	0.00165184	0.1786863
156400	-712.1046	-695.1768	-16.92787	0.3071429	0.991354	0.008201	0.000445242	0.03395882
156600	-712.717	-695.4262	-17.29073	0.3049896	0.991069	0.00648663	0.00244444	0.06655008
156800	-714.4184	-697.5702	-16.84813	0.302009	0.996663	0.000304651	0.00303194	0.03106983
157000	-705.7147	-689.0798	-16.63495	0.3129495	0.990702	0.00824908	0.00104858	0.004684745
157200	-710.3446	-693.768	-16.57663	0.2857587	0.995944	0.00242972	0.00162598	0.02182838
157400	-711.2847	-694.7891	-16.49561	0.2899953	0.994296	0.00335121	0.00235292	0.01218218
157600	-709.5331	-691.5631	-17.97005	0.3306894	0.996058	0.00153344	0.00240872	0.100676
157800	-715.5711	-699.1166	-16.45451	0.2888298	0.980334	0.0177828	0.00188307	0.009702177
158000	-708.7249	-691.7769	-16.94796	0.3030021	0.991666	0.00443098	0.0039029	0.03743454
158200	-715.1694	-697.2709	-17.89843	0.3194439	0.989382	0.00934292	0.0012753	0.09971959
158400	-704.868	-688.2731	-16.59488	0.2920293	0.994943	0.00312437	0.00193265	0.01777006
158600	-708.8828	-692.0726	-16.81014	0.29445	0.992202	0.00537758	0.00242072	0.03395235
158800	-715.8502	-697.1847	-18.66551	0.3127467	0.991642	0.00480276	0.00355561	0.1699419
159000	-716.8303	-700.0996	-16.73064	0.2820752	0.987722	0.00100241	0.0112759	0.03724199
159200	-710.5613	-693.7328	-16.82855	0.2975292	0.995957	0.000583849	0.00345925	0.0340277
159400	-707.0737	-690.1807	-16.893	0.3310932	0.994435	0.00516246	0.00040226	0.01108923
159600	-711.6213	-693.5073	-18.11402	0.3278691	0.996888	0.00297419	0.00013767	0.1124026
159800	-708.0953	-691.28	-16.81531	0.2895442	0.998243	0.00140631	0.000350317	0.03792039
160000	-715.9877	-697.6988	-18.28889	0.2902801	0.985046	0.00700877	0.0079453	0.1599118
160200	-715.2279	-698.0414	-17.1865	0.3338007	0.999468	0.000122207	0.000409589	0.03349143
160400	-711.8886	-695.4335	-16.45515	0.3002024	0.990414	0.00774493	0.00184136	0.0005072675
160600	-710.4519	-692.6314	-17.82051	0.3171799	0.995888	0.00247368	0.00163793	0.09751352
160800	-712.0981	-693.0571	-19.04098	0.3079884	0.997981	0.00030977	0.00170883	0.2110694
161000	-710.8975	-693.1965	-17.70094	0.2858615	0.9903	0.00141876	0.00828135	0.1122039
161200	-711.8928	-695.4043	-16.4885	0.2928619	0.995119	0.00372889	0.00115194	0.009261683
161400	-710.9977	-694.2553	-16.74245	0.312434	0.994102	0.00329047	0.00260721	0.01393409
161600	-712.7299	-695.5128	-17.21712	0.3295408	0.989891	0.00953241	0.000576311	0.03814247
161800	-707.1535	-689.6966	-17.45689	0.3328793	0.995884	0.00290498	0.00121062	0.05758406
162000	-711.8759	-695.1859	-16.69	0.2959361	0.989181	0.00342364	0.00739501	0.02234834
162200	-713.7224	-695.7999	-17.92252	0.3138467	0.994015	0.000732043	0.00525344	0.1106877
162400	-711.138	-693.6222	-17.51584	0.2815559	0.998623	0.000512075	0.000864802	0.1021161
162600	-708.4117	-691.4077	-17.00395	0.3138269	0.996197	0.00378077	2.26825e-05	0.03441583
162800	-709.2587	-690.901	-18.35777	0.2739906	0.992713	0.00354982	0.00373724	0.1739617
163000	-713.1383	-695.7197	-17.41854	0.2941159	0.994854	0.00484747	0.000298801	0.0823093
163200	-716.5249	-698.2938	-18.23108	0.3116046	0.99575	0.00389275	0.000357432	0.1299315
163400	-707.9176	-690.9753	-16.94231	0.3254217	0.991933	0.00784667	0.000220783	0.01922244
163600	-706.652	-689.7703	-16.88168	0.3014954	0.997941	0.00139585	0.000663079	0.03304202
163800	-709.1993	-692.417	-16.78228	0.2672883	0.991823	0.00590935	0.00226784	0.05265878
164000	-715.4722	-698.7005	-16.77175	0.3000348	0.996577	0.0010115	0.00241124	0.0255341
164200	-704.1852	-687.5873	-16.5979	0.3004323	0.994977	0.00151211	0.003511	0.01176604
164400	-711.9879	-695.4772	-16.51067	0.3056383	0.990496	0.00485553	0.00464822	0.000588428
164600	-712.4997	-692.3516	-20.14811	0.299292	0.995243	0.00135965	0.00339746	0.2948039
164800	-710.7455	-693.7761	-16.96935	0.2927177	0.992738	0.00534028	0.00192156	0.04770374
165000	-717.2285	-700.0238	-17.20473	0.2902142	0.994972	0.00440074	0.000627305	0.06952712
165200	-713.1181	-694.0591	-19.05896	0.3185603	0.996436	0.000964339	0.00259978	0.197608
165400	-708.4857	-691.7743	-16.7114	0.2953257	0.991054	0.00320774	0.00573868	0.0247847
165600	-709.6513	-691.5003	-18.15106	0.2842282	0.997461	0.000379645	0.00215967	0.1459442
165800	-707.2573	-690.078	-17.17927	0.3009006	0.99951	0.00022547	0.000265025	0.05710013
166000	-715.9287	-697.088	-18.84069	0.3520901	0.993225	0.00617428	0.000600331	0.1487953
166200	-707.7053	-690.8769	-16.82837	0.2982108	0.992681	0.00725817	6.09476e-05	0.03237774
166400	-716.2647	-699.1426	-17.12214	0.2814686	0.995007	0.00223819	0.00275478	0.0713245
166600	-711.4087	-694.592	-16.81674	0.2971708	0.990379	0.00589161	0.00372921	0.03256337
166800	-710.0562	-690.875	-19.18115	0.3178091	0.995986	0.000513576	0.00350053	0.2028358
167000	-709.7183	-692.4725	-17.2458	0.3127645	0.997515	0.0014342	0.00105109	0.05315676
167200	-709.8665	-692.6292	-17.23735	0.3213626	0.994577	0.00494072	0.000482752	0.04741071
167400	-712.8076	-695.6857	-17.12193	0.3390178	0.993375	0.0043422	0.00228245	0.02398152
167600	-716.1589	-699.3176	-16.84137	0.2714514	0.999231	0.000413396	0.000355869	0.05449116
167800	-710.5019	-692.0954	-18.40651	0.319472	0.995935	0.00371225	0.000353092	0.1372185
168000	-708.8079	-690.8069	-18.00094	0.2900685	0.997306	0.000544566	0.00214961	0.132973
168200	-714.8892	-698.1989	-16.69031	0.2969719	0.993241	0.00674555	1.33242e-05	0.02206853
168400	-707.4577	-690.4773	-16.9804	0.3012454	0.994304	0.00523243	0.000463477	0.04144851
168600	-716.4467	-696.143	-20.30375	0.3186205	0.988468	0.00593864	0.00559349	0.2918265
168800	-708.5303	-691.4361	-17.09413	0.3179913	0.998894	0.000369255	0.000737103	0.03911014
169000	-709.5149	-691.7787	-17.73619	0.3047414	0.998241	0.00118193	0.000576868	0.09694654
169200	-712.7785	-695.4925	-17.28604	0.3270966	0.989969	0.00995054	8.01697e-05	0.04690858
169400	-708.5783	-691.9825	-16.5958	0.3125142	0.990438	0.00503695	0.00452506	0.001916887
169600	-712.5043	-695.4506	-17.05367	0.3234654	0.993381	0.0019399	0.00467882	0.03031186
169800	-706.6015	-689.8277	-16.7738	0.3066486	0.993707	0.00614193	0.000151426	0.02148184
170000	-706.8705	-689.7655	-17.105	0.2835191	0.996809	0.000383127	0.00280805	0.06628311
170200	-714.9398	-696.9654	-17.97442	0.3193121	0.993166	0.0031094	0.00372465	0.1063801
170400	-713.1377	-696.2036	-16.93411	0.2824974	0.996295	0.00329147	0.000413866	0.05258337
170600	-713.6057	-695.9551	-17.65058	0.3079996	0.989227	0.00884098	0.00193179	0.09082229
170800	-710.4504	-693.5509	-16.8995	0.2977999	0.995976	0.00271674	0.0013077	0.03704993
171000	-709.6033	-692.7872	-16.81603	0.3017124	0.995095	0.00452048	0.00038456	0.02830541
171200	-713.2147	-696.2203	-16.99442	0.2894823	0.990575	0.00142289	0.00800223	0.05438549
171400	-706.5516	-689.9454	-16.60622	0.2993639	0.992553	0.0059618	0.00148481	0.01335786
171600	-713.6133	-696.4171	-17.19621	0.3123824	0.980463	0.0127427	0.00679394	0.05151925
171800	-710.2184	-693.8794	-16.33897	0.2755748	0.998026	0.00121926	0.000755124	0.01134751
172000	-712.0212	-694.1131	-17.9082	0.3267605	0.99252	0.000341674	0.00713843	0.09603335
172200	-709.4103	-692.0051	-17.40522	0.3161758	0.998133	0.000148412	0.00171884	0.06375188
172400	-706.9053	-689.4905	-17.41481	0.300965	0.998298	0.00114628	0.000556159	0.07574546
172600	-711.1964	-694.2297	-16.96665	0.3032667	0.995366	0.00318356	0.00145071	0.03877139
172800	-711.8931	-693.663	-18.23015	0.2879277	0.996294	0.00015502	0.00355097	0.1551351
173000	-710.2459	-692.177	-18.06886	0.327326	0.996692	0.00259756	0.000710704	0.1058315
173200	-712.8307	-695.6681	-17.16253	0.285207	0.998705	0.00046125	0.000833741	0.06926439
173400	-714.824	-698.0126	-16.81136	0.2613259	0.992334	0.00661899	0.00104746	0.0627312
173600	-710.7566	-693.7213	-17.03538	0.322312	0.994471	0.00142069	0.00410865	0.02988584
173800	-710.3978	-693.7058	-16.69202	0.2875654	0.995417	0.000454453	0.0041285	0.02915841
174000	-712.5559	-694.3615	-18.19439	0.325168	0.988001	0.00537268	0.00662616	0.1194079
174200	-711.4647	-694.506	-16.95874	0.3021135	0.996649	0.00263443	0.000716267	0.0382382
174400	-710.5058	-692.4255	-18.08037	0.3095048	0.992471	0.00291656	0.00461291	0.1227925
174600	-714.0843	-697.4419	-16.64245	0.2984989	0.980367	0.014203	0.00542985	0.01709357
174800	-714.4245	-697.0145	-17.41007	0.3138448	0.992309	0.00418279	0.00350846	0.06830581
175000	-714.5526	-698.0162	-16.53637	0.3019756	0.994187	0.000992625	0.0048208	0.005784021
175200	-712.3069	-695.6727	-16.63418	0.2834819	0.99571	0.00384431	0.000445267	0.02825129
175400	-714.9745	-696.8058	-18.16874	0.2857567	0.992371	0.00341396	0.00421465	0.1505378
175600	-710.4633	-693.9449	-16.51839	0.2697163	0.997741	0.00209567	0.000163218	0.0291923
175800	-709.118	-692.2838	-16.83419	0.3256216	0.987563	0.00197076	0.0104667	0.01045337
176000	-711.5478	-694.8768	-16.671	0.3176501	0.984028	0.00556735	0.0104043	0.003930774
176200	-709.3906	-691.6711	-17.7195	0.3051894	0.995027	0.000585537	0.00438729	0.09909817
176400	-719.6741	-702.3879	-17.28617	0.3001952	0.990913	0.00823466	0.000852667	0.06939283
176600	-710.8077	-692.5086	-18.29914	0.2968504	0.992602	0.00527284	0.00212502	0.1527704
176800	-708.2351	-691.7901	-16.44495	0.2833285	0.998153	0.000931302	0.00091529	0.01319307
177000	-709.2524	-691.7501	-17.50233	0.2927764	0.993042	0.00277038	0.00418799	0.09034046
177200	-711.6389	-694.4773	-17.16157	0.329696	0.997315	0.00135913	0.00132628	0.03463465
177400	-711.6816	-695.0029	-16.6787	0.2773538	0.994134	0.00335047	0.0025154	0.03768394
177600	-706.1248	-689.1936	-16.93117	0.3272695	0.993544	0.00430924	0.00214707	0.01668249
177800	-720.4563	-703.7489	-16.70741	0.3122032	0.991511	0.00445341	0.00403604	0.01138796
178000	-711.944	-694.6402	-17.30381	0.3064462	0.993119	0.00110612	0.00577441	0.06434322
178200	-710.3268	-693.2305	-17.09623	0.3297647	0.995108	0.00422443	0.000667584	0.02812821
178400	-703.6548	-686.9567	-16.6981	0.320194	0.99734	0.000920971	0.0017387	0.003926723
178600	-711.0106	-692.5429	-18.46767	0.3021949	0.995865	0.000124925	0.00400991	0.1580161
178800	-710.4615	-690.8684	-19.5931	0.3128897	0.99749	0.00107794	0.00143253	0.2401232
179000	-717.9087	-698.0414	-19.86726	0.284452	0.993218	0.00337991	0.00340189	0.2874028
179200	-713.2747	-696.3802	-16.89453	0.30785	0.994234	0.00363125	0.00213462	0.03007921
179400	-709.8179	-693.0954	-16.72251	0.281985	0.991737	0.00206677	0.00619641	0.03655626
179600	-709.1271	-692.7048	-16.4223	0.277472	0.996233	0.000641797	0.00312497	0.01628521
179800	-705.7013	-689.0958	-16.60549	0.311195	0.995213	0.00196756	0.00281909	0.003783275
180000	-710.5327	-693.7337	-16.799	0.3263891	0.995902	0.000233921	0.00386371	0.007292973
180200	-708.5606	-691.9695	-16.59107	0.3132102	0.992579	0.00519639	0.00222481	0.0009899418
180400	-712.6587	-695.6707	-16.98804	0.2704026	0.988205	0.00109342	0.0107013	0.06755568
180600	-707.7533	-691.2774	-16.47591	0.2742014	0.99347	0.0037301	0.00279969	0.02336359
180800	-712.0561	-694.9123	-17.14382	0.2983581	0.980083	0.0140592	0.00585778	0.05661098
181000	-710.6631	-694.2629	-16.40021	0.2736603	0.987656	0.000509645	0.0118343	0.01755552
181200	-711.5106	-695.1895	-16.32112	0.268881	0.996883	0.00178179	0.00133477	0.01489287
181400	-712.3375	-694.941	-17.39653	0.2828362	0.99539	0.00446527	0.000144783	0.08878427
181600	-710.9498	-692.4125	-18.53733	0.3136249	0.997784	0.00181894	0.000397356	0.1588169
181800	-712.2097	-693.2019	-19.00779	0.3053711	0.991364	0.00551695	0.00311931	0.1968123
182000	-711.5116	-693.3879	-18.1237	0.3014475	0.999347	0.000314224	0.000339185	0.1375802
182200	-711.7608	-694.6852	-17.07559	0.2757024	0.996289	0.00291967	0.000791718	0.0698298
182400	-711.5084	-692.8178	-18.69053	0.2943799	0.992098	0.00428036	0.00362182	0.1890571
182600	-719.4622	-699.9801	-19.48219	0.3195894	0.971306	0.00275556	0.0259384	0.2263817
182800	-709.4762	-692.9785	-16.49768	0.3012067	0.986916	0.00800327	0.00508025	0.003159736
183000	-712.9365	-696.0079	-16.92865	0.3138671	0.986498	0.0111427	0.00235951	0.02700277
183200	-711.4643	-693.767	-17.6973	0.2915118	0.995787	0.000586324	0.0036266	0.1133286
183400	-708.4809	-691.758	-16.72282	0.3038213	0.99813	0.00041186	0.00145833	0.01906776
183600	-711.8742	-694.736	-17.13825	0.3381308	0.992706	0.00354421	0.00374941	0.02536924
183800	-706.2637	-689.7505	-16.51314	0.2820361	0.997744	0.00192907	0.000326629	0.02000927
184000	-710.7741	-693.4232	-17.35088	0.306225	0.993307	0.0019964	0.00469671	0.06877546
184200	-708.826	-691.299	-17.527	0.3172376	0.992112	0.00505199	0.00283597	0.074099
184400	-718.0278	-701.2818	-16.74598	0.3271239	0.976086	0.0144747	0.00943983	0.00231371
184600	-711.25	-693.8584	-17.39162	0.3152606	0.996641	0.00113172	0.00222756	0.06343285
184800	-707.9658	-690.6492	-17.31667	0.3257031	0.994576	0.000492298	0.00493165	0.04956118
185000	-710.0518	-693.0796	-16.9722	0.3005862	0.993764	0.0016381	0.00459835	0.04153793
185200	-712.3716	-694.8495	-17.5222	0.29507	0.99692	0.000318019	0.00276206	0.09119381
185400	-710.4375	-693.436	-17.00151	0.3317397	0.992609	0.00285669	0.00453381	0.01972831
185600	-710.1825	-691.8351	-18.34737	0.3203287	0.995719	0.00243978	0.00184094	0.1387447
185800	-718.4804	-701.4858	-16.99458	0.3212292	0.990279	0.00521896	0.00450247	0.02754834
186000	-711.5362	-694.651	-16.88519	0.3029379	0.986476	0.00499635	0.00852786	0.03321851
186200	-713.0172	-695.6324	-17.3848	0.3132349	0.995642	0.000559013	0.00379855	0.06790782
186400	-710.2362	-693.8296	-16.40654	0.291118	0.998514	0.00127187	0.000214372	0.003847509
186600	-723.1623	-706.4454	-16.71687	0.2838213	0.990577	0.00750531	0.00191748	0.03549637
186800	-718.326	-700.9936	-17.33239	0.3467371	0.969756	0.00478115	0.0254632	0.03490008
187000	-711.5832	-691.9154	-19.66772	0.3374003	0.997343	0.00124479	0.00141264	0.232597
187200	-715.3496	-695.6533	-19.69625	0.3216015	0.990257	0.00183493	0.00790842	0.2422016
187400	-717.0134	-698.6594	-18.35402	0.3096572	0.991728	0.00624797	0.0020239	0.1473471
187600	-710.8991	-694.1383	-16.76076	0.3225361	0.98154	0.00466067	0.0137997	0.007234652
187800	-709.1557	-691.8663	-17.28941	0.3164478	0.995601	0.000406147	0.00399289	0.05515456
188000	-712.9599	-695.7899	-17.17002	0.3051042	0.994476	0.00351196	0.00201197	0.05489632
188200	-705.0562	-688.079	-16.97719	0.2949359	0.995141	0.00326478	0.00159401	0.04602567
188400	-710.4193	-693.7583	-16.66102	0.2768234	0.99355	0.00565428	0.000795374	0.03612833
188600	-706.3894	-688.9785	-17.41089	0.3104933	0.998007	0.000765287	0.00122753	0.06832241
188800	-723.7983	-704.501	-19.29727	0.2976458	0.985282	0.00469794	0.0100197	0.2303272
189000	-712.2626	-695.3245	-16.93807	0.3139657	0.98993	0.00245113	0.00761929	0.02923409
189200	-705.4114	-688.5323	-16.87914	0.328364	0.996672	0.00319981	0.00012857	0.01207203
189400	-710.6632	-693.4767	-17.18646	0.2758485	0.981579	0.00883175	0.00958878	0.07875575
189600	-712.3798	-694.0743	-18.30551	0.3178606	0.99163	0.00266148	0.00570817	0.132928
189800	-715.3757	-697.0424	-18.3333	0.2976529	0.998779	0.000236518	0.000984654	0.151228
190000	-708.5151	-691.3752	-17.13998	0.282694	0.99642	0.00233462	0.00124506	0.0687594
190200	-713.1564	-695.6637	-17.49272	0.3541406	0.995631	0.00143835	0.00293075	0.04078929
190400	-718.105	-699.818	-18.28697	0.3141691	0.994622	0.000430712	0.00494771	0.1346514
190600	-716.0053	-699.0422	-16.9631	0.3139555	0.981765	0.00629109	0.0119443	0.0312352
190800	-713.8036	-696.9587	-16.84489	0.328423	0.989816	0.00775925	0.00242461	0.009350678
191000	-712.4773	-695.182	-17.29526	0.3093433	0.987994	0.00769754	0.00430887	0.06249206
191200	-717.5973	-697.9062	-19.69113	0.3368553	0.991611	0.00568336	0.00270562	0.2334334
191400	-713.287	-696.2424	-17.04467	0.3273629	0.989066	0.00874628	0.00218732	0.02621518
191600	-714.5111	-697.2717	-17.23941	0.3044561	0.97604	0.0178018	0.00615782	0.05964664
191800	-721.1854	-703.9996	-17.18587	0.3197713	0.992582	0.00451236	0.0029052	0.04464563
192000	-713.9091	-695.4403	-18.46887	0.2945407	0.993046	0.00320572	0.00374837	0.1701939
192200	-715.9499	-694.6651	-21.28477	0.3061771	0.995663	0.00351389	0.000822862	0.3915544
192400	-708.176	-691.3883	-16.78775	0.320132	0.99618	0.00138449	0.00243563	0.01133481
192600	-707.5135	-690.2451	-17.26843	0.3263052	0.993412	0.00572241	0.000865525	0.04410241
192800	-710.083	-693.1664	-16.91663	0.3310916	0.994991	0.00447045	0.000538897	0.0126376
193000	-710.5014	-693.3651	-17.13635	0.27564	0.991709	0.0071252	0.00116575	0.07493986
193200	-706.9893	-689.7101	-17.2792	0.33401	0.999186	0.000178786	0.000634796	0.04029083
193400	-712.0074	-694.9904	-17.01699	0.3026667	0.984902	0.010446	0.00465228	0.04379981
193600	-713.2884	-696.3848	-16.90364	0.3204648	0.998615	0.000216981	0.00116844	0.02064877
193800	-712.5531	-694.5939	-17.95918	0.2999931	0.994264	0.00524066	0.000495809	0.1219003
194000	-715.9034	-699.4104	-16.49304	0.2785922	0.98722	0.00341796	0.00936233	0.02092782
194200	-719.1023	-699.3771	-19.72523	0.2814006	0.976361	0.000232959	0.0234062	0.2789946
194400	-713.429	-696.1851	-17.24391	0.3046174	0.994001	0.00198755	0.00401147	0.05945451
194600	-710.2136	-692.8221	-17.39156	0.3135461	0.998417	0.00131606	0.000266553	0.06415389
194800	-713.2061	-696.4141	-16.79198	0.2952791	0.995829	0.000448263	0.00372237	0.03173988
195000	-713.6804	-695.8207	-17.85971	0.3328922	0.989959	0.0084879	0.00155304	0.08968578
195200	-714.2937	-697.4377	-16.85602	0.2925256	0.995631	0.000803191	0.00356562	0.03941145
195400	-707.8547	-690.8656	-16.98912	0.3087189	0.997755	0.000212821	0.00203256	0.03633467
195600	-713.8649	-696.3548	-17.51019	0.2812546	0.98784	0.00999947	0.00216069	0.1018444
195800	-714.9138	-696.0348	-18.87903	0.343611	0.980788	0.0138396	0.0053728	0.1659371
196000	-713.7392	-696.5535	-17.18569	0.316115	0.992297	0.0071059	0.000596748	0.04627772
196200	-713.9634	-696.9389	-17.02449	0.2928321	0.987754	0.00367684	0.00856892	0.05210114
196400	-709.0797	-691.7195	-17.36019	0.3067485	0.99641	0.00166601	0.00192351	0.06855522
196600	-710.3367	-693.2473	-17.08935	0.2996593	0.996693	0.00325311	5.43309e-05	0.05336619
196800	-709.832	-691.2401	-18.59191	0.3361073	0.99787	0.000400894	0.00172892	0.1436558
197000	-712.4832	-695.6211	-16.86209	0.2569921	0.990754	0.00465276	0.00459335	0.06813188
197200	-710.6883	-693.2893	-17.39894	0.3166165	0.993178	0.000593102	0.00622923	0.06374646
197400	-710.1531	-693.0889	-17.06422	0.3041192	0.996729	0.0024131	0.000857574	0.046669
197600	-710.5034	-693.1365	-17.36699	0.2927634	0.990039	0.00316003	0.0068006	0.07836906
197800	-708.276	-691.1599	-17.11617	0.2930112	0.995335	0.000703274	0.00396222	0.05930478
198000	-713.7213	-696.7766	-16.94476	0.2502789	0.992606	0.00117467	0.00621906	0.08094946
198200	-710.7046	-693.034	-17.67062	0.3037772	0.994322	0.00402663	0.00165117	0.09561694
198400	-709.0137	-692.3129	-16.70085	0.3157167	0.997274	0.00051067	0.00221552	0.007748895
198600	-719.1036	-699.339	-19.7646	0.28866	0.996707	0.00119299	0.0021005	0.2821315
198800	-716.4993	-698.9349	-17.56446	0.3029014	0.992033	0.00357003	0.00439692	0.08578734
199000	-717.8325	-699.7336	-18.09886	0.3289186	0.98727	0.0106433	0.00208677	0.1092568
199200	-713.3812	-695.5022	-17.87901	0.2774006	0.993613	0.0013168	0.00507069	0.1368587
199400	-708.1632	-691.7645	-16.39868	0.2916728	0.99536	0.00161295	0.00302671	0.002821895
199600	-709.6687	-692.0208	-17.64791	0.2874581	0.993968	0.0028286	0.00320313	0.1044702
199800	-706.7066	-689.3102	-17.39642	0.2881088	0.998765	0.000496194	0.000739083	0.08471122
200000	-720.2491	-702.3591	-17.88994	0.3073706	0.994572	0.00379468	0.00163307	0.1134334
