Iteration	Posterior	Likelihood	Prior	branch_rates	q[1]	q[2]	q[3]	speciation_rate
0	-297.9472	-272.5488	-25.39847	2.252334	0.187432	0.011604	0.800964	0.5774552
200	-296.1068	-274.9236	-21.18323	2.39325	0.185674	0.188485	0.625841	0.03452478
400	-298.9903	-274.5733	-24.41701	2.728037	0.173092	0.368112	0.458796	0.02324259
600	-293.7706	-273.9553	-19.81528	2.231459	0.218214	0.0166314	0.765154	0.05902043
800	-292.6986	-276.7029	-15.99561	1.872103	0.22145	0.0159446	0.762606	0.03625063
1000	-296.3692	-280.7049	-15.66438	1.851865	0.230434	0.0462604	0.723306	0.0235668
1200	-296.611	-278.9607	-17.6503	1.954821	0.187457	0.0477008	0.764842	0.1153581
1400	-296.4278	-277.9619	-18.46594	2.025865	0.206202	0.0236464	0.770151	0.128533
1600	-291.9017	-278.9403	-12.96146	1.585369	0.23073	0.00623279	0.763038	0.0200493
1800	-299.3218	-274.3263	-24.99557	2.747436	0.171393	0.181193	0.647415	0.06233524
2000	-298.0893	-275.7039	-22.38538	2.453198	0.204695	0.0937532	0.701552	0.09470559
2200	-295.9893	-278.0884	-17.90084	1.965378	0.230713	0.0329791	0.736307	0.1319226
2400	-296.9127	-279.5723	-17.34041	2.04302	0.182371	0.131472	0.686157	0.00110196
2600	-298.2261	-279.6096	-18.61653	1.653613	0.211697	0.0134122	0.774891	0.4944412
2800	-293.8664	-276.9112	-16.95516	1.954239	0.211574	0.00636822	0.782057	0.05031551
3000	-297.0087	-270.0099	-26.99888	2.890679	0.147967	0.251767	0.600266	0.1177409
3200	-293.5497	-272.3587	-21.19106	2.398546	0.188798	0.00585979	0.805342	0.02978226
3400	-294.3571	-276.0251	-18.33198	1.995259	0.206315	0.0359373	0.757748	0.1442032
3600	-293.8655	-280.4761	-13.38935	1.584948	0.240042	0.00108011	0.758878	0.06178779
3800	-293.374	-279.3622	-14.01174	1.695684	0.23385	0.00195657	0.764193	0.01500726
4000	-292.6827	-278.4302	-14.2525	1.699896	0.244671	0.0199995	0.735329	0.03444116
4200	-296.8419	-278.994	-17.84786	2.041266	0.214184	0.132046	0.653769	0.05189282
4400	-294.7362	-280.6855	-14.05069	1.701522	0.205528	0.0616508	0.732821	0.01314328
4600	-293.8779	-277.0946	-16.78334	1.98742	0.189278	0.0730789	0.737643	0.0009958955
4800	-297.9018	-281.1073	-16.79443	1.983948	0.232888	0.055155	0.711957	0.005466346
5000	-293.0062	-275.2944	-17.71183	1.981867	0.227183	0.0108924	0.761924	0.09702489
5200	-295.238	-281.8744	-13.36354	1.622187	0.278801	0.0392007	0.681998	0.02368182
5400	-291.3632	-278.1747	-13.18847	1.623688	0.234955	0.0064137	0.758631	0.005087816
5600	-300.382	-265.2871	-35.09488	3.757792	0.104555	0.324957	0.570488	0.06275951
5800	-296.537	-282.1569	-14.38006	1.692329	0.19151	0.0309668	0.777524	0.05288084
6000	-295.4431	-275.054	-20.38916	2.106021	0.20711	0.00829122	0.784599	0.2376768
6200	-292.917	-277.289	-15.62801	1.785696	0.219338	0.0172397	0.763423	0.08427182
6400	-293.4761	-275.1797	-18.29645	2.072845	0.188496	0.0419454	0.769559	0.06525326
6600	-296.4521	-281.432	-15.02007	1.778573	0.257797	0.0702152	0.671987	0.03230414
6800	-294.701	-276.4088	-18.29228	2.01349	0.19024	0.0417895	0.76797	0.1227566
7000	-294.1625	-272.8695	-21.29295	2.411533	0.196302	0.0423392	0.761359	0.02728385
7200	-298.9041	-274.3512	-24.55293	2.752938	0.194013	0.345006	0.460981	0.0124936
7400	-294.6415	-275.0708	-19.57071	2.082741	0.181877	0.0168632	0.801259	0.1782012
7600	-292.2769	-275.043	-17.23386	2.011607	0.200058	0.00584753	0.794095	0.02126704
7800	-294.1704	-274.8106	-19.35981	2.162863	0.177903	0.0247062	0.797391	0.0816232
8000	-294.3843	-279.5648	-14.8195	1.763024	0.272306	0.0266478	0.701046	0.02816944
8200	-292.2538	-273.6015	-18.65228	2.132484	0.209851	0.0134514	0.776697	0.04179181
8400	-298.0326	-279.5891	-18.44347	2.003487	0.246084	0.0251633	0.728753	0.1453268
8600	-297.2271	-280.8913	-16.33572	1.922157	0.248173	0.0732423	0.678585	0.02104493
8800	-297.1429	-276.5798	-20.56314	2.364165	0.192345	0.280071	0.527584	0.002225916
9000	-294.1741	-276.9849	-17.18917	1.890905	0.232371	0.027351	0.740278	0.1331367
9200	-295.2521	-278.8665	-16.38565	1.747762	0.215557	0.0399696	0.744473	0.1950368
9400	-294.6149	-276.892	-17.72287	2.07663	0.230192	0.0398509	0.729957	0.005674939
9600	-294.6449	-279.0142	-15.63069	1.732177	0.21296	0.00130202	0.785738	0.1376512
9800	-295.9104	-272.0672	-23.84319	2.569292	0.201028	0.0351703	0.763802	0.1226592
10000	-293.8901	-274.3388	-19.55132	2.232062	0.208272	0.0443378	0.747391	0.03246531
10200	-294.9531	-272.7259	-22.22728	2.504319	0.14316	0.0181049	0.838735	0.02793838
10400	-292.3661	-275.5626	-16.80352	1.870252	0.21874	0.0014631	0.779797	0.1154261
10600	-293.4773	-274.3323	-19.145	2.210173	0.166303	0.0329213	0.800776	0.01410223
10800	-298.9164	-282.0852	-16.83124	1.597641	0.195325	0.00463729	0.800038	0.3835359
11000	-295.9718	-271.0927	-24.87913	2.74683	0.136271	0.0487681	0.814961	0.05016558
11200	-295.9724	-272.4722	-23.50011	2.630896	0.165455	0.247067	0.587478	0.02858675
11400	-295.5103	-277.9836	-17.52672	2.057835	0.20017	0.124788	0.675043	0.004842816
11600	-296.5279	-277.851	-18.67688	2.13112	0.227975	0.10119	0.670835	0.04601304
11800	-296.5304	-281.565	-14.96539	1.754401	0.268096	0.0704301	0.661474	0.05091023
12000	-300.3693	-270.5714	-29.79791	3.154742	0.147687	0.166962	0.685351	0.1315265
12200	-296.8343	-269.5118	-27.32249	3.02515	0.163751	0.203418	0.632831	0.01724359
12400	-295.602	-277.4496	-18.15245	2.071304	0.193587	0.0418921	0.764521	0.05312452
12600	-298.7935	-271.0354	-27.7581	2.867666	0.126279	0.0375558	0.836165	0.2134483
12800	-295.7075	-269.0521	-26.65531	2.933463	0.15428	0.152723	0.692997	0.04124724
13000	-297.0691	-275.7707	-21.29841	2.207617	0.159734	0.0693754	0.770891	0.2265068
13200	-292.5323	-274.2119	-18.32035	2.127487	0.202506	0.0359759	0.761518	0.01417254
13400	-297.2739	-273.3662	-23.90764	2.575339	0.185286	0.225465	0.589249	0.1235525
13600	-292.692	-274.2014	-18.49061	2.152714	0.199956	0.0107152	0.789329	0.006242175
13800	-295.126	-279.067	-16.05894	1.844362	0.230118	0.0672393	0.702643	0.06972622
14000	-294.8737	-281.9489	-12.92483	1.597773	0.259074	0.0443401	0.696586	0.004609509
14200	-296.8251	-282.8611	-13.964	1.583314	0.248597	0.0544197	0.696983	0.1189421
14400	-294.4057	-278.5242	-15.8815	1.719278	0.24067	0.0284097	0.73092	0.1735818
14600	-295.0454	-273.0274	-22.01805	2.404366	0.153379	0.0294484	0.817173	0.1049247
14800	-296.1902	-280.8369	-15.35327	1.512292	0.251031	0.000921761	0.748047	0.3206131
15000	-295.6358	-272.1207	-23.51509	2.603165	0.147393	0.0313569	0.82125	0.0574433
15200	-293.8758	-275.4295	-18.44623	2.05808	0.185784	0.0207994	0.793417	0.09435039
15400	-296.6285	-279.3644	-17.26406	2.012932	0.229975	0.173827	0.596198	0.02293201
15600	-296.2688	-273.8519	-22.41692	2.476009	0.217024	0.0522576	0.730718	0.07422687
15800	-295.8231	-277.6411	-18.18206	2.106409	0.18408	0.10184	0.71408	0.02152608
16000	-296.1606	-270.124	-26.0366	2.869074	0.153458	0.125912	0.72063	0.043804
16200	-294.9704	-280.2582	-14.71218	1.631577	0.274361	0.0120463	0.713593	0.1436217
16400	-294.6362	-274.0119	-20.62436	2.121231	0.214369	0.0217844	0.763847	0.244205
16600	-295.9375	-277.8295	-18.10797	2.084894	0.22257	0.00152927	0.775901	0.03563008
16800	-297.6139	-272.9897	-24.62422	2.719359	0.187591	0.317428	0.49498	0.05260553
17000	-295.7322	-282.322	-13.4102	1.635559	0.282719	0.0499639	0.667317	0.0151853
17200	-298.6308	-277.8607	-20.77013	1.972737	0.227858	0.0887647	0.683377	0.4008891
17400	-293.741	-279.7655	-13.97544	1.641268	0.240873	0.0309267	0.7282	0.0639876
17600	-297.0088	-280.0405	-16.96825	1.885476	0.194376	0.0311229	0.774502	0.1154603
17800	-297.1367	-278.7492	-18.38744	2.101727	0.148719	0.0513877	0.799893	0.04575524
18000	-296.91	-276.8223	-20.08768	1.910271	0.212863	0.0427116	0.744425	0.3956182
18200	-298.0111	-272.1537	-25.85738	2.725734	0.187221	0.0511707	0.761609	0.1669576
18400	-293.5099	-272.9197	-20.59013	2.26994	0.192372	0.0247682	0.78286	0.09685516
18600	-293.9989	-276.5819	-17.417	1.962494	0.201374	0.0320469	0.766579	0.08679802
18800	-299.2477	-282.6795	-16.56827	1.671698	0.216325	0.0220645	0.76161	0.2884417
19000	-292.5159	-278.6113	-13.90457	1.653666	0.239952	0.0167229	0.743325	0.04527858
19200	-294.9732	-276.5765	-18.39669	2.124058	0.187057	0.0723214	0.740622	0.02522898
19400	-297.5388	-268.1607	-29.37809	3.217106	0.126499	0.320568	0.552934	0.03086331
19600	-295.8129	-280.2283	-15.58465	1.838159	0.214892	0.0789023	0.706206	0.02945924
19800	-297.5981	-279.6107	-17.9874	2.061244	0.235223	0.167318	0.597458	0.04602646
20000	-296.8403	-273.0161	-23.8242	2.627679	0.173977	0.261409	0.564614	0.06402327
20200	-295.9281	-276.36	-19.56816	2.189198	0.248642	0.0278506	0.723508	0.0757403
20400	-299.0347	-281.6409	-17.3938	1.886602	0.172941	0.0944002	0.732658	0.1573281
20600	-295.8717	-279.845	-16.02677	1.732358	0.24573	0.0157031	0.738567	0.1730574
20800	-291.919	-277.0083	-14.91073	1.79514	0.229035	0.0119444	0.759021	0.00582167
21000	-295.8839	-285.3339	-10.54997	1.352929	0.274576	0.0460456	0.679378	0.0115493
21200	-291.88	-272.6841	-19.1959	2.199274	0.182837	0.0149439	0.802219	0.02960494
21400	-299.6574	-285.9509	-13.70652	1.607903	0.277661	0.028216	0.694123	0.06863008
21600	-294.8566	-276.1375	-18.71902	2.012009	0.191788	0.0238824	0.784329	0.1661446
21800	-294.0073	-277.6169	-16.39048	1.828808	0.254575	0.00523025	0.740195	0.116015
22000	-294.8051	-267.6331	-27.17205	3.025763	0.147066	0.00433931	0.848595	0.001509083
22200	-292.1967	-276.298	-15.89869	1.818235	0.23164	0.00450343	0.763857	0.07937289
22400	-294.2171	-273.8981	-20.31903	2.318082	0.157707	0.000766925	0.841526	0.02332996
22600	-299.7624	-275.435	-24.32739	2.574565	0.152097	0.165536	0.682366	0.1648008
22800	-293.0886	-275.97	-17.11864	1.927152	0.195178	0.0302529	0.774569	0.09131017
23000	-293.9709	-274.4309	-19.54	2.19655	0.197747	0.0259741	0.776279	0.06577327
23200	-291.557	-275.803	-15.75397	1.837994	0.224426	0.00788295	0.767691	0.04594073
23400	-298.6988	-279.9655	-18.73331	1.972729	0.282759	0.0083979	0.708843	0.2077805
23600	-292.628	-275.8563	-16.77175	1.937236	0.190756	0.0129311	0.796313	0.04876184
23800	-291.8109	-277.9599	-13.851	1.664088	0.222711	0.000481206	0.776808	0.0297503
24000	-295.3744	-275.1893	-20.18508	2.063752	0.20534	0.0311332	0.763527	0.2570567
24200	-292.9923	-277.1057	-15.8866	1.816877	0.199562	0.0118436	0.788594	0.07962346
24400	-293.116	-276.3242	-16.79175	1.95862	0.226049	0.0312677	0.742683	0.0299545
24600	-294.4397	-278.7381	-15.70158	1.754957	0.206168	0.0277222	0.76611	0.1201233
24800	-294.5306	-280.9975	-13.53302	1.616516	0.267402	0.0192801	0.713318	0.04563544
25000	-292.6975	-275.5658	-17.13171	1.983776	0.242839	0.00822349	0.748937	0.03825052
25200	-294.2989	-278.7251	-15.57383	1.657788	0.230809	0.0209419	0.748249	0.202421
25400	-299.6912	-270.9132	-28.77794	3.00734	0.117222	0.230375	0.652402	0.1765342
25600	-292.9729	-274.6535	-18.31938	2.130156	0.193228	0.0313767	0.775396	0.01147716
25800	-295.7617	-277.8341	-17.92758	1.946634	0.184398	0.0117572	0.803844	0.1533567
26000	-292.4697	-276.2724	-16.19725	1.846809	0.246511	0.00863888	0.744851	0.08038827
26200	-299.3578	-284.4574	-14.90041	1.678266	0.276608	0.0340131	0.689379	0.1209762
26400	-295.0713	-280.7836	-14.2877	1.666812	0.260625	0.0202297	0.719145	0.07068616
26600	-296.89	-274.5911	-22.29889	2.304552	0.181002	0.00668445	0.812314	0.233065
26800	-293.414	-277.1153	-16.29871	1.916209	0.189144	0.0241033	0.786752	0.02319254
27000	-295.4613	-277.1294	-18.33183	2.107446	0.23746	0.0378529	0.724687	0.03536663
27200	-295.5597	-275.158	-20.40172	2.239393	0.172936	0.0737877	0.753276	0.1068338
27400	-298.1629	-270.1765	-27.98641	3.038261	0.123945	0.247694	0.62836	0.07095696
27600	-294.0328	-280.8	-13.23279	1.622793	0.224713	0.0201786	0.755108	0.01021456
27800	-303.7198	-289.348	-14.37176	1.7361	0.323001	0.0474038	0.629595	0.01088785
28000	-294.8581	-274.2319	-20.62621	2.355373	0.14455	0.0285702	0.82688	0.01681058
28200	-297.4057	-271.7441	-25.66161	2.800709	0.166975	0.298325	0.5347	0.07411834
28400	-296.1427	-279.9518	-16.19092	1.758714	0.218288	0.0359421	0.74577	0.1652222
28600	-294.3315	-278.453	-15.87856	1.760315	0.20264	0.00582678	0.791533	0.1324938
28800	-294.8706	-277.9391	-16.9315	1.99969	0.172765	0.0837023	0.743533	0.003454366
29000	-296.8351	-275.4114	-21.42378	2.28581	0.228285	0.0450848	0.72663	0.163916
29200	-292.6602	-278.7984	-13.86182	1.665788	0.218606	0.0238916	0.757502	0.02939981
29400	-293.9249	-274.1775	-19.74739	2.136549	0.214096	0.0259614	0.759942	0.1432883
29600	-294.0027	-275.4252	-18.57748	2.042107	0.206738	0.0148886	0.778374	0.1211263
29800	-298.9044	-280.6142	-18.29022	2.118355	0.207833	0.300789	0.491379	0.01990378
30000	-297.8193	-278.1169	-19.70236	2.201953	0.24006	0.0960607	0.663879	0.07712543
30200	-295.7394	-272.0286	-23.71084	2.621753	0.183456	0.04924	0.767304	0.05860085
30400	-295.3569	-276.3751	-18.98176	2.088389	0.188613	0.043661	0.767726	0.1162728
30600	-294.2967	-275.3989	-18.89771	2.076406	0.164833	0.0191206	0.816046	0.1197479
30800	-293.6116	-280.3699	-13.24168	1.541797	0.273818	0.00156132	0.724621	0.08932336
31000	-298.2546	-280.5149	-17.73971	1.80693	0.233773	0.00331771	0.762909	0.2651304
31200	-293.0779	-278.7414	-14.33647	1.735248	0.196146	0.0036803	0.800174	0.008213756
31400	-293.1297	-278.7677	-14.36198	1.733652	0.183472	0.0104982	0.80603	0.01218563
31600	-297.4983	-280.3688	-17.12952	1.95634	0.175466	0.0976867	0.726848	0.06384803
31800	-294.8537	-279.7549	-15.09878	1.594022	0.241569	0.0170582	0.741373	0.2186316
32000	-293.7482	-274.4726	-19.27561	2.199072	0.18033	0.0435196	0.776151	0.03780432
32200	-296.5128	-278.0803	-18.43253	2.07241	0.212699	0.125557	0.661744	0.07823796
32400	-295.4212	-278.4424	-16.97875	1.942029	0.244999	0.0874918	0.667509	0.06389183
32600	-296.1999	-279.2314	-16.96843	1.894086	0.195679	0.0434414	0.760879	0.109126
32800	-294.9424	-274.7719	-20.17054	2.288518	0.153045	0.0291776	0.817777	0.03779846
33000	-296.1548	-273.54	-22.61477	2.460364	0.169002	0.0938537	0.737144	0.1088403
33200	-292.0889	-276.3401	-15.7488	1.881761	0.245352	0.0092646	0.745383	0.003117988
33400	-295.852	-280.9425	-14.9095	1.564382	0.251059	0.0190161	0.729925	0.225388
33600	-295.7563	-276.0257	-19.73052	1.8216	0.216219	0.00752718	0.776254	0.4423341
33800	-297.7703	-280.1531	-17.61724	2.055796	0.179303	0.0441458	0.776552	0.01585382
34000	-293.5768	-277.0533	-16.52355	1.868566	0.244949	0.00443578	0.750615	0.09074252
34200	-297.3943	-283.5967	-13.79762	1.444004	0.273517	0.018631	0.707852	0.2393001
34400	-296.388	-284.8797	-11.50833	1.379332	0.303548	0.0441196	0.652333	0.07781804
34600	-291.0282	-275.5813	-15.44687	1.846854	0.2208	0.00498331	0.774217	0.007711688
34800	-295.4964	-270.5704	-24.92599	2.771485	0.152351	0.140804	0.706846	0.03061433
35000	-294.8183	-281.4366	-13.38162	1.559481	0.277035	0.00686684	0.716098	0.08630948
35200	-293.854	-275.4935	-18.36048	2.100886	0.199568	0.0347348	0.765697	0.04381024
35400	-294.3867	-276.9897	-17.397	2.016562	0.203473	0.0164861	0.780041	0.0317671
35600	-294.8035	-283.2226	-11.58086	1.443524	0.294767	0.0280243	0.677209	0.02385578
35800	-293.1325	-277.2735	-15.85896	1.770917	0.206127	0.000408513	0.793464	0.1208544
36000	-295.4772	-280.7497	-14.72743	1.638103	0.266603	0.00854975	0.724847	0.1409961
36200	-292.3189	-277.55	-14.7689	1.663845	0.216418	0.00285426	0.780728	0.1182361
36400	-294.3179	-274.5519	-19.76594	2.227818	0.150468	0.027343	0.822189	0.05705979
36600	-295.6718	-269.9575	-25.71437	2.852027	0.170593	0.069094	0.760313	0.02890636
36800	-295.2561	-273.6513	-21.60486	2.254184	0.195408	0.0358761	0.768716	0.2118519
37000	-292.8541	-278.2657	-14.5884	1.732551	0.260509	0.0151096	0.724382	0.03526962
37200	-293.5237	-274.9223	-18.60135	2.140824	0.198749	0.000971361	0.80028	0.02885276
37400	-293.2114	-279.69	-13.52139	1.647059	0.236005	0.0296743	0.73432	0.01453365
37600	-292.2278	-278.8349	-13.39292	1.642712	0.246452	0.0178042	0.735743	0.006476571
37800	-293.9088	-278.184	-15.72477	1.860175	0.273381	0.0127173	0.713902	0.02175201
38000	-295.5542	-277.449	-18.10515	2.006205	0.233119	0.0528854	0.713995	0.110797
38200	-294.6655	-280.502	-14.16349	1.666831	0.266495	0.00908295	0.724422	0.05679423
38400	-291.3579	-273.5181	-17.83986	2.09116	0.21165	0.00910224	0.779247	0.002841279
38600	-292.5871	-272.1073	-20.47988	2.309079	0.186835	0.0223292	0.790835	0.04766632
38800	-298.8307	-270.6284	-28.20233	2.93278	0.154528	0.00535123	0.840121	0.1948017
39000	-292.1146	-275.284	-16.83058	1.947829	0.207354	0.00296252	0.789683	0.044291
39200	-291.5475	-278.0905	-13.45703	1.654448	0.24366	0.00492044	0.751419	0.001320915
39400	-297.1118	-273.5279	-23.58387	2.569279	0.182938	0.0224326	0.794629	0.09772002
39600	-292.9772	-275.714	-17.26319	1.980101	0.247933	0.00254677	0.749521	0.05468477
39800	-294.8032	-274.7752	-20.02802	2.207491	0.158735	0.0324484	0.808817	0.1028621
40000	-296.4428	-276.4447	-19.99818	2.238789	0.188702	0.0430835	0.768215	0.07023172
40200	-296.1505	-282.656	-13.49455	1.535212	0.255088	0.0194214	0.72549	0.1201485
40400	-298.2724	-275.5908	-22.68157	2.568385	0.199673	0.0431386	0.757189	0.009880611
40600	-296.0119	-269.5555	-26.45643	2.924664	0.155073	0.024241	0.820686	0.03045602
40800	-292.5828	-277.1655	-15.41729	1.843915	0.220432	0.0432514	0.736317	0.007677588
41000	-297.5381	-271.0654	-26.47262	2.860029	0.123487	0.0228323	0.853681	0.09554446
41200	-295.0484	-275.644	-19.40438	2.178804	0.171901	0.0748536	0.753245	0.0700957
41400	-294.9493	-280.9144	-14.03485	1.670852	0.22404	0.014218	0.761742	0.04139852
41600	-298.33	-266.8533	-31.47671	3.205478	0.144301	0.0191296	0.836569	0.247342
41800	-292.8786	-273.9402	-18.9384	2.093751	0.207559	0.00477949	0.787661	0.1073247
42000	-297.9648	-273.4554	-24.50938	2.701241	0.13937	0.168732	0.691898	0.05984063
42200	-293.803	-280.7057	-13.0973	1.499214	0.229632	0.0123688	0.758	0.1153945
42400	-293.3019	-278.5155	-14.7864	1.725373	0.262344	0.0196164	0.718039	0.06102523
42600	-294.3149	-273.9524	-20.36257	2.285359	0.216679	0.0483646	0.734956	0.05924518
42800	-292.7219	-278.4681	-14.25372	1.719215	0.230758	0.0278797	0.741362	0.01573893
43000	-297.7572	-287.3799	-10.37726	1.286603	0.247969	0.0231491	0.728882	0.05790333
43200	-292.3322	-277.3481	-14.98414	1.749248	0.195954	0.000262877	0.803783	0.05725258
43400	-295.4015	-282.5767	-12.8248	1.589178	0.285761	0.0030917	0.711147	0.003270718
43600	-292.7197	-275.9101	-16.80957	1.949641	0.202416	0.0229849	0.774599	0.04040313
43800	-298.5017	-277.4532	-21.04857	2.400989	0.19839	0.369962	0.431647	0.01362687
44000	-297.9946	-266.314	-31.68066	3.363372	0.137478	0.283762	0.57876	0.1136086
44200	-293.8408	-276.2991	-17.54174	1.957928	0.227504	0.0420972	0.730398	0.103452
44400	-295.6369	-284.2658	-11.37111	1.442671	0.213419	0.000924976	0.785656	0.004316543
44600	-297.0057	-269.0119	-27.99381	3.015075	0.154218	0.104429	0.741353	0.09319269
44800	-293.5031	-278.7229	-14.78022	1.645857	0.233705	0.00786728	0.758428	0.1358024
45000	-294.0523	-280.6739	-13.37843	1.57102	0.211222	0.00489567	0.783882	0.07406115
45200	-300.1283	-277.9744	-22.15396	2.504352	0.224543	0.119007	0.65645	0.0210162
45400	-296.2762	-279.0589	-17.21733	1.953026	0.263948	0.0343354	0.701716	0.07595261
45600	-295.6115	-280.1786	-15.43294	1.811958	0.244077	0.0499325	0.70599	0.04061585
45800	-301.6062	-287.5331	-14.07309	1.614876	0.268823	0.0239562	0.707221	0.09763429
46000	-294.3658	-275.193	-19.17274	2.173825	0.186201	0.020575	0.793224	0.05181286
46200	-294.8193	-276.6024	-18.21687	1.884385	0.223724	0.0389751	0.737301	0.2388179
46400	-294.0942	-273.8679	-20.22629	2.14468	0.1827	0.0290151	0.788284	0.1818935
46600	-298.5815	-281.4958	-17.08571	1.955257	0.181966	0.158646	0.659388	0.06231917
46800	-296.9923	-276.0658	-20.9265	2.150667	0.157222	0.025061	0.817717	0.2421525
47000	-293.2905	-278.0852	-15.20524	1.80813	0.245051	0.0279692	0.72698	0.02187017
47200	-295.701	-277.9702	-17.7308	1.995615	0.190499	0.126103	0.683398	0.08495941
47400	-293.6905	-280.8901	-12.80039	1.52405	0.235941	0.0248285	0.73923	0.06344926
47600	-294.7926	-278.9637	-15.82885	1.825841	0.259924	0.0552863	0.68479	0.06484028
47800	-294.6597	-278.4729	-16.18677	1.836146	0.196047	0.0235083	0.780444	0.09007866
48000	-292.2932	-276.6501	-15.6431	1.794156	0.246174	0.00907388	0.744752	0.07749173
48200	-297.7875	-281.9664	-15.82113	1.85941	0.170324	0.0208244	0.808852	0.03232645
48400	-294.5481	-274.1424	-20.40577	2.305789	0.179154	0.0640674	0.756778	0.04395866
48600	-293.9345	-275.7612	-18.17329	1.921729	0.223984	0.00959818	0.766417	0.1999991
48800	-299.1025	-279.4992	-19.60332	2.241185	0.252984	0.0645074	0.682509	0.0287554
49000	-293.7918	-276.1993	-17.59253	2.068025	0.202539	0.0386697	0.758792	0.001308015
49200	-293.5211	-272.7555	-20.76562	2.322776	0.205708	0.00197351	0.792318	0.06282452
49400	-292.6086	-276.4426	-16.16607	1.794148	0.200659	0.00273611	0.796605	0.1280196
49600	-292.8506	-270.8081	-22.04243	2.431979	0.168165	0.00639168	0.825443	0.08043648
49800	-294.3912	-273.0507	-21.34055	2.199735	0.181932	0.0170502	0.801018	0.2380071
50000	-294.8224	-275.3158	-19.5066	2.1401	0.211013	0.0273819	0.761605	0.1180617
50200	-293.4758	-274.5115	-18.96431	2.154918	0.183945	0.0129026	0.803152	0.0502677
50400	-301.9528	-272.2074	-29.74533	3.081978	0.120562	0.226518	0.652921	0.2079299
50600	-294.3898	-279.5707	-14.81907	1.786959	0.234315	0.0539945	0.71169	0.004842438
50800	-293.4726	-283.0206	-10.45204	1.328553	0.263967	0.00638818	0.729645	0.02545949
51000	-296.4012	-279.2397	-17.16148	1.982844	0.25536	0.0729051	0.671735	0.04238802
51200	-292.8782	-277.9013	-14.97686	1.781369	0.225045	0.019496	0.755459	0.02551255
51400	-293.5177	-278.0553	-15.46243	1.828589	0.229751	0.00332785	0.766922	0.02653201
51600	-298.6985	-273.4531	-25.24537	2.53653	0.151608	0.196856	0.651535	0.291679
51800	-292.8617	-277.6794	-15.18227	1.73683	0.259238	0.00341849	0.737344	0.08868273
52000	-293.1577	-273.2414	-19.91626	2.223443	0.210222	0.00358716	0.786191	0.07632488
52200	-303.3473	-279.4504	-23.89693	2.458503	0.128826	0.377102	0.494072	0.2466893
52400	-292.9363	-276.987	-15.94923	1.836025	0.245206	0.00197693	0.752817	0.0664963
52600	-297.0972	-273.4926	-23.60453	2.650908	0.178498	0.296381	0.52512	0.01973498
52800	-292.6927	-274.0309	-18.66181	2.160111	0.203443	0.0174605	0.779097	0.01586483
53000	-292.7582	-275.6929	-17.06537	1.943119	0.224308	0.000260567	0.775432	0.07165128
53200	-296.4009	-282.6037	-13.79717	1.486819	0.28537	0.00549308	0.709137	0.1980424
53400	-294.7564	-273.2414	-21.51496	2.407599	0.170649	0.00904031	0.820311	0.05235699
53600	-295.0314	-279.4611	-15.57034	1.853712	0.233289	0.0924055	0.674305	0.01296098
53800	-296.8536	-270.1935	-26.6601	2.969189	0.138896	0.337283	0.523821	0.007021787
54000	-292.8959	-272.2193	-20.67655	2.355718	0.166153	0.0169807	0.816866	0.02152964
54200	-295.7235	-274.8423	-20.88125	2.343846	0.156247	0.0905977	0.753155	0.05267947
54400	-295.552	-275.8339	-19.71801	2.277775	0.195096	0.0752571	0.729647	0.004041599
54600	-297.4632	-267.6821	-29.78106	3.160925	0.136544	0.254415	0.609041	0.1277658
54800	-291.2301	-278.0696	-13.16053	1.62511	0.242202	0.00735177	0.750446	0.001014547
55000	-293.4338	-273.2452	-20.18857	2.307579	0.185628	0.0687739	0.745598	0.02083394
55200	-296.4775	-275.6636	-20.81389	2.332822	0.172558	0.0596863	0.767756	0.05737581
55400	-296.7782	-279.1873	-17.59088	2.063737	0.205155	0.186959	0.607886	0.005329958
55600	-292.3241	-273.8738	-18.45031	2.136919	0.174087	0.00724614	0.818667	0.01761228
55800	-297.5606	-283.3955	-14.16508	1.637445	0.239906	4.49288e-05	0.760049	0.08712005
56000	-294.3306	-279.5983	-14.73231	1.702486	0.234301	0.0208786	0.74482	0.07767807
56200	-293.1249	-279.0567	-14.06822	1.672492	0.251123	0.00422199	0.744655	0.04243208
56400	-295.3269	-273.5537	-21.7732	2.235556	0.177244	0.0193219	0.803434	0.2448705
56600	-297.9346	-277.7706	-20.16403	2.125136	0.218496	0.126606	0.654898	0.1970657
56800	-295.9477	-276.001	-19.94674	2.214967	0.167699	0.115502	0.716799	0.08731802
57000	-297.6404	-268.8732	-28.76721	3.169951	0.165993	0.280361	0.553645	0.01660945
57200	-293.49	-271.4324	-22.05756	2.415784	0.176902	0.00232707	0.820771	0.0982105
57400	-294.8758	-272.0567	-22.81911	2.508298	0.187688	0.0406066	0.771706	0.08189843
57600	-293.4827	-272.4869	-20.99574	2.3262	0.185272	0.0388039	0.775924	0.08126994
57800	-292.6996	-276.2462	-16.45341	1.934134	0.228945	0.000317049	0.770738	0.02089902
58000	-293.3026	-276.9791	-16.32348	1.900878	0.244407	0.0361725	0.71942	0.04037467
58200	-295.8192	-276.6822	-19.13696	2.083691	0.189749	0.00292159	0.807329	0.1347296
58400	-296.6752	-278.4562	-18.21908	2.010209	0.200548	0.0734705	0.725981	0.119224
58600	-297.7516	-276.7079	-21.04365	2.364804	0.2207	0.1032	0.6761	0.04857592
58800	-297.114	-280.9849	-16.12909	1.795093	0.200487	0.0804693	0.719043	0.1243403
59000	-295.2498	-277.4634	-17.78639	2.029275	0.21591	0.0298906	0.754199	0.05684583
59200	-293.8723	-272.23	-21.6422	2.44772	0.16723	0.0293241	0.803446	0.02593705
59400	-292.2367	-276.5988	-15.63797	1.853305	0.193953	0.0128916	0.793155	0.0200111
59600	-292.7025	-278.2582	-14.44423	1.735579	0.222679	0.000422936	0.776898	0.01853489
59800	-295.876	-278.1908	-17.68519	1.922894	0.184877	0.034953	0.78017	0.1519788
60000	-292.0041	-274.7591	-17.24505	1.963319	0.196675	0.00089916	0.802426	0.06917342
60200	-294.6536	-273.5805	-21.07307	2.316168	0.157385	0.0197298	0.822886	0.09897713
60400	-294.2872	-274.0876	-20.1996	2.303569	0.216786	0.0216687	0.761545	0.02605369
60600	-298.0441	-271.2158	-26.82837	2.713043	0.153419	0.00286413	0.843717	0.275503
60800	-293.6676	-275.7947	-17.87297	2.06697	0.184249	0.00266362	0.813087	0.02978506
61000	-294.365	-276.1854	-18.17956	2.069843	0.211231	0.0104338	0.778335	0.05754713
61200	-297.5267	-283.6978	-13.82888	1.581613	0.245532	0.109406	0.645062	0.1068384
61400	-296.8007	-286.2516	-10.5491	1.342127	0.303739	0.0205281	0.675733	0.02167006
61600	-293.5389	-276.463	-17.07591	1.885738	0.195882	0.0365209	0.767597	0.1274229
61800	-293.4119	-278.8211	-14.59078	1.691993	0.203247	0.0237333	0.773019	0.07437736
62000	-293.2845	-277.588	-15.69653	1.845286	0.231457	0.0265136	0.74203	0.03361916
62200	-293.6022	-275.3944	-18.20778	2.106891	0.237627	0.00689049	0.755482	0.02327979
62400	-296.9029	-284.9348	-11.96812	1.402609	0.227612	0.0494443	0.722943	0.1002991
62600	-293.8423	-272.3806	-21.46164	2.378299	0.198959	0.00721658	0.793824	0.07537459
62800	-296.3849	-277.1305	-19.25437	1.959575	0.213714	0.00147706	0.784809	0.2698393
63000	-293.9962	-279.636	-14.36023	1.722186	0.217768	0.0205075	0.761724	0.02302063
63200	-292.9652	-274.5596	-18.40552	1.97113	0.217859	0.00208128	0.78006	0.1745239
63400	-293.4368	-276.0587	-17.37805	2.00133	0.213204	0.0498776	0.736919	0.045149
63600	-294.2323	-273.9244	-20.3079	2.145531	0.185308	0.00580805	0.808884	0.1890178
63800	-292.5281	-276.3498	-16.17832	1.889568	0.229499	0.00380203	0.766699	0.03741674
64000	-292.7913	-271.5022	-21.28906	2.416747	0.155944	0.0169989	0.827057	0.02170797
64200	-297.3832	-271.3169	-26.06628	2.877367	0.154246	0.319476	0.526278	0.03927327
64400	-295.0224	-280.3625	-14.6599	1.562168	0.243678	0.0323243	0.723997	0.2057143
64600	-296.5703	-279.7273	-16.84306	1.597967	0.234504	0.00528677	0.760209	0.3833836
64800	-296.6158	-271.624	-24.99181	2.750468	0.163711	0.265622	0.570668	0.05873586
65000	-295.4181	-271.9278	-23.49028	2.51828	0.189987	0.0398025	0.77021	0.1383285
65200	-297.2437	-273.3996	-23.84406	2.610256	0.12627	0.0405621	0.833168	0.08194215
65400	-294.315	-282.2542	-12.06086	1.452593	0.293604	0.00589855	0.700497	0.06110911
65600	-293.09	-276.3998	-16.69025	1.894522	0.243915	0.00633336	0.749752	0.08184689
65800	-296.8319	-274.7018	-22.13007	2.299377	0.173508	0.00507689	0.821415	0.2195625
66000	-295.9723	-282.0874	-13.88489	1.6753	0.286754	0.0228343	0.690412	0.02246842
66200	-292.9762	-279.9503	-13.02581	1.601081	0.249771	0.000334717	0.749894	0.01129544
66400	-298.8763	-272.5182	-26.35814	2.862775	0.157677	0.0745841	0.767739	0.08282973
66600	-295.8719	-283.2244	-12.64756	1.554129	0.250648	0.045696	0.703656	0.02020627
66800	-294.9942	-274.2891	-20.70515	2.351498	0.209853	0.0529616	0.737185	0.02854377
67000	-295.8373	-273.2392	-22.59807	2.52586	0.206509	0.0218808	0.771611	0.04366456
67200	-295.0155	-279.4862	-15.52931	1.710969	0.219631	0.0110256	0.769343	0.1486836
67400	-298.8374	-279.4481	-19.38926	2.180761	0.201441	0.000520944	0.798038	0.06514835
67600	-295.0143	-270.6876	-24.3267	2.646424	0.168259	0.0285615	0.80318	0.09482557
67800	-293.9133	-275.8849	-18.02842	1.994527	0.249659	0.00409486	0.746246	0.1148637
68000	-292.8008	-277.6597	-15.14109	1.738122	0.224017	0.00118063	0.774802	0.08391839
68200	-297.277	-274.9717	-22.3053	2.396743	0.203475	0.0997617	0.696764	0.1410249
68400	-296.6592	-270.4139	-26.24533	2.900114	0.165794	0.185739	0.648467	0.03440493
68600	-296.2149	-270.2695	-25.94535	2.713213	0.164612	0.00150211	0.833886	0.1879538
68800	-302.7011	-274.1195	-28.58156	3.008226	0.167182	0.436088	0.39673	0.1551124
69000	-292.6243	-272.4573	-20.16701	2.17913	0.183539	0.00531512	0.811146	0.1428337
69200	-294.2719	-278.6129	-15.65905	1.763963	0.21482	0.0124801	0.7727	0.1073943
69400	-294.8156	-282.7458	-12.0698	1.472046	0.261088	0.0455873	0.693324	0.04338723
69600	-296.6329	-280.3248	-16.30802	1.919424	0.180096	0.109425	0.710478	0.02064094
69800	-298.5087	-273.6261	-24.88254	2.454235	0.138044	0.00406765	0.857889	0.335834
70000	-295.2481	-279.219	-16.02913	1.83443	0.204494	0.0258257	0.769681	0.07694376
70200	-297.3942	-276.0607	-21.33349	2.374385	0.2124	0.0605211	0.727078	0.06657125
70400	-294.6078	-274.9782	-19.62957	2.225247	0.189417	0.0146145	0.795969	0.04728045
70600	-292.2829	-276.2128	-16.07007	1.869977	0.244851	0.012595	0.742554	0.04572179
70800	-292.9305	-272.6608	-20.2697	2.276598	0.18613	0.0086554	0.805215	0.0591847
71000	-299.0903	-273.6075	-25.48281	2.841506	0.139575	0.0347228	0.825703	0.01651428
71200	-300.4691	-265.0922	-35.37689	3.782556	0.136607	0.312957	0.550436	0.06386406
71400	-294.1773	-276.6708	-17.50649	1.974894	0.223315	0.0237161	0.752969	0.08431683
71600	-293.1507	-279.4895	-13.66119	1.65808	0.221878	0.0196265	0.758495	0.01747251
71800	-294.5386	-271.5612	-22.97737	2.594438	0.166406	0.0563562	0.777238	0.01309039
72000	-293.7594	-276.0591	-17.70035	2.06854	0.193217	0.0187692	0.788014	0.01130572
72200	-296.2734	-277.148	-19.12533	2.077509	0.227452	0.0631689	0.709379	0.1420355
72400	-298.0102	-271.8723	-26.13792	2.750609	0.139843	0.205226	0.654931	0.1683868
72600	-300.9375	-276.5468	-24.39073	2.742821	0.148475	0.339838	0.511686	0.00607103
72800	-293.8907	-277.6758	-16.21497	1.846485	0.193202	0.00768164	0.799117	0.08309005
73000	-291.5064	-275.5279	-15.97854	1.8772	0.223544	0.0111529	0.765303	0.02975123
73200	-294.9648	-279.7358	-15.22898	1.805221	0.200479	0.0180094	0.781511	0.02721513
73400	-297.0513	-279.8979	-17.1534	1.752194	0.22667	0.00445366	0.768876	0.26052
73600	-293.488	-276.474	-17.01401	1.894493	0.255919	0.0045789	0.739502	0.1134389
73800	-292.4083	-277.0218	-15.38656	1.818222	0.210177	0.0232562	0.766567	0.02947227
74000	-297.1996	-280.631	-16.56857	1.890044	0.236779	0.143753	0.619467	0.07477011
74200	-293.9246	-273.7054	-20.21925	2.155249	0.209762	0.0133377	0.7769	0.1715346
74400	-294.0166	-276.5027	-17.51382	1.933091	0.225157	0.00976997	0.765073	0.1249818
74600	-298.1501	-279.7505	-18.39964	2.060782	0.23685	0.0694124	0.693737	0.08634063
74800	-294.5565	-276.5103	-18.04628	2.093913	0.1621	0.0268771	0.811023	0.02008554
75000	-295.092	-271.3228	-23.76927	2.470206	0.193977	0.0204918	0.785531	0.2113183
75200	-293.5025	-273.6846	-19.81787	2.093399	0.174207	0.0103068	0.815486	0.1918762
75400	-294.3732	-277.6423	-16.7309	1.769379	0.225798	0.0287116	0.745491	0.206538
75600	-294.7954	-270.9304	-23.86501	2.692171	0.134477	0.0261446	0.839378	0.004340052
75800	-294.4181	-274.6865	-19.73165	2.185436	0.172027	0.00616259	0.82181	0.09496665
76000	-291.9628	-277.3712	-14.59153	1.74126	0.221643	0.0174957	0.760862	0.02692927
76200	-294.9283	-274.5414	-20.38688	2.126317	0.212304	0.0415822	0.746114	0.2152869
76400	-295.2087	-275.1232	-20.08546	2.282319	0.21048	0.0812286	0.708291	0.03544927
76600	-295.3439	-277.8056	-17.53834	1.956989	0.217095	0.10819	0.674716	0.1035161
76800	-295.2614	-280.1515	-15.10995	1.792387	0.240212	0.0178416	0.741946	0.02810332
77000	-298.4968	-281.1951	-17.30173	1.778108	0.242525	0.00650967	0.750965	0.2571859
77200	-297.378	-276.9835	-20.39445	2.171404	0.20073	0.182742	0.616528	0.1728476
77400	-299.6902	-275.5736	-24.11664	2.476553	0.191991	0.0903769	0.717632	0.2432291
77600	-294.0895	-280.462	-13.62748	1.485326	0.261819	0.0144187	0.723762	0.1801669
77800	-295.0037	-273.3716	-21.63217	2.465141	0.20246	0.0744917	0.723048	0.007997437
78000	-294.1684	-280.2166	-13.95184	1.646337	0.24679	0.0432657	0.709945	0.0571191
78200	-301.0244	-265.8732	-35.15119	3.566468	0.154891	0.246423	0.598687	0.2545905
78400	-298.0975	-281.5676	-16.52992	1.460978	0.248191	0.00198486	0.749824	0.4777226
78600	-296.4652	-271.5099	-24.95529	2.786913	0.140804	0.226524	0.632672	0.01873425
78800	-295.1482	-272.8167	-22.33154	2.362969	0.160313	0.0413501	0.798337	0.1752557
79000	-297.6362	-278.1514	-19.48481	2.176269	0.228051	0.0895748	0.682374	0.0810681
79200	-295.3291	-276.3853	-18.94386	2.109577	0.19015	0.0143509	0.795499	0.0938141
79400	-292.3296	-276.3253	-16.00425	1.797451	0.21997	0.00283773	0.777192	0.1096189
79600	-292.767	-276.9099	-15.8571	1.817938	0.20086	0.0261812	0.772959	0.07513215
79800	-298.155	-283.3102	-14.84476	1.716919	0.207931	0.0458349	0.746234	0.07593045
80000	-297.6718	-284.6823	-12.98948	1.548813	0.217898	0.0881383	0.693964	0.0573914
80200	-294.6293	-277.2099	-17.4194	1.991878	0.247562	0.00124925	0.751189	0.05913123
80400	-301.4454	-279.7899	-21.6555	2.455216	0.160078	0.40086	0.439062	0.0201205
80600	-293.7797	-273.5648	-20.21488	2.32717	0.17793	0.0684691	0.753601	0.004328854
80800	-296.7892	-272.077	-24.71228	2.777994	0.153009	0.0296221	0.817369	0.003308152
81000	-294.1748	-283.7329	-10.44193	1.342729	0.310936	0.0132444	0.675819	0.01111072
81200	-294.114	-276.603	-17.51092	1.996656	0.240944	0.00382338	0.755233	0.06220731
81400	-294.8418	-281.3794	-13.46243	1.545917	0.269098	0.025941	0.704961	0.1071584
81600	-294.7759	-273.6208	-21.15513	2.368797	0.190723	0.0827256	0.726552	0.0556745
81800	-294.4939	-283.7426	-10.75131	1.370213	0.258167	0.00737447	0.734458	0.0145273
82000	-300.4043	-288.1752	-12.22917	1.420186	0.203499	0.0636209	0.73288	0.1077212
82200	-294.993	-272.6857	-22.30732	2.471095	0.202295	0.0104807	0.787225	0.06845164
82400	-296.6674	-271.0459	-25.62151	2.858452	0.161593	0.20818	0.630227	0.01354882
82600	-293.061	-272.4899	-20.57109	2.365795	0.208244	0.0104188	0.781337	0.00139066
82800	-295.1621	-278.6229	-16.53917	1.811217	0.206719	0.0430878	0.750193	0.1481429
83000	-292.3696	-279.8691	-12.50048	1.480985	0.251822	0.00120214	0.746976	0.07594744
83200	-292.1659	-273.3435	-18.82238	2.162779	0.188914	0.0121435	0.798943	0.02870952
83400	-295.2765	-276.7396	-18.53698	1.969403	0.253569	0.00628427	0.740147	0.1899697
83600	-294.5336	-273.2634	-21.27019	2.432282	0.21082	0.0370882	0.752092	0.004730887
83800	-302.3725	-271.2945	-31.07808	3.027129	0.191282	0.254213	0.554505	0.3843075
84000	-298.4731	-272.501	-25.9722	2.8852	0.195915	0.244034	0.56005	0.02204945
84200	-292.1928	-275.5947	-16.59814	1.895155	0.196424	4.25722e-05	0.803534	0.07273061
84400	-291.3314	-273.901	-17.4304	2.038273	0.188505	0.0116159	0.799879	0.0143673
84600	-298.8617	-270.7384	-28.12324	3.063256	0.131618	0.0829177	0.785464	0.05892207
84800	-293.3164	-276.4409	-16.87547	1.886925	0.220509	0.0221307	0.75736	0.1077548
85000	-297.676	-273.055	-24.62098	2.284755	0.167157	0.00789022	0.824952	0.4722958
85200	-300.9191	-270.3863	-30.53284	2.908322	0.128667	0.153332	0.718001	0.4441844
85400	-293.7352	-276.5941	-17.14111	1.973658	0.202481	0.0422882	0.755231	0.04927956
85600	-293.4727	-281.256	-12.21666	1.510465	0.226815	0.00410986	0.769076	0.02030763
85800	-296.2049	-277.0679	-19.137	2.096823	0.181804	0.0799467	0.738249	0.1234921
86000	-297.2175	-279.4716	-17.74589	1.988611	0.181064	0.0244596	0.794477	0.09132198
86200	-294.9897	-269.5433	-25.44646	2.797566	0.151497	0.0378857	0.810618	0.05555604
86400	-293.6603	-275.3512	-18.30912	2.04143	0.182407	0.025067	0.792526	0.09620993
86600	-292.9261	-273.9893	-18.93681	2.197675	0.186025	0.0227978	0.791177	0.005898252
86800	-303.3823	-280.3382	-23.04412	2.451716	0.188859	0.564076	0.247065	0.1607542
87000	-297.7185	-281.8203	-15.89818	1.789744	0.205706	0.00299031	0.791304	0.1088362
87200	-302.5678	-290.0126	-12.55517	1.402324	0.308328	0.0327235	0.658949	0.1606009
87400	-293.7591	-270.8012	-22.95782	2.57865	0.17881	0.0115027	0.809687	0.02648344
87600	-293.998	-276.6467	-17.35133	2.015531	0.204936	0.0261924	0.768872	0.02903044
87800	-294.8276	-271.1262	-23.70142	2.623966	0.176012	0.044263	0.779725	0.05532983
88000	-297.4065	-275.2357	-22.17077	2.385137	0.203254	0.168624	0.628122	0.1380862
88200	-300.4768	-276.1556	-24.32122	2.670802	0.128439	0.258973	0.612587	0.07077351
88400	-292.393	-273.7328	-18.66016	2.12868	0.187628	0.0214073	0.790964	0.04609449
88600	-294.5421	-273.5109	-21.03128	2.258585	0.175553	0.0290817	0.795365	0.1507495
88800	-298.4331	-274.9157	-23.51742	2.62812	0.176978	0.383395	0.439627	0.03323595
89000	-294.9028	-279.2213	-15.68154	1.844724	0.211527	0.0782797	0.710193	0.03269356
89200	-293.026	-278.3224	-14.70362	1.723401	0.271033	0.00450811	0.724459	0.0551163
89400	-299.2695	-283.2016	-16.06789	1.775235	0.192609	0.155746	0.651645	0.1378924
89600	-297.0536	-274.0738	-22.97983	2.516159	0.140161	0.0174916	0.842348	0.08848721
89800	-292.8822	-276.8283	-16.05387	1.832704	0.232392	0.00173889	0.765869	0.07997842
90000	-293.4277	-277.2786	-16.14908	1.831378	0.213282	0.026317	0.7604	0.09090806
90200	-297.3623	-276.1174	-21.24491	2.289183	0.184929	0.0315216	0.783549	0.1402028
90400	-294.0864	-279.1481	-14.93832	1.796609	0.209979	0.0453423	0.744679	0.007083581
90600	-296.3577	-273.7158	-22.64192	2.352404	0.207601	0.0544212	0.737978	0.2147552
90800	-295.4171	-274.7136	-20.70345	2.37054	0.1794	0.123935	0.696665	0.009625609
91000	-295.9648	-273.7222	-22.24254	2.474473	0.200185	0.125869	0.673946	0.05839704
91200	-296.2201	-280.7272	-15.49293	1.770129	0.216329	0.0376102	0.74606	0.08776555
91400	-294.3393	-277.0997	-17.23954	1.829345	0.198979	0.0226722	0.778349	0.1976834
91600	-293.1119	-280.9338	-12.17811	1.520063	0.228706	0.0252614	0.746032	0.007527173
91800	-296.5876	-269.8627	-26.72492	2.951627	0.135959	0.224475	0.639567	0.03090835
92000	-297.9257	-264.8126	-33.11302	3.594418	0.143968	0.260405	0.595628	0.02733212
92200	-293.8138	-278.8831	-14.93072	1.779464	0.20855	0.0447658	0.746684	0.02281822
92400	-292.7136	-274.6715	-18.04209	1.999401	0.205513	0.00667487	0.787812	0.1113215
92600	-293.8227	-279.7695	-14.05329	1.527451	0.268203	0.00681145	0.724986	0.1798964
92800	-296.1375	-272.6152	-23.52233	2.613863	0.176261	0.162787	0.660952	0.04736912
93000	-296.0224	-273.8158	-22.20651	2.284545	0.199377	0.00992476	0.790698	0.2428251
93200	-295.3742	-276.1662	-19.20806	2.150088	0.225132	0.0309972	0.743871	0.0782275
93400	-294.6773	-274.1622	-20.51516	2.342629	0.211923	0.0538393	0.734238	0.01866844
93600	-294.4644	-277.4788	-16.98568	1.714135	0.250525	0.0059146	0.74356	0.2835806
93800	-294.6753	-279.3452	-15.33006	1.551564	0.247187	0.00923852	0.743575	0.2807445
94000	-293.7346	-278.9981	-14.73646	1.780295	0.250653	0.0176482	0.731698	0.00339339
94200	-299.5567	-272.8655	-26.6912	2.553982	0.183133	0.0377491	0.779118	0.4169534
94400	-300.8419	-275.4583	-25.38357	2.839954	0.200198	0.345796	0.454005	0.008255748
94600	-299.233	-275.1958	-24.03724	2.334165	0.19719	0.00725196	0.795558	0.3688217
94800	-294.6374	-276.544	-18.0934	1.936563	0.219481	0.020531	0.759988	0.1766473
95000	-296.8121	-272.6577	-24.15434	2.58976	0.181954	0.0583191	0.759727	0.1319672
95200	-294.0321	-276.934	-17.09808	1.835778	0.193875	0.0137101	0.792415	0.1786145
95400	-298.9156	-284.3408	-14.57485	1.589782	0.250907	0.120429	0.628664	0.1701466
95600	-293.741	-276.5243	-17.21672	1.895709	0.215979	0.016129	0.767892	0.1328122
95800	-293.835	-273.1035	-20.73155	2.195886	0.192213	0.0270691	0.780718	0.1823692
96000	-294.3558	-277.2389	-17.11691	1.965492	0.21869	0.0136346	0.767675	0.05405415
96200	-294.5841	-277.6042	-16.97988	1.945757	0.244091	0.0218226	0.734086	0.06047123
96400	-299.9851	-280.7804	-19.20471	2.214741	0.155523	0.473764	0.370713	0.01563528
96600	-296.3217	-276.0506	-20.27117	2.334642	0.218667	0.0364347	0.744898	0.002569351
96800	-299.7639	-284.7582	-15.0057	1.332625	0.277232	0.00246314	0.720305	0.4618999
97000	-297.2126	-269.4752	-27.7374	3.077599	0.11886	0.261856	0.619284	0.006190923
97200	-292.9212	-272.1628	-20.75837	2.381145	0.182696	0.0127553	0.804548	0.004697404
97400	-294.8058	-278.5126	-16.29318	1.869215	0.278235	0.01327	0.708495	0.0678682
97600	-303.689	-269.8728	-33.81623	3.207196	0.100485	0.249081	0.650435	0.4846975
97800	-293.4477	-276.9966	-16.45118	1.759391	0.19626	0.00371498	0.800025	0.1887688
98000	-293.6627	-274.7583	-18.90442	2.185287	0.194936	0.0706869	0.734378	0.01486688
98200	-297.1631	-282.4958	-14.6673	1.656948	0.191077	0.0694178	0.739505	0.115993
98400	-293.9769	-280.5329	-13.44409	1.510921	0.285287	0.00483022	0.709882	0.1384813
98600	-295.3371	-276.0605	-19.27658	1.978538	0.249057	0.0128676	0.738075	0.2508702
98800	-297.8163	-279.1962	-18.62006	1.874427	0.201309	0.0512274	0.747464	0.2839404
99000	-296.6297	-279.0964	-17.53338	1.914189	0.232865	0.00659452	0.760541	0.1448179
99200	-295.5597	-282.9593	-12.60042	1.553155	0.298415	0.0429584	0.658626	0.01638616
99400	-296.4863	-268.0034	-28.48281	3.094713	0.145044	0.180496	0.67446	0.06226528
99600	-297.6282	-267.9489	-29.6793	3.221391	0.138173	0.254178	0.607648	0.05566806
99800	-294.7955	-279.4807	-15.31481	1.802721	0.258825	0.0232256	0.717949	0.03733881
100000	-296.1984	-270.6248	-25.57356	2.73381	0.142556	0.0307847	0.826659	0.1298223
100200	-297.8787	-286.963	-10.9157	1.326356	0.260776	0.0207808	0.718443	0.07294844
100400	-305.3552	-270.7337	-34.62153	3.417687	0.171674	0.0959953	0.732331	0.3543819
100600	-292.6101	-278.359	-14.25109	1.71118	0.248732	0.0265274	0.724741	0.02325097
100800	-296.3433	-274.9866	-21.35678	2.37189	0.224425	0.0345601	0.741015	0.07222786
101000	-292.5291	-279.2118	-13.3173	1.616436	0.237533	0.0107492	0.751718	0.02466452
101200	-296.8081	-278.9501	-17.858	1.986506	0.238233	0.0948997	0.666867	0.1064714
101400	-294.197	-278.9296	-15.26736	1.734506	0.244837	0.0501721	0.704991	0.09890089
101600	-297.8267	-278.4295	-19.39725	2.144143	0.177804	0.188255	0.633941	0.1035708
101800	-296.7795	-275.9566	-20.82284	2.391853	0.193462	0.0197692	0.786769	0.000531791
102000	-294.3222	-277.0483	-17.27388	1.963897	0.223241	0.00336696	0.773392	0.0720144
102200	-294.8529	-282.851	-12.00198	1.474876	0.251785	0.0271444	0.721071	0.03430843
102400	-295.8595	-279.1489	-16.7106	1.954369	0.202646	0.0128832	0.784471	0.02660509
102600	-294.388	-281.8852	-12.50282	1.53788	0.289936	0.0309769	0.679087	0.02173424
102800	-295.9203	-271.6232	-24.29707	2.6716	0.173633	0.0413688	0.784998	0.06710597
103000	-294.5321	-279.1239	-15.40819	1.758962	0.216474	0.014365	0.769161	0.09001832
103200	-294.622	-271.7627	-22.85925	2.539612	0.149089	0.0245694	0.826342	0.0551931
103400	-297.9841	-282.0351	-15.94899	1.844494	0.245774	0.0409605	0.713265	0.05926644
103600	-297.0842	-272.1443	-24.93992	2.547505	0.175103	0.0225283	0.802368	0.2514803
103800	-295.0175	-269.831	-25.18648	2.822267	0.146181	0.0137105	0.840108	0.006288058
104000	-298.732	-271.7717	-26.96029	2.897791	0.15141	0.299424	0.549166	0.1102476
104200	-292.5489	-274.4468	-18.10208	2.061595	0.21143	0.00858327	0.779987	0.05698993
104400	-297.4862	-277.462	-20.02416	2.150658	0.197663	0.089379	0.712958	0.1595108
104600	-293.7419	-274.141	-19.60084	2.25563	0.173557	0.0663783	0.760065	0.01422173
104800	-293.2235	-276.9514	-16.27208	1.817104	0.239484	0.016562	0.743954	0.1167932
105000	-295.3346	-282.5917	-12.74288	1.575407	0.315048	0.00993224	0.67502	0.008677006
105200	-295.3459	-279.9701	-15.37585	1.739665	0.20779	0.0125736	0.779636	0.1040202
105400	-296.4228	-281.0485	-15.3743	1.805725	0.28567	0.0225525	0.691778	0.04067179
105600	-299.3842	-283.6186	-15.76563	1.666904	0.229678	0.0902326	0.68009	0.213881
105800	-297.0575	-270.153	-26.90452	2.986477	0.150003	0.331334	0.518663	0.01427504
106000	-296.6064	-283.0064	-13.59995	1.660264	0.288634	0.0282506	0.683116	0.009521474
106200	-291.862	-274.5441	-17.3179	2.015536	0.218081	0.00839854	0.77352	0.02549784
106400	-293.2278	-271.4946	-21.73317	2.388796	0.193857	0.0183128	0.78783	0.09220545
106600	-296.8613	-277.2923	-19.569	2.265046	0.157534	0.0413177	0.801148	0.001927425
106800	-299.4397	-280.446	-18.99363	1.783867	0.222262	0.00756001	0.770178	0.4192582
107000	-292.6962	-280.1013	-12.59493	1.55817	0.260777	0.00596967	0.733254	0.01090127
107200	-293.8814	-277.7348	-16.14658	1.89549	0.178781	0.0103589	0.810861	0.02859201
107400	-295.4423	-270.79	-24.65222	2.75872	0.156662	0.103586	0.739752	0.01631796
107600	-298.2158	-272.6204	-25.59543	2.608345	0.159967	0.060156	0.779877	0.2542611
107800	-299.9519	-273.1062	-26.84566	2.93577	0.135202	0.290829	0.57397	0.05700311
108000	-298.9007	-276.5335	-22.36717	2.297333	0.148768	0.104443	0.746789	0.2438787
108200	-294.1606	-283.1404	-11.0202	1.316872	0.264118	0.00368438	0.732197	0.09063481
108400	-294.3312	-277.2042	-17.12697	1.95216	0.248919	0.0270597	0.724022	0.06877575
108600	-295.912	-282.5286	-13.38339	1.618798	0.246743	0.0786868	0.67457	0.0287487
108800	-299.5289	-281.6678	-17.86115	1.965792	0.217345	0.128545	0.65411	0.1294932
109000	-297.5589	-267.9949	-29.564	3.264771	0.172245	0.246695	0.58106	0.001733007
109200	-293.2397	-278.9013	-14.33844	1.739864	0.27144	0.0201959	0.708364	0.003969752
109400	-302.0281	-272.1555	-29.87255	3.227394	0.137195	0.22413	0.638674	0.06993642
109600	-294.3056	-275.6386	-18.66703	1.87761	0.229296	0.00025168	0.770452	0.2875983
109800	-298.9571	-272.4193	-26.53782	2.8009	0.130742	0.271369	0.59789	0.1634441
110000	-294.7573	-279.1645	-15.59272	1.761189	0.201346	0.0222579	0.776396	0.1052028
110200	-299.6024	-281.8754	-17.72695	2.080088	0.15725	0.121953	0.720797	0.002658019
110400	-300.1248	-270.163	-29.96185	2.913939	0.127932	0.0475022	0.824566	0.3824013
110600	-294.5211	-280.4594	-14.06178	1.670584	0.274396	0.034523	0.691081	0.04394219
110800	-299.499	-275.1866	-24.31239	2.515118	0.140525	0.189146	0.67033	0.2193061
111000	-295.4557	-273.2699	-22.18587	2.170333	0.207375	0.0196644	0.772961	0.346469
111200	-295.0726	-273.6254	-21.44722	2.423621	0.185946	0.0608374	0.753216	0.03068061
111400	-293.0966	-272.8807	-20.21589	2.29148	0.187904	0.0150353	0.797061	0.03924722
111600	-293.8089	-274.3735	-19.43539	2.159275	0.166774	0.0265564	0.80667	0.09153151
111800	-296.6781	-272.5863	-24.09183	2.670487	0.15418	0.0176113	0.828209	0.04791225
112000	-299.4809	-276.5348	-22.94608	2.068789	0.159641	0.00847605	0.831883	0.5125251
112200	-294.8662	-279.1553	-15.71088	1.787232	0.196179	0.0386992	0.765122	0.09133717
112400	-300.3318	-280.2894	-20.04241	2.188202	0.212006	0.343952	0.444042	0.1251383
112600	-291.8948	-277.3275	-14.5673	1.6885	0.24932	0.000362007	0.750318	0.0757253
112800	-301.5983	-281.9169	-19.68137	2.085157	0.159089	0.12307	0.71784	0.1911463
113000	-295.6194	-274.3663	-21.2531	2.370166	0.159109	0.10729	0.733601	0.06377891
113200	-297.18	-267.6418	-29.53824	3.221485	0.131819	0.246745	0.621436	0.04264942
113400	-295.091	-274.8043	-20.28667	2.127639	0.232362	0.0203362	0.747302	0.2048807
113600	-298.544	-276.7886	-21.75542	2.298254	0.150446	0.0251012	0.824453	0.1838818
113800	-292.5814	-275.156	-17.4254	1.881877	0.226024	0.00305519	0.770921	0.1644054
114000	-297.1184	-274.1924	-22.926	2.576265	0.151493	0.150823	0.697684	0.02614391
114200	-295.5513	-267.3536	-28.19769	3.001719	0.144418	0.00410449	0.851477	0.1252074
114400	-292.8419	-275.5389	-17.30296	2.006419	0.218739	0.0106011	0.770659	0.03310867
114600	-299.1536	-271.9766	-27.177	2.917641	0.124211	0.155894	0.719895	0.1080005
114800	-296.7791	-275.7524	-21.02664	2.409577	0.162865	0.000464499	0.836671	0.003058467
115000	-295.8479	-274.5805	-21.2674	2.084176	0.226611	0.00951157	0.763878	0.3421876
115200	-292.2307	-276.3799	-15.85073	1.887818	0.212655	0.0263511	0.760994	0.007123509
115400	-297.9414	-274.6832	-23.25813	2.565615	0.159342	0.336933	0.503725	0.06831663
115600	-296.6767	-275.3818	-21.29493	2.427778	0.170971	0.257409	0.57162	0.0114954
115800	-292.7741	-276.0462	-16.7279	1.978521	0.210874	0.0422857	0.74684	0.00426785
116000	-295.9171	-276.4625	-19.45464	2.174807	0.213659	0.0789839	0.707357	0.07957792
116200	-297.8384	-287.3076	-10.53076	1.202372	0.25227	0.0182669	0.729463	0.1521833
116400	-296.5019	-279.7435	-16.75846	1.745182	0.214803	0.01184	0.773357	0.2360975
116600	-295.7797	-276.1161	-19.66359	2.069865	0.162755	0.000572588	0.836672	0.2015089
116800	-292.5517	-276.895	-15.65667	1.869104	0.241563	0.0294939	0.728943	0.006471528
117000	-296.5375	-273.879	-22.65854	2.490429	0.150374	0.102296	0.747331	0.08366865
117200	-296.3008	-283.634	-12.66683	1.549998	0.232393	0.0504161	0.717191	0.02540208
117400	-297.8785	-278.1307	-19.74778	2.27548	0.216958	0.211757	0.571285	0.009149743
117600	-296.9006	-284.2274	-12.67318	1.334883	0.24632	0.0100607	0.74362	0.2325557
117800	-297.3927	-282.0316	-15.36116	1.724915	0.242972	0.121757	0.635271	0.1177692
118000	-295.162	-275.9916	-19.17043	2.082676	0.201333	0.0570943	0.741573	0.1408459
118200	-295.3583	-281.3918	-13.96652	1.60712	0.254198	0.0483414	0.69746	0.09574192
118400	-293.5418	-271.8917	-21.65001	2.289583	0.182227	0.016939	0.800834	0.1798329
118600	-299.4087	-268.8023	-30.6064	3.215549	0.115954	0.011042	0.873004	0.1523795
118800	-294.0899	-273.7759	-20.31399	2.101181	0.205703	0.00482995	0.789467	0.2338383
119000	-297.192	-267.5863	-29.60573	3.214117	0.143123	0.311541	0.545336	0.05643698
119200	-291.9717	-277.119	-14.85276	1.731861	0.222691	0.00029923	0.77701	0.06171191
119400	-293.8299	-278.2809	-15.54895	1.634756	0.251664	0.00612388	0.742212	0.2218849
119600	-293.8873	-275.196	-18.6913	1.93692	0.194757	0.0176318	0.787611	0.2347167
119800	-293.3841	-279.9038	-13.48029	1.556631	0.231408	0.00510219	0.76349	0.09780377
120000	-292.2848	-276.1292	-16.1556	1.918075	0.247896	0.0048236	0.747281	0.007385187
120200	-295.4823	-273.3512	-22.1311	2.439591	0.150154	0.00403058	0.845815	0.08064042
120400	-295.601	-281.4743	-14.12675	1.69104	0.207709	0.0510619	0.741229	0.03088583
120600	-300.1992	-273.889	-26.31023	2.803537	0.199194	0.205346	0.59546	0.1354061
120800	-295.0471	-273.5783	-21.46877	2.416739	0.182079	0.00161881	0.816302	0.03877691
121000	-299.0744	-275.0284	-24.04597	2.643542	0.138957	0.0289969	0.832046	0.06848431
121200	-296.4655	-270.2411	-26.22437	2.873065	0.183634	0.00996149	0.806405	0.05805506
121400	-295.887	-285.7263	-10.16067	1.285529	0.250398	0.00587409	0.743728	0.03918857
121600	-294.2429	-275.241	-19.0019	2.123036	0.18326	0.0140005	0.80274	0.08543529
121800	-299.8326	-279.6185	-20.21411	2.261595	0.14543	0.00827911	0.84629	0.06666279
122000	-298.4339	-280.1603	-18.27366	1.919067	0.222927	0.0150695	0.762004	0.2169818
122200	-291.8944	-276.4962	-15.39812	1.820495	0.19207	0.00258314	0.805347	0.02853495
122400	-295.0516	-273.0787	-21.97296	2.18924	0.193795	0.00587812	0.800327	0.3098625
122600	-297.5594	-276.6348	-20.92462	2.141044	0.227642	0.0152318	0.757127	0.2553873
122800	-292.8389	-279.2536	-13.58528	1.662308	0.248636	0.00507596	0.746288	0.006161849
123000	-291.8803	-273.0304	-18.84987	2.151062	0.174102	8.78801e-05	0.825811	0.04266577
123200	-293.2901	-276.875	-16.41517	1.758822	0.212319	0.00179135	0.78589	0.1867625
123400	-294.762	-273.1372	-21.62482	2.465111	0.161081	0.0798153	0.759104	0.007344228
123600	-299.9622	-278.6231	-21.33913	2.398513	0.137131	0.170031	0.692837	0.04454716
123800	-295.9985	-271.5278	-24.47068	2.422735	0.171209	0.00972871	0.819063	0.3227694
124000	-296.2436	-277.6705	-18.57317	2.045607	0.229754	0.0313053	0.738941	0.1195284
124200	-295.0168	-272.5936	-22.42318	2.468829	0.184979	0.0106409	0.80438	0.08112918
124400	-296.0521	-271.0774	-24.97462	2.766006	0.175479	0.184464	0.640058	0.04084341
124600	-296.6312	-278.0887	-18.54256	2.154352	0.20129	0.176493	0.622217	0.009661769
124800	-296.6354	-274.3094	-22.326	2.532658	0.188346	0.283556	0.528098	0.009969022
125000	-297.0322	-278.782	-18.25026	2.002987	0.257137	0.0140866	0.728776	0.1294327
125200	-293.2075	-280.1933	-13.01416	1.546016	0.235532	0.00444965	0.760019	0.06354655
125400	-292.2107	-274.7382	-17.47247	2.007539	0.212613	0.00630841	0.781079	0.0485429
125600	-298.5048	-269.5724	-28.93246	2.966343	0.131212	0.188958	0.67983	0.2337971
125800	-295.8813	-274.3227	-21.55864	2.435753	0.161513	0.183253	0.655235	0.0296468
126000	-293.3973	-276.0819	-17.3154	1.937695	0.223903	0.0217398	0.754357	0.1008655
126200	-295.0215	-277.6359	-17.38565	1.882858	0.245159	0.0123848	0.742456	0.1608037
126400	-293.0666	-276.7185	-16.3481	1.916529	0.172196	0.00995298	0.817851	0.02755182
126600	-293.3006	-278.187	-15.11359	1.677758	0.253408	0.000864475	0.745728	0.1384091
126800	-296.0149	-270.0108	-26.0041	2.826479	0.139493	0.0185935	0.841913	0.08157989
127000	-296.8026	-277.5818	-19.22075	1.809361	0.185603	0.00603486	0.808362	0.4048591
127200	-298.2787	-265.7863	-32.49239	3.548602	0.13541	0.327253	0.537337	0.01078324
127400	-296.8247	-274.6088	-22.21593	2.494378	0.167378	0.249608	0.583014	0.03692248
127600	-298.0888	-274.1704	-23.91846	2.663269	0.13396	0.190291	0.675748	0.03788584
127800	-302.5592	-276.4947	-26.06455	2.630765	0.208743	0.180533	0.610724	0.2856637
128000	-302.2069	-272.0695	-30.13734	2.772226	0.193806	0.225388	0.580806	0.5376939
128200	-293.9149	-275.206	-18.70886	2.121972	0.184283	0.0148548	0.800862	0.05800789
128400	-305.2156	-284.689	-20.52665	2.256548	0.176695	0.659843	0.163462	0.1008033
128600	-298.308	-271.025	-27.28301	3.001493	0.118474	0.156153	0.725373	0.03604495
128800	-298.5538	-282.7324	-15.82135	1.860816	0.237309	0.176918	0.585773	0.03068299
129000	-292.8642	-272.9578	-19.9064	2.177632	0.185238	0.00180656	0.812956	0.1202778
129200	-296.9607	-274.6554	-22.30528	2.428054	0.205753	0.111956	0.68229	0.1104247
129400	-297.2572	-279.1873	-18.06991	1.988358	0.193757	0.119695	0.686548	0.1259955
129600	-294.5364	-277.3494	-17.18696	1.974278	0.160841	0.00609397	0.833065	0.05234896
129800	-295.1879	-273.3979	-21.78996	2.403593	0.182029	0.000537064	0.817434	0.08399646
130000	-299.7349	-278.2154	-21.51944	2.451986	0.220757	0.036119	0.743124	0.009812231
130200	-301.452	-266.6934	-34.75856	3.642379	0.108907	0.244085	0.647008	0.1412285
130400	-297.4648	-270.1674	-27.29746	3.01848	0.138412	0.205127	0.656461	0.0211969
130600	-296.7436	-275.7365	-21.00716	2.302495	0.197005	0.0952307	0.707764	0.1061564
130800	-298.8986	-270.2363	-28.66225	2.87265	0.157883	0.256638	0.585478	0.3031167
131000	-298.0539	-271.4926	-26.56131	2.912177	0.123589	0.006943	0.869468	0.05337578
131200	-295.1206	-279.124	-15.99656	1.880425	0.179552	0.0394463	0.781002	0.0283919
131400	-296.2891	-276.2186	-20.07048	2.293459	0.192562	0.224741	0.582698	0.02302132
131600	-293.3798	-275.5226	-17.85717	1.952233	0.227899	0.0170783	0.755023	0.1395991
131800	-291.9953	-277.0309	-14.9644	1.792386	0.251658	0.0074361	0.740906	0.01364739
132000	-298.801	-281.9275	-16.87352	1.931166	0.266956	0.0377357	0.695309	0.06478634
132200	-298.5723	-280.1597	-18.41254	2.094133	0.167801	0.186844	0.645355	0.05521636
132400	-297.6382	-276.1209	-21.51732	2.41808	0.216784	0.109863	0.673353	0.04304762
132600	-294.0279	-278.1251	-15.9028	1.872689	0.23078	0.0288523	0.740368	0.0270647
132800	-295.2757	-281.0043	-14.27138	1.667101	0.2138	0.067925	0.718275	0.06799222
133000	-296.7427	-283.0922	-13.6505	1.636982	0.261587	0.0154388	0.722974	0.03670209
133200	-294.0549	-275.4607	-18.59417	2.06475	0.212911	0.00234911	0.78474	0.1032848
133400	-291.917	-277.2533	-14.66365	1.689393	0.239529	0.00106421	0.759406	0.08384216
133600	-298.3477	-276.5447	-21.80296	2.404401	0.171267	0.206005	0.622728	0.08468364
133800	-296.9246	-279.8415	-17.08316	1.809817	0.196315	0.0670303	0.736655	0.2016005
134000	-296.5899	-279.1634	-17.4265	1.872795	0.24398	0.0519381	0.704082	0.1756325
134200	-296.6029	-275.3735	-21.22931	2.373783	0.165531	0.24963	0.58484	0.05758153
134400	-296.1095	-279.6465	-16.46304	1.571436	0.222376	0.0107528	0.766871	0.3687112
134600	-295.5404	-275.0847	-20.45571	2.328546	0.186386	0.0629799	0.750634	0.02626111
134800	-296.9766	-285.955	-11.02155	1.327745	0.267406	0.0100025	0.722592	0.08160261
135000	-294.4267	-273.8639	-20.56286	2.133021	0.163609	0.00280181	0.83359	0.2250667
135200	-292.1024	-276.6172	-15.48513	1.789184	0.216662	0.00895545	0.774382	0.06702533
135400	-293.4681	-279.3186	-14.14952	1.674824	0.243285	0.00661455	0.7501	0.04844336
135600	-295.1383	-284.7515	-10.38683	1.338444	0.287721	0.0203119	0.691967	0.00998785
135800	-295.3921	-276.8094	-18.58266	2.015048	0.178197	0.0585152	0.763287	0.1482155
136000	-294.6254	-275.6693	-18.95606	1.980149	0.202262	0.00534317	0.792394	0.2203354
136200	-294.4506	-271.1418	-23.30873	2.581398	0.175015	0.017538	0.807447	0.05835069
136400	-296.4617	-274.3412	-22.12055	2.435215	0.214244	0.0554765	0.730279	0.08434799
136600	-294.7284	-276.8127	-17.91575	1.98728	0.221598	0.00586134	0.772541	0.1119236
136800	-297.8219	-269.881	-27.94087	2.881479	0.153784	0.250539	0.595677	0.2182233
137000	-295.8698	-276.8204	-19.04937	2.196129	0.231284	0.0340131	0.734703	0.01855926
137200	-295.9773	-280.2098	-15.76752	1.724296	0.218507	0.0672386	0.714254	0.1570014
137400	-294.0296	-273.938	-20.09155	2.278246	0.19019	0.0264279	0.783383	0.03998288
137600	-294.1006	-279.958	-14.14264	1.588412	0.241081	0.0308877	0.728031	0.1302414
137800	-300.3335	-272.7872	-27.54623	2.962086	0.169833	0.253676	0.576491	0.1043608
138000	-293.2615	-275.0535	-18.20796	1.96566	0.220287	0.00281975	0.776893	0.1593505
138200	-294.3715	-275.0143	-19.35723	1.8886	0.194557	0.000834889	0.804608	0.3434465
138400	-292.8123	-274.6182	-18.19406	2.107244	0.192819	0.0424589	0.764722	0.02165936
138600	-292.2963	-278.5888	-13.70748	1.671404	0.240655	0.0209806	0.738365	0.009163609
138800	-295.5591	-271.5508	-24.00824	2.685979	0.155699	0.172907	0.671394	0.02455326
139000	-295.8838	-279.1513	-16.73253	1.784243	0.246248	0.0590088	0.694743	0.1921427
139200	-301.5277	-269.9204	-31.60723	3.447441	0.143302	0.0539483	0.802749	0.02281622
139400	-297.0445	-269.5473	-27.49722	3.0345	0.173404	0.161672	0.664924	0.02496327
139600	-297.7044	-280.0328	-17.67158	1.98181	0.23627	0.0307205	0.733009	0.09446086
139800	-295.8103	-279.1833	-16.62693	1.812964	0.228468	0.012849	0.758683	0.1547509
140000	-294.1642	-279.7205	-14.44371	1.752848	0.173049	0.00724587	0.819705	0.001583016
140200	-293.9179	-280.4992	-13.41872	1.577565	0.257026	0.0113288	0.731645	0.07198981
140400	-293.8866	-277.5147	-16.37183	1.791372	0.218192	0.0108413	0.770967	0.1518284
140600	-294.7429	-283.7666	-10.97634	1.402944	0.21973	0.0112783	0.768991	0.00461905
140800	-292.698	-275.3309	-17.36717	1.975759	0.178252	0.00234498	0.819403	0.06856224
141000	-294.0076	-278.5351	-15.47255	1.763595	0.202563	0.000506421	0.79693	0.09081392
141200	-294.1926	-277.9533	-16.23935	1.638596	0.250028	0.00675063	0.743221	0.2845683
141400	-295.4697	-274.5033	-20.96632	2.327269	0.186364	0.0811045	0.732532	0.07760912
141600	-292.8257	-272.418	-20.40769	2.258807	0.204049	0.0109056	0.785045	0.08969031
141800	-301.6949	-270.0432	-31.65175	3.24586	0.182721	0.072009	0.74527	0.2273157
142000	-295.2624	-276.2452	-19.0172	2.18577	0.197449	0.135251	0.6673	0.02524158
142200	-294.2139	-277.6021	-16.61189	1.955249	0.206504	0.052837	0.740659	0.01540273
142400	-295.179	-277.8026	-17.37648	1.989874	0.193114	0.0591141	0.747772	0.05661061
142600	-294.6788	-274.6658	-20.01306	2.308771	0.202524	0.00573109	0.791745	0.002550949
142800	-294.845	-273.1639	-21.68105	2.338346	0.19329	0.0047696	0.80194	0.1380959
143000	-295.9575	-279.4585	-16.49897	1.659825	0.211093	0.00567615	0.783231	0.2885675
143200	-295.4011	-273.8002	-21.6009	2.388018	0.179659	0.0853063	0.735035	0.07947807
143400	-292.9449	-273.205	-19.73982	2.083437	0.184305	0.0072562	0.808439	0.194153
143600	-296.5803	-272.2824	-24.29797	2.699965	0.170102	0.077239	0.752659	0.03962115
143800	-299.4885	-280.4768	-19.01168	1.929678	0.219634	0.10958	0.670786	0.2766728
144000	-296.2372	-276.2826	-19.95466	1.926279	0.207701	0.00118925	0.79111	0.370269
144200	-298.1847	-285.0274	-13.15734	1.377226	0.215739	0.0263385	0.757922	0.2379041
144400	-294.3042	-281.7354	-12.56875	1.515394	0.222056	0.0166661	0.761278	0.04983268
144600	-296.7639	-277.07	-19.69384	2.198338	0.210807	0.016443	0.77275	0.07930424
144800	-293.3407	-275.2398	-18.1008	2.107742	0.228671	0.00630916	0.76502	0.01202819
145000	-297.199	-275.4303	-21.76872	2.315827	0.18866	0.182393	0.628947	0.167679
145200	-297.0011	-268.7148	-28.28622	3.063434	0.16362	0.221206	0.615175	0.07455339
145400	-298.1135	-283.6363	-14.47715	1.720465	0.282776	0.099487	0.617737	0.03609447
145600	-294.6192	-275.0922	-19.52699	2.220292	0.183639	0.0207018	0.795659	0.0415996
145800	-291.0354	-276.0172	-15.01817	1.80338	0.218688	0.00773694	0.773575	0.008271354
146000	-296.7701	-273.3553	-23.41483	2.647676	0.168553	0.118835	0.712612	0.003861307
146200	-295.5053	-281.5351	-13.97024	1.646052	0.25447	0.0318878	0.713642	0.05879225
146400	-297.1101	-279.1736	-17.93656	2.07438	0.219617	0.224381	0.556003	0.02848644
146600	-300.6756	-271.0196	-29.65596	3.116816	0.119144	0.245217	0.63564	0.1579798
146800	-291.742	-273.1768	-18.56526	2.152715	0.198118	0.00381189	0.798071	0.01353071
147000	-293.5735	-273.8315	-19.74196	2.233855	0.189751	0.00845479	0.801795	0.04865742
147200	-297.8243	-267.919	-29.9053	3.173882	0.141305	0.232546	0.626148	0.1236493
147400	-295.3459	-269.6263	-25.71962	2.733866	0.150487	0.00963477	0.839878	0.1449019
147600	-296.7858	-279.4781	-17.30769	1.890797	0.186861	0.0419348	0.771204	0.1437389
147800	-296.2137	-280.1278	-16.08583	1.808135	0.214404	0.00880516	0.77679	0.1052126
148000	-294.391	-279.8513	-14.53974	1.728207	0.257906	0.0347709	0.707323	0.03486938
148200	-293.7618	-275.5012	-18.26055	2.094524	0.204536	0.0219333	0.773531	0.04062937
148400	-293.0579	-279.8398	-13.21814	1.601408	0.229145	0.0185578	0.752297	0.02959841
148600	-292.7398	-277.9928	-14.74706	1.78366	0.195338	0.0081921	0.79647	0.001107216
148800	-295.7566	-275.398	-20.35853	2.262675	0.186483	0.162113	0.651403	0.08071423
149000	-299.3371	-280.739	-18.59809	2.117271	0.211444	0.199281	0.589276	0.05143643
149200	-295.0925	-279.1968	-15.89571	1.82756	0.240492	0.0525154	0.706993	0.07055393
149400	-297.3929	-275.3685	-22.02448	2.494187	0.183367	0.0116188	0.805014	0.01813207
149600	-295.8871	-272.0902	-23.79686	2.675608	0.159907	0.0457421	0.794351	0.01377722
149800	-293.7154	-274.9671	-18.74835	2.049672	0.189546	0.0321526	0.778302	0.1305292
150000	-298.0808	-273.0266	-25.05419	2.643927	0.15671	0.139712	0.703578	0.1700045
150200	-296.8015	-274.5908	-22.21069	2.490085	0.143059	0.22032	0.636621	0.04023943
150400	-295.4903	-280.7936	-14.69676	1.59437	0.274371	0.0387254	0.686904	0.1787801
150600	-295.8662	-272.4399	-23.42624	2.584988	0.153136	0.042011	0.804853	0.06665028
150800	-298.5145	-281.5998	-16.91472	1.869858	0.212613	0.0193408	0.768046	0.1264218
151000	-293.555	-280.7206	-12.83435	1.559236	0.287027	0.0111533	0.701819	0.03323648
151200	-292.6887	-273.0506	-19.63811	2.257955	0.212403	0.00346752	0.78413	0.01558908
151400	-293.3918	-273.5445	-19.84731	2.232908	0.16871	0.0420804	0.78921	0.0602482
151600	-296.3464	-278.5063	-17.84017	2.021413	0.182751	0.0141331	0.803116	0.07144442
151800	-294.2567	-278.9681	-15.28857	1.810772	0.282248	0.00119879	0.716553	0.0274286
152000	-297.7248	-270.5562	-27.16859	3.008314	0.118938	0.195185	0.685877	0.01867874
152200	-293.7504	-275.3795	-18.37093	2.068418	0.17433	0.0294997	0.79617	0.0763203
152400	-294.0256	-273.7632	-20.26235	2.261781	0.182425	0.0107639	0.806811	0.07345925
152600	-297.3346	-277.6881	-19.64648	2.220535	0.213443	0.127474	0.659083	0.05261051
152800	-296.5061	-271.4027	-25.10341	2.817309	0.145167	0.278327	0.576506	0.003049386
153000	-299.3362	-276.5463	-22.7899	2.491874	0.149402	0.228274	0.622324	0.09609104
153200	-294.2218	-277.1928	-17.02899	2.004104	0.188669	0.0376239	0.773707	0.008596531
153400	-294.183	-280.4046	-13.77839	1.654718	0.268409	0.00675683	0.724834	0.03253709
153600	-296.0184	-278.2376	-17.78073	2.071035	0.139282	0.00364107	0.857077	0.01665311
153800	-298.0858	-272.9251	-25.16067	2.608876	0.166618	0.131249	0.702133	0.2114544
154000	-295.1245	-276.6032	-18.52121	2.14891	0.154036	0.0403832	0.80558	0.01293307
154200	-297.9527	-276.7505	-21.20217	2.430027	0.133595	0.234796	0.631609	0.0002967795
154400	-298.774	-277.1226	-21.65143	2.339216	0.166849	0.234188	0.598963	0.1363809
154600	-294.7657	-274.277	-20.4887	2.239895	0.196422	0.0181205	0.785457	0.1166405
154800	-292.8598	-275.4267	-17.4331	2.042958	0.21988	0.0368799	0.74324	0.01013058
155000	-291.4302	-275.6798	-15.75037	1.868034	0.20911	0.00621227	0.784678	0.01654964
155200	-297.152	-284.0751	-13.07695	1.571466	0.272334	0.0916627	0.636003	0.04466832
155400	-295.3522	-271.1451	-24.20717	2.586465	0.160231	0.0227276	0.817041	0.141219
155600	-296.4579	-283.9807	-12.47726	1.545155	0.267765	0.00401366	0.728221	0.01254635
155800	-296.5346	-269.5283	-27.00622	2.956614	0.155898	0.0164249	0.827677	0.05301522
156000	-295.6892	-278.2674	-17.42185	1.654117	0.233167	0.0197492	0.747084	0.3828009
156200	-294.0091	-275.9805	-18.02856	1.854844	0.22535	0.000691874	0.773958	0.2494741
156400	-295.1966	-284.9646	-10.23198	1.305551	0.253726	0.00642904	0.739845	0.0267634
156600	-294.7625	-280.6534	-14.10915	1.537025	0.280244	0.00197746	0.717779	0.1784381
156800	-294.8614	-283.1087	-11.75276	1.420635	0.32017	0.00964793	0.670182	0.06211745
157000	-295.009	-276.3612	-18.64773	1.900209	0.191601	0.0205039	0.787895	0.2666096
157200	-295.1137	-276.6032	-18.51051	2.021016	0.19812	0.00390368	0.797977	0.1368404
157400	-295.6075	-274.7959	-20.81162	2.234927	0.201295	0.0624998	0.736205	0.1534137
157600	-297.2156	-274.2332	-22.98238	2.593751	0.170537	0.281808	0.547655	0.01463641
157800	-296.6536	-280.2402	-16.41333	1.899246	0.17614	0.00421591	0.819644	0.05057536
158000	-295.2567	-280.6349	-14.62173	1.606179	0.239091	0.0268088	0.7341	0.1613414
158200	-294.9159	-279.838	-15.07789	1.728902	0.176978	0.000799136	0.822223	0.0850246
158400	-294.0684	-278.6934	-15.37494	1.826466	0.186854	0.00741671	0.805729	0.02046397
158600	-295.9693	-275.3084	-20.66093	2.102358	0.221735	0.0208853	0.75738	0.2646388
158800	-298.3087	-274.9178	-23.39087	2.539078	0.129942	0.150166	0.719892	0.1076023
159000	-301.9402	-278.1517	-23.78854	2.454208	0.245654	0.108492	0.645854	0.2330259
159200	-292.4355	-275.138	-17.29747	2.039066	0.198693	0.00843018	0.792877	0.0007684966
159400	-294.1527	-273.0562	-21.09651	2.415417	0.196993	0.0153181	0.787689	0.004285407
159600	-293.5251	-276.3852	-17.13996	1.934877	0.251079	0.0177703	0.731151	0.08651571
159800	-294.0608	-278.752	-15.30884	1.793522	0.187696	0.00437358	0.80793	0.0459638
160000	-295.3692	-278.898	-16.47121	1.814618	0.227475	0.013643	0.758882	0.1393627
160200	-296.3318	-279.74	-16.59179	1.851432	0.195271	0.0515887	0.753141	0.1127389
160400	-297.6753	-277.7421	-19.93317	2.302103	0.216973	0.149645	0.633382	0.001280666
160600	-296.2716	-275.1126	-21.159	2.24188	0.197224	0.0852464	0.717529	0.1779613
160800	-294.8467	-276.6991	-18.14763	1.98127	0.216297	0.0413625	0.74234	0.1400231
161000	-295.1781	-281.6739	-13.50415	1.462907	0.246083	0.00983453	0.744083	0.1895786
161200	-295.6462	-274.4592	-21.18694	2.368486	0.221459	0.0523757	0.726165	0.05915018
161400	-299.2629	-270.167	-29.09586	3.172319	0.124101	0.31031	0.565589	0.04589181
161600	-296.0216	-274.1788	-21.84276	2.490713	0.146933	0.0831384	0.769928	0.003549616
161800	-295.6369	-269.5288	-26.10808	2.734175	0.155839	0.00815989	0.836001	0.1818256
162000	-291.7203	-273.9488	-17.77151	2.026437	0.202088	0.00131538	0.796597	0.05923074
162200	-301.3097	-280.0328	-21.27684	2.243078	0.137942	0.398915	0.463142	0.1938585
162400	-293.2224	-277.5968	-15.62559	1.845356	0.246112	0.00500199	0.748886	0.02664436
162600	-294.3351	-274.801	-19.53409	2.146303	0.201944	0.0595392	0.738517	0.1138978
162800	-297.7771	-277.6099	-20.16714	2.14971	0.235492	0.0240575	0.74045	0.1704707
163000	-297.2979	-278.0224	-19.27554	1.849982	0.203474	0.0362418	0.760284	0.3722686
163200	-292.1059	-274.0744	-18.03148	2.107095	0.191111	0.0078172	0.801072	0.005939429
163400	-299.4874	-270.4661	-29.02123	2.907719	0.142257	0.022249	0.835494	0.2957103
163600	-295.4649	-281.7488	-13.71613	1.60523	0.292747	0.0206015	0.686652	0.07363977
163800	-295.0506	-268.512	-26.53863	2.925504	0.157025	0.0455071	0.797468	0.03756183
164000	-294.5321	-277.3462	-17.1859	1.901471	0.198595	0.0311496	0.770255	0.1230872
164200	-295.1909	-274.2091	-20.98185	2.195798	0.215882	0.000344634	0.783774	0.2069813
164400	-291.9473	-273.8517	-18.09562	2.094172	0.205833	0.0170422	0.777124	0.02466071
164600	-296.4562	-276.6013	-19.85486	2.187271	0.196689	0.0753497	0.727961	0.1052564
164800	-292.2395	-276.2068	-16.03274	1.879961	0.231835	0.00618238	0.761982	0.03220732
165000	-298.4762	-276.3548	-22.12137	2.322377	0.234211	0.0476941	0.718095	0.1959977
165200	-297.0644	-271.9892	-25.07525	2.801222	0.144951	0.232331	0.622718	0.01659135
165400	-296.569	-286.2177	-10.35134	1.333827	0.254736	0.047741	0.697523	0.01102722
165600	-292.9803	-273.3207	-19.65959	2.1348	0.19259	0.0250958	0.782314	0.1370647
165800	-297.9537	-275.7143	-22.23934	2.533808	0.171324	0.339998	0.488677	0.0002263219
166000	-297.7195	-267.3649	-30.35458	3.194944	0.151009	0.179008	0.669982	0.1468426
166200	-295.9755	-269.2444	-26.73108	2.965002	0.142193	0.157324	0.700483	0.01777057
166400	-292.9414	-276.6955	-16.24587	1.776486	0.222732	0.00526455	0.772004	0.1530068
166600	-295.7487	-278.3278	-17.42089	2.037146	0.256832	0.0257937	0.717374	0.01465919
166800	-294.2546	-279.0538	-15.20072	1.721506	0.252779	0.0311246	0.716097	0.1043185
167000	-295.5829	-276.1465	-19.43638	1.803925	0.213319	0.00152687	0.785154	0.4328495
167200	-291.5085	-273.4608	-18.04768	2.107675	0.209853	0.00148699	0.78866	0.007010235
167400	-295.5816	-283.6937	-11.88789	1.440824	0.258884	0.0282826	0.712834	0.05639072
167600	-293.1122	-271.1522	-21.95991	2.477976	0.159845	0.0234592	0.816696	0.02736738
167800	-294.7539	-276.1225	-18.6314	2.16269	0.205664	0.0776659	0.71667	0.01037506
168000	-291.79	-271.0554	-20.73463	2.355695	0.183627	0.00371538	0.812657	0.02706344
168200	-294.9168	-270.7568	-24.15995	2.688573	0.16096	0.107048	0.731992	0.03667788
168400	-294.989	-274.9541	-20.03485	2.207327	0.181513	0.0276731	0.790814	0.104612
168600	-299.0474	-284.2919	-14.75544	1.612025	0.272638	0.0560283	0.671334	0.170979
168800	-296.1723	-274.2085	-21.96372	2.485876	0.184228	0.0173679	0.798404	0.02023216
169000	-297.3734	-273.7431	-23.63025	2.584815	0.155299	0.260456	0.584245	0.08819329
169200	-297.8258	-272.9376	-24.88821	2.782183	0.182201	0.0808467	0.736952	0.01633505
169400	-297.5489	-274.1503	-23.39859	2.588481	0.183652	0.0929714	0.723376	0.06071478
169600	-296.6152	-275.515	-21.10018	2.327383	0.15535	0.00686121	0.837788	0.09001655
169800	-292.7335	-275.1139	-17.61963	2.045747	0.199323	0.0343356	0.766341	0.02535995
170000	-291.915	-273.0307	-18.88428	2.160094	0.192097	0.00524607	0.802657	0.0373823
170200	-296.0842	-285.0425	-11.04177	1.361927	0.272147	0.011103	0.71675	0.05080276
170400	-291.8362	-273.6879	-18.14833	2.085497	0.204704	0.0205528	0.774743	0.03829608
170600	-299.6154	-276.8584	-22.75696	2.361867	0.180174	0.10461	0.715216	0.2180636
170800	-296.1429	-275.0663	-21.07656	2.327536	0.19423	0.0265152	0.779255	0.08871865
171000	-294.6775	-279.3107	-15.36681	1.587576	0.262987	0.00193294	0.73508	0.2485104
171200	-295.3755	-279.1887	-16.18681	1.842708	0.211064	0.0134771	0.775458	0.08232349
171400	-292.5246	-273.3506	-19.17398	2.204775	0.206455	0.00983274	0.783712	0.02227171
171600	-302.6637	-276.2669	-26.39681	2.758523	0.146414	0.37017	0.483417	0.1854871
171800	-293.6107	-277.7877	-15.82291	1.706766	0.259322	0.000715279	0.739962	0.1790999
172000	-297.8356	-272.2721	-25.56353	2.662856	0.197985	0.0135318	0.788483	0.2006546
172200	-294.7083	-280.006	-14.70231	1.720116	0.201099	0.0564908	0.74241	0.05791243
172400	-299.0977	-268.6357	-30.46192	3.272507	0.149614	0.205399	0.644987	0.08335362
172600	-296.0858	-281.2112	-14.87461	1.756442	0.192129	0.025986	0.781885	0.04035252
172800	-294.0263	-270.9854	-23.04096	2.421453	0.175912	0.0117092	0.812378	0.1872301
173000	-293.6957	-276.5642	-17.13149	1.853748	0.20948	0.000506253	0.790014	0.1654204
173200	-299.3877	-278.0968	-21.29087	2.312891	0.180243	0.342964	0.476794	0.1223675
173400	-295.0919	-270.5435	-24.54834	2.759661	0.153355	0.0757632	0.770882	0.005160107
173600	-297.3955	-286.9009	-10.49453	1.345956	0.309682	0.013321	0.676997	0.01323396
173800	-297.7582	-279.224	-18.53416	1.931093	0.191448	0.0148879	0.793665	0.2235605
174000	-294.7428	-275.0954	-19.64739	2.164051	0.211277	0.0027384	0.785984	0.1068735
174200	-294.76	-275.9641	-18.79592	1.954357	0.244497	0.00937942	0.746124	0.2284746
174400	-294.7648	-279.5957	-15.16915	1.772187	0.241317	0.00338473	0.755298	0.05306387
174600	-298.6718	-287.323	-11.34877	1.335562	0.311043	0.00300001	0.685957	0.1066566
174800	-292.5382	-275.6678	-16.87032	1.994609	0.210498	0.0195515	0.76995	0.002444966
175000	-293.5626	-271.0301	-22.53251	2.52938	0.192842	0.0169525	0.790205	0.03319376
175200	-293.9857	-279.2247	-14.76095	1.733014	0.242037	0.0505265	0.707437	0.05153916
175400	-294.4861	-276.6991	-17.78695	1.817274	0.21987	0.00597184	0.774158	0.263129
175600	-296.2485	-274.96	-21.28852	2.130246	0.183472	0.0364066	0.780121	0.3013806
175800	-297.5778	-278.0711	-19.50666	2.018265	0.231762	0.0265527	0.741685	0.23297
176000	-292.8329	-281.0211	-11.81184	1.481482	0.255716	0.00745505	0.736829	0.009486294
176200	-295.2307	-271.6057	-23.62499	2.330003	0.18671	0.0172693	0.796021	0.3322226
176400	-297.0766	-274.9658	-22.11087	2.119447	0.189082	0.0288088	0.78211	0.3927646
176600	-300.0113	-274.3028	-25.70846	2.632891	0.162725	0.37422	0.463055	0.2433551
176800	-294.7531	-276.7031	-18.04994	2.029477	0.185705	0.00997697	0.804318	0.08387023
177000	-293.4116	-268.6809	-24.73069	2.766232	0.16385	0.0058779	0.830272	0.0165852
177200	-299.053	-273.3945	-25.65845	2.678577	0.149412	0.217511	0.633077	0.1924106
177400	-299.1624	-272.3335	-26.82887	2.929538	0.165886	0.395681	0.438432	0.06218767
177600	-295.8881	-280.449	-15.43906	1.722565	0.284444	0.00801926	0.707537	0.1258826
177800	-291.8	-278.9732	-12.82677	1.579644	0.250979	0.00353161	0.745489	0.01265133
178000	-296.3555	-275.8822	-20.4733	2.354117	0.19888	0.047472	0.753648	0.003198106
178200	-297.0751	-272.4031	-24.67203	2.592812	0.171481	0.0605615	0.767957	0.1789425
178400	-297.3298	-278.4805	-18.84928	1.950473	0.199188	0.0447121	0.7561	0.2371373
178600	-296.1249	-276.6687	-19.45622	1.954963	0.187204	0.0232849	0.789511	0.2922051
178800	-297.8262	-273.2583	-24.5679	2.696588	0.167767	0.329595	0.502638	0.06943127
179000	-294.2646	-275.2094	-19.05519	2.150068	0.218518	0.0279148	0.753568	0.0633771
179200	-293.5985	-276.2624	-17.33615	2.038753	0.178992	0.0286464	0.792362	0.004850953
179400	-293.6534	-270.3191	-23.33431	2.630384	0.170542	0.0191119	0.810346	0.01279974
179600	-292.9848	-277.474	-15.51087	1.803489	0.211515	0.0397271	0.748758	0.05557673
179800	-292.8664	-271.2659	-21.60048	2.421543	0.179797	0.0253494	0.794854	0.04741026
180000	-293.8213	-282.5687	-11.2526	1.423831	0.220714	0.00814601	0.77114	0.01104848
180200	-297.7194	-284.0898	-13.62953	1.485943	0.27219	0.0161795	0.711631	0.1821964
180400	-296.4093	-273.2385	-23.17076	2.399344	0.149366	0.0130936	0.83754	0.2200523
180600	-294.3348	-273.2917	-21.04316	2.27184	0.165652	0.00208386	0.832264	0.1391833
180800	-292.0511	-275.0864	-16.96478	2.003686	0.190138	0.0270803	0.782782	0.002801791
181000	-294.3874	-271.4425	-22.94491	2.562781	0.170002	0.0210638	0.808934	0.04064648
181200	-297.7924	-274.8282	-22.96419	2.19637	0.214004	0.0142563	0.77174	0.3958873
181400	-292.4342	-275.756	-16.67824	1.97275	0.179114	0.0265811	0.794305	0.005010338
181600	-296.014	-281.9182	-14.09583	1.665536	0.225249	0.0516689	0.723082	0.05211359
181800	-297.5185	-280.7945	-16.724	1.946954	0.274196	0.076296	0.649508	0.03483565
182000	-301.0511	-273.8555	-27.19558	2.726013	0.129763	0.214228	0.656008	0.3054593
182200	-293.0844	-277.2804	-15.80405	1.865827	0.185653	0.0282686	0.786079	0.02374324
182400	-294.2361	-279.2579	-14.97819	1.584275	0.256652	0.0093914	0.733957	0.2156124
182600	-293.3684	-274.5688	-18.7996	2.043142	0.203974	0.0033795	0.792646	0.1430873
182800	-296.7882	-273.8191	-22.96905	2.559591	0.167398	0.209161	0.62344	0.0468431
183000	-292.4061	-278.9587	-13.44745	1.5932	0.213777	0.00412202	0.782101	0.059269
183200	-298.7152	-266.2951	-32.42005	3.490345	0.15305	0.256959	0.589991	0.06148288
183400	-295.6069	-283.3216	-12.28525	1.393152	0.252927	0.00637276	0.7407	0.1407134
183600	-294.6839	-282.5193	-12.1646	1.481713	0.209293	0.00971748	0.780989	0.04308905
183800	-294.9655	-279.9323	-15.03313	1.736955	0.240898	0.052579	0.706523	0.07331872
184000	-295.7246	-278.0915	-17.63303	1.910417	0.180252	0.0275369	0.792211	0.1582833
184200	-296.6569	-271.3995	-25.2574	2.828525	0.181742	0.02211	0.796148	0.007219215
184400	-296.5191	-281.5291	-14.99004	1.775264	0.233131	0.117633	0.649235	0.03247885
184600	-296.2426	-276.5101	-19.73249	2.064658	0.2048	0.0372281	0.757972	0.2141028
184800	-292.6796	-274.6327	-18.04695	2.02689	0.184625	0.0138079	0.801567	0.08541722
185000	-292.8137	-276.4913	-16.32248	1.84834	0.228597	0.0265567	0.744847	0.09061046
185200	-293.6555	-281.196	-12.4595	1.528733	0.262096	0.0153736	0.72253	0.02631072
185400	-295.1077	-278.2075	-16.90018	1.824285	0.197915	0.028731	0.773354	0.1712825
185600	-299.6529	-271.163	-28.48985	2.944246	0.12006	0.060294	0.819646	0.2087395
185800	-293.7423	-275.7941	-17.94822	1.979873	0.210409	0.0312655	0.758325	0.1209867
186000	-294.2259	-275.9847	-18.24129	2.086657	0.163081	0.013074	0.823845	0.0462456
186200	-295.92	-280.4764	-15.44357	1.717808	0.232455	0.0649795	0.702565	0.1307851
186400	-293.1892	-275.7525	-17.43667	2.001779	0.203032	0.0131108	0.783857	0.05078261
186600	-294.1345	-274.3247	-19.80986	2.261159	0.170733	0.0386039	0.790663	0.02903547
186800	-296.751	-269.3366	-27.4144	3.021841	0.13527	0.0796839	0.785046	0.02927854
187000	-293.6506	-279.2823	-14.3683	1.618142	0.203637	0.00442741	0.791936	0.1239691
187200	-296.8078	-271.0241	-25.78373	2.747743	0.170154	0.119182	0.710664	0.1379528
187400	-292.4875	-272.307	-20.18056	2.222652	0.183509	0.00189745	0.814593	0.1027589
187600	-295.2834	-282.7986	-12.48479	1.530595	0.194648	0.00819403	0.797158	0.02710133
187800	-292.6787	-275.3903	-17.28846	2.015095	0.229468	0.00039774	0.770134	0.02336195
188000	-296.3965	-272.6002	-23.79631	2.611436	0.193692	0.148683	0.657625	0.0765181
188200	-294.7612	-280.1432	-14.61797	1.729957	0.211767	0.0628902	0.725343	0.04056539
188400	-294.7522	-280.1311	-14.62118	1.703857	0.203346	0.0188533	0.777801	0.06588844
188600	-295.0814	-278.4757	-16.60571	1.884764	0.167056	0.00620041	0.826744	0.08222289
188800	-295.7023	-274.2797	-21.42265	2.317152	0.152706	0.0126135	0.83468	0.131912
189000	-291.3494	-276.2704	-15.07902	1.781417	0.210302	0.00220909	0.787489	0.03514559
189200	-293.7632	-278.9311	-14.83203	1.718902	0.240862	0.0200342	0.739103	0.07256631
189400	-297.3007	-272.8889	-24.41181	2.51204	0.190459	0.0919073	0.717633	0.2348804
189600	-292.9618	-277.4548	-15.50705	1.828336	0.184032	0.00317031	0.812797	0.03155201
189800	-294.6588	-270.9353	-23.72343	2.627303	0.139455	0.0243507	0.836194	0.05383469
190000	-296.6444	-282.7273	-13.91715	1.636064	0.248638	0.060064	0.691298	0.06267229
190200	-295.8215	-283.8511	-11.97042	1.387696	0.266833	0.0182499	0.714917	0.1152502
190400	-294.535	-272.9269	-21.60806	2.368089	0.187442	0.0772099	0.735349	0.1002169
190600	-297.0843	-267.7016	-29.3827	3.225546	0.122718	0.0268649	0.850417	0.02243294
190800	-291.2151	-274.8276	-16.38753	1.921823	0.212094	0.00642053	0.781486	0.02606448
191000	-296.2474	-272.8382	-23.40923	2.586622	0.19865	0.103939	0.69741	0.06317147
191200	-297.1408	-274.6668	-22.47405	2.384447	0.160828	0.176391	0.662781	0.1683419
191400	-293.4442	-275.6465	-17.79763	1.976974	0.212285	0.0149761	0.772739	0.1094855
191600	-294.5382	-281.1408	-13.3974	1.647927	0.231783	0.0468227	0.721395	0.001845891
191800	-295.4977	-273.4258	-22.0719	2.355119	0.206608	0.0414767	0.751915	0.1572605
192000	-295.3787	-276.2379	-19.14077	2.205895	0.196835	0.0695441	0.733621	0.01804252
192200	-292.8814	-271.3439	-21.5375	2.424375	0.168356	0.0280832	0.803561	0.0383846
192400	-297.5494	-277.3722	-20.17713	2.295545	0.160717	0.331109	0.508175	0.03189721
192600	-294.2307	-269.9278	-24.3029	2.664436	0.170845	0.0188022	0.810353	0.07434204
192800	-294.2628	-281.5498	-12.71297	1.556442	0.267371	0.0229333	0.709696	0.02389906
193000	-294.1122	-272.6281	-21.48406	2.400709	0.156118	0.0425496	0.801332	0.05638198
193200	-295.9377	-272.1402	-23.7975	2.59736	0.175855	0.0939365	0.730209	0.08973472
193400	-296.1163	-274.1917	-21.92454	2.451373	0.158402	0.203902	0.637695	0.05009333
193600	-296.5978	-279.058	-17.5398	2.045466	0.202764	0.0484286	0.748808	0.01818697
193800	-294.7744	-274.218	-20.55644	2.197088	0.181612	0.0499866	0.768401	0.1644399
194000	-295.58	-275.6197	-19.96026	2.252911	0.176615	0.131153	0.692231	0.05167928
194200	-292.6512	-274.8355	-17.81566	2.021348	0.210355	2.86681e-05	0.789616	0.06766065
194400	-296.8739	-271.3516	-25.52233	2.859973	0.188764	0.0832737	0.727962	0.002343933
194600	-293.8549	-273.5186	-20.33635	2.224465	0.190444	0.00906842	0.800487	0.1170609
194800	-295.3913	-270.7798	-24.61146	2.688185	0.146659	0.0296493	0.823692	0.08122757
195000	-302.3388	-285.8207	-16.51811	1.703789	0.162262	0.0788561	0.758882	0.2495998
195200	-293.3463	-280.9901	-12.35624	1.545716	0.229893	0.0279955	0.742112	1.643771e-05
195400	-296.827	-284.0192	-12.8078	1.570901	0.243248	0.0282001	0.728552	0.01922986
195600	-294.4908	-280.2517	-14.23908	1.641579	0.183092	0.00411339	0.812795	0.08876292
195800	-295.6697	-273.028	-22.64165	2.415981	0.191484	0.0416316	0.766884	0.1551069
196000	-294.2528	-280.5967	-13.65607	1.668213	0.217525	0.070688	0.711787	0.007228008
196200	-296.8886	-276.8977	-19.99092	2.261947	0.186891	0.240618	0.572491	0.04669945
196400	-294.7916	-275.3658	-19.42583	2.207401	0.194222	0.0807653	0.725013	0.0442776
196600	-294.0174	-274.8548	-19.16264	2.198677	0.210763	0.0796597	0.709577	0.02696421
196800	-291.6652	-277.0723	-14.59292	1.731331	0.241018	0.00645572	0.752526	0.03690059
197000	-298.8013	-274.5165	-24.28486	2.693053	0.174538	0.412547	0.412915	0.04484383
197200	-294.6942	-276.4077	-18.28646	2.096572	0.216783	0.0262708	0.756946	0.04136831
197400	-295.9894	-272.9894	-22.99992	2.419991	0.188988	0.0842381	0.726774	0.1847785
197600	-296.3685	-277.375	-18.99353	1.991134	0.23368	0.0427487	0.723572	0.2121999
197800	-302.4282	-281.2451	-21.18314	2.375115	0.194065	0.266726	0.539209	0.05407547
198000	-295.2586	-277.2521	-18.0065	1.980387	0.180371	0.0257825	0.793847	0.1276217
198200	-291.8684	-276.6332	-15.23514	1.779106	0.240143	0.00476954	0.755088	0.05256608
198400	-294.8285	-278.3055	-16.52298	1.810622	0.209986	0.0244333	0.765581	0.1474903
198600	-292.131	-274.5764	-17.55463	1.941148	0.216424	0.00264856	0.780927	0.1204871
198800	-291.7507	-275.5452	-16.20549	1.883662	0.21928	0.00576292	0.774957	0.04553463
199000	-292.7511	-275.3547	-17.39648	2.010333	0.199824	0.0403803	0.759796	0.03836584
199200	-293.929	-274.612	-19.31694	2.21511	0.169968	0.0202947	0.809737	0.02616677
199400	-291.8223	-278.3988	-13.42347	1.637101	0.233221	0.00201627	0.764763	0.01488998
199600	-295.9628	-276.2083	-19.75454	2.119147	0.216259	0.00929345	0.774448	0.1629792
199800	-292.2697	-274.4955	-17.77416	2.060321	0.195626	0.0203264	0.784048	0.02633555
200000	-300.4521	-279.6546	-20.79742	1.965394	0.234337	0.0412084	0.724455	0.406074
