Iteration	Posterior	Likelihood	Prior	branch_rates	speciation_rate
0	-735.1596	-716.6475	-18.51215	0.286505	0.1338558
200	-734.2688	-716.7841	-17.48468	0.3129122	0.01922026
400	-731.2032	-713.5998	-17.60344	0.3080656	0.03401569
600	-737.3359	-719.2289	-18.10699	0.2652449	0.1182567
800	-735.0646	-716.9427	-18.12196	0.3379785	0.05507123
1000	-738.3864	-719.1483	-19.23814	0.328363	0.1664857
1200	-743.0267	-725.5744	-17.45224	0.2713582	0.05553003
1400	-737.3981	-718.8311	-18.56702	0.3761729	0.06143182
1600	-737.0222	-718.596	-18.42617	0.3038662	0.116351
1800	-735.1012	-717.8682	-17.23303	0.3021628	0.006431322
2000	-736.5826	-717.7973	-18.7853	0.3831878	0.07388318
2200	-734.3936	-716.1268	-18.2668	0.334222	0.07229323
2400	-733.353	-715.727	-17.62605	0.2814315	0.06007889
2600	-737.2972	-719.104	-18.19319	0.2504029	0.1352342
2800	-741.9185	-722.2353	-19.68315	0.3065397	0.2252898
3000	-736.9142	-719.074	-17.84019	0.3053637	0.05748219
3200	-735.8652	-717.4819	-18.38332	0.3217918	0.09366444
3400	-739.9364	-722.4493	-17.48702	0.3268475	0.007394602
3600	-737.6549	-720.0562	-17.59868	0.2831785	0.05613069
3800	-736.8065	-719.6391	-17.16742	0.2780002	0.02268053
4000	-738.0263	-720.0615	-17.96482	0.3304192	0.04723104
4200	-732.4872	-714.504	-17.98324	0.3394866	0.04079588
4400	-735.6953	-717.4243	-18.27102	0.2753477	0.1228204
4600	-735.5806	-716.3623	-19.21827	0.3103374	0.1737977
4800	-737.8264	-719.2878	-18.53863	0.3413001	0.08913176
5000	-737.5589	-718.9277	-18.63121	0.3007039	0.1339557
5200	-732.5313	-714.5891	-17.94225	0.3115331	0.06441169
5400	-744.6035	-725.7659	-18.83762	0.3297579	0.1254961
5600	-746.3995	-726.4682	-19.93126	0.3093463	0.2495959
5800	-735.8505	-718.5339	-17.31666	0.3035682	0.01260504
6000	-736.7043	-718.0155	-18.68881	0.309929	0.1370742
6200	-741.5833	-723.9395	-17.64375	0.3124839	0.03350929
6400	-735.1177	-715.8995	-19.21818	0.3419804	0.1521126
6600	-739.404	-722.1177	-17.28634	0.2691901	0.041403
6800	-738.2079	-718.6839	-19.52399	0.2970068	0.2180149
7000	-734.9292	-717.295	-17.63421	0.2628283	0.07754605
7200	-737.175	-719.5833	-17.59164	0.2849566	0.05293355
7400	-743.6244	-726.6211	-17.00328	0.267665	0.01774412
7600	-737.4259	-717.5447	-19.88115	0.3932396	0.1695923
7800	-743.1968	-725.0083	-18.18851	0.3051323	0.09291997
8000	-734.4988	-717.0038	-17.49499	0.3184763	0.01515549
8200	-739.1096	-721.7517	-17.35792	0.2849196	0.03425522
8400	-736.0906	-716.977	-19.11359	0.2911494	0.1857076
8600	-739.3851	-721.9615	-17.42358	0.3193328	0.008256419
8800	-738.3971	-720.725	-17.67214	0.3286403	0.02251555
9000	-734.6896	-715.7403	-18.94928	0.3097244	0.1578423
9200	-731.1425	-713.2406	-17.90188	0.327387	0.0441157
9400	-733.4473	-715.0858	-18.3615	0.3081145	0.09872797
9600	-738.7328	-719.8897	-18.84316	0.3416162	0.1127112
9800	-735.1249	-718.0326	-17.09235	0.2907006	0.004198797
10000	-735.2935	-717.7445	-17.54906	0.315084	0.02387197
10200	-736.5788	-719.2899	-17.28892	0.2686619	0.04139232
10400	-734.3637	-715.5904	-18.77328	0.3221228	0.1280486
10600	-737.839	-720.8065	-17.03251	0.2184222	0.06397542
10800	-731.6558	-713.2963	-18.35953	0.2915777	0.1157865
11000	-738.8034	-721.4359	-17.36748	0.3201067	0.002385648
11200	-741.1028	-720.6509	-20.45189	0.3817712	0.2263161
11400	-731.2766	-713.5922	-17.68436	0.3266233	0.02503342
11600	-733.5229	-715.8944	-17.62852	0.2958241	0.04853821
11800	-735.2819	-716.7426	-18.53935	0.3263128	0.1009796
12000	-737.5617	-718.2633	-19.29841	0.3302102	0.1655364
12200	-734.5435	-716.617	-17.92657	0.3345489	0.04145142
12400	-735.3242	-717.2435	-18.08071	0.2958696	0.08945732
12600	-735.3824	-715.7366	-19.64584	0.3294442	0.1940341
12800	-740.042	-722.1526	-17.88943	0.3468154	0.02469929
13000	-734.6795	-717.5867	-17.0928	0.265137	0.02605913
13200	-735.5331	-717.7529	-17.78023	0.3583665	0.00513087
13400	-739.3439	-719.7397	-19.60417	0.3109051	0.2014216
13600	-735.4635	-715.9623	-19.50121	0.3031363	0.2044579
13800	-737.0931	-718.2903	-18.80285	0.3290297	0.1271476
14000	-737.3983	-719.3146	-18.08375	0.3057646	0.07923809
14200	-739.643	-720.3842	-19.25885	0.3654914	0.1272886
14400	-736.0293	-718.8228	-17.20642	0.2900851	0.01495622
14600	-735.4911	-717.4462	-18.04489	0.2857513	0.09867719
14800	-732.821	-714.6818	-18.13925	0.3247043	0.06768546
15000	-733.3135	-715.3938	-17.91976	0.3031858	0.06485734
15200	-733.445	-715.8118	-17.63316	0.3044053	0.04236219
15400	-736.6823	-716.0081	-20.67416	0.3282111	0.2867721
15600	-734.649	-716.0064	-18.64255	0.2946916	0.1403821
15800	-738.8567	-720.2212	-18.63547	0.3796846	0.06491233
16000	-732.6729	-715.2675	-17.40544	0.2860475	0.03730491
16200	-741.0676	-722.5686	-18.49897	0.2252487	0.1908437
16400	-742.7647	-723.8869	-18.87779	0.3924937	0.07853263
16600	-736.6778	-716.9574	-19.72038	0.2915341	0.233617
16800	-734.336	-716.6322	-17.70383	0.3143602	0.03806301
17000	-735.1116	-717.6336	-17.47799	0.3236949	0.009024196
17200	-737.4751	-717.7465	-19.72869	0.3107293	0.2212046
17400	-736.0191	-717.9631	-18.05594	0.3575697	0.02948917
17600	-739.4501	-721.1803	-18.26985	0.3990986	0.01279188
17800	-738.5552	-720.2089	-18.34631	0.3318417	0.07889702
18000	-732.2366	-713.5825	-18.65417	0.3074505	0.1269768
18200	-737.0293	-719.3189	-17.71038	0.3326093	0.02314337
18400	-736.3158	-718.4719	-17.84384	0.3018406	0.06269225
18600	-733.0201	-715.6626	-17.35752	0.3044417	0.01559043
18800	-734.5726	-717.4365	-17.1361	0.2897681	0.008693523
19000	-735.1828	-715.1229	-20.05989	0.2909874	0.2633126
19200	-737.7041	-721.079	-16.62508	0.2459978	0.002202215
19400	-733.0184	-715.0317	-17.98669	0.3014192	0.07548089
19600	-736.8161	-718.2041	-18.61198	0.2731887	0.1526159
19800	-738.4981	-719.703	-18.7951	0.2694643	0.1737675
20000	-739.805	-722.2709	-17.53409	0.325125	0.01304148
20200	-733.362	-715.5181	-17.84391	0.2789151	0.08231719
20400	-739.7009	-721.5669	-18.134	0.2846543	0.1018377
20600	-732.0576	-714.587	-17.4706	0.3039878	0.02516622
20800	-745.1873	-726.718	-18.46937	0.3438817	0.08090539
21000	-734.9316	-716.6824	-18.24918	0.2925474	0.1072392
21200	-742.4045	-721.3156	-21.08897	0.2807487	0.3791046
21400	-742.1091	-722.8688	-19.24029	0.3546254	0.1424831
21600	-739.8525	-721.9527	-17.89981	0.2448624	0.118679
21800	-734.0681	-714.3809	-19.68719	0.2841881	0.2380302
22000	-735.7892	-716.7394	-19.04979	0.2982793	0.1711864
22200	-733.7551	-716.3857	-17.36939	0.2839984	0.0362023
22400	-733.0319	-715.4969	-17.53496	0.3295519	0.008696757
22600	-734.4778	-716.7148	-17.76293	0.3003055	0.05432596
22800	-731.5836	-713.7341	-17.84948	0.3216741	0.04329382
23000	-733.9408	-716.3299	-17.61096	0.3240281	0.02118103
23200	-742.0852	-723.6817	-18.40353	0.2746285	0.1417567
23400	-733.2486	-715.2217	-18.02694	0.3022284	0.07715919
23600	-736.2037	-718.7112	-17.49247	0.3191708	0.01466702
23800	-732.819	-715.9186	-16.90039	0.2652639	0.009740001
24000	-738.1015	-719.8112	-18.29027	0.306035	0.09990155
24200	-736.3467	-718.6542	-17.69251	0.3305203	0.02190609
24400	-736.6458	-718.0567	-18.58908	0.3198109	0.1142331
24600	-736.1877	-717.3523	-18.83532	0.2624059	0.1868826
24800	-735.5739	-716.4984	-19.07549	0.3207023	0.1571855
25000	-735.9312	-718.1383	-17.79291	0.3178298	0.04233294
25200	-740.1904	-719.8606	-20.32983	0.3827857	0.2157004
25400	-737.1906	-720.0942	-17.09636	0.26863	0.02463538
25600	-738.2534	-720.3289	-17.92448	0.2762137	0.09381703
25800	-737.3094	-718.0647	-19.24467	0.3381124	0.1594345
26000	-739.2417	-718.5568	-20.68491	0.3374377	0.3022209
26200	-731.6377	-714.5592	-17.07849	0.2733254	0.01842227
26400	-732.5153	-715.3264	-17.18891	0.2833411	0.01919534
26600	-747.4136	-729.6335	-17.78011	0.2704064	0.08345043
26800	-736.2159	-716.9767	-19.23915	0.2743892	0.2059631
27000	-740.5836	-722.3154	-18.26825	0.3849339	0.02601343
27200	-737.0682	-719.4689	-17.59933	0.3331244	0.01161777
27400	-736.1551	-717.3828	-18.77225	0.3005903	0.1427839
27600	-731.0877	-713.7051	-17.38257	0.306071	0.01620384
27800	-736.6549	-719.4886	-17.16632	0.2868835	0.01439023
28000	-735.3202	-717.9883	-17.33188	0.3145951	0.003971382
28200	-735.0569	-716.7387	-18.31824	0.3074682	0.09917681
28400	-735.2411	-718.3912	-16.84993	0.2681737	0.002474166
28600	-734.3357	-715.6575	-18.67826	0.3288599	0.111983
28800	-740.2631	-720.3436	-19.91949	0.3803542	0.1747528
29000	-739.0968	-721.4773	-17.61945	0.3026842	0.04158334
29200	-734.4361	-716.5003	-17.93583	0.2972103	0.07701255
29400	-743.1527	-725.0286	-18.12417	0.338527	0.05714986
29600	-731.2883	-713.398	-17.8903	0.2866363	0.07874787
29800	-739.0113	-719.9694	-19.04199	0.3128464	0.1564965
30000	-736.0419	-718.6735	-17.36847	0.2838981	0.03637159
30200	-730.9083	-713.0833	-17.82496	0.3492022	0.01742035
30400	-735.8532	-717.4602	-18.393	0.3458638	0.07352581
30600	-738.0916	-720.978	-17.11364	0.2942655	0.002733481
30800	-737.3692	-719.8342	-17.53497	0.2881871	0.04703548
31000	-742.0651	-722.6595	-19.40562	0.2794988	0.218235
31200	-735.0508	-717.3958	-17.65503	0.2937809	0.05189156
31400	-739.8677	-719.4026	-20.46512	0.322798	0.276052
31600	-735.2278	-716.9444	-18.28334	0.3259057	0.07912248
31800	-739.1376	-721.5058	-17.63181	0.2906567	0.05383939
32000	-736.3648	-717.9829	-18.38191	0.330051	0.08261262
32200	-734.7003	-717.4306	-17.26962	0.2548082	0.05339853
32400	-733.6068	-716.0294	-17.57743	0.3358321	0.007085194
32600	-735.8164	-718.9475	-16.86888	0.2573626	0.01377962
32800	-734.4674	-716.374	-18.09346	0.3502775	0.04169725
33000	-733.7537	-716.345	-17.40871	0.2777032	0.0439086
33200	-732.1244	-714.6422	-17.48226	0.3298783	0.003894174
33400	-734.3793	-716.8995	-17.47985	0.3088506	0.02354045
33600	-735.4982	-718.0918	-17.40645	0.3023624	0.02226801
33800	-733.2457	-715.9341	-17.31161	0.3076035	0.008614744
34000	-736.3305	-718.7716	-17.55891	0.3233719	0.01686732
34200	-733.88	-716.2607	-17.61931	0.3213114	0.02415497
34400	-735.1936	-717.9171	-17.27646	0.3124665	0.001051836
34600	-735.1987	-718.0706	-17.12803	0.2750803	0.02108201
34800	-740.9399	-722.6964	-18.24351	0.3282483	0.07466331
35000	-734.2509	-716.5646	-17.68628	0.2729825	0.07275117
35200	-736.6184	-719.2923	-17.32608	0.2765091	0.03742354
35400	-735.6004	-716.274	-19.32636	0.3446962	0.1527291
35600	-737.0407	-719.4902	-17.55042	0.2271257	0.1002523
35800	-729.6337	-712.4837	-17.15003	0.2892188	0.01055314
36000	-737.6969	-719.6861	-18.0108	0.3642346	0.02050726
36200	-736.1653	-718.8607	-17.30461	0.2855448	0.02829689
36400	-735.0071	-717.754	-17.2531	0.2589688	0.04583587
36600	-737.0266	-719.511	-17.51562	0.2742554	0.05481653
36800	-733.2449	-715.3622	-17.88273	0.3046839	0.0624919
37000	-735.7913	-716.0019	-19.78942	0.3305789	0.2148766
37200	-732.8213	-714.4615	-18.35977	0.2898326	0.1158534
37400	-743.085	-722.0614	-21.0236	0.3520509	0.3109561
37600	-738.6825	-721.7782	-16.90432	0.2568913	0.01757239
37800	-738.8457	-719.3805	-19.46517	0.2953559	0.2129028
38000	-740.0151	-721.0489	-18.9662	0.3638884	0.105696
38200	-733.4828	-715.16	-18.32279	0.2921399	0.1158634
38400	-734.2017	-715.9078	-18.29384	0.3535771	0.05525747
38600	-742.5644	-723.0909	-19.47355	0.3202023	0.1968832
38800	-739.0967	-721.6352	-17.46143	0.2838614	0.04388169
39000	-740.3596	-723.2024	-17.15727	0.2845781	0.01503336
39200	-734.7432	-716.5406	-18.20266	0.3342253	0.06528003
39400	-734.9863	-717.1451	-17.84126	0.3362408	0.03025967
39600	-735.3051	-716.3031	-19.00192	0.2977119	0.1659484
39800	-735.7294	-717.8441	-17.88526	0.3046303	0.06226199
40000	-741.7164	-721.9941	-19.72223	0.3203949	0.2179909
40200	-735.1304	-717.5371	-17.59327	0.2941942	0.04677619
40400	-733.4518	-716.1829	-17.26882	0.3052673	0.006948145
40600	-732.3723	-714.9443	-17.42794	0.3255236	0.002949842
40800	-735.722	-718.176	-17.54596	0.3180541	0.02117089
41000	-737.0385	-719.1122	-17.92637	0.325027	0.04857941
41200	-734.1264	-715.4298	-18.69656	0.3398768	0.104614
41400	-730.9895	-713.8242	-17.16534	0.2880176	0.01296385
41600	-733.4425	-716.2112	-17.23128	0.3074741	0.001510567
41800	-736.7662	-719.4814	-17.28483	0.3068674	0.006575164
42000	-732.7316	-714.9623	-17.7693	0.2681217	0.08533572
42200	-736.2531	-718.124	-18.12916	0.316011	0.07439556
42400	-735.3234	-717.3987	-17.9247	0.330884	0.04332453
42600	-748.3416	-730.2473	-18.09429	0.3529002	0.03871255
42800	-734.5849	-716.9138	-17.67114	0.3196834	0.02922699
43000	-736.3376	-718.4545	-17.8831	0.3190592	0.0526149
43200	-739.7559	-721.8519	-17.90407	0.322219	0.05004519
43400	-735.6634	-716.4237	-19.23967	0.340897	0.1522084
43600	-739.8143	-722.8076	-17.00677	0.272566	0.0130999
43800	-733.7821	-715.8824	-17.89973	0.3112665	0.05718187
44000	-743.2613	-720.0297	-23.23154	0.350207	0.5014077
44200	-735.3987	-716.6667	-18.73198	0.2873865	0.1511884
44400	-735.9762	-715.7815	-20.19474	0.3205619	0.2580443
44600	-733.7297	-716.2713	-17.45833	0.2854685	0.04111047
44800	-735.8896	-717.7635	-18.12617	0.3005823	0.08658646
45000	-742.1597	-723.2081	-18.95165	0.3455254	0.1238307
45200	-735.2272	-717.9075	-17.31967	0.2903544	0.02491706
45400	-737.3522	-715.2218	-22.13041	0.2790293	0.4507248
45600	-734.4407	-716.4624	-17.97827	0.3158534	0.05974018
45800	-736.4064	-715.4431	-20.96335	0.2810596	0.3557084
46000	-736.3063	-717.2072	-19.09915	0.3298573	0.1470512
46200	-738.5908	-720.804	-17.78682	0.3207348	0.03817712
46400	-739.0074	-720.883	-18.12433	0.280211	0.108488
46600	-734.0593	-715.9791	-18.0802	0.3126194	0.07269702
46800	-732.1866	-714.9273	-17.25934	0.301212	0.009695119
47000	-733.5428	-716.0611	-17.48175	0.2917064	0.03839093
47200	-734.0653	-716.4922	-17.57316	0.3056218	0.03369248
47400	-733.5077	-715.8654	-17.64232	0.3137744	0.03341581
47600	-741.0482	-721.4823	-19.56595	0.3499547	0.1748905
47800	-737.9538	-718.9622	-18.99155	0.3026774	0.1665017
48000	-738.1972	-719.3655	-18.83161	0.3264684	0.1255726
48200	-733.4579	-716.0957	-17.36218	0.2873279	0.03275079
48400	-735.1122	-716.4584	-18.65384	0.2965055	0.1385241
48600	-732.9593	-714.9618	-17.99751	0.3211168	0.06073535
48800	-738.9612	-720.5719	-18.38928	0.2885911	0.1207737
49000	-737.0291	-719.5616	-17.46746	0.2787166	0.0519528
49200	-733.8959	-715.1622	-18.73366	0.2993054	0.1388482
49400	-739.9681	-720.5093	-19.45886	0.303905	0.2093588
49600	-739.7611	-722.0592	-17.70197	0.3543084	0.001653479
49800	-734.2062	-716.7434	-17.46273	0.3002337	0.02906897
50000	-731.7454	-714.7291	-17.01629	0.274552	0.01159737
50200	-734.2418	-717.4918	-16.75001	0.2534029	0.00675721
50400	-738.3104	-720.455	-17.85534	0.2974702	0.07090586
50600	-735.2699	-718.3117	-16.95818	0.2688298	0.01155593
50800	-744.5996	-727.257	-17.34263	0.289075	0.02810696
51000	-733.0867	-716.1029	-16.9838	0.2410054	0.0384422
51200	-732.8904	-714.8665	-18.02389	0.329054	0.05342496
51400	-738.3572	-718.8505	-19.50663	0.3096198	0.2065778
51600	-734.0747	-716.4918	-17.58283	0.286289	0.05233356
51800	-742.2752	-721.842	-20.43317	0.3850419	0.2304795
52000	-738.3269	-720.0039	-18.32301	0.3422577	0.06555159
52200	-733.4718	-715.8626	-17.6092	0.3401705	0.005925651
52400	-733.6253	-715.7536	-17.87167	0.3308576	0.037758
52600	-739.5331	-719.9044	-19.62863	0.3347153	0.1894538
52800	-742.7207	-722.7282	-19.99251	0.2576011	0.3004109
53000	-739.3718	-721.9807	-17.39113	0.324396	0.0006539628
53200	-735.3109	-718.1273	-17.18366	0.2783492	0.02284899
53400	-734.1679	-715.6953	-18.47262	0.2746045	0.1426597
53600	-734.34	-717.1318	-17.2082	0.288935	0.01611955
53800	-742.6085	-722.837	-19.77149	0.402056	0.1478253
54000	-737.0409	-717.4137	-19.62723	0.3246606	0.2026706
54200	-738.3974	-719.45	-18.9474	0.3783613	0.09378563
54400	-732.3905	-714.9258	-17.46467	0.2950751	0.03387881
54600	-739.2979	-717.5437	-21.7542	0.3444595	0.3708651
54800	-734.9924	-717.2978	-17.69455	0.3108792	0.04027107
55000	-734.631	-716.9159	-17.71513	0.2796575	0.06950022
55200	-740.384	-720.2645	-20.11945	0.3258174	0.2434734
55400	-736.7836	-719.2609	-17.5227	0.3305849	0.007157174
55600	-741.8002	-724.8998	-16.90039	0.2520913	0.02215644
55800	-738.8967	-720.6333	-18.26341	0.3223136	0.07902514
56000	-736.0071	-717.3518	-18.65525	0.3120654	0.1263625
56200	-731.6277	-713.9303	-17.69741	0.2894134	0.05813687
56400	-737.5218	-718.8487	-18.67312	0.3049265	0.1301489
56600	-740.8252	-723.5498	-17.27543	0.2760419	0.03366123
56800	-735.42	-717.8433	-17.57667	0.3121078	0.02991598
57000	-733.4895	-715.9347	-17.55482	0.3150259	0.02420379
57200	-738.9125	-721.3126	-17.59987	0.3409685	0.004497859
57400	-738.8761	-719.9684	-18.90765	0.339987	0.1263114
57600	-741.6384	-720.7459	-20.89252	0.2964095	0.3356142
57800	-747.2603	-724.9709	-22.28948	0.3261395	0.4274459
58000	-739.2359	-721.7061	-17.52977	0.2984603	0.03702929
58200	-735.0222	-717.994	-17.02816	0.2831344	0.00501814
58400	-736.3384	-718.5106	-17.82778	0.3139971	0.04753129
58600	-735.8956	-718.0848	-17.81077	0.3110073	0.0515254
58800	-732.9162	-715.6823	-17.23394	0.3004004	0.008198864
59000	-742.6152	-725.1727	-17.44247	0.2894558	0.03705301
59200	-738.6928	-719.5656	-19.12717	0.3076584	0.1714453
59400	-736.6149	-719.8722	-16.7427	0.2345001	0.02254272
59600	-740.0395	-721.3465	-18.69294	0.2685233	0.1695785
59800	-741.999	-722.9771	-19.02187	0.402173	0.07968856
60000	-734.351	-716.0789	-18.27217	0.3020097	0.09734796
60200	-736.8356	-717.9333	-18.90231	0.3047536	0.1497229
60400	-738.2737	-715.9126	-22.36115	0.3284823	0.4344108
60600	-738.0048	-720.113	-17.89179	0.32873	0.04322815
60800	-736.9364	-719.7265	-17.20984	0.2910095	0.01410973
61000	-733.6768	-716.0464	-17.63047	0.3145063	0.03071946
61200	-732.3812	-715.4716	-16.90964	0.2761459	0.0007345662
61400	-736.3032	-718.0369	-18.26632	0.3179794	0.08490473
61600	-736.9794	-719.2966	-17.68279	0.3379293	0.01505817
61800	-739.9434	-721.1921	-18.7513	0.4054459	0.05198976
62000	-734.3222	-715.9981	-18.32416	0.3176029	0.08858682
62200	-736.688	-716.0805	-20.60746	0.2919493	0.3109879
62400	-735.8658	-718.0814	-17.78443	0.2821731	0.0751118
62600	-738.6958	-720.122	-18.57381	0.2868731	0.1443217
62800	-740.1012	-721.5125	-18.58868	0.2915956	0.1424877
63000	-741.5597	-724.0923	-17.46745	0.2855245	0.04405654
63200	-735.511	-717.6735	-17.83749	0.2821508	0.0787479
63400	-736.9264	-719.6902	-17.23614	0.2852144	0.02221213
63600	-734.6469	-716.3853	-18.26164	0.3205161	0.08028579
63800	-737.0559	-719.6629	-17.39293	0.2615258	0.05785978
64000	-734.3354	-715.9858	-18.3496	0.3443485	0.0667349
64200	-734.821	-717.2541	-17.56697	0.3026204	0.0360292
64400	-742.3819	-724.7373	-17.64458	0.3127966	0.03436985
64600	-737.6752	-718.5783	-19.09691	0.2834313	0.1911115
64800	-738.0655	-719.753	-18.3125	0.2915246	0.1145918
65000	-734.3157	-716.539	-17.77677	0.2777227	0.07693844
65200	-737.1068	-715.8074	-21.29938	0.248047	0.419646
65400	-735.3378	-716.2837	-19.05414	0.3228541	0.1472885
65600	-734.0566	-716.5385	-17.51814	0.3244899	0.01233835
65800	-738.3247	-720.3134	-18.01126	0.3639322	0.0209044
66000	-736.5106	-718.9679	-17.54268	0.317281	0.02025808
66200	-738.4852	-721.3008	-17.18443	0.2556593	0.04324348
66400	-739.3036	-720.3442	-18.95942	0.2802962	0.1690877
66600	-743.0884	-721.3009	-21.78748	0.3334169	0.3918633
66800	-737.0311	-719.1129	-17.91816	0.3088132	0.0621367
67000	-743.3701	-722.5766	-20.79343	0.2815727	0.3374707
67200	-738.0755	-717.6823	-20.39325	0.3256422	0.2884158
67400	-731.9876	-714.212	-17.7756	0.3065821	0.05129414
67600	-732.7346	-715.5769	-17.1577	0.2830286	0.0171404
67800	-732.1281	-714.2582	-17.86984	0.3325194	0.03531717
68000	-738.163	-721.1643	-16.99869	0.2793432	0.006287847
68200	-737.546	-717.2474	-20.29859	0.3126253	0.2757344
68400	-737.2415	-719.2554	-17.9861	0.3136086	0.06306413
68600	-737.3563	-719.0125	-18.34385	0.2894493	0.1187679
68800	-736.0525	-718.1063	-17.94622	0.3091892	0.06616088
69000	-735.3039	-716.7112	-18.59273	0.3237273	0.1083804
69200	-731.5887	-713.6402	-17.94856	0.3006945	0.07356231
69400	-734.9094	-717.8128	-17.0966	0.2831853	0.01129197
69600	-731.8144	-714.0669	-17.74746	0.332877	0.02462032
69800	-741.0901	-721.9355	-19.15462	0.2735097	0.1963407
70000	-737.0294	-719.9938	-17.03563	0.2782476	0.01028816
70200	-733.9617	-715.7175	-18.24416	0.3233569	0.07604999
70400	-734.4268	-715.3068	-19.12004	0.285114	0.1919788
70600	-737.0168	-719.0926	-17.9242	0.365204	0.01248814
70800	-736.403	-719.1559	-17.24714	0.3075729	0.002847549
71000	-733.4168	-715.461	-17.95587	0.351785	0.02694691
71200	-740.6376	-721.9925	-18.64517	0.2822497	0.1532407
71400	-739.3523	-721.8119	-17.54041	0.3392042	0.0007540157
71600	-736.5103	-718.8116	-17.6987	0.323148	0.03055412
71800	-737.0478	-719.774	-17.2738	0.2954318	0.01579727
72000	-737.8712	-720.0002	-17.87102	0.3273723	0.03955618
72200	-742.7972	-723.0382	-19.75904	0.3544188	0.1857957
72400	-735.4083	-717.808	-17.60034	0.2444025	0.093237
72600	-735.9407	-716.8154	-19.1253	0.2798831	0.1919005
72800	-735.089	-714.4839	-20.60511	0.3302414	0.2728368
73000	-733.592	-715.3474	-18.24457	0.3104299	0.08908747
73200	-742.4619	-724.213	-18.24893	0.3392461	0.0695266
73400	-735.5151	-717.2874	-18.22773	0.320285	0.07913364
73600	-735.0368	-718.0027	-17.03413	0.2563457	0.02979892
73800	-737.8907	-720.718	-17.17269	0.2407565	0.05628514
74000	-738.5079	-720.025	-18.48296	0.3091152	0.115209
74200	-743.1681	-725.054	-18.11413	0.3378917	0.05820843
74400	-734.7775	-716.6002	-18.17735	0.3744376	0.0262152
74600	-732.593	-714.1413	-18.4517	0.3061275	0.1146142
74800	-738.9996	-721.4924	-17.50718	0.311609	0.02285125
75000	-734.0719	-716.9559	-17.11602	0.2901326	0.006510358
75200	-733.5545	-716.021	-17.53347	0.3022887	0.03368977
75400	-736.9531	-719.4199	-17.53317	0.3045483	0.03212806
75600	-734.2935	-716.6694	-17.62403	0.3062586	0.03782247
75800	-738.6555	-718.8487	-19.8068	0.3225884	0.2152522
76000	-741.9221	-723.6953	-18.22683	0.3965996	0.0116276
76200	-738.2191	-720.808	-17.41106	0.2856574	0.03652723
76400	-740.5067	-722.9329	-17.57373	0.3163419	0.0252114
76600	-740.0133	-720.3697	-19.64351	0.2872008	0.2407273
76800	-742.6256	-724.2509	-18.37468	0.2591106	0.1467928
77000	-738.5239	-720.4013	-18.1226	0.2940521	0.09530365
77200	-738.8703	-720.4383	-18.43193	0.28271	0.1367513
77400	-734.1548	-715.9663	-18.18848	0.3018533	0.0938676
77600	-733.5498	-715.6161	-17.93378	0.348862	0.02771583
77800	-738.9268	-719.6564	-19.27044	0.2876176	0.1977821
78000	-736.1989	-718.9798	-17.21915	0.2753196	0.03016917
78200	-739.5493	-721.1849	-18.3644	0.248567	0.1528522
78400	-740.3498	-720.4126	-19.93717	0.3495989	0.2082794
78600	-736.5577	-719.118	-17.43971	0.3051358	0.02230608
78800	-737.6311	-720.1693	-17.46185	0.3114506	0.01917405
79000	-735.169	-716.8091	-18.3599	0.3496598	0.06400502
79200	-733.8509	-715.7963	-18.05462	0.3023425	0.08205688
79400	-742.5521	-722.5004	-20.05171	0.3300729	0.244146
79600	-739.5017	-718.5198	-20.98191	0.3039427	0.3525904
79800	-743.2583	-725.6354	-17.62289	0.3379929	0.009318274
80000	-741.082	-724.1424	-16.93961	0.2743061	0.005212889
80200	-732.9413	-715.8697	-17.07166	0.2502791	0.038592
80400	-737.5804	-720.5412	-17.03925	0.2882861	0.001443209
80600	-740.503	-721.6828	-18.82012	0.3299452	0.134018
80800	-735.5116	-717.4307	-18.08093	0.3021529	0.08403225
81000	-732.8537	-715.3075	-17.5462	0.3248223	0.01467596
81200	-740.6836	-721.9023	-18.78129	0.2768181	0.1706717
81400	-734.6531	-716.9773	-17.67579	0.2824037	0.06340506
81600	-735.9278	-718.399	-17.52884	0.2859905	0.04691934
81800	-736.8778	-719.5823	-17.29554	0.2605948	0.04951808
82000	-733.6278	-714.8105	-18.81727	0.2728392	0.171744
82200	-735.24	-715.826	-19.41401	0.3302538	0.1747763
82400	-734.8288	-715.7825	-19.04629	0.3260603	0.144697
82600	-737.7712	-718.9001	-18.87109	0.3408575	0.1239753
82800	-738.4802	-720.0703	-18.40994	0.3298424	0.08798779
83000	-742.0171	-722.1847	-19.83241	0.3187188	0.2214274
83200	-734.9967	-717.1242	-17.87246	0.256107	0.1034016
83400	-738.0297	-718.224	-19.80573	0.290521	0.2492578
83600	-739.5704	-721.3402	-18.2302	0.3660433	0.03937455
83800	-737.2733	-719.8943	-17.37892	0.3156392	0.007411486
84000	-736.0866	-719.3427	-16.74396	0.2356437	0.02200919
84200	-737.2035	-718.191	-19.01246	0.3424749	0.1328639
84400	-738.0469	-720.9747	-17.07222	0.2739967	0.01668948
84600	-732.3728	-715.0119	-17.36097	0.2946921	0.02492446
84800	-738.5331	-719.1078	-19.42535	0.329579	0.1770649
85000	-736.4421	-718.4266	-18.01544	0.2762225	0.09941914
85200	-738.4701	-721.1675	-17.30264	0.2947776	0.02012402
85400	-740.469	-722.1528	-18.31618	0.2909621	0.1123432
85600	-736.8128	-718.6208	-18.19198	0.2955923	0.09503657
85800	-739.4768	-721.5104	-17.96643	0.3093733	0.06531907
86000	-734.0347	-716.6327	-17.40193	0.30497	0.01899657
86200	-736.958	-718.7963	-18.16169	0.2918421	0.09673858
86400	-734.4413	-717.1729	-17.26835	0.304174	0.007698075
86600	-748.7577	-729.6594	-19.09835	0.4079901	0.08234125
86800	-734.6528	-717.2371	-17.4157	0.2762353	0.04698804
87000	-733.5953	-714.8022	-18.79312	0.3306435	0.1195292
87200	-734.2566	-717.0497	-17.20692	0.2417566	0.05815713
87400	-733.0531	-715.3247	-17.72834	0.256391	0.09100945
87600	-739.3443	-721.4646	-17.87974	0.3414071	0.03002178
87800	-739.4902	-721.1517	-18.33857	0.2979118	0.1087298
88000	-740.5482	-722.3478	-18.20041	0.2816295	0.1138901
88200	-740.6377	-718.8397	-21.79802	0.3076294	0.4031803
88400	-731.2408	-713.4885	-17.75229	0.3129527	0.04319814
88600	-735.4806	-717.5722	-17.90837	0.3361598	0.0366415
88800	-736.8982	-719.511	-17.38718	0.3058353	0.01697232
89000	-742.2481	-724.5607	-17.68734	0.3185668	0.03333999
89200	-732.5506	-714.085	-18.46564	0.3183943	0.1026104
89400	-740.5781	-718.2133	-22.3648	0.3483046	0.4406221
89600	-741.2358	-723.7461	-17.48965	0.250766	0.07643714
89800	-739.4467	-721.5579	-17.88883	0.3543381	0.01858957
90000	-740.4153	-722.3651	-18.05027	0.2972513	0.08488403
90200	-737.2657	-719.7729	-17.4928	0.3124584	0.02036263
90400	-736.7686	-718.3536	-18.41494	0.270804	0.1440261
90600	-735.0352	-717.0001	-18.03513	0.2857213	0.09352663
90800	-741.3884	-724.0487	-17.33966	0.2925439	0.02456784
91000	-743.478	-725.7736	-17.70443	0.2586969	0.08892836
91200	-736.0701	-718.4201	-17.64998	0.2989324	0.04637449
91400	-734.8947	-717.1606	-17.7341	0.3354916	0.02155387
91600	-734.0775	-716.4528	-17.62466	0.2961561	0.04813167
91800	-735.6089	-714.974	-20.63488	0.3001334	0.3087302
92000	-738.285	-719.3659	-18.91911	0.3287603	0.1372281
92200	-735.0941	-717.4597	-17.63441	0.319202	0.0276526
92400	-740.2712	-721.7792	-18.49197	0.3403605	0.08305332
92600	-737.0382	-716.7093	-20.3289	0.3677452	0.2235185
92800	-735.9106	-718.8163	-17.09427	0.2934982	0.001731998
93000	-739.0524	-720.3533	-18.69911	0.3445827	0.09932202
93200	-736.3016	-718.7217	-17.57997	0.3354444	0.008165737
93400	-732.6394	-714.7786	-17.86085	0.3154869	0.0505472
93600	-739.8929	-719.4271	-20.46576	0.3102315	0.2845427
93800	-736.7479	-718.9558	-17.79209	0.2750276	0.08349624
94000	-735.0197	-717.678	-17.34168	0.3156145	0.004056146
94200	-730.3733	-713.2428	-17.1305	0.2905106	0.007881118
94400	-732.3922	-715.1863	-17.20589	0.2986	0.007184861
94600	-735.4951	-718.2326	-17.26242	0.275786	0.03168954
94800	-735.9019	-717.2062	-18.69568	0.2917877	0.1475361
95000	-734.483	-716.4166	-18.06641	0.304118	0.07841314
95200	-738.0513	-720.3299	-17.72136	0.2931338	0.05825879
95400	-740.2207	-722.7118	-17.50887	0.3262359	0.009328271
95600	-738.6442	-719.9694	-18.67477	0.3222471	0.1188242
95800	-739.1863	-718.004	-21.1823	0.2769299	0.3728343
96000	-741.4935	-721.8701	-19.62348	0.3952796	0.1457145
96200	-735.3747	-717.2527	-18.12198	0.2782454	0.1068488
96400	-731.7869	-713.6963	-18.09054	0.3040644	0.08326258
96600	-735.1296	-715.8527	-19.2769	0.2883824	0.2004634
96800	-732.4329	-714.8825	-17.55041	0.3281683	0.01138311
97000	-742.3005	-721.5405	-20.75997	0.3434645	0.2870266
97200	-735.523	-714.8478	-20.67517	0.310085	0.3059179
97400	-732.2607	-715.0313	-17.22943	0.2855282	0.02055682
97600	-738.4536	-717.8389	-20.61473	0.2769521	0.3400703
97800	-737.2128	-718.8881	-18.32474	0.2756787	0.1303638
98000	-742.4957	-721.3704	-21.12534	0.3177571	0.3429189
98200	-736.131	-718.3432	-17.78772	0.2664963	0.08898008
98400	-744.1752	-726.293	-17.88216	0.3308357	0.03901337
98600	-733.0848	-715.6865	-17.39831	0.2903909	0.03086471
98800	-732.9695	-715.6615	-17.30795	0.2922147	0.02268489
99000	-737.107	-719.6407	-17.4663	0.3024524	0.02782027
99200	-734.1373	-717.1015	-17.03586	0.2724559	0.01558799
99400	-736.7804	-719.3894	-17.39101	0.2980366	0.02454889
99600	-735.7314	-718.2561	-17.47529	0.2639016	0.06009773
99800	-734.7884	-717.2284	-17.56	0.3287844	0.0116872
100000	-735.3852	-717.4751	-17.91007	0.3605245	0.0148806
100200	-733.6469	-716.1282	-17.51871	0.326577	0.01007101
100400	-733.858	-716.1409	-17.71709	0.3482656	0.008400475
100600	-733.7948	-716.5348	-17.26002	0.2971774	0.01370871
100800	-739.8238	-722.6259	-17.19794	0.2954241	0.01002619
101000	-733.4994	-715.9752	-17.52418	0.3163798	0.02008207
101200	-737.4799	-719.5144	-17.96548	0.3239748	0.05477141
101400	-736.6663	-718.6932	-17.97308	0.3247457	0.05022324
101600	-739.285	-722.1965	-17.0885	0.2725244	0.01995736
101800	-734.4501	-716.5708	-17.87921	0.3375875	0.03256709
102000	-738.7901	-720.8757	-17.9144	0.3283224	0.04584374
102200	-734.7365	-717.6149	-17.12154	0.2972376	0.0008238208
102400	-740.1646	-721.6695	-18.49507	0.3706061	0.05722817
102600	-735.5198	-717.308	-18.21183	0.3263292	0.07119335
102800	-737.211	-719.2049	-18.00603	0.3034279	0.07616353
103000	-739.3804	-719.786	-19.59441	0.3717419	0.1569967
103200	-733.9137	-716.5396	-17.37404	0.3057539	0.01590696
103400	-742.9583	-725.6176	-17.34064	0.3101849	0.008812329
103600	-735.5988	-718.8271	-16.77167	0.2458094	0.01520048
103800	-736.0841	-718.6903	-17.39377	0.3043554	0.01963107
104000	-737.4044	-718.7161	-18.68831	0.3151282	0.1304978
104200	-737.7446	-719.7396	-18.005	0.3019242	0.07685314
104400	-739.1256	-721.8217	-17.30387	0.3114268	0.00469718
104600	-734.287	-716.5401	-17.74683	0.2886698	0.06498017
104800	-733.7999	-715.9792	-17.82067	0.3083774	0.05122657
105000	-739.8862	-721.1461	-18.74014	0.2807676	0.1604264
105200	-734.1974	-716.5665	-17.63087	0.3027152	0.04136107
105400	-734.8	-714.6823	-20.11775	0.3158338	0.2416417
105600	-737.9088	-719.8822	-18.0266	0.3228203	0.05967171
105800	-738.2331	-719.4705	-18.76258	0.3420254	0.108982
106000	-737.6117	-719.7016	-17.91012	0.2652628	0.1047964
106200	-734.1547	-717.205	-16.94967	0.2802662	0.0006229278
106400	-743.1475	-725.0908	-18.05671	0.3604489	0.0278812
106600	-744.956	-723.3823	-21.57366	0.3571655	0.3475355
106800	-736.3926	-717.5444	-18.84815	0.2939011	0.1604075
107000	-733.8523	-715.7521	-18.10028	0.3620893	0.02982923
107200	-735.2967	-718.0758	-17.22083	0.2981512	0.008995713
107400	-739.0861	-721.7991	-17.28697	0.3014693	0.01156424
107600	-734.0822	-715.4775	-18.60462	0.3394552	0.09796503
107800	-736.0917	-718.7951	-17.29656	0.3100043	0.005183952
108000	-733.3526	-715.619	-17.73367	0.2960559	0.05619348
108200	-738.9849	-720.1539	-18.83093	0.3233322	0.1285428
108400	-737.0373	-719.6469	-17.39037	0.2724649	0.04844844
108600	-740.7854	-723.4207	-17.36466	0.2992274	0.02142019
108800	-733.3754	-714.347	-19.02836	0.3293432	0.1449919
109000	-733.3657	-716.1232	-17.24249	0.3097302	0.0004760633
109200	-745.7195	-728.904	-16.81547	0.251689	0.01419108
109400	-737.8128	-719.4501	-18.36265	0.3390589	0.07721512
109600	-738.6995	-721.3109	-17.38864	0.2951855	0.02649286
109800	-731.4294	-714.1658	-17.26362	0.2769043	0.03133917
110000	-737.911	-719.758	-18.15296	0.2857293	0.1015404
110200	-735.3374	-717.6388	-17.69857	0.3272508	0.02562244
110400	-742.5254	-724.9977	-17.52768	0.3268447	0.01095918
110600	-737.2904	-719.1763	-18.11406	0.3127107	0.07835871
110800	-733.3492	-715.7811	-17.56805	0.3280279	0.01318587
111000	-738.499	-721.1358	-17.3632	0.3029815	0.01761484
111200	-732.4198	-714.5244	-17.89543	0.3022617	0.06768434
111400	-739.1989	-720.9524	-18.24643	0.368316	0.0378114
111600	-733.7793	-715.7698	-18.00952	0.3240838	0.05834486
111800	-732.1444	-714.3744	-17.76998	0.3027966	0.05414244
112000	-741.2319	-724.4656	-16.76624	0.2360382	0.02272545
112200	-729.0802	-711.6391	-17.4411	0.2863078	0.03921106
112400	-750.3304	-730.0352	-20.29513	0.32378	0.2540931
112600	-734.2422	-716.3485	-17.89371	0.2672451	0.09709571
112800	-738.3856	-719.9437	-18.44187	0.2902198	0.1278765
113000	-731.5763	-714.4174	-17.15888	0.3002076	0.001441855
113200	-736.5936	-719.2009	-17.39266	0.3011606	0.02161218
113400	-738.1276	-718.8861	-19.24154	0.318075	0.1835505
113600	-737.3145	-719.5183	-17.79612	0.3410791	0.02235699
113800	-729.9379	-712.5968	-17.34111	0.3114863	0.007567264
114000	-734.9966	-716.053	-18.94355	0.3052978	0.1570474
114200	-734.8734	-717.7258	-17.14758	0.3001276	0.0005692256
114400	-737.0852	-719.286	-17.79915	0.2456816	0.107325
114600	-737.8912	-720.0073	-17.88398	0.2986645	0.06929407
114800	-740.8234	-722.7994	-18.02398	0.3485211	0.03593638
115000	-736.2289	-718.6778	-17.55115	0.3264681	0.01346296
115200	-738.3745	-720.0773	-18.29712	0.3795227	0.03227246
115400	-736.8227	-719.559	-17.26365	0.2971896	0.01437968
115600	-735.6313	-717.388	-18.24335	0.3363845	0.06519602
115800	-735.2797	-717.9005	-17.37928	0.2730533	0.0461408
116000	-735.1076	-716.7232	-18.38434	0.3002931	0.1119424
116200	-735.8029	-718.6763	-17.12655	0.2906994	0.007072408
116400	-745.2835	-727.8523	-17.43123	0.2572918	0.066176
116600	-735.0776	-715.9437	-19.13394	0.3195318	0.1694726
116800	-743.6215	-724.5085	-19.11297	0.3616954	0.1183763
117000	-732.8919	-714.306	-18.58588	0.2926138	0.135732
117200	-733.8909	-715.9262	-17.96471	0.2988944	0.07633855
117400	-735.6191	-717.0667	-18.55242	0.3271779	0.1013534
117600	-734.7769	-717.3509	-17.42598	0.3052174	0.02082314
117800	-732.1558	-714.3812	-17.77452	0.2907595	0.06400707
118000	-735.4721	-717.54	-17.93213	0.3193041	0.05495112
118200	-731.989	-714.4853	-17.50373	0.2931125	0.03833972
118400	-740.4234	-722.9284	-17.49497	0.3285077	0.006295257
118600	-736.4057	-718.9911	-17.41461	0.2992407	0.02524442
118800	-738.5117	-720.34	-18.17174	0.3335222	0.06263992
119000	-739.768	-721.6864	-18.08167	0.3224463	0.06497132
119200	-733.9203	-717.0412	-16.87907	0.2713705	0.002241048
119400	-740.1141	-721.9935	-18.12064	0.296112	0.09170817
119600	-742.7863	-725.4527	-17.33355	0.2584949	0.05470904
119800	-737.6261	-720.083	-17.54306	0.3191953	0.01947791
120000	-741.3693	-722.1521	-19.21728	0.2699111	0.2196159
120200	-731.7895	-714.9192	-16.87026	0.2701243	0.00261939
120400	-737.0525	-719.476	-17.57649	0.3199652	0.02229675
120600	-738.0486	-719.8035	-18.24513	0.3079655	0.09026368
120800	-738.0437	-720.4074	-17.63635	0.3048453	0.04026519
121000	-733.4957	-716.603	-16.89277	0.2714547	0.003352198
121200	-733.6433	-715.6071	-18.03618	0.2976248	0.0797535
121400	-733.399	-715.0999	-18.29908	0.3392491	0.06906224
121600	-733.8779	-716.2858	-17.59212	0.3095114	0.03130937
121800	-735.8166	-717.419	-18.39761	0.2818633	0.132039
122000	-732.7485	-714.6363	-18.11219	0.3209469	0.06955127
122200	-733.3667	-716.2338	-17.13284	0.2899697	0.008230388
122400	-735.189	-716.9398	-18.24914	0.3101913	0.08877371
122600	-737.5944	-720.2229	-17.37146	0.3125697	0.009651363
122800	-734.7603	-715.5147	-19.24563	0.2784837	0.2058733
123000	-735.1089	-718.2971	-16.81176	0.2657569	0.001314046
123200	-730.8003	-713.6402	-17.16008	0.2920024	0.008748845
123400	-733.284	-715.5345	-17.74956	0.2755892	0.07787936
123600	-736.0145	-717.1568	-18.85774	0.2917609	0.1625796
123800	-742.3031	-724.3214	-17.98168	0.2838702	0.09376512
124000	-734.0395	-716.0481	-17.99136	0.3534085	0.0281405
124200	-737.1397	-718.0474	-19.09224	0.3434776	0.1382863
124400	-738.7076	-720.2295	-18.47807	0.3046879	0.1185275
124600	-732.0566	-714.8238	-17.23289	0.3073941	0.001631135
124800	-731.829	-714.2735	-17.55549	0.3078157	0.02976224
125000	-742.0703	-722.4717	-19.59855	0.3314549	0.1898898
125200	-739.4785	-721.9679	-17.51066	0.3165546	0.01827487
125400	-734.6828	-716.889	-17.79374	0.320688	0.04111418
125600	-735.0693	-716.2089	-18.86038	0.349682	0.1135742
125800	-734.2271	-716.2694	-17.95771	0.2665172	0.1046013
126000	-741.541	-722.7631	-18.77792	0.3255984	0.1293643
126200	-731.2362	-713.7289	-17.50727	0.3045932	0.02940745
126400	-737.8843	-720.3998	-17.48454	0.3091756	0.02343224
126600	-742.8868	-725.3977	-17.48908	0.261038	0.06573089
126800	-738.266	-720.1696	-18.0964	0.3793736	0.01471081
127000	-736.6718	-718.081	-18.59082	0.3011089	0.1260766
127200	-738.3794	-719.9436	-18.43579	0.2762401	0.1366138
127400	-734.3408	-717.2787	-17.06216	0.2825621	0.008471798
127600	-739.8318	-722.2261	-17.60574	0.3162558	0.02727175
127800	-735.8016	-717.5291	-18.27251	0.3355219	0.0698019
128000	-736.8459	-718.8194	-18.02651	0.3371361	0.04702322
128200	-736.6471	-716.1209	-20.52614	0.3091747	0.2934456
128400	-731.775	-714.4256	-17.34936	0.3198085	0.001018811
128600	-730.1958	-713.06	-17.13581	0.2906773	0.008008156
128800	-739.3912	-721.5484	-17.84283	0.2979715	0.06368717
129000	-735.4951	-715.9184	-19.57677	0.371311	0.1544615
129200	-740.4449	-723.5732	-16.87166	0.2653301	0.007005036
129400	-731.6728	-714.0035	-17.66926	0.3253318	0.02484921
129600	-738.2298	-719.3817	-18.84803	0.3132247	0.1456777
129800	-741.7543	-719.3042	-22.45015	0.3351463	0.4352479
130000	-735.0697	-717.5787	-17.49094	0.2763179	0.05193594
130200	-736.4055	-718.9404	-17.4651	0.2918409	0.03720687
130400	-740.0396	-722.5833	-17.45635	0.2783589	0.04898401
130600	-736.2478	-718.1641	-18.08372	0.2962483	0.09023451
130800	-733.4334	-715.9005	-17.53287	0.2778557	0.05626658
131000	-739.333	-720.0195	-19.31345	0.3523354	0.1509507
131200	-744.6427	-724.9144	-19.7283	0.2784865	0.2522106
131400	-737.1195	-718.415	-18.70452	0.2930831	0.1491396
131600	-732.3641	-715.3049	-17.05914	0.2795134	0.01104946
131800	-736.1997	-717.5966	-18.60316	0.3023848	0.1277074
132000	-736.9342	-717.8816	-19.0526	0.3680297	0.1159118
132200	-735.0751	-717.001	-18.07412	0.3138085	0.07041142
132400	-733.396	-716.1891	-17.20692	0.2967489	0.009146382
132600	-741.9539	-723.0301	-18.92377	0.3805839	0.08860106
132800	-738.45	-720.6026	-17.84735	0.3396245	0.02775689
133000	-733.1107	-715.2005	-17.91019	0.2883271	0.08034441
133200	-737.7771	-720.4133	-17.3638	0.3075159	0.01354252
133400	-736.8796	-717.4566	-19.42299	0.3344873	0.1661585
133600	-746.8831	-728.3174	-18.56571	0.3306164	0.102723
133800	-737.8464	-719.9507	-17.89577	0.3375387	0.03590352
134000	-733.1269	-715.5385	-17.58834	0.2778597	0.06047759
134200	-740.2934	-723.0257	-17.26768	0.2585927	0.04958522
134400	-735.8457	-718.5194	-17.32631	0.3148914	0.003275022
134600	-733.6422	-716.0925	-17.54978	0.3168741	0.021346
134800	-736.8394	-719.0955	-17.74397	0.3180307	0.03840295
135000	-733.667	-716.2933	-17.37371	0.2922167	0.02838674
135200	-736.2178	-714.2247	-21.99313	0.2794817	0.453369
135400	-736.0497	-716.5193	-19.53036	0.3314339	0.1858948
135600	-733.8982	-715.9485	-17.94969	0.3360347	0.03994304
135800	-735.2301	-717.715	-17.5151	0.3097837	0.02523487
136000	-734.3608	-716.6007	-17.76008	0.2905378	0.06341497
136200	-738.9882	-721.8306	-17.15768	0.2898824	0.01049858
136400	-735.7224	-718.4559	-17.26649	0.3051838	0.006461418
136600	-733.066	-715.1127	-17.95326	0.3097711	0.06427649
136800	-734.7772	-717.0259	-17.75124	0.3082503	0.04674089
137000	-736.3223	-718.5631	-17.75912	0.2929913	0.06375118
137200	-739.3735	-719.0194	-20.35407	0.3043373	0.2756348
137400	-737.5183	-718.85	-18.6683	0.3586962	0.08779982
137600	-736.3579	-717.0704	-19.28748	0.3178315	0.1726142
137800	-745.7236	-724.0203	-21.70335	0.3656615	0.3594826
138000	-739.4216	-720.1352	-19.28641	0.3037432	0.1864623
138200	-738.9341	-721.8476	-17.08651	0.2431818	0.04535133
138400	-734.2362	-716.7534	-17.48288	0.3016218	0.02886591
138600	-733.8862	-715.3106	-18.57556	0.2949975	0.1275904
138800	-740.234	-723.1694	-17.06459	0.2880877	0.00396535
139000	-740.103	-719.6628	-20.44028	0.3089781	0.2891719
139200	-732.5441	-715.2377	-17.30639	0.2957292	0.01886105
139400	-734.1615	-715.7903	-18.37118	0.2779371	0.1295161
139600	-731.1815	-713.92	-17.26151	0.3118176	0.000291465
139800	-732.9156	-715.8181	-17.09753	0.2809045	0.01323112
140000	-736.5106	-719.5505	-16.96012	0.2386853	0.03823823
140200	-732.5356	-713.769	-18.76669	0.317887	0.1290177
140400	-738.7745	-721.0658	-17.70869	0.3146404	0.03928525
140600	-740.0786	-722.9951	-17.08344	0.2878974	0.005807805
140800	-737.3938	-720.3623	-17.03152	0.2738592	0.01375732
141000	-736.6378	-718.1419	-18.4959	0.2789424	0.1352615
141200	-737.0232	-718.8453	-18.17789	0.3656045	0.03407559
141400	-744.7258	-726.9188	-17.80699	0.359811	0.006472056
141600	-737.2054	-718.6995	-18.50591	0.3609946	0.06829977
141800	-734.9336	-716.9835	-17.95003	0.3289347	0.04687015
142000	-733.345	-715.9107	-17.43431	0.2908347	0.03499372
142200	-734.0176	-716.3178	-17.69971	0.3304857	0.0226746
142400	-737.2817	-719.2282	-18.05355	0.2609318	0.1161183
142600	-734.8404	-716.7564	-18.08407	0.3060423	0.07807855
142800	-734.7361	-717.0683	-17.66775	0.3011611	0.0475337
143000	-734.9499	-717.132	-17.81793	0.3186458	0.04543377
143200	-732.0996	-714.0643	-18.03536	0.3234575	0.0585753
143400	-734.8643	-715.5364	-19.32794	0.3182435	0.1796408
143600	-736.5438	-716.9163	-19.62749	0.3051797	0.2179829
143800	-740.1954	-720.474	-19.72148	0.309331	0.2148813
144000	-740.2424	-722.5697	-17.67279	0.3030829	0.04416166
144200	-734.0161	-716.7187	-17.29739	0.2704915	0.04030651
144400	-736.1369	-718.4492	-17.68768	0.2912113	0.05712902
144600	-741.0149	-719.1141	-21.90078	0.3246234	0.4044751
144800	-734.8918	-716.5989	-18.29288	0.2605192	0.1369534
145000	-734.7388	-717.0447	-17.69411	0.2658587	0.08107861
145200	-739.3331	-721.9227	-17.41047	0.265305	0.05524909
145400	-735.5212	-717.4337	-18.08754	0.3080036	0.0768614
145600	-737.9152	-720.3132	-17.60194	0.2915829	0.04892871
145800	-737.0449	-719.299	-17.74584	0.3416467	0.01685237
146000	-736.0472	-716.2631	-19.78404	0.2971694	0.2415844
146200	-733.0112	-715.3268	-17.6844	0.29119	0.05786212
146400	-734.4031	-716.9707	-17.43244	0.263431	0.05826285
146600	-736.0709	-718.4261	-17.64476	0.3448344	0.005058242
146800	-747.2024	-728.7179	-18.4845	0.2342965	0.1809228
147000	-735.2381	-716.5206	-18.71754	0.2847453	0.1544132
147200	-733.9346	-715.9223	-18.01231	0.3398483	0.04280242
147400	-739.6595	-722.191	-17.4685	0.2706049	0.05518201
147600	-733.6566	-715.8501	-17.80653	0.2969718	0.06237689
147800	-736.7212	-719.2413	-17.4799	0.2883338	0.04061843
148000	-738.0788	-718.716	-19.36285	0.3077074	0.1908334
148200	-738.1015	-720.2407	-17.86074	0.2960972	0.06879807
148400	-735.4004	-716.5224	-18.87792	0.2622998	0.1835924
148600	-739.6978	-719.9491	-19.74873	0.3043848	0.228697
148800	-739.568	-721.7769	-17.79111	0.3013701	0.05745388
149000	-740.0636	-721.2443	-18.81931	0.3550336	0.1024894
149200	-739.4641	-720.9136	-18.55048	0.3125784	0.1180832
149400	-738.0333	-719.9423	-18.09105	0.3135902	0.07297755
149600	-741.135	-723.2272	-17.90778	0.3254286	0.04734425
149800	-739.7715	-722.4171	-17.35441	0.3156311	0.005202035
150000	-735.0813	-717.4214	-17.65997	0.307711	0.03904266
150200	-738.8917	-719.1881	-19.70367	0.309388	0.2222927
150400	-736.9191	-719.0677	-17.85141	0.282574	0.07938327
150600	-733.5257	-716.1022	-17.42351	0.2632249	0.05922002
150800	-737.8934	-719.9156	-17.9778	0.296448	0.07585591
151000	-743.554	-720.4512	-23.10282	0.2768182	0.5408633
151200	-739.6274	-720.8653	-18.76215	0.3207575	0.1244326
151400	-738.8453	-720.4716	-18.3737	0.3075155	0.105188
151600	-736.0989	-717.7794	-18.31953	0.2950366	0.1138348
151800	-733.5735	-716.4769	-17.09657	0.2891584	0.005884099
152000	-740.0676	-722.7172	-17.35042	0.2708622	0.04617251
152200	-737.5993	-718.9039	-18.69541	0.3333365	0.1120554
152400	-739.331	-722.1704	-17.16064	0.2991492	0.00266156
152600	-736.0996	-718.1215	-17.97811	0.3560191	0.02527298
152800	-742.002	-723.2855	-18.71648	0.358818	0.09582467
153000	-735.2142	-717.1657	-18.04847	0.3145547	0.06975489
153200	-734.3692	-716.8055	-17.56372	0.3147169	0.02503908
153400	-735.4483	-716.36	-19.08833	0.2873953	0.1808754
153600	-737.5589	-719.6063	-17.95268	0.2786004	0.09237391
153800	-743.628	-721.0595	-22.56848	0.3066129	0.4698966
154000	-732.8931	-715.298	-17.5951	0.3384055	0.006472409
154200	-735.8804	-718.1408	-17.73958	0.3178959	0.03743906
154400	-737.7066	-718.8903	-18.81628	0.2876704	0.1652448
154600	-739.0311	-721.2007	-17.83046	0.3004326	0.06300133
154800	-738.0444	-720.2849	-17.75951	0.265834	0.08579992
155000	-739.0147	-720.9979	-18.0168	0.3436672	0.0412611
155200	-739.4464	-721.8675	-17.57887	0.2583608	0.07876961
155400	-733.732	-716.3789	-17.35315	0.2754895	0.0406769
155600	-736.8792	-718.0864	-18.79283	0.2835056	0.1586484
155800	-738.9536	-721.9147	-17.03889	0.2448032	0.04153102
156000	-739.2405	-719.7278	-19.51267	0.3710382	0.1505549
156200	-734.3859	-717.0901	-17.29575	0.2858784	0.02664754
156400	-744.2554	-726.6753	-17.58011	0.3369485	0.006481849
156600	-744.1566	-724.8567	-19.29986	0.2665845	0.2257429
156800	-733.2807	-713.5043	-19.77642	0.3197544	0.2182723
157000	-744.362	-724.2224	-20.13969	0.2950928	0.270173
157200	-738.7346	-720.7745	-17.96016	0.3549136	0.02656533
157400	-736.2529	-718.7085	-17.54446	0.3122848	0.02537691
157600	-741.5356	-723.2021	-18.33349	0.2549687	0.1508883
157800	-737.3431	-718.672	-18.67111	0.2956048	0.1423048
158000	-734.0369	-715.8961	-18.14084	0.3112756	0.081792
158200	-734.0779	-716.405	-17.67294	0.3130467	0.03571788
158400	-735.2132	-717.2868	-17.92641	0.3553583	0.02073938
158600	-737.879	-719.7212	-18.15781	0.3467653	0.04856401
158800	-736.1725	-717.9458	-18.22675	0.3416636	0.06155568
159000	-734.9053	-717.9412	-16.9641	0.2802291	0.001966141
159200	-737.9901	-718.314	-19.676	0.3123877	0.2171683
159400	-736.8501	-719.4713	-17.37878	0.2929319	0.02752344
159600	-736.7937	-719.3275	-17.46614	0.3056525	0.02384014
159800	-742.0667	-724.6697	-17.39694	0.2816099	0.03994976
160000	-740.8816	-723.7179	-17.16373	0.297111	0.004741609
160200	-733.5543	-716.1345	-17.41975	0.278551	0.0451922
160400	-733.4587	-715.5647	-17.89397	0.3273137	0.04240473
160600	-732.8779	-713.8816	-18.99632	0.2802497	0.1803586
160800	-733.6457	-715.8982	-17.74744	0.2862635	0.06623113
161000	-733.4071	-715.9237	-17.48345	0.3029262	0.02893734
161200	-737.7319	-719.4422	-18.28969	0.3640686	0.04471488
161400	-734.4676	-717.1249	-17.34267	0.309952	0.009176549
161600	-737.8504	-720.7401	-17.11026	0.2661515	0.02792542
161800	-734.7836	-716.0944	-18.68924	0.3010223	0.1377372
162000	-733.9424	-715.3633	-18.57909	0.3245526	0.105916
162200	-739.7957	-719.7863	-20.00936	0.3376299	0.2166865
162400	-732.8971	-714.4526	-18.44452	0.3321879	0.08950392
162600	-737.2402	-718.704	-18.53619	0.3651522	0.06570806
162800	-733.0567	-715.6196	-17.43705	0.3281024	0.001441176
163000	-734.8683	-717.6717	-17.19663	0.3020985	0.003243486
163200	-739.6021	-720.6911	-18.91098	0.3115798	0.1496109
163400	-736.0635	-718.7175	-17.34603	0.2490474	0.06388509
163600	-739.0804	-719.7307	-19.3497	0.3056606	0.1913767
163800	-735.1341	-716.8924	-18.24173	0.309504	0.08960197
164000	-737.2637	-720.3241	-16.9396	0.2772477	0.002515501
164200	-735.8443	-717.5693	-18.27497	0.2846465	0.1154186
164400	-740.145	-722.0489	-18.09611	0.3100766	0.07828135
164600	-736.7871	-718.4176	-18.36954	0.3487216	0.06846317
164800	-732.9008	-715.3627	-17.53803	0.3091345	0.02682867
165000	-732.1242	-712.7971	-19.32711	0.2756308	0.210308
165200	-738.4781	-719.7203	-18.75778	0.3389548	0.1108482
165400	-738.1362	-720.6592	-17.47699	0.3272366	0.005856712
165600	-733.978	-714.6404	-19.33766	0.3392064	0.1618882
165800	-737.4427	-718.6467	-18.79601	0.3298366	0.1202668
166000	-730.2947	-712.4779	-17.81683	0.3068508	0.05337775
166200	-736.4127	-716.8546	-19.5581	0.2782998	0.2334244
166400	-735.7849	-717.9488	-17.83606	0.27109	0.08658539
166600	-736.8743	-718.8397	-18.03455	0.3632511	0.02424281
166800	-732.5347	-713.9365	-18.59815	0.2856061	0.1412344
167000	-732.3015	-714.9244	-17.37717	0.2714784	0.04747758
167200	-741.3542	-719.6954	-21.65888	0.3539858	0.3423547
167400	-737.2712	-719.3407	-17.93047	0.2679042	0.09957935
167600	-735.2625	-717.0434	-18.21914	0.3194417	0.07881786
167800	-741.4885	-723.8175	-17.67101	0.2905621	0.05506899
168000	-738.7103	-718.2307	-20.47958	0.3388177	0.2740062
168200	-739.6694	-721.5135	-18.15591	0.3418069	0.05282676
168400	-735.8519	-716.8427	-19.00916	0.3451576	0.1272385
168600	-737.2025	-720.0471	-17.1554	0.2959045	0.004946784
168800	-740.3229	-722.5524	-17.77054	0.3443149	0.01808911
169000	-736.0855	-715.5643	-20.52112	0.2944981	0.3004
169200	-739.0899	-718.6354	-20.45456	0.354612	0.2548777
169400	-738.0546	-719.9646	-18.09005	0.2571636	0.1253875
169600	-738.4216	-720.6045	-17.81711	0.3258384	0.03745743
169800	-735.3198	-717.3484	-17.97137	0.3153322	0.06025162
170000	-735.3318	-717.9422	-17.38965	0.2951302	0.02706542
170200	-737.2528	-719.4751	-17.77763	0.2836283	0.07265362
170400	-741.9884	-723.032	-18.95638	0.3723383	0.108523
170600	-744.245	-721.1584	-23.08664	0.3800581	0.4745196
170800	-739.8119	-721.2837	-18.52816	0.3530797	0.08153656
171000	-735.9398	-717.3991	-18.54063	0.2610097	0.1564068
171200	-737.1157	-718.7622	-18.35348	0.351869	0.06388565
171400	-736.8096	-712.9328	-23.87687	0.2872579	0.5826858
171600	-738.5807	-721.235	-17.34564	0.3072957	0.01274613
171800	-735.6004	-718.1763	-17.4241	0.2826719	0.04114271
172000	-735.1659	-717.2836	-17.88234	0.3164802	0.05025123
172200	-738.2399	-720.155	-18.08492	0.3198128	0.06700582
172400	-733.3944	-713.8997	-19.49469	0.3406156	0.1740924
172600	-736.5313	-717.9749	-18.55641	0.3016745	0.1266363
172800	-733.78	-716.4104	-17.3696	0.2969566	0.02290149
173000	-746.1719	-725.8623	-20.30957	0.2823102	0.307554
173200	-732.4627	-713.7227	-18.74004	0.2814687	0.155477
173400	-734.559	-715.4987	-19.06032	0.2916636	0.1805508
173600	-736.3789	-718.2998	-18.07912	0.304146	0.07887621
173800	-736.9323	-719.2907	-17.64152	0.3254971	0.02266377
174000	-733.9881	-716.0348	-17.95326	0.2934876	0.07722837
174200	-738.8964	-719.1126	-19.7838	0.2872105	0.2413863
174400	-735.4042	-717.5993	-17.80489	0.2723692	0.08511953
174600	-741.1947	-722.622	-18.57264	0.2620054	0.16025
174800	-741.2259	-723.1857	-18.0402	0.2910764	0.08811724
175000	-740.7769	-722.1882	-18.5887	0.3232344	0.1067452
175200	-732.4004	-714.8197	-17.5807	0.3093188	0.03141759
175400	-734.5043	-717.6359	-16.86844	0.2698673	0.002640761
175600	-736.1463	-718.9726	-17.17373	0.2889507	0.01293277
175800	-736.1643	-717.9877	-18.17663	0.3214239	0.07204003
176000	-735.9364	-718.7879	-17.14849	0.2815061	0.01717507
176200	-733.0463	-713.8371	-19.20916	0.3486601	0.1421899
176400	-735.3809	-717.893	-17.48789	0.2757398	0.05237619
176600	-736.0934	-718.8091	-17.28428	0.3006872	0.01220781
176800	-736.9735	-718.1406	-18.83291	0.3412582	0.1149186
177000	-733.9107	-714.9312	-18.97952	0.2979001	0.1644544
177200	-737.4511	-718.2767	-19.17434	0.2852485	0.1960587
177400	-734.7255	-714.1641	-20.56148	0.3414159	0.2714524
177600	-734.368	-716.3407	-18.02734	0.3264302	0.05632324
177800	-733.6426	-715.6173	-18.02529	0.2720519	0.1046352
178000	-733.1906	-713.6634	-19.52727	0.3098436	0.1976869
178200	-735.032	-717.2945	-17.73745	0.2992612	0.05451369
178400	-737.4433	-719.0357	-18.40765	0.27956	0.1289889
178600	-740.4373	-723.1208	-17.31653	0.2945066	0.02141803
178800	-735.3726	-717.4894	-17.88321	0.333159	0.03836802
179000	-734.499	-716.7577	-17.74136	0.2833006	0.06987166
179200	-738.0157	-720.1416	-17.87409	0.3489803	0.02165802
179400	-737.0213	-719.7892	-17.23202	0.2965499	0.01136538
179600	-734.5069	-716.9069	-17.59991	0.3089181	0.03505646
179800	-734.851	-715.6744	-19.1766	0.3784951	0.1103665
180000	-744.4685	-726.374	-18.09444	0.2610497	0.1209894
180200	-737.6399	-718.7583	-18.88156	0.3655924	0.10087
180400	-736.6293	-719.3087	-17.32062	0.3121669	0.005253243
180600	-741.5082	-724.0904	-17.41779	0.3210523	0.005974098
180800	-732.176	-713.9134	-18.26254	0.3190821	0.0856361
181000	-733.7437	-715.7824	-17.96134	0.3027033	0.07019124
181200	-732.0435	-714.6801	-17.36334	0.3034624	0.01704064
181400	-736.3653	-719.0619	-17.30343	0.2548389	0.0539736
181600	-736.4781	-718.9038	-17.57431	0.3289921	0.01305228
181800	-736.1024	-717.9402	-18.16221	0.330673	0.06630292
182000	-737.5253	-719.9673	-17.55799	0.2972523	0.04120831
182200	-739.0738	-717.304	-21.76976	0.331886	0.3810027
182400	-735.3607	-717.9454	-17.4153	0.2579889	0.06189369
182600	-732.2724	-715.2356	-17.03685	0.2677252	0.01972718
182800	-737.8115	-720.0788	-17.73274	0.3258883	0.0294649
183000	-735.8326	-717.8012	-18.0314	0.3154141	0.06557864
183200	-738.0543	-720.2381	-17.81618	0.3383348	0.02597113
183400	-739.5153	-720.0723	-19.44302	0.3826543	0.1344115
183600	-738.0132	-719.8884	-18.12484	0.2703673	0.1157667
183800	-735.4585	-716.321	-19.13751	0.3468109	0.1420028
184000	-737.5309	-719.2138	-18.31715	0.3288561	0.07915707
184200	-741.2693	-722.7652	-18.50418	0.2876772	0.1339945
184400	-735.9739	-718.6814	-17.29249	0.2888138	0.0234671
184600	-737.2861	-719.325	-17.96105	0.3209087	0.05643027
184800	-740.8117	-722.493	-18.31872	0.3049252	0.0998924
185000	-734.866	-716.0443	-18.82168	0.2676244	0.173929
185200	-736.9911	-719.1047	-17.8864	0.2779466	0.08508751
185400	-734.3685	-715.5754	-18.79318	0.3141046	0.1360386
185600	-734.5893	-715.8977	-18.69162	0.3124412	0.1301346
185800	-736.591	-718.1893	-18.40175	0.2824714	0.130068
186000	-735.78	-717.4334	-18.3466	0.3207682	0.08752746
186200	-733.9654	-715.7925	-18.17285	0.3342129	0.06284006
186400	-735.9343	-717.9204	-18.01397	0.3060833	0.0726485
186600	-740.0508	-722.2474	-17.8034	0.258095	0.09848691
186800	-738.4357	-715.9279	-22.50775	0.3670729	0.4275037
187000	-736.0691	-716.2553	-19.81388	0.3191346	0.2316163
187200	-735.342	-717.5796	-17.76241	0.3416302	0.01822405
187400	-736.5929	-719.6261	-16.96674	0.2633905	0.01709549
187600	-733.7843	-715.9175	-17.86677	0.2803291	0.08328478
187800	-740.132	-722.2753	-17.85672	0.301675	0.06454469
188000	-732.4728	-714.7286	-17.74418	0.3063523	0.04852166
188200	-738.28	-719.8757	-18.40427	0.3285713	0.0886382
188400	-732.2349	-714.9357	-17.29921	0.3099222	0.00526983
188600	-732.3147	-713.8561	-18.45865	0.3150246	0.1025088
188800	-733.9703	-716.8443	-17.12602	0.2940759	0.004025945
189000	-738.0525	-720.3535	-17.69902	0.3147052	0.03635224
189200	-734.5487	-716.0269	-18.52179	0.2804613	0.143419
189400	-730.0338	-712.893	-17.14078	0.2868947	0.01173658
189600	-737.8651	-719.2757	-18.58942	0.3602935	0.07604895
189800	-740.3269	-723.1751	-17.1518	0.2859888	0.01380182
190000	-733.8741	-715.746	-18.12809	0.3345421	0.06037047
190200	-736.448	-719.5606	-16.88743	0.2622818	0.01122003
190400	-736.4964	-717.924	-18.57246	0.3121273	0.117245
190600	-739.3895	-722.2638	-17.12564	0.2375281	0.05375255
190800	-734.7455	-714.6311	-20.11442	0.3766221	0.1969174
191000	-732.0798	-713.6994	-18.38045	0.308281	0.1028571
191200	-740.745	-723.7808	-16.96418	0.2507247	0.02914323
191400	-736.2658	-718.7816	-17.48417	0.3018889	0.03005706
191600	-737.1525	-719.6844	-17.46811	0.3254724	0.00660603
191800	-739.2674	-718.9421	-20.32532	0.3543162	0.2397487
192000	-733.8749	-713.2964	-20.57848	0.3060405	0.2923444
192200	-734.06	-715.555	-18.505	0.2997443	0.1236835
192400	-737.833	-719.8747	-17.95832	0.336984	0.03961643
192600	-733.8783	-715.7975	-18.08079	0.3317407	0.05556899
192800	-738.8027	-719.9978	-18.80488	0.3267268	0.1327223
193000	-735.2111	-716.6911	-18.52	0.3138196	0.1119764
193200	-737.6852	-719.5219	-18.16329	0.3341513	0.06036329
193400	-738.1618	-717.0156	-21.14619	0.3004696	0.3625965
193600	-735.6715	-717.0065	-18.66506	0.3684547	0.07467596
193800	-734.3576	-716.4475	-17.91011	0.3301815	0.04277352
194000	-734.9239	-717.2001	-17.72385	0.3565639	0.00165686
194200	-733.664	-716.3609	-17.30308	0.2951976	0.01896576
194400	-737.3377	-716.7558	-20.58196	0.3173702	0.2901688
194600	-744.1951	-725.1113	-19.08384	0.2789407	0.2002056
194800	-733.6042	-716.334	-17.27013	0.2630438	0.04582225
195000	-735.5154	-716.9785	-18.53691	0.2903936	0.1372944
195200	-738.8976	-720.8208	-18.07682	0.35499	0.03589796
195400	-735.3153	-716.7295	-18.58582	0.3444086	0.0901213
195600	-742.5036	-723.3998	-19.10384	0.3590088	0.1224396
195800	-735.0151	-716.9528	-18.06229	0.3435406	0.04393165
196000	-737.2338	-719.2195	-18.0143	0.3207796	0.06108813
196200	-736.564	-717.8853	-18.67874	0.2982016	0.1430989
196400	-737.6694	-718.6638	-19.00565	0.3272457	0.1404353
196600	-735.7819	-717.6919	-18.08993	0.2637992	0.1183797
196800	-741.4289	-722.2384	-19.19056	0.3047729	0.1878243
197000	-747.037	-729.3401	-17.69689	0.2803004	0.07084033
197200	-736.691	-718.9482	-17.7428	0.2747759	0.0769249
197400	-733.3373	-715.7079	-17.62941	0.2776335	0.0616159
197600	-733.917	-716.213	-17.70395	0.3052811	0.04642414
197800	-741.8993	-723.905	-17.99429	0.3575739	0.0259151
198000	-734.7657	-717.096	-17.66966	0.3220203	0.02704838
198200	-734.7477	-717.6115	-17.13621	0.2850055	0.01300452
198400	-733.5227	-715.651	-17.87164	0.2972196	0.0668776
198600	-738.3534	-721.3632	-16.9902	0.2602937	0.02215444
198800	-737.5501	-719.5408	-18.00933	0.3359669	0.0469632
199000	-734.6355	-716.7812	-17.85432	0.3247023	0.04275489
199200	-733.3718	-716.1063	-17.26556	0.2924377	0.01804435
199400	-736.9785	-716.6197	-20.35878	0.3088129	0.2674236
199600	-738.4737	-717.6135	-20.86018	0.3313659	0.3062012
199800	-745.049	-726.9213	-18.12775	0.3889773	0.009831433
200000	-738.7069	-721.8551	-16.85186	0.2685576	0.002423978
