Iteration	Posterior	Likelihood	Prior	branch_rates	speciation_rate
0	-732.9195	-714.7063	-18.21318	0.2999758	0.09548377
200	-735.4202	-718.4318	-16.98836	0.2766182	0.007335073
400	-733.7624	-715.9221	-17.84036	0.3082253	0.05593674
600	-731.6099	-714.2846	-17.3253	0.3168531	0.001487223
800	-744.0805	-722.5768	-21.50366	0.3573896	0.3397952
1000	-735.917	-718.2855	-17.63151	0.2998387	0.04518371
1200	-735.1777	-717.1638	-18.01393	0.3445728	0.03965263
1400	-739.4496	-721.3119	-18.13765	0.3316666	0.06197447
1600	-739.2986	-721.5522	-17.74639	0.2994645	0.05375837
1800	-738.0597	-718.8985	-19.16128	0.2844592	0.1890183
2000	-735.4679	-717.2786	-18.1893	0.3334867	0.06428949
2200	-735.1876	-717.3051	-17.88248	0.3657465	0.007902176
2400	-732.8634	-715.8823	-16.98108	0.274867	0.008268744
2600	-733.0717	-715.2852	-17.78654	0.3431986	0.0187942
2800	-735.4075	-715.7644	-19.64308	0.300776	0.2178869
3000	-739.3699	-721.0402	-18.3297	0.36917	0.04880572
3200	-736.1824	-715.3937	-20.78876	0.3135926	0.3124546
3400	-735.9088	-716.5467	-19.3621	0.3190381	0.1781145
3600	-736.4215	-719.0148	-17.40676	0.2699784	0.05131308
3800	-736.0405	-718.2309	-17.80959	0.3273967	0.03585169
4000	-738.4415	-720.3637	-18.07775	0.3365479	0.05210718
4200	-741.737	-723.0044	-18.73254	0.3891714	0.06796428
4400	-739.3836	-721.3501	-18.03349	0.3230856	0.06203465
4600	-740.915	-722.8656	-18.0494	0.3323253	0.0529283
4800	-738.698	-720.5683	-18.12966	0.3220472	0.07352408
5000	-733.3741	-713.9193	-19.45476	0.3324676	0.1794577
5200	-737.5363	-720.5997	-16.93655	0.2618495	0.01650088
5400	-736.537	-718.544	-17.99299	0.3736037	0.01125003
5600	-735.2553	-718.2232	-17.03215	0.2754551	0.01235396
5800	-737.9044	-720.8127	-17.09176	0.27005	0.02247793
6000	-735.6189	-717.0724	-18.54643	0.3044659	0.1186911
6200	-740.9323	-721.1874	-19.74491	0.3304496	0.2043545
6400	-734.4138	-717.1652	-17.2486	0.2738037	0.03287894
6600	-736.1502	-717.8627	-18.28757	0.3261961	0.08114002
6800	-739.3509	-721.4572	-17.8937	0.3121038	0.05539843
7000	-737.2005	-719.6658	-17.53468	0.3040481	0.03170264
7200	-732.9984	-715.2945	-17.7039	0.3038429	0.0474024
7400	-737.6708	-719.9538	-17.71701	0.3064637	0.04490227
7600	-740.4108	-721.5179	-18.89285	0.4074029	0.06289074
7800	-735.5148	-716.9325	-18.5823	0.2890584	0.1373249
8000	-734.1174	-716.4545	-17.66295	0.320879	0.02764962
8200	-734.5706	-717.123	-17.4477	0.2882769	0.03827557
8400	-735.4147	-718.5184	-16.89625	0.2746257	0.0008880988
8600	-730.2115	-712.6917	-17.5198	0.312508	0.023002
8800	-735.2362	-716.2505	-18.98572	0.3549557	0.1172992
9000	-735.6865	-718.1952	-17.49132	0.3049594	0.02717247
9200	-739.1972	-718.5189	-20.6783	0.2880142	0.3329031
9400	-737.4557	-719.5891	-17.86656	0.3245764	0.04437547
9600	-737.7465	-720.2486	-17.49794	0.3202422	0.01356693
9800	-733.3808	-716.089	-17.2918	0.3029791	0.01123904
10000	-735.262	-716.9741	-18.28791	0.3212388	0.08329808
10200	-736.6134	-716.4318	-20.18157	0.2972613	0.2623316
10400	-734.7318	-716.2921	-18.43963	0.2728902	0.1381604
10600	-740.4381	-721.8428	-18.59532	0.4136841	0.02935993
10800	-736.2373	-718.3766	-17.86074	0.3216597	0.04578534
11000	-735.9599	-718.1639	-17.79607	0.2864897	0.07159617
11200	-736.8452	-719.7503	-17.09494	0.2940431	0.00133079
11400	-734.7024	-717.405	-17.29737	0.3012426	0.01282158
11600	-739.9764	-721.4832	-18.49313	0.3301218	0.09718195
11800	-741.2948	-723.4002	-17.89463	0.3395622	0.03319529
12000	-734.185	-715.5496	-18.63537	0.2692376	0.1587091
12200	-739.5971	-721.3244	-18.27267	0.3041734	0.1001366
12400	-738.2625	-720.894	-17.36847	0.2989637	0.02183698
12600	-738.4023	-718.9043	-19.49797	0.3104665	0.2085791
12800	-730.4736	-713.248	-17.22556	0.2875237	0.01869128
13000	-736.0848	-718.4766	-17.6082	0.2522209	0.08264207
13200	-738.0527	-720.5276	-17.52513	0.3193466	0.01697751
13400	-733.042	-715.5378	-17.50419	0.3013059	0.0326951
13600	-736.7777	-719.9112	-16.86644	0.2593304	0.01214137
13800	-737.723	-719.0257	-18.69736	0.3074723	0.1321428
14000	-745.8747	-727.8662	-18.00858	0.3520346	0.0321671
14200	-737.1318	-717.7601	-19.37174	0.3093505	0.1907761
14400	-735.2592	-717.5836	-17.67555	0.3339816	0.01746994
14600	-731.514	-713.9135	-17.60049	0.273987	0.06287785
14800	-736.1979	-716.2237	-19.97421	0.3098762	0.2375632
15000	-737.4788	-720.1768	-17.302	0.2885746	0.02479561
15200	-731.8242	-714.1544	-17.66979	0.2741871	0.06987872
15400	-731.9571	-714.246	-17.71111	0.319998	0.032951
15600	-738.952	-721.548	-17.404	0.3166148	0.008975752
15800	-734.1045	-716.2587	-17.8458	0.323592	0.04454196
16000	-736.0277	-714.9337	-21.09398	0.3244544	0.3279643
16200	-738.0649	-720.6769	-17.38803	0.2749048	0.04448791
16400	-734.7494	-717.629	-17.1204	0.2843995	0.01213585
16600	-737.1176	-719.4431	-17.67455	0.3353011	0.01671702
16800	-732.4712	-714.1855	-18.28578	0.3095851	0.09289508
17000	-737.007	-718.5111	-18.49589	0.3264445	0.09494499
17200	-733.3013	-715.2713	-18.03003	0.2659362	0.1098334
17400	-737.351	-719.7685	-17.58248	0.2926201	0.04638724
17600	-733.6357	-714.3975	-19.23818	0.3444014	0.1475286
17800	-735.617	-717.9575	-17.65958	0.284138	0.06008769
18000	-735.0158	-715.4892	-19.52659	0.3059464	0.2087515
18200	-741.4934	-722.5573	-18.93609	0.3151982	0.1493968
18400	-734.934	-715.2747	-19.65928	0.3214831	0.2030289
18600	-735.798	-718.363	-17.43503	0.2857757	0.03931557
18800	-737.6402	-719.8339	-17.80627	0.2934483	0.06675996
19000	-734.5657	-716.0621	-18.50369	0.3061365	0.1180597
19200	-736.4811	-715.3795	-21.1016	0.3384939	0.3148584
19400	-744.0304	-722.2486	-21.78177	0.3102915	0.4036771
19600	-733.4407	-715.7163	-17.72435	0.2896747	0.06177758
19800	-743.4662	-723.5392	-19.92696	0.299089	0.2511957
20000	-739.6969	-720.4176	-19.27927	0.29935	0.1926504
20200	-738.0665	-717.202	-20.86444	0.3026137	0.3198162
20400	-737.3271	-719.3304	-17.99672	0.2960396	0.08118309
20600	-743.5153	-723.6799	-19.8354	0.2772186	0.2591441
20800	-736.4696	-718.8392	-17.63037	0.3454934	0.003220406
21000	-732.2333	-714.7957	-17.43759	0.3077887	0.01989205
21200	-734.1974	-715.8217	-18.37563	0.3017904	0.1070203
21400	-735.4513	-717.306	-18.14525	0.2564057	0.1268838
21600	-739.5322	-720.5654	-18.96675	0.305319	0.155873
21800	-738.375	-721.351	-17.02399	0.2537928	0.03116238
22000	-735.1247	-717.5442	-17.58051	0.2893904	0.05200212
22200	-735.4583	-718.1581	-17.30021	0.2908977	0.0218999
22400	-734.9415	-717.5682	-17.37329	0.3064579	0.01463765
22600	-739.3828	-721.1042	-18.27859	0.3107335	0.09575793
22800	-733.8442	-716.5757	-17.26849	0.3064382	0.005734938
23000	-742.417	-720.6411	-21.7759	0.2631507	0.4435593
23200	-736.0081	-717.536	-18.47207	0.3566736	0.07077121
23400	-740.8159	-722.8639	-17.95199	0.3717749	0.008472028
23600	-735.0494	-717.5193	-17.53008	0.3259398	0.01170153
23800	-737.1989	-719.2947	-17.90423	0.2802639	0.08560332
24000	-734.1496	-716.8014	-17.3482	0.3136429	0.006357578
24200	-733.5525	-715.4	-18.1525	0.3062927	0.08540674
24400	-735.0729	-717.8351	-17.2378	0.2734334	0.03260924
24600	-735.0562	-717.457	-17.59919	0.2802091	0.05758695
24800	-737.6842	-720.6401	-17.04414	0.2401196	0.04427966
25000	-744.5324	-722.6002	-21.93221	0.3561738	0.3748229
25200	-740.0854	-719.7673	-20.31811	0.3620685	0.2283428
25400	-733.5667	-715.6277	-17.93897	0.3271198	0.04640358
25600	-735.981	-718.5443	-17.43672	0.320866	0.007984668
25800	-732.3553	-714.4086	-17.94667	0.3003795	0.07300671
26000	-737.7692	-720.029	-17.74019	0.2888657	0.06703855
26200	-733.8349	-715.6683	-18.16658	0.3459717	0.05242549
26400	-734.9112	-717.2415	-17.66969	0.31126	0.03769707
26600	-732.4776	-715.0767	-17.40091	0.3091271	0.0152
26800	-732.2911	-713.8889	-18.40217	0.3114591	0.103968
27000	-736.9625	-718.0042	-18.95836	0.3730472	0.09842684
27200	-742.1989	-723.333	-18.8659	0.3318869	0.1216603
27400	-739.524	-722.4833	-17.04068	0.2573221	0.02930263
27600	-737.4973	-719.5931	-17.90428	0.3396278	0.03290467
27800	-736.4743	-718.8735	-17.60079	0.2992867	0.04266196
28000	-739.8995	-722.5597	-17.33979	0.3035104	0.0151439
28200	-735.8165	-716.1276	-19.68894	0.317724	0.2102775
28400	-730.0382	-712.4509	-17.58727	0.3076092	0.0325958
28600	-733.4861	-715.855	-17.63112	0.3356361	0.01245372
28800	-739.9189	-722.6126	-17.30625	0.2619322	0.04983105
29000	-749.4544	-721.9662	-27.48819	0.3809147	0.8529042
29200	-742.9217	-724.5887	-18.33299	0.2727379	0.1247085
29400	-735.8079	-717.9741	-17.83387	0.2769379	0.08407585
29600	-736.3566	-716.6901	-19.66655	0.3082119	0.2168496
29800	-733.9866	-714.464	-19.52267	0.2825501	0.2325787
30000	-734.555	-716.92	-17.63499	0.2994054	0.04424902
30200	-735.5678	-717.0051	-18.56263	0.3256703	0.1072622
30400	-737.787	-717.8717	-19.91526	0.3015444	0.24685
30600	-733.5746	-715.0598	-18.51481	0.3182853	0.1092441
30800	-738.7418	-721.3049	-17.43693	0.2738395	0.04818782
31000	-742.5153	-723.759	-18.75632	0.3014562	0.1456156
31200	-742.0051	-724.2727	-17.73246	0.3401937	0.0185389
31400	-736.6603	-718.2516	-18.4087	0.3551377	0.06614397
31600	-734.913	-716.5761	-18.33693	0.3618251	0.05489169
31800	-737.1732	-718.8264	-18.34676	0.3109129	0.09828444
32000	-742.0139	-722.1362	-19.87767	0.3300053	0.2193318
32200	-737.3497	-720.0219	-17.32781	0.2803885	0.03396487
32400	-735.0153	-716.4132	-18.60212	0.3126291	0.1170476
32600	-737.9798	-719.2837	-18.69617	0.281958	0.1546352
32800	-738.3108	-718.9981	-19.3127	0.2851626	0.206527
33000	-737.5406	-719.3498	-18.19078	0.297553	0.09729731
33200	-745.4875	-727.238	-18.24953	0.3857872	0.02460792
33400	-737.3123	-719.6453	-17.66696	0.3333118	0.01794112
33600	-736.5161	-718.7897	-17.72645	0.3124745	0.04093181
33800	-735.8961	-718.8325	-17.06366	0.2899243	0.002139324
34000	-738.0595	-720.5641	-17.49546	0.3032827	0.02885758
34200	-736.0784	-718.6025	-17.4759	0.3090279	0.02191796
34400	-735.6762	-717.7478	-17.92832	0.316183	0.05470891
34600	-737.6213	-718.066	-19.55528	0.3472143	0.1748076
34800	-738.6745	-720.6078	-18.06673	0.3397134	0.04777874
35000	-736.2619	-718.8871	-17.37488	0.28392	0.0350162
35200	-734.3289	-716.7891	-17.53983	0.3281482	0.01024991
35400	-740.1396	-723.0863	-17.05334	0.2855345	0.005157137
35600	-732.6784	-714.7571	-17.92135	0.3150818	0.05660383
35800	-739.4527	-721.0208	-18.43183	0.3157223	0.1122863
36000	-735.3493	-716.6724	-18.6769	0.3750947	0.07270377
36200	-735.2643	-717.3397	-17.92464	0.322799	0.04927921
36400	-737.3804	-719.7729	-17.60753	0.3199783	0.02537621
36600	-738.0107	-719.997	-18.01372	0.3072847	0.07439706
36800	-734.6237	-716.6316	-17.99202	0.2847522	0.08653993
37000	-735.4211	-717.0934	-18.32772	0.3159134	0.09012889
37200	-739.7413	-722.0808	-17.6605	0.3205347	0.02756633
37400	-732.4763	-714.1003	-18.376	0.2996198	0.1117025
37600	-734.7743	-716.7043	-18.07	0.3440147	0.04239468
37800	-732.0706	-714.837	-17.23366	0.2925149	0.01466768
38000	-732.3212	-714.7344	-17.58678	0.2794398	0.05811108
38200	-731.865	-714.0092	-17.85582	0.319202	0.04746838
38400	-732.8128	-715.9076	-16.90525	0.2758673	0.0005798456
38600	-739.7202	-720.3231	-19.39714	0.3030573	0.1976277
38800	-735.2831	-717.738	-17.54512	0.3178183	0.0200467
39000	-735.5531	-717.1228	-18.43026	0.3116258	0.1061075
39200	-736.359	-718.3355	-18.02353	0.2973097	0.08362768
39400	-734.0428	-716.2913	-17.75144	0.3209351	0.03666028
39600	-734.5224	-715.8295	-18.69292	0.2865184	0.1499565
39800	-735.6478	-717.3642	-18.28365	0.325786	0.08043824
40000	-736.9582	-719.1336	-17.8246	0.3492842	0.01675321
40200	-740.6268	-720.4714	-20.1554	0.3512299	0.2230776
40400	-738.7296	-721.1345	-17.59517	0.3303322	0.01401316
40600	-736.4311	-718.874	-17.55712	0.3001243	0.03864762
40800	-736.1997	-716.2599	-19.93979	0.3247102	0.2310914
41000	-740.0588	-719.8636	-20.19521	0.2958497	0.2764824
41200	-741.6801	-723.6697	-18.01045	0.3579868	0.02507153
41400	-740.4266	-721.0955	-19.33108	0.3347291	0.1676154
41600	-736.3647	-718.1	-18.26476	0.3519329	0.05419749
41800	-734.4419	-717.2741	-17.16784	0.2947616	0.00705698
42000	-733.336	-716.1795	-17.15644	0.2762551	0.02337844
42200	-735.4533	-717.8884	-17.56489	0.2665423	0.06720213
42400	-738.8228	-721.1002	-17.72258	0.28124	0.07057421
42600	-735.6573	-717.1467	-18.51069	0.3301264	0.09878317
42800	-738.8545	-720.4998	-18.35477	0.3283985	0.08285095
43000	-736.1166	-717.0565	-19.06007	0.3518491	0.1244396
43200	-735.6647	-715.9533	-19.71138	0.3236956	0.2095968
43400	-739.8636	-722.7602	-17.10345	0.2804421	0.01386008
43600	-738.9209	-720.6433	-18.2776	0.3151517	0.08992709
43800	-734.8131	-717.1363	-17.67678	0.3185273	0.03119209
44000	-732.9435	-715.3067	-17.63675	0.2880846	0.057041
44200	-738.3542	-719.0488	-19.3053	0.2863084	0.2069808
44400	-730.4222	-712.9022	-17.52002	0.2997652	0.03307146
44600	-733.7246	-715.8145	-17.91009	0.2952477	0.0723754
44800	-739.4583	-722.703	-16.75527	0.2491693	0.01074046
45000	-738.437	-719.7453	-18.69168	0.3185954	0.122778
45200	-738.1528	-719.6939	-18.45883	0.3877301	0.03953268
45400	-737.7106	-719.3674	-18.34322	0.3586063	0.0567399
45600	-730.4689	-712.9121	-17.55675	0.2926431	0.04380517
45800	-735.6103	-715.9443	-19.666	0.3731634	0.1610868
46000	-739.9361	-722.684	-17.25214	0.2958284	0.01415609
46200	-737.5629	-719.865	-17.69787	0.2750369	0.07666844
46400	-730.6761	-713.6893	-16.9868	0.2783397	0.005607366
46600	-734.3599	-716.3508	-18.0091	0.2503098	0.1189837
46800	-738.2868	-721.0122	-17.27455	0.2937574	0.01832677
47000	-733.6788	-716.0733	-17.60549	0.3156643	0.02939926
47200	-737.038	-717.0202	-20.01784	0.3000236	0.2540425
47400	-735.997	-716.5164	-19.48063	0.3091354	0.1951521
47600	-733.7426	-716.1351	-17.60754	0.3250645	0.02014669
47800	-738.9269	-721.1805	-17.74643	0.2982778	0.05602427
48000	-738.8301	-720.0768	-18.7533	0.3369818	0.1136416
48200	-732.8016	-714.9469	-17.85465	0.2873881	0.07536189
48400	-740.3942	-722.6921	-17.70205	0.3468479	0.008767681
48600	-739.0558	-721.169	-17.88677	0.2797404	0.08653549
48800	-740.5876	-722.2514	-18.33618	0.3859908	0.03185081
49000	-737.4382	-718.9631	-18.47513	0.3282872	0.0988011
49200	-731.6108	-714.1098	-17.50104	0.2857124	0.04653056
49400	-737.963	-720.7177	-17.24524	0.2700389	0.03809975
49600	-732.0101	-714.9186	-17.0915	0.2913132	0.003325091
49800	-735.6973	-718.7257	-16.97166	0.265602	0.01574257
50000	-736.9488	-719.5174	-17.43141	0.2789816	0.04453331
50200	-733.7795	-715.9026	-17.87692	0.3680323	0.004887117
50400	-739.5531	-722.3666	-17.18646	0.29094	0.01300515
50600	-735.5452	-716.9984	-18.54685	0.293517	0.132232
50800	-734.1582	-717.0632	-17.09502	0.2807133	0.01328587
51000	-740.7433	-721.5145	-19.22873	0.2907236	0.197863
51200	-738.1803	-717.6396	-20.54073	0.3205984	0.287495
51400	-734.2379	-715.9359	-18.30193	0.327532	0.08102299
51600	-741.7154	-720.8422	-20.87324	0.3084975	0.3400078
51800	-736.988	-719.7421	-17.24587	0.2735844	0.03310299
52000	-734.1868	-716.5717	-17.61507	0.2704035	0.07052426
52200	-732.3999	-715.2083	-17.19156	0.3044399	0.0006255855
52400	-734.5627	-716.5667	-17.99602	0.2854322	0.08992735
52600	-738.9956	-721.1006	-17.89499	0.3310305	0.03954684
52800	-733.18	-716.384	-16.79595	0.2493787	0.0142626
53000	-739.9013	-720.6231	-19.27829	0.3061433	0.1884589
53200	-742.4162	-722.4887	-19.92754	0.252974	0.295487
53400	-734.1138	-716.3709	-17.74291	0.3176454	0.03873031
53600	-731.9227	-714.0488	-17.87388	0.2844067	0.08103797
53800	-739.5154	-720.5005	-19.01485	0.324343	0.1441157
54000	-736.521	-719.6906	-16.83039	0.2495069	0.01806095
54200	-736.4697	-718.9715	-17.49817	0.3152311	0.01917037
54400	-733.6083	-715.4672	-18.14103	0.2886537	0.1030739
54600	-742.7138	-724.4467	-18.26712	0.2620684	0.1374004
54800	-736.415	-718.5954	-17.81958	0.3009005	0.06103201
55000	-738.0232	-718.7411	-19.28209	0.2946967	0.198907
55200	-734.658	-716.1212	-18.53683	0.319995	0.1091615
55400	-741.4802	-723.5635	-17.91672	0.3093676	0.06276265
55600	-733.199	-715.4655	-17.73345	0.2830774	0.06949758
55800	-737.2342	-719.2447	-17.98954	0.3112938	0.06746622
56000	-736.2275	-719.0013	-17.22619	0.3056247	0.00288346
56200	-740.6755	-718.9595	-21.716	0.361913	0.3570589
56400	-732.6649	-714.446	-18.2189	0.3158956	0.0803732
56600	-734.5935	-717.6361	-16.95734	0.2757772	0.005441396
56800	-736.426	-718.7224	-17.70353	0.3531222	0.002865192
57000	-733.5441	-715.6505	-17.89352	0.3394868	0.03255334
57200	-744.4734	-725.9555	-18.51787	0.3879242	0.04726419
57400	-740.103	-721.9954	-18.10752	0.3563113	0.0375217
57600	-738.3273	-718.735	-19.59225	0.3049057	0.2033199
57800	-734.0213	-716.6631	-17.35822	0.2960965	0.02313801
58000	-733.4343	-715.9645	-17.46983	0.3064893	0.02478318
58200	-739.7717	-722.6168	-17.15498	0.2611894	0.03498657
58400	-737.5054	-717.1071	-20.39831	0.2749764	0.309875
58600	-736.2314	-716.9793	-19.25211	0.318144	0.1793333
58800	-740.7968	-722.6997	-18.09714	0.321033	0.06903919
59000	-734.9971	-716.4045	-18.59264	0.3113564	0.1190839
59200	-736.6579	-717.0808	-19.57706	0.276581	0.2409909
59400	-734.5573	-715.4851	-19.07223	0.2963082	0.1754983
59600	-736.8678	-719.7065	-17.16136	0.2929117	0.008396545
59800	-737.4939	-718.2663	-19.22764	0.3081164	0.1768861
60000	-733.7471	-715.5214	-18.22579	0.2890112	0.1068589
60200	-739.0481	-716.0811	-22.96692	0.3168639	0.5022559
60400	-739.4078	-721.8946	-17.51318	0.2885923	0.04365552
60600	-734.3843	-716.732	-17.65234	0.3348415	0.01487245
60800	-735.4622	-717.4293	-18.03293	0.3243856	0.05741124
61000	-734.596	-716.7215	-17.87451	0.315154	0.0519984
61200	-736.2666	-718.7521	-17.51449	0.2813714	0.04965562
61400	-737.8726	-720.5318	-17.34073	0.304296	0.01505169
61600	-735.9828	-717.6524	-18.33047	0.3092829	0.09668068
61800	-736.3205	-718.9987	-17.3218	0.3179333	0.0002120645
62000	-736.6819	-719.3298	-17.3521	0.2999945	0.01961635
62200	-740.5154	-722.8285	-17.68688	0.2470242	0.09420625
62400	-736.4623	-717.5366	-18.9257	0.3631715	0.1025468
62600	-738.9093	-720.5638	-18.34551	0.3038761	0.09882319
62800	-733.621	-715.7304	-17.89055	0.2895947	0.07752324
63000	-732.414	-715.3502	-17.06378	0.2922531	0.0001012372
63200	-737.6239	-718.0664	-19.55746	0.3834514	0.1367033
63400	-740.8892	-723.2801	-17.60914	0.3307509	0.01514108
63600	-740.9689	-720.9132	-20.05569	0.3262999	0.2398058
63800	-737.3504	-719.8637	-17.48661	0.3284251	0.005370542
64000	-738.8676	-721.0435	-17.82403	0.3238883	0.04240556
64200	-742.0404	-722.6719	-19.36848	0.3089413	0.1915456
64400	-738.6672	-720.2097	-18.45746	0.3077792	0.110355
64600	-731.8554	-714.9094	-16.94602	0.2691511	0.01025055
64800	-749.6318	-732.6035	-17.02836	0.2646402	0.02254709
65000	-734.5914	-717.1018	-17.4896	0.3131845	0.01972894
65200	-736.1499	-716.9934	-19.15646	0.3492743	0.1418911
65400	-733.9117	-716.2097	-17.70198	0.3119403	0.03955483
65600	-739.7467	-722.4591	-17.2876	0.3118683	0.002663991
65800	-730.9325	-713.7976	-17.13485	0.2962194	0.002899214
66000	-732.3297	-714.6635	-17.66623	0.3236957	0.02591276
66200	-736.1716	-718.6058	-17.56575	0.262341	0.06936328
66400	-739.7986	-722.7304	-17.06823	0.2692661	0.02121436
66600	-739.4947	-718.632	-20.86265	0.2964107	0.3465545
66800	-738.5386	-720.3781	-18.16041	0.3434527	0.05479924
67000	-730.8748	-713.1557	-17.7191	0.2979617	0.05364114
67200	-742.7783	-725.0697	-17.70858	0.3105404	0.04564596
67400	-741.4125	-723.6818	-17.73071	0.3266856	0.0294119
67600	-738.9757	-719.4373	-19.53838	0.3142354	0.2076666
67800	-747.5586	-724.422	-23.13662	0.2516023	0.568017
68000	-735.7765	-716.4087	-19.36781	0.2688238	0.2192314
68200	-735.5856	-718.4593	-17.12625	0.2806406	0.01618419
68400	-737.7683	-720.2619	-17.50649	0.2997214	0.03418034
68600	-733.3779	-716.1499	-17.228	0.3071593	0.001438347
68800	-741.6768	-722.892	-18.78481	0.304568	0.1412637
69000	-735.4084	-717.2298	-18.17858	0.3362712	0.06142328
69200	-736.6223	-717.8632	-18.75906	0.2636892	0.178785
69400	-738.0001	-719.9966	-18.00353	0.3246601	0.05538571
69600	-741.0944	-723.8111	-17.28329	0.2844353	0.02696784
69800	-739.4966	-721.4911	-18.00551	0.3860516	0.000477035
70000	-739.8015	-721.1112	-18.69027	0.3212504	0.118968
70200	-739.4173	-721.8301	-17.58725	0.2976215	0.04163996
70400	-737.8949	-717.7387	-20.1562	0.2667498	0.2980965
70600	-739.8656	-722.9305	-16.93507	0.2253643	0.0468012
70800	-733.0913	-714.1478	-18.94355	0.2998549	0.160695
71000	-738.0641	-720.2178	-17.84632	0.2724569	0.09090728
71200	-735.893	-718.1771	-17.71598	0.3375676	0.01760736
71400	-734.1254	-715.7052	-18.42015	0.3061405	0.1059779
71600	-734.6482	-717.2349	-17.4133	0.3184831	0.007946321
71800	-740.7279	-716.8475	-23.88034	0.3187035	0.5790702
72000	-737.8435	-718.775	-19.06848	0.3004827	0.1752069
72200	-740.5966	-720.3167	-20.27987	0.2579976	0.3253686
72400	-735.664	-716.4145	-19.24953	0.2879279	0.2002033
72600	-731.8303	-714.9323	-16.89803	0.2692588	0.005865068
72800	-734.2394	-717.1015	-17.13787	0.2703763	0.02570873
73000	-739.7472	-720.5586	-19.1886	0.2993855	0.1901989
73200	-738.3295	-720.6158	-17.71369	0.316656	0.03579839
73400	-737.4703	-720.2352	-17.23507	0.2996566	0.008758842
73600	-732.3182	-715.1542	-17.16397	0.292895	0.008554408
73800	-734.984	-717.1747	-17.80932	0.3225671	0.04022997
74000	-733.3606	-715.0272	-18.33343	0.310374	0.09833027
74200	-732.4815	-714.5361	-17.94539	0.2934336	0.07799331
74400	-739.6781	-720.4044	-19.27376	0.3321965	0.1602238
74600	-735.348	-717.7504	-17.59758	0.2855091	0.05298249
74800	-732.9512	-714.9172	-18.03396	0.3195114	0.06287181
75000	-731.8224	-714.7104	-17.11196	0.2696242	0.02427791
75200	-733.8122	-716.3665	-17.44577	0.3055663	0.02224328
75400	-737.6374	-719.7919	-17.84553	0.3559694	0.01333239
75600	-737.4216	-720.3234	-17.09825	0.2835223	0.0108226
75800	-737.8244	-720.5517	-17.27263	0.2973056	0.01528379
76000	-731.9224	-713.233	-18.68935	0.3080955	0.1309773
76200	-744.1968	-724.3514	-19.84537	0.313635	0.2329849
76400	-744.6676	-726.4482	-18.21942	0.3852609	0.01945781
76600	-737.9651	-719.9547	-18.01042	0.3005555	0.07847733
76800	-739.5518	-721.6922	-17.85953	0.3193488	0.04733642
77000	-737.384	-719.8712	-17.51277	0.3018245	0.03288796
77200	-735.1189	-718.017	-17.10185	0.2904276	0.005163154
77400	-739.0276	-719.6845	-19.34306	0.3292422	0.1702727
77600	-732.8291	-715.2861	-17.54299	0.2858297	0.05025312
77800	-733.8709	-716.5423	-17.32861	0.3152543	0.003073304
78000	-735.1514	-717.7152	-17.43617	0.3232913	0.005797542
78200	-741.5748	-724.1515	-17.42325	0.3068573	0.01848528
78400	-731.8745	-713.2933	-18.58124	0.2776827	0.1472857
78600	-732.3247	-715.2023	-17.12239	0.2908431	0.006620699
78800	-735.2391	-717.8624	-17.37675	0.2750845	0.04330496
79000	-738.5284	-720.1698	-18.35867	0.3076347	0.1001
79200	-741.3812	-723.8181	-17.56306	0.2817322	0.05433826
79400	-740.359	-722.0695	-18.28948	0.3435322	0.06559141
79600	-737.748	-717.2727	-20.47531	0.3347779	0.2746181
79800	-737.8714	-719.6765	-18.19493	0.3117947	0.08545633
80000	-733.8727	-716.3255	-17.54715	0.3256809	0.01330091
80200	-741.3481	-723.4698	-17.8783	0.293927	0.07501028
80400	-740.5223	-722.0622	-18.46007	0.2640726	0.1526942
80600	-740.3554	-719.2229	-21.1325	0.3270684	0.3188454
80800	-736.7778	-717.8497	-18.92806	0.2756395	0.1782644
81000	-736.0058	-717.1556	-18.8502	0.3562339	0.1072802
81200	-737.3446	-717.8038	-19.54076	0.3499291	0.1695606
81400	-733.5121	-715.5624	-17.94966	0.3104764	0.06501069
81600	-733.7648	-716.0287	-17.73612	0.2654608	0.08612356
81800	-740.4829	-722.2698	-18.21302	0.3483936	0.05443598
82000	-736.4666	-719.0777	-17.38896	0.2993968	0.02322357
82200	-742.4234	-724.5087	-17.91464	0.3401444	0.03613858
82400	-740.6426	-719.9693	-20.67328	0.2564239	0.3487288
82600	-732.0146	-714.8064	-17.2082	0.2750303	0.02814438
82800	-737.2143	-719.0006	-18.2138	0.2991711	0.09727014
83000	-732.0261	-714.6691	-17.35702	0.3054564	0.01468829
83200	-738.649	-720.5949	-18.05413	0.3002765	0.08467448
83400	-734.5137	-713.5452	-20.9685	0.2697453	0.3624559
83600	-737.1447	-719.7652	-17.37943	0.2936975	0.02836594
83800	-746.0954	-722.0351	-24.06027	0.2622866	0.6501088
84000	-733.4049	-715.7971	-17.60782	0.2675981	0.07030479
84200	-732.6675	-714.8833	-17.78421	0.3172823	0.04319404
84400	-737.084	-719.6578	-17.42624	0.3089513	0.01760094
84600	-740.9633	-722.1457	-18.8176	0.3524498	0.1085946
84800	-738.4288	-719.4561	-18.97269	0.311713	0.1542268
85000	-740.0087	-718.1343	-21.87432	0.3566074	0.3741441
85200	-734.9372	-717.5425	-17.39469	0.2864434	0.03345039
85400	-739.9765	-719.3057	-20.67078	0.3283493	0.2949962
85600	-739.519	-720.8477	-18.67128	0.3513051	0.08975365
85800	-740.514	-722.6309	-17.88318	0.2802789	0.0841242
86000	-739.2927	-721.5414	-17.75126	0.3221551	0.03642678
86200	-738.8213	-720.5063	-18.31505	0.339372	0.07199268
86400	-736.9909	-719.8249	-17.16607	0.2554479	0.0413177
86600	-740.2787	-722.5449	-17.73387	0.3081077	0.04719732
86800	-735.1799	-717.6964	-17.48345	0.2867542	0.04182824
87000	-739.7896	-722.0279	-17.76175	0.3435092	0.01840068
87200	-738.2725	-719.8703	-18.4022	0.3128637	0.1022319
87400	-731.6238	-714.2187	-17.40505	0.3015298	0.02191024
87600	-738.5534	-720.6268	-17.92662	0.2903105	0.08075638
87800	-733.9721	-713.7371	-20.23502	0.3044557	0.2769277
88000	-733.7049	-715.8821	-17.82278	0.3091053	0.05328905
88200	-736.5263	-718.4271	-18.09919	0.32228	0.06787279
88400	-739.3598	-721.1049	-18.25489	0.3101933	0.09305373
88600	-737.9999	-719.7096	-18.29026	0.2599244	0.1384433
88800	-733.2463	-714.629	-18.61728	0.3225072	0.1126542
89000	-734.2576	-716.9535	-17.30406	0.2994775	0.01550766
89200	-732.9146	-715.7695	-17.1451	0.2634535	0.0330096
89400	-735.2928	-717.74	-17.55282	0.3342461	0.006251586
89600	-733.8672	-716.1508	-17.71637	0.3465478	0.009924037
89800	-736.5347	-719.4507	-17.08405	0.2869429	0.006959197
90000	-740.3353	-720.6272	-19.70814	0.3298941	0.2028643
90200	-736.2995	-718.8973	-17.40214	0.2894809	0.0331387
90400	-739.5687	-720.9274	-18.64127	0.2863454	0.1512185
90600	-735.3542	-716.9878	-18.36639	0.2751699	0.1321002
90800	-738.109	-720.561	-17.54804	0.3352795	0.00485766
91000	-737.6984	-719.4837	-18.21476	0.3006228	0.09882405
91200	-736.6921	-718.2585	-18.43361	0.2788363	0.1324117
91400	-737.3606	-719.787	-17.57358	0.2746501	0.06058331
91600	-738.259	-720.6237	-17.63528	0.3433427	0.005623154
91800	-747.7479	-729.6399	-18.10802	0.3351006	0.05723068
92000	-739.619	-722.1498	-17.46923	0.3269867	0.005860861
92200	-741.8428	-724.898	-16.94486	0.257047	0.02182922
92400	-737.1212	-719.1585	-17.96273	0.3700121	0.01123063
92600	-738.9963	-721.8011	-17.19518	0.2996418	0.005579386
92800	-743.3647	-722.6343	-20.73037	0.399552	0.232745
93000	-732.782	-714.8375	-17.94455	0.3137546	0.06214955
93200	-733.5012	-716.1959	-17.30533	0.3039406	0.01108514
93400	-736.0549	-716.3561	-19.69879	0.3069706	0.2226034
93600	-734.4732	-716.4518	-18.02138	0.3126964	0.06953125
93800	-737.2412	-718.1159	-19.12537	0.2846592	0.1854314
94000	-735.625	-716.8122	-18.81277	0.3222403	0.1305494
94200	-738.6754	-720.5489	-18.12651	0.2916943	0.09690716
94400	-731.8559	-714.726	-17.12991	0.2571785	0.03802012
94600	-733.0594	-715.5776	-17.48175	0.2536268	0.07049824
94800	-735.4447	-716.9907	-18.45392	0.3337546	0.08950893
95000	-735.0422	-718.1855	-16.85675	0.2606589	0.009699434
95200	-739.1624	-720.6394	-18.52297	0.3114861	0.1153642
95400	-730.9721	-713.6577	-17.31438	0.2995657	0.01642493
95600	-733.0666	-715.0638	-18.00277	0.2935821	0.08414043
95800	-735.4198	-716.946	-18.47379	0.2725445	0.1445815
96000	-733.3814	-715.9698	-17.41164	0.3236403	0.003144937
96200	-737.6989	-716.9171	-20.78185	0.3140495	0.3213373
96400	-732.7378	-714.7079	-18.02984	0.2857988	0.09051371
96600	-738.7645	-721.2565	-17.50803	0.3217934	0.01367118
96800	-739.1167	-721.5385	-17.5782	0.2674398	0.0676623
97000	-732.8111	-715.3539	-17.45721	0.291421	0.03649016
97200	-736.9596	-716.7626	-20.19704	0.3342353	0.236777
97400	-730.6623	-712.5548	-18.10744	0.3264848	0.0640522
97600	-734.3935	-716.7503	-17.64313	0.2926022	0.05112057
97800	-734.9766	-717.3132	-17.66341	0.3494803	0.002576953
98000	-734.8921	-717.3534	-17.53866	0.3211082	0.01720378
98200	-735.3316	-717.6595	-17.67212	0.3053976	0.04324709
98400	-738.1187	-720.6849	-17.43381	0.2798772	0.04535305
98600	-736.1431	-718.8588	-17.28429	0.2629694	0.04614715
98800	-739.0412	-720.3139	-18.72734	0.3422721	0.1046446
99000	-738.0458	-719.6892	-18.35662	0.3795905	0.03709613
99200	-734.6197	-716.682	-17.93767	0.2948662	0.07895771
99400	-742.6552	-725.0703	-17.58486	0.2641245	0.07267653
99600	-738.7006	-719.9235	-18.77707	0.3349721	0.1267718
99800	-733.0453	-715.8687	-17.1766	0.2761043	0.02375227
100000	-739.3944	-721.3855	-18.00885	0.3443447	0.0373458
100200	-741.3354	-721.2339	-20.10148	0.3450709	0.2263737
100400	-742.8856	-720.9768	-21.90877	0.3031606	0.4295943
100600	-738.6325	-719.8468	-18.78569	0.2946408	0.1548337
100800	-739.2835	-721.9278	-17.35571	0.2765329	0.03958906
101000	-736.9418	-718.6264	-18.31541	0.3554875	0.05377497
101200	-738.1621	-719.844	-18.31809	0.3055924	0.1043145
101400	-737.3606	-719.3662	-17.99444	0.3296289	0.05237623
101600	-734.1179	-715.5198	-18.59814	0.3181794	0.1105198
101800	-733.5617	-715.8882	-17.67347	0.3357242	0.01539507
102000	-739.6556	-719.2974	-20.35818	0.3088395	0.2831148
102200	-744.7038	-723.7184	-20.98534	0.3209771	0.3279249
102400	-734.3519	-717.1588	-17.19305	0.3002889	0.004447625
102600	-748.2423	-728.7421	-19.5002	0.3838906	0.1400107
102800	-732.83	-714.6608	-18.16927	0.3461966	0.05201244
103000	-736.3101	-717.8796	-18.43051	0.3109841	0.1109288
103200	-731.4727	-712.6969	-18.77579	0.3144286	0.1332323
103400	-735.2847	-717.6708	-17.61386	0.3145149	0.02905506
103600	-741.1477	-722.4162	-18.7315	0.3607839	0.08828691
103800	-735.8187	-718.7338	-17.0849	0.2916643	0.002518053
104000	-741.5421	-722.2483	-19.29375	0.2967637	0.1968573
104200	-732.6452	-715.0114	-17.63373	0.3282939	0.01895193
104400	-736.0405	-718.2986	-17.74193	0.2785504	0.07401685
104600	-733.9673	-716.5575	-17.40976	0.2953413	0.02914918
104800	-734.9502	-716.7803	-18.1699	0.2901702	0.1056788
105000	-742.7864	-724.5372	-18.24922	0.3062258	0.09611415
105200	-735.2103	-718.0108	-17.19948	0.2588939	0.04110417
105400	-732.4805	-715.3028	-17.17771	0.2936858	0.009225841
105600	-739.892	-721.6857	-18.20633	0.2875404	0.103813
105800	-736.0345	-718.3448	-17.68976	0.3215064	0.03096059
106000	-734.7662	-717.1023	-17.66393	0.3275946	0.02257676
106200	-735.825	-717.7571	-18.06792	0.2693124	0.1072505
106400	-736.9281	-719.1605	-17.76759	0.2815733	0.07105975
106600	-735.9736	-718.1399	-17.83375	0.3149302	0.04899432
106800	-742.9091	-724.1154	-18.79371	0.2923287	0.1548954
107000	-737.1451	-719.2022	-17.94288	0.3418604	0.03353811
107200	-730.9893	-714.065	-16.92424	0.2737298	0.004075374
107400	-737.4701	-718.4541	-19.01599	0.2921589	0.172598
107600	-739.2802	-719.8255	-19.45464	0.3485386	0.1639612
107800	-734.8311	-717.6275	-17.20365	0.2953313	0.009906871
108000	-740.0974	-719.007	-21.09043	0.2970419	0.3508911
108200	-733.2078	-715.0471	-18.16066	0.3386423	0.05684221
108400	-735.2354	-717.4257	-17.80977	0.3092255	0.0528217
108600	-738.3732	-720.7789	-17.59427	0.2612826	0.07447691
108800	-736.8107	-718.8709	-17.93976	0.360898	0.01723573
109000	-732.5509	-714.8658	-17.68508	0.288686	0.05928529
109200	-736.8874	-719.1472	-17.74022	0.3491445	0.00967737
109400	-733.7423	-716.0494	-17.69285	0.3152844	0.03661867
109600	-733.5292	-715.6329	-17.89626	0.3095363	0.05878148
109800	-743.3004	-725.2036	-18.09681	0.2938107	0.09076652
110000	-737.0665	-719.3231	-17.74337	0.3308706	0.02621749
110200	-735.417	-716.5862	-18.83082	0.3251882	0.1265413
110400	-735.5888	-716.1816	-19.40716	0.3703774	0.1376266
110600	-731.5554	-713.9898	-17.56558	0.267821	0.0668621
110800	-733.1298	-715.538	-17.59176	0.3241386	0.01854828
111000	-737.2155	-718.1575	-19.05797	0.3389181	0.1376652
111200	-732.8803	-714.9913	-17.88901	0.2825869	0.08375863
111400	-741.7124	-723.5123	-18.20012	0.3621631	0.04188239
111600	-743.0088	-725.8958	-17.11306	0.2969041	0.0003534303
111800	-738.7088	-721.0594	-17.64931	0.3264863	0.02278616
112000	-738.078	-719.9103	-18.16762	0.2998721	0.09305493
112200	-737.0693	-718.3257	-18.74355	0.3163849	0.1319398
112400	-734.7005	-717.0066	-17.69395	0.3031432	0.04619469
112600	-735.7701	-715.4699	-20.30016	0.3041185	0.2810183
112800	-740.3211	-721.4897	-18.83143	0.3161725	0.1404595
113000	-736.3399	-717.2247	-19.1152	0.2482813	0.2238428
113200	-733.9181	-713.9309	-19.98718	0.3145972	0.2391774
113400	-735.1687	-715.1921	-19.97655	0.3158001	0.2403384
113600	-736.1812	-718.1867	-17.99446	0.3405297	0.04117334
113800	-734.7972	-717.5242	-17.27303	0.3060155	0.006640049
114000	-737.5432	-719.0394	-18.50371	0.3164732	0.1128549
114200	-737.3339	-719.8225	-17.51138	0.3222761	0.01363254
114400	-738.4716	-721.6713	-16.80027	0.255079	0.009928494
114600	-740.9088	-721.6859	-19.22292	0.271472	0.2095906
114800	-734.8876	-715.9208	-18.96679	0.3043786	0.1562241
115000	-734.3833	-716.3617	-18.02159	0.2869429	0.08825336
115200	-735.4087	-716.0491	-19.35958	0.3075914	0.1928175
115400	-734.359	-716.6174	-17.74165	0.3453746	0.01347632
115600	-734.934	-716.7988	-18.13524	0.3162754	0.07529069
115800	-731.3846	-713.7494	-17.63523	0.3112115	0.0339691
116000	-737.1698	-719.3613	-17.80857	0.3509185	0.01417538
116200	-736.3345	-718.4502	-17.88437	0.3102273	0.05717256
116400	-736.6933	-718.4398	-18.25348	0.3102025	0.0881253
116600	-732.0037	-715.1395	-16.86421	0.2694853	0.002637298
116800	-741.7944	-723.9034	-17.89091	0.333312	0.03925001
117000	-737.6462	-718.7119	-18.93432	0.3239735	0.1449379
117200	-734.2303	-717.2601	-16.97026	0.2725892	0.009498881
117400	-735.8362	-716.4236	-19.41262	0.2916973	0.2106947
117600	-739.3108	-721.5291	-17.78174	0.3180587	0.04369058
117800	-733.8352	-716.3697	-17.46557	0.313274	0.01706453
118000	-737.1061	-719.5918	-17.51423	0.3100837	0.02618181
118200	-735.4175	-717.1494	-18.26814	0.3461504	0.05895906
118400	-736.6219	-717.0967	-19.5252	0.303229	0.2112812
118600	-741.2136	-719.7082	-21.50546	0.3965401	0.3015891
118800	-742.9867	-724.6304	-18.35626	0.3278679	0.08664804
119000	-735.699	-718.6068	-17.09221	0.2591139	0.03125216
119200	-734.3248	-716.8508	-17.474	0.3225526	0.01004705
119400	-735.6238	-716.4521	-19.17171	0.3242768	0.1617557
119600	-733.9918	-715.7226	-18.26914	0.3083744	0.09665775
119800	-737.3807	-719.2901	-18.09059	0.3033655	0.08279201
120000	-735.5938	-715.5262	-20.06768	0.2947574	0.2748525
120200	-734.0862	-716.2373	-17.84894	0.2769555	0.0857675
120400	-739.0948	-721.7712	-17.32358	0.3047052	0.01228259
120600	-741.084	-722.281	-18.80298	0.3524087	0.1053607
120800	-740.8918	-720.8859	-20.00592	0.3294731	0.2283799
121000	-737.6965	-719.6782	-18.01839	0.3178477	0.06272704
121200	-731.4147	-714.3188	-17.09594	0.2904407	0.004688282
121400	-734.1165	-716.384	-17.73242	0.338326	0.01844886
121600	-741.8393	-722.6883	-19.15101	0.339065	0.1490308
121800	-740.3449	-723.1922	-17.15269	0.2675745	0.03214169
122000	-748.7974	-726.3291	-22.46827	0.3240619	0.4794477
122200	-735.192	-716.2142	-18.97777	0.3101084	0.1544738
122400	-742.8839	-724.6191	-18.26482	0.3571901	0.05051909
122600	-734.1083	-716.5565	-17.55183	0.3084984	0.0286793
122800	-743.5692	-725.5421	-18.02713	0.3768554	0.01065281
123000	-744.433	-724.1962	-20.23679	0.2798024	0.286297
123200	-746.6545	-727.8223	-18.83222	0.3805929	0.0836577
123400	-741.8816	-723.845	-18.03661	0.2763919	0.1015493
123600	-736.4376	-718.5506	-17.88698	0.3004057	0.06850262
123800	-734.5973	-715.7078	-18.88945	0.3196082	0.1429125
124000	-733.7779	-715.4232	-18.35477	0.3373296	0.0747327
124200	-737.9379	-718.3012	-19.63667	0.3759253	0.158681
124400	-733.5037	-715.9336	-17.5701	0.3245001	0.01665613
124600	-738.5511	-721.5304	-17.02079	0.2766179	0.01026192
124800	-735.1205	-718.0836	-17.03687	0.2409891	0.04379768
125000	-734.5743	-716.9475	-17.62677	0.34089	0.006982776
125200	-739.1975	-721.0927	-18.10481	0.3019695	0.08257644
125400	-736.2105	-717.66	-18.5505	0.2749225	0.1416077
125600	-739.6765	-721.6735	-18.00294	0.2673357	0.1160461
125800	-736.4683	-718.5487	-17.91961	0.2981921	0.06863365
126000	-741.1269	-722.5511	-18.57575	0.336248	0.09840825
126200	-735.6389	-718.0601	-17.57873	0.3151884	0.0256937
126400	-738.8368	-721.62	-17.21685	0.2738628	0.03147988
126600	-731.4274	-714.3952	-17.03217	0.2861034	0.002880776
126800	-734.077	-716.6052	-17.47178	0.2959716	0.03312618
127000	-737.2634	-718.7564	-18.50699	0.337646	0.08837792
127200	-735.3728	-717.547	-17.82579	0.3358407	0.02978653
127400	-731.5844	-713.978	-17.60644	0.3003451	0.04173301
127600	-736.4708	-717.7101	-18.76067	0.3440614	0.1079129
127800	-736.9241	-716.4757	-20.44842	0.328196	0.2727766
128000	-736.401	-718.4	-18.00096	0.276552	0.09618129
128200	-732.5653	-715.6195	-16.94584	0.274655	0.005352912
128400	-739.8538	-719.6076	-20.24617	0.2895456	0.2994026
128600	-738.4417	-720.0162	-18.42548	0.3678992	0.05605932
128800	-740.584	-722.687	-17.89695	0.2660879	0.1025225
129000	-741.4193	-723.3932	-18.02616	0.3483289	0.03660409
129200	-736.687	-719.8399	-16.84713	0.2627002	0.00709251
129400	-741.8573	-722.3594	-19.49788	0.3290284	0.1790581
129600	-738.2872	-720.1843	-18.10289	0.2767949	0.1091231
129800	-736.0509	-718.1703	-17.8806	0.3036213	0.06556292
130000	-734.8456	-717.1328	-17.71286	0.3157662	0.0379517
130200	-737.4371	-720.39	-17.04714	0.2697488	0.01853129
130400	-734.6353	-716.0156	-18.61973	0.3199386	0.1176426
130600	-734.8666	-716.0349	-18.83163	0.3257732	0.1253439
130800	-735.8803	-718.385	-17.49529	0.3280332	0.006809304
131000	-739.083	-721.5229	-17.56016	0.3234962	0.0167179
131200	-733.9728	-716.1198	-17.85304	0.3464819	0.02279711
131400	-741.3697	-721.0111	-20.35856	0.3000459	0.2866407
131600	-733.201	-715.9234	-17.27763	0.2667004	0.04140846
131800	-732.5515	-715.0265	-17.52503	0.25723	0.07296574
132000	-735.7218	-718.2602	-17.4616	0.3130338	0.0176606
132200	-738.9885	-720.8133	-18.17517	0.2772797	0.1093326
132400	-744.4725	-722.8013	-21.67115	0.3280167	0.3831936
132600	-737.4414	-718.1008	-19.34064	0.3025643	0.1955312
132800	-735.3411	-717.6968	-17.64436	0.3240953	0.02344859
133000	-731.2836	-713.6623	-17.62131	0.3289972	0.01757669
133200	-742.8776	-723.8867	-18.9909	0.3536249	0.1204126
133400	-739.8925	-719.8599	-20.03266	0.3314244	0.2349763
133600	-734.1721	-716.296	-17.8761	0.3444189	0.02609698
133800	-730.1	-712.7974	-17.30258	0.3124387	0.003449919
134000	-736.5839	-718.7342	-17.84965	0.3072251	0.05785698
134200	-743.1447	-724.7091	-18.43561	0.2840749	0.1294483
134400	-739.6526	-722.3486	-17.30405	0.288865	0.02480219
134600	-735.0762	-715.5659	-19.51032	0.2893388	0.2189472
134800	-735.9954	-717.9809	-18.0145	0.3293224	0.05143401
135000	-735.0263	-718.0044	-17.02196	0.2569781	0.02858087
135200	-738.4053	-717.1075	-21.29785	0.3372213	0.3312635
135400	-737.2662	-717.2422	-20.024	0.3100873	0.2548401
135600	-733.6798	-716.7751	-16.90472	0.2738641	0.002369985
135800	-737.7202	-718.4207	-19.29951	0.331486	0.1679378
136000	-734.4252	-716.3784	-18.04677	0.2980811	0.08267202
136200	-738.2189	-720.2606	-17.95832	0.3455122	0.03211177
136400	-733.7656	-715.8814	-17.88417	0.3194149	0.05053441
136600	-737.2123	-719.4454	-17.76695	0.3177157	0.04212877
136800	-732.5274	-715.3067	-17.22069	0.2990932	0.008050108
137000	-741.3086	-722.6379	-18.67072	0.3427672	0.09761338
137200	-735.3828	-718.1245	-17.2583	0.3074818	0.003896418
137400	-733.2943	-715.7024	-17.59195	0.3281973	0.01536782
137600	-738.4016	-720.2128	-18.18888	0.3106587	0.08752236
137800	-735.4803	-716.0874	-19.3929	0.273798	0.2271904
138000	-736.6869	-717.9078	-18.77908	0.2708252	0.1750057
138200	-734.0773	-716.0333	-18.04404	0.3267911	0.05832695
138400	-744.3157	-722.5684	-21.74735	0.2760643	0.4266902
138600	-738.0497	-718.5767	-19.47296	0.3048997	0.2073181
138800	-735.1858	-716.7934	-18.39236	0.344064	0.07314814
139000	-738.7626	-721.7112	-17.0514	0.2834957	0.006793474
139200	-731.1674	-713.856	-17.31142	0.3052999	0.01041918
139400	-735.657	-717.5179	-18.13911	0.3244411	0.06951526
139600	-737.3146	-718.3704	-18.94416	0.2780311	0.1833477
139800	-731.8454	-714.1101	-17.73532	0.317613	0.03636453
140000	-737.2052	-717.8868	-19.3184	0.2924727	0.1931554
140200	-735.6821	-716.5465	-19.1356	0.3133374	0.1682513
140400	-737.2615	-718.6232	-18.63823	0.3208422	0.1069843
140600	-733.6229	-716.3673	-17.25555	0.2992941	0.01117733
140800	-735.1199	-717.5773	-17.5426	0.2872782	0.04825483
141000	-736.211	-718.2239	-17.98703	0.2664589	0.1058275
141200	-739.5779	-719.4047	-20.17323	0.3711512	0.2126561
141400	-735.1674	-717.651	-17.51637	0.3000366	0.03454975
141600	-733.7234	-716.3859	-17.33753	0.2937751	0.02328555
141800	-740.8198	-722.3904	-18.42936	0.3001192	0.1165078
142000	-739.8865	-721.8341	-18.05246	0.3104936	0.07308599
142200	-735.9578	-717.5496	-18.40818	0.3058025	0.1074424
142400	-742.0737	-724.2208	-17.85289	0.3685003	0.002570467
142600	-737.5508	-719.6882	-17.86263	0.2824322	0.08102211
142800	-731.1866	-713.3423	-17.84436	0.3389085	0.02835061
143000	-735.2496	-714.9052	-20.34437	0.2911236	0.2934767
143200	-737.6723	-719.9366	-17.73575	0.2756911	0.07513045
143400	-735.5558	-718.3287	-17.22709	0.2817045	0.02497459
143600	-734.4686	-716.4136	-18.05508	0.2826658	0.09672549
143800	-734.7861	-717.0274	-17.75879	0.3403473	0.01971149
144000	-737.7391	-720.2885	-17.45066	0.3010571	0.02676451
144200	-734.0538	-716.0289	-18.02491	0.2977292	0.08420816
144400	-740.5859	-721.8216	-18.76432	0.2960057	0.1507876
144600	-733.7368	-715.6282	-18.10855	0.2962243	0.09159545
144800	-735.0904	-716.1046	-18.98579	0.3204283	0.1463081
145000	-734.0694	-716.5621	-17.50731	0.3193437	0.01571149
145200	-735.9551	-717.3268	-18.62824	0.300916	0.1309718
145400	-734.2286	-717.2624	-16.96617	0.2657361	0.01493549
145600	-738.9682	-721.2587	-17.7095	0.3237634	0.02971827
145800	-741.2703	-721.9546	-19.31575	0.3089575	0.1946335
146000	-736.1882	-718.6034	-17.58477	0.2877148	0.04967228
146200	-745.3642	-725.674	-19.6902	0.4042405	0.1373823
146400	-732.4261	-715.1798	-17.24635	0.2763261	0.03055882
146600	-739.9042	-722.4251	-17.47908	0.3331176	0.0006802064
146800	-740.398	-722.6957	-17.70234	0.3058975	0.04576279
147000	-737.4044	-717.987	-19.41733	0.2878253	0.2067614
147200	-738.1414	-718.9042	-19.23725	0.2921459	0.1944555
147400	-743.8679	-726.1197	-17.74825	0.2888284	0.06780095
147600	-746.0182	-726.7179	-19.30033	0.3744389	0.1320151
147800	-731.4348	-713.9838	-17.45102	0.3290704	0.001826032
148000	-735.4938	-716.5879	-18.90591	0.3630149	0.1014366
148200	-736.9293	-719.1273	-17.80198	0.2859214	0.07231598
148400	-739.2959	-721.8822	-17.41366	0.2957496	0.02904579
148600	-738.1672	-720.2412	-17.92595	0.3482761	0.02883138
148800	-743.2369	-723.2888	-19.94806	0.3399354	0.2156752
149000	-733.0135	-715.2327	-17.7808	0.3358076	0.02513276
149200	-729.511	-712.3044	-17.20661	0.2912553	0.01366392
149400	-733.3103	-716.4666	-16.84369	0.2581596	0.0112216
149600	-744.9067	-727.2894	-17.61726	0.3416965	0.005210502
149800	-738.4048	-720.7121	-17.69269	0.3043186	0.04786579
150000	-741.5776	-722.6919	-18.88565	0.3361053	0.1258631
150200	-737.1189	-717.9656	-19.15333	0.300065	0.1746253
150400	-738.6594	-718.9798	-19.67959	0.3696519	0.1754307
150600	-734.4714	-717.1599	-17.31143	0.2875319	0.0266072
150800	-738.3147	-718.7958	-19.51893	0.3518491	0.1672451
151000	-737.1012	-718.2182	-18.88296	0.3152721	0.1394872
151200	-736.2758	-718.1697	-18.10607	0.2715685	0.1126749
151400	-742.0347	-723.8052	-18.22947	0.3006226	0.09677209
151600	-738.168	-720.8819	-17.28604	0.2775466	0.03410192
151800	-741.7239	-721.5033	-20.22054	0.3177271	0.2545741
152000	-737.9275	-717.3391	-20.58841	0.3159198	0.3075224
152200	-732.9576	-715.8655	-17.09212	0.2792376	0.01489381
152400	-738.636	-720.6644	-17.9716	0.3388887	0.03927203
152600	-737.709	-719.6894	-18.01968	0.2746382	0.1043278
152800	-736.5811	-718.703	-17.87803	0.3110979	0.05692499
153000	-740.5175	-723.2039	-17.31355	0.3010167	0.01536429
153200	-737.4112	-718.2022	-19.20901	0.3309738	0.1620646
153400	-732.7751	-715.7045	-17.07064	0.2611018	0.02865925
153600	-738.3936	-718.9182	-19.47543	0.3081583	0.2058473
153800	-739.6864	-719.755	-19.93138	0.2864808	0.2620025
154000	-735.4325	-718.3646	-17.06793	0.2886457	0.003815023
154200	-745.1228	-725.8641	-19.25869	0.3307693	0.1591005
154400	-732.3504	-714.9496	-17.40075	0.3092107	0.01497447
154600	-738.603	-720.6638	-17.93922	0.3270018	0.04740244
154800	-740.408	-721.5519	-18.8561	0.3756829	0.08614538
155000	-739.0475	-719.7106	-19.33684	0.3356257	0.1647195
155200	-735.4164	-718.1144	-17.30199	0.2815236	0.03091089
155400	-735.2659	-717.644	-17.6219	0.3347984	0.01260933
155600	-735.581	-717.5403	-18.04065	0.2682791	0.107573
155800	-738.2614	-720.4532	-17.8082	0.2825116	0.0732528
156000	-737.3775	-719.7377	-17.6398	0.2914132	0.05359322
156200	-750.8831	-726.4932	-24.38994	0.3859373	0.5895702
156400	-735.9834	-718.44	-17.54333	0.2769746	0.05699866
156600	-741.1832	-723.4513	-17.73189	0.3482009	0.009586086
156800	-738.257	-719.0372	-19.21982	0.3100449	0.1821495
157000	-735.911	-715.5818	-20.32926	0.2905272	0.2795106
157200	-730.4188	-712.7706	-17.64812	0.2919807	0.05305416
157400	-736.7653	-718.237	-18.52832	0.2994473	0.1247282
157600	-742.491	-724.5166	-17.97444	0.30498	0.07243566
157800	-738.9187	-719.8457	-19.07303	0.3865144	0.09992352
158000	-732.938	-715.5211	-17.41682	0.3054351	0.02023126
158200	-736.7128	-719.2177	-17.49501	0.3300708	0.004935327
158400	-734.5054	-717.1098	-17.39556	0.2506236	0.06584768
158600	-731.3895	-714.1326	-17.25692	0.2702172	0.03689366
158800	-735.5654	-716.779	-18.78638	0.3490381	0.1048818
159000	-742.5456	-724.9042	-17.64144	0.3112422	0.03541202
159200	-737.0007	-719.6747	-17.32604	0.3018125	0.01503663
159400	-735.9551	-717.6083	-18.34682	0.2790585	0.1257243
159600	-737.4743	-719.947	-17.52728	0.3151133	0.02181468
159800	-737.3653	-720.2773	-17.08801	0.2713226	0.02103669
160000	-733.1571	-715.4257	-17.73143	0.267372	0.08229886
160200	-733.4273	-715.8279	-17.59937	0.3020758	0.03961347
160400	-734.0493	-714.5081	-19.5412	0.3338655	0.1914723
160600	-733.8381	-716.6306	-17.20751	0.304776	0.001733235
160800	-734.826	-716.6857	-18.14037	0.3116552	0.07974754
161000	-738.177	-718.29	-19.88692	0.3268777	0.2238591
161200	-732.1949	-714.8874	-17.30745	0.3071125	0.008616554
161400	-732.9613	-714.3945	-18.56681	0.3295007	0.1005378
161600	-735.0355	-717.3807	-17.6548	0.3017615	0.0454817
161800	-732.8235	-714.519	-18.30449	0.2909099	0.110998
162000	-731.4706	-714.2357	-17.23486	0.3046382	0.004295364
162200	-736.3348	-718.9732	-17.36153	0.3219697	0.0001638974
162400	-735.5918	-716.7791	-18.81269	0.3079023	0.1469443
162600	-738.2438	-719.5542	-18.68958	0.3785041	0.07503071
162800	-733.1707	-715.1234	-18.04726	0.267681	0.1133868
163000	-737.9263	-720.4187	-17.50766	0.283162	0.04734275
163200	-739.9514	-721.4073	-18.54419	0.2515813	0.1695044
163400	-731.3958	-714.1635	-17.23229	0.3011122	0.007303751
163600	-736.3052	-717.6023	-18.70288	0.2985723	0.1456648
163800	-733.0072	-715.8877	-17.1195	0.2817676	0.01401618
164000	-731.132	-712.895	-18.23693	0.3282767	0.07366144
164200	-742.6053	-724.1688	-18.43648	0.3124466	0.1057905
164400	-732.1937	-714.8138	-17.37986	0.290876	0.0298904
164600	-733.8496	-716.375	-17.47457	0.3009187	0.02973931
164800	-734.1968	-716.2357	-17.96117	0.3260076	0.05147696
165000	-735.219	-717.1934	-18.02557	0.3662093	0.02010455
165200	-738.4169	-720.1046	-18.31232	0.3468919	0.06388844
165400	-735.3002	-717.1295	-18.17062	0.3398878	0.05760078
165600	-735.2659	-717.6691	-17.59677	0.2952108	0.04685633
165800	-740.9558	-723.435	-17.5208	0.2998695	0.03399403
166000	-738.8219	-718.4259	-20.39603	0.3224088	0.2756342
166200	-737.3918	-719.5423	-17.84955	0.2717646	0.09160879
166400	-735.3961	-717.2229	-18.17324	0.3092231	0.08371417
166600	-740.6828	-723.0706	-17.61227	0.3336679	0.01262239
166800	-732.2149	-714.2211	-17.99378	0.3178264	0.05918836
167000	-735.1573	-717.7191	-17.43821	0.3233428	0.006281246
167200	-735.9643	-718.3812	-17.58311	0.3197326	0.02186115
167400	-737.5144	-719.7185	-17.7959	0.3020724	0.05601662
167600	-735.4435	-718.4984	-16.94513	0.254528	0.02261039
167800	-743.2726	-724.9995	-18.27312	0.2952371	0.107397
168000	-736.4409	-718.0814	-18.35953	0.3505808	0.0626732
168200	-735.8116	-717.7717	-18.03986	0.3185894	0.06412347
168400	-734.4731	-716.27	-18.20307	0.289327	0.1017552
168600	-738.1551	-720.7031	-17.45204	0.3038259	0.02576243
168800	-735.6237	-717.7037	-17.92006	0.332747	0.04143242
169000	-733.4883	-715.5635	-17.92483	0.276251	0.09129443
169200	-731.2293	-714.0119	-17.21734	0.2529933	0.04866109
169400	-733.784	-716.296	-17.48806	0.318727	0.01415009
169600	-734.2237	-716.8622	-17.36144	0.3000604	0.0191537
169800	-733.3836	-715.8731	-17.51055	0.3188939	0.01577438
170000	-743.6068	-725.1586	-18.44812	0.4187859	0.01148835
170200	-735.7763	-717.4847	-18.29164	0.3329553	0.07507179
170400	-735.3662	-717.8819	-17.48427	0.2587747	0.06886713
170600	-739.6446	-721.4366	-18.20804	0.3580314	0.0467714
170800	-735.5954	-718.0531	-17.54234	0.3034505	0.03387719
171000	-731.1476	-713.6193	-17.52827	0.3212286	0.01565787
171200	-733.3412	-716.0532	-17.288	0.3087565	0.005448478
171400	-741.4992	-720.1008	-21.39836	0.2656053	0.3952303
171600	-739.1748	-717.4587	-21.7161	0.3054541	0.4032912
171800	-741.7923	-725.0119	-16.7804	0.2566972	0.006768298
172000	-741.5648	-723.3542	-18.21058	0.3099167	0.08421128
172200	-738.7948	-719.791	-19.00382	0.3177842	0.1457031
172400	-740.4559	-718.5939	-21.86203	0.2887276	0.4306228
172600	-740.869	-722.0996	-18.76934	0.3273481	0.12383
172800	-734.6471	-717.0054	-17.64168	0.3178022	0.02862058
173000	-733.6279	-716.0076	-17.62032	0.2991521	0.04360955
173200	-735.3482	-717.4477	-17.90045	0.3095119	0.05911911
173400	-736.3133	-716.6737	-19.63959	0.3353835	0.1970949
173600	-737.9064	-720.7609	-17.14548	0.2905547	0.009247176
173800	-735.0943	-716.6219	-18.47237	0.2757074	0.1416475
174000	-738.2878	-717.2675	-21.02036	0.3460313	0.3026745
174200	-738.2155	-720.3277	-17.88788	0.3175478	0.05275996
174400	-737.5497	-718.3191	-19.23059	0.3300793	0.1645198
174600	-742.2753	-723.132	-19.14331	0.3770603	0.1149987
174800	-733.8837	-716.0628	-17.82098	0.3380714	0.02662502
175000	-736.7985	-718.0719	-18.72666	0.3005815	0.1411773
175200	-733.8199	-715.3813	-18.43862	0.2815938	0.1337985
175400	-739.0102	-721.2914	-17.71876	0.2889062	0.06234992
175600	-735.6774	-717.6651	-18.0123	0.3329082	0.04710784
175800	-738.7486	-721.7353	-17.01328	0.2767429	0.009330616
176000	-740.2288	-721.931	-18.29779	0.3148964	0.09667604
176200	-737.3281	-719.4988	-17.82921	0.28381	0.07860982
176400	-735.7987	-717.6105	-18.18821	0.2773373	0.1140487
176600	-734.4741	-714.9921	-19.48192	0.3350159	0.1807506
176800	-737.4722	-717.9208	-19.5514	0.3082857	0.2018124
177000	-735.1616	-716.4623	-18.69933	0.3467519	0.09542443
177200	-734.9966	-716.6886	-18.308	0.2609137	0.1398131
177400	-731.8324	-714.2159	-17.61646	0.2996977	0.04160473
177600	-733.5295	-714.411	-19.11851	0.3053147	0.1666539
177800	-737.4633	-719.3805	-18.08272	0.3153435	0.06838894
178000	-733.9294	-717.0916	-16.83772	0.2657154	0.003622134
178200	-737.2729	-719.036	-18.23686	0.3183336	0.0880026
178400	-730.5944	-713.1233	-17.47118	0.2975949	0.03169306
178600	-736.945	-718.7725	-18.17253	0.3117197	0.08163516
178800	-733.4269	-716.3936	-17.03324	0.2881814	0.001032093
179000	-734.1482	-716.5917	-17.55652	0.2960384	0.04017411
179200	-736.7951	-717.365	-19.43007	0.3195578	0.191552
179400	-737.7546	-719.4127	-18.34196	0.2485645	0.1527147
179600	-736.9922	-716.056	-20.93623	0.2657856	0.3646589
179800	-735.4945	-715.057	-20.4375	0.3096161	0.2800205
180000	-734.9768	-716.8983	-18.07851	0.2688366	0.1081628
180200	-735.3166	-717.2464	-18.0702	0.3060718	0.07499356
180400	-738.267	-719.1968	-19.07022	0.325416	0.1465403
180600	-738.3694	-720.3049	-18.0645	0.2931769	0.08989411
180800	-736.6192	-719.4177	-17.20145	0.2680452	0.03544766
181000	-736.1627	-717.8798	-18.28297	0.2723393	0.1266662
181200	-738.0408	-719.7379	-18.30288	0.3030792	0.1050126
181400	-739.0556	-720.6776	-18.37804	0.3175573	0.09195338
181600	-734.8104	-717.715	-17.09537	0.2678422	0.02510836
181800	-732.5647	-715.0793	-17.48533	0.286661	0.04280042
182000	-736.8955	-718.8226	-18.07293	0.3424294	0.04830202
182200	-737.6232	-720.0579	-17.56522	0.2622447	0.07498279
182400	-733.3049	-715.9933	-17.31157	0.2995641	0.01572375
182600	-737.4556	-719.8782	-17.5773	0.3165423	0.02468957
182800	-742.5305	-722.9918	-19.53871	0.286399	0.221957
183000	-732.4116	-714.8585	-17.55316	0.3209447	0.01862403
183200	-735.3715	-717.4762	-17.89534	0.2924787	0.07712553
183400	-745.1721	-728.3028	-16.86926	0.2492211	0.02073506
183600	-730.7361	-713.4639	-17.27223	0.3103035	0.002579994
183800	-732.8255	-715.7357	-17.0898	0.274096	0.0190815
184000	-744.33	-724.402	-19.92802	0.3173548	0.2341629
184200	-736.5769	-718.5897	-17.98714	0.3235128	0.05631785
184400	-732.2458	-714.7184	-17.52741	0.3245254	0.01313665
184600	-734.0332	-716.1117	-17.92154	0.2714632	0.09563524
184800	-735.484	-718.1201	-17.36394	0.3042155	0.01607595
185000	-735.0035	-717.2375	-17.76607	0.3478564	0.0130424
185200	-737.6653	-719.2321	-18.43321	0.3472388	0.07417018
185400	-737.5669	-718.6776	-18.88931	0.2927823	0.1614918
185600	-742.3456	-723.7086	-18.63697	0.3434088	0.09924688
185800	-734.1156	-716.0638	-18.05182	0.3144035	0.06731703
186000	-740.3881	-722.8052	-17.58289	0.28614	0.05081488
186200	-735.6316	-718.0717	-17.55989	0.2919458	0.04605132
186400	-730.4148	-713.1476	-17.26712	0.2973332	0.01390133
186600	-740.3759	-722.677	-17.6989	0.290473	0.05825264
186800	-733.9683	-715.255	-18.7133	0.3184908	0.1253777
187000	-738.1537	-717.5413	-20.61242	0.3077386	0.3058734
187200	-737.3939	-718.401	-18.99297	0.3155565	0.1528833
187400	-735.1587	-717.2958	-17.86289	0.331324	0.03597303
187600	-735.3878	-715.9108	-19.47698	0.3409344	0.1778567
187800	-734.216	-716.8314	-17.38455	0.2772361	0.04200686
188000	-741.7935	-723.5809	-18.21254	0.316686	0.07974792
188200	-739.4339	-720.2016	-19.23223	0.3603386	0.1370278
188400	-736.136	-715.1217	-21.01421	0.3539015	0.3008898
188600	-734.8436	-717.1046	-17.73897	0.3047296	0.0495344
188800	-738.3051	-719.8161	-18.48901	0.3443613	0.08092109
189000	-733.5672	-714.4622	-19.10492	0.3066489	0.1703354
189200	-734.7946	-716.8938	-17.90086	0.3156118	0.05618362
189400	-736.9726	-718.5934	-18.37923	0.2498067	0.1519513
189600	-736.9589	-717.5649	-19.39399	0.3140474	0.1925704
189800	-734.4707	-716.7771	-17.69363	0.3071668	0.04483008
190000	-735.2666	-717.0679	-18.19872	0.2912392	0.1041598
190200	-737.1305	-717.3623	-19.76821	0.2761781	0.2572527
190400	-737.6222	-718.627	-18.99518	0.3264798	0.1420884
190600	-735.5582	-718.0158	-17.54237	0.314332	0.0248973
190800	-734.4113	-716.4744	-17.93693	0.2815348	0.08999964
191000	-739.0276	-721.0892	-17.93838	0.2979384	0.07414374
191200	-741.3816	-723.7489	-17.63267	0.2719021	0.06929898
191400	-736.2383	-719.2522	-16.98608	0.2829422	0.001472219
191600	-739.4269	-721.0261	-18.4008	0.3351068	0.08180035
191800	-737.2426	-719.0259	-18.21667	0.277929	0.1190919
192000	-737.0451	-718.7845	-18.26059	0.3071307	0.09583163
192200	-734.188	-717.2274	-16.96063	0.2679573	0.0126417
192400	-733.0206	-715.9504	-17.07014	0.2853675	0.006569892
192600	-734.9783	-717.393	-17.58538	0.32891	0.01411998
192800	-737.9858	-719.672	-18.31379	0.3243527	0.08470284
193000	-739.2387	-721.6959	-17.54284	0.3085119	0.02933717
193200	-739.579	-721.8149	-17.76409	0.3565567	0.005453536
193400	-734.4951	-716.6664	-17.82875	0.3164245	0.04687552
193600	-736.7056	-719.2418	-17.46386	0.3156771	0.01582414
193800	-739.2249	-721.4647	-17.76024	0.3035312	0.0551555
194000	-737.9532	-719.4989	-18.4543	0.3698431	0.05789124
194200	-735.6811	-716.8755	-18.8056	0.3177118	0.137741
194400	-733.2334	-714.0816	-19.15188	0.3111071	0.1697945
194600	-733.809	-715.9141	-17.89489	0.2710691	0.0926233
194800	-737.6	-720.0066	-17.59335	0.337688	0.007323986
195000	-737.9472	-719.3544	-18.59287	0.336029	0.09752436
195200	-734.8972	-718.043	-16.85417	0.2514991	0.01732277
195400	-733.0015	-714.6697	-18.33175	0.3112427	0.0966316
195600	-745.3031	-726.9193	-18.38377	0.3435594	0.0755057
195800	-738.0007	-720.3222	-17.67857	0.3159899	0.03410655
196000	-732.996	-715.7197	-17.2763	0.2891871	0.02177867
196200	-733.7686	-716.4675	-17.30112	0.2972107	0.01743597
196400	-731.0313	-711.9773	-19.05398	0.3041823	0.1654135
196600	-732.5968	-714.0387	-18.55809	0.2796647	0.1431367
196800	-737.1101	-719.3307	-17.77937	0.3099807	0.04673375
197000	-737.7733	-720.0794	-17.69395	0.3485625	0.006319891
197200	-735.9277	-718.0115	-17.91621	0.2742297	0.09149413
197400	-739.2558	-720.5537	-18.70215	0.2802882	0.1545179
197600	-736.0407	-718.3631	-17.67766	0.3009758	0.0481985
197800	-737.1091	-718.7481	-18.36095	0.307293	0.1078435
198000	-735.3993	-717.1716	-18.22765	0.3441431	0.05873227
198200	-731.923	-714.3752	-17.54782	0.3103489	0.0270264
198400	-736.3678	-717.1946	-19.17326	0.3542722	0.1352454
198600	-731.6386	-713.4057	-18.23287	0.3105918	0.08700637
198800	-736.1331	-718.5438	-17.5893	0.3183616	0.02392755
199000	-735.7154	-717.3066	-18.40877	0.3164539	0.1012543
199200	-733.3984	-715.8643	-17.53407	0.3079013	0.02810525
199400	-737.5434	-720.2994	-17.24395	0.2945685	0.01381597
199600	-736.66	-717.6127	-19.0473	0.3498201	0.132845
199800	-731.3538	-713.4112	-17.94257	0.2896661	0.08044462
200000	-735.7496	-717.8183	-17.93133	0.3132209	0.05933802
