Iteration	Posterior	Likelihood	Prior	branch_rates	speciation_rate
0	-297.7256	-291.3625	-6.363138	0.8439583	0.03377705
200	-299.7361	-292.6892	-7.046945	0.7393141	0.2083658
400	-299.907	-294.5007	-5.40627	0.6849816	0.09766255
600	-298.9312	-293.233	-5.698276	0.7126392	0.09952504
800	-298.72	-293.7511	-4.968832	0.6952173	0.04247579
1000	-300.9958	-294.3802	-6.615665	0.7271025	0.1733804
1200	-307.5906	-294.0922	-13.49841	1.321432	0.2728195
1400	-301.2442	-292.6178	-8.626418	1.076672	0.02675044
1600	-301.0425	-294.5543	-6.488211	0.6544958	0.2336424
1800	-300.1894	-294.2117	-5.977607	0.6582098	0.181468
2000	-297.5625	-292.2755	-5.286992	0.7622346	0.007355262
2200	-298.774	-293.0035	-5.770548	0.7784042	0.04069451
2400	-297.7979	-291.6092	-6.188699	0.8579719	0.001712301
2600	-297.8142	-292.6836	-5.130571	0.7462849	0.007666753
2800	-298.4503	-291.535	-6.915353	0.8549667	0.07912872
3000	-302.524	-294.9631	-7.560808	0.9443968	0.05205093
3200	-298.0285	-291.8072	-6.221344	0.8052234	0.05843446
3400	-301.7572	-292.4613	-9.29587	1.141421	0.02907773
3600	-299.0715	-291.4922	-7.579304	0.8812841	0.1193443
3800	-300.2405	-294.9412	-5.299364	0.6843687	0.08528609
4000	-300.3262	-289.926	-10.40021	1.096633	0.1917166
4200	-304.4917	-294.9296	-9.562074	1.179904	0.01704427
4400	-299.355	-292.6789	-6.67604	0.7553074	0.1554222
4600	-298.2297	-291.1353	-7.094466	0.9059806	0.04554264
4800	-297.6965	-290.8091	-6.88747	0.9192651	0.01062027
5000	-302.39	-298.3962	-3.993824	0.6065891	0.03396292
5200	-300.2985	-290.358	-9.94049	0.979996	0.2633097
5400	-304.0139	-292.9746	-11.03934	0.8161593	0.5412417
5600	-299.339	-292.2398	-7.099166	0.9197415	0.0313316
5800	-300.2232	-294.5528	-5.670346	0.7269142	0.08245159
6000	-297.564	-290.7502	-6.813755	0.9125788	0.009824557
6200	-299.8188	-294.7712	-5.047661	0.6431183	0.1020543
6400	-305.8794	-296.3203	-9.55911	0.6481521	0.5327529
6600	-297.7647	-291.0462	-6.718482	0.8844152	0.02910904
6800	-298.3175	-291.0552	-7.26228	0.9256118	0.04279435
7000	-298.9884	-292.79	-6.198362	0.7589535	0.1041558
7200	-300.3063	-294.1891	-6.117106	0.8349782	0.01801459
7400	-301.3974	-291.76	-9.637356	0.8034131	0.4080456
7600	-301.2547	-291.1572	-10.09749	1.000903	0.2542289
7800	-300.4832	-290.4386	-10.04451	1.224742	0.02132805
8000	-299.7859	-293.4289	-6.35703	0.8311294	0.04706419
8200	-299.4487	-290.1114	-9.337329	1.165937	0.00902073
8400	-301.0468	-292.8807	-8.166159	0.9361657	0.1249918
8600	-299.9431	-290.4187	-9.524395	0.9848257	0.2134796
8800	-298.4596	-290.1087	-8.350899	1.047962	0.02892365
9000	-297.9798	-290.7677	-7.212033	0.9301452	0.03255928
9200	-299.6742	-294.9703	-4.703876	0.6662176	0.04506367
9400	-303.477	-290.3218	-13.15521	1.159043	0.4079273
9600	-298.4545	-292.4307	-6.023797	0.7908509	0.05372101
9800	-298.3349	-292.7807	-5.554195	0.7480456	0.04924209
10000	-300.0442	-293.2178	-6.826345	0.7705396	0.152309
10200	-298.7318	-291.3324	-7.399398	0.9007874	0.08101923
10400	-300.8436	-290.0918	-10.75182	1.262831	0.05557062
10600	-298.4522	-292.5234	-5.928782	0.7487063	0.08575742
10800	-301.894	-293.777	-8.116973	0.8284103	0.2270729
11000	-299.9578	-291.7672	-8.190632	0.9882851	0.0740858
11200	-298.5729	-290.6778	-7.895073	0.9751699	0.05632208
11400	-301.5621	-293.8686	-7.693509	0.9046486	0.1034164
11600	-301.8113	-290.9749	-10.83635	1.113655	0.2151847
11800	-301.334	-294.4489	-6.885173	0.9221196	0.007033905
12000	-300.3647	-291.9897	-8.37501	0.7840842	0.2995497
12200	-298.8467	-292.5023	-6.344418	0.8167063	0.05903002
12400	-298.1377	-291.193	-6.944702	0.9071057	0.02860089
12600	-298.2045	-290.7487	-7.455781	0.9282043	0.05998801
12800	-302.457	-296.3531	-6.103899	0.8040395	0.0484095
13000	-300.535	-292.7497	-7.785226	1.009407	0.009895162
13200	-302.034	-293.5413	-8.492722	1.051729	0.0383447
13400	-298.8651	-292.7211	-6.144044	0.7494486	0.106355
13600	-299.9	-291.1116	-8.788469	0.9208401	0.2018584
13800	-298.2962	-290.8008	-7.495441	0.9315706	0.06031093
14000	-299.1716	-291.2522	-7.91943	0.9434589	0.0915763
14200	-300.6619	-291.9666	-8.695345	0.9844252	0.1274393
14400	-302.8225	-296.1578	-6.664758	0.5907607	0.3147581
14600	-299.5144	-290.2253	-9.289064	1.159553	0.01047968
14800	-299.2489	-292.0896	-7.159387	0.890568	0.06646076
15000	-299.1306	-293.8153	-5.315249	0.6830782	0.08971935
15200	-299.7345	-292.5317	-7.202818	0.7586703	0.2043428
15400	-300.6723	-291.8825	-8.78977	0.9406091	0.1815713
15600	-300.7281	-292.3674	-8.360793	1.039125	0.03787355
15800	-302.3231	-295.8464	-6.476666	0.7116603	0.1745148
16000	-298.1803	-291.7038	-6.476526	0.8457488	0.04344592
16200	-298.1501	-291.0229	-7.127221	0.8774736	0.07756383
16400	-304.3882	-292.9096	-11.47859	0.8726318	0.530283
16600	-301.5387	-293.5529	-7.985777	0.8988092	0.1435365
16800	-300.5158	-295.111	-5.404795	0.62751	0.1543385
17000	-298.3285	-290.6964	-7.632038	0.9965693	0.007708531
17200	-301.1289	-295.6652	-5.463684	0.7309803	0.05550166
17400	-298.7444	-290.3707	-8.373772	0.9699623	0.11142
17600	-300.578	-296.4991	-4.078964	0.6312802	0.01780386
17800	-299.5591	-291.0958	-8.463313	0.936606	0.1562802
18000	-299.3163	-291.7514	-7.564824	0.807634	0.1922396
18200	-298.413	-290.5568	-7.856239	0.9710551	0.05680361
18400	-299.0122	-293.4257	-5.58654	0.7044996	0.09594193
18600	-300.4784	-291.0045	-9.473897	0.9969786	0.1943246
18800	-303.2139	-296.328	-6.885977	0.806828	0.1187824
19000	-300.7967	-294.3789	-6.417728	0.6526711	0.2315252
19200	-301.9919	-298.997	-2.994852	0.5216749	0.01853657
19400	-301.0558	-296.6645	-4.391348	0.6612608	0.01811338
19600	-300.1905	-294.8161	-5.374383	0.7704605	0.008035296
19800	-302.8699	-297.8901	-4.979881	0.6203838	0.114107
20000	-299.8675	-295.1628	-4.704696	0.6789021	0.03200155
20200	-300.1352	-291.6342	-8.500942	0.969431	0.1225822
20400	-303.7767	-294.2578	-9.518889	1.116607	0.0779449
20600	-302.866	-297.7349	-5.13104	0.6776669	0.0745415
20800	-298.375	-293.5834	-4.791566	0.7026462	0.01751399
21000	-299.2492	-294.4764	-4.772862	0.6772018	0.04169298
21200	-298.1725	-292.5884	-5.584155	0.7444873	0.05557227
21400	-298.1336	-291.1939	-6.939655	0.8715522	0.06514397
21600	-300.7414	-295.9735	-4.767952	0.6747083	0.04218315
21800	-300.7872	-291.5821	-9.205065	0.9671662	0.2026943
22000	-298.135	-290.6128	-7.522257	0.9855671	0.007655298
22200	-299.7295	-294.3505	-5.378968	0.6884238	0.09170617
22400	-308.5824	-296.0563	-12.52608	0.8436241	0.634355
22600	-300.1141	-294.7977	-5.316416	0.6866322	0.08750504
22800	-302.441	-291.9758	-10.46517	1.077694	0.2161362
23000	-297.7754	-291.8009	-5.974572	0.7991558	0.03997356
23200	-298.7723	-291.3499	-7.422374	0.9453379	0.03867402
23400	-298.1713	-291.2168	-6.954489	0.8819455	0.05537315
23600	-305.1912	-291.2813	-13.90988	0.9844974	0.6621556
23800	-300.998	-294.9076	-6.090419	0.8492512	0.0005677775
24000	-299.6056	-293.9037	-5.701897	0.8079922	0.002962499
24200	-297.5986	-291.1705	-6.428061	0.8714727	0.01244818
24400	-298.5496	-291.4839	-7.065647	0.8380275	0.1108798
24600	-303.5353	-293.5004	-10.03483	0.8053034	0.4344141
24800	-298.6641	-291.715	-6.949113	0.9223944	0.01342852
25000	-300.3238	-295.6668	-4.657006	0.6104784	0.09672818
25200	-298.2402	-292.9409	-5.299304	0.7450424	0.02600776
25400	-299.4704	-290.8783	-8.592187	0.9231448	0.1828264
25600	-297.9685	-290.8966	-7.071826	0.8966833	0.05254348
25800	-300.696	-291.5761	-9.11987	0.9588436	0.1967097
26000	-300.7731	-290.7867	-9.986357	1.010028	0.2365018
26200	-300.5437	-291.7237	-8.820016	0.8658129	0.2595656
26400	-298.7774	-292.0857	-6.691699	0.8788115	0.03134481
26600	-298.595	-291.1285	-7.466446	0.9463081	0.04229498
26800	-299.3873	-294.1042	-5.283182	0.7202505	0.04836018
27000	-299.0193	-291.975	-7.044323	0.8897876	0.05573984
27200	-299.9649	-296.5099	-3.454929	0.581371	0.004901966
27400	-299.0614	-294.5401	-4.521348	0.6463227	0.04688557
27600	-298.8612	-293.2194	-5.641876	0.7906432	0.0142632
27800	-299.1235	-293.7528	-5.370737	0.7344303	0.04462992
28000	-301.2087	-293.1156	-8.093063	0.7386822	0.3122145
28200	-299.8775	-292.2029	-7.67462	0.9851405	0.02394358
28400	-299.9894	-290.6902	-9.299271	0.9727653	0.2048754
28600	-298.5402	-290.2424	-8.297796	1.056269	0.01488146
28800	-298.8923	-292.3595	-6.532758	0.8687417	0.02541935
29000	-304.8533	-296.2819	-8.571358	1.016788	0.08019846
29200	-298.3048	-291.983	-6.321773	0.8385434	0.03495814
29400	-302.0033	-294.5107	-7.49267	0.799899	0.1887227
29600	-301.2072	-291.1136	-10.09363	1.088855	0.1644585
29800	-303.9119	-293.5044	-10.40745	1.277389	0.004135661
30000	-299.5429	-293.9959	-5.546987	0.7954613	3.193206e-05
30200	-297.6419	-290.6122	-7.029779	0.9262499	0.01801049
30400	-300.2699	-292.048	-8.221849	0.7928374	0.2738761
30600	-299.9299	-292.4058	-7.52412	0.8103409	0.1842515
30800	-298.2873	-293.0273	-5.26002	0.7335258	0.03341056
31000	-299.3093	-294.6468	-4.662564	0.6926035	0.01428225
31200	-298.9975	-293.003	-5.9945	0.7733081	0.06694903
31400	-303.6964	-290.1585	-13.53788	1.172725	0.4374819
31600	-300.0483	-293.2618	-6.786542	0.7298759	0.1920584
31800	-300.2603	-290.4622	-9.798079	0.9758487	0.2516382
32000	-298.4607	-291.8778	-6.582869	0.8302314	0.06982681
32200	-301.5724	-295.2216	-6.350885	0.8406963	0.03480607
32400	-299.6248	-292.1401	-7.48468	0.9012486	0.08985911
32600	-298.3988	-290.3463	-8.052491	1.012905	0.03421818
32800	-299.7788	-291.4552	-8.323583	0.9039804	0.1735219
33000	-301.9888	-290.0339	-11.95498	1.217388	0.2281143
33200	-299.5557	-295.2637	-4.29201	0.656971	0.01283418
33400	-297.7802	-291.667	-6.113163	0.8497873	0.002349212
33600	-302.8609	-292.6856	-10.17529	1.030807	0.226694
33800	-298.7207	-292.2043	-6.516364	0.8557062	0.03734034
34000	-306.589	-294.4519	-12.13708	0.7873153	0.6769617
34200	-301.2737	-293.3752	-7.898515	1.022403	0.008641164
34400	-300.6837	-295.6096	-5.074122	0.6982609	0.05019607
34600	-298.5882	-293.4189	-5.169313	0.7325906	0.02515101
34800	-298.9431	-293.1869	-5.756284	0.7630554	0.05425309
35000	-299.3764	-292.991	-6.385453	0.8146038	0.06458563
35200	-297.6725	-291.0737	-6.598851	0.8845393	0.01643728
35400	-301.7297	-296.9588	-4.770914	0.5729334	0.1447255
35600	-301.0605	-294.8171	-6.243402	0.8393204	0.02614484
35800	-300.0304	-290.4473	-9.583088	1.061626	0.1408682
36000	-300.2657	-292.3822	-7.883499	1.007618	0.02155766
36200	-300.0201	-294.6504	-5.369724	0.6828817	0.09372746
36400	-299.0322	-291.6589	-7.373275	0.8330058	0.1473317
36600	-299.864	-292.1644	-7.699534	0.8413079	0.1746862
36800	-302.0762	-294.6867	-7.389551	0.8357184	0.1412998
37000	-300.8879	-296.7723	-4.115579	0.6463172	0.005878004
37200	-300.1524	-294.3081	-5.844348	0.7894827	0.0355532
37400	-300.0522	-292.0092	-8.043003	0.8539226	0.1933452
37600	-300.8012	-291.7257	-9.075424	1.081156	0.06834588
37800	-298.8137	-291.2365	-7.577167	0.9545429	0.04549435
38000	-299.88	-292.0443	-7.835675	0.7895135	0.2368788
38200	-300.0251	-292.7871	-7.237941	0.9132382	0.0529399
38400	-299.3628	-291.3893	-7.973463	0.8447873	0.1971573
38600	-299.0283	-291.8544	-7.173898	0.9147349	0.04396554
38800	-298.5551	-290.7754	-7.77968	0.9237973	0.09785132
39000	-300.5437	-295.6332	-4.910455	0.6819513	0.04912934
39200	-298.4478	-292.4253	-6.022444	0.7541031	0.09024033
39400	-298.6613	-291.6853	-6.976035	0.8547441	0.08612619
39600	-302.3965	-291.7609	-10.63562	0.9054169	0.401281
39800	-299.2204	-292.9493	-6.27117	0.86338	0.004688741
40000	-299.5929	-292.3458	-7.247101	0.9639548	0.001573472
40200	-298.3096	-290.9933	-7.316279	0.9475084	0.0259012
40400	-301.2882	-290.2254	-11.06274	1.046041	0.3129519
40600	-299.7324	-295.6869	-4.04554	0.6414327	0.003856729
40800	-299.2689	-291.4446	-7.82422	0.9649233	0.05931368
41000	-300.9083	-293.1125	-7.795852	0.9480523	0.07368016
41200	-300.5647	-292.7768	-7.787913	0.7841395	0.2380767
41400	-300.0833	-290.3237	-9.759598	1.07142	0.1501125
41600	-301.7195	-294.5684	-7.151043	0.6770749	0.2834685
41800	-299.4035	-293.7346	-5.668885	0.6786371	0.1299755
42000	-299.1341	-291.9017	-7.232362	0.8531711	0.1131538
42200	-299.9487	-292.6362	-7.312557	0.9645951	0.00744132
42400	-299.4324	-291.8753	-7.557156	0.8245202	0.1750201
42600	-299.1646	-290.2497	-8.914839	0.992645	0.144377
42800	-299.5388	-293.6442	-5.894568	0.7605686	0.0719303
43000	-299.3284	-292.7573	-6.571061	0.888642	0.00932682
43200	-299.7079	-289.708	-9.999859	1.191868	0.05093697
43400	-302.1901	-290.5022	-11.6879	1.068468	0.3551356
43600	-301.6755	-297.8072	-3.86821	0.6240348	0.003456323
43800	-301.7145	-291.6728	-10.04171	0.8372794	0.416567
44000	-298.0422	-291.3849	-6.657298	0.8923024	0.01442019
44200	-301.8955	-292.5461	-9.34936	0.8134976	0.3658186
44400	-299.7542	-290.6927	-9.061485	0.9410867	0.212285
44600	-299.6167	-291.9818	-7.634877	0.9271689	0.0802116
44800	-300.2881	-294.8153	-5.472876	0.6932071	0.09419247
45000	-300.9743	-297.475	-3.499349	0.5750626	0.01533126
45200	-299.1461	-292.434	-6.712151	0.8670131	0.04604828
45400	-300.0296	-292.5824	-7.447225	0.9579649	0.02751363
45600	-301.8237	-294.8926	-6.931073	0.8848439	0.04901341
45800	-298.8946	-291.5241	-7.37052	0.8964626	0.08279806
46000	-302.8736	-290.7061	-12.16749	1.445047	0.01297019
46200	-298.299	-291.0396	-7.259317	0.8946869	0.07332318
46400	-299.3948	-294.304	-5.090839	0.6971413	0.05403588
46600	-299.4894	-293.4555	-6.03384	0.7218753	0.1221891
46800	-302.0769	-297.1423	-4.934596	0.6269779	0.1099293
47000	-298.5678	-291.5116	-7.056227	0.8718521	0.07625275
47200	-303.4163	-294.9714	-8.444939	1.003695	0.07949857
47400	-301.6271	-290.3209	-11.30614	1.146296	0.2317887
47600	-298.9594	-291.8483	-7.111074	0.9134452	0.03988677
47800	-299.2745	-291.5214	-7.753092	0.9318534	0.08717164
48000	-299.6038	-290.3597	-9.244113	1.116063	0.05106311
48200	-298.0763	-291.9653	-6.110912	0.7871976	0.06566091
48400	-297.5521	-292.2789	-5.273197	0.764953	0.003209526
48600	-302.3693	-297.254	-5.115274	0.5840673	0.1644908
48800	-301.9964	-294.8484	-7.148051	0.7839424	0.1678698
49000	-299.9457	-291.2786	-8.667007	1.053026	0.05643782
49200	-304.0624	-293.8855	-10.17692	1.170118	0.09185419
49400	-299.719	-290.8626	-8.856397	1.012085	0.1170593
49600	-297.7378	-291.1465	-6.591308	0.8861801	0.01398032
49800	-300.6135	-295.0171	-5.596422	0.6600119	0.1397556
50000	-298.3878	-292.375	-6.012783	0.7890347	0.05331439
50200	-298.7977	-292.3382	-6.459523	0.852504	0.03431463
50400	-299.5251	-293.1416	-6.383533	0.870304	0.009104799
50600	-298.8648	-291.2407	-7.624136	0.9339904	0.07018552
50800	-299.2611	-293.0104	-6.250653	0.7732138	0.09250735
51000	-301.1706	-294.6057	-6.564901	0.7356155	0.1632091
51200	-299.0272	-292.7413	-6.285903	0.8128957	0.05697684
51400	-298.9861	-290.7769	-8.209211	0.9655954	0.09878126
51600	-298.502	-291.8729	-6.629167	0.8025069	0.1023595
51800	-303.1029	-294.1883	-8.914549	0.8061982	0.3304167
52000	-298.5447	-292.2546	-6.290108	0.8275059	0.0431725
52200	-301.1364	-291.3307	-9.805622	1.061209	0.1632678
52400	-302.8886	-298.5214	-4.3672	0.6608512	0.01644679
52600	-300.2346	-290.8525	-9.382099	1.087092	0.09464441
52800	-304.0026	-295.3801	-8.622493	0.7025079	0.4061284
53000	-298.5885	-292.0397	-6.548816	0.799751	0.09772741
53200	-298.703	-290.1893	-8.513704	1.039523	0.05419107
53400	-304.0895	-294.9466	-9.142874	1.031864	0.125747
53600	-299.8089	-291.5229	-8.285991	0.9533824	0.1201293
53800	-300.2489	-292.7142	-7.534706	0.7778801	0.2162965
54000	-300.5989	-292.2397	-8.359142	0.8470989	0.2351587
54200	-299.6604	-293.6852	-5.975216	0.7771541	0.06255785
54400	-300.026	-293.0547	-6.97127	0.7176699	0.2231979
54600	-300.4029	-294.9049	-5.49798	0.6983911	0.09123835
54800	-298.7892	-292.9431	-5.846062	0.8223501	0.003130369
55000	-300.9252	-292.4293	-8.495926	1.008924	0.08269715
55200	-299.0877	-290.4632	-8.62453	1.091117	0.01253748
55400	-300.7882	-292.4145	-8.373663	0.8436068	0.2371848
55600	-299.2185	-291.6048	-7.613745	0.926844	0.07638818
55800	-299.7974	-294.9207	-4.876663	0.6883879	0.04023295
56000	-299.6018	-291.6857	-7.91614	0.9678911	0.0661676
56200	-302.7895	-295.803	-6.986482	0.7129943	0.2218331
56400	-300.2884	-290.2131	-10.07529	1.102603	0.1519148
56600	-299.8629	-296.1052	-3.757682	0.6159543	0.0006007278
56800	-300.8327	-290.9995	-9.83317	1.016049	0.2133021
57000	-300.1027	-294.6841	-5.418592	0.6800706	0.1046698
57200	-298.2786	-292.3687	-5.909953	0.8073433	0.02509802
57400	-299.9231	-294.2687	-5.654386	0.7349446	0.07050277
57600	-298.7735	-291.9938	-6.779744	0.9102799	0.008821217
57800	-299.0248	-292.2001	-6.824721	0.8088958	0.1149495
58000	-299.0106	-294.4171	-4.593498	0.6632105	0.03751136
58200	-301.7376	-293.5436	-8.194028	0.7408446	0.3183308
58400	-303.7519	-294.2179	-9.533915	0.7198041	0.4672771
58600	-299.2585	-290.668	-8.590481	0.9222683	0.1816655
58800	-301.6007	-294.6583	-6.942381	0.9155123	0.01913165
59000	-299.0527	-291.7198	-7.332899	0.8656745	0.1121862
59200	-301.0047	-295.0165	-5.988243	0.8365254	0.003000791
59400	-298.2299	-293.3762	-4.853698	0.7130245	0.0133974
59600	-298.8367	-291.6233	-7.21343	0.8278406	0.137585
59800	-300.168	-291.3181	-8.849933	1.049288	0.07882734
60000	-298.7806	-294.1043	-4.676278	0.6970814	0.01125996
60200	-298.8625	-292.6221	-6.240486	0.7892702	0.07651758
60400	-298.2223	-291.0482	-7.174011	0.8699981	0.09026712
60600	-300.5181	-295.3648	-5.153252	0.7266296	0.02904197
60800	-304.9465	-293.1593	-11.78714	0.7568712	0.6630152
61000	-299.3839	-293.2875	-6.0964	0.8355341	0.01478819
61200	-301.3588	-296.0901	-5.268787	0.6165126	0.1485192
61400	-299.2241	-289.9068	-9.317298	1.079699	0.09639728
61600	-302.2731	-293.2323	-9.040735	1.028014	0.115676
61800	-302.7765	-294.5468	-8.229706	0.9886684	0.07601243
62000	-300.1187	-294.0846	-6.034065	0.7655069	0.07789948
62200	-297.3978	-291.2965	-6.101296	0.8440047	0.007054652
62400	-301.4612	-291.9825	-9.478728	0.8564457	0.33519
62600	-300.0973	-296.6139	-3.483415	0.5806284	0.008491584
62800	-298.1715	-290.352	-7.819478	0.9970132	0.02643413
63000	-298.3727	-292.9104	-5.462287	0.7722151	0.01514709
63200	-300.1769	-292.7188	-7.458021	0.8424103	0.1441397
63400	-298.9528	-292.6192	-6.333548	0.7429354	0.1322408
63600	-300.7675	-292.5736	-8.19384	1.01785	0.04240196
63800	-299.8604	-295.9425	-3.91789	0.6292709	0.003341762
64000	-300.7244	-290.6411	-10.08325	1.246015	0.003235518
64200	-298.1878	-290.4079	-7.779918	1.01768	0.00113913
64400	-300.3927	-291.6745	-8.718153	0.9139903	0.2002648
64600	-301.7285	-295.6713	-6.057265	0.6816179	0.1668618
64800	-301.9538	-292.7572	-9.196589	1.153097	0.007325999
65000	-298.8064	-292.6945	-6.111846	0.7425623	0.110296
65200	-299.3964	-294.0596	-5.336728	0.7190042	0.0552602
65400	-300.9104	-292.415	-8.495459	0.9875638	0.1028345
65600	-298.8464	-293.4852	-5.361161	0.7008347	0.07723031
65800	-299.3019	-292.7431	-6.558871	0.7391581	0.1604306
66000	-301.2849	-293.3697	-7.915192	0.9736275	0.05790267
66200	-302.1231	-292.4681	-9.654996	0.9107646	0.2958406
66400	-297.682	-292.5181	-5.163927	0.7487458	0.008561489
66600	-300.5067	-291.5193	-8.987378	0.8745023	0.2684243
66800	-299.0093	-292.3743	-6.634976	0.7621586	0.1443144
67000	-300.1415	-291.8194	-8.32208	0.9203512	0.1583444
67200	-301.0625	-295.1419	-5.920587	0.8106485	0.02154002
67400	-300.2331	-293.1889	-7.044228	0.7068434	0.2406378
67600	-300.9978	-292.0862	-8.911558	1.042711	0.09198738
67800	-300.0942	-291.7033	-8.390917	0.9075675	0.177751
68000	-300.9626	-294.9294	-6.033221	0.7708635	0.07564693
68200	-298.7292	-291.1716	-7.557504	0.8561555	0.1439102
68400	-298.7689	-290.7482	-8.020669	1.010537	0.03304513
68600	-300.6242	-293.6863	-6.937905	0.726804	0.210084
68800	-298.861	-290.3031	-8.557861	1.052416	0.04608145
69000	-298.5498	-293.9848	-4.564991	0.6876049	0.00987566
69200	-301.4066	-293.7717	-7.634872	0.997031	0.007370655
69400	-298.7946	-291.6115	-7.18306	0.8879372	0.07209082
69600	-297.8605	-292.4299	-5.430578	0.75773	0.02644351
69800	-297.9301	-292.5162	-5.413975	0.7636166	0.01902973
70000	-300.6305	-295.4898	-5.140735	0.6290809	0.124348
70200	-299.8859	-292.6428	-7.243083	0.8782429	0.08780591
70400	-303.1472	-297.2806	-5.86658	0.6605927	0.1617122
70600	-300.0265	-293.8271	-6.199344	0.7274215	0.1343153
70800	-299.5563	-293.6993	-5.85707	0.7719097	0.05595541
71000	-297.9003	-292.0547	-5.845555	0.7889623	0.03727336
71200	-298.4058	-290.7558	-7.649966	0.9322681	0.07548677
71400	-300.4999	-290.4543	-10.04566	1.046469	0.2039147
71600	-299.7141	-291.7347	-7.979384	0.9638978	0.07820354
71800	-306.95	-298.4164	-8.533556	0.8913624	0.1946915
72000	-299.3825	-295.111	-4.271463	0.6657942	0.002153962
72200	-298.3917	-290.4338	-7.95786	0.9570038	0.08176029
72400	-304.1386	-294.9879	-9.150692	0.9597704	0.1920601
72600	-299.3963	-292.504	-6.892245	0.9007272	0.03033278
72800	-299.1219	-294.0508	-5.0711	0.6733877	0.07439837
73000	-298.0825	-291.6025	-6.479978	0.8681887	0.0211937
73200	-298.9365	-291.9916	-6.944921	0.8870668	0.04894151
73400	-298.8747	-293.917	-4.95765	0.7235417	0.01330153
73600	-299.8806	-292.4815	-7.399109	0.9099413	0.07084498
73800	-299.0341	-291.759	-7.275081	0.8151917	0.1548389
74000	-302.0875	-292.9587	-9.128782	0.8210298	0.3396262
74200	-299.7768	-294.7654	-5.011425	0.6374348	0.1044335
74400	-303.5938	-298.6534	-4.940385	0.7151862	0.0203017
74600	-298.8831	-292.1811	-6.70203	0.8345619	0.07698019
74800	-298.678	-290.2607	-8.417237	1.063733	0.01944822
75000	-298.9393	-292.6991	-6.240255	0.7390013	0.1266754
75200	-302.213	-293.607	-8.606021	0.9250582	0.1845312
75400	-298.6794	-293.3218	-5.357673	0.7117771	0.06586568
75600	-298.6168	-290.5296	-8.087152	0.9547141	0.09734835
75800	-298.627	-292.719	-5.907922	0.8062576	0.02531438
76000	-298.8548	-293.0798	-5.775061	0.8149541	0.003442009
76200	-299.0732	-290.7151	-8.358055	0.9137516	0.1667388
76400	-300.3571	-292.1568	-8.200372	0.9521709	0.1090469
76600	-299.2717	-292.9451	-6.326543	0.8714646	0.002016111
76800	-301.5	-295.4541	-6.045938	0.6780556	0.1658209
77000	-298.7238	-293.0767	-5.647129	0.7180795	0.08837681
77200	-298.6628	-291.1304	-7.53244	0.9244122	0.07144898
77400	-298.3263	-291.4044	-6.921864	0.932305	0.0006853186
77600	-297.7525	-291.6367	-6.115813	0.8263495	0.02672937
77800	-299.8669	-291.6737	-8.193216	0.9989064	0.06408986
78000	-301.6581	-296.1345	-5.523626	0.6677053	0.1249189
78200	-304.1057	-292.0539	-12.05188	1.031788	0.4158744
78400	-298.8787	-292.2841	-6.594622	0.8172827	0.08567793
78600	-302.6106	-293.5844	-9.026149	0.8704449	0.2830822
78800	-299.0182	-291.2215	-7.796716	0.8729962	0.1517934
79000	-305.1181	-293.6616	-11.45648	1.344306	0.04147142
79200	-298.631	-291.5088	-7.122231	0.908548	0.04514329
79400	-297.3476	-291.3515	-5.996044	0.8399369	0.0004705877
79600	-300.8338	-292.2818	-8.552054	1.004971	0.09357163
79800	-303.4466	-293.9558	-9.49079	0.890035	0.298857
80000	-298.8009	-291.3416	-7.459364	0.9707745	0.01629245
80200	-299.7259	-294.9094	-4.816491	0.6443008	0.07861152
80400	-297.8111	-290.7669	-7.04418	0.9201659	0.02571826
80600	-305.8468	-294.5647	-11.28216	1.344594	0.02421847
80800	-302.0271	-293.1875	-8.839582	1.109942	0.01463319
81000	-298.0069	-291.9414	-6.0655	0.7873232	0.06127867
81200	-300.9139	-294.3352	-6.578702	0.8510271	0.04731999
81400	-300.9521	-293.2196	-7.732441	0.9387932	0.07502404
81600	-299.0995	-294.533	-4.56651	0.6531422	0.0446052
81800	-299.2038	-291.4609	-7.742936	0.936396	0.08178001
82000	-298.9213	-290.8184	-8.102884	0.9104394	0.1436105
82200	-299.3732	-290.5415	-8.831669	0.9913077	0.1359353
82400	-298.294	-293.1083	-5.185654	0.7302284	0.02974839
82600	-298.8576	-294.5634	-4.294234	0.6493506	0.02093726
82800	-300.6889	-294.2061	-6.482823	0.7713551	0.1219917
83000	-303.865	-294.2447	-9.620291	1.069532	0.1302867
83200	-302.9845	-296.6102	-6.374294	0.8407652	0.03589599
83400	-301.2877	-291.2159	-10.07174	1.122028	0.1282669
83600	-299.4671	-291.9391	-7.527992	0.9828157	0.01092076
83800	-298.7247	-291.2398	-7.484814	0.8827844	0.1087161
84000	-299.0794	-291.6998	-7.379642	0.8942679	0.08772574
84200	-298.2315	-292.445	-5.786479	0.810369	0.009123139
84400	-301.0578	-290.5165	-10.54126	1.268621	0.02730318
84600	-299.5739	-292.8406	-6.733327	0.8900185	0.02406222
84800	-301.7349	-295.284	-6.450941	0.6973649	0.186209
85000	-299.571	-293.7125	-5.858499	0.8210281	0.005688344
85200	-299.3419	-290.3666	-8.975316	1.11272	0.02648204
85400	-298.3787	-292.0094	-6.369299	0.8288385	0.04963955
85600	-302.0741	-293.8639	-8.210183	0.9357359	0.1246569
85800	-297.8217	-291.6224	-6.199352	0.8134287	0.04838671
86000	-301.971	-291.623	-10.34795	1.217615	0.05936584
86200	-304.2829	-296.9701	-7.312803	0.8128635	0.1555531
86400	-301.9093	-295.0939	-6.815447	0.7966515	0.123842
86600	-300.6752	-292.3369	-8.338267	1.041887	0.03430623
86800	-301.0565	-290.9168	-10.13964	1.020753	0.2408694
87000	-298.911	-290.5259	-8.385068	1.053549	0.02678182
87200	-301.7153	-293.9878	-7.727483	0.9228819	0.09475034
87400	-299.4865	-291.1321	-8.354445	1.006164	0.07328618
87600	-302.6877	-296.2083	-6.479374	0.6171567	0.2693266
87800	-300.3534	-295.8593	-4.494065	0.6412281	0.04882232
88000	-298.8003	-293.5085	-5.291832	0.7568198	0.01307377
88200	-298.5682	-290.9998	-7.568356	0.8728683	0.1279048
88400	-300.266	-291.2072	-9.058836	1.110656	0.03696489
88600	-299.8817	-294.5814	-5.300237	0.6807503	0.08908416
88800	-299.4131	-293.58	-5.833071	0.7227643	0.1034665
89000	-301.4986	-291.9376	-9.56097	0.8798035	0.3183912
89200	-301.178	-294.2678	-6.910262	0.9246788	0.00699952
89400	-302.2099	-297.2177	-4.992224	0.6217208	0.1166154
89600	-300.1424	-291.2286	-8.913746	0.9295614	0.2060878
89800	-298.6539	-292.9292	-5.724695	0.735548	0.07797939
90000	-301.381	-294.1394	-7.241514	0.9415131	0.02422678
90200	-298.3064	-292.1301	-6.176272	0.85483	0.00361646
90400	-298.7029	-293.5601	-5.142835	0.7140333	0.04109758
90600	-298.9824	-294.5046	-4.477804	0.6514954	0.03729465
90800	-301.4578	-292.1699	-9.287892	1.135189	0.03572894
91000	-298.3553	-292.4481	-5.907188	0.7683398	0.06464163
91200	-299.4299	-294.8274	-4.602518	0.6717186	0.02986591
91400	-300.5347	-294.062	-6.472778	0.8161035	0.07244501
91600	-299.2558	-292.1062	-7.149618	0.9454763	0.0103273
91800	-298.7826	-291.6916	-7.091018	0.9015549	0.04878203
92000	-298.8803	-289.9867	-8.893595	1.075034	0.05707416
92200	-300.1401	-290.6039	-9.53623	1.162433	0.03284574
92400	-300.5261	-291.3463	-9.179874	1.097595	0.06316739
92600	-300.5836	-292.3755	-8.208091	0.9987442	0.064294
92800	-300.935	-295.7151	-5.219947	0.6234592	0.1383502
93000	-300.3531	-293.5388	-6.814307	0.8500591	0.07142329
93200	-299.472	-291.9187	-7.553323	0.8732123	0.1259685
93400	-298.8589	-290.3899	-8.468943	0.9960585	0.09487976
93600	-301.7895	-294.1449	-7.64457	0.9437411	0.06060738
93800	-303.049	-295.2941	-7.754926	0.9688544	0.04948178
94000	-299.5271	-292.8562	-6.670865	0.8150543	0.09267554
94200	-298.6902	-293.7021	-4.988159	0.7065239	0.03296991
94400	-299.764	-290.048	-9.716021	1.068015	0.1502309
94600	-298.4975	-290.4698	-8.027712	1.02267	0.0214185
94800	-303.9537	-295.0406	-8.913114	0.9269542	0.2020328
95000	-298.9167	-293.8103	-5.106371	0.722379	0.02894592
95200	-298.288	-291.9817	-6.306249	0.8375349	0.03414003
95400	-303.2369	-294.0871	-9.149809	1.013044	0.1400567
95600	-302.9277	-298.6147	-4.313078	0.5938909	0.07884119
95800	-298.5439	-290.9255	-7.618408	0.8843832	0.1213013
96000	-300.5629	-292.1552	-8.407697	1.036779	0.04513252
96200	-300.568	-291.3494	-9.2186	1.031599	0.1344782
96400	-298.8565	-291.669	-7.187493	0.9509335	0.008701701
96600	-298.2192	-291.4625	-6.756698	0.854491	0.06292595
96800	-300.3443	-293.1094	-7.234922	0.7554372	0.2097338
97000	-299.7417	-294.9073	-4.834449	0.6780082	0.0459581
97200	-299.8793	-293.4302	-6.449116	0.7034192	0.18268
97400	-298.8739	-293.3209	-5.552979	0.7087955	0.08755566
97600	-299.8312	-294.8033	-5.027901	0.7324671	0.01101641
97800	-298.3152	-291.7017	-6.613432	0.892329	0.009911866
98000	-301.1869	-291.0264	-10.16042	1.192447	0.06588611
98200	-300.2671	-291.4083	-8.858796	0.8949599	0.2398899
98400	-297.871	-291.3768	-6.49425	0.8424013	0.04862338
98600	-297.7694	-291.6068	-6.162528	0.8400456	0.01747605
98800	-301.6803	-292.1754	-9.50489	1.020334	0.1733919
99000	-300.7557	-292.2554	-8.500392	1.089122	0.001751702
99200	-302.3206	-293.3811	-8.939558	1.078036	0.05605225
99400	-299.3808	-294.2619	-5.118855	0.7151135	0.03796291
99600	-299.6036	-291.0436	-8.560008	0.9271557	0.1757763
99800	-299.6067	-293.8854	-5.721271	0.7814618	0.03130444
100000	-299.4017	-293.5079	-5.893878	0.785886	0.04396019
100200	-298.8152	-292.2151	-6.600142	0.8538434	0.04754421
100400	-300.0741	-291.7063	-8.36773	0.9641889	0.1144965
100600	-298.7891	-291.9244	-6.864751	0.8834224	0.04510287
100800	-300.1516	-293.1462	-7.005468	0.840268	0.1035218
101000	-299.0332	-293.9588	-5.074419	0.7434638	0.004791414
101200	-297.7742	-290.6776	-7.096612	0.9339639	0.01697965
101400	-303.1978	-293.4422	-9.755528	0.9838756	0.2290564
101600	-301.1151	-294.1693	-6.94583	0.8947366	0.04068862
101800	-298.4289	-291.5804	-6.848463	0.8820707	0.04420732
102000	-298.2835	-292.5095	-5.773962	0.7503048	0.06868771
102200	-300.9784	-290.9642	-10.01417	1.103676	0.1430552
102400	-300.954	-289.9115	-11.04248	1.1	0.2539048
102600	-301.8237	-293.333	-8.490657	0.7808229	0.3064067
102800	-302.1554	-295.172	-6.983382	0.6238406	0.3155767
103000	-300.3319	-294.762	-5.569852	0.6543579	0.1444238
103200	-299.025	-292.4245	-6.60043	0.861129	0.0398744
103400	-301.8921	-293.1453	-8.746799	0.7202039	0.4016284
103600	-299.3495	-293.6355	-5.714032	0.7304031	0.08247109
103800	-299.5434	-294.7869	-4.756488	0.6783449	0.03771627
104000	-300.1106	-294.7055	-5.405123	0.6380755	0.1436747
104200	-301.0614	-291.9689	-9.092548	0.8798509	0.2719813
104400	-299.6273	-293.4514	-6.175937	0.7038317	0.1550673
104600	-300.6736	-295.9829	-4.690743	0.6920785	0.01769437
104800	-299.5083	-293.7096	-5.798716	0.720819	0.1020995
105000	-298.6795	-292.1372	-6.542324	0.8694845	0.02585118
105200	-300.8376	-294.2682	-6.569471	0.808062	0.08839716
105400	-298.6905	-290.8545	-7.836061	1.017321	0.0072305
105600	-300.3405	-295.315	-5.025493	0.6958448	0.04800817
105800	-297.73	-291.4901	-6.239905	0.8259089	0.0397853
106000	-299.6712	-290.3817	-9.289509	1.004963	0.1690228
106200	-299.7847	-294.4419	-5.342816	0.7124094	0.0618295
106400	-300.971	-293.6099	-7.361108	0.7502486	0.2271916
106600	-301.3145	-294.5562	-6.758299	0.8826777	0.03441657
106800	-297.8057	-292.0252	-5.780547	0.8104587	0.008613823
107000	-299.3337	-292.9167	-6.416976	0.7278642	0.1571267
107200	-300.5883	-296.0998	-4.488517	0.6811498	0.008270072
107400	-299.7563	-293.6186	-6.137703	0.7011648	0.1543679
107600	-301.2324	-293.5588	-7.673545	0.6898287	0.3193415
107800	-297.8177	-292.2134	-5.604247	0.7925501	0.008735337
108000	-301.0082	-290.071	-10.93711	1.137697	0.202998
108200	-302.6877	-294.2504	-8.437286	1.056716	0.02806846
108400	-299.6979	-291.8416	-7.8563	0.9118275	0.1153307
108600	-298.6862	-291.2388	-7.447377	0.9360008	0.05025179
108800	-300.8716	-295.6682	-5.203408	0.6869866	0.07243658
109000	-301.582	-297.3655	-4.216463	0.57736	0.08336692
109200	-299.3549	-292.189	-7.165973	0.781018	0.1795698
109400	-298.3992	-290.4047	-7.994525	0.9581821	0.08444527
109600	-301.0093	-296.6468	-4.362467	0.6679084	0.009009322
109800	-299.0599	-293.0012	-6.058687	0.7651818	0.08209735
110000	-304.9489	-298.2519	-6.697004	0.7434879	0.168005
110200	-299.0177	-295.0879	-3.929818	0.630752	0.003055903
110400	-299.0649	-290.8848	-8.180054	0.9617498	0.09885519
110600	-302.8206	-299.4134	-3.407188	0.5729685	0.00841647
110800	-298.1484	-291.8757	-6.272634	0.8422316	0.02659572
111000	-298.7329	-290.2077	-8.525196	1.016594	0.07898023
111200	-298.943	-292.7265	-6.216512	0.8404978	0.02276537
111400	-299.419	-293.3116	-6.107417	0.7232936	0.1284635
111600	-298.4232	-292.9487	-5.474426	0.7300059	0.05872102
111800	-304.1629	-296.7908	-7.372082	0.6290122	0.3478515
112000	-299.9306	-295.3548	-4.575871	0.6725922	0.02553264
112200	-300.0801	-294.4598	-5.620313	0.6691475	0.1330715
112400	-298.5265	-292.2002	-6.326326	0.7965277	0.07894998
112600	-298.9479	-291.5601	-7.387842	0.866372	0.1154205
112800	-301.4919	-296.076	-5.415932	0.7069984	0.0737732
113000	-301.0406	-291.1427	-9.897969	1.11342	0.1194114
113200	-302.2955	-295.3289	-6.966628	0.847167	0.08845402
113400	-299.5023	-292.7467	-6.755585	0.8955348	0.02085667
113600	-307.1697	-296.3435	-10.82616	0.8202858	0.4875253
113800	-299.5897	-295.0442	-4.545481	0.6412211	0.05368694
114000	-298.2292	-292.5406	-5.68865	0.78515	0.02459037
114200	-297.4208	-290.9564	-6.464401	0.8836998	0.003629402
114400	-298.852	-292.7903	-6.061723	0.812648	0.03524316
114600	-298.8399	-290.0505	-8.789412	1.104802	0.01558197
114800	-297.3874	-291.6816	-5.705791	0.8092736	0.002145962
115000	-301.1593	-295.4194	-5.739873	0.7804412	0.03440671
115200	-297.7704	-291.0805	-6.689868	0.8936569	0.01647093
115400	-299.0298	-291.1045	-7.925366	0.9192465	0.1172343
115600	-304.7957	-293.8906	-10.90514	1.3262	0.005015178
115800	-298.5389	-291.0047	-7.534183	0.9007481	0.09601493
116000	-300.0345	-294.1539	-5.880589	0.6882176	0.1415879
116200	-298.3992	-293.8736	-4.525591	0.6772493	0.01615245
116400	-299.8459	-290.5041	-9.341808	0.9961479	0.1848618
116600	-302.7656	-291.7542	-11.01134	1.090283	0.2554155
116800	-300.8773	-292.353	-8.524264	1.054416	0.03898764
117000	-300.1363	-295.1962	-4.940126	0.6214542	0.1133839
117200	-298.8966	-293.5568	-5.339771	0.7311486	0.04365816
117400	-302.2526	-289.6467	-12.60589	1.419684	0.08594722
117600	-300.8817	-292.4291	-8.452557	1.010411	0.07769361
117800	-301.0072	-292.1773	-8.829936	0.875363	0.2571548
118000	-299.4974	-292.8751	-6.622284	0.860211	0.04327933
118200	-302.0344	-294.1907	-7.843729	0.9865992	0.03766587
118400	-301.8285	-293.6253	-8.203122	0.7032494	0.3640669
118600	-299.0545	-293.0256	-6.028929	0.7399821	0.1053975
118800	-299.5569	-290.6945	-8.862408	0.9121879	0.2206766
119000	-300.676	-294.0689	-6.607094	0.8734608	0.02811816
119200	-302.1898	-296.3528	-5.836933	0.6536967	0.1675479
119400	-300.2079	-289.9985	-10.2094	1.052577	0.2160755
119600	-298.5203	-290.2831	-8.237193	1.051236	0.01375208
119800	-302.6228	-297.6187	-5.004108	0.6890079	0.05239865
120000	-299.9355	-291.8824	-8.053139	0.8762495	0.1713131
120200	-300.8806	-295.7947	-5.085939	0.7258892	0.02431029
120400	-297.8528	-292.3311	-5.521772	0.7875216	0.005576289
120600	-301.2991	-294.5902	-6.708868	0.8440146	0.06954385
120800	-301.4315	-293.3896	-8.041877	0.9938053	0.05054343
121000	-302.2239	-293.2384	-8.985522	0.7878056	0.3504529
121200	-303.6667	-295.9293	-7.737403	0.8040384	0.2091616
121400	-299.3035	-290.9741	-8.32937	0.9616155	0.1142916
121600	-300.0229	-295.7451	-4.277841	0.6400134	0.02868317
121800	-303.0169	-297.4181	-5.598792	0.6941239	0.1044311
122000	-299.0375	-293.1174	-5.920063	0.8053538	0.02730831
122200	-297.9765	-290.3823	-7.59421	0.9942341	0.006167063
122400	-300.3086	-294.6212	-5.687348	0.7999525	0.009434158
122600	-304.2578	-293.7094	-10.54845	1.195119	0.1040053
122800	-299.7366	-293.2387	-6.497863	0.8210832	0.06945259
123000	-300.0667	-291.673	-8.393699	0.938653	0.1455119
123200	-299.1014	-290.1991	-8.902236	1.083838	0.04895604
123400	-299.5074	-292.886	-6.621353	0.7434688	0.1600895
123600	-299.344	-293.1706	-6.173431	0.7500349	0.1084786
123800	-299.1439	-292.4357	-6.708212	0.8145137	0.09729192
124000	-297.5523	-290.6585	-6.893729	0.9298673	0.0003083048
124200	-300.4717	-291.5923	-8.879348	0.9115374	0.2238275
124400	-297.7504	-292.1959	-5.554502	0.7726272	0.02402878
124600	-298.721	-291.569	-7.152054	0.8184216	0.1400485
124800	-302.8185	-295.4744	-7.3441	0.8253129	0.145386
125000	-299.1151	-291.2747	-7.840422	0.8432643	0.1854025
125200	-300.6899	-293.0047	-7.685204	0.8776245	0.1372361
125400	-303.5003	-294.7563	-8.744068	1.014651	0.09903755
125600	-301.6977	-292.4273	-9.270385	0.7798985	0.3961095
125800	-300.3658	-293.5242	-6.841671	0.9115471	0.01403231
126000	-302.1014	-291.3105	-10.79091	0.8617302	0.47029
126200	-297.9817	-291.7317	-6.24999	0.8359309	0.03054994
126400	-300.6379	-293.6915	-6.946359	0.8077326	0.1261687
126600	-300.4991	-293.0344	-7.464714	0.7665464	0.220009
126800	-298.7852	-293.5634	-5.221794	0.7027204	0.06118004
127000	-300.3368	-291.6473	-8.689581	0.8071557	0.3077159
127200	-301.1722	-296.9723	-4.199925	0.6471609	0.0134681
127400	-299.0304	-291.0945	-7.935921	1.002153	0.03279251
127600	-299.554	-292.2643	-7.289661	0.9252765	0.04532386
127800	-301.1537	-291.353	-9.800719	1.006404	0.2182031
128000	-298.4144	-291.9343	-6.4801	0.8466528	0.04247868
128200	-299.1408	-293.7394	-5.401397	0.6949763	0.08588926
128400	-299.5796	-294.2228	-5.356834	0.6971714	0.08108595
128600	-299.6407	-292.8792	-6.761543	0.8105957	0.1060085
128800	-300.0055	-291.2659	-8.739574	0.9153625	0.2036853
129000	-302.1515	-297.5346	-4.61692	0.6539166	0.04688737
129200	-301.8044	-294.9539	-6.850466	0.7493474	0.1822373
129400	-298.279	-292.9083	-5.37068	0.72829	0.05029336
129600	-300.9729	-293.3372	-7.63572	0.7113398	0.2972858
129800	-298.6347	-290.7912	-7.843568	0.927121	0.1013451
130000	-299.772	-290.4006	-9.371462	1.127441	0.05293603
130200	-302.353	-290.5831	-11.76991	1.053144	0.3727343
130400	-300.7468	-293.5062	-7.240531	0.7342665	0.2301777
130600	-298.6887	-292.8716	-5.817088	0.8062436	0.0163786
130800	-303.347	-295.2583	-8.088736	0.916647	0.1371396
131000	-298.5453	-290.7749	-7.770384	0.9918047	0.02704568
131200	-298.4611	-293.6753	-4.785843	0.7048259	0.01452724
131400	-302.7336	-294.4364	-8.297166	0.758534	0.3138814
131600	-299.0308	-292.5494	-6.481372	0.833344	0.05572504
131800	-301.5138	-295.4109	-6.102909	0.8198289	0.03021764
132000	-298.9002	-291.4838	-7.416383	0.9419814	0.04126365
132200	-302.7199	-299.0381	-3.681792	0.5283317	0.07904909
132400	-301.4016	-295.2202	-6.181391	0.8507804	0.008278824
132600	-301.9088	-297.6417	-4.267181	0.6123922	0.05354831
132800	-298.8595	-290.9277	-7.931845	0.9218584	0.1141497
133000	-301.296	-296.9415	-4.354504	0.571596	0.1037738
133200	-298.7376	-290.2822	-8.455448	1.056835	0.03047065
133400	-302.3907	-296.13	-6.260692	0.7598245	0.1060613
133600	-300.4116	-292.6493	-7.762318	0.7853	0.2339913
133800	-298.206	-291.0066	-7.199448	0.9522917	0.008655359
134000	-300.0375	-290.5136	-9.523892	1.054049	0.1425872
134200	-299.9306	-292.2131	-7.71749	0.8561975	0.1568631
134400	-301.0933	-294.6776	-6.415709	0.7069664	0.1743104
134600	-299.9455	-291.3768	-8.568704	1.021961	0.07731575
134800	-297.5868	-292.4208	-5.166049	0.7551941	0.002244596
135000	-298.0815	-290.9201	-7.161406	0.9553076	0.001689475
135200	-300.6177	-293.4007	-7.217009	0.8685835	0.09459687
135400	-302.9612	-290.923	-12.03827	1.004441	0.446754
135600	-300.141	-291.3316	-8.809391	1.065902	0.05758564
135800	-298.0375	-290.7097	-7.327785	0.9373357	0.03723628
136000	-300.1391	-292.5265	-7.61262	0.8377805	0.1692341
136200	-299.4681	-289.7198	-9.748232	1.209403	0.006470952
136400	-301.9009	-294.3621	-7.538737	0.7812313	0.2175488
136600	-298.4087	-290.3065	-8.102159	1.036946	0.0145949
136800	-300.776	-292.0122	-8.76384	1.059538	0.05978343
137000	-300.0994	-290.9845	-9.114898	1.031669	0.1261538
137200	-299.5106	-293.5427	-5.967949	0.8140821	0.02343653
137400	-298.9751	-290.9926	-7.982512	0.8844253	0.1581274
137600	-299.4319	-292.3477	-7.084251	0.7664457	0.1866084
137800	-298.4679	-292.3772	-6.090762	0.8391546	0.01079396
138000	-300.166	-292.8042	-7.361799	0.9706234	0.006385631
138200	-298.7888	-291.5305	-7.25826	0.8671379	0.1018587
138400	-300.1807	-292.9988	-7.181887	0.8320047	0.128355
138600	-302.1639	-293.0197	-9.1442	0.8887994	0.2643219
138800	-300.6137	-292.1783	-8.435438	0.825859	0.2621092
139000	-300.848	-296.6632	-4.184824	0.5779012	0.08097313
139200	-298.2297	-292.092	-6.137653	0.8289002	0.02639637
139400	-299.932	-294.5683	-5.363705	0.7153012	0.06095401
139600	-297.3996	-291.5087	-5.89089	0.8236399	0.006363706
139800	-299.2672	-292.188	-7.079208	0.817867	0.1341998
140000	-300.0623	-293.3887	-6.673574	0.8208049	0.09015138
140200	-299.311	-292.857	-6.453924	0.8617807	0.02468951
140400	-298.7216	-293.4095	-5.31213	0.7058125	0.06646249
140600	-299.064	-292.1654	-6.898602	0.809572	0.1218077
140800	-303.6398	-292.0468	-11.593	1.120403	0.2930935
141000	-300.8225	-294.1447	-6.6778	0.8473583	0.06053551
141200	-298.5971	-292.559	-6.038106	0.7498024	0.09555774
141400	-299.5212	-294.1387	-5.382481	0.7762079	0.002794109
141600	-299.6859	-291.109	-8.576931	0.9375135	0.1671775
141800	-297.5487	-291.356	-6.19279	0.8595567	0.0005298727
142000	-300.2877	-294.5281	-5.759609	0.7259014	0.09325893
142200	-298.0814	-293.3728	-4.708609	0.7028696	0.008816059
142400	-301.9019	-291.5022	-10.39974	1.185053	0.09935604
142600	-298.1366	-292.1175	-6.01919	0.8410206	0.001720955
142800	-300.6759	-290.1903	-10.48558	1.076559	0.2217915
143000	-302.3858	-298.5655	-3.820342	0.5757363	0.04570295
143200	-304.8234	-289.6093	-15.21412	1.477825	0.2998947
143400	-298.7956	-292.7628	-6.032713	0.8124527	0.03171607
143600	-299.956	-295.9604	-3.995618	0.6221664	0.01791408
143800	-299.8064	-293.2515	-6.554915	0.7652029	0.1303948
144000	-300.2179	-289.9926	-10.22536	1.202967	0.06280527
144200	-299.6072	-294.0838	-5.523401	0.7659029	0.02689647
144400	-300.1186	-295.7315	-4.387039	0.6548904	0.02429443
144600	-298.4725	-292.546	-5.92652	0.8118147	0.02195418
144800	-298.3654	-290.958	-7.407418	0.9708887	0.01107694
145000	-301.2403	-292.1861	-9.054247	0.9940376	0.1579257
145200	-300.061	-290.6448	-9.416215	1.160749	0.02223982
145400	-301.3556	-293.2462	-8.109448	0.9274567	0.1229559
145600	-299.7166	-292.9295	-6.78704	0.8535181	0.06791403
145800	-308.651	-290.4927	-18.15825	1.639436	0.4389948
146000	-302.0883	-292.7293	-9.35902	0.9034609	0.2724357
146200	-297.8567	-291.4193	-6.437357	0.8676798	0.01707615
146400	-297.7835	-290.9024	-6.881049	0.8968989	0.0329965
146600	-303.0288	-295.4315	-7.597332	0.957877	0.041209
146800	-301.2244	-292.1398	-9.084624	0.921271	0.2337087
147000	-300.2242	-292.4425	-7.781712	0.9036024	0.1173156
147200	-298.2072	-292.5399	-5.667306	0.7540613	0.05454579
147400	-300.0845	-290.4219	-9.662604	1.041786	0.1717794
147600	-299.5423	-293.8904	-5.65197	0.7784311	0.02848685
147800	-298.1698	-290.8991	-7.270655	0.9254512	0.0439139
148000	-301.7015	-291.0678	-10.63371	1.055455	0.2593007
148200	-298.1089	-291.9283	-6.180625	0.8446823	0.01456464
148400	-301.0864	-291.734	-9.352446	1.040189	0.1410328
148600	-299.4862	-294.384	-5.102203	0.6894417	0.06286916
148800	-300.1093	-293.7937	-6.315547	0.7701271	0.1010757
149000	-300.2373	-293.6804	-6.556881	0.8423153	0.05548184
149200	-299.8817	-291.2475	-8.634221	0.9475511	0.1592279
149400	-299.2965	-292.2362	-7.060326	0.8193009	0.129473
149600	-300.9817	-293.15	-7.831699	0.9290917	0.09509522
149800	-305.0813	-295.5673	-9.513977	0.8475638	0.3414232
150000	-301.4348	-292.9627	-8.472068	0.7872308	0.3095516
150200	-300.8228	-291.1269	-9.695955	0.861161	0.3554624
150400	-298.8468	-291.4235	-7.423318	0.8552825	0.1308462
150600	-299.147	-293.039	-6.107952	0.7929462	0.05843354
150800	-301.3983	-294.9903	-6.407973	0.8627484	0.01951227
151000	-298.4903	-290.5568	-7.933568	0.94876	0.08812071
151200	-301.6538	-293.5556	-8.09823	0.8765013	0.1726766
151400	-299.2583	-293.2566	-6.00173	0.7670063	0.07426169
151600	-300.111	-294.0564	-6.054624	0.6958801	0.1521495
151800	-303.4782	-292.3977	-11.08046	1.278918	0.0703102
152000	-301.6282	-290.9938	-10.63439	0.8998838	0.4124816
152200	-300.4351	-292.9932	-7.441956	0.9819949	0.00297417
152400	-299.2684	-290.312	-8.956388	1.119657	0.01751898
152600	-301.1409	-290.1194	-11.0215	1.294023	0.0515842
152800	-299.9708	-291.4381	-8.532711	0.9390351	0.1567367
153000	-299.6403	-292.6523	-6.987966	0.8500016	0.08978488
153200	-304.1737	-295.6085	-8.565154	0.8242416	0.2658416
153400	-301.5957	-293.7895	-7.806217	0.8417935	0.1798176
153600	-300.7135	-294.9221	-5.791463	0.6541719	0.1652724
153800	-301.9877	-298.6348	-3.352894	0.5712475	0.004782883
154000	-300.2787	-293.028	-7.250711	0.7632437	0.2038289
154200	-301.0978	-292.5962	-8.501619	0.7910181	0.3013051
154400	-303.8057	-295.8226	-7.983111	0.9767936	0.06597446
154600	-298.1287	-292.748	-5.380747	0.7667569	0.01238237
154800	-299.0015	-293.8734	-5.128074	0.7398602	0.01365719
155000	-300.4218	-295.7483	-4.673597	0.6298201	0.07797502
155200	-298.1283	-291.4278	-6.700442	0.8594897	0.05279231
155400	-298.0665	-291.228	-6.8385	0.8837473	0.04153163
155600	-298.3538	-290.2416	-8.112254	1.047021	0.005211525
155800	-298.7979	-294.4243	-4.373525	0.6743352	0.003786867
156000	-301.6954	-292.4193	-9.276103	0.9902597	0.1815404
156200	-299.3342	-294.7121	-4.622096	0.7015937	0.001389795
156400	-299.9885	-293.0774	-6.911036	0.8804694	0.05341204
156600	-297.9246	-292.4584	-5.466197	0.7807089	0.006883027
156800	-297.9602	-291.281	-6.679182	0.8772883	0.03193851
157000	-300.9601	-291.8242	-9.135864	0.9960311	0.1629433
157200	-298.7143	-292.3204	-6.393899	0.8687259	0.01148695
157400	-298.2786	-293.0187	-5.259876	0.735826	0.03147027
157600	-299.667	-290.4474	-9.219666	1.085011	0.08075492
157800	-300.6078	-293.468	-7.13981	0.9086739	0.04722785
158000	-301.5228	-293.916	-7.60676	0.8619632	0.1447339
158200	-298.9389	-290.8215	-8.117362	0.9992972	0.05432865
158400	-298.5016	-291.5459	-6.955701	0.9289382	0.00772386
158600	-297.9211	-290.4626	-7.458504	0.9786921	0.008159578
158800	-298.9905	-290.146	-8.844505	1.070643	0.05631663
159000	-300.0292	-292.1984	-7.830723	0.8451261	0.1844698
159200	-299.3472	-291.2631	-8.084157	0.8800326	0.1728065
159400	-301.3992	-295.3343	-6.06495	0.6439838	0.2026027
159600	-301.5605	-290.3231	-11.2374	1.187924	0.1852015
159800	-298.4717	-292.5004	-5.971352	0.7830367	0.05550541
160000	-299.9198	-294.4283	-5.491567	0.723193	0.06587843
160200	-297.8714	-291.9902	-5.881214	0.8135267	0.01552461
160400	-301.9482	-291.3937	-10.55444	1.289748	0.006862202
160600	-299.0308	-292.885	-6.14586	0.8110964	0.04520094
160800	-300.1883	-294.3421	-5.846227	0.6692589	0.1552155
161000	-299.4011	-292.8757	-6.525415	0.8883412	0.005141235
161200	-298.1012	-290.3608	-7.740372	0.9938687	0.02153036
161400	-302.9309	-293.1729	-9.758028	0.8513223	0.3734429
161600	-300.0973	-293.607	-6.490304	0.7417769	0.1471421
161800	-300.3838	-292.955	-7.428812	0.7609366	0.2269657
162000	-302.044	-294.8306	-7.213341	0.8384222	0.1199616
162200	-302.091	-291.9151	-10.17591	0.9241946	0.3389492
162400	-300.9548	-291.9154	-9.039406	0.843363	0.3063735
162600	-300.6421	-294.222	-6.420178	0.7191513	0.1616238
162800	-301.1023	-291.7365	-9.365799	1.034679	0.1445059
163000	-299.4668	-293.0906	-6.376171	0.7162631	0.1643632
163200	-300.894	-289.9272	-10.96685	1.097119	0.2485281
163400	-299.4968	-291.5703	-7.926439	0.9580441	0.07822764
163600	-299.0494	-293.5199	-5.529561	0.7757017	0.01796716
163800	-302.2584	-295.1389	-7.119485	0.6282476	0.3241071
164000	-298.1624	-290.4859	-7.676477	0.9808536	0.02856383
164200	-297.7566	-291.3986	-6.358002	0.8388231	0.03877471
164400	-300.0592	-293.7991	-6.26004	0.7813868	0.0854653
164600	-297.7068	-290.593	-7.113786	0.9373886	0.01515336
164800	-300.2465	-295.0686	-5.177909	0.6427398	0.114657
165000	-298.8955	-290.7368	-8.158763	0.941463	0.1175923
165200	-304.3877	-291.4808	-12.90689	0.8767927	0.6594184
165400	-299.6958	-292.9114	-6.784442	0.8735052	0.04726367
165600	-298.3897	-290.232	-8.157778	1.04049	0.01657614
165800	-299.5493	-291.5285	-8.02076	0.9521456	0.09216078
166000	-299.9095	-289.989	-9.920537	1.105183	0.131935
166200	-303.631	-297.2404	-6.390563	0.87411	0.005630857
166400	-299.8295	-293.4631	-6.366453	0.8283554	0.05049221
166600	-301.0987	-292.2605	-8.838195	1.042289	0.08270259
166800	-299.5407	-293.6109	-5.929777	0.7325022	0.1027039
167000	-299.9946	-289.8197	-10.1749	1.189388	0.07220202
167200	-298.4916	-291.3496	-7.141968	0.8968455	0.05901837
167400	-301.4248	-295.1855	-6.239274	0.7729753	0.09307092
167600	-300.2949	-291.2329	-9.061971	0.9265144	0.2277259
167800	-299.8037	-293.4793	-6.324448	0.7906285	0.08556985
168000	-299.1694	-294.6108	-4.558666	0.6848782	0.01169762
168200	-299.0171	-292.1048	-6.912316	0.8210854	0.1115968
168400	-303.3593	-297.5336	-5.825714	0.7269311	0.09592162
168600	-302.1492	-297.0388	-5.110355	0.6997659	0.05050108
168800	-300.4469	-295.1556	-5.291317	0.7186724	0.05019357
169000	-298.4994	-291.8219	-6.677494	0.8714876	0.03812942
169200	-298.6366	-293.9541	-4.682509	0.7076196	0.001416605
169400	-299.5367	-294.9208	-4.615925	0.6649018	0.03706852
169600	-300.1162	-293.8411	-6.275157	0.7596488	0.1087851
169800	-297.872	-291.5004	-6.371548	0.8630503	0.01521081
170000	-298.6523	-290.7123	-7.940073	0.9277464	0.1096386
170200	-299.1168	-293.2505	-5.866317	0.7368382	0.0906826
170400	-299.2846	-293.151	-6.133638	0.8310454	0.02301376
170600	-298.5534	-291.8962	-6.65721	0.8747542	0.03212454
170800	-299.8265	-291.8931	-7.933413	0.9523649	0.08311769
171000	-305.5035	-295.1763	-10.32721	0.8741987	0.3970513
171200	-302.6066	-295.9306	-6.676057	0.8800527	0.02841482
171400	-299.3393	-292.4682	-6.871116	0.9179824	0.0099279
171600	-301.5003	-293.2126	-8.28769	0.8860959	0.1900201
171800	-300.4246	-290.0652	-10.35944	1.242461	0.03562775
172000	-301.9995	-290.6739	-11.32568	1.02853	0.3515832
172200	-300.7385	-291.1785	-9.560007	0.9872664	0.2127281
172400	-299.1235	-290.6201	-8.503396	1.005183	0.08786918
172600	-298.969	-291.6624	-7.306594	0.8969632	0.07721376
172800	-299.2269	-293.5483	-5.678639	0.7779996	0.03045197
173000	-299.6651	-292.4404	-7.224741	0.9590623	0.004215456
173200	-299.4768	-293.284	-6.192807	0.7373242	0.1236049
173400	-298.351	-292.3054	-6.045681	0.8450898	0.0002828791
173600	-298.7074	-290.4589	-8.248518	0.9637913	0.1044533
173800	-301.0403	-296.6375	-4.402795	0.6748102	0.006097354
174000	-299.5384	-290.2913	-9.247105	1.118002	0.04976118
174200	-298.4173	-292.1635	-6.25388	0.7883584	0.0784816
174400	-300.1137	-295.3112	-4.802503	0.6302074	0.09072676
174600	-300.4792	-294.0976	-6.381574	0.7387256	0.1387119
174800	-298.1761	-290.8371	-7.339011	0.9264012	0.04988987
175000	-298.6465	-293.6303	-5.016233	0.683983	0.05898795
175200	-299.3891	-290.984	-8.405169	0.8933229	0.1936122
175400	-301.2195	-290.8955	-10.32405	1.033705	0.2476416
175600	-301.9191	-297.2726	-4.646568	0.6918188	0.01374572
175800	-304.1744	-295.7438	-8.430607	1.022753	0.06019171
176000	-299.3261	-291.0011	-8.325006	1.056738	0.01689599
176200	-302.638	-298.2768	-4.361204	0.5889836	0.08700331
176400	-298.6711	-290.502	-8.169132	0.9829836	0.07675622
176600	-298.2118	-291.2891	-6.922721	0.8482572	0.08686295
176800	-299.9138	-295.9615	-3.952257	0.6264447	0.009444098
177000	-302.6239	-297.5535	-5.070374	0.7122516	0.03417587
177200	-300.4627	-290.6117	-9.851017	1.19536	0.03173297
177400	-302.6422	-295.4761	-7.166154	0.7782116	0.1746509
177600	-298.2676	-291.6391	-6.628535	0.8352147	0.0695778
177800	-299.0554	-294.2776	-4.777832	0.667122	0.05207345
178000	-303.9912	-292.7218	-11.26932	0.9654716	0.403103
178200	-300.1052	-293.2925	-6.812678	0.8046398	0.1213561
178400	-307.9667	-298.6386	-9.328162	0.6967546	0.4721383
178600	-297.9385	-292.2188	-5.719686	0.7802026	0.0333645
178800	-303.5379	-293.2207	-10.31728	1.18077	0.09158568
179000	-304.7609	-300.9429	-3.817979	0.608231	0.01365881
179200	-299.782	-292.9576	-6.824348	0.9085307	0.01464823
179400	-299.9772	-293.7779	-6.199303	0.8102185	0.04997459
179600	-298.1512	-290.7648	-7.386356	0.9381161	0.04220529
179800	-298.3545	-292.0838	-6.270797	0.8672798	0.0006020696
180000	-305.049	-295.0992	-9.94984	1.070478	0.1668664
180200	-299.4206	-294.0594	-5.361207	0.6679715	0.10908
180400	-300.1014	-292.0291	-8.072342	0.8968643	0.1569136
180600	-299.4612	-292.7719	-6.689307	0.7624915	0.1475014
180800	-303.1788	-291.7857	-11.39307	0.8221879	0.5680854
181000	-298.2181	-291.0501	-7.168044	0.9098273	0.04883376
181200	-301.6852	-296.7763	-4.908871	0.7012035	0.03013441
181400	-299.5096	-293.5249	-5.984754	0.7495167	0.09243585
181600	-299.7478	-291.5843	-8.163439	1.044201	0.01349344
181800	-298.6745	-292.5261	-6.148411	0.763847	0.09393216
182000	-297.9421	-292.3063	-5.635786	0.8029023	0.001493972
182200	-298.7396	-292.6101	-6.129522	0.7598755	0.09476201
182400	-299.7294	-291.3314	-8.397957	0.9002452	0.1860512
182600	-299.8649	-292.7962	-7.068652	0.9098686	0.03853304
182800	-302.0682	-296.9872	-5.081022	0.6126329	0.1357819
183000	-298.9316	-292.6911	-6.240464	0.7343864	0.1323521
183200	-299.3049	-292.3912	-6.913702	0.8487755	0.08608377
183400	-301.3402	-292.9515	-8.388695	0.732133	0.3523573
183600	-299.154	-293.1881	-5.965834	0.7981313	0.04005791
183800	-299.5137	-291.5262	-7.987555	1.010743	0.03011822
184000	-300.0623	-295.4171	-4.645176	0.6681207	0.03655558
184200	-300.8757	-294.0849	-6.790798	0.8052838	0.1156885
184400	-298.3357	-290.4907	-7.844999	1.014137	0.01148154
184600	-300.894	-291.5397	-9.354289	0.9198559	0.258848
184800	-300.2557	-293.9629	-6.29283	0.8062941	0.06316838
185000	-300.2877	-292.2527	-8.035043	0.8408223	0.2039958
185200	-298.2069	-292.1306	-6.076305	0.8378769	0.01085118
185400	-302.6081	-296.8642	-5.743871	0.6316409	0.1878195
185600	-298.8286	-290.2463	-8.582297	1.013438	0.08878241
185800	-299.6818	-294.1507	-5.53105	0.7260541	0.06752332
186000	-301.0233	-294.8299	-6.19333	0.7242871	0.1367703
186200	-299.7738	-291.313	-8.460766	0.983486	0.1047438
186400	-299.403	-292.7818	-6.621157	0.7399162	0.1646083
186600	-303.1151	-296.9061	-6.208994	0.79314	0.0679494
186800	-299.9228	-290.7018	-9.221054	1.010533	0.1573115
187000	-298.1781	-293.2463	-4.931799	0.7216583	0.01232663
187200	-299.2429	-292.869	-6.373923	0.7412769	0.1381043
187400	-298.6806	-290.6788	-8.001843	1.013127	0.02875086
187600	-304.161	-295.3424	-8.818638	0.9506515	0.1695096
187800	-297.6088	-292.4218	-5.186944	0.7583882	0.001111383
188000	-299.2971	-292.036	-7.261143	0.7852984	0.184244
188200	-299.9259	-290.5042	-9.42172	0.9689672	0.2204352
188400	-301.9845	-295.4328	-6.551724	0.6123368	0.283125
188600	-298.6365	-291.6551	-6.981343	0.8833135	0.05728729
188800	-302.9195	-294.3924	-8.527032	1.001643	0.09115604
189000	-300.7092	-291.296	-9.413193	1.112505	0.07080226
189200	-300.5776	-293.1581	-7.419502	0.8359566	0.1460198
189400	-300.2258	-295.8268	-4.39903	0.6422967	0.03818685
189600	-301.5539	-293.1927	-8.361128	0.7756192	0.2994443
189800	-301.0073	-292.1895	-8.817809	1.027513	0.09817563
190000	-301.3784	-290.2135	-11.16493	1.06881	0.2995596
190200	-300.7383	-293.8822	-6.856062	0.7741388	0.1568036
190400	-299.4828	-290.0707	-9.412151	1.039035	0.1477772
190600	-299.1067	-290.9619	-8.144866	1.045984	0.009616559
190800	-303.0222	-298.5799	-4.44226	0.6676351	0.01686371
191000	-299.098	-293.2288	-5.869163	0.7590774	0.07057418
191200	-300.3902	-291.1056	-9.284609	0.8628642	0.3137182
191400	-298.9331	-293.2204	-5.712715	0.733611	0.0783519
191600	-300.1486	-292.0273	-8.121293	0.9611354	0.09304724
191800	-299.4376	-292.0867	-7.350953	0.9660851	0.009856056
192000	-298.8112	-291.0414	-7.769842	0.9324953	0.08790399
192200	-303.6358	-293.7457	-9.890083	1.195751	0.03533088
192400	-300.8253	-292.2477	-8.577636	0.8102276	0.2959105
192600	-300.7272	-292.9454	-7.781761	0.8115704	0.207215
192800	-299.1161	-290.1113	-9.00478	1.056421	0.08812098
193000	-300.0794	-292.4896	-7.589817	0.9236465	0.07879724
193200	-300.6179	-296.7283	-3.889636	0.617761	0.01205397
193400	-298.644	-293.3897	-5.254288	0.7419323	0.02438183
193600	-301.2241	-293.3693	-7.854811	0.7350676	0.2979644
193800	-298.3447	-290.7884	-7.556222	0.9047977	0.09368912
194000	-298.2174	-293.0852	-5.132255	0.7330328	0.02125903
194200	-297.9032	-291.7636	-6.139643	0.8532779	0.001504246
194400	-301.1221	-295.7794	-5.342676	0.7574468	0.01810127
194600	-299.0321	-293.9634	-5.068676	0.6988664	0.04885907
194800	-300.5546	-292.3941	-8.160452	1.043182	0.01434975
195000	-298.742	-291.0811	-7.660879	0.8778808	0.1326891
195200	-300.9407	-295.2468	-5.693892	0.7273926	0.08410413
195400	-299.4184	-293.0559	-6.362522	0.8661186	0.01118673
195600	-299.9844	-293.09	-6.894451	0.7587057	0.1711163
195800	-299.6664	-291.3902	-8.276256	0.8731684	0.1979302
196000	-300.6929	-293.6885	-7.004378	0.9135151	0.0272855
196200	-302.9003	-295.5217	-7.37864	0.8764133	0.09928698
196400	-305.1765	-295.4205	-9.755994	0.8118173	0.3979106
196600	-302.5325	-295.9953	-6.537206	0.8482443	0.0465915
196800	-298.4143	-290.817	-7.597344	0.9130476	0.08961287
197000	-299.3935	-291.8541	-7.539437	0.9759498	0.01896823
197200	-298.181	-293.2544	-4.926561	0.7022215	0.0315786
197400	-297.802	-290.7076	-7.094432	0.9270568	0.02376307
197600	-298.912	-293.2453	-5.666631	0.7711343	0.03683439
197800	-302.113	-293.9569	-8.156124	0.873532	0.184824
198000	-298.6072	-293.1031	-5.504101	0.7734162	0.01807458
198200	-302.5864	-290.0928	-12.4936	1.030298	0.475178
198400	-299.8118	-291.0648	-8.747061	0.8775398	0.2422174
198600	-298.5465	-294.2025	-4.344039	0.6735989	0.001603262
198800	-299.7382	-291.4141	-8.32412	0.8977174	0.1792993
199000	-298.141	-291.5142	-6.62685	0.8835917	0.0202954
199200	-298.7906	-294.103	-4.687575	0.6792102	0.03070184
199400	-299.2097	-290.4787	-8.730987	0.9882478	0.1304231
199600	-303.1283	-297.9549	-5.173372	0.6613528	0.09911158
199800	-298.3483	-290.9443	-7.403967	0.9148368	0.06796207
200000	-299.0112	-292.3673	-6.643827	0.7746191	0.1327199
