Iteration	Posterior	Likelihood	Prior	branch_rates	speciation_rate
0	-301.6636	-283.5584	-18.10519	2.047238	0.004005566
200	-306.7826	-289.273	-17.50958	1.950709	0.04259844
400	-303.7047	-285.923	-17.78163	1.845142	0.1653664
600	-303.8989	-289.5928	-14.30608	1.636027	0.03249318
800	-301.0687	-285.1129	-15.95576	1.755563	0.07956998
1000	-305.8947	-288.6391	-17.25562	1.586921	0.3605658
1200	-303.6873	-286.8164	-16.87085	1.611999	0.3049806
1400	-302.5443	-286.6465	-15.89778	1.819605	0.01030953
1600	-301.4772	-289.0253	-12.45186	1.473631	0.01175248
1800	-300.9433	-284.5876	-16.35573	1.833958	0.04157037
2000	-302.3395	-287.3653	-14.97428	1.587059	0.1439904
2200	-302.0185	-283.854	-18.16453	1.951657	0.1038781
2400	-301.9637	-284.3539	-17.60982	1.971244	0.02951852
2600	-301.6061	-286.253	-15.35307	1.650641	0.1219912
2800	-302.1338	-287.4772	-14.65665	1.699921	0.006218863
3000	-305.438	-288.1813	-17.25666	1.61127	0.3322628
3200	-302.1868	-284.6147	-17.57211	1.889496	0.1050266
3400	-303.0667	-286.7736	-16.2931	1.652744	0.2073834
3600	-301.9828	-287.6387	-14.34412	1.63387	0.03867778
3800	-304.6578	-289.3146	-15.3432	1.711725	0.05857784
4000	-305.9316	-284.0198	-21.91181	2.369985	0.0603723
4200	-302.1456	-284.5281	-17.61749	1.89544	0.1078024
4400	-303.1827	-287.7459	-15.43677	1.66428	0.1139658
4600	-303.3783	-287.1971	-16.18122	1.722123	0.1265756
4800	-306.9543	-289.5571	-17.39721	1.629649	0.320804
5000	-300.9753	-288.4092	-12.56617	1.474469	0.0223562
5200	-302.6242	-287.9633	-14.66088	1.532482	0.1709488
5400	-302.8074	-284.7283	-18.07906	2.026855	0.02086126
5600	-300.9167	-287.4834	-13.43337	1.581664	0.002392228
5800	-303.2191	-287.4119	-15.80716	1.771067	0.0469833
6000	-305.926	-293.4703	-12.4557	1.258151	0.2208227
6200	-302.1575	-285.9618	-16.19567	1.715662	0.1386099
6400	-301.906	-287.2936	-14.61241	1.606196	0.09100185
6600	-301.6835	-286.5505	-15.13302	1.663133	0.08774368
6800	-303.4672	-285.0668	-18.40035	2.058506	0.0208112
7000	-303.3784	-284.6103	-18.76804	2.01092	0.1068883
7200	-304.3447	-289.5172	-14.82745	1.48238	0.2271409
7400	-302.5658	-288.4677	-14.09816	1.482089	0.1614252
7600	-302.3742	-284.1816	-18.19263	2.020565	0.03847873
7800	-301.4951	-288.776	-12.71905	1.480655	0.03044265
8000	-304.7979	-288.233	-16.56493	1.552173	0.3325004
8200	-301.8841	-286.3773	-15.50683	1.721992	0.06577109
8400	-300.9094	-287.1677	-13.74171	1.614704	0.0002610006
8600	-308.1533	-282.5647	-25.58854	2.539996	0.2662074
8800	-306.9224	-296.7244	-10.19803	1.165306	0.09404775
9000	-304.765	-285.6784	-19.08655	2.035638	0.1051614
9200	-300.8816	-286.5346	-14.34708	1.656321	0.01873945
9400	-303.5686	-286.2399	-17.32873	1.755826	0.2052656
9600	-300.6569	-286.3469	-14.30992	1.671226	0.0005385681
9800	-301.913	-284.0708	-17.84213	1.907238	0.1174375
10000	-301.4495	-284.808	-16.64148	1.886427	0.01783888
10200	-303.1593	-288.2652	-14.89408	1.602737	0.1186276
10400	-300.8995	-285.8403	-15.05919	1.702198	0.04412157
10600	-302.74	-291.6703	-11.06971	1.347585	0.0001766602
10800	-301.4182	-286.9545	-14.4637	1.657346	0.02971382
11000	-303.1318	-288.2648	-14.86702	1.566932	0.1502636
11200	-301.9598	-287.993	-13.9668	1.603448	0.03190878
11400	-300.9837	-284.5798	-16.40388	1.854074	0.02640534
11600	-302.4547	-286.4896	-15.96513	1.822316	0.0142346
11800	-303.0171	-286.7646	-16.25248	1.825769	0.03706719
12000	-300.8071	-286.0058	-14.80127	1.682234	0.03803049
12200	-305.5853	-288.5548	-17.03057	1.898265	0.04273781
12400	-303.3786	-285.4067	-17.97184	1.748003	0.2846965
12600	-307.4689	-286.5523	-20.91661	1.732945	0.564194
12800	-305.2104	-284.2471	-20.96329	2.335341	0.001676225
13000	-302.68	-284.1703	-18.50968	2.081037	0.01095254
13200	-301.7966	-288.493	-13.30364	1.530528	0.04049556
13400	-301.813	-288.8743	-12.9387	1.44796	0.08477677
13600	-302.4162	-284.5406	-17.87554	1.9346	0.09181134
13800	-304.873	-286.1761	-18.69698	2.089837	0.02024521
14000	-300.7131	-287.8194	-12.8937	1.524383	0.005605534
14200	-301.1561	-287.0429	-14.11313	1.635807	0.01621431
14400	-302.4117	-289.0738	-13.33795	1.475278	0.09415517
14600	-304.1737	-284.9637	-19.21002	1.80578	0.3552907
14800	-300.5977	-285.2338	-15.36393	1.772843	0.004246328
15000	-301.7605	-286.0239	-15.73663	1.793574	0.0196767
15200	-302.1419	-283.7851	-18.35683	1.957795	0.1173624
15400	-302.5482	-285.5861	-16.96206	1.775629	0.1569068
15600	-302.544	-284.6966	-17.84746	1.885977	0.134476
15800	-301.4415	-286.9045	-14.53703	1.664124	0.02872416
16000	-305.8774	-285.1108	-20.76659	1.85736	0.4463826
16200	-307.5066	-289.4303	-18.07623	1.879445	0.1644568
16400	-301.8052	-286.8712	-14.93407	1.677783	0.05567143
16600	-301.7757	-284.8601	-16.9156	1.84939	0.08029273
16800	-301.94	-284.2931	-17.6469	1.963431	0.04249582
17000	-304.0778	-292.3564	-11.72134	1.336594	0.07194515
17200	-302.0413	-285.4387	-16.60268	1.751341	0.1474292
17400	-305.1255	-289.5191	-15.60636	1.430254	0.3516129
17600	-302.2966	-287.4673	-14.82928	1.63666	0.08177861
17800	-305.7704	-288.3331	-17.4373	1.849866	0.1260527
18000	-300.8199	-287.5692	-13.25073	1.563881	0.001947959
18200	-300.7413	-284.0662	-16.67516	1.900979	0.007207746
18400	-301.4515	-288.0295	-13.42201	1.545066	0.03619575
18600	-302.0292	-287.3306	-14.6986	1.64852	0.05897387
18800	-301.7985	-286.0036	-15.79498	1.74252	0.07564176
19000	-303.5354	-289.5023	-14.03308	1.625305	0.01805654
19200	-302.0066	-289.6479	-12.35872	1.46832	0.007803667
19400	-300.7027	-286.1621	-14.54065	1.683331	0.01115655
19600	-302.0489	-289.8475	-12.20131	1.413898	0.04564857
19800	-301.1101	-286.1113	-14.99888	1.73826	0.002306573
20000	-302.155	-285.5259	-16.62916	1.719318	0.1820859
20200	-303.7144	-285.9517	-17.76269	1.926855	0.08442983
20400	-302.0046	-283.6474	-18.35718	2.010621	0.06483957
20600	-308.0433	-284.9321	-23.11121	2.137688	0.3881515
20800	-303.0591	-290.1676	-12.89158	1.392453	0.1348169
21000	-300.9333	-286.3379	-14.59546	1.673074	0.02632157
21200	-301.2755	-286.9763	-14.29923	1.637483	0.03173439
21400	-302.0827	-287.9452	-14.13744	1.599291	0.0519135
21600	-303.5291	-291.6974	-11.83169	1.312337	0.1080214
21800	-303.9987	-284.1876	-19.81113	2.096401	0.1200137
22000	-301.35	-286.4552	-14.89474	1.626203	0.1026
22200	-302.0599	-286.8252	-15.2347	1.651533	0.110839
22400	-301.4184	-287.0672	-14.35123	1.644634	0.03003836
22600	-303.4759	-290.4814	-12.99451	1.372509	0.1604613
22800	-302.2684	-283.4569	-18.81154	2.041521	0.07896063
23000	-303.0077	-286.996	-16.01168	1.57899	0.2575814
23200	-303.4171	-291.2293	-12.18786	1.332726	0.1239193
23400	-305.4731	-288.8531	-16.61994	1.646294	0.2458648
23600	-303.4025	-287.0564	-16.34608	1.731449	0.1339989
23800	-303.2097	-286.7634	-16.44626	1.769502	0.1156741
24000	-301.3564	-286.4934	-14.86292	1.663671	0.0614381
24200	-303.7861	-287.2298	-16.55628	1.78899	0.1032471
24400	-302.891	-290.9309	-11.96009	1.414355	0.0207737
24600	-301.4735	-287.0142	-14.45928	1.627902	0.05643495
24800	-301.9387	-286.3823	-15.55636	1.734675	0.05831144
25000	-305.0321	-283.3014	-21.73074	2.332212	0.07903196
25200	-301.4424	-286.9468	-14.49562	1.685829	0.00431232
25400	-303.2057	-286.6851	-16.52066	1.764353	0.1202562
25600	-301.7432	-284.7413	-17.0019	1.799805	0.1384282
25800	-302.4804	-288.2109	-14.26949	1.522109	0.1423643
26000	-301.3538	-287.2876	-14.06624	1.62026	0.02571668
26200	-302.4488	-287.5488	-14.90002	1.676293	0.05252697
26400	-302.2272	-290.3063	-11.92098	1.389078	0.04276838
26600	-301.848	-286.3056	-15.54241	1.750225	0.04229345
26800	-302.1135	-285.8979	-16.21558	1.692482	0.1649317
27000	-305.777	-284.2012	-21.57581	2.148043	0.2374887
27200	-303.2937	-284.6154	-18.6783	2.012482	0.09199081
27400	-300.7189	-286.849	-13.86981	1.626961	0.0007839162
27600	-303.3523	-287.4	-15.95234	1.631058	0.19318
27800	-300.6742	-286.0977	-14.57648	1.67699	0.0208018
28000	-300.9478	-284.8377	-16.11003	1.813191	0.03797876
28200	-303.431	-288.5921	-14.83884	1.634914	0.08487203
28400	-304.075	-285.3002	-18.77481	2.092313	0.02507168
28600	-301.2193	-286.685	-14.53433	1.602661	0.0889367
28800	-302.7744	-289.904	-12.87042	1.450841	0.07184732
29000	-306.0443	-286.6617	-19.38257	1.655486	0.4992118
29200	-302.5598	-285.9371	-16.62261	1.698985	0.2007377
29400	-304.6518	-286.9299	-17.72192	2.003896	0.00850824
29600	-303.4587	-289.6318	-13.82689	1.451311	0.1665308
29800	-301.5595	-288.1744	-13.38517	1.534322	0.04279271
30000	-300.4955	-285.702	-14.79349	1.710476	0.00939613
30200	-302.7531	-287.2707	-15.48245	1.581457	0.1985976
30400	-302.3804	-286.7407	-15.6397	1.658827	0.141507
30600	-304.948	-285.9478	-19.00024	1.747216	0.3863055
30800	-301.511	-286.3009	-15.21009	1.684428	0.07408245
31000	-300.3785	-286.055	-14.32352	1.659084	0.01382893
31200	-302.8342	-286.469	-16.36522	1.780981	0.09142332
31400	-304.8499	-287.4239	-17.42592	1.647887	0.3239622
31600	-304.1867	-282.6856	-21.5011	2.334227	0.05657591
31800	-302.1179	-288.4355	-13.68236	1.557161	0.05019164
32000	-304.525	-285.3972	-19.12786	1.777562	0.3644898
32200	-302.9849	-284.8259	-18.15898	1.999376	0.05746952
32400	-302.2955	-284.0757	-18.21982	1.945817	0.1144343
32600	-304.1421	-285.1054	-19.0367	1.949817	0.1853869
32800	-303.2282	-283.4627	-19.7655	2.151916	0.06460973
33000	-301.7651	-287.6806	-14.0845	1.56485	0.08399677
33200	-300.8854	-287.0639	-13.82148	1.617957	0.004749669
33400	-301.1411	-285.0818	-16.05931	1.836743	0.00976916
33600	-301.7249	-287.2864	-14.43856	1.661637	0.02180577
33800	-305.6935	-287.2355	-18.45808	1.616005	0.4448828
34000	-304.2458	-292.093	-12.15277	1.448824	0.006988462
34200	-302.0781	-286.6936	-15.3844	1.747628	0.02967702
34400	-302.5864	-285.1113	-17.47506	1.913954	0.07158445
34600	-303.4991	-285.7579	-17.74122	1.997599	0.01670837
34800	-301.4834	-288.3182	-13.16522	1.518391	0.03728467
35000	-303.0457	-286.0457	-17.00003	1.738232	0.2033145
35200	-303.6948	-285.9602	-17.73459	1.998676	0.01595154
35400	-302.7653	-285.2883	-17.47706	1.861907	0.1279274
35600	-301.4096	-286.1551	-15.25456	1.677687	0.0868482
35800	-303.068	-287.5064	-15.56165	1.794139	0.002628642
36000	-304.7814	-284.9913	-19.79015	1.938057	0.2851887
36200	-300.6024	-285.5441	-15.05834	1.744397	0.002160173
36400	-301.7702	-283.3882	-18.38202	2.016234	0.06236553
36600	-300.6859	-285.8954	-14.79051	1.694122	0.02532119
36800	-301.5709	-286.9455	-14.62535	1.640381	0.06215006
37000	-302.3858	-284.2674	-18.11831	1.927428	0.1214875
37200	-302.0257	-287.9172	-14.10853	1.515612	0.1314128
37400	-301.9272	-284.3949	-17.53229	1.979967	0.01425218
37600	-304.3612	-292.0705	-12.29065	1.318244	0.1475911
37800	-303.92	-292.4256	-11.49445	1.335042	0.05452287
38000	-303.7987	-289.5008	-14.29794	1.481451	0.182895
38200	-301.8048	-287.6801	-14.12467	1.621573	0.02973102
38400	-301.2098	-288.3749	-12.83491	1.478122	0.04452424
38600	-305.6015	-285.4523	-20.14926	1.779548	0.4720674
38800	-302.4789	-284.6324	-17.84643	1.953695	0.06868845
39000	-303.3307	-283.168	-20.1627	2.099403	0.1582472
39200	-305.3162	-291.8844	-13.43183	1.582657	0.001233829
39400	-302.6173	-287.7808	-14.83643	1.701389	0.02126272
39600	-302.5473	-285.2923	-17.25505	1.900126	0.06246307
39800	-305.3652	-288.5537	-16.81154	1.699092	0.2148601
40000	-302.7256	-288.8832	-13.84236	1.57258	0.04885367
40200	-306.3042	-283.4181	-22.88607	2.516984	0.01247448
40400	-300.8081	-286.4128	-14.39535	1.644259	0.03492971
40600	-304.5502	-292.6661	-11.8841	1.383445	0.04284352
40800	-301.5285	-284.9674	-16.56114	1.797334	0.0974355
41000	-301.7678	-286.7327	-15.03508	1.685721	0.05539671
41200	-302.749	-285.535	-17.21394	1.906374	0.05318661
41400	-303.2515	-285.3899	-17.86157	1.941828	0.07990352
41600	-303.9386	-288.6661	-15.27248	1.566033	0.1924318
41800	-300.8195	-284.9428	-15.87667	1.790145	0.03732949
42000	-303.0182	-290.3887	-12.62957	1.487222	0.01583612
42200	-301.3151	-286.2397	-15.0754	1.678284	0.06761928
42400	-302.9276	-285.5398	-17.38781	1.956208	0.02368825
42600	-302.2654	-285.445	-16.8205	1.89665	0.02552097
42800	-304.0542	-287.6582	-16.39602	1.879195	0.001170055
43000	-305.5189	-286.6992	-18.81965	1.803192	0.2972277
43200	-302.087	-288.1219	-13.96504	1.597557	0.03699862
43400	-301.3353	-288.4926	-12.8427	1.491551	0.03243804
43600	-301.7579	-288.3912	-13.36667	1.485214	0.08873131
43800	-304.6	-288.9267	-15.67332	1.593258	0.197817
44000	-301.1136	-287.1575	-13.95605	1.595858	0.03876617
44200	-300.6141	-285.2997	-15.31433	1.769815	0.002332023
44400	-301.7615	-287.9811	-13.78036	1.600408	0.01757272
44600	-301.507	-289.2933	-12.21373	1.441944	0.01949835
44800	-302.575	-286.4586	-16.11644	1.810245	0.03934169
45000	-301.6468	-283.5163	-18.13055	2.015617	0.03802765
45200	-303.6893	-292.2768	-11.41245	1.354159	0.02563757
45400	-301.2207	-287.8216	-13.39915	1.55274	0.02745565
45600	-302.1041	-283.9031	-18.20092	2.044251	0.01680268
45800	-306.2446	-285.5976	-20.647	2.06024	0.2360916
46000	-304.2707	-287.1363	-17.13438	1.62208	0.3184571
46200	-303.4098	-287.2146	-16.1952	1.566475	0.2837748
46400	-305.2727	-293.4553	-11.81742	1.362773	0.05949893
46600	-301.3136	-287.5505	-13.76308	1.546273	0.06807423
46800	-303.6762	-285.2287	-18.44749	1.744294	0.3368667
47000	-301.2207	-285.419	-15.80169	1.786488	0.03353512
47200	-303.0108	-286.0857	-16.92515	1.793809	0.1412196
47400	-301.1234	-287.611	-13.51246	1.554717	0.0362069
47600	-303.1933	-287.8564	-15.33692	1.738375	0.03479636
47800	-303.5959	-287.4372	-16.15877	1.60943	0.2343758
48000	-302.0062	-285.1723	-16.83384	1.914788	0.008994753
48200	-300.5297	-286.718	-13.8117	1.611628	0.01018052
48400	-303.5648	-286.4952	-17.06962	1.854793	0.09478241
48600	-303.5751	-287.1198	-16.45538	1.669547	0.204354
48800	-301.5611	-289.2367	-12.32446	1.45774	0.01468448
49000	-302.2889	-287.965	-14.32382	1.632975	0.03841805
49200	-300.9815	-285.833	-15.14856	1.687328	0.06635071
49400	-306.4318	-284.1293	-22.30251	2.162369	0.2952305
49600	-304.5073	-286.4212	-18.08614	1.971989	0.07086089
49800	-304.1147	-286.2908	-17.82391	1.994116	0.02853046
50000	-301.3336	-285.5768	-15.75683	1.750606	0.06457048
50200	-303.5406	-284.6901	-18.85046	2.001165	0.122717
50400	-305.7187	-282.8826	-22.83617	2.409223	0.1128903
50600	-303.3786	-287.779	-15.59962	1.760199	0.03906798
50800	-304.7733	-287.219	-17.55433	1.772609	0.2110153
51000	-303.9993	-283.1337	-20.86559	2.291815	0.03536987
51200	-304.4335	-287.3143	-17.11916	1.553104	0.3856302
51400	-303.6466	-284.3581	-19.28855	2.102592	0.06402892
51600	-301.5575	-286.8286	-14.72895	1.671131	0.04171239
51800	-303.4133	-283.6163	-19.79693	2.093052	0.1270926
52000	-301.4763	-284.7275	-16.7488	1.878712	0.03721835
52200	-301.0793	-288.157	-12.92231	1.524268	0.008695417
52400	-301.7722	-286.4002	-15.372	1.745016	0.03133054
52600	-301.2097	-286.3229	-14.8868	1.72543	0.003836504
52800	-305.8474	-290.7536	-15.09389	1.654481	0.08969845
53000	-306.1157	-294.8552	-11.26046	1.207768	0.1491163
53200	-301.9391	-287.0987	-14.84035	1.680047	0.04193712
53400	-303.3964	-284.0169	-19.37958	2.145929	0.03158651
53600	-301.0394	-287.7581	-13.28132	1.537511	0.03018017
53800	-301.7956	-285.8152	-15.98043	1.798683	0.03804626
54000	-303.9638	-285.7405	-18.22332	1.779255	0.2752244
54200	-303.359	-285.496	-17.86296	1.932888	0.08961865
54400	-301.4974	-287.6603	-13.83719	1.609329	0.01427317
54600	-300.8856	-286.6943	-14.19136	1.647726	0.01175312
54800	-304.0333	-288.2705	-15.7628	1.497222	0.3119361
55000	-301.7226	-287.0948	-14.62775	1.70231	0.001182339
55200	-303.1761	-283.9738	-19.20227	2.020945	0.1418805
55400	-305.4701	-292.4346	-13.03549	1.484001	0.05631634
55600	-301.3287	-285.5116	-15.81704	1.798409	0.02317606
55800	-301.9394	-289.1411	-12.79828	1.439024	0.07815525
56000	-302.7496	-285.2912	-17.45838	1.923558	0.06167261
56200	-303.7558	-283.9365	-19.81928	2.105685	0.1131196
56400	-301.0584	-285.5668	-15.49159	1.710852	0.07732387
56600	-304.1706	-288.5961	-15.57452	1.710446	0.08421279
56800	-302.985	-287.0825	-15.90259	1.739743	0.08461836
57000	-302.3191	-285.8331	-16.48608	1.808277	0.08001107
57200	-301.8889	-286.7603	-15.12854	1.646738	0.10459
57400	-303.5589	-285.6389	-17.92002	2.008822	0.02406649
57600	-301.0606	-285.9191	-15.14151	1.683116	0.07098006
57800	-302.1267	-286.2803	-15.84636	1.798196	0.02546645
58000	-307.6276	-291.7347	-15.89299	1.365084	0.4378242
58200	-302.653	-287.4681	-15.18494	1.67904	0.07467933
58400	-301.9131	-286.2662	-15.64691	1.663552	0.1369853
58600	-301.0304	-286.5553	-14.47503	1.641611	0.04483494
58800	-302.4425	-282.7428	-19.69975	2.190445	0.02052062
59000	-304.0485	-292.6429	-11.40554	1.287294	0.08854806
59200	-300.6185	-286.329	-14.2895	1.664433	0.005295221
59400	-305.1978	-292.058	-13.13976	1.28565	0.2569035
59600	-301.4938	-287.4487	-14.04507	1.607319	0.03617095
59800	-303.006	-287.0931	-15.91292	1.828304	0.003574846
60000	-304.3376	-286.5679	-17.76967	1.871465	0.1401587
60200	-302.1967	-285.8739	-16.32279	1.842966	0.02836661
60400	-301.9402	-284.0525	-17.88777	1.953749	0.07414045
60600	-301.8058	-283.4538	-18.35206	2.00513	0.07013647
60800	-302.8484	-287.8172	-15.03124	1.721109	0.02192005
61000	-304.4136	-292.9125	-11.50109	1.338976	0.04956786
61200	-300.5359	-286.481	-14.05489	1.614792	0.03081535
61400	-304.7656	-283.9754	-20.79022	2.24528	0.07072196
61600	-301.4908	-284.1404	-17.35039	1.928114	0.04649317
61800	-304.2329	-287.6302	-16.60273	1.645531	0.2388483
62000	-305.3963	-291.9157	-13.48056	1.348359	0.2365186
62200	-300.465	-286.0869	-14.37812	1.653367	0.02464683
62400	-304.7684	-284.0404	-20.728	2.164091	0.1420698
62600	-300.7134	-287.1805	-13.53289	1.573178	0.02061299
62800	-301.2269	-283.4843	-17.74262	1.993934	0.02107097
63000	-302.5012	-288.9889	-13.51231	1.588859	0.003121811
63200	-302.5796	-288.5674	-14.01221	1.479473	0.1552192
63400	-301.1934	-287.1432	-14.0502	1.591575	0.05231013
63600	-301.9108	-285.8801	-16.03066	1.842358	0.001463533
63800	-302.198	-284.8695	-17.32859	1.869336	0.1037874
64000	-301.1914	-287.5203	-13.67112	1.596154	0.01114874
64200	-304.5052	-286.1784	-18.32682	2.050762	0.02163097
64400	-302.0728	-288.2524	-13.82035	1.577065	0.04290313
64600	-305.2734	-284.9409	-20.33243	2.153042	0.1140421
64800	-304.3922	-283.9329	-20.45927	2.182021	0.1004265
65000	-302.1981	-289.4717	-12.72636	1.413181	0.09693576
65200	-301.5333	-286.3658	-15.16744	1.657774	0.09918398
65400	-305.2178	-286.2397	-18.97812	1.939475	0.1918123
65600	-307.3787	-282.9406	-24.43819	2.34239	0.3465405
65800	-301.737	-288.7102	-13.02677	1.495816	0.04519407
66000	-302.206	-288.6515	-13.55452	1.486287	0.104646
66200	-300.7639	-285.5027	-15.26119	1.745592	0.0212891
66400	-302.8149	-282.6938	-20.12115	2.198261	0.05432342
66600	-303.1588	-288.8824	-14.27645	1.491331	0.1668965
66800	-301.4411	-284.5719	-16.86914	1.81753	0.1086264
67000	-300.8939	-288.4806	-12.41333	1.480075	0.002005517
67200	-303.3097	-284.795	-18.51469	1.871492	0.2129246
67400	-301.3162	-284.5443	-16.77193	1.913687	0.004176543
67600	-301.0657	-285.0592	-16.00658	1.771117	0.06974526
67800	-305.3215	-292.6406	-12.68088	1.434336	0.07183473
68000	-302.8918	-287.1976	-15.69419	1.670599	0.1319294
68200	-301.3804	-285.0503	-16.33009	1.849392	0.0235452
68400	-301.8147	-285.8747	-15.93998	1.805061	0.03005127
68600	-302.8671	-284.3571	-18.51009	2.056137	0.03459994
68800	-304.3863	-290.6412	-13.74512	1.540042	0.07254792
69000	-300.8162	-287.4984	-13.31776	1.551302	0.02043957
69200	-303.0798	-288.7077	-14.37208	1.625702	0.050832
69400	-301.6454	-286.3103	-15.33506	1.72244	0.05092225
69600	-301.0767	-288.5918	-12.48484	1.487621	0.001630916
69800	-301.3085	-286.4018	-14.90666	1.707432	0.02280707
70000	-304.426	-292.5761	-11.84985	1.365178	0.05667632
70200	-300.5598	-286.5691	-13.99064	1.632543	0.007134439
70400	-301.3299	-285.3607	-15.96919	1.798553	0.03901731
70600	-304.6443	-288.8645	-15.77989	1.634871	0.1768248
70800	-302.5477	-285.8263	-16.72146	1.742936	0.162829
71000	-304.1334	-289.3778	-14.75558	1.576314	0.131475
71200	-303.1556	-285.0847	-18.07091	2.001455	0.04671424
71400	-304.6478	-284.8768	-19.77097	1.999113	0.2076063
71600	-302.5374	-286.8631	-15.67428	1.806116	0.001956447
71800	-301.6829	-287.123	-14.55984	1.580313	0.1129133
72000	-303.4518	-285.0956	-18.3562	2.049827	0.02504158
72200	-301.7107	-286.8073	-14.90341	1.598693	0.1294422
72400	-302.413	-284.7644	-17.64854	1.879917	0.121052
72600	-306.8301	-288.1634	-18.66676	1.519693	0.5740815
72800	-307.7035	-285.1092	-22.59426	2.482385	0.01631355
73000	-303.2275	-287.1055	-16.12193	1.776634	0.07174064
73200	-304.6658	-284.3189	-20.34694	1.99178	0.2778534
73400	-303.0285	-290.6975	-12.33096	1.346459	0.1228754
73600	-301.8371	-286.4488	-15.38829	1.689501	0.08590902
73800	-301.0506	-286.2945	-14.75617	1.713089	0.003159669
74000	-302.0791	-283.112	-18.96713	2.132989	0.004519028
74200	-301.0638	-285.0011	-16.0627	1.770568	0.07509507
74400	-303.3456	-283.7791	-19.56657	1.963361	0.2300901
74600	-304.8357	-292.4402	-12.39559	1.44213	0.03517177
74800	-307.3762	-293.4756	-13.90064	1.486443	0.137307
75000	-300.7081	-285.6799	-15.02822	1.723297	0.01962155
75200	-302.6017	-283.1301	-19.47163	2.165741	0.02185842
75400	-302.6627	-291.4511	-11.21165	1.3384	0.02224359
75600	-301.785	-288.9073	-12.87771	1.481257	0.04485574
75800	-302.5231	-285.2736	-17.24943	1.863893	0.0971127
76000	-302.7557	-284.9247	-17.83099	1.87436	0.1468849
76200	-301.3395	-284.31	-17.02954	1.879	0.06325176
76400	-301.7626	-284.0653	-17.69733	1.992335	0.01784316
76600	-304.4437	-284.3635	-20.08018	2.105043	0.1419009
76800	-303.2819	-283.7742	-19.50775	2.171281	0.0198967
77000	-301.9216	-288.2429	-13.67864	1.537303	0.06761621
77200	-302.0577	-290.207	-11.85073	1.415001	0.01024195
77400	-303.7244	-284.4743	-19.25004	1.838489	0.3219953
77600	-301.6582	-286.3022	-15.35607	1.678887	0.09353942
77800	-305.2234	-288.8866	-16.3368	1.452315	0.4060108
78000	-305.8653	-293.0527	-12.81257	1.311545	0.1934398
78200	-302.4214	-287.7088	-14.71261	1.648947	0.05965321
78400	-303.6354	-289.572	-14.06334	1.489382	0.1467877
78600	-300.7457	-287.5455	-13.20012	1.554038	0.006567317
78800	-301.9521	-286.4142	-15.53792	1.622266	0.1685977
79000	-301.4936	-285.0481	-16.44556	1.848509	0.03542813
79200	-302.6107	-289.1673	-13.44331	1.572779	0.01201892
79400	-301.4319	-284.2207	-17.21116	1.946248	0.01532063
79600	-302.1522	-287.5904	-14.56176	1.536793	0.1564303
79800	-301.3745	-287.2902	-14.0843	1.627721	0.02140752
80000	-303.7822	-284.8464	-18.93577	2.101232	0.03181496
80200	-300.9358	-287.76	-13.17574	1.529824	0.02779514
80400	-302.5369	-287.1175	-15.41938	1.666547	0.1098253
80600	-307.3031	-289.8305	-17.47257	1.94381	0.04340041
80800	-303.1918	-289.5861	-13.60574	1.551922	0.0456484
81000	-302.3606	-287.9764	-14.38417	1.6328	0.04572564
81200	-304.6523	-285.9331	-18.71926	1.858693	0.2387674
81400	-302.4974	-285.999	-16.4984	1.814991	0.07173563
81600	-300.7453	-284.7729	-15.97231	1.810642	0.02677356
81800	-304.0384	-287.6944	-16.34407	1.83207	0.0416226
82000	-302.4815	-287.5959	-14.88552	1.558714	0.1650058
82200	-303.1402	-284.1508	-18.98941	2.055298	0.08563906
82400	-302.2951	-286.7304	-15.56463	1.758508	0.03628628
82600	-303.7903	-291.5768	-12.21345	1.409663	0.05012342
82800	-303.0348	-292.6814	-10.35341	1.269023	0.006889071
83000	-301.1149	-283.8368	-17.27806	1.963644	0.004973014
83200	-302.3202	-286.4188	-15.9014	1.771414	0.05719596
83400	-305.7151	-285.7853	-19.9298	2.063207	0.1675979
83600	-300.8732	-284.9679	-15.90527	1.817103	0.01394577
83800	-304.9483	-287.3513	-17.59695	1.926372	0.07225226
84000	-303.0136	-289.96	-13.0536	1.485148	0.05711102
84200	-306.4762	-288.1992	-18.27706	1.525281	0.5198445
84400	-301.4651	-288.9022	-12.56296	1.460873	0.03478336
84600	-304.5732	-287.7814	-16.79178	1.597168	0.3029746
84800	-303.3347	-284.2082	-19.12643	1.94971	0.1979462
85000	-302.4517	-287.0133	-15.43844	1.581527	0.1997892
85200	-305.9192	-291.7594	-14.15975	1.553798	0.09562893
85400	-303.0854	-290.3487	-12.73665	1.462582	0.04925203
85600	-301.5074	-286.1163	-15.39118	1.715611	0.0644222
85800	-301.5846	-286.9343	-14.65034	1.680232	0.02440985
86000	-308.1451	-283.5273	-24.61785	2.355259	0.3358983
86200	-301.8944	-284.9883	-16.9061	1.815182	0.1123483
86400	-302.9851	-284.3053	-18.67977	2.068889	0.04016725
86600	-301.6258	-286.7818	-14.84404	1.589468	0.1326091
86800	-301.312	-286.007	-15.30508	1.737051	0.03268373
87000	-302.8659	-288.8647	-14.00118	1.548613	0.08633657
87200	-301.6736	-288.0366	-13.63701	1.533069	0.06798425
87400	-305.0537	-284.8255	-20.22824	2.039065	0.2121296
87600	-303.0918	-290.9824	-12.10937	1.353262	0.09337199
87800	-302.3451	-284.9338	-17.41127	1.783396	0.1969774
88000	-301.4018	-284.7038	-16.69802	1.895251	0.01498284
88200	-303.5706	-292.7132	-10.85734	1.29511	0.0294135
88400	-304.3933	-294.0042	-10.38915	1.260643	0.01769713
88600	-301.9908	-286.5179	-15.47284	1.767267	0.01954819
88800	-300.9592	-285.8604	-15.09873	1.684139	0.06470581
89000	-302.6022	-286.9998	-15.60241	1.58445	0.213286
89200	-302.2344	-286.5583	-15.67607	1.72215	0.08120101
89400	-301.994	-285.8423	-16.15168	1.747339	0.1084952
89600	-306.1842	-284.5934	-21.59082	2.271647	0.120562
89800	-302.1984	-287.1273	-15.07106	1.605681	0.1357103
90000	-301.6802	-285.1531	-16.52713	1.879783	0.01313781
90200	-302.5571	-290.5355	-12.02161	1.395541	0.04448391
90400	-302.1956	-285.3296	-16.86593	1.853763	0.07025413
90600	-306.8339	-286.8277	-20.00618	2.056079	0.1794577
90800	-302.736	-287.1667	-15.56927	1.594293	0.2003851
91000	-302.7689	-285.25	-17.51896	1.934406	0.05711312
91200	-302.3797	-284.9791	-17.40057	1.781102	0.1945101
91400	-305.9336	-283.5681	-22.3655	2.347641	0.1253017
91600	-301.9675	-287.6776	-14.28998	1.54377	0.1213451
91800	-300.6949	-285.7899	-14.90495	1.701267	0.02926312
92000	-302.8917	-287.5158	-15.37588	1.625221	0.1443306
92200	-301.9853	-289.6328	-12.3525	1.400896	0.07255263
92400	-300.8257	-284.4039	-16.42179	1.8438	0.03870837
92600	-303.2489	-291.836	-11.41288	1.323022	0.05583243
92800	-301.9404	-285.528	-16.41247	1.857817	0.02295348
93000	-301.1809	-284.3151	-16.86587	1.926332	0.00103589
93200	-302.372	-284.8375	-17.53448	1.977237	0.0167096
93400	-304.3292	-283.0353	-21.2939	2.183184	0.1835491
93600	-301.6303	-284.6631	-16.9672	1.89126	0.04459671
93800	-304.8763	-283.7648	-21.11148	2.167005	0.1823492
94000	-302.1659	-284.4432	-17.7227	1.884986	0.1265325
94200	-303.8864	-285.4564	-18.43	1.801798	0.2715164
94400	-303.5906	-288.5308	-15.05986	1.54919	0.1845792
94600	-304.0901	-285.6488	-18.44126	1.742308	0.3292782
94800	-306.7106	-289.5752	-17.13537	1.801301	0.1431648
95000	-303.9163	-289.6546	-14.26172	1.633101	0.0325881
95200	-302.8805	-289.4579	-13.42266	1.522659	0.05757265
95400	-302.7839	-286.5753	-16.20864	1.855805	0.005399394
95600	-302.1795	-286.2094	-15.97017	1.821069	0.01588284
95800	-302.1376	-288.5674	-13.57022	1.586923	0.0101162
96000	-301.7887	-288.1372	-13.65152	1.566615	0.038224
96200	-301.6035	-287.2233	-14.38014	1.621547	0.05645511
96400	-303.7236	-285.0294	-18.69414	1.95504	0.1484212
96600	-303.7736	-292.6857	-11.08795	1.302424	0.04385723
96800	-303.0691	-284.1282	-18.94089	2.008619	0.123583
97000	-307.8344	-284.3643	-23.4701	1.860579	0.7212135
97200	-303.2556	-291.0008	-12.25482	1.35063	0.1093083
97400	-304.0282	-286.0803	-17.94784	2.034275	0.00123673
97600	-303.5411	-285.5441	-17.99694	2.01929	0.01974531
97800	-302.6834	-287.5687	-15.11468	1.582638	0.1607832
98000	-307.1241	-286.4304	-20.6937	2.176774	0.1326284
98200	-302.5028	-288.0085	-14.49431	1.661746	0.02681596
98400	-300.5081	-285.5099	-14.99821	1.713409	0.02685367
98600	-304.1432	-289.3781	-14.76511	1.626845	0.08263941
98800	-303.338	-284.1749	-19.16312	2.056942	0.09605674
99000	-305.0608	-289.0474	-16.01336	1.801246	0.03984995
99200	-303.2306	-287.5063	-15.72435	1.719401	0.08709334
99400	-301.354	-285.1175	-16.23641	1.805383	0.05711909
99600	-302.4491	-283.2443	-19.20481	2.078214	0.08184544
99800	-302.076	-286.3979	-15.67809	1.757794	0.05129913
100000	-303.4195	-292.3713	-11.0482	1.326818	0.0174188
100200	-302.988	-286.8348	-16.15322	1.65292	0.1931257
100400	-304.1339	-285.8608	-18.27309	1.949161	0.1104759
100600	-301.5093	-284.5893	-16.92	1.927371	0.005404285
100800	-304.0308	-288.238	-15.79278	1.648656	0.1596682
101000	-300.5846	-285.4457	-15.13885	1.752257	0.002340947
101200	-303.1788	-283.9862	-19.19259	2.028595	0.1299564
101400	-302.1196	-286.6323	-15.4873	1.66378	0.1197157
101600	-300.7956	-287.532	-13.26361	1.542226	0.02434228
101800	-303.4966	-287.7758	-15.72089	1.739326	0.07082904
102000	-303.084	-287.1642	-15.91985	1.685559	0.1420335
102200	-303.2773	-283.4357	-19.84153	2.192388	0.03259719
102400	-305.4554	-296.0082	-9.447245	1.160381	0.02390319
102600	-306.2259	-286.132	-20.09392	1.8327	0.3962465
102800	-301.7615	-284.3317	-17.42976	1.891636	0.09028632
103000	-302.137	-285.897	-16.23994	1.761244	0.1002182
103200	-302.3339	-287.3563	-14.97753	1.639194	0.09431825
103400	-305.4787	-285.7074	-19.77134	1.980425	0.2211926
103600	-300.7483	-286.1877	-14.56058	1.643484	0.05237384
103800	-306.2636	-296.4921	-9.771479	1.167184	0.04672858
104000	-301.9847	-285.5661	-16.41859	1.710805	0.168402
104200	-305.6541	-288.1582	-17.49584	1.775377	0.1967471
104400	-302.9235	-283.6677	-19.25581	2.013628	0.1517172
104600	-302.2613	-286.689	-15.57228	1.783084	0.01451375
104800	-301.9133	-284.9224	-16.99089	1.909168	0.02936865
105000	-302.2323	-286.4349	-15.79737	1.780702	0.03780978
105200	-309.4854	-285.2826	-24.20281	1.912184	0.7061932
105400	-301.5949	-286.0796	-15.51526	1.791874	0.0004302339
105600	-302.0866	-285.7122	-16.37442	1.807969	0.06876601
105800	-301.1904	-286.4708	-14.71964	1.624596	0.08660775
106000	-301.5004	-285.31	-16.19038	1.813385	0.04489819
106200	-302.6383	-283.3493	-19.289	2.151279	0.01799208
106400	-305.1081	-282.9172	-22.19092	2.340027	0.1174075
106600	-301.6006	-283.9899	-17.61067	1.959894	0.04225477
106800	-301.9564	-286.5924	-15.36399	1.650782	0.1255868
107000	-303.1118	-282.9625	-20.1493	2.19501	0.05978682
107200	-301.9516	-286.3791	-15.57251	1.696098	0.09834826
107400	-304.5224	-285.7405	-18.78189	1.917752	0.1972436
107600	-301.0897	-288.8364	-12.25334	1.454403	0.0115121
107800	-301.5549	-289.0076	-12.54736	1.477126	0.01812341
108000	-304.4615	-288.0786	-16.3829	1.815525	0.05846131
108200	-300.8604	-285.5282	-15.33218	1.742505	0.03066883
108400	-300.5863	-284.8349	-15.75135	1.786809	0.02860459
108600	-301.195	-286.476	-14.71897	1.7034	0.008919206
108800	-302.3252	-288.2055	-14.11965	1.574399	0.07508841
109000	-302.4594	-286.2063	-16.25308	1.692283	0.1666762
109200	-303.1599	-289.16	-13.99994	1.461047	0.1704486
109400	-300.3756	-285.1714	-15.20416	1.744372	0.0166011
109600	-304.8923	-285.3238	-19.56855	2.062643	0.1387279
109800	-301.8623	-287.0245	-14.83777	1.714502	0.009509385
110000	-303.8803	-284.9978	-18.88249	1.808324	0.3199029
110200	-300.5353	-286.2349	-14.30045	1.656644	0.01374476
110400	-307.3934	-288.093	-19.30038	1.611109	0.5191392
110600	-302.0997	-290.5905	-11.50911	1.354507	0.03606777
110800	-302.8577	-282.9029	-19.95484	2.234998	0.001274888
111000	-305.205	-288.1566	-17.04835	1.930323	0.01417908
111200	-307.9405	-286.4609	-21.47961	2.158163	0.2136824
111400	-300.478	-284.3542	-16.1238	1.848648	0.004462892
111600	-301.7867	-285.548	-16.23867	1.811696	0.05043116
111800	-302.175	-286.6249	-15.55009	1.782848	0.01207471
112000	-302.8723	-287.1728	-15.69949	1.771631	0.03657545
112200	-304.7148	-292.6592	-12.0556	1.408971	0.03436374
112400	-303.0376	-288.1807	-14.85695	1.610397	0.1097844
112600	-301.514	-284.9468	-16.56717	1.813674	0.08142752
112800	-302.2412	-284.2711	-17.97015	1.989132	0.04935144
113000	-301.0489	-286.6695	-14.3794	1.625667	0.05141059
113200	-304.9605	-287.7744	-17.18608	1.862645	0.08935588
113400	-305.5669	-286.9344	-18.63255	1.875797	0.2191455
113600	-303.1503	-283.7692	-19.3811	2.0096	0.1706032
113800	-302.6301	-287.0371	-15.593	1.587535	0.2094833
114000	-300.5223	-284.8685	-15.65388	1.791147	0.01479094
114200	-300.8528	-285.4906	-15.36224	1.773335	0.003600979
114400	-301.5584	-285.9501	-15.6083	1.712667	0.08550027
114600	-301.4583	-285.8883	-15.56994	1.792758	0.004993082
114800	-305.1209	-286.2198	-18.90109	1.823988	0.2898568
115000	-305.3782	-286.4994	-18.87872	2.011242	0.1070839
115200	-302.2695	-285.5897	-16.6798	1.858509	0.04766932
115400	-303.9078	-284.1339	-19.77387	2.188324	0.02853606
115600	-300.7669	-286.443	-14.32388	1.647042	0.02515103
115800	-302.5285	-286.9397	-15.58888	1.641965	0.1501663
116000	-303.4261	-291.5404	-11.88566	1.412034	0.01594241
116200	-304.3191	-284.3746	-19.94448	1.992597	0.2349004
116400	-302.2906	-285.4483	-16.84228	1.751001	0.1733644
116600	-302.2838	-285.2291	-17.05471	1.785428	0.1558899
116800	-301.5175	-288.9421	-12.5754	1.478412	0.01897684
117000	-301.8522	-285.9379	-15.91433	1.827095	0.004864598
117200	-305.208	-288.5635	-16.6445	1.670752	0.2188754
117400	-302.9059	-284.5575	-18.34834	2.021454	0.05390676
117600	-301.7378	-285.3633	-16.37452	1.851576	0.02536152
117800	-301.8444	-285.155	-16.68942	1.775103	0.1319858
118000	-301.5216	-286.8153	-14.70626	1.614088	0.09580496
118200	-301.5561	-288.2744	-13.28178	1.564792	0.00393497
118400	-304.0031	-286.1582	-17.84489	1.804765	0.2223846
118600	-301.4511	-287.6576	-13.7935	1.571843	0.0468304
118800	-302.3121	-287.5407	-14.77143	1.653588	0.06429324
119000	-300.7416	-285.4628	-15.27882	1.721468	0.04666489
119200	-303.9984	-288.3038	-15.69468	1.700221	0.1003353
119400	-305.6295	-287.4342	-18.19524	1.9752	0.08318612
119600	-302.1588	-289.372	-12.78676	1.48451	0.03269418
119800	-306.1117	-283.0839	-23.02789	2.474145	0.06778763
120000	-302.6	-287.82	-14.77992	1.63905	0.07551181
120200	-303.0846	-282.9436	-20.14102	2.220624	0.03422588
120400	-302.6719	-288.2263	-14.44557	1.611364	0.06874041
120600	-303.703	-285.3146	-18.38833	1.917133	0.1578605
120800	-303.1278	-289.6937	-13.43409	1.512684	0.06992326
121000	-308.3823	-291.5174	-16.86491	1.622195	0.2856154
121200	-301.9947	-287.9017	-14.09295	1.621754	0.02694326
121400	-303.6001	-291.4926	-12.10755	1.327207	0.1219396
121600	-300.8241	-286.4982	-14.32585	1.632452	0.03963863
121800	-300.6329	-286.4362	-14.19672	1.620598	0.0389355
122000	-302.0994	-288.1292	-13.97019	1.559242	0.0745154
122200	-302.7134	-286.1077	-16.60578	1.889143	0.01141054
122400	-302.5788	-285.4847	-17.09405	1.846491	0.1022449
122600	-302.939	-291.0551	-11.88396	1.413725	0.01507761
122800	-302.1775	-284.7294	-17.4481	1.902237	0.08034197
123000	-301.8488	-287.5797	-14.26905	1.558408	0.1082477
123200	-303.2527	-285.9858	-17.26697	1.757447	0.1993067
123400	-303.7553	-288.4279	-15.32749	1.520135	0.2510193
123600	-304.6068	-282.948	-21.65874	2.216018	0.1890768
123800	-303.9284	-285.2468	-18.6816	2.078527	0.02962146
124000	-301.2825	-285.9331	-15.34935	1.70804	0.06723405
124200	-304.7134	-286.5774	-18.13606	1.724101	0.3101085
124400	-308.3387	-288.9618	-19.37688	2.004043	0.1716411
124600	-302.6285	-285.4562	-17.1723	1.870677	0.08252408
124800	-300.8466	-285.8716	-14.97499	1.67746	0.05918741
125000	-302.0224	-290.4161	-11.60634	1.389889	0.01140506
125200	-304.601	-283.3843	-21.2167	2.213885	0.1454721
125400	-307.8214	-287.5949	-20.22655	2.039298	0.2168952
125600	-305.2141	-289.4042	-15.80988	1.655707	0.1599956
125800	-302.1613	-283.5968	-18.56449	2.072711	0.02391058
126000	-303.7533	-286.9959	-16.75739	1.808643	0.104199
126200	-301.8677	-287.3116	-14.55603	1.633398	0.05941477
126400	-303.1762	-292.1199	-11.05631	1.28495	0.05855471
126600	-310.2942	-298.4945	-11.79966	1.169795	0.2318833
126800	-302.0396	-283.8291	-18.21053	2.024757	0.03752615
127000	-301.4688	-288.5027	-12.96612	1.536291	0.001048175
127200	-308.9393	-298.2032	-10.73612	1.305641	0.008367232
127400	-302.3114	-287.7186	-14.59275	1.589394	0.1044052
127600	-302.5918	-286.5405	-16.05129	1.818201	0.02612873
127800	-301.6814	-287.2443	-14.43709	1.643369	0.03917341
128000	-301.9852	-286.6105	-15.37474	1.770109	0.00796207
128200	-308.3173	-293.3244	-14.99293	1.631372	0.1031165
128400	-303.8804	-290.5102	-13.37021	1.377572	0.1894163
128600	-302.1638	-284.8593	-17.30447	1.884419	0.08359198
128800	-303.9605	-289.1533	-14.8072	1.720629	0.0008265565
129000	-306.7897	-287.4483	-19.34145	1.797392	0.3749492
129200	-302.565	-285.9254	-16.63958	1.879038	0.02519077
129400	-301.5621	-287.6614	-13.90077	1.585379	0.0449274
129600	-304.4394	-286.299	-18.14045	1.924602	0.1195822
129800	-300.9177	-287.0591	-13.85856	1.56982	0.0551567
130000	-302.6103	-290.6937	-11.91663	1.400904	0.03080662
130200	-300.8507	-285.2152	-15.63545	1.775173	0.02864288
130400	-304.3925	-287.7766	-16.61586	1.728541	0.158887
130600	-304.2078	-285.596	-18.61173	1.734491	0.359603
130800	-300.7585	-285.2097	-15.54871	1.75514	0.03988045
131000	-304.7624	-284.2466	-20.51583	1.946929	0.3387241
131200	-302.0815	-289.7151	-12.36636	1.413497	0.06079921
131400	-303.0341	-290.5206	-12.51346	1.392688	0.09811441
131600	-302.847	-285.6616	-17.1854	1.70935	0.2430185
131800	-305.8371	-286.6429	-19.19428	1.663079	0.4899554
132000	-301.2753	-285.0889	-16.18641	1.820044	0.03794674
132200	-301.1878	-287.9435	-13.24432	1.528002	0.03652766
132400	-302.5654	-289.5538	-13.01158	1.413271	0.1248165
132600	-302.2721	-286.498	-15.77412	1.705839	0.1085392
132800	-303.3556	-286.8929	-16.46268	1.61085	0.2645391
133000	-303.7692	-283.3442	-20.42501	2.095962	0.1873017
133200	-304.7547	-290.8418	-13.91291	1.40728	0.2084358
133400	-301.0594	-286.037	-15.02244	1.73569	0.007100201
133600	-304.6852	-285.0723	-19.61291	1.974465	0.2172022
133800	-301.0404	-284.726	-16.31446	1.823709	0.04725639
134000	-301.4902	-287.2957	-14.19456	1.657255	0.002809443
134200	-302.8946	-287.2738	-15.62082	1.714405	0.08739902
134400	-303.0253	-286.2939	-16.7314	1.791135	0.1154743
134600	-302.8656	-285.6278	-17.23786	1.901736	0.05895505
134800	-301.6786	-285.4517	-16.22688	1.82801	0.03410613
135000	-302.477	-288.172	-14.30506	1.60053	0.06683953
135200	-301.502	-283.9846	-17.5174	1.940912	0.05064237
135400	-304.1284	-284.5896	-19.53879	1.922704	0.262244
135600	-303.36	-284.3374	-19.0226	1.997626	0.1397126
135800	-301.5284	-287.977	-13.55138	1.577757	0.01715517
136000	-301.7699	-287.3926	-14.37724	1.613617	0.06148931
136200	-302.0542	-286.1892	-15.86501	1.811132	0.01538724
136400	-302.4067	-283.7484	-18.65832	2.07554	0.0302102
136600	-301.3199	-285.5289	-15.79101	1.744003	0.07432589
136800	-301.6472	-285.6342	-16.013	1.724772	0.1168499
137000	-302.6031	-284.7706	-17.83253	1.961957	0.06122433
137200	-301.3777	-286.0255	-15.35225	1.704477	0.068618
137400	-304.6664	-284.3513	-20.31514	2.151302	0.1155439
137600	-303.4434	-286.4274	-17.01594	1.931156	0.01032058
137800	-301.8498	-290.1643	-11.68549	1.38105	0.02746623
138000	-301.3541	-285.888	-15.46608	1.683288	0.1019966
138200	-301.7928	-285.9889	-15.80387	1.765632	0.0526843
138400	-306.8966	-288.0311	-18.86556	1.65036	0.4390141
138600	-303.5134	-287.8673	-15.64611	1.784987	0.01928937
138800	-303.0638	-287.8516	-15.21217	1.681307	0.07693903
139000	-301.3465	-283.6168	-17.72963	1.975352	0.03798168
139200	-304.4381	-287.4776	-16.96048	1.824163	0.1151739
139400	-302.6977	-289.9483	-12.74939	1.482423	0.0307932
139600	-300.7859	-284.2936	-16.49233	1.860894	0.02867241
139800	-301.8259	-287.6571	-14.16882	1.550696	0.1025779
140000	-302.3863	-289.508	-12.87832	1.449928	0.07455166
140200	-304.274	-282.7911	-21.48286	2.307474	0.08262087
140400	-305.8273	-290.4387	-15.38861	1.762599	0.01610359
140600	-303.5697	-285.4908	-18.07885	1.998337	0.04840714
140800	-301.1559	-284.43	-16.72584	1.905156	0.007973849
141000	-301.3611	-286.5857	-14.77539	1.610927	0.1055117
141200	-302.4428	-287.4396	-15.00329	1.734044	0.006781612
141400	-309.3528	-284.5534	-24.79936	2.585075	0.1257775
141600	-301.7225	-284.9642	-16.75835	1.793106	0.1200678
141800	-301.3077	-285.7026	-15.60514	1.736285	0.06485399
142000	-301.998	-288.8306	-13.16741	1.458495	0.09734788
142200	-301.6313	-286.8756	-14.75574	1.6307	0.08201206
142400	-301.6076	-286.5604	-15.04723	1.72161	0.02344758
142600	-301.1939	-288.2943	-12.89962	1.501502	0.02876035
142800	-301.4545	-285.364	-16.09044	1.765776	0.08137169
143000	-302.9765	-286.7824	-16.19406	1.761188	0.0944737
143200	-304.8051	-286.3562	-18.44892	1.632127	0.4439918
143400	-302.231	-285.1213	-17.1097	1.856743	0.09599051
143600	-303.084	-284.15	-18.93394	2.036386	0.09519005
143800	-303.5639	-285.9346	-17.62923	1.956344	0.04566182
144000	-301.4416	-287.1935	-14.24814	1.631233	0.03251525
144200	-302.2652	-287.3005	-14.96469	1.657766	0.07471172
144400	-300.812	-288.1323	-12.6797	1.504079	0.004567169
144600	-302.2737	-286.5536	-15.72008	1.788182	0.02332639
144800	-302.1624	-283.8239	-18.33846	2.052083	0.02197237
145000	-304.0128	-287.8944	-16.11848	1.79939	0.04869198
145200	-307.7219	-287.6722	-20.0497	2.186014	0.05642998
145400	-301.9711	-287.3545	-14.61655	1.648156	0.05197399
145600	-303.0665	-283.8346	-19.2319	2.10266	0.05923085
145800	-300.4397	-284.4182	-16.02151	1.842685	0.0002569714
146000	-302.3929	-285.5875	-16.80545	1.81714	0.09943986
146200	-300.7366	-286.1758	-14.56089	1.651241	0.04486654
146400	-301.5554	-287.0037	-14.55168	1.659701	0.03480402
146600	-303.0286	-287.4007	-15.62784	1.761757	0.04023343
146800	-301.546	-288.4098	-13.13616	1.544822	0.009193074
147000	-305.1216	-290.2417	-14.87995	1.572995	0.1425264
147200	-302.1596	-289.8959	-12.26376	1.408535	0.05736004
147400	-300.2749	-285.5981	-14.67677	1.703827	0.004529829
147600	-302.1399	-286.6392	-15.50069	1.764067	0.02531957
147800	-302.4459	-290.8798	-11.56613	1.354799	0.04035595
148000	-302.0881	-290.6693	-11.41876	1.358012	0.02414559
148200	-301.7848	-288.7096	-13.07515	1.494708	0.05071825
148400	-302.5407	-285.2168	-17.32388	1.865079	0.1034102
148600	-301.9063	-284.2092	-17.69712	1.961182	0.04835118
148800	-301.2305	-288.8955	-12.33499	1.45083	0.02270428
149000	-304.2071	-287.9564	-16.25078	1.863677	0.002088717
149200	-301.0292	-288.0952	-12.93394	1.524792	0.009122294
149400	-303.2446	-290.9145	-12.33008	1.40444	0.06478929
149600	-301.184	-286.5573	-14.62677	1.610599	0.09062567
149800	-301.8178	-284.4716	-17.34618	1.893271	0.08075727
150000	-301.7965	-287.3469	-14.44961	1.594097	0.08713871
150200	-302.6303	-284.7042	-17.92614	2.015748	0.01702738
150400	-303.636	-282.8946	-20.74138	2.199847	0.113558
150600	-300.4961	-285.8498	-14.64632	1.694181	0.01092169
150800	-301.7617	-285.1618	-16.59986	1.818957	0.0786546
151000	-300.756	-286.049	-14.70696	1.672419	0.03853809
151200	-301.5285	-289.3954	-12.13302	1.439013	0.01479241
151400	-301.3082	-286.9443	-14.36385	1.607796	0.06727225
151600	-302.7553	-290.5342	-12.22106	1.422648	0.03742831
151800	-300.8952	-286.559	-14.33614	1.609805	0.06292864
152000	-302.8178	-287.9229	-14.89488	1.590744	0.137425
152200	-302.9641	-287.7739	-15.19024	1.704112	0.05228357
152400	-301.8807	-284.4412	-17.43948	1.849636	0.1327387
152600	-301.9418	-284.5179	-17.42395	1.973569	0.009233738
152800	-301.4282	-287.9505	-13.47775	1.522733	0.06299467
153000	-301.893	-283.8556	-18.03741	2.02133	0.02296906
153200	-304.4786	-286.59	-17.88859	1.889424	0.1345279
153400	-304.8484	-284.2053	-20.64312	2.088831	0.2207317
153600	-303.8329	-283.0717	-20.76116	2.099285	0.2164242
153800	-303.6963	-286.5007	-17.19554	1.934923	0.02429325
154000	-300.3284	-286.0159	-14.3125	1.658679	0.01311716
154200	-304.3716	-287.1649	-17.2067	1.570397	0.379334
154400	-304.8971	-286.543	-18.35408	2.028634	0.04361835
154600	-303.0579	-287.3995	-15.65845	1.669221	0.1285685
154800	-305.3164	-287.6633	-17.65304	1.642476	0.3438439
155000	-305.7879	-293.8105	-11.9774	1.424876	0.01314987
155200	-301.9152	-287.7736	-14.14164	1.652425	0.002408165
155400	-301.5992	-289.2317	-12.36754	1.425374	0.05020958
155600	-300.5475	-286.503	-14.04451	1.614312	0.03031665
155800	-300.927	-286.1035	-14.82358	1.690292	0.03155807
156000	-303.1982	-290.0962	-13.102	1.40612	0.1367089
156200	-303.2051	-286.8272	-16.37782	1.869405	0.008863529
156400	-303.9445	-288.4321	-15.51247	1.527413	0.2547648
156600	-302.6794	-289.4902	-13.18913	1.53666	0.0216751
156800	-304.6053	-285.2398	-19.3655	1.899535	0.26275
157000	-304.716	-283.4389	-21.27707	2.070334	0.2929379
157200	-303.2619	-286.1735	-17.08845	1.853784	0.09461108
157400	-304.2347	-290.3153	-13.91939	1.596464	0.03383267
157600	-300.6371	-286.9782	-13.65893	1.596439	0.009849624
157800	-304.9989	-291.757	-13.24185	1.437198	0.1282712
158000	-304.1397	-287.6025	-16.53722	1.649654	0.2283935
158200	-305.8224	-284.6329	-21.18943	2.277427	0.07763039
158400	-304.0546	-284.5501	-19.50454	2.070367	0.1152446
158600	-301.7463	-287.4538	-14.29255	1.559696	0.105725
158800	-301.9434	-286.0357	-15.90771	1.783329	0.04554609
159000	-303.4769	-285.0249	-18.45206	1.954982	0.1244868
159200	-301.8482	-287.5856	-14.26261	1.591268	0.07260903
159400	-302.6978	-285.5725	-17.12534	1.917546	0.03369742
159600	-301.4991	-285.0027	-16.49632	1.877355	0.01260161
159800	-301.452	-288.6136	-12.83843	1.481929	0.04071686
160000	-302.1667	-285.5179	-16.64877	1.807851	0.09334994
160200	-302.8994	-288.1753	-14.72405	1.662449	0.04897002
160400	-305.7593	-293.1061	-12.65321	1.41421	0.08870723
160600	-302.9559	-287.7898	-15.16619	1.734173	0.02239077
160800	-303.1917	-288.7859	-14.40574	1.638919	0.03938159
161000	-303.853	-287.7612	-16.09178	1.763745	0.08295388
161200	-301.8979	-285.2319	-16.66597	1.851125	0.05518653
161400	-311.4391	-289.8616	-21.57758	2.03427	0.3616028
161600	-302.5809	-291.5276	-11.05328	1.311299	0.0333121
161800	-304.6519	-284.27	-20.38192	1.969912	0.3018619
162000	-301.6986	-286.1813	-15.51724	1.770649	0.02093304
162200	-301.9721	-286.8752	-15.09693	1.685188	0.06149431
162400	-302.7061	-290.8036	-11.90257	1.399517	0.02970879
162600	-301.9574	-287.7563	-14.20113	1.517614	0.1400817
162800	-304.0231	-288.128	-15.89508	1.79522	0.03225031
163000	-300.8739	-284.099	-16.77485	1.913852	0.004347556
163200	-301.7831	-286.1664	-15.61674	1.694956	0.1072846
163400	-303.6831	-288.6159	-15.06719	1.466675	0.2734384
163600	-301.8609	-288.5903	-13.27055	1.490752	0.07486484
163800	-302.9203	-283.8169	-19.10336	2.104778	0.04477484
164000	-303.1285	-284.7233	-18.40519	1.962511	0.1139657
164200	-301.4298	-287.6178	-13.81196	1.553089	0.06613222
164400	-305.8751	-291.1957	-14.67932	1.700892	0.007405979
164600	-301.9898	-285.792	-16.19779	1.79933	0.05803375
164800	-305.753	-288.0064	-17.74658	1.931067	0.08208581
165000	-301.4391	-286.7376	-14.70149	1.67453	0.03450098
165200	-302.8732	-285.2913	-17.58193	1.970783	0.02808993
165400	-304.0352	-286.4408	-17.5944	1.904042	0.09137898
165600	-302.6951	-286.8942	-15.80083	1.702254	0.1158859
165800	-302.5295	-284.8717	-17.6578	1.878493	0.1235546
166000	-304.8447	-292.6365	-12.20823	1.419397	0.03935087
166200	-303.139	-288.1603	-14.97868	1.660453	0.07432635
166400	-303.4755	-283.8074	-19.66809	2.014951	0.1874377
166600	-304.4545	-293.2225	-11.23204	1.328916	0.03304657
166800	-302.9834	-284.9861	-17.99732	1.821229	0.2167032
167000	-307.0031	-288.7736	-18.22944	1.875747	0.1751421
167200	-302.1303	-288.0542	-14.07612	1.585483	0.06214693
167400	-304.0274	-290.1073	-13.92013	1.574038	0.05716527
167600	-305.2282	-285.2719	-19.95631	1.733987	0.490964
167800	-300.6559	-285.1779	-15.47802	1.780753	0.007603348
168000	-302.8579	-290.9699	-11.888	1.351115	0.07426179
168200	-301.9715	-285.2523	-16.71919	1.852409	0.05809856
168400	-302.7437	-290.5125	-12.2312	1.406593	0.05564292
168600	-302.738	-283.3408	-19.39723	2.04889	0.1309922
168800	-301.8376	-285.498	-16.33966	1.860926	0.01330063
169000	-303.2591	-284.3567	-18.90242	1.903865	0.2203897
169200	-301.9137	-290.118	-11.79563	1.412633	0.007640611
169400	-301.6893	-284.235	-17.45429	1.970415	0.01531096
169600	-304.1973	-288.2722	-15.92513	1.678245	0.1468395
169800	-303.2928	-285.0899	-18.20283	1.904726	0.1486914
170000	-304.8592	-285.9666	-18.89257	2.023396	0.09995816
170200	-301.7224	-287.9131	-13.80924	1.564349	0.05602606
170400	-302.2441	-288.5014	-13.74272	1.567541	0.0446928
170600	-300.6272	-287.062	-13.56516	1.593891	0.00328828
170800	-302.2763	-284.2443	-18.03202	1.940844	0.1011717
171000	-303.9817	-286.3412	-17.64058	1.911524	0.08920769
171200	-300.9164	-285.5547	-15.36173	1.774649	0.002243205
171400	-302.9375	-286.711	-16.2265	1.645945	0.2152936
171600	-302.4739	-291.8217	-10.65221	1.298891	0.006871874
171800	-300.7983	-284.9587	-15.83963	1.788388	0.03573974
172000	-301.0903	-284.3081	-16.78221	1.910158	0.008914491
172200	-302.1738	-284.0493	-18.12449	1.972394	0.07852306
172400	-302.5295	-290.7741	-11.75546	1.380519	0.03366137
172600	-303.6344	-292.8394	-10.79499	1.30918	0.0106681
172800	-303.3092	-283.8167	-19.49248	2.053615	0.1340458
173000	-301.0052	-286.5892	-14.41607	1.638109	0.04298318
173200	-303.9411	-286.0681	-17.87306	1.797565	0.2174432
173400	-300.8983	-285.3307	-15.56757	1.767804	0.02938075
173600	-302.4994	-285.8212	-16.67824	1.68175	0.2206428
173800	-301.362	-283.4216	-17.94033	2.015266	0.01940711
174000	-302.693	-286.9954	-15.6976	1.80849	0.001975996
174200	-306.6298	-288.9593	-17.6705	1.961465	0.04395687
174400	-302.378	-288.3214	-14.05663	1.521662	0.1181871
174600	-301.9025	-287.1324	-14.77015	1.694052	0.02237908
174800	-305.8396	-287.7881	-18.0515	1.833594	0.1987137
175000	-302.4031	-288.4564	-13.94676	1.493446	0.1367796
175200	-304.2932	-291.1981	-13.09505	1.446616	0.09933346
175400	-304.5449	-289.3539	-15.19092	1.730173	0.0285487
175600	-303.5607	-286.7734	-16.78723	1.624596	0.2904769
175800	-304.8707	-288.5366	-16.33413	1.724502	0.1368002
176000	-302.564	-290.2806	-12.28339	1.40912	0.05642728
176200	-300.87	-284.9929	-15.87704	1.781854	0.0456574
176400	-304.0475	-291.9993	-12.04815	1.423031	0.0206092
176600	-304.0383	-289.6276	-14.41071	1.674358	0.006942228
176800	-303.1243	-286.1953	-16.92899	1.898107	0.03349766
177000	-301.9	-286.9779	-14.9221	1.683026	0.04696758
177200	-301.7434	-287.5387	-14.20465	1.555933	0.1021066
177400	-305.5146	-284.8438	-20.67074	1.822825	0.4732229
177600	-301.6803	-290.2721	-11.40827	1.367692	0.01354777
177800	-304.0178	-292.4214	-11.59632	1.281674	0.1151333
178000	-303.2485	-284.7473	-18.50114	2.075816	0.01436833
178200	-304.0636	-287.1241	-16.93943	1.782391	0.1420988
178400	-302.3374	-285.1316	-17.20576	1.822891	0.1345618
178600	-301.753	-283.3401	-18.41294	2.081154	0.0009173294
178800	-305.3573	-287.9817	-17.37565	1.598255	0.3551403
179000	-303.5341	-283.1429	-20.39125	2.128005	0.1536363
179200	-301.8722	-286.6052	-15.26696	1.616234	0.1488753
179400	-304.8278	-288.0119	-16.81591	1.737943	0.1871401
179600	-303.7527	-290.8265	-12.92623	1.507436	0.02608895
179800	-300.7828	-288.0576	-12.72521	1.506558	0.006495269
180000	-304.082	-285.5779	-18.50403	1.901252	0.1789193
180200	-302.5306	-286.1924	-16.33822	1.795705	0.07680542
180400	-302.3905	-288.0951	-14.29544	1.661273	0.008626873
180600	-301.7237	-285.7544	-15.96934	1.691856	0.1424283
180800	-301.375	-285.8729	-15.50208	1.7534	0.03625046
181000	-302.1954	-287.1296	-15.06583	1.574421	0.1702419
181200	-300.4351	-285.6727	-14.76246	1.716239	0.0007843482
181400	-304.3317	-285.619	-18.71263	1.765196	0.3411896
181600	-305.4172	-282.5867	-22.83047	2.486151	0.0372594
181800	-300.398	-285.7195	-14.6785	1.702846	0.00562969
182000	-301.1546	-285.347	-15.80756	1.731335	0.08815426
182200	-302.0738	-287.0828	-14.991	1.709851	0.02816015
182400	-303.0198	-292.0197	-11.00006	1.33589	0.00456798
182600	-300.496	-286.3177	-14.17831	1.633141	0.02485205
182800	-302.3084	-287.071	-15.2374	1.637713	0.1203811
183000	-303.5216	-286.7105	-16.8111	1.748931	0.1611612
183200	-302.5091	-288.8131	-13.69603	1.605117	0.005046084
183400	-303.0639	-283.6865	-19.3774	2.022828	0.155247
183600	-303.5594	-282.7152	-20.84412	2.228789	0.09547035
183800	-302.3022	-288.1415	-14.16068	1.575462	0.07644915
184000	-301.7004	-284.989	-16.71141	1.911912	2.290776e-05
184200	-302.7663	-285.3649	-17.40132	1.867204	0.1077571
184400	-304.1116	-284.323	-19.78853	2.003855	0.2112444
184600	-300.3672	-285.7367	-14.63047	1.701462	0.002307805
184800	-304.3992	-290.6126	-13.78663	1.425438	0.1850519
185000	-301.2433	-285.2049	-16.03846	1.807438	0.03635777
185200	-302.082	-286.9541	-15.1279	1.712599	0.03832732
185400	-304.5615	-287.579	-16.98255	1.775796	0.1495106
185600	-304.6263	-287.9719	-16.65441	1.611403	0.2743258
185800	-302.5166	-289.451	-13.0656	1.514496	0.03053475
186000	-302.7544	-287.2576	-15.49685	1.790074	0.0003821741
186200	-304.0958	-286.4356	-17.66018	1.950121	0.05544427
186400	-301.698	-287.395	-14.30296	1.570346	0.09643308
186600	-304.7598	-287.7642	-16.99561	1.638262	0.2815272
186800	-300.8554	-286.3618	-14.49358	1.679904	0.009914808
187000	-302.7332	-284.052	-18.68122	1.904173	0.20357
187200	-303.7832	-286.2138	-17.56942	1.678951	0.3063046
187400	-302.1953	-283.7797	-18.41561	1.971731	0.1089838
187600	-305.9993	-284.8569	-21.14248	2.183488	0.1624188
187800	-301.3715	-287.7549	-13.61663	1.52142	0.07932315
188000	-304.4174	-287.0249	-17.3925	1.706457	0.255825
188200	-303.3191	-284.4835	-18.83565	1.857271	0.2599744
188400	-303.6093	-285.9438	-17.66547	1.971014	0.03528694
188600	-303.5714	-284.7969	-18.77456	1.880233	0.2287472
188800	-300.6015	-286.6832	-13.91837	1.615193	0.01682197
189000	-303.5653	-283.8206	-19.74477	2.065578	0.1461424
189200	-302.4125	-282.9674	-19.44512	2.170832	0.01427541
189400	-303.6973	-286.7376	-16.95973	1.633855	0.2916344
189600	-303.0922	-283.6252	-19.46703	2.08537	0.09931198
189800	-303.4964	-292.3019	-11.19457	1.356733	0.003329867
190000	-303.2123	-285.3485	-17.86374	1.893118	0.1311873
190200	-303.5475	-288.7391	-14.80838	1.56787	0.1467539
190400	-303.6751	-290.7664	-12.90867	1.352581	0.1704783
190600	-311.2999	-287.1348	-24.16513	2.590266	0.06443333
190800	-301.4245	-286.905	-14.51953	1.691561	0.001114801
191000	-302.5444	-290.7891	-11.75537	1.347836	0.06615352
191200	-301.1311	-287.4952	-13.63592	1.562117	0.04080357
191400	-301.7793	-284.1174	-17.66191	1.961325	0.04531923
191600	-304.1231	-286.2255	-17.8976	1.814159	0.2178512
191800	-303.2331	-285.8337	-17.39938	1.933952	0.04359114
192000	-302.6564	-284.2013	-18.45515	1.896855	0.1880192
192200	-303.7025	-291.6358	-12.06679	1.426404	0.02030686
192400	-302.29	-286.0977	-16.19232	1.78514	0.07075425
192600	-301.9053	-289.3482	-12.55713	1.461284	0.03327088
192800	-302.142	-289.1912	-12.9508	1.500957	0.03336731
193000	-303.1827	-285.6628	-17.51992	1.881305	0.1052985
193200	-303.4315	-283.0902	-20.34123	2.156228	0.1194806
193400	-304.8207	-282.7225	-22.0982	2.420324	0.03114775
193600	-302.5194	-286.6809	-15.83852	1.740937	0.07830995
193800	-303.6317	-287.0701	-16.56163	1.577786	0.3074376
194000	-304.2122	-285.7501	-18.46205	1.913881	0.1651518
194200	-305.1051	-293.0085	-12.09654	1.368259	0.07886631
194400	-302.4698	-287.6374	-14.83238	1.664133	0.0559328
194600	-300.9434	-288.6552	-12.2882	1.46813	0.001436525
194800	-301.6835	-288.4904	-13.19309	1.505938	0.05322318
195000	-305.2566	-288.0135	-17.24307	1.859007	0.1036726
195200	-302.1045	-286.3963	-15.70824	1.786409	0.02557269
195400	-301.2338	-285.3131	-15.92076	1.818488	0.01392732
195600	-302.5207	-286.0695	-16.45121	1.851863	0.03170633
195800	-304.6486	-287.1746	-17.47399	1.597026	0.3745461
196000	-301.5231	-287.0586	-14.46444	1.581695	0.1036442
196200	-301.9222	-288.1074	-13.81479	1.520122	0.09797868
196400	-302.2035	-288.6711	-13.53238	1.583673	0.00973709
196600	-304.1899	-287.0422	-17.14773	1.582812	0.362991
196800	-304.0097	-283.9557	-20.05405	2.1551	0.09131552
197000	-302.5312	-285.2961	-17.2351	1.938573	0.02450575
197200	-305.4212	-284.3998	-21.02138	2.312589	0.02954012
197400	-301.415	-284.0086	-17.40644	1.930897	0.05046108
197600	-306.6353	-289.3834	-17.25186	1.623195	0.3293279
197800	-303.2097	-287.9187	-15.291	1.721451	0.04671185
198000	-302.6696	-285.9618	-16.70781	1.774913	0.1305655
198200	-305.1449	-285.8549	-19.29003	2.067137	0.09579976
198400	-302.9393	-285.5244	-17.41493	1.914888	0.06440099
198600	-301.8324	-287.0281	-14.80437	1.654618	0.06598621
198800	-300.7818	-284.6005	-16.18127	1.830521	0.02813617
199000	-301.7334	-286.8866	-14.84677	1.70674	0.01753662
199200	-302.0494	-283.8367	-18.21274	2.056241	0.005683286
199400	-300.7788	-284.9051	-15.87369	1.819529	0.008594498
199600	-301.6755	-289.4321	-12.2434	1.422096	0.04114267
199800	-301.6953	-285.6096	-16.08563	1.824563	0.02360216
200000	-302.4425	-285.7108	-16.73171	1.799244	0.1130825
