Iteration	Posterior	Likelihood	Prior	branch_rates	speciation_rate
0	-301.5424	-283.4429	-18.09949	1.922751	0.1269747
200	-301.3518	-285.2506	-16.10121	1.820543	0.02858974
400	-302.0373	-285.6172	-16.42008	1.740487	0.1334188
600	-299.9069	-285.9616	-13.94531	1.598978	0.03472322
800	-300.8423	-287.5639	-13.27831	1.479673	0.0843581
1000	-301.9504	-288.2252	-13.72521	1.585412	0.02695654
1200	-302.8363	-285.3399	-17.49633	1.886515	0.09652256
1400	-300.7956	-284.2607	-16.53496	1.81455	0.0801965
1600	-305.281	-285.2204	-20.06062	1.804419	0.4147893
1800	-299.4483	-284.8511	-14.59718	1.695326	0.005107241
2000	-303.0814	-287.2194	-15.86199	1.477309	0.3359589
2200	-300.5173	-285.8119	-14.70532	1.672073	0.03704748
2400	-302.4756	-285.6927	-16.78298	1.760728	0.1481912
2600	-301.873	-283.8673	-18.00576	1.867159	0.1685427
2800	-299.7622	-285.8894	-13.87277	1.603297	0.02393726
3000	-303.7891	-284.6869	-19.10225	1.994127	0.1508895
3200	-303.0646	-283.3636	-19.70106	2.046187	0.1606173
3400	-299.8287	-285.0973	-14.73146	1.699406	0.0140928
3600	-303.0595	-289.7361	-13.3234	1.565921	0.006654066
3800	-299.7111	-285.4567	-14.25435	1.618117	0.04640726
4000	-299.2912	-285.5206	-13.7706	1.600834	0.016775
4200	-303.2718	-289.1752	-14.09662	1.517696	0.1218345
4400	-300.1894	-284.2666	-15.92273	1.725812	0.1054072
4600	-300.5778	-283.4824	-17.09535	1.87747	0.07286559
4800	-304.6708	-292.2402	-12.43065	1.257169	0.211933
5000	-304.3806	-287.9621	-16.41848	1.515262	0.3632905
5200	-300.3026	-285.2234	-15.0793	1.724077	0.02362169
5400	-302.8854	-282.6735	-20.21186	2.137686	0.1214952
5600	-300.9825	-286.7196	-14.26296	1.593814	0.07043532
5800	-304.474	-283.397	-21.07708	2.176105	0.1665405
6000	-300.3263	-286.8694	-13.45689	1.51679	0.06635277
6200	-299.4758	-286.645	-12.83081	1.507904	0.01557663
6400	-307.3664	-294.7164	-12.65003	1.390142	0.1080152
6600	-300.1455	-283.3901	-16.75541	1.863135	0.05250009
6800	-302.4442	-285.8177	-16.62643	1.793951	0.1036996
7000	-303.4058	-285.1106	-18.29521	1.825648	0.2364359
7200	-307.8984	-283.1104	-24.78802	2.081805	0.6148101
7400	-299.288	-286.5439	-12.74406	1.509612	0.005465552
7600	-306.6808	-292.7254	-13.95532	1.449807	0.177867
7800	-300.5499	-286.6597	-13.89021	1.548994	0.07924014
8000	-299.9033	-287.8348	-12.06843	1.437867	0.009350781
8200	-302.2804	-283.4114	-18.86897	2.054981	0.07079271
8400	-303.889	-283.9997	-19.88925	2.163654	0.06558152
8600	-304.8301	-286.3602	-18.46992	2.080273	0.007791128
8800	-300.9349	-283.6881	-17.24679	1.949898	0.01499081
9000	-305.6745	-284.0815	-21.59302	2.25894	0.132302
9200	-302.4648	-284.0009	-18.46384	1.788846	0.2896192
9400	-304.4099	-289.2014	-15.20857	1.706658	0.05139919
9600	-305.1069	-284.6522	-20.45465	2.245382	0.03787568
9800	-305.122	-282.5375	-22.58443	2.028355	0.4662748
10000	-299.2916	-285.3615	-13.93008	1.624672	0.009038099
10200	-301.36	-289.0231	-12.33689	1.425814	0.04537316
10400	-300.2494	-286.8458	-13.4036	1.557951	0.02188359
10600	-300.7995	-283.695	-17.10444	1.833048	0.1150886
10800	-301.9871	-285.7105	-16.27667	1.836725	0.03025018
11000	-303.0909	-285.2854	-17.80553	1.793107	0.21513
11200	-301.9007	-288.3164	-13.58439	1.550116	0.04529288
11400	-305.4382	-283.7955	-21.6427	2.173199	0.2262635
11600	-299.4442	-285.0842	-14.36003	1.65357	0.02300443
11800	-300.8912	-285.4796	-15.4116	1.631056	0.1449984
12000	-300.6065	-286.4723	-14.13426	1.603722	0.0475168
12200	-302.5083	-286.7838	-15.72449	1.707675	0.1018361
12400	-301.9997	-288.3118	-13.68786	1.518964	0.08951024
12600	-299.9222	-283.9286	-15.99364	1.770697	0.06831034
12800	-299.9746	-287.0732	-12.90149	1.481907	0.04726727
13000	-300.3818	-286.2297	-14.15209	1.623268	0.03197958
13200	-299.179	-285.4748	-13.70413	1.604385	0.006618642
13400	-299.1942	-284.942	-14.25229	1.653499	0.01220309
13600	-299.788	-285.3228	-14.46521	1.615455	0.07024436
13800	-301.5834	-282.1249	-19.45847	2.163714	0.02279101
14000	-299.4959	-286.3242	-13.17167	1.534332	0.02290611
14200	-300.8947	-288.4506	-12.44406	1.413506	0.07057991
14400	-301.913	-291.2588	-10.65422	1.254017	0.0508294
14600	-300.8601	-283.5215	-17.33857	1.890276	0.08444765
14800	-301.4719	-284.4745	-16.99747	1.90983	0.02909464
15000	-300.8405	-285.1837	-15.65687	1.718389	0.08686283
15200	-303.1939	-287.5952	-15.59869	1.494987	0.2989198
15400	-301.417	-288.3396	-13.07745	1.444701	0.1019891
15600	-300.8035	-286.049	-14.75451	1.689055	0.02628074
15800	-301.765	-285.9988	-15.76622	1.609428	0.1977286
16000	-299.9412	-287.3869	-12.55434	1.489284	0.006635579
16200	-300.3927	-283.7189	-16.67377	1.832394	0.0756716
16400	-300.9501	-286.4623	-14.48782	1.632522	0.05344725
16600	-302.058	-290.0676	-11.99046	1.438131	0.001716606
16800	-303.6759	-285.7561	-17.91983	1.915568	0.1091108
17000	-301.6203	-288.781	-12.83925	1.402607	0.1202453
17200	-299.196	-284.9388	-14.25729	1.660148	0.006287561
17400	-302.004	-287.317	-14.68701	1.517685	0.185412
17600	-302.6142	-284.696	-17.91828	1.927856	0.09908027
17800	-301.624	-287.8964	-13.72755	1.434264	0.1706263
18000	-300.662	-286.4889	-14.17305	1.587341	0.06809461
18200	-304.6667	-282.452	-22.21474	2.310585	0.1489606
18400	-300.4138	-289.0879	-11.32596	1.35132	0.02119429
18600	-299.6754	-283.8453	-15.83015	1.816164	0.007583026
18800	-301.2739	-283.7756	-17.49824	1.927986	0.0620735
19000	-300.5522	-288.6496	-11.90262	1.393355	0.03605327
19200	-301.1553	-283.2954	-17.85995	1.959616	0.06520522
19400	-300.5934	-284.5973	-15.99605	1.728805	0.1087655
19600	-305.4295	-288.6201	-16.80947	1.716271	0.1902699
19800	-300.4014	-286.4672	-13.93423	1.547652	0.08426527
20000	-303.1205	-288.9306	-14.18995	1.640012	0.01907122
20200	-301.5224	-285.4563	-16.06612	1.702955	0.1366731
20400	-301.9016	-286.8442	-15.05736	1.582554	0.159443
20600	-301.9282	-282.8821	-19.04606	2.085513	0.06046954
20800	-301.457	-288.6208	-12.83621	1.460238	0.0597789
21000	-303.2255	-288.7167	-14.50878	1.48608	0.1902532
21200	-300.0359	-287.6928	-12.34306	1.440597	0.03311746
21400	-300.7939	-287.2062	-13.58768	1.514589	0.0813117
21600	-301.9005	-285.6654	-16.23515	1.850718	0.0125813
21800	-300.5236	-285.1047	-15.41883	1.640167	0.1383026
22000	-300.6723	-288.2212	-12.45106	1.439189	0.04559295
22200	-300.4792	-285.4541	-15.02518	1.680605	0.0626697
22400	-305.3636	-286.2847	-19.07891	1.878034	0.2467359
22600	-300.3174	-287.4811	-12.83628	1.505263	0.01874639
22800	-304.6407	-285.328	-19.31276	2.105324	0.06528842
23000	-303.3581	-283.4874	-19.87079	2.084454	0.1381527
23200	-301.3812	-286.9207	-14.46049	1.490461	0.1925439
23400	-302.8527	-289.0505	-13.80223	1.608097	0.01195139
23600	-301.5417	-283.1193	-18.42237	2.004341	0.07654453
23800	-301.1541	-289.0477	-12.10637	1.357103	0.09127822
24000	-302.5922	-287.6602	-14.93198	1.435814	0.2860446
24200	-300.4077	-285.4079	-14.99975	1.723261	0.01705412
24400	-303.9692	-294.2782	-9.690961	1.151792	0.05514796
24600	-300.5395	-285.3445	-15.19507	1.621743	0.1361529
24800	-304.1034	-287.4569	-16.64649	1.469438	0.4145185
25000	-304.3058	-286.8666	-17.43916	1.9625	0.02233827
25200	-305.4093	-290.3081	-15.10112	1.486764	0.2509784
25400	-300.9975	-287.5916	-13.40581	1.572278	0.008426001
25600	-300.5889	-283.3526	-17.23627	1.880106	0.08393569
25800	-303.2286	-285.5626	-17.66602	1.844198	0.1514033
26000	-303.7138	-286.6868	-17.02696	1.869311	0.06929776
26200	-302.6427	-286.5879	-16.05483	1.803134	0.03998617
26400	-303.0901	-291.6602	-11.42985	1.373101	0.01024563
26600	-301.193	-287.682	-13.511	1.521067	0.07015138
26800	-304.4969	-286.3004	-18.19645	2.009874	0.04959528
27000	-299.5409	-286.5306	-13.01029	1.527602	0.01368504
27200	-299.8211	-285.4394	-14.38162	1.625378	0.05167019
27400	-301.9741	-288.9021	-13.07205	1.544689	0.003106203
27600	-300.6712	-289.8853	-10.78589	1.31933	5.087554e-05
27800	-305.97	-283.0347	-22.93524	2.444741	0.08633213
28000	-301.1151	-288.0629	-13.0522	1.406928	0.134893
28200	-302.6638	-283.1391	-19.5247	1.995398	0.1921932
28400	-302.3191	-287.7528	-14.56628	1.542877	0.1551782
28600	-303.6142	-284.7673	-18.84693	1.955927	0.1645339
28800	-300.1638	-286.0607	-14.10309	1.611436	0.03764213
29000	-302.5405	-285.7621	-16.77842	1.860319	0.05633588
29200	-301.8232	-285.8822	-15.94099	1.82278	0.01178713
29400	-301.2863	-288.2362	-13.05012	1.470917	0.0700503
29600	-303.306	-290.7589	-12.54704	1.482293	0.01215663
29800	-301.8179	-286.8867	-14.93123	1.587505	0.139731
30000	-299.8123	-284.636	-15.17631	1.738695	0.01899258
30200	-303.9066	-287.0533	-16.85327	1.776218	0.1376574
30400	-301.1867	-286.8654	-14.32125	1.65303	0.01906864
30600	-300.2869	-284.4258	-15.86117	1.750583	0.07548857
30800	-301.0578	-287.6716	-13.38625	1.574314	0.004723982
31000	-303.49	-287.1831	-16.30695	1.718031	0.1470513
31200	-304.7313	-290.0765	-14.65476	1.396764	0.287072
31400	-302.9335	-291.1969	-11.73652	1.359147	0.05054914
31600	-302.4229	-287.1552	-15.26773	1.665697	0.09356634
31800	-300.2723	-283.1655	-17.10688	1.901901	0.04873618
32000	-300.655	-284.8891	-15.76586	1.76337	0.05157581
32200	-302.9964	-284.9634	-18.03301	1.679961	0.3510051
32400	-302.0001	-287.6924	-14.30769	1.671562	2.330814e-06
32600	-302.5348	-291.2085	-11.32631	1.343567	0.02931048
32800	-299.8702	-283.6998	-16.17043	1.833846	0.023505
33000	-300.9257	-285.3695	-15.55612	1.711941	0.08029454
33200	-302.6085	-288.1629	-14.44567	1.660454	0.02503359
33400	-302.5881	-284.4921	-18.09597	2.042067	0.007775769
33600	-299.6873	-284.4601	-15.2272	1.759919	0.003584833
33800	-300.9179	-285.0313	-15.8866	1.701274	0.1227113
34000	-303.5219	-286.176	-17.34591	1.603752	0.354517
34200	-301.9614	-284.4869	-17.47446	1.988035	0.0001937944
34400	-300.2121	-284.5455	-15.66664	1.771216	0.03558863
34600	-300.5782	-285.4304	-15.14778	1.625708	0.1249538
34800	-300.9862	-286.7669	-14.21935	1.623897	0.03636793
35000	-303.2065	-283.2712	-19.93525	2.211036	0.02232343
35200	-303.4439	-286.6425	-16.80143	1.605048	0.2983892
35400	-301.1307	-283.5094	-17.62138	1.992474	0.01013752
35600	-300.3439	-285.05	-15.29388	1.662114	0.1042682
35800	-300.6453	-284.6058	-16.0395	1.694062	0.1485134
36000	-302.4441	-287.829	-14.6151	1.652108	0.04645304
36200	-301.1767	-285.5012	-15.67555	1.62625	0.174713
36400	-304.0249	-289.0254	-14.99952	1.623326	0.1082938
36600	-302.3275	-283.3732	-18.95429	1.949806	0.1806187
36800	-300.4085	-284.0444	-16.36409	1.798017	0.07691615
37000	-299.6446	-283.9923	-15.65239	1.779229	0.02627668
37200	-302.0518	-282.0303	-20.02145	2.189671	0.05366051
37400	-300.3098	-286.9155	-13.39429	1.546043	0.03242811
37600	-300.7037	-283.6724	-17.0313	1.811131	0.1307993
37800	-300.0697	-283.9631	-16.10656	1.838681	0.01249985
38000	-301.8913	-287.0809	-14.81033	1.57115	0.1425295
38200	-303.3749	-284.3698	-19.00515	2.025472	0.1089288
38400	-304.7756	-291.6971	-13.07854	1.402542	0.13373
38600	-300.5671	-284.9998	-15.56729	1.697449	0.09591162
38800	-301.8528	-284.8587	-16.99407	1.764751	0.1702433
39000	-299.6511	-287.4795	-12.17153	1.447506	0.01005423
39200	-300.3828	-287.4472	-12.93567	1.469473	0.06384867
39400	-302.6892	-284.2888	-18.40039	1.960592	0.1141775
39600	-300.9321	-286.5811	-14.35101	1.620076	0.05305824
39800	-301.796	-282.2766	-19.51938	2.14001	0.05321584
40000	-299.8137	-286.733	-13.08071	1.519215	0.02931826
40200	-302.181	-285.7204	-16.46062	1.831352	0.05152193
40400	-302.2802	-288.8495	-13.43068	1.366109	0.2120735
40600	-300.7811	-284.2766	-16.50441	1.813463	0.07469287
40800	-302.794	-291.4221	-11.37188	1.346755	0.02870689
41000	-299.9031	-285.1012	-14.80188	1.634386	0.08493853
41200	-308.3596	-289.239	-19.1206	1.52736	0.6052566
41400	-301.0279	-287.8155	-13.21239	1.514308	0.04500035
41600	-300.5182	-287.8094	-12.70875	1.447709	0.06311871
41800	-301.4673	-287.5768	-13.89054	1.482954	0.1410478
42000	-302.5517	-290.8757	-11.67591	1.350613	0.05769107
42200	-301.7382	-285.8324	-15.90581	1.616567	0.2136184
42400	-303.5249	-282.4894	-21.03544	2.342016	0.002283268
42600	-301.3869	-283.2176	-18.16933	2.003968	0.05284625
42800	-299.3896	-286.2526	-13.13704	1.530304	0.02360337
43000	-300.6264	-285.4791	-15.14726	1.658385	0.09707888
43200	-300.1626	-287.0025	-13.16011	1.476165	0.07793187
43400	-304.984	-284.083	-20.90099	2.186297	0.1354701
43600	-300.1342	-284.784	-15.35027	1.7153	0.05883595
43800	-301.5238	-286.3901	-15.13376	1.66392	0.09013592
44000	-299.8935	-286.2679	-13.62557	1.535015	0.06676241
44200	-303.6389	-288.7608	-14.87803	1.534474	0.1841872
44400	-301.1788	-285.3366	-15.84218	1.737957	0.08238062
44600	-304.2331	-290.4687	-13.76438	1.311512	0.2889171
44800	-301.445	-283.6701	-17.7749	2.001404	0.01661805
45000	-299.791	-286.284	-13.50707	1.575128	0.01603616
45200	-299.8742	-286.9894	-12.88486	1.492781	0.03555036
45400	-302.2801	-282.7611	-19.519	2.165697	0.02634543
45600	-301.9381	-289.3874	-12.55061	1.462458	0.03174655
45800	-301.5005	-287.4419	-14.05857	1.574308	0.06779045
46000	-300.0204	-286.3625	-13.65796	1.600898	0.005459647
46200	-303.8767	-285.7275	-18.1492	1.872367	0.1687195
46400	-301.3996	-283.5398	-17.85988	1.973878	0.05098658
46600	-305.283	-288.2241	-17.05895	1.821294	0.1204244
46800	-305.5574	-284.0009	-21.55644	2.254958	0.1330375
47000	-300.3245	-287.7752	-12.54928	1.434973	0.0583633
47200	-301.5048	-285.1512	-16.35358	1.863323	0.01200354
47400	-301.4348	-283.8962	-17.5386	1.981306	0.01324483
47600	-304.5034	-286.1986	-18.30479	1.687393	0.3596041
47800	-300.8622	-288.816	-12.04623	1.390585	0.05399415
48000	-304.5297	-289.3364	-15.19325	1.71514	0.04203702
48200	-301.4111	-290.1015	-11.30961	1.341457	0.02838206
48400	-302.2702	-290.4744	-11.79579	1.361844	0.0565613
48600	-299.9123	-284.7573	-15.15502	1.712499	0.04279474
48800	-301.2426	-288.1608	-13.08176	1.540362	0.008185411
49000	-303.0981	-287.9924	-15.1057	1.710654	0.03738423
49200	-303.6052	-288.1731	-15.43209	1.479706	0.2850681
49400	-302.8986	-288.5245	-14.37412	1.501685	0.173702
49600	-302.5428	-286.953	-15.58981	1.594668	0.199799
49800	-300.1188	-284.2565	-15.86222	1.745672	0.07909279
50000	-300.9515	-287.3444	-13.6071	1.564043	0.03504992
50200	-303.9369	-287.8293	-16.10763	1.663929	0.1773561
50400	-304.5892	-287.3074	-17.28183	1.721726	0.2352519
50600	-300.294	-285.5754	-14.71865	1.695301	0.0164308
50800	-302.0621	-286.6	-15.46207	1.755584	0.0291248
51000	-301.5224	-284.0412	-17.48119	1.950695	0.03645485
51200	-300.0178	-287.52	-12.49783	1.474501	0.01591935
51400	-305.7313	-284.0235	-21.70781	1.969772	0.435847
51600	-302.5271	-282.0351	-20.49201	2.274368	0.01556219
51800	-301.3551	-284.8713	-16.48376	1.866868	0.02130222
52000	-302.1405	-290.3491	-11.79141	1.356688	0.06124876
52200	-301.023	-286.9726	-14.05043	1.629436	0.01547229
52400	-300.5287	-286.2591	-14.26955	1.626807	0.03977741
52600	-302.1827	-284.0611	-18.12158	1.946538	0.1081292
52800	-299.6981	-286.6822	-13.01591	1.50499	0.0366926
53000	-302.8019	-282.8688	-19.93311	2.072099	0.1596616
53200	-299.9168	-287.3669	-12.54989	1.482702	0.01267769
53400	-300.7618	-284.6505	-16.11131	1.846376	0.005284314
53600	-302.9014	-284.9728	-17.92863	1.694402	0.3287705
53800	-300.3704	-285.1871	-15.1833	1.627326	0.1282594
54000	-301.7484	-288.6965	-13.05189	1.397816	0.1415495
54200	-302.8803	-284.3399	-18.54042	1.924938	0.1612237
54400	-301.3978	-285.6208	-15.77692	1.698812	0.1131579
54600	-303.6547	-283.4416	-20.21315	2.199469	0.05985216
54800	-302.9731	-288.4646	-14.50848	1.412482	0.2747938
55000	-300.3197	-284.5555	-15.76418	1.805015	0.01165001
55200	-301.9778	-289.411	-12.56686	1.424626	0.07199368
55400	-301.7951	-288.8256	-12.96953	1.405406	0.1303164
55600	-301.0106	-283.5068	-17.50381	1.864532	0.123611
55800	-303.4994	-291.4476	-12.05185	1.298327	0.1365367
56000	-299.8597	-284.1412	-15.71851	1.754564	0.05734557
56200	-301.1706	-282.9495	-18.22116	1.974219	0.08895695
56400	-301.0624	-285.8299	-15.23253	1.675683	0.08349798
56600	-301.3876	-283.8701	-17.51743	1.906071	0.08372137
56800	-300.9476	-286.7393	-14.20832	1.62744	0.03219923
57000	-302.1051	-290.91	-11.19509	1.347058	0.01308326
57200	-303.3161	-286.7472	-16.56892	1.698496	0.1893122
57400	-304.9549	-284.9783	-19.97667	2.149103	0.08188689
57600	-301.455	-289.8316	-11.62333	1.345532	0.05592134
57800	-299.7527	-285.8776	-13.87507	1.595053	0.03191937
58000	-299.5651	-283.9388	-15.62627	1.772489	0.03059912
58200	-303.5852	-290.287	-13.29819	1.550806	0.01824992
58400	-300.1925	-285.6593	-14.53322	1.597574	0.09305381
58600	-301.3965	-285.2298	-16.16667	1.648449	0.2053705
58800	-301.0546	-284.9576	-16.09701	1.739169	0.1061816
59000	-301.1967	-287.1632	-14.03352	1.643906	0.0002216676
59200	-300.4854	-284.6687	-15.81669	1.758178	0.06215165
59400	-300.3817	-285.4053	-14.97632	1.630599	0.1065838
59600	-303.3734	-287.3085	-16.06492	1.513285	0.314112
59800	-302.2243	-286.1592	-16.06513	1.706749	0.1310274
60000	-300.5552	-285.4869	-15.06831	1.625861	0.1173336
60200	-300.1291	-287.8264	-12.3027	1.419916	0.04946151
60400	-301.2955	-283.7865	-17.509	1.79744	0.1917455
60600	-304.3538	-286.5125	-17.84127	1.679447	0.3234349
60800	-301.2116	-287.7481	-13.46343	1.441457	0.1389259
61000	-299.9151	-285.2492	-14.66587	1.673648	0.03229768
61200	-300.7689	-283.2594	-17.50956	1.974098	0.01713137
61400	-300.7829	-282.8209	-17.96206	2.000584	0.0358507
61600	-300.0506	-286.1315	-13.9191	1.576793	0.0535259
61800	-301.6999	-287.9872	-13.71276	1.60665	0.005497447
62000	-302.6717	-287.0144	-15.65732	1.660416	0.1354054
62200	-299.7028	-286.5219	-13.18088	1.551005	0.007741064
62400	-301.0074	-287.1172	-13.89014	1.525432	0.1017597
62600	-299.6809	-286.144	-13.53692	1.550572	0.04233532
62800	-301.854	-285.0451	-16.80893	1.711656	0.208618
63000	-299.8752	-285.4771	-14.39812	1.663359	0.01726351
63200	-303.0885	-283.3882	-19.70034	2.128799	0.07934946
63400	-302.401	-287.6246	-14.7764	1.496103	0.2107724
63600	-301.2124	-284.2142	-16.99818	1.867998	0.06974958
63800	-302.7509	-286.9541	-15.79671	1.781687	0.03697569
64000	-306.7087	-293.9693	-12.73938	1.236051	0.2703033
64200	-300.8716	-284.85	-16.02163	1.734829	0.1055345
64400	-301.5926	-284.4392	-17.15342	1.935334	0.01966794
64600	-302.6514	-287.4216	-15.22979	1.603176	0.1488272
64800	-301.474	-287.8158	-13.65813	1.602071	0.004161629
65000	-301.0335	-289.1775	-11.856	1.425939	0.0004305537
65200	-302.1075	-285.5761	-16.53144	1.777005	0.1169879
65400	-300.0313	-288.1217	-11.90958	1.430801	0.0009391928
65600	-299.9758	-285.1227	-14.85313	1.638731	0.0861018
65800	-309.9069	-289.4326	-20.47436	1.671096	0.6014643
66000	-301.5411	-286.3214	-15.21966	1.729299	0.03166639
66200	-300.835	-287.8471	-12.98783	1.532372	0.006769347
66400	-300.766	-283.2977	-17.46828	1.937113	0.05011458
66600	-300.3354	-283.6215	-16.71385	1.893063	0.01878939
66800	-304.1539	-287.5231	-16.6308	1.594799	0.3108789
67000	-306.5124	-292.4827	-14.0297	1.217835	0.4155408
67200	-302.5316	-287.9873	-14.5443	1.679074	0.01507811
67400	-300.6919	-284.1261	-16.56577	1.77948	0.1168686
67600	-302.6809	-286.442	-16.23887	1.678146	0.177326
67800	-303.2258	-291.2763	-11.94954	1.253758	0.1769011
68000	-301.5087	-284.4043	-17.10441	1.826649	0.1191226
68200	-299.9793	-287.2542	-12.72515	1.461049	0.05077128
68400	-302.484	-287.377	-15.10702	1.553035	0.1858498
68600	-305.7602	-282.8411	-22.9191	2.38815	0.1403639
68800	-300.4555	-284.8475	-15.60793	1.671876	0.1267624
69000	-301.3136	-287.0536	-14.25998	1.591584	0.07536197
69200	-301.5564	-288.9945	-12.56191	1.420444	0.07611013
69400	-300.4449	-282.8285	-17.61649	1.970699	0.03143281
69600	-306.3064	-283.6833	-22.62307	2.294926	0.1973683
69800	-300.8145	-283.75	-17.06446	1.846593	0.09833038
70000	-301.6783	-285.9283	-15.74997	1.745461	0.06557687
70200	-300.6231	-286.0883	-14.53484	1.585338	0.1039076
70400	-300.5365	-288.9746	-11.56197	1.393788	0.003064954
70600	-301.4189	-287.9969	-13.42197	1.506755	0.07565217
70800	-301.1781	-290.393	-10.78512	1.300307	0.01823871
71000	-302.2426	-289.4446	-12.79801	1.36784	0.1434686
71200	-303.0936	-287.0974	-15.99618	1.587698	0.2382679
71400	-300.4593	-284.323	-16.13633	1.741154	0.1107812
71600	-305.6397	-285.7309	-19.90883	1.654971	0.5468728
71800	-301.0201	-287.8456	-13.17452	1.514046	0.04118479
72000	-304.2857	-285.6572	-18.62858	2.079529	0.02350689
72200	-302.3763	-287.3098	-15.06645	1.461718	0.2768979
72400	-300.3161	-285.3125	-15.00357	1.708723	0.03202781
72600	-301.5596	-282.9384	-18.62126	1.971025	0.1292856
72800	-307.3817	-285.9772	-21.40456	1.739592	0.5986057
73000	-301.4529	-290.6566	-10.79628	1.293227	0.02584171
73200	-302.4626	-285.5452	-16.91734	1.729993	0.1954844
73400	-300.7368	-284.6741	-16.06269	1.709853	0.1357774
73600	-304.6658	-284.639	-20.02684	2.18642	0.05430882
73800	-301.4066	-286.6493	-14.7573	1.668418	0.04613602
74000	-303.1812	-288.9659	-14.21536	1.434333	0.2137828
74200	-300.0136	-283.7348	-16.27881	1.83639	0.03230082
74400	-303.4546	-286.3147	-17.1399	1.812842	0.1336628
74600	-302.3369	-289.3344	-13.00249	1.488819	0.04770223
74800	-301.6606	-288.8179	-12.84271	1.461014	0.06132166
75000	-302.0715	-286.5276	-15.54391	1.665669	0.1278759
75200	-301.6122	-287.1564	-14.45579	1.497451	0.1839144
75400	-303.7277	-286.8777	-16.85001	1.802888	0.1141238
75600	-300.191	-284.791	-15.39998	1.703362	0.07468937
75800	-301.9026	-286.6769	-15.22562	1.692017	0.07135566
76000	-301.8616	-282.8163	-19.04537	2.138296	0.007150785
76200	-300.6907	-286.804	-13.88673	1.507009	0.1177584
76400	-299.858	-286.2778	-13.58018	1.582488	0.01587341
76600	-300.8683	-287.1155	-13.75276	1.489652	0.1217345
76800	-299.9801	-285.8105	-14.16961	1.641526	0.01546494
77000	-300.6665	-285.096	-15.57049	1.719328	0.07532834
77200	-301.011	-289.5467	-11.4643	1.362033	0.02489672
77400	-299.891	-288.175	-11.71599	1.39885	0.01309436
77600	-300.2577	-285.3255	-14.9322	1.725086	0.008837126
77800	-305.0148	-288.2104	-16.80444	1.753018	0.1571729
78000	-299.7838	-285.8034	-13.98041	1.599616	0.03796569
78200	-299.8336	-285.3927	-14.44089	1.61937	0.06349659
78400	-305.9285	-284.9525	-20.97595	1.843051	0.4656975
78600	-301.0766	-288.9926	-12.084	1.393437	0.05398851
78800	-302.4212	-283.4857	-18.93546	1.845833	0.283219
79000	-300.716	-282.8027	-17.91336	2.000975	0.03131203
79200	-300.3682	-283.2065	-17.16171	1.923892	0.03295205
79400	-300.4389	-285.1988	-15.2401	1.716336	0.04666076
79600	-302.3497	-285.5391	-16.81058	1.635567	0.2749535
79800	-301.1245	-285.9869	-15.13763	1.580767	0.1666759
80000	-300.4313	-285.9882	-14.44308	1.601695	0.08028116
80200	-305.9097	-288.4468	-17.46291	1.623349	0.3528164
80400	-302.2895	-286.9201	-15.3694	1.525428	0.2456202
80600	-301.4732	-283.4697	-18.00346	2.02556	0.0156628
80800	-302.3886	-283.1605	-19.22814	2.129496	0.03322316
81000	-300.8607	-285.9598	-14.90083	1.643609	0.08287492
81200	-301.307	-284.5871	-16.71989	1.887269	0.02415315
81400	-300.8378	-290.1316	-10.7062	1.310738	0.000642094
81600	-301.8226	-284.9694	-16.85317	1.75338	0.1644585
81800	-300.0004	-287.0356	-12.96476	1.522165	0.01477913
82000	-302.0016	-284.6199	-17.38168	1.890598	0.084526
82200	-300.3052	-284.9776	-15.32766	1.684141	0.08783717
82400	-303.2735	-288.3527	-14.92077	1.687453	0.04389298
82600	-301.3808	-286.8166	-14.56425	1.695002	0.00204831
82800	-299.9989	-285.1173	-14.88153	1.668104	0.0585384
83000	-301.658	-283.8185	-17.83956	1.825571	0.1968068
83200	-306.3751	-284.2749	-22.10019	2.306376	0.1401496
83400	-304.9919	-288.2618	-16.73012	1.829026	0.07942517
83600	-300.3563	-284.0259	-16.33048	1.841957	0.03112119
83800	-302.2505	-288.9841	-13.26643	1.393842	0.1631356
84000	-302.3799	-285.4819	-16.89801	1.81951	0.1035488
84200	-299.8365	-287.2452	-12.59131	1.481634	0.01765139
84400	-302.071	-288.5036	-13.56737	1.535067	0.05901531
84600	-300.4708	-284.7548	-15.71604	1.693053	0.1158978
84800	-301.5804	-288.9071	-12.67331	1.415683	0.08666307
85000	-301.2038	-287.4754	-13.7284	1.466044	0.1453612
85200	-300.2401	-283.5178	-16.72239	1.857273	0.05458206
85400	-301.2422	-285.3296	-15.91259	1.674343	0.1515507
85600	-304.1919	-287.1843	-17.00766	1.897571	0.04058883
85800	-299.9608	-284.7271	-15.23372	1.750866	0.01329053
86000	-304.5894	-292.1974	-12.39202	1.378053	0.0985633
86200	-301.3812	-285.717	-15.66423	1.740885	0.06323123
86400	-302.4527	-282.1861	-20.26658	2.168253	0.09851694
86600	-301.8929	-283.0424	-18.85057	1.940947	0.1819505
86800	-300.7769	-285.7429	-15.03402	1.728415	0.01596752
87000	-302.7915	-285.1377	-17.65378	1.876803	0.1231228
87200	-307.9925	-286.5092	-21.48334	2.161961	0.212565
87400	-300.2879	-287.1285	-13.15934	1.536559	0.01898295
87600	-300.1737	-285.9181	-14.25556	1.603194	0.06183357
87800	-300.6983	-284.1085	-16.58984	1.769967	0.1273784
88000	-300.831	-283.8812	-16.94979	1.891751	0.04421902
88200	-300.3266	-282.7413	-17.58525	1.979098	0.02005207
88400	-300.8579	-286.0799	-14.77801	1.663575	0.05526353
88600	-299.7672	-285.9362	-13.83099	1.556452	0.06571941
88800	-303.8157	-283.7725	-20.04322	2.154433	0.08788765
89000	-300.6231	-285.3797	-15.24339	1.669137	0.09539255
89200	-301.022	-283.7962	-17.22579	1.901367	0.06209366
89400	-301.1235	-288.031	-13.09255	1.464982	0.07987741
89600	-301.4247	-286.4066	-15.01812	1.605335	0.1314396
89800	-302.0455	-282.7591	-19.28638	2.08412	0.08395635
90000	-301.0828	-286.0428	-15.04004	1.728989	0.01600566
90200	-303.1846	-288.2142	-14.97036	1.694947	0.04127058
90400	-299.678	-286.79	-12.88801	1.503932	0.02503519
90600	-302.0037	-285.18	-16.82376	1.872069	0.05079818
90800	-301.8535	-283.524	-18.32952	1.917204	0.1556321
91000	-303.4314	-283.4837	-19.94766	2.220659	0.01421314
91200	-300.4259	-287.4674	-12.95847	1.49666	0.03864215
91400	-302.2157	-287.5074	-14.70831	1.599696	0.1057711
91600	-301.9057	-286.3729	-15.53271	1.61236	0.1791258
91800	-300.0354	-285.2066	-14.82876	1.686844	0.03684642
92000	-299.6012	-286.3288	-13.27237	1.562459	0.005534958
92200	-300.7076	-284.0379	-16.66969	1.859629	0.04816477
92400	-301.9439	-287.2394	-14.7045	1.498642	0.2106348
92600	-300.7082	-288.6264	-12.08182	1.411931	0.03564493
92800	-303.2745	-288.7744	-14.50011	1.688224	0.002495995
93000	-300.113	-286.0834	-14.02959	1.584774	0.05633032
93200	-300.4204	-285.6011	-14.81928	1.632992	0.08573944
93400	-304.1413	-286.0397	-18.10161	1.598227	0.4313568
93600	-300.2919	-283.5594	-16.73251	1.870244	0.04385163
93800	-309.5803	-283.4491	-26.13118	2.539218	0.2992611
94000	-301.5248	-286.935	-14.58984	1.627642	0.06929313
94200	-302.7265	-286.9239	-15.8026	1.742732	0.07515571
94400	-302.0919	-290.7374	-11.35457	1.3456	0.02933216
94600	-300.4935	-288.602	-11.89144	1.386238	0.0422662
94800	-303.8289	-284.6009	-19.22797	1.976176	0.1785462
95000	-302.4093	-285.6505	-16.75884	1.628622	0.2849846
95200	-302.0927	-285.993	-16.0997	1.557022	0.2867734
95400	-300.4242	-285.8806	-14.54357	1.566593	0.1250988
95600	-300.7892	-282.3241	-18.46502	2.084496	0.002790382
95800	-301.7477	-283.7487	-17.99897	1.822804	0.2170117
96000	-303.1127	-289.902	-13.21071	1.375742	0.1767066
96200	-299.5797	-284.6481	-14.93153	1.730214	0.003596282
96400	-304.791	-282.8859	-21.90503	2.031552	0.3987788
96600	-307.0256	-282.8187	-24.20683	2.379027	0.2733746
96800	-300.5252	-287.7028	-12.82238	1.483553	0.03741357
97000	-300.5256	-285.7058	-14.81982	1.660096	0.06086506
97200	-303.8336	-286.566	-17.26755	1.869726	0.09559434
97400	-301.0873	-288.5647	-12.5226	1.478911	0.01318077
97600	-302.8072	-283.9259	-18.88132	1.869508	0.2604284
97800	-301.2191	-287.3404	-13.87869	1.534882	0.0878872
98000	-299.6157	-286.3843	-13.23141	1.557464	0.006376941
98200	-302.4392	-284.4065	-18.03269	1.830065	0.2048577
98400	-303.0169	-283.5524	-19.46449	1.95626	0.2334187
98600	-300.1311	-285.7421	-14.389	1.57442	0.1030994
98800	-301.3095	-285.6877	-15.62181	1.795599	0.007480586
99000	-301.9202	-285.1257	-16.79451	1.691784	0.2196092
99200	-304.5861	-290.0822	-14.5039	1.517839	0.1678369
99400	-301.3147	-286.2434	-15.07129	1.539044	0.2013604
99600	-300.0666	-285.344	-14.72257	1.697952	0.01435894
99800	-300.3139	-287.7005	-12.61345	1.471425	0.02953957
100000	-302.0943	-282.5092	-19.58514	2.042003	0.1563381
100200	-299.5975	-285.1734	-14.42406	1.654992	0.02717299
100400	-301.3181	-285.2998	-16.01832	1.814078	0.02699305
100600	-302.0492	-285.6885	-16.36069	1.739756	0.1289737
100800	-300.7223	-288.5972	-12.12509	1.42398	0.0278402
101000	-302.1885	-289.2537	-12.93487	1.468248	0.06204492
101200	-301.6753	-289.9125	-11.7628	1.397084	0.01858244
101400	-302.4962	-283.8512	-18.645	2.080226	0.02382288
101600	-301.308	-283.3659	-17.94208	1.872123	0.1617053
101800	-301.5447	-288.6107	-12.93397	1.487538	0.04331332
102000	-300.5492	-286.0472	-14.50203	1.637515	0.0512678
102200	-302.8731	-289.6836	-13.18949	1.556593	0.002902906
102400	-302.5711	-289.7207	-12.85035	1.379206	0.138221
102600	-300.1035	-286.5478	-13.55574	1.5686	0.02653086
102800	-300.7459	-286.343	-14.40295	1.592834	0.08388206
103000	-302.0852	-285.7462	-16.33905	1.840142	0.03195178
103200	-299.89	-286.8517	-13.03827	1.494274	0.04855457
103400	-300.929	-285.207	-15.72198	1.640156	0.1675241
103600	-304.4128	-291.3584	-13.05443	1.51947	0.02496986
103800	-299.8687	-284.8054	-15.0633	1.720526	0.02556027
104000	-304.1031	-290.0115	-14.09165	1.528664	0.1115206
104200	-303.4167	-290.077	-13.33968	1.505944	0.06529159
104400	-303.1658	-289.9785	-13.18737	1.505563	0.05130998
104600	-299.7399	-284.6876	-15.05234	1.742511	0.003448663
104800	-300.0712	-283.173	-16.89826	1.897732	0.03251192
105000	-302.0141	-287.0066	-15.00755	1.695401	0.04559952
105200	-302.1728	-284.7223	-17.45042	1.69535	0.2809577
105400	-300.0519	-285.4137	-14.63824	1.649879	0.05288066
105600	-300.5732	-286.9148	-13.65839	1.483679	0.119349
105800	-299.6554	-284.4678	-15.18753	1.723301	0.03533927
106000	-300.5708	-285.2731	-15.29769	1.698191	0.06904428
106200	-303.57	-285.1072	-18.46272	2.017508	0.06686549
106400	-299.6276	-284.383	-15.24466	1.754226	0.01102114
106600	-300.0781	-287.2553	-12.82277	1.492302	0.02921878
106800	-300.3598	-285.5446	-14.81522	1.6752	0.04473325
107000	-301.5728	-286.1529	-15.41989	1.734171	0.04578416
107200	-301.4038	-289.4081	-11.99578	1.358638	0.0771499
107400	-301.5907	-285.3809	-16.20981	1.703118	0.1503811
107600	-302.3115	-286.8632	-15.44838	1.639918	0.1430796
107800	-301.791	-290.2122	-11.5788	1.338295	0.05704258
108000	-300.7517	-286.324	-14.42772	1.651757	0.03123267
108200	-301.3873	-287.2149	-14.17241	1.519923	0.1301329
108400	-300.2225	-283.1587	-17.0638	1.902803	0.0436272
108600	-301.4017	-284.596	-16.80562	1.748446	0.1662685
108800	-300.4267	-283.4101	-17.01663	1.891702	0.05082507
109000	-305.0299	-286.6602	-18.3697	2.008821	0.06422455
109200	-303.7522	-288.4001	-15.35214	1.537938	0.2248243
109400	-302.4575	-283.9213	-18.53626	1.929147	0.1607551
109600	-300.3992	-287.4056	-12.99358	1.524273	0.01494005
109800	-302.1003	-286.2251	-15.87515	1.786458	0.04027151
110000	-300.5385	-285.5644	-14.97406	1.68995	0.04636242
110200	-302.2692	-287.9656	-14.30353	1.668021	0.002988864
110400	-302.5923	-285.3206	-17.27166	1.843291	0.1192212
110600	-300.4144	-285.7212	-14.6932	1.641309	0.06586122
110800	-302.394	-283.5161	-18.87785	1.856095	0.2656998
111000	-303.2812	-289.9981	-13.28311	1.306169	0.2504387
111200	-302.2077	-283.5889	-18.61879	1.923019	0.1789022
111400	-302.5622	-289.8754	-12.68678	1.414873	0.08871854
111600	-301.3981	-286.0005	-15.39753	1.682715	0.09301202
111800	-300.9854	-285.5097	-15.47562	1.654584	0.1336223
112000	-301.833	-285.8447	-15.98825	1.774738	0.06139597
112200	-301.5306	-285.9359	-15.59467	1.622251	0.1694597
112400	-302.7695	-286.915	-15.8545	1.63156	0.1866317
112600	-302.0828	-287.545	-14.53777	1.505159	0.1780552
112800	-300.8052	-286.5111	-14.29408	1.586499	0.08089582
113000	-309.4533	-283.7139	-25.73939	2.47546	0.3324423
113200	-300.2243	-284.2616	-15.96268	1.746377	0.08855193
113400	-306.403	-283.8202	-22.58273	2.45979	0.03701189
113600	-303.1806	-283.7121	-19.46849	1.958346	0.2204867
113800	-300.786	-286.4626	-14.32343	1.594997	0.07370062
114000	-303.9989	-283.2545	-20.74445	1.988644	0.319752
114200	-299.5037	-285.8157	-13.68798	1.597507	0.01160739
114400	-302.5394	-286.262	-16.27735	1.578253	0.2791584
114600	-304.3523	-284.6059	-19.74634	2.144637	0.0682462
114800	-300.792	-283.463	-17.32901	1.857918	0.1132852
115000	-300.7907	-284.1405	-16.65022	1.888917	0.01616719
115200	-299.6016	-285.8622	-13.73931	1.58637	0.02808491
115400	-300.3467	-287.2379	-13.10873	1.517543	0.03221113
115600	-303.072	-288.4386	-14.63335	1.681067	0.02191471
115800	-299.9086	-286.7988	-13.10987	1.521146	0.02965253
116000	-301.7807	-286.7359	-15.04479	1.506896	0.2342148
116200	-299.6407	-287.2912	-12.34947	1.463651	0.01162374
116400	-300.9845	-288.7197	-12.26475	1.445688	0.02079271
116600	-302.3155	-287.4769	-14.83866	1.618931	0.09729115
116800	-302.9167	-289.7804	-13.13629	1.528762	0.02374486
117000	-301.5018	-286.4707	-15.03106	1.675252	0.06526834
117200	-301.8108	-286.329	-15.48177	1.787092	0.001748344
117400	-302.6873	-289.1057	-13.58155	1.361078	0.2319375
117600	-301.0482	-284.0988	-16.94938	1.859294	0.07334935
117800	-300.8321	-289.1246	-11.70747	1.40595	0.005484649
118000	-301.6013	-289.8442	-11.75713	1.382271	0.03358722
118200	-302.1635	-287.4978	-14.6657	1.704764	0.002477626
118400	-301.1304	-286.9924	-14.13797	1.494285	0.1544664
118600	-300.5892	-286.0184	-14.57073	1.610603	0.08291944
118800	-303.3751	-282.3738	-21.00131	2.227731	0.1112687
119000	-300.764	-285.7916	-14.97241	1.713027	0.02442582
119200	-299.8989	-284.2414	-15.65747	1.791543	0.01451015
119400	-300.1321	-286.2785	-13.85357	1.581142	0.04286767
119600	-304.7217	-288.8919	-15.82973	1.544905	0.2690587
119800	-302.3379	-287.1482	-15.18971	1.550097	0.1963656
120000	-299.5678	-285.1585	-14.40935	1.661952	0.01948281
120200	-301.5903	-285.1801	-16.41019	1.732681	0.150063
120400	-305.0048	-284.7499	-20.25488	2.25213	0.01419794
120600	-301.8765	-285.1199	-16.75659	1.860379	0.05328979
120800	-301.0518	-284.7452	-16.30658	1.806536	0.06286063
121000	-300.6936	-283.7806	-16.91303	1.923848	0.007931488
121200	-303.3033	-284.2993	-19.00408	1.875041	0.2541448
121400	-306.3423	-286.0212	-20.32105	2.137004	0.1254935
121600	-302.0186	-283.6145	-18.40405	1.945748	0.1306524
121800	-301.0643	-286.3737	-14.69053	1.59786	0.1066578
122000	-301.1918	-286.005	-15.18682	1.660625	0.09640902
122200	-300.32	-283.7472	-16.57283	1.835097	0.06120721
122400	-305.1167	-286.44	-18.67665	1.660874	0.4164807
122600	-299.2999	-286.4594	-12.84047	1.524603	0.0002322408
122800	-301.63	-282.6983	-18.93171	1.998923	0.1333251
123000	-302.1834	-285.8802	-16.30319	1.815939	0.05273581
123200	-300.5536	-285.6959	-14.8577	1.577685	0.1454249
123400	-299.3085	-286.3494	-12.95904	1.5313	0.005237665
123600	-302.889	-288.861	-14.02803	1.400594	0.2387686
123800	-301.5818	-285.7944	-15.78748	1.658392	0.1529425
124000	-301.0035	-287.8194	-13.18418	1.522704	0.03405511
124200	-301.9417	-288.1624	-13.77932	1.512544	0.09837166
124400	-303.1367	-293.1184	-10.01828	1.171769	0.06804633
124600	-301.2298	-289.0206	-12.20922	1.382944	0.07424931
124800	-302.8049	-288.0661	-14.7388	1.527842	0.1747854
125000	-302.1986	-286.169	-16.0296	1.697292	0.1403613
125200	-300.9723	-288.3655	-12.60678	1.414949	0.0821338
125400	-306.0757	-287.4447	-18.63101	1.992421	0.1044671
125600	-299.4498	-285.3596	-14.09023	1.626428	0.02263031
125800	-300.8478	-284.8023	-16.04558	1.829807	0.01481686
126000	-300.1537	-285.6661	-14.48752	1.680626	0.008669667
126200	-304.0989	-287.455	-16.64394	1.628063	0.2543091
126400	-299.7818	-286.9776	-12.80425	1.477392	0.0427613
126600	-301.7882	-286.5625	-15.2257	1.694605	0.06891175
126800	-300.9	-283.8364	-17.06354	1.852795	0.092629
127000	-303.0895	-288.046	-15.04343	1.54516	0.1847332
127200	-300.6412	-286.6056	-14.03551	1.604662	0.03722083
127400	-299.8716	-287.4945	-12.37713	1.472487	0.005785786
127600	-300.9145	-285.628	-15.2865	1.761522	0.007811817
127800	-302.0982	-283.9932	-18.10502	2.048023	0.003107799
128000	-302.7092	-284.6943	-18.01489	1.88568	0.1474297
128200	-302.1922	-285.0885	-17.10373	1.666964	0.2735977
128400	-304.639	-288.0125	-16.62657	1.649518	0.2312767
128600	-301.3805	-286.8431	-14.53744	1.655952	0.03575266
128800	-306.0794	-283.849	-22.23038	2.34478	0.1129759
129000	-300.0257	-283.5838	-16.44189	1.85496	0.02926363
129200	-301.186	-283.2346	-17.95138	1.993487	0.04141513
129400	-300.7373	-286.84	-13.89732	1.543728	0.08518244
129600	-300.0766	-285.3682	-14.70839	1.704968	0.006696478
129800	-299.4907	-285.9719	-13.51871	1.590768	0.001823841
130000	-299.4681	-285.7704	-13.69762	1.573894	0.03558152
130200	-302.5798	-286.1435	-16.4363	1.823255	0.05770562
130400	-300.3595	-284.6112	-15.74838	1.779289	0.03500128
130600	-301.7365	-284.5697	-17.16683	1.82907	0.1265916
130800	-299.8199	-287.2018	-12.61816	1.483085	0.01924647
131000	-299.8043	-285.2329	-14.57136	1.64733	0.05022497
131200	-301.0871	-285.234	-15.85313	1.677143	0.1471396
131400	-300.3212	-284.876	-15.44515	1.753614	0.03186996
131600	-302.6455	-284.4095	-18.23596	1.81509	0.2380961
131800	-300.2237	-284.0981	-16.12568	1.806448	0.04655561
132000	-301.4451	-286.1497	-15.29544	1.569344	0.1967911
132200	-300.9601	-287.1494	-13.81071	1.557195	0.0610232
132400	-299.9435	-283.9551	-15.98838	1.832597	0.00688203
132600	-301.2829	-284.3587	-16.92426	1.927014	0.005898807
132800	-304.4525	-286.4266	-18.02583	1.968129	0.06950906
133000	-299.8413	-286.5657	-13.27555	1.526757	0.04026197
133200	-299.8563	-286.4975	-13.35884	1.529682	0.04509545
133400	-301.9833	-288.6072	-13.37606	1.480881	0.09306739
133600	-300.9144	-288.3007	-12.61374	1.472418	0.0297285
133800	-301.3315	-287.4309	-13.90061	1.567123	0.05972377
134000	-300.4634	-287.2299	-13.23356	1.511737	0.05013183
134200	-300.0094	-287.4391	-12.57037	1.488853	0.008502265
134400	-299.946	-287.6212	-12.32477	1.465274	0.007657995
134600	-302.0731	-284.0118	-18.06139	1.906888	0.1388155
134800	-301.8125	-285.6443	-16.16816	1.752229	0.09979744
135000	-300.7995	-285.1994	-15.60006	1.722586	0.07690383
135200	-300.956	-284.2908	-16.66522	1.816114	0.08944657
135400	-301.8874	-286.7931	-15.0943	1.495371	0.2478071
135600	-302.0534	-284.2919	-17.76148	1.979395	0.03812577
135800	-300.827	-288.0671	-12.75988	1.511152	0.005456043
136000	-302.73	-290.4251	-12.30483	1.365511	0.1014631
136200	-301.8609	-289.5949	-12.26607	1.363952	0.0998431
136400	-302.8376	-289.934	-12.90358	1.35769	0.1662202
136600	-300.5586	-284.5114	-16.04721	1.838211	0.006952862
136800	-303.4927	-286.0621	-17.4305	1.570603	0.4009741
137000	-301.9266	-287.439	-14.48766	1.550028	0.136158
137200	-301.4258	-287.4077	-14.01812	1.518544	0.1183934
137400	-301.2189	-284.4322	-16.78672	1.901165	0.01735618
137600	-300.084	-286.9604	-13.12355	1.522298	0.02929765
137800	-299.5832	-283.9617	-15.6215	1.79485	0.007955791
138000	-305.4004	-291.4881	-13.91227	1.572814	0.05512106
138200	-300.7747	-283.8484	-16.92627	1.845445	0.08527965
138400	-299.5111	-284.7143	-14.79676	1.683088	0.03678764
138600	-302.5224	-286.9823	-15.54012	1.542218	0.2454668
138800	-301.2531	-287.5624	-13.69071	1.558523	0.05019827
139000	-303.5467	-292.0766	-11.47006	1.381788	0.0055814
139200	-300.8872	-286.555	-14.33213	1.635623	0.03867486
139400	-301.287	-286.7175	-14.5695	1.67851	0.01779894
139600	-300.0407	-284.6585	-15.38226	1.774621	0.004420133
139800	-301.2813	-284.4395	-16.84186	1.910961	0.0133385
140000	-300.6725	-284.4695	-16.20298	1.823342	0.0364222
140200	-301.1195	-283.5109	-17.60859	1.921364	0.07771147
140400	-302.5556	-289.0318	-13.52377	1.459657	0.1263537
140600	-300.2587	-282.8153	-17.44342	1.981196	0.003886051
140800	-303.6523	-286.9731	-16.67926	1.696945	0.2027762
141000	-301.3955	-287.892	-13.50349	1.43873	0.1456664
141200	-299.4946	-283.7418	-15.75275	1.815039	0.001007543
141400	-299.9013	-286.5076	-13.39371	1.553438	0.02631103
141600	-299.7487	-285.0543	-14.69439	1.697187	0.01262523
141800	-300.332	-287.6259	-12.70614	1.481709	0.02853067
142000	-299.6122	-285.7096	-13.90256	1.602558	0.02774328
142200	-299.5102	-286.6318	-12.87849	1.515001	0.0134078
142400	-301.2934	-285.1714	-16.12194	1.846286	0.0062814
142600	-300.1482	-285.7643	-14.3839	1.650855	0.02742971
142800	-300.6187	-285.4095	-15.20919	1.737008	0.02332885
143000	-305.4334	-289.7767	-15.65669	1.316465	0.4750293
143200	-302.8097	-287.1203	-15.68937	1.543517	0.255102
143400	-305.2737	-286.5229	-18.75074	1.735574	0.3492312
143600	-301.6883	-288.26	-13.42831	1.410627	0.1645985
143800	-301.8705	-284.0281	-17.8424	1.973003	0.04953369
144000	-300.8622	-286.1433	-14.71887	1.675806	0.03487188
144200	-302.0001	-287.0436	-14.95653	1.542119	0.1931662
144400	-301.7878	-287.1163	-14.6715	1.533018	0.1662457
144600	-301.1945	-284.7265	-16.468	1.779358	0.1036591
144800	-300.7114	-285.7443	-14.96709	1.659746	0.07719164
145000	-300.9576	-285.0963	-15.8613	1.691729	0.1304174
145200	-299.5921	-286.2085	-13.38361	1.538138	0.03998358
145400	-300.6955	-285.9897	-14.70581	1.678098	0.03129037
145600	-304.5782	-286.7422	-17.83601	1.665052	0.344622
145800	-300.4278	-285.1906	-15.23723	1.640005	0.122702
146000	-306.9043	-287.4314	-19.4729	2.111963	0.07388957
146200	-299.8985	-286.1254	-13.77308	1.59713	0.01993542
146400	-301.4433	-287.4596	-13.98375	1.58168	0.05512954
146600	-301.8589	-285.0944	-16.76453	1.740596	0.1679431
146800	-302.8873	-288.8353	-14.05195	1.546038	0.09550772
147000	-300.5919	-287.1957	-13.39624	1.512573	0.06435969
147200	-301.5668	-288.5256	-13.04116	1.503222	0.03866164
147400	-305.9497	-286.6677	-19.28203	1.962608	0.1918552
147600	-302.0198	-288.4656	-13.55419	1.436077	0.1504501
147800	-306.2449	-284.3554	-21.88956	2.084198	0.3235703
148000	-300.1188	-283.9981	-16.12074	1.790496	0.06059578
148200	-304.7654	-285.3733	-19.39204	2.152777	0.02668302
148400	-301.5238	-290.3076	-11.21622	1.31123	0.04820316
148600	-301.6816	-287.0137	-14.66795	1.64245	0.06186736
148800	-300.8402	-287.3737	-13.46642	1.554149	0.03339761
149000	-301.4905	-283.4619	-18.02858	1.919223	0.1208679
149200	-301.6077	-289.2337	-12.374	1.436577	0.04016479
149400	-301.2933	-286.8392	-14.45408	1.500371	0.1780357
149600	-300.5514	-285.7106	-14.84079	1.62966	0.09098798
149800	-301.8959	-283.5891	-18.30678	2.064647	0.006702933
150000	-301.7818	-285.0124	-16.76939	1.851114	0.0626209
150200	-300.7798	-285.4218	-15.35801	1.683251	0.09047107
150400	-301.8243	-282.8622	-18.96212	2.020687	0.1137803
150600	-302.3112	-283.9602	-18.35107	2.005893	0.06855073
150800	-301.5825	-286.7084	-14.87409	1.650157	0.07258818
151000	-300.7054	-283.7108	-16.99458	1.931428	0.008502039
151200	-300.3409	-287.0707	-13.27018	1.496106	0.06855726
151400	-301.0763	-284.1308	-16.94553	1.82017	0.1116605
151600	-301.4435	-284.7629	-16.68056	1.76224	0.1401774
151800	-300.822	-285.8237	-14.99832	1.731667	0.009074224
152000	-306.9406	-283.6132	-23.32735	2.318874	0.2412101
152200	-301.9775	-287.5475	-14.42997	1.533628	0.1476318
152400	-301.1557	-286.4333	-14.7224	1.706497	0.00613669
152600	-300.7956	-287.9328	-12.8628	1.503776	0.02184963
152800	-301.9295	-288.8262	-13.10332	1.542971	0.007571485
153000	-300.5966	-288.7495	-11.84707	1.365216	0.05820914
153200	-303.2016	-282.6425	-20.55918	2.182235	0.1147736
153400	-302.1112	-288.0676	-14.04352	1.552682	0.08863261
153600	-301.5668	-285.2945	-16.27231	1.739163	0.1223839
153800	-301.4643	-282.8529	-18.61147	1.965163	0.1351326
154000	-301.0148	-285.3386	-15.6762	1.709862	0.09384219
154200	-300.6694	-284.2257	-16.44365	1.877509	0.007313109
154400	-301.7065	-283.6505	-18.05604	1.984096	0.0600598
154600	-305.2283	-282.7992	-22.42907	2.199464	0.2890667
154800	-302.3261	-289.0184	-13.30775	1.497826	0.07250248
155000	-304.882	-286.0765	-18.80549	1.954907	0.1530602
155200	-303.3377	-288.638	-14.69976	1.604615	0.1012158
155400	-300.4595	-286.8867	-13.57284	1.580527	0.01652913
155600	-301.5823	-283.8586	-17.72374	1.963813	0.04720345
155800	-301.7691	-291.0498	-10.71922	1.253299	0.05694723
156000	-301.5557	-286.3767	-15.179	1.712829	0.04254684
156200	-301.0195	-287.3598	-13.65962	1.547354	0.05584002
156400	-302.6389	-283.5345	-19.10438	1.903401	0.2467681
156600	-305.9006	-293.6017	-12.29888	1.218073	0.2372796
156800	-300.7911	-286.3887	-14.4024	1.640923	0.03760591
157000	-301.2045	-289.9977	-11.20682	1.301212	0.05820963
157200	-300.0084	-286.5317	-13.47673	1.536139	0.05063937
157400	-300.4933	-284.5109	-15.9824	1.82305	0.01525668
157600	-300.0058	-283.6271	-16.37867	1.846502	0.03212215
157800	-300.8516	-287.3642	-13.48742	1.535788	0.0508155
158000	-299.9856	-286.1134	-13.87223	1.554806	0.07063227
158200	-300.4799	-283.2496	-17.23037	1.930116	0.033803
158400	-300.2528	-284.1721	-16.08074	1.78632	0.06072522
158600	-301.3114	-288.0616	-13.24976	1.412355	0.1493198
158800	-299.7268	-284.5307	-15.19613	1.70663	0.05306638
159000	-303.6091	-289.5418	-14.06727	1.563436	0.08541003
159200	-300.2409	-285.8701	-14.37072	1.56921	0.1061103
159400	-300.5513	-286.315	-14.23627	1.621636	0.04069042
159600	-300.5819	-285.9294	-14.65249	1.592391	0.1087003
159800	-302.2623	-285.2972	-16.96507	1.791962	0.139134
160000	-300.3162	-287.6312	-12.68497	1.49925	0.009510231
160200	-300.5772	-285.0238	-15.55343	1.784038	0.01154803
160400	-300.4345	-287.3641	-13.07043	1.524818	0.02192045
160600	-303.209	-284.6858	-18.52312	1.927365	0.1609098
160800	-302.4842	-284.6965	-17.78778	1.966034	0.0503093
161000	-302.8866	-285.04	-17.84667	2.014199	0.01054072
161200	-301.1856	-285.0115	-16.17411	1.833004	0.02375073
161400	-303.5215	-289.8857	-13.63574	1.32825	0.2704834
161600	-300.9632	-286.8023	-14.16091	1.530254	0.1256168
161800	-301.3991	-285.5451	-15.85396	1.814385	0.01099081
162000	-299.7635	-285.9609	-13.80262	1.582932	0.03774913
162200	-302.5171	-283.8629	-18.65427	2.078397	0.02645194
162400	-304.9397	-291.4512	-13.48852	1.56718	0.02102568
162600	-301.7976	-287.0929	-14.70467	1.6631	0.04495077
162800	-300.5765	-282.6183	-17.95825	2.008039	0.02848437
163000	-301.4885	-290.841	-10.64748	1.266369	0.03733719
163200	-303.8031	-287.7761	-16.02695	1.769184	0.06935796
163400	-302.1016	-288.5394	-13.56229	1.545038	0.04770929
163600	-300.0138	-284.027	-15.98687	1.829108	0.01016289
163800	-300.0123	-283.4985	-16.51382	1.855308	0.03664651
164000	-302.3429	-287.7884	-14.55459	1.654737	0.03907681
164200	-300.3475	-284.7806	-15.56692	1.736954	0.05920571
164400	-301.4631	-284.4494	-17.01374	1.897531	0.04466709
164600	-302.9983	-283.1702	-19.82807	2.147147	0.0775373
164800	-302.8451	-287.2271	-15.618	1.733207	0.06449769
165000	-301.5356	-285.9493	-15.58635	1.630889	0.1615563
165200	-301.2625	-288.4394	-12.8231	1.397034	0.1235138
165400	-300.9308	-287.8764	-13.05444	1.416441	0.1258434
165600	-302.3972	-285.6588	-16.73845	1.839042	0.07240049
165800	-300.7516	-284.7728	-15.97879	1.783574	0.05416081
166000	-301.8414	-289.569	-12.27241	1.393975	0.07376599
166200	-300.924	-284.2431	-16.68091	1.887255	0.02066677
166400	-301.0348	-284.5388	-16.49606	1.770001	0.1169018
166600	-302.6764	-284.4654	-18.21092	2.013655	0.04519624
166800	-300.5822	-285.6861	-14.89608	1.642995	0.08730883
167000	-301.6708	-285.2036	-16.46719	1.766243	0.1156219
167200	-301.0846	-288.5497	-12.53497	1.380258	0.1110638
167400	-299.5948	-286.8214	-12.77335	1.516441	0.001658601
167600	-299.81	-284.9279	-14.8821	1.667151	0.06031736
167800	-301.2491	-284.5978	-16.65138	1.689325	0.2113271
168000	-300.3769	-287.4732	-12.9037	1.480833	0.04891034
168200	-303.5578	-284.1007	-19.45706	1.841065	0.3332147
168400	-299.3932	-284.6289	-14.76433	1.69443	0.02224926
168600	-299.4783	-284.6459	-14.83236	1.692647	0.03053686
168800	-300.9519	-288.3296	-12.62228	1.396092	0.1041775
169000	-301.265	-285.2657	-15.99935	1.650558	0.1841367
169200	-300.1474	-286.3422	-13.80519	1.607502	0.01307211
169400	-301.2461	-289.611	-11.63515	1.329914	0.07086957
169600	-299.6493	-286.1866	-13.46273	1.539457	0.04619028
169800	-302.3337	-287.0104	-15.32332	1.503037	0.2577948
170000	-301.0836	-283.2547	-17.82895	2.022617	0.001069948
170200	-301.0065	-288.1852	-12.82134	1.450627	0.06866582
170400	-303.3103	-287.3301	-15.98017	1.619331	0.207738
170600	-302.0042	-286.8559	-15.14831	1.739207	0.01514763
170800	-301.3874	-284.8682	-16.51917	1.806746	0.08135827
171000	-301.1122	-282.7518	-18.36036	2.034608	0.04249831
171200	-301.1727	-285.6576	-15.51505	1.736581	0.05245232
171400	-302.4244	-286.3282	-16.09613	1.709568	0.1307576
171600	-301.5667	-284.9638	-16.60289	1.647413	0.2481562
171800	-302.2914	-282.3953	-19.89609	2.081519	0.1494489
172000	-301.3247	-284.6106	-16.71414	1.842851	0.06677949
172200	-300.7824	-286.5083	-14.27409	1.657521	0.01042841
172400	-300.3577	-286.3163	-14.04144	1.568635	0.07335199
172600	-300.9619	-289.4403	-11.5216	1.346421	0.04421172
172800	-302.8263	-286.3078	-16.51852	1.836932	0.05139059
173000	-302.5528	-285.1953	-17.35743	1.8652	0.1050826
173200	-302.0465	-285.3197	-16.72677	1.725664	0.1780377
173400	-300.6267	-286.5466	-14.08011	1.535449	0.1097757
173600	-299.5935	-284.5975	-14.99598	1.733924	0.00643584
173800	-300.8531	-283.943	-16.91003	1.839452	0.09028525
174000	-302.2421	-282.7492	-19.49286	2.049098	0.1385508
174200	-299.8763	-284.3299	-15.54647	1.760871	0.03346028
174400	-300.0886	-287.9316	-12.15703	1.432882	0.02256161
174600	-302.4233	-287.4916	-14.93168	1.57464	0.1577001
174800	-300.41	-284.682	-15.72801	1.766369	0.04517479
175000	-303.4622	-284.0241	-19.43816	2.05067	0.1269124
175200	-301.6089	-285.8413	-15.76764	1.620055	0.1885213
175400	-302.3763	-286.1933	-16.18303	1.829148	0.02801976
175600	-311.0508	-285.9108	-25.14003	2.171542	0.5405444
175800	-302.1261	-288.8109	-13.31518	1.497307	0.07029357
176000	-305.1613	-286.4378	-18.72349	1.534068	0.5663209
176200	-301.685	-284.5995	-17.08547	1.7025	0.2438304
176400	-302.867	-284.4271	-18.43987	1.934313	0.1461999
176600	-300.6073	-284.9833	-15.62396	1.771829	0.02974314
176800	-300.9575	-283.5976	-17.35988	1.854471	0.1222344
177000	-300.306	-283.937	-16.36901	1.846505	0.03101458
177200	-300.8962	-286.7791	-14.1171	1.512548	0.1342595
177400	-301.5263	-286.4728	-15.05348	1.741095	0.004900649
177600	-301.5591	-286.2813	-15.27773	1.740272	0.02617953
177800	-300.9969	-283.6237	-17.37322	1.823675	0.1511792
178000	-300.4475	-283.9069	-16.54062	1.886028	0.008761324
178200	-307.2444	-288.6607	-18.5837	2.008865	0.08931579
178400	-301.593	-284.96	-16.63307	1.72785	0.1685098
178600	-301.5869	-290.0354	-11.55149	1.389856	0.00580338
178800	-301.6538	-287.1544	-14.4994	1.661717	0.02667601
179000	-301.5077	-286.0255	-15.48225	1.750653	0.03636478
179200	-300.7803	-286.4639	-14.31638	1.652337	0.01897928
179400	-302.6738	-291.4507	-11.2231	1.315279	0.04730915
179600	-301.201	-286.0562	-15.14481	1.589983	0.1589161
179800	-300.7213	-285.3676	-15.3537	1.674178	0.09796696
180000	-303.0308	-287.9652	-15.06557	1.522548	0.2100864
180200	-302.245	-290.7801	-11.46488	1.382649	0.004426685
180400	-304.0056	-290.0239	-13.98168	1.440026	0.1829543
180600	-301.7374	-286.1654	-15.572	1.695395	0.09833159
180800	-301.2133	-284.9461	-16.26717	1.748327	0.1164027
181000	-300.945	-287.697	-13.24806	1.524653	0.03904783
181200	-302.0998	-289.0472	-13.05262	1.388484	0.1480498
181400	-301.8919	-288.6033	-13.28862	1.509243	0.06084966
181600	-301.1999	-286.3514	-14.84849	1.659339	0.06214407
181800	-302.9516	-283.5541	-19.39748	2.063121	0.1126556
182000	-303.4912	-287.5662	-15.92502	1.798927	0.03354572
182200	-300.5099	-287.2311	-13.27886	1.567482	0.001146327
182400	-301.9209	-289.5539	-12.36693	1.398126	0.07898837
182600	-301.8154	-288.5712	-13.24419	1.401188	0.1579827
182800	-300.8094	-284.9764	-15.83292	1.70435	0.1147857
183000	-301.1176	-287.9028	-13.21483	1.421595	0.1357615
183200	-300.0319	-284.9156	-15.11625	1.679585	0.07154298
183400	-300.4472	-283.4842	-16.96298	1.927076	0.009712271
183600	-300.7555	-284.768	-15.98747	1.834437	0.004995795
183800	-299.8142	-285.4378	-14.37644	1.641633	0.03568694
184000	-303.2035	-288.1188	-15.08471	1.404191	0.3312428
184200	-300.3675	-285.0489	-15.31866	1.717421	0.05540044
184400	-300.7806	-285.4983	-15.28234	1.603072	0.1606883
184600	-302.2513	-289.333	-12.91823	1.338074	0.1867667
184800	-299.7149	-283.4688	-16.24607	1.859621	0.005772546
185000	-302.6893	-284.1251	-18.56424	1.993725	0.09816401
185200	-299.6784	-285.5494	-14.129	1.6334	0.0198531
185400	-300.4882	-288.2898	-12.19833	1.444157	0.01547749
185600	-301.6631	-286.8359	-14.82728	1.695675	0.02611719
185800	-301.8968	-283.6427	-18.25405	1.939629	0.1232144
186000	-303.4735	-292.2319	-11.24154	1.345916	0.0176833
186200	-301.2299	-284.0233	-17.20665	1.892242	0.06743474
186400	-306.0989	-287.6804	-18.41851	2.044945	0.03535039
186600	-301.2679	-284.512	-16.75585	1.783815	0.1274042
186800	-303.0222	-291.4662	-11.55602	1.322344	0.07184335
187000	-299.7807	-287.3521	-12.42852	1.460367	0.02237777
187200	-303.3587	-287.5415	-15.81717	1.474755	0.3315908
187400	-301.8132	-283.3388	-18.4744	2.061302	0.02742212
187600	-301.8272	-285.1042	-16.72293	1.814988	0.09264181
187800	-302.8302	-286.2361	-16.59407	1.631267	0.2533998
188000	-302.0545	-290.5157	-11.53884	1.353771	0.03946914
188200	-301.6306	-282.9942	-18.63638	1.96886	0.1337516
188400	-300.0146	-286.4653	-13.54924	1.521555	0.0724431
188600	-300.0942	-286.9215	-13.17269	1.480086	0.07588467
188800	-301.5911	-285.7155	-15.87559	1.701891	0.119032
189000	-300.3563	-286.9208	-13.43555	1.565561	0.01767689
189200	-302.8673	-282.7685	-20.09882	1.994923	0.2548566
189400	-301.164	-287.0538	-14.11021	1.638857	0.01242444
189600	-302.9079	-284.0122	-18.89569	2.108546	0.02068343
189800	-301.2802	-286.2001	-15.0801	1.582904	0.1578337
190000	-304.3604	-286.461	-17.89942	1.910095	0.1127388
190200	-301.2774	-282.9289	-18.34856	2.010032	0.0640827
190400	-301.8233	-285.8447	-15.97861	1.830839	0.00774602
190600	-303.937	-283.5339	-20.4031	2.276692	0.004205365
190800	-299.1778	-285.2833	-13.89454	1.626582	0.003621197
191000	-299.7826	-285.3833	-14.39932	1.609435	0.07006382
191200	-303.153	-284.9755	-18.17747	1.951076	0.1019461
191400	-309.2653	-285.9315	-23.33383	1.561025	0.9743986
191600	-303.7733	-289.9023	-13.87095	1.454304	0.1612574
191800	-300.4813	-287.9771	-12.50417	1.453542	0.03723581
192000	-300.4973	-289.0308	-11.46649	1.363072	0.02321813
192200	-309.0605	-294.0373	-15.0232	1.256518	0.4777809
192400	-300.1384	-284.5241	-15.6143	1.782253	0.01966976
192600	-301.6287	-286.8609	-14.76784	1.566241	0.1432801
192800	-300.3929	-286.0074	-14.38548	1.569251	0.1077196
193000	-303.7906	-291.2552	-12.53542	1.469243	0.02523594
193200	-300.9396	-288.8361	-12.1035	1.375763	0.07320954
193400	-304.7788	-286.4405	-18.33832	1.952947	0.111942
193600	-299.9547	-286.0198	-13.93489	1.6277	0.006235052
193800	-300.5047	-286.5961	-13.90859	1.517714	0.1119699
194000	-301.2463	-288.4622	-12.78407	1.443819	0.07192754
194200	-300.454	-285.5793	-14.87463	1.688197	0.03795323
194400	-304.3163	-287.0025	-17.31377	1.579558	0.3661855
194600	-301.635	-285.6258	-16.00922	1.805473	0.03492023
194800	-300.3166	-283.9123	-16.40426	1.832632	0.04699333
195000	-299.3105	-285.7733	-13.5372	1.574987	0.01918834
195200	-301.5327	-289.2964	-12.23633	1.368488	0.09063844
195400	-301.4548	-284.4435	-17.01126	1.888541	0.05099811
195600	-302.7985	-289.1502	-13.64826	1.497903	0.1082039
195800	-302.2105	-284.5057	-17.70484	1.758554	0.2472047
196000	-302.881	-292.0716	-10.80944	1.261515	0.05682283
196200	-303.9295	-286.5175	-17.41201	1.859629	0.1117649
196400	-299.7123	-284.4814	-15.23086	1.754381	0.009299723
196600	-304.057	-288.0173	-16.03965	1.488141	0.3389947
196800	-300.9382	-284.4273	-16.51088	1.78859	0.09986084
197000	-299.4087	-285.6888	-13.71985	1.581641	0.03043929
197200	-302.8667	-283.6083	-19.25843	2.00752	0.1533256
197400	-300.6877	-284.0314	-16.6563	1.797291	0.1087978
197600	-307.6226	-283.6073	-24.0153	2.296053	0.3280336
197800	-305.9938	-285.4492	-20.54458	2.193514	0.09354749
198000	-302.7229	-284.3765	-18.34637	1.872144	0.1960744
198200	-300.1716	-287.5019	-12.66972	1.499622	0.007734718
198400	-303.2948	-284.95	-18.34486	1.982774	0.08849197
198600	-301.4208	-284.6767	-16.74402	1.907687	0.007204376
198800	-300.9642	-284.2742	-16.68999	1.818175	0.08939848
199000	-306.9991	-284.243	-22.7562	2.354325	0.1573694
199200	-299.7523	-285.4068	-14.34548	1.628028	0.04559494
199400	-303.7621	-283.7125	-20.04957	2.187393	0.05546883
199600	-302.9621	-285.826	-17.1361	1.94695	0.006886259
199800	-301.3718	-285.416	-15.95578	1.699377	0.1337015
200000	-300.3416	-286.288	-14.05357	1.637126	0.008477473
