Iteration	Posterior	Likelihood	Prior	branch_rates	q[1]	q[2]	q[3]	speciation_rate
0	-655.0557	-638.0814	-16.97436	0.3250191	0.982178	0.010669	0.00715269	0.02250397
200	-650.7415	-632.9708	-17.77069	0.3203706	0.992796	0.00250129	0.00470303	0.09254675
400	-648.4443	-630.5794	-17.86483	0.3246608	0.995533	0.000774883	0.00369195	0.09423433
600	-652.9995	-634.6851	-18.31439	0.2739694	0.995049	0.00086817	0.00408306	0.1762777
800	-649.0792	-632.4065	-16.67277	0.3177785	0.99541	0.000624741	0.00396564	0.003809305
1000	-649.686	-633.0826	-16.6034	0.2921586	0.991882	0.00585918	0.00225907	0.01963175
1200	-649.9435	-631.6739	-18.26954	0.3188897	0.995485	0.00364318	0.000871336	0.1296079
1400	-652.0224	-632.7236	-19.29882	0.3083247	0.992846	0.000988232	0.00616591	0.2243114
1600	-649.3597	-631.3893	-17.97034	0.3580708	0.998274	0.00110355	0.000622866	0.08139462
1800	-649.9887	-633.1463	-16.8424	0.3290954	0.991328	0.00223851	0.0064334	0.008719612
2000	-654.9745	-637.9878	-16.98672	0.3042251	0.971429	0.0210683	0.00750235	0.04047968
2200	-648.3411	-630.7012	-17.63988	0.3120027	0.995093	0.00437641	0.000530461	0.08539869
2400	-651.1268	-632.8371	-18.28976	0.3508791	0.992432	0.00314066	0.00442727	0.1104367
2600	-652.6871	-635.6798	-17.00734	0.3400098	0.994612	0.00351304	0.0018747	0.01304959
2800	-648.7186	-631.0657	-17.65288	0.3437653	0.996946	0.00113739	0.00191646	0.06388757
3000	-647.4957	-630.7595	-16.73615	0.2877223	0.997909	0.00111252	0.000978666	0.03323628
3200	-657.133	-636.8001	-20.3329	0.3192457	0.99661	0.000431115	0.00295931	0.3090852
3400	-654.7355	-637.2692	-17.46631	0.3029633	0.996227	0.00142307	0.00234979	0.07862171
3600	-650.5547	-633.3048	-17.24989	0.3065646	0.990997	0.00876357	0.000239161	0.06096975
3800	-654.9069	-636.941	-17.96587	0.3518319	0.991659	0.00356976	0.00477132	0.08027333
4000	-649.3355	-631.413	-17.92251	0.3359844	0.990256	0.000247244	0.00949702	0.0954463
4200	-644.3113	-626.4376	-17.87378	0.3366549	0.999252	0.000557483	0.000190863	0.08596735
4400	-655.3675	-638.1836	-17.18387	0.3249562	0.985397	0.0102782	0.00432446	0.04058365
4600	-650.844	-633.9241	-16.91992	0.3073556	0.980471	0.00634651	0.013183	0.03228686
4800	-653.8364	-636.7098	-17.1266	0.3272594	0.995468	0.00257146	0.00196076	0.03325099
5000	-658.3433	-641.2804	-17.06296	0.298742	0.994666	0.000407523	0.00492667	0.05114154
5200	-651.6177	-635.1871	-16.43058	0.2788712	0.994995	0.00134077	0.00366441	0.01589585
5400	-650.9123	-633.7447	-17.16759	0.3083336	0.998045	0.00150671	0.000448769	0.05276784
5600	-653.4268	-635.9584	-17.46838	0.3376622	0.9992	0.000216341	0.000583983	0.05362184
5800	-649.8856	-632.0184	-17.86727	0.3107771	0.999477	0.00019075	0.000332517	0.1062671
6000	-651.4825	-634.6778	-16.80476	0.3294783	0.988294	0.00527214	0.00643403	0.005078231
6200	-653.5056	-636.8808	-16.62477	0.3075302	0.995817	0.00376143	0.00042112	0.008253247
6400	-648.2253	-631.489	-16.73623	0.3156015	0.995273	0.0021497	0.00257735	0.01072424
6600	-658.328	-639.7347	-18.59332	0.3637	0.980549	0.016858	0.00259275	0.1265094
6800	-652.6226	-635.6041	-17.01856	0.2859257	0.992567	0.00673105	0.000702177	0.0582779
7000	-650.8204	-634.0017	-16.81863	0.3062679	0.996914	0.000961976	0.00212397	0.02417442
7200	-655.3811	-636.9221	-18.45894	0.3199893	0.995708	0.00391754	0.000374193	0.1527493
7400	-650.502	-633.8292	-16.67275	0.2943905	0.991383	0.000406046	0.00821069	0.02244518
7600	-650.1113	-632.7686	-17.34273	0.3039666	0.997713	0.00176245	0.000524583	0.07072498
7800	-650.343	-633.0221	-17.32085	0.3079771	0.998756	0.000497971	0.000746351	0.06696726
8000	-651.257	-634.1934	-17.06365	0.3161132	0.986501	0.0113016	0.00219741	0.03571087
8200	-654.5668	-637.2829	-17.28383	0.3608486	0.981404	0.0172233	0.00137284	0.0186974
8400	-651.7819	-634.3492	-17.43272	0.3157932	0.999349	0.000397095	0.00025376	0.06732348
8600	-652.1064	-635.5822	-16.52423	0.3017135	0.998224	0.000250105	0.00152615	0.005121216
8800	-654.2965	-635.7449	-18.55165	0.3137596	0.990768	0.00596094	0.00327137	0.1562524
9000	-659.2492	-641.1203	-18.1289	0.3846845	0.998254	0.0016705	7.58687e-05	0.0704322
9200	-656.4836	-638.0734	-18.41015	0.3026514	0.994344	0.000924506	0.00473145	0.1641046
9400	-655.0304	-637.5589	-17.4715	0.3474924	0.995017	0.00358419	0.00139905	0.04620335
9600	-647.2744	-629.9584	-17.31604	0.304421	0.994743	0.00247391	0.00278293	0.0681686
9800	-653.5016	-635.7324	-17.76924	0.3124147	0.997474	0.000696854	0.00182939	0.09812387
10000	-654.2363	-637.7923	-16.44396	0.2738554	0.989062	0.00322979	0.00770858	0.02104262
10200	-646.679	-628.8601	-17.81883	0.3227388	0.999613	7.73835e-05	0.000309944	0.091716
10400	-648.1586	-629.3914	-18.76728	0.3022985	0.997475	0.00211665	0.000408141	0.1815604
10600	-649.5207	-632.6416	-16.87907	0.3337932	0.994441	0.00351554	0.00204316	0.008070435
10800	-651.636	-633.9564	-17.67959	0.3221464	0.990917	1.83414e-05	0.00906429	0.08192128
11000	-648.6446	-631.5482	-17.09641	0.2825631	0.989592	0.00220212	0.00820609	0.06559866
11200	-652.62	-634.7914	-17.82851	0.3185381	0.982204	0.0146057	0.00319053	0.09973285
11400	-650.1742	-633.5082	-16.66602	0.3115196	0.995909	0.000121179	0.0039702	0.008621505
11600	-648.4393	-628.9921	-19.44722	0.3059909	0.998295	0.00112995	0.000574913	0.244134
11800	-646.9081	-629.6935	-17.21459	0.3148282	0.998472	0.000537685	0.000990455	0.04986572
12000	-651.1633	-633.8561	-17.30716	0.3341327	0.995202	2.24139e-05	0.00477596	0.04278989
12200	-653.2108	-635.7835	-17.42732	0.3197472	0.997493	0.00171157	0.000795193	0.06346457
12400	-654.5579	-637.062	-17.49589	0.2991626	0.980765	0.00751294	0.0117221	0.08634041
12600	-650.0791	-632.5839	-17.4952	0.2993506	0.989101	0.00479771	0.00610084	0.08428126
12800	-648.8151	-631.1427	-17.6724	0.3089476	0.997369	0.000170272	0.00246054	0.09412476
13000	-650.2435	-632.7195	-17.52402	0.3482329	0.999555	3.56286e-05	0.000409693	0.05157146
13200	-655.1076	-636.7745	-18.33314	0.2753865	0.983874	0.0160711	5.48345e-05	0.1695466
13400	-659.232	-641.661	-17.57107	0.3245121	0.977353	0.0169395	0.00570779	0.06989361
13600	-659.0784	-637.7148	-21.3636	0.3272028	0.989416	0.00963123	0.00095272	0.3808224
13800	-651.9629	-633.3528	-18.61006	0.3277332	0.997832	0.000325706	0.00184235	0.1516622
14000	-655.3857	-636.2286	-19.15706	0.2876115	0.992586	0.00697862	0.000435584	0.2264995
14200	-654.2205	-636.8365	-17.38402	0.344855	0.996564	0.00328782	0.000148198	0.03921136
14400	-651.0086	-634.4847	-16.52387	0.2982612	0.984605	0.00197811	0.0134171	0.007491438
14600	-654.7677	-637.7105	-17.05714	0.3142854	0.979053	0.0178654	0.00308117	0.03828896
14800	-654.521	-636.9387	-17.58236	0.3160338	0.997291	0.00162146	0.00108796	0.07607565
15000	-652.869	-635.2789	-17.59009	0.330949	0.989328	0.000716764	0.0099557	0.07049261
15200	-652.672	-632.3082	-20.36376	0.3151246	0.99157	0.00829724	0.000132326	0.3203965
15400	-653.5297	-635.9119	-17.61781	0.3086909	0.989974	0.00478151	0.00524431	0.08639593
15600	-651.7769	-635.0948	-16.68212	0.3228869	0.995979	0.00198456	0.00203628	0.0005225817
15800	-652.2702	-632.7688	-19.50141	0.3120694	0.9961	0.00138632	0.00251349	0.2406949
16000	-653.2334	-634.6125	-18.6209	0.3424495	0.995743	0.0025282	0.00172845	0.1406049
16200	-650.6887	-633.8951	-16.79356	0.3209389	0.982154	0.00419251	0.013654	0.0114187
16400	-649.8153	-633.2041	-16.61119	0.315617	0.982426	0.00109112	0.0164826	0.0006546187
16600	-657.1203	-636.6933	-20.42706	0.3726297	0.99746	0.00016161	0.00237843	0.2722381
16800	-651.8315	-635.0632	-16.76837	0.3143523	0.992135	0.00382148	0.00404384	0.01406466
17000	-649.3701	-632.6564	-16.71379	0.3128946	0.992748	0.000591759	0.00665983	0.01129372
17200	-643.8825	-626.9538	-16.92866	0.3369948	0.996984	0.000285355	0.00273089	0.009185436
17400	-657.0452	-640.6505	-16.39469	0.2648609	0.991492	0.00836084	0.000146838	0.02434459
17600	-654.6086	-637.9433	-16.66533	0.2967592	0.992248	0.00257611	0.00517606	0.02011678
17800	-652.9929	-633.6016	-19.3913	0.2752835	0.992138	0.00395051	0.00391193	0.2568765
18000	-646.3432	-629.6351	-16.70804	0.2962517	0.989683	0.00366024	0.00665684	0.02427369
18200	-649.4134	-632.6761	-16.73731	0.2914188	0.989284	0.00283159	0.00788429	0.03036494
18400	-648.1578	-631.1323	-17.02546	0.332732	0.991627	0.00465278	0.00371986	0.0205962
18600	-649.4573	-631.873	-17.58428	0.3401617	0.998866	0.00102527	0.000108565	0.06019527
18800	-652.9442	-634.284	-18.66026	0.3119892	0.995362	0.00170958	0.00292841	0.1718148
19000	-654.9381	-637.6843	-17.25374	0.3215461	0.992535	0.0073322	0.00013305	0.04703499
19200	-650.4027	-630.7069	-19.6958	0.3326065	0.993301	0.00248747	0.00421186	0.2414269
19400	-657.4479	-639.0021	-18.44584	0.3177112	0.989965	0.00188531	0.00814961	0.1435386
19600	-649.5579	-631.9416	-17.61626	0.3051462	0.992673	0.0062756	0.00105128	0.08840368
19800	-654.6688	-637.6926	-16.97621	0.3102147	0.995772	0.00154461	0.00268315	0.03493615
20000	-650.1046	-633.3469	-16.75775	0.2720852	0.997437	0.00175289	0.000809685	0.04778561
20200	-656.2849	-638.4528	-17.83208	0.3177116	0.983308	0.0152811	0.00141104	0.100612
20400	-647.9009	-630.5873	-17.31366	0.2905198	0.996222	1.33432e-05	0.0037643	0.07755462
20600	-651.9166	-633.7968	-18.11981	0.3447553	0.983414	0.0111148	0.00547098	0.1009326
20800	-651.5282	-634.1466	-17.38165	0.3263505	0.997467	0.00192129	0.00061182	0.05488951
21000	-646.1136	-629.6899	-16.4237	0.2823042	0.993856	0.00319982	0.00294372	0.01238401
21200	-644.7674	-627.7237	-17.04377	0.3147962	0.994905	0.00292	0.00217455	0.03708876
21400	-644.5147	-627.7166	-16.79806	0.2861507	0.997504	0.000212558	0.00228304	0.03926838
21600	-660.8109	-642.6298	-18.18108	0.3131192	0.990065	0.00959425	0.000340383	0.1301271
21800	-651.0803	-634.0396	-17.0407	0.3306576	0.996822	0.00290611	0.000271657	0.02404467
22000	-653.5444	-636.4462	-17.09814	0.3395205	0.994721	0.00255986	0.00271868	0.02090672
22200	-647.5619	-630.306	-17.25596	0.3086309	0.993201	0.00585384	0.000944938	0.06108142
22400	-655.3042	-636.2007	-19.10354	0.3536114	0.986631	0.0103764	0.00299306	0.1779561
22600	-649.6105	-632.4698	-17.14076	0.2893475	0.992666	0.00411173	0.00322213	0.06476893
22800	-650.4957	-631.7505	-18.74515	0.3286474	0.991929	0.00422908	0.00384199	0.1614202
23000	-646.5743	-629.5789	-16.99537	0.3261635	0.999108	0.000407716	0.00048399	0.02327435
23200	-655.9483	-637.3664	-18.58181	0.3526507	0.990504	0.00384295	0.00565297	0.1345439
23400	-647.5111	-629.5552	-17.95582	0.3345117	0.990851	0.00329034	0.00585849	0.0950709
23600	-646.7123	-629.4862	-17.22606	0.3250376	0.980883	0.0151098	0.00400693	0.0429911
23800	-659.4826	-640.9501	-18.53252	0.2894465	0.987615	0.00715401	0.0052313	0.174835
24000	-649.1094	-632.5276	-16.58184	0.2969218	0.995986	0.00116286	0.00285102	0.01354655
24200	-656.7966	-639.9256	-16.87095	0.3329099	0.975826	0.0199817	0.00419276	0.007588659
24400	-656.9981	-640.121	-16.87716	0.3254431	0.985957	0.0106959	0.0033466	0.01470824
24600	-658.2226	-641.108	-17.11467	0.3080038	0.978909	0.0202724	0.00081877	0.04772711
24800	-649.7523	-633.0434	-16.70888	0.3111072	0.998048	0.000100403	0.00185144	0.01207378
25000	-652.2459	-631.4288	-20.81711	0.3042123	0.998149	0.00164496	0.000206516	0.3384664
25200	-651.6226	-633.9929	-17.62973	0.3649028	0.992571	0.00680265	0.000626835	0.04584518
25400	-646.7987	-629.8813	-16.91743	0.3011505	0.991171	0.00173606	0.00709296	0.03707506
25600	-651.1854	-634.2071	-16.97831	0.3226152	0.990605	0.00114492	0.0082496	0.02481322
25800	-648.3746	-631.7682	-16.60641	0.3102874	0.991075	0.00642212	0.00250288	0.00476608
26000	-650.6801	-634.1261	-16.55401	0.2898221	0.994554	0.000165514	0.00528089	0.01690927
26200	-652.0982	-632.6989	-19.39935	0.3449524	0.997898	0.00143325	0.00066888	0.2048626
26400	-649.8672	-632.5389	-17.32829	0.3043477	0.998737	0.000878641	0.000384	0.06695267
26600	-650.1749	-633.3908	-16.7841	0.3198658	0.99541	0.000614279	0.00397595	0.01095484
26800	-649.9773	-632.6638	-17.31354	0.3081335	0.991065	0.00431061	0.00462411	0.06364123
27000	-654.7285	-634.7239	-20.00461	0.3297743	0.995326	0.00328518	0.00138857	0.2737642
27200	-648.5536	-631.9905	-16.56316	0.2987032	0.996573	0.00312399	0.000302698	0.01048162
27400	-651.5104	-634.59	-16.92034	0.3350289	0.990784	0.00597343	0.00324291	0.01033346
27600	-650.1084	-633.3883	-16.7201	0.3054531	0.991375	0.00492613	0.00369935	0.01756743
27800	-653.1523	-634.9412	-18.2111	0.3342718	0.998316	0.000140615	0.00154386	0.1152728
28000	-652.8996	-636.2318	-16.66782	0.287722	0.994175	0.00485317	0.000971728	0.02717579
28200	-652.0096	-635.2894	-16.72023	0.3167131	0.9936	0.00586388	0.000535861	0.008563046
28400	-654.6753	-636.8527	-17.82261	0.3246276	0.980618	0.00303511	0.0163468	0.09031469
28600	-661.4439	-641.461	-19.98289	0.3001571	0.984539	0.0142495	0.0012111	0.2906001
28800	-655.2022	-636.8994	-18.30273	0.2991527	0.983564	0.0154498	0.000985718	0.15082
29000	-650.9944	-634.4759	-16.51854	0.3012698	0.996881	0.00207616	0.0010426	0.00487763
29200	-652.597	-634.3087	-18.28834	0.2884608	0.997956	0.0009912	0.00105322	0.1560986
29400	-656.4435	-639.7298	-16.71367	0.3197401	0.996571	0.00302995	0.000399098	0.005894931
29600	-654.6735	-637.5485	-17.12504	0.3494452	0.983819	0.00633964	0.00984092	0.01522765
29800	-652.1715	-634.9277	-17.24383	0.317933	0.986571	0.00425176	0.00917706	0.04975031
30000	-647.4732	-630.7347	-16.73846	0.3177332	0.998341	0.000510943	0.0011478	0.009357159
30200	-649.1257	-632.7891	-16.33662	0.2847877	0.994852	0.00294152	0.00220623	0.003446318
30400	-650.7915	-632.1318	-18.65964	0.3154638	0.993237	0.00316705	0.00359575	0.16488
30600	-651.6051	-635.0348	-16.57029	0.2766887	0.994298	0.00214207	0.00355962	0.02878689
30800	-650.1822	-633.4698	-16.71246	0.3163919	0.994903	0.00320564	0.00189174	0.008285371
31000	-654.793	-637.5321	-17.26097	0.3084444	0.989472	0.000648135	0.00988031	0.05894047
31200	-649.7224	-632.3375	-17.38487	0.3205212	0.996958	0.0018017	0.00124042	0.05889536
31400	-647.8876	-630.5359	-17.35164	0.3301413	0.998629	0.000228022	0.00114296	0.04804134
31600	-654.637	-636.1418	-18.49523	0.3168877	0.984755	0.0122077	0.00303741	0.1516741
31800	-650.2693	-633.8512	-16.41804	0.2875025	0.994696	0.00489419	0.000409943	0.00772438
32000	-652.0693	-633.3552	-18.71404	0.336715	0.995168	0.00340364	0.00142812	0.1543361
32200	-647.3717	-629.685	-17.68673	0.2902104	0.997065	0.000831987	0.00210342	0.1078048
32400	-651.9296	-634.7568	-17.17283	0.2990361	0.989904	0.00135236	0.00874352	0.06017246
32600	-653.6827	-635.6689	-18.01376	0.3526559	0.99766	0.000384084	0.00195622	0.08765067
32800	-657.5104	-640.0348	-17.47559	0.3157338	0.987289	0.00940895	0.00330205	0.07475101
33000	-653.8054	-635.4581	-18.34729	0.3424961	0.993469	0.00381141	0.00271965	0.1198844
33200	-651.6447	-633.3525	-18.29225	0.3267934	0.998785	0.00073097	0.000484367	0.1260276
33400	-652.673	-635.8094	-16.86358	0.304848	0.997425	0.00159108	0.00098435	0.03122336
33600	-656.8631	-638.9511	-17.91198	0.2641363	0.997796	0.0014311	0.000772904	0.1458724
33800	-648.0222	-631.3449	-16.67735	0.2879084	0.999887	5.11192e-05	6.18481e-05	0.02806416
34000	-656.5007	-638.6578	-17.84297	0.3165063	0.972772	0.00968398	0.0175437	0.09972536
34200	-644.4152	-627.7891	-16.62617	0.3017453	0.998723	0.00101038	0.000266157	0.01325372
34400	-652.0415	-634.7359	-17.30559	0.3444734	0.997716	0.00180925	0.00047441	0.03562936
34600	-656.2876	-638.8615	-17.42612	0.3430121	0.997914	0.00112682	0.000959314	0.04742255
34800	-652.1629	-635.6896	-16.47328	0.2771937	0.992166	0.00131696	0.00651658	0.02071893
35000	-651.218	-634.5724	-16.64565	0.2960592	0.993575	0.0023441	0.00408059	0.01966676
35200	-650.6764	-633.7598	-16.91667	0.3316068	0.998799	0.00100508	0.00019596	0.01244709
35400	-650.59	-632.2483	-18.34174	0.3147831	0.997405	0.00218565	0.000409714	0.1376782
35600	-650.2435	-632.3623	-17.88113	0.2949935	0.998321	0.00161056	6.82322e-05	0.1201091
35800	-655.7472	-634.6491	-21.09818	0.3273108	0.99451	0.00134695	0.0041427	0.3483477
36000	-648.0471	-631.0233	-17.02381	0.3450062	0.998044	0.00193281	2.34983e-05	0.01037701
36200	-647.4216	-630.2071	-17.21452	0.3101889	0.993539	0.00611547	0.00034556	0.05318269
36400	-651.0615	-634.0234	-17.03807	0.3457842	0.998082	0.00152684	0.000391197	0.0106741
36600	-651.6825	-634.9278	-16.75466	0.299075	0.992673	0.00713715	0.000189941	0.02475752
36800	-655.7965	-637.8021	-17.99433	0.3380963	0.99828	0.000494752	0.00122537	0.09360325
37000	-645.9422	-629.2428	-16.69935	0.3240922	0.998834	0.000842844	0.00032306	0.000943815
37200	-648.2538	-631.4007	-16.85309	0.2958471	0.993435	0.00350937	0.00305613	0.03603606
37400	-645.087	-627.2172	-17.86984	0.3288441	0.997669	0.00152636	0.000804194	0.09157276
37600	-657.6834	-637.2818	-20.40157	0.327931	0.990337	0.0062897	0.00337289	0.301157
37800	-655.28	-635.7457	-19.53431	0.3228376	0.99132	0.00292116	0.00575869	0.2301792
38000	-651.0825	-633.8937	-17.1888	0.3142812	0.998682	0.000539678	0.000778745	0.04786184
38200	-649.8282	-633.5235	-16.30467	0.2658778	0.989641	0.00806619	0.00229245	0.01606571
38400	-656.3261	-638.6795	-17.64664	0.3100855	0.992304	0.00168159	0.00601479	0.08746485
38600	-657.4093	-639.5788	-17.83058	0.3111281	0.992029	0.000444728	0.0075267	0.104544
38800	-648.3293	-630.8691	-17.46015	0.3433587	0.996894	0.00142142	0.00168447	0.04759059
39000	-648.8654	-631.3855	-17.47989	0.3207289	0.985301	0.000798283	0.0139005	0.06759035
39200	-653.0829	-635.0367	-18.04616	0.2980433	0.994489	0.0051657	0.000344906	0.134862
39400	-650.4204	-633.085	-17.33543	0.3200836	0.986489	0.000602567	0.0129089	0.05648915
39600	-654.9209	-636.3508	-18.57008	0.3465278	0.997209	0.00209696	0.00069381	0.130744
39800	-652.2109	-634.6456	-17.56527	0.3102038	0.991823	0.00641928	0.00175797	0.08357891
40000	-661.5342	-644.7516	-16.78258	0.3036449	0.97394	0.0173569	0.00870336	0.02506459
40200	-653.0133	-635.2484	-17.76492	0.3100562	0.986532	0.0126668	0.0008015	0.0975881
40400	-647.1044	-629.6783	-17.42611	0.3123455	0.996962	0.00203396	0.00100425	0.07071805
40600	-651.3221	-634.2381	-17.08408	0.3102633	0.993388	0.00220426	0.00440759	0.04213286
40800	-654.734	-637.7198	-17.01425	0.2855472	0.990942	0.00817658	0.000881531	0.05991783
41000	-644.721	-627.7785	-16.94247	0.3376205	0.999396	0.000499497	0.000104729	0.009537041
41200	-658.3402	-640.5189	-17.82135	0.3357697	0.994528	0.00157126	0.00390062	0.08343826
41400	-650.8231	-633.3207	-17.50249	0.3069981	0.996818	0.00163135	0.00155041	0.07741038
41600	-649.1954	-631.1615	-18.03387	0.3649562	0.995725	0.00220061	0.00207399	0.07576475
41800	-653.4735	-637.097	-16.37659	0.2863273	0.993832	0.00405031	0.0021181	0.005213419
42000	-648.7858	-631.1854	-17.60045	0.3487995	0.996386	0.000419779	0.00319453	0.0559871
42200	-649.2858	-632.8839	-16.40192	0.294398	0.996369	0.00213737	0.00149406	0.0008906499
42400	-656.1292	-638.1254	-18.00375	0.3330892	0.985928	0.00744724	0.00662462	0.09594323
42600	-648.109	-630.6591	-17.44992	0.2953065	0.997772	0.00185958	0.000368814	0.08407119
42800	-653.2186	-635.1802	-18.03841	0.3243436	0.982911	0.00612803	0.0109613	0.1119686
43000	-648.3548	-630.2002	-18.15454	0.312735	0.996383	0.00327613	0.000340701	0.1319808
43200	-645.7183	-626.8605	-18.85774	0.3195362	0.997247	0.000867942	0.00188488	0.1838963
43400	-650.0613	-633.5366	-16.52464	0.2967115	0.991593	0.00795901	0.00044821	0.009158784
43600	-651.4581	-632.0916	-19.36646	0.3487305	0.998217	0.00103837	0.000745129	0.2011468
43800	-656.7597	-635.7919	-20.96779	0.2970353	0.991669	0.00662542	0.001706	0.3674475
44000	-649.9617	-633.1777	-16.78398	0.2944848	0.992028	0.00523986	0.00273228	0.03171445
44200	-649.439	-632.8113	-16.62774	0.3083125	0.995299	0.00236349	0.00233767	0.007817579
44400	-648.4757	-631.7402	-16.73548	0.3177791	0.998045	0.000804297	0.00115076	0.0089624
44600	-656.6094	-638.5991	-18.01033	0.3365406	0.993649	0.000712998	0.00563819	0.0989581
44800	-650.8468	-634.4113	-16.43555	0.2629669	0.994269	0.0016053	0.00412562	0.02920793
45000	-651.1559	-633.9646	-17.19122	0.3422753	0.993049	0.00215789	0.00479333	0.02622058
45200	-656.5898	-639.2407	-17.34904	0.330998	0.99289	0.00358419	0.00352564	0.05024717
45400	-655.6445	-639.4637	-16.18082	0.2691586	0.99824	0.000342638	0.00141745	0.003357936
45600	-649.9308	-632.3569	-17.57395	0.3390751	0.997195	0.00118818	0.00161639	0.06183888
45800	-649.6218	-632.8871	-16.73466	0.3175814	0.997203	0.00251714	0.000279589	0.009262785
46000	-652.4239	-634.6468	-17.77705	0.343511	0.991561	0.00382035	0.00461857	0.07722935
46200	-649.1068	-632.2004	-16.90641	0.3119091	0.997343	0.000803164	0.00185371	0.02725219
46400	-653.2621	-635.9836	-17.27854	0.28488	0.999094	0.000560117	0.000346147	0.07885353
46600	-647.8657	-629.7739	-18.09178	0.3128856	0.997289	0.000333155	0.00237753	0.1234173
46800	-647.8329	-630.7781	-17.05476	0.3084239	0.997823	0.00160182	0.000575161	0.04230965
47000	-659.165	-641.4966	-17.66841	0.3384942	0.979233	0.0148065	0.00596053	0.06736761
47200	-651.4586	-633.0199	-18.43867	0.3429614	0.995369	0.00373007	0.00090062	0.1280379
47400	-650.0788	-632.1516	-17.92719	0.3172601	0.998143	0.00180311	5.35088e-05	0.103235
47600	-655.9882	-638.8998	-17.08841	0.3308485	0.995401	0.00310838	0.00149049	0.02781698
47800	-651.2081	-634.3006	-16.90751	0.3324228	0.99428	0.00378596	0.00193368	0.01124797
48000	-650.3158	-632.6517	-17.66411	0.2803127	0.996594	0.00152581	0.00188045	0.1133033
48200	-648.1944	-631.8986	-16.29581	0.2694464	0.997006	0.00227901	0.000715268	0.0126993
48400	-655.7435	-637.9406	-17.80295	0.3140013	0.986618	0.00778942	0.00559211	0.09861486
48600	-659.2086	-641.8499	-17.35876	0.323631	0.98272	0.0025006	0.0147792	0.05565575
48800	-653.0186	-636.0588	-16.95979	0.3189385	0.995427	0.00042765	0.00414546	0.0270696
49000	-650.7578	-633.1971	-17.56072	0.2942739	0.997362	0.00256261	7.53841e-05	0.09251791
49200	-651.157	-632.1605	-18.99652	0.3466796	0.998034	0.00105142	0.000914325	0.170987
49400	-650.869	-632.9724	-17.89665	0.2959046	0.978697	0.00638056	0.0149228	0.1191885
49600	-646.2355	-628.7113	-17.52421	0.3491192	0.999438	4.46949e-05	0.000517196	0.04841775
49800	-647.3871	-630.2256	-17.16156	0.3114537	0.995455	0.00424784	0.000296924	0.04761292
50000	-652.9694	-636.0134	-16.95601	0.3241103	0.976698	0.0178604	0.0054414	0.02168062
50200	-653.3667	-636.719	-16.6477	0.3162835	0.994822	0.00250946	0.00266889	0.003067019
50400	-657.0544	-640.2319	-16.82245	0.3170102	0.983589	0.00674654	0.00966461	0.01690925
50600	-650.6835	-633.6229	-17.06063	0.2803263	0.99413	0.00464117	0.00122928	0.06652338
50800	-650.9174	-633.9022	-17.01519	0.327568	0.997434	0.00177417	0.000792291	0.02373273
51000	-656.8062	-639.1742	-17.63191	0.3197571	0.995155	0.000496466	0.00434867	0.080255
51200	-646.3024	-629.3306	-16.97186	0.3172818	0.995082	0.00218098	0.00273667	0.02901579
51400	-652.5828	-635.1801	-17.40271	0.3299531	0.995999	0.000439971	0.0035608	0.05336404
51600	-653.1079	-636.3887	-16.71911	0.3175647	0.989843	0.00965529	0.000501774	0.007768158
51800	-660.3075	-642.6869	-17.62061	0.2979912	0.994433	0.000644622	0.004922	0.09852921
52000	-649.8913	-633.5107	-16.38059	0.2832839	0.99409	0.00103215	0.00487757	0.008064404
52200	-652.8063	-635.3381	-17.46824	0.3614691	0.989637	0.00498933	0.00537412	0.0335151
52400	-652.7064	-635.3791	-17.32735	0.3140355	0.995958	0.000233157	0.00380856	0.05864796
52600	-652.2048	-635.3399	-16.86493	0.2832259	0.995481	0.00184497	0.00267399	0.0462485
52800	-651.6731	-634.7344	-16.93872	0.2904705	0.992008	0.00172681	0.0062655	0.04787129
53000	-654.5446	-635.3661	-19.17854	0.3099683	0.997338	0.00195649	0.000705143	0.211196
53200	-653.0895	-635.0945	-17.99505	0.3519564	0.994352	0.00403435	0.00161386	0.0818378
53400	-650.6964	-632.7336	-17.96288	0.3225676	0.995249	0.00344516	0.00130569	0.1097416
53600	-646.5208	-628.9986	-17.52216	0.3114701	0.997105	0.00236703	0.000528043	0.07950637
53800	-653.9334	-634.9431	-18.99029	0.2786096	0.997678	0.00113944	0.00118264	0.2180703
54000	-654.513	-636.574	-17.93905	0.326358	0.998409	0.00157699	1.43109e-05	0.1008524
54200	-652.3044	-634.7716	-17.53281	0.2970836	0.983753	0.00431496	0.0119321	0.09015693
54400	-653.5733	-636.9833	-16.58997	0.3011054	0.990277	0.00248938	0.00723316	0.01050087
54600	-655.2169	-637.6379	-17.57902	0.3191184	0.996695	0.000204088	0.00310071	0.07656559
54800	-649.2757	-632.397	-16.87876	0.3042191	0.991009	0.00710799	0.00188277	0.0310946
55000	-653.7048	-636.8462	-16.85866	0.2640666	0.994644	0.0017095	0.00364666	0.06134266
55200	-651.7343	-635.1701	-16.56426	0.2920289	0.989075	0.00350322	0.00742193	0.01593445
55400	-647.3024	-630.7668	-16.53561	0.2968043	0.982679	0.00568277	0.0116381	0.009586513
55600	-657.5629	-640.1706	-17.3923	0.3377435	0.996192	0.000569294	0.00323848	0.04689001
55800	-650.547	-633.9313	-16.61569	0.3002886	0.994377	0.00442591	0.001197	0.01339422
56000	-647.3431	-629.2774	-18.06571	0.3114749	0.992508	0.00367389	0.00381842	0.1195739
56200	-644.2079	-626.7409	-17.46701	0.3391784	0.996486	0.0031596	0.000354828	0.05115554
56400	-647.6566	-630.8264	-16.83014	0.2960938	0.999397	0.000187497	0.000415242	0.03324562
56600	-652.4296	-635.3964	-17.03327	0.3377353	0.990601	0.00663434	0.00276421	0.0168237
56800	-649.8593	-632.3078	-17.55151	0.2983529	0.995612	0.0024498	0.00193859	0.09060418
57000	-652.147	-634.8141	-17.33291	0.3115198	0.996786	0.00198323	0.00123113	0.06412249
57200	-653.5208	-636.1991	-17.32174	0.3501118	0.981731	0.0128834	0.00538559	0.03009199
57400	-656.8176	-639.9116	-16.90601	0.3313641	0.998087	0.000972251	0.000940751	0.01206685
57600	-660.6521	-642.7636	-17.88855	0.3474351	0.99508	0.00438626	0.000533673	0.08205698
57800	-654.3582	-636.3309	-18.02731	0.2980292	0.998314	0.000778899	0.000907124	0.1290185
58000	-648.7688	-629.9549	-18.81381	0.2952842	0.994873	0.00258183	0.00254544	0.1910266
58200	-648.3285	-631.4565	-16.87203	0.2933538	0.995645	0.00217961	0.00217504	0.03917257
58400	-653.7858	-637.2097	-16.57611	0.285173	0.997319	0.00183141	0.000849925	0.02364347
58600	-649.226	-632.1253	-17.10071	0.3485022	0.996716	0.000508829	0.00277552	0.01410918
58800	-657.1518	-640.3371	-16.81466	0.2955686	0.985584	0.01054	0.00387585	0.03394203
59000	-647.7151	-631.4078	-16.30734	0.2845276	0.995901	0.0037078	0.000391273	0.001214316
59200	-652.8909	-635.4189	-17.47194	0.3113309	0.994399	0.00251011	0.00309136	0.07631072
59400	-650.4901	-633.6965	-16.79351	0.2836653	0.996561	0.00129168	0.00214757	0.04025465
59600	-654.2829	-637.5616	-16.72133	0.3175874	0.997544	0.00152959	0.000926021	0.008456982
59800	-647.0093	-630.0376	-16.97168	0.3501347	0.996354	0.00130319	0.00234315	0.001901313
60000	-650.2627	-633.001	-17.26169	0.320666	0.99135	0.00809487	0.00055553	0.04998478
60200	-648.834	-631.021	-17.81303	0.3388553	0.992233	0.00302813	0.00473937	0.08015925
60400	-650.66	-633.4536	-17.20641	0.3303993	0.994997	0.00266537	0.00233737	0.03753929
60600	-647.5239	-629.2349	-18.28899	0.3189125	0.995259	0.00384549	0.00089562	0.1335803
60800	-652.8205	-631.9762	-20.84431	0.3212626	0.99418	0.00181236	0.00400759	0.3362545
61000	-649.4865	-632.9565	-16.53005	0.304924	0.992251	0.00727008	0.000479303	0.002750279
61200	-650.1075	-633.2372	-16.87031	0.3064818	0.992231	0.00221751	0.00555156	0.02950221
61400	-653.4572	-635.6242	-17.83296	0.3202011	0.996811	0.00190599	0.00128289	0.09677972
61600	-652.4305	-634.2378	-18.19268	0.3070808	0.992234	0.00740093	0.000364779	0.1344751
61800	-648.4829	-631.3298	-17.15307	0.3456878	0.995097	0.00440666	0.000495994	0.02011113
62000	-650.1885	-633.2278	-16.96069	0.3454559	0.995719	0.00228381	0.00199745	0.005031163
62200	-646.5594	-629.754	-16.8054	0.3276864	0.994898	0.00217509	0.00292666	0.006661908
62400	-645.8849	-628.89	-16.99493	0.3160762	0.996607	0.00214815	0.00124482	0.03070277
62600	-656.8522	-639.8379	-17.01435	0.3312523	0.998189	0.000847819	0.000962705	0.02019819
62800	-655.2327	-637.724	-17.50867	0.297438	0.984012	0.00393748	0.0120509	0.08837048
63000	-646.9383	-630.3622	-16.57607	0.2829013	0.99839	0.00024008	0.00137026	0.02440189
63200	-645.9682	-628.784	-17.18422	0.2904835	0.997738	0.00133547	0.000926356	0.0656619
63400	-650.6566	-633.1385	-17.51814	0.3222021	0.994239	0.00175123	0.00400932	0.07234051
63600	-645.6827	-629.0502	-16.63251	0.3027489	0.999717	0.000267831	1.48378e-05	0.01271279
63800	-650.8817	-633.6871	-17.1946	0.2836672	0.981551	0.0135794	0.00486957	0.07263171
64000	-654.7134	-637.8959	-16.81748	0.2832	0.993649	0.00603423	0.000316447	0.04342114
64200	-647.5944	-630.4112	-17.18325	0.3016922	0.993096	0.00601419	0.000890192	0.05708207
64400	-650.233	-633.4189	-16.81408	0.3182942	0.998127	0.00111623	0.000756366	0.01534267
64600	-651.4	-634.5244	-16.87567	0.3071735	0.988776	0.00471986	0.00650461	0.02977043
64800	-657.4269	-641.0318	-16.39516	0.2735357	0.995293	0.00318015	0.00152645	0.01787979
65000	-658.8472	-639.6233	-19.22389	0.3286052	0.998072	0.00154629	0.000381318	0.2028933
65200	-648.073	-630.8381	-17.23494	0.3140506	0.995924	0.00185864	0.00221702	0.05160483
65400	-650.6155	-631.7535	-18.86205	0.3163319	0.996269	0.00148534	0.00224611	0.1833072
65600	-652.7674	-635.8419	-16.92547	0.3058989	0.991717	0.000735391	0.00754717	0.03401075
65800	-650.6358	-631.9771	-18.65867	0.3383312	0.997369	0.00212414	0.000507027	0.1456903
66000	-651.231	-634.2884	-16.94265	0.2957539	0.986351	0.00493668	0.00871227	0.04359833
66200	-649.7869	-632.8208	-16.96614	0.3048161	0.995503	0.00106685	0.0034304	0.03786722
66400	-648.2962	-629.6736	-18.62255	0.3033825	0.994695	0.00505092	0.000254542	0.1723907
66600	-655.9695	-637.1465	-18.82301	0.3040557	0.975959	0.0121529	0.0118878	0.1864323
66800	-649.3258	-632.2867	-17.03912	0.3190668	0.988416	0.00692499	0.00465944	0.03253528
67000	-652.6584	-635.3646	-17.29373	0.2809157	0.989703	0.00559235	0.00470511	0.08218348
67200	-656.522	-637.5082	-19.0138	0.304786	0.990731	0.00188487	0.0073837	0.1961584
67400	-647.0454	-630.6507	-16.3947	0.28008	0.998357	0.000824662	0.000818582	0.01194906
67600	-647.4662	-630.5687	-16.89753	0.3146346	0.997843	0.0017925	0.000364994	0.02509819
67800	-647.9531	-630.6623	-17.29077	0.3261048	0.998064	0.00189993	3.64429e-05	0.04734583
68000	-646.6042	-629.7981	-16.80607	0.2961722	0.995631	0.00268721	0.00168191	0.03171548
68200	-651.179	-632.6348	-18.54417	0.3195564	0.997794	0.00140951	0.000796803	0.1543239
68400	-648.9752	-631.8715	-17.10368	0.3311616	0.994413	0.00498727	0.000600034	0.02823853
68600	-653.9054	-633.8329	-20.07248	0.3028436	0.996818	0.00310217	7.95349e-05	0.2841348
68800	-648.6798	-630.4629	-18.21684	0.345311	0.989899	0.00168236	0.00841857	0.1108409
69000	-651.8284	-633.8233	-18.00506	0.3600721	0.996728	0.000495634	0.00277637	0.08256511
69200	-648.4043	-631.6429	-16.76141	0.300232	0.990562	0.00499499	0.00444259	0.02581657
69400	-649.0582	-632.1921	-16.86619	0.3308473	0.993305	0.0016654	0.00502912	0.008990961
69600	-650.9444	-634.1947	-16.74968	0.307426	0.984163	0.0148389	0.000997789	0.01788832
69800	-648.5601	-629.9776	-18.58247	0.3253501	0.992894	0.00433587	0.00276997	0.1517066
70000	-655.3025	-638.0573	-17.24519	0.3579314	0.997143	0.000716626	0.00214048	0.01856274
70200	-648.0203	-631.0492	-16.97109	0.3413818	0.996629	0.00297348	0.000397928	0.009404295
70400	-646.7034	-629.6517	-17.05174	0.2817305	0.995709	0.00169863	0.00259193	0.06321711
70600	-648.4257	-630.1679	-18.25782	0.3118984	0.995699	0.000441005	0.00385972	0.1385642
70800	-647.4186	-630.842	-16.57652	0.3051129	0.999193	0.000492204	0.000314691	0.006542391
71000	-653.4171	-636.8401	-16.577	0.3040748	0.994932	0.00414119	0.000926576	0.007190325
71200	-654.9681	-637.4293	-17.53881	0.3408891	0.9972	0.00209691	0.000703102	0.05790299
71400	-656.6223	-635.5178	-21.10449	0.2916017	0.993178	0.0022715	0.00455012	0.3823873
71600	-654.73	-637.2107	-17.51929	0.3025676	0.991392	0.00597782	0.00263039	0.08451388
71800	-655.6873	-638.0938	-17.59344	0.2698425	0.989599	0.00534161	0.00505891	0.1183454
72000	-651.519	-632.9712	-18.54779	0.3351782	0.990503	0.00133184	0.00816473	0.1412829
72200	-647.9977	-631.1619	-16.8358	0.2921208	0.990864	0.00100982	0.00812604	0.03763824
72400	-648.192	-631.3751	-16.81687	0.3366139	0.996089	0.00381321	9.82168e-05	0.0003130714
72600	-646.9866	-628.651	-18.33556	0.3239059	0.995177	0.00238168	0.00244103	0.129498
72800	-660.3005	-642.7872	-17.5133	0.2927357	0.992853	0.00602748	0.00111926	0.09633209
73000	-657.4866	-638.5744	-18.91226	0.3434743	0.981326	0.00212828	0.0165456	0.1682412
73200	-652.5327	-634.3089	-18.22374	0.2898844	0.99598	0.000446473	0.00357383	0.1548469
73400	-651.037	-634.1172	-16.91986	0.3407044	0.993487	0.00124608	0.00526721	0.005511768
73600	-650.2473	-631.9665	-18.28081	0.3234774	0.997239	0.00238978	0.000370802	0.1282096
73800	-651.036	-633.876	-17.16002	0.309791	0.992871	0.00533623	0.00179239	0.04913454
74000	-657.2923	-640.1755	-17.11682	0.3138724	0.984937	0.00468635	0.0103768	0.04320208
74200	-650.0235	-633.4134	-16.61007	0.312229	0.996189	0.00324016	0.000570745	0.00336748
74400	-647.7883	-630.5074	-17.28086	0.2870206	0.987331	0.00819314	0.00447629	0.07789768
74600	-645.6762	-628.5837	-17.0925	0.3193643	0.999819	3.64392e-05	0.00014442	0.03669177
74800	-647.3847	-630.3803	-17.00444	0.3340098	0.992769	0.00140024	0.00583053	0.01819521
75000	-654.8633	-638.2476	-16.61577	0.2955916	0.988286	0.0110605	0.000653524	0.01722877
75200	-647.8208	-630.6912	-17.12954	0.3303202	0.985233	0.00652171	0.00824519	0.03151362
75400	-651.2159	-634.3627	-16.85322	0.3221583	0.999156	0.000318623	0.000525438	0.01491562
75600	-648.0787	-630.8395	-17.2392	0.3250215	0.994982	0.00429051	0.000727767	0.04518455
75800	-658.2738	-641.6866	-16.58727	0.2984087	0.992149	0.0023488	0.00550205	0.01232759
76000	-653.0173	-634.3053	-18.71198	0.3287036	0.986868	0.0109387	0.00219297	0.160201
76200	-652.9991	-636.2937	-16.70537	0.2684037	0.993746	0.00467194	0.00158181	0.04504727
76400	-649.2287	-631.4434	-17.78536	0.2971232	0.996341	0.00191236	0.00174711	0.109089
76600	-655.386	-638.0824	-17.30357	0.2828623	0.992276	0.00166102	0.00606253	0.08223767
76800	-651.298	-634.6332	-16.66481	0.2803141	0.997761	0.000499307	0.00173965	0.03435038
77000	-655.6971	-637.8595	-17.83767	0.3366227	0.976687	0.0175937	0.00571904	0.08528619
77200	-651.2199	-634.6224	-16.59746	0.3127707	0.997145	0.00236217	0.000492699	0.001835657
77400	-657.8758	-637.8659	-20.00988	0.2780728	0.991359	0.00683148	0.00180964	0.3054792
77600	-650.5721	-631.6715	-18.90058	0.2881788	0.998677	7.3387e-05	0.00124972	0.2048595
77800	-651.2766	-632.9274	-18.34919	0.3495341	0.997082	0.00138467	0.001533	0.1157759
78000	-651.5721	-634.8995	-16.67258	0.2963468	0.99262	0.00314187	0.00423826	0.02072364
78200	-650.4485	-630.3337	-20.11478	0.298064	0.988659	0.0113411	5.38965e-08	0.2982568
78400	-648.6705	-631.1715	-17.49899	0.3017102	0.995451	0.00314408	0.00140525	0.0844683
78600	-652.7736	-633.4889	-19.28467	0.3336385	0.991125	0.00321804	0.00565708	0.2029527
78800	-655.6122	-638.6831	-16.92908	0.3403635	0.989204	0.000252105	0.0105438	0.00659524
79000	-648.3493	-631.3914	-16.95786	0.3220951	0.990304	0.0010011	0.00869486	0.02411059
79200	-649.3099	-632.2011	-17.1088	0.3496666	0.99571	0.00417812	0.000111687	0.01345157
79400	-650.403	-633.6096	-16.79346	0.3136773	0.991293	0.000988345	0.00771838	0.01720147
79600	-646.1485	-629.5208	-16.62765	0.302392	0.99872	0.000886635	0.000393062	0.01245214
79800	-646.7272	-629.1695	-17.55777	0.3009436	0.996789	0.00155	0.00166096	0.0898146
80000	-652.2972	-632.7284	-19.56883	0.302047	0.99657	0.000793083	0.00263659	0.2566683
80200	-649.0818	-631.2004	-17.88145	0.3353488	0.995738	0.00185183	0.00240989	0.09007099
80400	-656.2306	-637.7161	-18.51454	0.2863062	0.991365	0.000124848	0.00851038	0.1755586
80600	-650.8726	-632.4769	-18.39571	0.3143152	0.989427	0.00476926	0.00580378	0.1466352
80800	-647.7113	-631.0765	-16.63479	0.3053783	0.992577	0.00157433	0.00584888	0.01048511
81000	-655.5571	-638.432	-17.12513	0.3403083	0.98999	0.00646845	0.00354164	0.02254952
81200	-648.8565	-631.0742	-17.78232	0.3154355	0.992985	0.0026466	0.00436847	0.09554676
81400	-647.6307	-630.6376	-16.99308	0.3020672	0.993209	0.00472327	0.00206741	0.04194236
81600	-650.3234	-632.8239	-17.49951	0.3655589	0.994962	0.00263863	0.00239962	0.03140178
81800	-650.2034	-633.0602	-17.14317	0.3494567	0.984628	0.0141911	0.0011805	0.01668821
82000	-650.3715	-631.5962	-18.77529	0.2793055	0.995118	0.00291107	0.00197048	0.2027523
82200	-650.303	-632.7249	-17.5781	0.3114604	0.99234	0.000914873	0.00674511	0.0869122
82400	-653.8815	-636.6849	-17.19661	0.2834056	0.995051	0.00240036	0.00254817	0.0745845
82600	-647.7608	-630.3334	-17.42734	0.3235616	0.998186	0.00165049	0.000163677	0.06176506
82800	-657.0356	-639.0398	-17.9958	0.3351933	0.988009	0.00401953	0.00797105	0.09682347
83000	-658.739	-633.8351	-24.90388	0.3228947	0.992474	0.00497637	0.00254914	0.6458454
83200	-655.4134	-635.813	-19.60045	0.3333781	0.992643	0.00618885	0.00116789	0.2356112
83400	-656.6537	-635.0259	-21.62784	0.3341932	0.997057	1.8549e-05	0.00292434	0.3896992
83600	-650.1708	-632.0439	-18.12695	0.2903536	0.997881	0.000569097	0.00154981	0.1416808
83800	-652.5297	-631.066	-21.46369	0.3134727	0.99252	0.00381825	0.00366165	0.3915788
84000	-657.5952	-638.0244	-19.57082	0.3201313	0.997712	4.25987e-05	0.00224581	0.2423362
84200	-655.6802	-638.7358	-16.94436	0.3376306	0.988953	0.00475836	0.00628882	0.01018415
84400	-649.4891	-631.0391	-18.45004	0.3167342	0.996987	0.000488154	0.00252473	0.1435072
84600	-653.3135	-634.3842	-18.9293	0.3352498	0.996886	0.000766818	0.00234686	0.1685605
84800	-651.8417	-634.2392	-17.6025	0.3167441	0.994293	0.00365063	0.00205633	0.07746186
85000	-653.3087	-635.8457	-17.46307	0.3174123	0.997757	0.00110315	0.00114028	0.07083878
85200	-650.1626	-632.5019	-17.66065	0.3135812	0.992556	0.00237025	0.00507417	0.08797973
85400	-649.5835	-632.1052	-17.47833	0.3084996	0.992685	0.00530444	0.00201098	0.07690065
85600	-655.588	-637.7935	-17.79445	0.3403243	0.985605	0.00124624	0.0131491	0.07881154
85800	-646.1191	-629.568	-16.55109	0.2980781	0.993286	0.00327322	0.0034406	0.01004786
86000	-651.6045	-634.1204	-17.48415	0.3637248	0.994249	0.000344695	0.00540653	0.03314399
86200	-651.9346	-632.6955	-19.23914	0.3677701	0.999274	0.000334099	0.000392113	0.168283
86400	-648.7258	-632.14	-16.58577	0.2935932	0.995941	0.00157601	0.00248327	0.01645778
86600	-650.04	-633.3187	-16.72138	0.3124672	0.999063	6.05144e-06	0.000931342	0.01195591
86800	-648.5315	-631.3673	-17.1642	0.3035425	0.997494	0.000161865	0.00234412	0.0546194
87000	-650.3775	-633.1606	-17.21693	0.3096221	0.996302	0.00338084	0.000317651	0.05426599
87200	-654.6787	-637.1924	-17.48634	0.2916095	0.996368	0.00264939	0.00098212	0.09538054
87400	-655.66	-639.2085	-16.45154	0.2786502	0.987989	0.00387432	0.00813673	0.01776343
87600	-645.9949	-628.6598	-17.33508	0.3467757	0.999435	0.000112816	0.00045215	0.03509279
87800	-655.7088	-637.8094	-17.89938	0.3085772	0.987811	0.00762091	0.00456812	0.1109869
88000	-655.2789	-637.9807	-17.2982	0.3292449	0.986378	0.00377468	0.00984742	0.0440657
88200	-648.8207	-631.3708	-17.44985	0.3360399	0.999021	0.000302088	0.000676807	0.053477
88400	-647.6748	-631.0872	-16.58762	0.3018392	0.994358	0.00169886	0.00394341	0.009716146
88600	-650.2795	-633.1946	-17.08492	0.3265858	0.996632	0.00293902	0.000428844	0.0303895
88800	-649.1301	-631.7681	-17.36196	0.322985	0.997284	0.00104064	0.00167562	0.05805009
89000	-655.7585	-636.5694	-19.18913	0.3175363	0.997719	0.000560417	0.00172079	0.2143299
89200	-652.291	-634.963	-17.32797	0.3349597	0.99795	0.00177276	0.000277318	0.0427122
89400	-649.0324	-632.043	-16.98941	0.3232579	0.987468	0.00592572	0.00660652	0.02478408
89600	-649.0239	-631.042	-17.98197	0.2863025	0.995853	0.00279163	0.00135488	0.1337795
89800	-651.813	-632.0092	-19.80383	0.3110839	0.991423	0.00786609	0.000711093	0.2606269
90000	-646.5724	-629.332	-17.24041	0.3385836	0.994039	0.00445189	0.00150909	0.03311164
90200	-648.848	-631.7312	-17.11678	0.3261813	0.995613	0.00155088	0.00283575	0.0342444
90400	-649.858	-632.2961	-17.56189	0.2973888	0.994989	0.00233425	0.00267711	0.09564335
90600	-652.1026	-631.0786	-21.02407	0.295006	0.997738	0.00136812	0.000894078	0.3665622
90800	-653.9525	-637.1057	-16.84685	0.3254032	0.971203	0.0241441	0.00465244	0.01160879
91000	-647.964	-631.0543	-16.9097	0.3344341	0.996078	0.00170398	0.00221756	0.009747453
91200	-650.4687	-631.4746	-18.99406	0.2858645	0.994314	0.00493665	0.000749024	0.2138107
91400	-649.1251	-632.2875	-16.8376	0.3045685	0.996236	0.00242044	0.00134307	0.02721781
91600	-663.3346	-644.9849	-18.34973	0.3116376	0.99469	0.00107237	0.00423768	0.1470389
91800	-651.8498	-634.8734	-16.97634	0.3129345	0.994555	0.00505356	0.000391222	0.03174706
92000	-648.4815	-630.9018	-17.57973	0.3558017	0.996065	0.0030671	0.000868245	0.04793534
92200	-656.2255	-638.3776	-17.84787	0.2884959	0.991273	0.000257956	0.00846861	0.12385
92400	-657.944	-639.0093	-18.93469	0.3471103	0.992861	0.0043994	0.00273946	0.1666314
92600	-651.5899	-634.8912	-16.6987	0.3059485	0.993313	0.000532682	0.00615428	0.01561726
92800	-650.6803	-633.2044	-17.4759	0.305149	0.993105	0.00260652	0.00428809	0.07793052
93000	-650.8351	-631.8041	-19.03099	0.3232157	0.985754	0.0116455	0.00260051	0.1969378
93200	-649.3635	-632.2174	-17.14612	0.3065188	0.991556	0.00783066	0.000613441	0.05093728
93400	-647.3032	-629.9124	-17.39082	0.3550518	0.996228	0.00309963	0.000671867	0.03283321
93600	-649.6575	-632.2723	-17.38516	0.2914855	0.997813	0.000642762	0.00154447	0.0817469
93800	-648.0354	-629.7756	-18.25983	0.3517143	0.99797	0.000209355	0.00182094	0.1073045
94000	-650.5711	-632.9493	-17.62174	0.3219095	0.982897	0.00760358	0.00949928	0.07759652
94200	-652.6751	-636.0024	-16.6727	0.3077444	0.988349	0.00164755	0.0100031	0.0121773
94400	-654.6459	-635.6555	-18.99042	0.2663584	0.994042	0.000442767	0.00551541	0.2291762
94600	-649.6049	-632.71	-16.89492	0.3085524	0.993095	0.00393957	0.002965	0.02956925
94800	-655.7899	-637.4061	-18.38379	0.294417	0.982745	0.00848564	0.00876972	0.1607194
95000	-652.7218	-635.0327	-17.68913	0.3506653	0.981917	0.0104439	0.00763929	0.05877891
95200	-650.6224	-633.3166	-17.30579	0.3042191	0.996578	0.00101081	0.00241104	0.06487445
95400	-667.1475	-647.7822	-19.36526	0.3157418	0.959523	0.00769621	0.0327809	0.2232923
95600	-647.7764	-630.6125	-17.16387	0.3420127	0.995525	0.00434847	0.000126547	0.0243876
95800	-650.2353	-632.7555	-17.47978	0.3000474	0.99709	0.00163384	0.00127659	0.08222727
96000	-649.0585	-631.1412	-17.91734	0.3124811	0.992664	0.00209069	0.00524543	0.1111925
96200	-651.1105	-633.6558	-17.45472	0.331227	0.994784	0.00495885	0.000257573	0.05849047
96400	-656.3071	-636.7663	-19.54084	0.308017	0.990972	0.00135176	0.00767664	0.2616489
96600	-648.944	-631.6266	-17.31737	0.3015827	0.994241	0.00532304	0.00043574	0.06855708
96800	-651.0207	-633.5699	-17.45078	0.3505229	0.996685	0.00208989	0.00122535	0.04130404
97000	-648.2436	-631.6615	-16.58208	0.2873453	0.998938	0.000735654	0.000326189	0.02175752
97200	-660.6705	-642.7303	-17.94027	0.3182158	0.973311	0.0265405	0.00014891	0.1057013
97400	-649.3864	-631.5769	-17.80953	0.3359395	0.986759	0.0121184	0.00112307	0.08219944
97600	-647.9646	-630.684	-17.28066	0.3133099	0.985794	0.00575756	0.0084486	0.05620711
97800	-652.3354	-634.6073	-17.72805	0.3542922	0.988609	0.00345416	0.0079373	0.05974271
98000	-648.4329	-630.7391	-17.69383	0.3136561	0.997614	0.00225354	0.000131975	0.08967598
98200	-658.0652	-641.2151	-16.85009	0.3247885	0.997401	0.00235961	0.000239056	0.01240928
98400	-659.961	-642.5522	-17.40879	0.3443166	0.984353	0.00756722	0.00808	0.04221723
98600	-654.0489	-636.941	-17.10791	0.3177371	0.987439	0.00360216	0.00895907	0.03898417
98800	-654.7762	-633.717	-21.05918	0.3004872	0.993144	0.00546062	0.00139553	0.3739942
99000	-650.8758	-632.8706	-18.00521	0.3185464	0.99142	0.00427144	0.00430842	0.1132828
99200	-651.1116	-634.2485	-16.86309	0.3201202	0.990651	0.0078684	0.00148043	0.01802668
99400	-656.129	-638.8662	-17.26288	0.3225912	0.974663	0.00650257	0.0188349	0.0478805
99600	-650.7499	-633.78	-16.96995	0.3226032	0.995148	0.00203408	0.00281807	0.02410058
99800	-653.5412	-635.6112	-17.93003	0.291046	0.988831	0.00852034	0.00264855	0.1296322
100000	-652.9123	-634.6582	-18.25414	0.2888799	0.992887	0.00366887	0.00344441	0.1562452
100200	-651.5631	-634.3319	-17.23111	0.3202554	0.999135	0.000391826	0.000472777	0.04706957
100400	-652.4595	-635.499	-16.96042	0.3248605	0.9971	0.0011874	0.00171261	0.02165089
100600	-656.9765	-639.1766	-17.79991	0.3383575	0.981249	0.00351799	0.0152326	0.08336691
100800	-647.1526	-629.7128	-17.43977	0.3147132	0.99792	0.00140201	0.000677905	0.07027243
101000	-648.6642	-630.927	-17.7372	0.3569943	0.998962	8.19343e-05	0.000956495	0.06168132
101200	-648.7509	-631.3187	-17.43219	0.319985	0.985258	0.00977664	0.00496497	0.06367963
101400	-652.2518	-633.34	-18.9118	0.3090484	0.99197	0.00709501	0.000934619	0.1873014
101600	-657.1368	-638.532	-18.60479	0.3011906	0.987016	0.00118582	0.0117986	0.171584
101800	-648.4069	-631.604	-16.80287	0.3326846	0.993137	0.00119056	0.00567282	0.002333687
102000	-648.9354	-631.8199	-17.11551	0.3281688	0.992006	0.00303163	0.00496267	0.03157569
102200	-654.5065	-635.9926	-18.51392	0.3167738	0.991361	0.00385717	0.00478195	0.1503443
102400	-651.3339	-633.7196	-17.61436	0.3055776	0.99292	0.000440912	0.00663879	0.09212309
102600	-655.868	-637.4353	-18.43273	0.3463782	0.9887	0.0065931	0.00470701	0.1280397
102800	-651.6566	-634.0459	-17.61079	0.356292	0.996512	0.000934445	0.00255342	0.04910682
103000	-648.7363	-631.6419	-17.09447	0.2798462	0.998656	0.000753426	0.000590648	0.0672469
103200	-650.378	-632.5901	-17.78791	0.3183795	0.986161	0.00585448	0.00798486	0.09398785
103400	-651.5135	-631.558	-19.95549	0.3373076	0.997355	0.00173925	0.000905361	0.2559826
103600	-652.1066	-635.3657	-16.74091	0.3165854	0.991684	0.00141384	0.00690241	0.01002793
103800	-655.9676	-639.3877	-16.57989	0.2973095	0.996534	0.000538708	0.00292694	0.01302099
104000	-651.362	-634.8333	-16.52879	0.2885757	0.993849	0.00101412	0.0051367	0.01605912
104200	-646.8612	-630.2956	-16.56557	0.3054888	0.994711	0.00314763	0.00214142	0.005179422
104400	-650.6296	-633.3577	-17.27189	0.3084066	0.993014	0.00381438	0.00317166	0.05978451
104600	-647.9731	-631.5583	-16.4148	0.2690404	0.994342	0.00189812	0.00375982	0.02258518
104800	-646.6416	-629.0657	-17.57592	0.3116549	0.994703	0.00468858	0.000608008	0.08167314
105000	-653.2066	-636.3002	-16.90643	0.3089114	0.983474	0.00349961	0.0130269	0.03032496
105200	-660.1409	-642.6464	-17.49453	0.3146683	0.994469	0.00195933	0.00357183	0.07376621
105400	-651.6041	-632.9516	-18.65255	0.3491397	0.995598	0.00368458	0.000717686	0.1462692
105600	-654.1153	-634.7897	-19.32562	0.3383896	0.980665	0.000318325	0.0190167	0.2058026
105800	-660.248	-642.9253	-17.32275	0.3548749	0.995905	0.000371385	0.00372399	0.02686543
106000	-657.4934	-639.2662	-18.22727	0.3588765	0.995021	0.00490441	7.46663e-05	0.101543
106200	-653.6014	-637.0291	-16.57235	0.2877948	0.998037	0.00168328	0.000279344	0.02052034
106400	-654.9375	-637.864	-17.07351	0.336171	0.993407	0.00198594	0.00460752	0.02268024
106600	-655.1018	-637.7921	-17.30969	0.3239617	0.991667	0.00627139	0.00206131	0.05196307
106800	-658.0099	-639.5498	-18.4601	0.2828311	0.988047	0.00923237	0.00272026	0.1747429
107000	-652.1407	-633.6357	-18.50498	0.2810857	0.998945	0.000273034	0.000782071	0.1825143
107200	-655.9535	-638.8683	-17.08519	0.2554031	0.999601	0.000309866	8.94811e-05	0.08860265
107400	-653.6204	-636.9602	-16.66018	0.3095322	0.994062	0.00452434	0.00141347	0.009928337
107600	-650.2103	-633.2721	-16.93818	0.3367797	0.995785	0.00316751	0.00104719	0.01050912
107800	-655.9719	-637.6453	-18.32655	0.3048426	0.996361	0.000871958	0.00276661	0.1452769
108000	-650.799	-632.9142	-17.88474	0.3339585	0.9955	0.00341022	0.00108953	0.09098284
108200	-646.6213	-629.7296	-16.8917	0.3383292	0.996627	0.0023064	0.00106658	0.005242656
108400	-658.1871	-640.5268	-17.66027	0.3505697	0.986146	0.00150993	0.0123437	0.0561304
108600	-660.855	-641.3165	-19.53849	0.3480153	0.985869	0.00607091	0.00806009	0.2206347
108800	-654.1268	-636.9814	-17.14544	0.2937688	0.986423	0.00481953	0.00875737	0.06082821
109000	-645.6813	-628.2989	-17.38232	0.3310201	0.997923	0.000990123	0.00108678	0.05045218
109200	-656.8218	-635.0936	-21.72824	0.3503095	0.997282	0.000699851	0.00201835	0.3869339
109400	-650.1738	-633.3316	-16.8422	0.3082867	0.997072	0.00192417	0.00100354	0.02548641
109600	-653.7627	-636.1102	-17.65253	0.2877573	0.989447	0.000264327	0.0102887	0.1077708
109800	-647.9374	-631.0285	-16.9089	0.3212824	0.994476	0.00415951	0.00136416	0.02045258
110000	-654.9792	-638.0297	-16.94947	0.3107982	0.993354	0.0044438	0.00220269	0.03200475
110200	-648.852	-632.033	-16.81895	0.3263555	0.995795	0.00356108	0.000644368	0.009006003
110400	-652.519	-635.8401	-16.67895	0.3174695	0.993152	0.00651733	0.000330185	0.004860984
110600	-651.6973	-634.9597	-16.73766	0.2963009	0.991054	0.00231042	0.00663591	0.02694477
110800	-659.9335	-642.3261	-17.60746	0.3488065	0.995372	0.00198396	0.00264444	0.05535941
111000	-651.7272	-635.2942	-16.43296	0.2855478	0.990084	0.00165022	0.00826615	0.01068998
111200	-649.1636	-631.8202	-17.34346	0.3044374	0.994766	0.00169822	0.00353535	0.07185077
111400	-659.3788	-641.6202	-17.75853	0.369665	0.991846	0.00745687	0.000696908	0.05155064
111600	-653.0604	-634.4667	-18.59375	0.3411766	0.997051	0.000558149	0.00239081	0.1443858
111800	-652.4877	-635.9512	-16.53653	0.2578319	0.995173	0.000485567	0.00434107	0.04193176
112000	-650.0883	-632.7483	-17.34	0.3457748	0.988094	0.00455691	0.00734915	0.03659342
112200	-651.1606	-632.2796	-18.88105	0.3013517	0.997171	0.00118952	0.00163955	0.1933766
112400	-652.5743	-635.9098	-16.66443	0.3073104	0.995131	0.00225659	0.00261229	0.011778
112600	-657.5476	-639.2035	-18.34414	0.3314533	0.991486	0.000352679	0.00816126	0.1288817
112800	-652.5939	-635.9415	-16.65236	0.3109822	0.988196	0.00554129	0.00626238	0.007665528
113000	-650.7888	-632.728	-18.06082	0.323529	0.998938	0.000268224	0.00079383	0.117656
113200	-650.865	-632.2974	-18.56762	0.3307974	0.993317	0.000248305	0.00643431	0.1500455
113400	-657.1518	-638.9658	-18.18601	0.3134243	0.994581	0.00390964	0.00150942	0.1342274
113600	-656.8898	-637.0107	-19.87912	0.323373	0.986041	0.0115975	0.0023616	0.2625943
113800	-648.7694	-629.908	-18.86136	0.3443926	0.995443	0.00265693	0.00190004	0.1579284
114000	-654.3739	-634.3653	-20.00854	0.308703	0.993195	0.00288064	0.00392418	0.2815774
114200	-650.7108	-633.4897	-17.22111	0.2826397	0.990865	0.00172894	0.00740586	0.07740395
114400	-652.7818	-634.5641	-18.21776	0.2793329	0.998403	0.000941829	0.000655155	0.158797
114600	-651.3723	-633.9016	-17.4707	0.3162106	0.990728	0.00355588	0.00571606	0.06921859
114800	-649.839	-632.2483	-17.59075	0.3572044	0.997247	0.00273484	1.76589e-05	0.04641464
115000	-650.0104	-632.8207	-17.18963	0.3008092	0.994281	0.00260656	0.00311235	0.05855229
115200	-651.1873	-633.2384	-17.94889	0.3450341	0.998107	2.06876e-06	0.00189064	0.08784872
115400	-646.1421	-628.8868	-17.25524	0.3208889	0.996468	0.000920015	0.0026119	0.05039874
115600	-648.7364	-632.0603	-16.67616	0.2937224	0.997043	0.0019418	0.0010156	0.02329103
115800	-650.2783	-632.8365	-17.4418	0.348122	0.994404	0.00529487	0.000301608	0.0435014
116000	-652.925	-635.0203	-17.90471	0.3199022	0.996598	0.00264338	0.000758898	0.1023717
116200	-649.5004	-632.0103	-17.4901	0.2945943	0.99893	0.000263447	0.000806629	0.09085528
116400	-650.1405	-633.2953	-16.84514	0.2854745	0.985973	2.86542e-05	0.0139982	0.04391278
116600	-649.0212	-632.1268	-16.89442	0.3075705	0.993673	0.00397287	0.00235405	0.03094227
116800	-648.4422	-628.9041	-19.53813	0.3555134	0.999319	0.000388983	0.000292517	0.2117911
117000	-649.1813	-632.0971	-17.08413	0.3205923	0.995245	0.00389723	0.000857498	0.03615282
117200	-655.5992	-636.1308	-19.46848	0.2941444	0.995373	0.000436176	0.00419054	0.2440297
117400	-649.0295	-631.8252	-17.20436	0.3364752	0.995181	0.0034954	0.0013232	0.03189565
117600	-651.0707	-634.1586	-16.91203	0.3153651	0.996673	0.00119476	0.00213241	0.0268285
117800	-650.263	-633.4462	-16.8168	0.3004182	0.990779	0.0070327	0.00218851	0.03053932
118000	-654.8146	-637.883	-16.93162	0.2915138	0.991992	0.00678541	0.00122277	0.04590355
118200	-655.7267	-638.096	-17.63077	0.351041	0.999848	9.8069e-06	0.000142495	0.0581822
118400	-653.2547	-635.68	-17.57473	0.3394666	0.991261	2.81295e-05	0.00871053	0.05961941
118600	-650.8661	-633.4894	-17.37672	0.3112946	0.988917	0.00224767	0.00883561	0.06590022
118800	-656.9602	-639.308	-17.65217	0.3463484	0.994414	0.000947423	0.00463893	0.06112021
119000	-653.3077	-636.0322	-17.27551	0.3223176	0.996961	0.00110306	0.00193625	0.05130009
119200	-660.0569	-643.3737	-16.68317	0.321037	0.992374	0.00739059	0.000235802	0.002143707
119400	-654.2805	-637.3536	-16.9269	0.2886194	0.991906	0.00246837	0.00562538	0.04864637
119600	-648.8777	-631.4508	-17.42688	0.3058171	0.997502	0.00228579	0.00021218	0.0731026
119800	-649.6144	-632.2112	-17.40317	0.2922889	0.989787	0.0100968	0.000116275	0.08438563
120000	-649.4923	-631.7756	-17.71676	0.3409532	0.998275	0.000573213	0.00115227	0.07336981
120200	-647.3409	-630.1091	-17.23183	0.3473515	0.990939	0.00849024	0.000571177	0.02536239
120400	-647.6063	-630.8846	-16.72172	0.3168099	0.998428	9.69136e-05	0.00147479	0.008563813
120600	-650.5112	-633.2003	-17.31088	0.3417604	0.996229	0.0020938	0.00167736	0.03655552
120800	-650.2159	-632.9172	-17.29864	0.3128486	0.98754	0.0123184	0.000141525	0.0582459
121000	-657.0659	-639.5199	-17.54598	0.2948244	0.990332	0.00368151	0.00598675	0.09553005
121200	-649.6213	-631.423	-18.19835	0.3160902	0.997263	0.00241878	0.000318499	0.134944
121400	-653.2462	-635.4091	-17.83709	0.31725	0.987751	0.00762302	0.00462643	0.09789026
121600	-654.6755	-637.0583	-17.61723	0.2897434	0.995146	0.00288793	0.00196601	0.1046755
121800	-651.8385	-633.3401	-18.49834	0.2852492	0.989006	0.00649902	0.00449521	0.179862
122000	-661.3699	-642.5093	-18.86056	0.3123928	0.992928	0.000851116	0.00622103	0.186733
122200	-653.971	-634.8453	-19.12571	0.3202789	0.988755	0.00587744	0.0053679	0.1972681
122400	-650.8109	-633.8876	-16.92335	0.309274	0.990605	0.00722024	0.00217513	0.03139746
122600	-653.6684	-637.1872	-16.48117	0.2953406	0.988959	0.0094621	0.00157922	0.006767884
122800	-651.5485	-634.3422	-17.20632	0.3107872	0.992704	0.00597296	0.00132257	0.051787
123000	-657.0316	-639.7538	-17.27776	0.2761489	0.981248	0.0151137	0.00363845	0.08513346
123200	-652.2128	-634.1561	-18.05675	0.3041145	0.996901	0.00128162	0.00181782	0.1262847
123400	-647.194	-629.6907	-17.50329	0.3310695	0.99706	0.00069443	0.00224517	0.06267405
123600	-652.8524	-636.1146	-16.73785	0.3030666	0.992935	0.00475898	0.00230599	0.02068699
123800	-645.1412	-627.7002	-17.44095	0.3468075	0.996991	0.000642255	0.00236699	0.04375023
124000	-648.6184	-632.1603	-16.45811	0.2874283	0.998788	0.000766642	0.000445324	0.01109621
124200	-648.6052	-631.3262	-17.279	0.2996426	0.990447	0.00505544	0.00449759	0.06780959
124400	-651.5139	-634.6123	-16.9016	0.3084256	0.994978	0.00221245	0.00280966	0.02931638
124600	-652.7871	-636.104	-16.68308	0.3204684	0.993802	0.000725096	0.00547246	0.002626057
124800	-654.6279	-636.5786	-18.04937	0.3129022	0.989065	0.0093745	0.00156074	0.1197346
125000	-652.929	-635.8524	-17.07661	0.3487032	0.990783	0.00748629	0.00173053	0.0120811
125200	-652.7593	-636.4087	-16.35059	0.2799341	0.987431	0.00330406	0.00926449	0.008314876
125400	-653.2418	-634.8746	-18.36725	0.2835481	0.994039	0.0037701	0.00219085	0.1624964
125600	-654.196	-637.0661	-17.12987	0.3005518	0.989378	0.00918208	0.00144036	0.05781437
125800	-650.6966	-632.1673	-18.52928	0.3068256	0.997591	0.000520593	0.00188859	0.1623735
126000	-650.2193	-631.8142	-18.40516	0.3088806	0.997426	0.000858466	0.00171541	0.1507231
126200	-653.3692	-636.2218	-17.14736	0.3310109	0.989636	0.0088215	0.00154232	0.03224465
126400	-654.4903	-636.6836	-17.80673	0.3268756	0.990678	0.00556741	0.00375435	0.09059381
126600	-647.723	-630.4856	-17.23739	0.3185934	0.991305	0.00370707	0.00498755	0.04850922
126800	-648.3443	-631.1328	-17.21144	0.3440078	0.99622	0.00272792	0.00105195	0.02674809
127000	-654.6713	-635.8454	-18.82592	0.3417186	0.995291	0.00345376	0.00125504	0.1601714
127200	-649.6667	-632.9494	-16.71723	0.2962326	0.99689	0.00245383	0.000655719	0.02465471
127400	-648.2407	-631.295	-16.94568	0.3473013	0.997267	0.00229779	0.000435539	0.002092384
127600	-651.0874	-634.6651	-16.42226	0.2892388	0.993016	0.00328817	0.00369615	0.006578413
127800	-653.3114	-635.7979	-17.51353	0.3332509	0.996056	0.00209251	0.00185182	0.05806168
128000	-647.181	-629.9607	-17.22032	0.3457744	0.996534	0.0028278	0.000638098	0.02702584
128200	-649.6551	-631.5643	-18.09074	0.3585699	0.991312	0.00228981	0.00639867	0.08958486
128400	-649.3746	-630.6578	-18.71683	0.3111959	0.998119	0.000719301	0.00116186	0.1740652
128600	-647.7689	-631.1931	-16.57576	0.3124796	0.99695	0.0023587	0.00069134	0.0003276773
128800	-649.6575	-632.6785	-16.97898	0.3262461	0.998266	0.00111541	0.000618486	0.02182056
129000	-647.325	-630.3787	-16.94634	0.3124176	0.996948	0.000452765	0.00259935	0.03027937
129200	-653.4988	-636.4121	-17.08664	0.3347168	0.995427	0.00367684	0.00089643	0.02368377
129400	-650.5102	-632.0549	-18.45529	0.3241392	0.986933	0.00990786	0.00315919	0.1426781
129600	-652.3793	-635.2481	-17.13122	0.3162824	0.993192	0.00225101	0.00455668	0.04392973
129800	-655.1085	-638.0501	-17.05834	0.3554862	0.987083	0.00424829	0.00866832	0.004785692
130000	-650.1903	-633.4551	-16.73513	0.3259562	0.996559	0.00147797	0.00196349	0.002352858
130200	-650.7919	-633.7474	-17.04444	0.3186145	0.996379	0.000938592	0.0026821	0.03416575
130400	-649.9084	-630.6766	-19.23181	0.3107355	0.998176	0.00179528	2.84594e-05	0.214833
130600	-652.8083	-635.9647	-16.84364	0.2797218	0.996874	0.000577738	0.00254777	0.0481365
130800	-646.0753	-629.1604	-16.91488	0.3434356	0.999337	0.000243494	0.000419257	0.002823046
131000	-654.4293	-637.0153	-17.41395	0.3251042	0.983631	0.00938077	0.00698774	0.06158782
131200	-652.3736	-634.6746	-17.69901	0.3236187	0.995416	0.00210464	0.00247968	0.08185578
131400	-653.2715	-635.6702	-17.6013	0.3068522	0.991534	0.0083674	9.88698e-05	0.0875634
131600	-654.2288	-634.7532	-19.47558	0.3664986	0.999796	0.000124596	7.92094e-05	0.1946279
131800	-648.3848	-630.8879	-17.49689	0.3237908	0.99232	0.00752345	0.000156497	0.06631264
132000	-649.7556	-633.0011	-16.75451	0.2924413	0.994342	0.00284865	0.00280899	0.03086728
132200	-651.3641	-634.1359	-17.22826	0.286034	0.986696	0.0111278	0.00217626	0.07393559
132400	-654.665	-637.6008	-17.06418	0.3567227	0.997272	0.000575751	0.0021521	0.003999977
132600	-652.7477	-634.6784	-18.06933	0.3278444	0.993883	0.000792832	0.00532427	0.1103265
132800	-651.9243	-634.8249	-17.0994	0.325254	0.995922	0.00249487	0.00158295	0.03280483
133000	-650.6044	-631.7419	-18.86255	0.3042447	0.997007	0.00204483	0.000948124	0.1908209
133200	-650.2637	-631.4762	-18.78755	0.3048943	0.993686	0.00585075	0.000463128	0.1890615
133400	-648.2698	-631.4454	-16.82432	0.3227482	0.992829	0.00709615	7.47323e-05	0.01249148
133600	-652.3272	-632.4156	-19.91161	0.330855	0.991112	0.00730369	0.00158436	0.2656661
133800	-654.7688	-637.9261	-16.84271	0.337332	0.991699	0.00465348	0.00364712	0.001830761
134000	-647.8309	-630.3603	-17.47056	0.324624	0.997847	0.00183749	0.000315998	0.0642743
134200	-652.901	-635.5051	-17.39587	0.3282465	0.996797	0.00301388	0.000188699	0.05496446
134400	-648.8288	-631.797	-17.03176	0.3209876	0.997309	0.000203413	0.00248778	0.03060286
134600	-650.5961	-632.4754	-18.12065	0.3025992	0.995606	0.00212689	0.00226685	0.1338457
134800	-655.5105	-638.3251	-17.18542	0.3275242	0.983978	0.00639891	0.00962314	0.03742283
135000	-648.6244	-631.4196	-17.20475	0.3266072	0.994445	0.000382908	0.00517171	0.0397152
135200	-654.6028	-637.5719	-17.03096	0.3269461	0.996666	0.000435975	0.00289755	0.0257841
135400	-654.9772	-638.6074	-16.36976	0.2689831	0.987899	0.0111167	0.000984366	0.0187676
135600	-647.7645	-630.7214	-17.04307	0.3298517	0.994998	0.00278603	0.00221585	0.02409564
135800	-653.6702	-636.7737	-16.89654	0.3122978	0.993798	0.00218676	0.00401568	0.02614757
136000	-657.9293	-639.703	-18.22629	0.3024822	0.98154	0.00443359	0.0140268	0.1427329
136200	-650.8891	-634.3579	-16.53124	0.2866844	0.993161	0.00642768	0.000411536	0.01809798
136400	-651.0804	-632.7472	-18.33317	0.3222072	0.999741	0.000144446	0.000114783	0.1370466
136600	-660.9803	-639.1531	-21.82718	0.2796468	0.972332	0.00980121	0.0178666	0.4400343
136800	-652.5534	-635.3095	-17.24382	0.2949704	0.997634	0.000544008	0.00182229	0.06834851
137000	-649.8173	-632.5036	-17.31372	0.2763702	0.99352	0.00415745	0.00232252	0.08765756
137200	-654.786	-636.7801	-18.00588	0.2875502	0.989664	0.00844698	0.00188896	0.1374716
137400	-654.1817	-635.7825	-18.39925	0.3027941	0.992852	0.00330321	0.00384501	0.1571302
137600	-649.0713	-628.2241	-20.84715	0.3033363	0.999028	0.000392269	0.000579625	0.3417964
137800	-649.9248	-633.529	-16.39588	0.2781667	0.993839	0.0031989	0.00296258	0.01424637
138000	-650.1887	-632.4401	-17.74858	0.342521	0.99136	0.00535473	0.00328492	0.07166425
138200	-649.363	-630.8364	-18.52665	0.2892892	0.996781	0.000390854	0.00282864	0.1764663
138400	-650.595	-633.1478	-17.4472	0.3158264	0.994739	0.00358291	0.00167769	0.06845362
138600	-644.9331	-628.3431	-16.59003	0.3110311	0.99415	0.00504023	0.00081009	0.002605941
138800	-649.7017	-633.1152	-16.58654	0.3089702	0.993622	0.00191253	0.00446546	0.004100903
139000	-653.4887	-636.613	-16.8757	0.3420185	0.998359	0.00026948	0.00137157	0.0007393334
139200	-663.2429	-645.446	-17.79688	0.3379015	0.972939	0.00783004	0.0192307	0.08242387
139400	-653.0219	-635.9996	-17.02233	0.3521981	0.994795	0.00242276	0.00278195	0.00455971
139600	-645.794	-628.2814	-17.51256	0.3169511	0.99905	0.000469356	0.000480959	0.07535008
139800	-648.2528	-631.1276	-17.12521	0.3125078	0.996448	0.000149213	0.00340286	0.04448534
140000	-656.9348	-639.7451	-17.18973	0.3234103	0.981194	0.011797	0.00700948	0.04238353
140200	-656.1275	-638.1701	-17.95733	0.3162757	0.987066	0.000273619	0.0126601	0.1047017
140400	-648.1715	-629.6217	-18.54978	0.2740316	0.999352	0.000506416	0.000141944	0.1864848
140600	-649.0127	-630.7351	-18.27755	0.2974005	0.998585	0.00055665	0.000858187	0.1503032
140800	-646.7101	-629.7695	-16.94054	0.3193676	0.993663	0.000599851	0.00573713	0.02475194
141000	-654.2875	-635.4297	-18.85784	0.314476	0.987361	0.00533089	0.00730792	0.185316
141200	-645.7511	-627.9309	-17.82018	0.3229874	0.997267	0.000277152	0.00245575	0.09184675
141400	-647.514	-630.3689	-17.14514	0.3377786	0.998196	0.000941079	0.000862852	0.02556226
141600	-654.8058	-637.9422	-16.86354	0.3124127	0.990606	0.00859677	0.00079764	0.02428735
141800	-654.8188	-636.433	-18.38575	0.3434521	0.993245	0.0019871	0.00476818	0.1206967
142000	-654.0198	-637.0798	-16.93999	0.3146122	0.991499	0.00736261	0.00113803	0.02724001
142200	-652.4399	-632.1815	-20.25841	0.2930118	0.998499	0.00147981	2.08912e-05	0.3220152
142400	-647.6889	-629.9623	-17.72654	0.3335971	0.992725	0.00109909	0.006176	0.07624044
142600	-648.0429	-630.4358	-17.60716	0.3259414	0.994768	0.00246523	0.00276658	0.07190071
142800	-656.6288	-636.4949	-20.13395	0.287126	0.988933	0.00700344	0.00406372	0.3186045
143000	-651.1376	-634.546	-16.5916	0.2973208	0.996025	0.00194522	0.00202946	0.01384697
143200	-655.035	-638.3461	-16.68891	0.2735364	0.996981	0.00301431	5.06966e-06	0.04229096
143400	-651.4454	-634.0812	-17.36416	0.2887951	0.997686	0.000749331	0.00156455	0.08165781
143600	-654.1406	-636.9226	-17.21805	0.3202236	0.988444	0.00720371	0.00435187	0.04552689
143800	-652.8821	-633.3742	-19.50794	0.2942618	0.997643	0.00211102	0.000245868	0.2480851
144000	-653.5821	-635.907	-17.67508	0.3034168	0.989823	0.00342487	0.00675239	0.09518014
144200	-653.4056	-634.9497	-18.45587	0.2986485	0.987238	0.00766449	0.00509711	0.1628586
144400	-647.4371	-630.8149	-16.6222	0.2912637	0.991514	0.00784144	0.000644524	0.02156842
144600	-658.2095	-639.9639	-18.24561	0.3183007	0.974289	0.0195114	0.00619957	0.1356214
144800	-649.3935	-632.5693	-16.82421	0.3060221	0.996774	0.00321462	1.16361e-05	0.02607449
145000	-655.9013	-639.1623	-16.73902	0.3070079	0.991499	0.00364697	0.0048545	0.01861838
145200	-655.4688	-639.0711	-16.39778	0.2889835	0.992651	0.00394332	0.00340571	0.005190347
145400	-659.3301	-639.7621	-19.56802	0.3402561	0.978034	0.021361	0.000604733	0.2257323
145600	-646.2285	-628.6544	-17.57405	0.3179884	0.994426	0.0023343	0.00323972	0.07611253
145800	-653.2101	-635.9705	-17.23965	0.2922366	0.992239	0.00766675	9.43116e-05	0.07353043
146000	-650.2376	-632.2793	-17.95829	0.279204	0.99767	0.00077407	0.00155619	0.1404791
146200	-652.4158	-635.9946	-16.42118	0.2797868	0.984219	0.0119762	0.00380455	0.01424516
146400	-659.6964	-641.8365	-17.8599	0.2839257	0.996517	0.00101345	0.00246996	0.1299035
146600	-655.9947	-636.8757	-19.11901	0.2826336	0.995889	0.00285589	0.00125531	0.2266383
146800	-649.5177	-632.5125	-17.00527	0.2785254	0.990267	0.0039189	0.00581438	0.06216888
147000	-659.5285	-642.4066	-17.12191	0.3303901	0.990955	0.000438162	0.00860691	0.03085527
147200	-651.5793	-634.1593	-17.42006	0.3095704	0.993412	0.00596774	0.000620424	0.07153161
147400	-652.5668	-636.2852	-16.28155	0.2799922	0.980445	0.0181618	0.0013934	0.002755273
147600	-654.6756	-637.6665	-17.0091	0.3301387	0.988135	0.0113177	0.00054735	0.02145503
147800	-652.2948	-635.548	-16.74676	0.3165052	0.981491	0.00485	0.013659	0.01075782
148000	-657.7713	-640.9747	-16.7966	0.2797278	0.985529	0.00872213	0.00574863	0.04446653
148200	-651.1694	-633.7993	-17.3701	0.3134781	0.997133	0.000382216	0.00248442	0.06643848
148400	-652.1216	-633.9079	-18.21373	0.3159333	0.975155	0.0242817	0.000563455	0.126179
148600	-646.0153	-628.2736	-17.74167	0.3527093	0.997556	0.000236432	0.00220718	0.06207735
148800	-655.7689	-638.8017	-16.96726	0.3226126	0.9922	0.00225443	0.00554592	0.02461406
149000	-649.5895	-632.1462	-17.44326	0.3579623	0.997459	0.000382657	0.00215875	0.03496109
149200	-657.8552	-640.4612	-17.39408	0.3397448	0.993694	0.00520766	0.00109835	0.04507693
149400	-652.6575	-634.928	-17.7295	0.3303925	0.99972	0.000184069	9.57422e-05	0.08488451
149600	-650.8272	-633.227	-17.60024	0.3342338	0.988991	0.00530058	0.00570844	0.06573802
149800	-654.4525	-636.2371	-18.21545	0.2912436	0.990456	0.00475592	0.0047876	0.1492587
150000	-652.4381	-635.259	-17.17909	0.2832424	0.995299	0.00225267	0.00244791	0.07172052
150200	-648.5503	-632.2985	-16.25182	0.2655876	0.995679	0.0042545	6.66951e-05	0.01192264
150400	-647.0969	-630.4886	-16.60832	0.3134848	0.995158	0.00376253	0.00107912	0.002178873
150600	-660.0308	-643.4308	-16.60001	0.3083005	0.99884	0.000824493	0.000335312	0.006011663
150800	-648.4651	-630.6863	-17.77883	0.3092597	0.997693	0.00229289	1.41743e-05	0.1001991
151000	-649.3895	-632.1299	-17.25958	0.3317493	0.992216	0.00125192	0.00653167	0.03910666
151200	-643.3438	-627.0784	-16.26542	0.276632	0.998444	0.00133838	0.000217762	0.004191886
151400	-655.1222	-636.3092	-18.81295	0.3392674	0.991251	0.000111831	0.00863711	0.158701
151600	-657.3956	-638.7458	-18.64979	0.2761892	0.982207	0.00659329	0.0111999	0.1924225
151800	-651.2804	-633.5641	-17.71631	0.3106848	0.992843	0.003433	0.00372427	0.09342081
152000	-656.197	-639.4957	-16.70134	0.3018744	0.996038	0.00101228	0.00294966	0.01958651
152200	-656.0814	-638.4197	-17.66168	0.308944	0.987039	0.00617201	0.00678904	0.09274273
152400	-647.1342	-630.3795	-16.75469	0.3130712	0.998311	0.00120792	0.000480949	0.0144379
152600	-647.4735	-630.5235	-16.95007	0.3079017	0.996816	0.00280198	0.000382394	0.03483769
152800	-653.3863	-636.1594	-17.22692	0.3113254	0.987466	0.00921927	0.0033144	0.05427117
153000	-647.1564	-629.7647	-17.39173	0.3338313	0.992411	0.00329271	0.00429586	0.04954922
153200	-651.7171	-634.7988	-16.91837	0.2987348	0.997691	0.000748742	0.00156067	0.03862673
153400	-657.067	-639.0045	-18.06242	0.316443	0.996585	0.0018262	0.00158886	0.1268342
153600	-646.6754	-629.3784	-17.29701	0.3261192	0.990634	0.0039785	0.00538709	0.04686115
153800	-655.4662	-638.2679	-17.19831	0.3403399	0.996886	0.00112598	0.00198792	0.02982869
154000	-650.0246	-632.7931	-17.23152	0.2967431	0.998202	0.00153367	0.00026474	0.06643753
154200	-649.2909	-632.4333	-16.85758	0.3221987	0.993127	0.00496768	0.0019052	0.01508952
154400	-655.5914	-634.9113	-20.68018	0.2872818	0.991164	0.00351576	0.00532056	0.3567043
154600	-649.8057	-633.3273	-16.47842	0.2870086	0.998369	7.31727e-05	0.00155827	0.01305626
154800	-652.2664	-635.5376	-16.72884	0.308577	0.996722	0.00277236	0.000505644	0.01570517
155000	-659.1995	-642.1789	-17.02056	0.3327073	0.99422	0.00204499	0.00373476	0.02142294
155200	-649.5093	-632.4991	-17.01016	0.3501631	0.996991	0.000750322	0.00225879	0.005111956
155400	-649.4332	-632.5904	-16.84278	0.3258747	0.990901	7.59132e-06	0.0090911	0.01115459
155600	-648.6656	-631.4008	-17.26482	0.3390099	0.982457	0.0115476	0.00599561	0.03500918
155800	-649.5194	-631.0512	-18.46824	0.2918787	0.996491	0.00296798	0.000540982	0.1689222
156000	-650.1756	-633.4452	-16.73047	0.2976476	0.985153	0.00885528	0.00599185	0.02500957
156200	-653.1679	-635.9819	-17.18594	0.3373738	0.98109	0.0134726	0.00543758	0.0303948
156400	-647.8793	-629.9364	-17.94287	0.2932312	0.998589	0.000108347	0.00130313	0.1230816
156600	-650.066	-633.468	-16.59796	0.3005166	0.996748	0.00146307	0.00178919	0.01167036
156800	-648.2835	-628.9119	-19.37161	0.3157879	0.997411	0.000770078	0.00181924	0.2166574
157000	-647.7658	-630.7113	-17.05455	0.3084358	0.997908	0.00193412	0.00015743	0.04225163
157200	-652.3542	-635.3122	-17.04209	0.3332187	0.997448	0.00120275	0.00134957	0.02139926
157400	-651.822	-633.7562	-18.06581	0.3051743	0.998529	0.000540862	0.000930041	0.1254918
157600	-652.5504	-635.4424	-17.10793	0.3350408	0.995231	0.000732427	0.00403628	0.02545195
157800	-653.5343	-636.6447	-16.8896	0.3083434	0.983628	0.0156737	0.000697929	0.02885477
158000	-655.1304	-638.7044	-16.42595	0.2743391	0.997974	0.00186738	0.000159097	0.01862002
158200	-648.2524	-630.5918	-17.66056	0.3226632	0.999023	0.000707832	0.000269283	0.08021671
158400	-646.8617	-628.7723	-18.08935	0.3086753	0.997051	0.00224744	0.000701893	0.1228885
158600	-644.6673	-628.0821	-16.58519	0.2874988	0.995182	0.00424955	0.000568065	0.02146679
158800	-654.5883	-637.7285	-16.85986	0.3181874	0.998764	0.000672488	0.000563586	0.01922176
159000	-648.2834	-630.7259	-17.55753	0.2845088	0.994998	0.00185113	0.00315061	0.1009668
159200	-654.9222	-637.6526	-17.26958	0.2829849	0.992961	0.00149656	0.00554195	0.07974031
159400	-649.6596	-632.7735	-16.88616	0.337499	0.996108	0.00245205	0.00143983	0.005482331
159600	-650.5241	-633.2288	-17.29525	0.3328672	0.987103	0.0118786	0.00101874	0.04202162
159800	-649.129	-631.8549	-17.27406	0.2904121	0.992175	0.00521601	0.00260874	0.07503861
160000	-651.9713	-634.4842	-17.48703	0.3036158	0.99379	0.00325281	0.00295673	0.08025998
160200	-651.396	-634.3316	-17.06436	0.3237574	0.994956	0.00232155	0.00272251	0.03108575
160400	-649.7521	-630.4071	-19.34498	0.2950307	0.993223	0.00236076	0.00441666	0.2382783
160600	-652.2759	-635.6234	-16.6525	0.2992971	0.993087	0.000203352	0.00670945	0.01731416
160800	-657.6239	-639.1576	-18.46621	0.2918994	0.993951	0.000790486	0.00525864	0.1663461
161000	-652.9961	-635.9958	-17.00027	0.3441264	0.989156	0.00778935	0.00305433	0.009071209
161200	-652.4419	-635.8552	-16.58671	0.2905608	0.990595	0.00834146	0.00106369	0.01896609
161400	-650.3604	-631.7241	-18.63624	0.2803007	0.997409	0.000308252	0.00228273	0.189467
161600	-654.1673	-635.621	-18.54635	0.304396	0.976832	0.0158961	0.00727192	0.1632886
161800	-651.1272	-633.5495	-17.57766	0.2962751	0.995186	0.00132644	0.00348706	0.09331307
162000	-654.4073	-637.2667	-17.14059	0.3307903	0.993414	0.00650088	8.50381e-05	0.03153208
162200	-655.8261	-638.3197	-17.50637	0.3171064	0.996621	0.00246843	0.000910773	0.07253043
162400	-656.0151	-638.5858	-17.42931	0.3428364	0.987208	0.00287072	0.00992078	0.04958916
162600	-646.1508	-629.7236	-16.42717	0.2813249	0.997739	0.00101664	0.00124404	0.01367299
162800	-653.0297	-635.8688	-17.16094	0.2920736	0.994906	0.00474461	0.00034911	0.06374651
163000	-650.2294	-632.4273	-17.80212	0.3200065	0.993126	0.00220221	0.00467199	0.09596665
163200	-653.4528	-635.8045	-17.6483	0.3117128	0.978999	0.010148	0.0108527	0.08934929
163400	-653.0727	-636.75	-16.32275	0.2825489	0.992507	0.00492277	0.00257064	0.003982005
163600	-652.3207	-634.6796	-17.6411	0.3557568	0.998353	0.000821467	0.000825619	0.05603216
163800	-647.3167	-628.9033	-18.4134	0.3253323	0.998106	0.000846836	0.0010471	0.1413711
164000	-650.4009	-633.3637	-17.03716	0.3013053	0.997527	6.03603e-05	0.00241231	0.04528991
164200	-653.6218	-635.3344	-18.28738	0.3042116	0.994334	0.00384104	0.00182532	0.1424237
164400	-654.8526	-637.3563	-17.49628	0.302428	0.991607	0.00723323	0.00116002	0.0847483
164600	-647.9159	-630.4696	-17.44637	0.3111131	0.989633	0.00354351	0.00682315	0.07243239
164800	-654.9555	-637.7834	-17.17207	0.3136833	0.985692	0.00255684	0.0117512	0.05099547
165000	-650.4381	-633.1197	-17.31833	0.2876754	0.993438	0.00179453	0.00476791	0.08052916
165200	-653.6591	-636.7578	-16.90134	0.2999267	0.98842	0.00127443	0.0103059	0.03702929
165400	-653.2008	-635.8773	-17.32353	0.3162452	0.995174	1.20608e-06	0.00482474	0.0576788
165600	-652.9605	-636.2031	-16.75738	0.2959351	0.992591	0.00268854	0.00472008	0.02834793
165800	-648.3822	-631.6011	-16.78102	0.3106814	0.981123	0.0063924	0.0124845	0.01867922
166000	-649.5375	-631.5074	-18.03001	0.3126805	0.997169	0.000198162	0.00263253	0.115966
166200	-649.9166	-632.7209	-17.1957	0.3074185	0.986422	0.00146608	0.0121118	0.05601669
166400	-649.9838	-631.8982	-18.08564	0.3224488	0.993506	0.00439367	0.00210037	0.115017
166600	-658.6727	-640.9091	-17.76361	0.3236359	0.997296	7.19904e-05	0.00263191	0.09202592
166800	-647.8859	-629.0412	-18.84464	0.31521	0.991332	0.00815796	0.000510318	0.1859596
167000	-646.5445	-628.8339	-17.71058	0.3165416	0.992994	0.00179388	0.00521239	0.08688807
167200	-648.9953	-632.0149	-16.98037	0.3241191	0.998446	0.00123136	0.000322954	0.02529941
167400	-654.0546	-637.2801	-16.77446	0.2802892	0.99113	0.00575827	0.00311169	0.04303711
167600	-658.3304	-639.7363	-18.59412	0.3750052	0.993989	0.00229913	0.00371184	0.1197263
167800	-648.1512	-629.7271	-18.42416	0.3031163	0.994623	0.00202245	0.0033543	0.1564696
168000	-665.2167	-643.3869	-21.82977	0.3561042	0.983232	0.0127714	0.00399683	0.3803627
168200	-652.4486	-635.4792	-16.96936	0.3473754	0.99365	0.000125009	0.00622532	0.003979265
168400	-652.8459	-634.8582	-17.98767	0.3314357	0.992279	0.00345335	0.00426802	0.09795146
168600	-648.1642	-631.1262	-17.03797	0.3293219	0.999153	0.000505256	0.000341851	0.02473315
168800	-656.9509	-640.3163	-16.63463	0.2803276	0.992121	0.00331162	0.00456731	0.0305576
169000	-647.2721	-630.1	-17.17209	0.3106538	0.991477	0.00840086	0.000121921	0.0512797
169200	-652.3611	-635.0176	-17.34354	0.3187192	0.990854	0.00592148	0.00322431	0.05625963
169400	-648.6781	-630.8514	-17.82675	0.3034298	0.992329	0.00639707	0.00127407	0.1113064
169600	-653.4738	-636.0485	-17.42532	0.3211523	0.991646	0.00379835	0.00455565	0.06165409
169800	-646.3649	-629.5821	-16.78278	0.3306019	0.996646	0.0028892	0.00046515	0.002441866
170000	-648.4834	-631.9942	-16.48914	0.2994152	0.996734	0.00165384	0.00161261	0.003984661
170200	-657.7479	-638.3951	-19.3528	0.3637633	0.986279	0.010465	0.00325585	0.1925218
170400	-648.2592	-631.7673	-16.49192	0.2778914	0.991892	0.00542182	0.00268596	0.02131442
170600	-655.7054	-635.8785	-19.82682	0.3200002	0.991511	0.0051112	0.00337816	0.2641959
170800	-659.765	-640.9442	-18.8208	0.3263184	0.997387	0.00166349	0.000949468	0.1754177
171000	-654.6136	-637.7344	-16.87924	0.2780884	0.991491	0.00726745	0.00124126	0.05238233
171200	-650.7084	-632.127	-18.58135	0.3266203	0.995967	0.00402935	3.83954e-06	0.1579211
171400	-650.3665	-632.7792	-17.58726	0.3098194	0.982702	0.0150335	0.00226497	0.08289671
171600	-645.8743	-628.4809	-17.39344	0.3148459	0.994949	0.00453327	0.000517498	0.06570195
171800	-646.1779	-628.8776	-17.30027	0.3372373	0.995557	0.00185833	0.00258421	0.03994529
172000	-655.6703	-638.0568	-17.61344	0.3191652	0.99135	0.00225527	0.00639521	0.08470332
172200	-653.3546	-636.0004	-17.35413	0.3357429	0.991841	0.00206991	0.00608898	0.04567556
172400	-661.3202	-644.3466	-16.97358	0.2631461	0.985594	0.00130996	0.0130962	0.07237656
172600	-654.7149	-637.2889	-17.42593	0.3202946	0.979255	0.0131203	0.00762494	0.06296816
172800	-650.5323	-633.8534	-16.67886	0.3163549	0.995093	0.00173904	0.00316791	0.005393582
173000	-653.272	-636.5656	-16.70633	0.3036492	0.988794	0.00975308	0.00145318	0.01772818
173200	-655.8377	-633.7084	-22.12936	0.3274266	0.984718	0.0132468	0.00203501	0.4435474
173400	-647.8491	-630.2404	-17.60875	0.343449	0.994925	0.00325607	0.00181941	0.05915488
173600	-649.9178	-631.6331	-18.28466	0.3156334	0.997113	0.000466005	0.00242063	0.1344022
173800	-651.7508	-634.2626	-17.48817	0.3114024	0.998714	0.00105294	0.000232982	0.07521514
174000	-656.0433	-638.3722	-17.67104	0.3035874	0.986216	0.00906496	0.00471871	0.09700469
174200	-652.731	-633.1172	-19.61379	0.3096673	0.997854	0.000232904	0.00191309	0.2495184
174400	-660.3245	-642.4042	-17.92025	0.3463041	0.982751	0.015984	0.00126532	0.07934854
174600	-647.9042	-630.9073	-16.99686	0.3164555	0.998237	0.00106883	0.000694085	0.0316229
174800	-648.3788	-631.3355	-17.04326	0.3203376	0.995851	0.00205146	0.00209751	0.03208648
175000	-652.1793	-635.0422	-17.13713	0.3348164	0.995864	0.00170012	0.0024361	0.02819064
175200	-643.9427	-627.2906	-16.65219	0.3091034	0.9977	0.00138713	0.000913075	0.009400099
175400	-646.525	-628.972	-17.553	0.3338786	0.998651	0.000838341	0.000510306	0.06398608
175600	-653.1553	-636.1396	-17.01572	0.3291947	0.993842	0.00194132	0.00421711	0.02277568
175800	-648.2801	-630.9938	-17.28637	0.3157983	0.997304	0.0017959	0.000900275	0.05446347
176000	-654.9492	-636.45	-18.49919	0.3126196	0.989357	0.00619232	0.00445059	0.1600468
176200	-654.1358	-636.9137	-17.22209	0.3213566	0.989467	0.00799471	0.00253811	0.04499981
176400	-644.183	-627.2747	-16.90824	0.3107935	0.996392	0.00227536	0.00133224	0.02828518
176600	-651.6036	-633.9969	-17.60668	0.3267595	0.99268	0.00397444	0.00334584	0.07038493
176800	-652.6262	-635.6259	-17.00027	0.2908937	0.991699	0.00406546	0.00423584	0.05402184
177000	-652.665	-635.763	-16.90203	0.3040101	0.995477	0.00268446	0.00183899	0.03434782
177200	-653.0029	-635.5758	-17.42712	0.2802932	0.983555	0.0120884	0.00435626	0.09409696
177400	-652.4912	-635.5726	-16.91857	0.3001636	0.98281	0.000109636	0.0170808	0.03843863
177600	-646.9497	-630.0191	-16.9306	0.3355274	0.996096	0.000419773	0.00348444	0.01054588
177800	-648.9204	-632.4059	-16.51449	0.3066132	0.99803	4.69505e-05	0.0019226	0.0001170056
178000	-649.6168	-631.4662	-18.15056	0.3067931	0.997984	0.00174303	0.00027332	0.1301084
178200	-660.9467	-644.1638	-16.78288	0.3083384	0.982936	0.0037855	0.0132785	0.0210641
178400	-650.4573	-633.3672	-17.09004	0.3233697	0.998825	0.00104361	0.000131504	0.03396203
178600	-649.0447	-631.8039	-17.24085	0.295973	0.991815	0.00580376	0.00238131	0.06844716
178800	-655.8928	-637.7656	-18.12724	0.2959106	0.991312	0.00383286	0.00485563	0.1383099
179000	-653.5738	-634.0982	-19.4756	0.3152228	0.999155	0.000428944	0.00041591	0.2369253
179200	-650.8598	-633.0217	-17.8381	0.2786818	0.994678	0.0011144	0.00420765	0.128034
179400	-650.2043	-633.463	-16.74132	0.3290369	0.992268	0.00465258	0.0030793	0.0003292897
179600	-650.0966	-633.019	-17.07761	0.3032238	0.993124	0.0041925	0.00268358	0.04870594
179800	-648.0123	-630.8891	-17.12329	0.3217227	0.997708	0.000529498	0.00176291	0.03640561
180000	-652.1585	-635.0884	-17.07012	0.2963563	0.990661	0.0048799	0.00445948	0.05275979
180200	-654.3619	-635.0184	-19.34345	0.3044211	0.998311	0.000834675	0.000854382	0.2350972
180400	-653.8535	-636.9126	-16.94091	0.3253233	0.992281	0.00362482	0.00409414	0.0204963
180600	-650.7189	-633.8828	-16.83617	0.2920291	0.998192	0.000381454	0.00142642	0.03670567
180800	-651.9196	-634.8284	-17.09116	0.3024812	0.994218	0.00288141	0.00290077	0.05206605
181000	-670.1912	-652.9859	-17.20529	0.3141228	0.970818	0.0108705	0.0183114	0.05179202
181200	-650.8666	-633.1826	-17.68402	0.3287484	0.992927	0.00447942	0.00259345	0.07602549
181400	-664.5513	-645.4206	-19.13071	0.3092342	0.996057	0.00393685	6.21909e-06	0.209741
181600	-650.4707	-632.8047	-17.66601	0.3076088	0.997354	0.0019361	0.000710106	0.09683537
181800	-654.3734	-636.5922	-17.78118	0.3140126	0.990175	0.00782014	0.00200479	0.09439351
182000	-650.6751	-633.7751	-16.90003	0.3391296	0.995588	0.00325549	0.00115669	0.00505836
182200	-651.0921	-634.1053	-16.98675	0.3197527	0.999354	2.55863e-05	0.00062024	0.02717395
182400	-650.3665	-632.8275	-17.53902	0.3178256	0.991486	0.00346472	0.00504949	0.0726866
182600	-650.2335	-633.4036	-16.82989	0.3292288	0.993814	0.00494101	0.00124478	0.007373885
182800	-652.9248	-635.7981	-17.12676	0.3320099	0.99451	0.00430823	0.0011822	0.03002516
183000	-658.0913	-638.9711	-19.1202	0.3044355	0.990889	0.0040856	0.00502588	0.2123636
183200	-658.4858	-640.7225	-17.76333	0.3587147	0.97203	0.02733	0.000640062	0.0592839
183400	-650.8807	-633.2885	-17.59228	0.3004957	0.997502	0.0024677	3.00724e-05	0.09322207
183600	-654.9579	-638.2362	-16.72168	0.2940212	0.995846	0.00173899	0.0024152	0.0267463
183800	-649.3641	-632.1334	-17.2307	0.2959783	0.998062	0.00111339	0.000824166	0.06628323
184000	-650.6281	-632.4534	-18.17465	0.3336971	0.997931	0.00124445	0.000824764	0.1135076
184200	-646.0941	-629.1202	-16.97385	0.3125895	0.994412	0.00176387	0.00382417	0.03208971
184400	-649.0433	-632.3479	-16.69532	0.3201892	0.993714	0.0036524	0.0026336	0.003755247
184600	-650.5895	-633.7816	-16.80784	0.2859876	0.998911	0.000842177	0.000247103	0.03962731
184800	-648.7713	-632.3707	-16.40061	0.2914934	0.998917	4.98686e-05	0.00103341	0.003125657
185000	-654.3769	-637.4106	-16.96622	0.3136277	0.9971	0.00196238	0.000938054	0.03167363
185200	-649.5422	-632.745	-16.79717	0.3220818	0.994538	7.5538e-05	0.00538683	0.01073276
185400	-655.3773	-637.4769	-17.90039	0.3046309	0.98716	0.00707176	0.0057687	0.1098982
185600	-652.0482	-635.5059	-16.54223	0.3078263	0.990567	0.0028801	0.00655261	0.001376158
185800	-648.3651	-631.1757	-17.18939	0.3183131	0.992191	0.00568817	0.00212109	0.0461895
186000	-650.6545	-632.7715	-17.88301	0.3080253	0.994819	0.00169866	0.00348201	0.1101391
186200	-652.5724	-635.7358	-16.83659	0.3280828	0.984294	0.00208923	0.0136171	0.008963873
186400	-649.6484	-632.3955	-17.25294	0.3370841	0.996855	0.00272416	0.000420752	0.03560207
186600	-650.94	-632.8118	-18.12827	0.3096514	0.984299	0.0140868	0.00161403	0.1287544
186800	-647.031	-630.3201	-16.71092	0.3050555	0.997893	0.000864684	0.00124216	0.01797597
187000	-657.6923	-639.3808	-18.31154	0.3168101	0.995357	0.00326751	0.00137519	0.1356172
187200	-658.2926	-641.6533	-16.63931	0.3185622	0.993632	0.00401142	0.00235627	0.0005399669
187400	-656.3726	-635.5587	-20.81384	0.2780514	0.997987	0.00147544	0.000537433	0.3693002
187600	-657.3142	-640.3851	-16.92908	0.3217975	0.991517	0.00466134	0.00382155	0.02219108
187800	-655.8657	-638.9856	-16.8801	0.3383721	0.997824	8.15459e-05	0.00209473	0.003904945
188000	-654.4358	-635.5766	-18.8592	0.3083053	0.99115	0.00481668	0.00403322	0.1940663
188200	-649.4814	-631.3471	-18.13429	0.2962782	0.997132	0.00198588	0.000882295	0.1414835
188400	-652.8852	-633.1451	-19.74012	0.2988506	0.983553	0.0102172	0.00623014	0.2683247
188600	-654.5599	-633.6872	-20.87274	0.3453861	0.997981	0.00146022	0.000559155	0.3090748
188800	-649.7213	-633.0808	-16.64059	0.2819907	0.996424	0.000929541	0.00264677	0.02994704
189000	-661.4679	-644.3598	-17.10813	0.3408747	0.989605	0.00264441	0.00775035	0.02089358
189200	-649.3394	-632.6231	-16.71636	0.3226618	0.990943	0.0013644	0.00769238	0.003438787
189400	-650.7378	-633.1077	-17.63005	0.3149477	0.995356	0.0038942	0.000749717	0.08383384
189600	-646.0714	-628.9484	-17.12302	0.3219008	0.997126	0.00119568	0.00167877	0.03667383
189800	-651.4846	-634.3361	-17.14844	0.3210168	0.996015	0.00371727	0.000267423	0.03980817
190000	-656.9789	-640.3962	-16.58267	0.2921796	0.995421	0.000184149	0.0043949	0.01717252
190200	-653.1989	-634.8431	-18.35577	0.3442026	0.993196	0.00541895	0.00138468	0.1219223
190400	-651.646	-634.2108	-17.43517	0.3468046	0.994054	0.00572932	0.000216565	0.04487106
190600	-650.3417	-632.2301	-18.11165	0.3202583	0.995357	0.00292072	0.00172207	0.1188087
190800	-649.3931	-631.7063	-17.68683	0.3019741	0.986688	0.0129743	0.000337454	0.1012259
191000	-655.1203	-637.0361	-18.08424	0.3273038	0.986606	0.0126373	0.00075697	0.1078012
191200	-652.3498	-635.4724	-16.87742	0.3282196	0.995623	0.00425642	0.000120353	0.01181359
191400	-652.7104	-635.7885	-16.92189	0.341739	0.997492	0.00238714	0.000120839	0.004962912
191600	-656.1001	-637.8805	-18.21963	0.2882639	0.990768	0.00578798	0.00344382	0.1555472
191800	-648.7474	-631.2491	-17.49828	0.3371077	0.995502	0.00105877	0.00343875	0.05520563
192000	-655.8651	-638.7287	-17.13643	0.281569	0.996929	0.00118651	0.00188441	0.07070514
192200	-647.5281	-631.0598	-16.46838	0.27279	0.994397	0.00199389	0.00360897	0.02372154
192400	-654.7077	-637.5352	-17.17256	0.3316103	0.994563	0.00521749	0.000219182	0.03454461
192600	-661.1181	-639.3569	-21.76114	0.3339911	0.994142	0.00515434	0.0007041	0.4131042
192800	-650.9155	-633.9032	-17.01231	0.2869213	0.985665	0.0113499	0.00298472	0.05534302
193000	-647.1656	-629.6471	-17.51851	0.3109864	0.998614	1.53995e-05	0.00137091	0.08033596
193200	-654.2398	-637.2531	-16.98669	0.3208992	0.999259	0.000590869	0.000150229	0.03002051
193400	-648.9054	-629.0951	-19.81032	0.2966379	0.996533	0.00261265	0.0008547	0.2772253
193600	-650.0313	-632.8435	-17.18778	0.3051114	0.993368	0.00266946	0.00396228	0.05781465
193800	-656.9945	-639.911	-17.08349	0.3332722	0.999201	0.000253592	0.000545211	0.02438808
194000	-662.4113	-643.4958	-18.91548	0.3114904	0.988402	0.00251762	0.00908074	0.1807027
194200	-648.5308	-631.5985	-16.93228	0.3263441	0.994768	0.00313514	0.00209704	0.01807168
194400	-649.4804	-632.7463	-16.73415	0.3246206	0.996454	0.000373938	0.00317209	0.00326589
194600	-655.681	-638.4822	-17.19875	0.3303445	0.969067	0.0296641	0.00126921	0.03630585
194800	-653.6418	-635.9997	-17.64213	0.3368903	0.985253	0.00269095	0.0120563	0.06959437
195000	-648.1892	-630.5689	-17.62034	0.3042472	0.998675	0.000536769	0.000788661	0.09060406
195200	-650.0889	-632.5577	-17.53125	0.3448009	0.995224	0.00409984	0.000676363	0.05254808
195400	-650.4412	-634.0618	-16.37937	0.2894485	0.991082	0.00534623	0.0035718	0.003114837
195600	-648.3489	-629.7443	-18.60452	0.298919	0.995525	0.000796268	0.00367886	0.1716698
195800	-650.8478	-633.2233	-17.62449	0.3165656	0.994351	0.00233179	0.00331695	0.08533551
196000	-654.2897	-635.0468	-19.24293	0.3255461	0.993486	0.00270931	0.00380463	0.2086179
196200	-647.9844	-631.3248	-16.65953	0.3071993	0.994533	0.00355834	0.00190818	0.01092351
196400	-653.9236	-636.1473	-17.7763	0.3401844	0.985528	0.0040866	0.010385	0.07403279
196600	-650.9912	-633.6012	-17.39004	0.3083467	0.993122	0.00314569	0.00373185	0.06931064
196800	-655.1219	-637.7811	-17.34074	0.2854247	0.996168	0.00182893	0.00200276	0.08176994
197000	-655.9103	-638.2867	-17.62357	0.3559205	0.995431	0.00238401	0.00218472	0.05015888
197200	-655.4126	-637.6627	-17.74996	0.3213141	0.994336	0.00370428	0.00195942	0.08998615
197400	-653.4545	-636.0966	-17.35784	0.2970656	0.992968	0.00647551	0.000556225	0.0745981
197600	-656.5757	-640.0417	-16.53407	0.3068917	0.986562	0.00248131	0.0109566	0.001485222
197800	-656.9909	-639.3203	-17.67059	0.3212982	0.995022	0.00384781	0.00113052	0.08059104
198000	-647.8549	-630.2708	-17.58416	0.2995494	0.994344	0.00474347	0.000912124	0.09466897
198200	-650.3954	-631.7564	-18.63905	0.2943627	0.999198	0.000567116	0.000234491	0.1842468
198400	-651.5165	-634.1233	-17.39313	0.3453481	0.993628	0.00163338	0.00473897	0.04100787
198600	-654.6989	-634.5535	-20.14539	0.3143285	0.994473	0.0023307	0.00319657	0.2786917
198800	-647.5568	-630.8539	-16.70293	0.3054104	0.997065	0.00293277	2.25207e-06	0.01704426
199000	-647.7996	-629.9146	-17.88501	0.308015	0.998464	0.000989349	0.000547012	0.107104
199200	-653.2985	-635.2975	-18.001	0.3095723	0.991863	0.00135122	0.00678561	0.1202958
199400	-649.9357	-632.2222	-17.71353	0.3305259	0.996117	0.000795441	0.00308785	0.08021263
199600	-648.4244	-630.5215	-17.90291	0.3215816	0.990988	0.00636657	0.0026457	0.1026487
199800	-648.2125	-630.5883	-17.62423	0.3002682	0.998122	0.00100986	0.00086851	0.09377773
200000	-651.2387	-634.198	-17.04071	0.3325191	0.994063	0.00241537	0.00352179	0.02234634
