Iteration	Posterior	Likelihood	Prior	branch_rates	root_freq[1]	root_freq[2]	root_freq[3]	root_freq[4]	speciation_rate
0	-294.1644	-282.3376	-11.82678	1.451911	0.0542401	0.00818448	0.844928	0.0926477	0.1436393
200	-294.7842	-283.2241	-11.56013	1.447527	0.02505	0.2222	0.6287	0.124049	0.1198635
400	-291.1506	-279.5019	-11.64866	1.533346	0.0427699	0.0737514	0.168533	0.714946	0.04879102
600	-293.5194	-279.0221	-14.49728	1.764346	0.0661357	0.0104948	0.449986	0.473383	0.1038137
800	-294.1199	-280.8075	-13.31249	1.707862	0.00211014	0.27047	0.613514	0.113906	0.04339224
1000	-290.1129	-277.9448	-12.16811	1.63244	0.0233972	0.0291337	0.774352	0.173117	0.004197346
1200	-288.7035	-278.1528	-10.55067	1.458069	0.00526659	0.0532069	0.701098	0.240429	0.01618274
1400	-298.1081	-283.2796	-14.82846	1.555726	0.0633814	0.172869	0.756712	0.00703804	0.3217323
1600	-290.3376	-279.8854	-10.45212	1.357268	0.0347176	0.0436679	0.58716	0.334455	0.1033054
1800	-291.1181	-279.136	-11.9821	1.529754	0.0284104	0.11553	0.634156	0.221904	0.08436128
2000	-290.8021	-277.6611	-13.14104	1.711315	0.0281043	0.0142719	0.649533	0.308091	0.02194048
2200	-291.5108	-282.792	-8.718827	1.221539	0.0489724	0.0452119	0.731802	0.174014	0.06831652
2400	-291.7576	-282.0646	-9.692958	1.26859	0.0159144	0.177778	0.325276	0.481032	0.1144503
2600	-290.1319	-281.2676	-8.864277	1.302808	0.035751	0.0500484	0.341773	0.572428	0.003361151
2800	-288.3817	-277.7597	-10.62203	1.473023	0.00685218	0.00637131	0.784475	0.202302	0.008802336
3000	-294.4771	-280.7441	-13.73301	1.731017	0.0155602	0.0975254	0.291311	0.595603	0.05866651
3200	-291.3224	-279.6162	-11.7062	1.51605	0.0267577	0.0081015	0.27203	0.693111	0.07146135
3400	-294.2808	-280.0764	-14.20445	1.805543	0.0067273	0.00807282	0.50658	0.478619	0.03421118
3600	-289.7109	-279.1761	-10.5348	1.45304	0.0257199	0.0411093	0.123932	0.809238	0.01941662
3800	-291.0247	-278.231	-12.79377	1.693641	0.034184	0.00560294	0.834959	0.125254	0.005585194
4000	-293.001	-283.3808	-9.620167	1.343456	0.132883	0.0519586	0.627494	0.187664	0.03625616
4200	-291.1475	-282.051	-9.096466	1.259092	0.0479753	0.0560718	0.800144	0.0958085	0.06710505
4400	-293.3513	-282.3431	-11.00815	1.475564	0.0414451	0.000528435	0.14091	0.817117	0.04544507
4600	-292.5877	-283.4324	-9.15534	1.30003	0.0378334	0.159222	0.500033	0.302911	0.03389676
4800	-294.2055	-282.3813	-11.82427	1.506044	0.107346	0.186289	0.53638	0.169985	0.0923342
5000	-290.6406	-278.22	-12.42061	1.602959	0.0173212	0.0525772	0.917569	0.0125326	0.05670942
5200	-291.1529	-278.948	-12.20483	1.60271	0.0662321	0.0373593	0.194968	0.70144	0.03640172
5400	-294.745	-279.2821	-15.46288	1.737445	0.0712791	0.0158966	0.673693	0.239131	0.217706
5600	-290.4848	-278.6334	-11.85143	1.516022	0.0226483	0.00610785	0.857347	0.113897	0.08588015
5800	-289.4852	-278.8126	-10.67259	1.376145	0.000698047	0.00202922	0.504186	0.493087	0.1063922
6000	-296.2073	-278.1757	-18.03158	2.157754	0.0159541	0.0348738	0.790162	0.15901	0.06420503
6200	-290.4727	-283.3089	-7.163826	1.080095	0.00517134	0.0293992	0.598265	0.367165	0.05340595
6400	-291.1318	-281.8332	-9.298608	1.299786	0.0286227	0.128331	0.54059	0.302457	0.04807093
6600	-289.5001	-280.3817	-9.118378	1.263373	0.0383338	0.00605489	0.292104	0.663507	0.06562343
6800	-289.8204	-281.2645	-8.555959	1.266806	0.0418528	0.0160625	0.309758	0.632326	0.008329422
7000	-295.0321	-287.1372	-7.894815	0.9886364	0.0274088	0.00873493	0.84695	0.116906	0.2069737
7200	-289.5017	-277.6545	-11.84721	1.52039	0.00450627	0.0278059	0.670541	0.297147	0.08115948
7400	-289.4039	-281.0755	-8.328366	1.177578	0.00895918	0.000376424	0.111671	0.878993	0.07244687
7600	-290.7642	-281.2884	-9.475793	1.276142	0.0590418	0.0135115	0.783079	0.144367	0.08685066
7800	-294.3663	-282.8301	-11.53617	1.458302	0.0665081	0.0880566	0.18847	0.656965	0.1145489
8000	-291.7508	-281.264	-10.48674	1.420333	0.0837783	0.0328146	0.453634	0.429773	0.04741
8200	-292.2916	-279.2418	-13.04982	1.569614	0.0235859	0.0327773	0.892878	0.0507589	0.1477102
8400	-290.0559	-280.2154	-9.840431	1.390715	0.0141547	0.0329671	0.574996	0.377882	0.01284657
8600	-293.8461	-279.9152	-13.93097	1.646856	0.0241466	0.0362533	0.437753	0.501847	0.1606921
8800	-292.1796	-280.4633	-11.71629	1.545581	0.0255198	0.0220907	0.0562539	0.896136	0.04530951
9000	-290.2801	-280.568	-9.712114	1.197548	0.000324398	0.00743822	0.929895	0.0623421	0.1860245
9200	-293.7341	-281.367	-12.36703	1.622036	0.0184437	0.274578	0.207668	0.49931	0.03227462
9400	-297.9383	-279.9162	-18.02213	1.663138	0.0226105	0.00743393	0.576669	0.393286	0.5193198
9600	-291.6223	-279.8569	-11.76545	1.41193	0.0106865	0.0252456	0.911091	0.0529769	0.1781403
9800	-294.0627	-280.9066	-13.15611	1.654631	0.0249859	0.186324	0.582558	0.206132	0.07801184
10000	-294.9384	-283.0583	-11.88012	1.557017	0.000225427	0.100559	0.338186	0.56103	0.04865317
10200	-292.7476	-283.0065	-9.741034	1.338529	0.0332675	0.0863655	0.773577	0.10679	0.05400056
10400	-295.9717	-279.3634	-16.60825	1.593513	0.0853901	0.0149618	0.84964	0.050008	0.4722465
10600	-292.8808	-281.3285	-11.55222	1.566219	0.004004	0.0362951	0.260953	0.698748	0.008231963
10800	-289.8372	-279.6437	-10.19345	1.3094	0.0283202	0.027567	0.825196	0.118917	0.1231448
11000	-289.8351	-280.4275	-9.407571	1.303765	0.0125268	0.0824213	0.0593012	0.845751	0.05408094
11200	-294.6397	-282.4468	-12.19294	1.603719	0.0402945	0.173107	0.53238	0.254218	0.0349295
11400	-289.0592	-281.1806	-7.878529	1.207549	0.00822899	0.0395568	0.921286	0.0309287	0.000258236
11600	-292.3971	-280.4399	-11.95718	1.528825	0.0062291	0.168065	0.165834	0.659871	0.08133384
11800	-291.242	-279.7634	-11.47862	1.560709	0.0298186	0.0598584	0.85711	0.0532126	0.006670454
12000	-294.2854	-284.1205	-10.16485	1.230789	0.00130823	0.14344	0.628464	0.226788	0.197014
12200	-292.4128	-279.9973	-12.41541	1.535757	0.0011702	0.232465	0.677823	0.088542	0.121907
12400	-290.2375	-279.1545	-11.08303	1.47436	0.0090688	0.136156	0.0350422	0.819733	0.05129849
12600	-292.524	-280.614	-11.91004	1.578865	0.075491	0.108558	0.222938	0.593013	0.03099954
12800	-289.1889	-281.5764	-7.612506	1.161486	0.0174866	0.0218913	0.833048	0.127574	0.01879275
13000	-291.6256	-282.3512	-9.274368	1.234983	0.0303296	0.0424419	0.838429	0.0887999	0.1052673
13200	-289.6526	-279.5178	-10.13479	1.356743	0.0320566	0.00533067	0.950935	0.0116778	0.07305531
13400	-295.9033	-284.9312	-10.97205	1.49154	0.0358678	0.0572369	0.4518	0.455096	0.0253408
13600	-293.4365	-283.4033	-10.03325	1.295066	0.0634315	0.00449459	0.457053	0.475021	0.1253906
13800	-300.7962	-285.5912	-15.20504	1.627816	0.184773	0.252633	0.408542	0.154053	0.2918026
14000	-294.1284	-286.5368	-7.591684	1.175539	0.159511	0.0081099	0.650493	0.181887	0.003384149
14200	-291.7272	-280.6009	-11.12634	1.506317	0.00517569	0.218106	0.399389	0.377329	0.02569839
14400	-291.1704	-278.3361	-12.83429	1.492236	0.00122056	0.000750665	0.833431	0.164598	0.2037969
14600	-289.0398	-278.4252	-10.61457	1.408357	0.0246138	0.00057565	0.666197	0.308614	0.06981334
14800	-292.2767	-281.4867	-10.79001	1.440085	0.0660149	0.111778	0.741525	0.0806814	0.05669765
15000	-290.4456	-279.2034	-11.24216	1.507637	0.0704992	0.0112795	0.199957	0.718264	0.03507017
15200	-291.4376	-282.6963	-8.741317	1.170482	0.000710417	0.0683363	0.220644	0.71031	0.1199466
15400	-292.8114	-281.3986	-11.41278	1.411765	0.0727437	0.0964169	0.157066	0.673774	0.1423645
15600	-298.3277	-282.0731	-16.25454	1.920809	0.140177	0.0513799	0.302302	0.506141	0.1162292
15800	-294.6555	-282.0329	-12.62254	1.459461	0.0364431	0.175548	0.589826	0.198182	0.2087798
16000	-292.5412	-280.0932	-12.44796	1.633879	0.0532191	0.00925175	0.768087	0.169443	0.03005974
16200	-293.4404	-280.0371	-13.40326	1.640918	0.0441397	0.151886	0.19284	0.611134	0.1157615
16400	-289.15	-279.2557	-9.894323	1.401451	0.0476174	0.00987042	0.82851	0.114003	0.007627212
16600	-290.6592	-282.8255	-7.833752	1.147499	0.0213552	0.0498579	0.77468	0.154107	0.05321667
16800	-289.8247	-280.4774	-9.347332	1.303761	0.0320331	0.0455869	0.2326	0.68978	0.04912742
17000	-290.7121	-280.5876	-10.12448	1.341161	0.0184664	0.130861	0.173234	0.677439	0.08748922
17200	-292.536	-278.724	-13.81199	1.779359	0.0309191	0.073929	0.305448	0.589704	0.02072519
17400	-295.2102	-281.6484	-13.56173	1.75123	0.107522	0.0946379	0.170336	0.627504	0.02365392
17600	-291.5774	-280.5783	-10.99914	1.403454	0.0234541	0.137009	0.669128	0.170409	0.1095394
17800	-290.4777	-281.0096	-9.468037	1.331591	0.035373	0.0454842	0.624964	0.294179	0.03406901
18000	-289.7656	-278.0064	-11.75924	1.51951	0.00922137	0.0523683	0.0439049	0.894505	0.07334769
18200	-290.5339	-280.2555	-10.2784	1.376021	0.0140967	0.0186777	0.233329	0.733896	0.06912032
18400	-301.5091	-284.6081	-16.90097	1.890835	0.0449509	0.263975	0.40994	0.281134	0.2143007
18600	-290.7047	-280.4421	-10.26266	1.362286	0.0312299	0.0396927	0.922054	0.00702337	0.08018025
18800	-292.692	-283.9361	-8.75583	1.287376	0.0316598	0.251092	0.564788	0.152461	0.007948563
19000	-292.4176	-278.1442	-14.27342	1.766893	0.0543892	0.012668	0.131327	0.801616	0.07764786
19200	-291.4685	-281.7194	-9.749086	1.284898	0.017177	0.0962553	0.292976	0.593592	0.1065947
19400	-292.2189	-278.1121	-14.10681	1.59917	0.00217598	0.0351225	0.400672	0.56203	0.22381
19600	-292.6577	-280.4847	-12.173	1.387154	0.0587295	0.0120957	0.596372	0.332803	0.2435007
19800	-292.1541	-283.3372	-8.816949	1.266465	0.0160916	0.0252033	0.631284	0.327421	0.03366468
20000	-290.7127	-280.1161	-10.59659	1.419643	0.00852959	0.0874812	0.294192	0.609797	0.05889601
20200	-289.9228	-278.7137	-11.20909	1.450204	0.00131701	0.0820229	0.619449	0.297211	0.08725331
20400	-288.7261	-280.4514	-8.274711	1.234529	0.00166422	0.0171791	0.799794	0.181363	0.01248928
20600	-291.2276	-279.7151	-11.51256	1.336628	0.0362258	0.0178838	0.80611	0.139781	0.2221656
20800	-291.9752	-279.9864	-11.98876	1.587656	0.0127907	0.126313	0.679247	0.18165	0.02946213
21000	-290.4743	-279.7826	-10.69168	1.404222	0.044087	0.058509	0.401957	0.495447	0.08046942
21200	-294.0772	-283.7688	-10.3084	1.273817	0.0471323	0.192815	0.288591	0.471461	0.1711583
21400	-292.0716	-285.1638	-6.907739	1.037426	0.0216874	0.00213411	0.672788	0.30339	0.07045129
21600	-292.4924	-280.0923	-12.40011	1.544234	0.0305281	0.120715	0.0955938	0.753163	0.1083182
21800	-294.3624	-281.0939	-13.2685	1.589647	0.00408427	0.231949	0.682123	0.0818442	0.1503993
22000	-289.8434	-280.2113	-9.632191	1.363761	0.00241939	0.091479	0.742437	0.163665	0.01895721
22200	-292.329	-280.0741	-12.25487	1.588177	0.0461767	0.0236156	0.817169	0.113038	0.05539772
22400	-291.0138	-278.0521	-12.96166	1.484663	0.0054439	0.0296148	0.72362	0.241321	0.2212152
22600	-290.4702	-282.1784	-8.291816	1.201507	0.00883897	0.129357	0.574642	0.287162	0.04534576
22800	-294.1135	-286.831	-7.282539	1.113796	0.0592767	0.191276	0.257209	0.492238	0.03283964
23000	-290.1101	-282.2202	-7.889908	1.188451	0.0050791	0.0519931	0.580896	0.362032	0.01958534
23200	-290.4419	-278.705	-11.73698	1.530752	0.0233287	0.0400127	0.263492	0.673167	0.06150534
23400	-291.3063	-280.9809	-10.32542	1.404618	0.0352334	0.0393893	0.804364	0.121014	0.04518711
23600	-290.8668	-280.3933	-10.47353	1.339532	0.00760165	0.112163	0.107546	0.77269	0.1208997
23800	-290.3442	-281.1407	-9.203519	1.278628	0.0125943	0.0905775	0.419005	0.477824	0.05919224
24000	-291.1715	-283.1545	-8.017034	1.167175	0.0187869	0.105279	0.557817	0.318117	0.05228165
24200	-293.599	-282.058	-11.54092	1.475661	0.119503	0.00838066	0.0095703	0.862546	0.09261004
24400	-291.1834	-277.5684	-13.61505	1.65377	0.0263893	0.00574114	0.116242	0.851628	0.1230812
24600	-289.9428	-278.4482	-11.49467	1.523454	0.025494	0.0462508	0.323507	0.604748	0.04434715
24800	-290.2974	-279.6616	-10.63576	1.471877	0.0129224	0.133892	0.419867	0.433318	0.01128849
25000	-291.9894	-281.4622	-10.52728	1.467502	0.151469	0.00136066	0.347031	0.50014	0.005001501
25200	-290.8339	-278.4011	-12.43275	1.658081	0.0239646	0.0453487	0.421955	0.508731	0.005007221
25400	-289.8529	-278.4994	-11.35349	1.526554	0.0198562	0.0345444	0.83364	0.11196	0.02710809
25600	-290.1337	-280.3114	-9.8223	1.363237	0.00857459	0.142969	0.475278	0.373178	0.03688362
25800	-290.8381	-278.6567	-12.18144	1.631616	0.031821	0.0332482	0.0195358	0.915395	0.006259023
26000	-288.4347	-278.2163	-10.21839	1.434102	0.00586594	0.00977104	0.360825	0.623538	0.007474616
26200	-294.9616	-283.6409	-11.32069	1.546862	0.0802408	0.0294316	0.0284302	0.861897	0.004781087
26400	-290.7461	-281.1545	-9.591583	1.360061	0.0620939	0.0413116	0.516874	0.37972	0.01851395
26600	-293.4197	-281.8948	-11.52487	1.456006	0.0341736	0.222458	0.686193	0.0571752	0.1088686
26800	-292.8847	-280.8144	-12.07034	1.582927	0.0039441	0.200383	0.0512971	0.744376	0.04132269
27000	-294.1814	-282.7783	-11.40318	1.544197	0.152815	0.0731357	0.411894	0.362155	0.01506907
27200	-291.6286	-282.4772	-9.15141	1.294363	0.00560763	0.0731731	0.0895945	0.831625	0.04010208
27400	-290.189	-281.2591	-8.92989	1.195124	0.0155755	0.061843	0.178218	0.744364	0.1122114
27600	-292.3415	-281.8304	-10.51104	1.332593	9.56411e-05	0.133163	0.353957	0.512784	0.1305577
27800	-291.3798	-283.9418	-7.43798	1.058306	0.0226927	0.0135166	0.27575	0.688041	0.09944186
28000	-292.3042	-279.8652	-12.43903	1.465935	0.0303898	0.00570094	0.678812	0.285097	0.1914464
28200	-294.3596	-281.4253	-12.93428	1.590686	0.0955994	0.186442	0.0959749	0.621983	0.1166604
28400	-291.0667	-279.029	-12.03777	1.500388	0.00538601	0.117414	0.139264	0.737937	0.1189113
28600	-290.4179	-281.009	-9.408878	1.266118	0.0184002	0.0615002	0.342195	0.577905	0.09032424
28800	-290.9574	-281.6424	-9.314919	1.24856	0.0337295	0.0834606	0.281835	0.600975	0.09831353
29000	-292.6717	-281.0948	-11.57691	1.526246	0.00181833	0.262111	0.615728	0.120343	0.04968428
29200	-292.5935	-278.5346	-14.05888	1.76479	0.0704954	0.0102562	0.277398	0.641851	0.05850766
29400	-296.5208	-283.3948	-13.12603	1.682576	0.0383692	0.181485	0.266103	0.514043	0.04687428
29600	-295.7569	-286.4367	-9.320208	1.349846	0.00545307	0.164386	0.802519	0.0276423	0.002013369
29800	-288.7133	-278.5899	-10.12341	1.406831	0.014979	0.0441673	0.936163	0.00469025	0.02433557
30000	-293.1909	-279.7199	-13.471	1.747555	0.00500668	0.233006	0.289691	0.472296	0.01885292
30200	-297.5382	-285.8871	-11.65114	1.518148	0.090803	0.310245	0.126679	0.472273	0.06706312
30400	-297.5001	-281.6727	-15.8274	1.799236	0.00578047	0.336855	0.194459	0.462905	0.1891475
30600	-289.9304	-280.5004	-9.429938	1.294643	0.00317882	0.0451682	0.447698	0.503955	0.06579452
30800	-291.8954	-279.7448	-12.15057	1.625582	0.0432078	0.0413771	0.569178	0.346237	0.008999084
31000	-292.0208	-282.2142	-9.806603	1.28865	0.0154426	0.214388	0.362509	0.40766	0.1065809
31200	-291.8016	-279.5976	-12.20395	1.506297	0.0331715	0.108705	0.486375	0.371748	0.1282128
31400	-291.182	-280.5563	-10.62565	1.25483	0.00113988	0.0639486	0.877197	0.0577141	0.2162579
31600	-291.1431	-280.283	-10.86013	1.39118	0.0719844	0.0157704	0.352368	0.559877	0.1082051
31800	-295.1599	-285.0092	-10.15077	1.406766	0.0201472	0.251261	0.636782	0.0918097	0.02587518
32000	-290.7367	-279.3813	-11.35541	1.408022	0.00984918	0.0100346	0.238573	0.741543	0.1439852
32200	-291.9626	-280.1656	-11.79704	1.487507	0.0288522	0.013058	0.498798	0.459292	0.1082044
32400	-295.637	-283.3186	-12.31841	1.559839	0.0602875	0.187708	0.401577	0.350428	0.0894309
32600	-294.9008	-280.7071	-14.19371	1.723699	0.0557688	0.196269	0.479327	0.268635	0.1096579
32800	-296.2406	-285.9636	-10.27705	1.316665	0.0244926	0.336427	0.228293	0.410788	0.1290869
33000	-290.7995	-278.6049	-12.1946	1.566596	0.0145897	0.0459579	0.194188	0.745265	0.06873469
33200	-290.6072	-279.5967	-11.01048	1.468991	0.0210727	0.050494	0.343114	0.585319	0.05090012
33400	-292.0453	-279.4494	-12.59593	1.401154	0.0358557	0.0640634	0.88734	0.0127406	0.2644235
33600	-291.3134	-281.3058	-10.00761	1.408475	0.0962729	0.0586071	0.0151087	0.830011	0.01175555
33800	-299.9496	-284.4184	-15.53118	1.606504	0.0490921	0.215258	0.315816	0.419834	0.3566095
34000	-288.9322	-280.1341	-8.798068	1.264954	0.0109485	0.0213278	0.618589	0.349135	0.03364073
34200	-288.7472	-278.5836	-10.16352	1.387709	0.00154444	0.0217132	0.18237	0.794372	0.04700834
34400	-290.1631	-277.7564	-12.40668	1.563417	0.00169611	0.0079776	0.473527	0.5168	0.09364154
34600	-290.9745	-280.4728	-10.50171	1.331665	0.0623493	0.0161961	0.723391	0.198064	0.1330367
34800	-292.5011	-283.1519	-9.349237	1.343547	0.0812446	0.175154	0.603497	0.140104	0.01074027
35000	-293.0009	-282.35	-10.65096	1.332172	0.0814431	0.0656628	0.546712	0.306182	0.1475644
35200	-291.1571	-279.3638	-11.79339	1.586061	0.0836791	0.0218807	0.268012	0.626428	0.01264942
35400	-292.5769	-277.3149	-15.262	1.758471	0.00489537	0.0126008	0.55848	0.424024	0.1830233
35600	-290.9925	-279.052	-11.9405	1.591569	0.0314371	0.0618593	0.0265662	0.880137	0.02209169
35800	-289.4857	-279.6435	-9.842214	1.345611	0.0135884	0.0870875	0.297798	0.601526	0.05592845
36000	-290.0693	-281.4923	-8.577035	1.244849	0.0142509	0.0239999	0.117354	0.844395	0.03188948
36200	-290.8274	-282.1053	-8.722082	1.283273	0.0947603	0.00590055	0.474111	0.425228	0.008414007
36400	-291.9302	-279.8389	-12.09135	1.556898	0.0179812	0.086884	0.80544	0.0896953	0.06816442
36600	-289.8096	-278.8729	-10.93664	1.476277	0.0122101	0.0279494	0.431162	0.528679	0.03600864
36800	-291.9762	-278.5114	-13.46478	1.715892	0.00307129	0.150892	0.661892	0.184145	0.04926862
37000	-293.4153	-284.0827	-9.332581	1.098713	0.0163584	0.0654309	0.137113	0.781098	0.2402788
37200	-300.4627	-287.9354	-12.52734	1.61691	0.107181	0.113269	0.742018	0.0375321	0.05259042
37400	-293.2109	-281.8868	-11.32406	1.523908	0.0104966	0.335678	0.211085	0.44274	0.02726031
37600	-292.281	-279.5073	-12.77373	1.625538	0.059566	0.0538738	0.448048	0.438513	0.06910753
37800	-293.5527	-282.0042	-11.54849	1.330965	0.0499421	0.13311	0.350506	0.466442	0.2334977
38000	-292.2612	-280.0323	-12.22882	1.468437	0.0206433	0.0177389	0.00472435	0.956893	0.1663031
38200	-290.3766	-277.8577	-12.51897	1.625274	0.0255735	0.0253851	0.510975	0.438067	0.04491563
38400	-291.4232	-281.9166	-9.506655	1.254326	0.0699551	0.0128685	0.351528	0.565648	0.1112436
38600	-295.635	-286.4046	-9.230359	1.141716	0.00444293	0.167319	0.152666	0.675573	0.1873123
38800	-292.4868	-283.2291	-9.257698	1.328195	0.0282853	0.215464	0.705446	0.050804	0.01663285
39000	-292.7415	-281.9698	-10.77174	1.456536	0.0934728	0.154114	0.126411	0.626002	0.03906727
39200	-289.2248	-280.2141	-9.01073	1.279014	0.0191449	0.0645665	0.711129	0.205159	0.03976802
39400	-288.827	-278.7787	-10.0483	1.376367	0.00749125	0.00614299	0.960733	0.0256333	0.04621337
39600	-291.8951	-279.2227	-12.6724	1.679897	0.0162502	0.10589	0.780091	0.097769	0.006956416
39800	-293.3705	-278.2319	-15.13853	1.928117	0.0223713	0.0566602	0.162192	0.758776	0.005486968
40000	-290.528	-280.3938	-10.1342	1.293301	0.0445515	0.027061	0.431848	0.496539	0.1337402
40200	-290.4461	-279.869	-10.57707	1.441544	0.0563745	0.00602032	0.0818756	0.85573	0.03409545
40400	-291.855	-281.2905	-10.56454	1.272013	0.039839	0.0320307	0.761582	0.166548	0.1948741
40600	-291.5645	-284.6114	-6.953057	1.087599	0.0482994	0.0474502	0.548401	0.355849	0.0261156
40800	-291.0122	-280.9487	-10.06352	1.42218	0.0575563	0.0890315	0.704677	0.148735	0.003935174
41000	-292.8393	-281.3903	-11.44903	1.383499	0.0471464	0.131137	0.201406	0.62031	0.175691
41200	-292.4139	-281.4824	-10.93152	1.496979	0.0169057	0.181625	0.267748	0.533721	0.01506951
41400	-291.404	-279.0708	-12.33317	1.457343	0.0149684	0.0202544	0.369693	0.595084	0.188688
41600	-295.8102	-280.7955	-15.01477	1.422359	0.0650387	0.039021	0.426693	0.469247	0.4876659
41800	-293.8109	-280.5814	-13.22948	1.7056	0.00749681	0.00561419	0.616868	0.370021	0.03499355
42000	-292.5732	-278.5939	-13.97934	1.598259	0.0164374	0.00891963	0.867645	0.106998	0.2061683
42200	-291.1724	-279.3934	-11.77899	1.55567	0.0715678	0.0528691	0.736607	0.138956	0.0401464
42400	-290.2345	-278.1322	-12.10234	1.49617	0.00345016	0.00607978	0.769135	0.221336	0.1301565
42600	-294.402	-283.7753	-10.62668	1.332143	0.0309214	0.332108	0.609734	0.027237	0.1418879
42800	-296.8447	-285.0565	-11.78817	1.571344	0.241391	0.028366	0.14803	0.582212	0.02641335
43000	-292.9469	-279.9658	-12.98105	1.608785	0.0759477	0.0193026	0.386993	0.517757	0.1063114
43200	-290.1223	-279.3329	-10.78931	1.478796	0.0232422	0.0590087	0.121584	0.796165	0.0195826
43400	-291.0326	-282.4804	-8.55229	1.267719	0.00497272	0.0630362	0.122946	0.809045	0.00690466
43600	-293.0884	-285.4211	-7.667297	1.183354	0.0102116	0.108503	0.113746	0.767539	0.003076735
43800	-295.2234	-279.5357	-15.68769	1.865284	0.0603863	0.104039	0.187241	0.648334	0.1187821
44000	-291.4006	-280.7674	-10.63314	1.483251	0.121872	0.0197866	0.805253	0.0530885	3.271682e-05
44200	-290.4288	-279.0674	-11.36132	1.480647	0.0135714	0.0183114	0.814652	0.153465	0.0728233
44400	-292.3747	-279.8898	-12.48487	1.484108	0.0323004	0.0931938	0.495463	0.379042	0.1801669
44600	-295.2198	-279.1793	-16.04042	1.585274	0.0326619	0.0568978	0.905308	0.00513243	0.4180753
44800	-291.2064	-279.1118	-12.09456	1.353005	0.0325238	0.00237769	0.866285	0.0988135	0.2617003
45000	-293.7646	-280.704	-13.06058	1.45352	0.0797489	0.0388002	0.577608	0.303843	0.2600574
45200	-295.8944	-279.61	-16.28445	1.994807	0.00474549	0.267984	0.144066	0.583205	0.05143118
45400	-291.3772	-280.0947	-11.28253	1.520904	0.0750676	0.00817751	0.198363	0.718392	0.02609192
45600	-292.6519	-281.2369	-11.41494	1.466532	0.0608512	0.108635	0.00455192	0.825962	0.08873703
45800	-292.8031	-280.0578	-12.74532	1.691881	0.0540272	0.0957763	0.822854	0.0273425	0.002600475
46000	-292.7953	-282.563	-10.23226	1.316577	0.0647205	0.0772282	0.569163	0.288888	0.1202567
46200	-292.5797	-278.2276	-14.35211	1.66974	0.0392585	0.00286258	0.782372	0.175507	0.1777444
46400	-288.8517	-279.8071	-9.044569	1.316015	0.018309	0.0479305	0.0744443	0.859316	0.008070936
46600	-293.1465	-284.3184	-8.828193	1.298356	0.0518537	0.109316	0.397756	0.441075	0.004391775
46800	-289.7345	-280.7018	-9.032715	1.318908	5.71368e-05	0.0650427	0.106175	0.828726	0.004192244
47000	-292.0997	-279.9103	-12.18945	1.448006	0.0123918	0.0276547	0.902372	0.0575815	0.1887532
47200	-291.7285	-281.5476	-10.18085	1.416949	0.0471415	0.154761	0.0271444	0.770953	0.02026098
47400	-292.0754	-282.24	-9.835394	1.27597	0.0725732	0.0553953	0.0830373	0.788994	0.1224178
47600	-293.4961	-284.3407	-9.155359	1.180959	0.102797	0.0111608	0.0458036	0.840238	0.1474178
47800	-296.8174	-285.7083	-11.10912	1.478666	0.0716858	0.354451	0.288778	0.285086	0.04781564
48000	-289.9167	-279.5514	-10.36532	1.420558	0.0465806	0.0351966	0.220129	0.698093	0.03448905
48200	-290.8292	-279.8091	-11.02011	1.490242	0.0378347	0.0861455	0.113039	0.76298	0.03043751
48400	-291.5054	-280.7617	-10.74363	1.325098	0.00229018	0.0253635	0.288518	0.683828	0.1659019
48600	-296.8295	-279.2474	-17.58213	1.966327	0.0895602	0.0065703	0.854414	0.0494551	0.202265
48800	-289.9251	-281.1117	-8.813431	1.175172	0.0120003	0.0382008	0.636054	0.313745	0.1196535
49000	-290.754	-278.128	-12.62599	1.501795	0.00626115	0.0656265	0.589235	0.338878	0.1727533
49200	-289.7701	-280.4069	-9.363182	1.303858	0.0099862	0.0112272	0.672989	0.305797	0.05071102
49400	-295.5017	-281.4981	-14.00361	1.788875	0.0809172	0.0524672	0.816892	0.0497236	0.03063905
49600	-292.0959	-281.8641	-10.2318	1.304311	0.0369248	0.0458512	0.598343	0.318881	0.13575
49800	-293.0625	-278.6084	-14.45416	1.59826	0.0128314	0.0105442	0.377061	0.599563	0.2617646
50000	-290.7851	-280.3296	-10.45546	1.244654	0.00890641	0.0318127	0.32438	0.634901	0.212037
50200	-293.6718	-281.5192	-12.1526	1.495135	0.0504888	0.105878	0.191012	0.652621	0.1348494
50400	-290.7233	-282.8904	-7.832952	1.186144	0.0380037	0.0423103	0.765037	0.154649	0.0163622
50600	-290.7192	-281.4398	-9.279416	1.317106	0.0214715	0.0953795	0.152037	0.731112	0.0297974
50800	-288.9831	-279.5952	-9.387898	1.333994	0.0178834	0.0277243	0.573456	0.380936	0.02363357
51000	-289.3229	-278.7205	-10.60247	1.432928	0.0198427	0.029522	0.255661	0.694974	0.04529934
51200	-293.0055	-283.73	-9.275464	1.304969	0.120825	0.110651	0.28692	0.481604	0.04040154
51400	-293.1931	-278.9408	-14.25239	1.786477	0.0440326	0.114849	0.696375	0.144743	0.0560429
51600	-290.9634	-279.6825	-11.28098	1.533175	0.0341445	0.016355	0.647321	0.302179	0.01418621
51800	-292.9741	-280.6282	-12.34591	1.564704	0.0468162	0.00307182	0.593747	0.356365	0.08790058
52000	-290.7844	-277.1225	-13.66193	1.774202	0.0012036	0.0161708	0.574106	0.40852	0.01144993
52200	-291.8344	-281.0931	-10.7413	1.218901	0.0316045	0.0405084	0.817204	0.110683	0.2612074
52400	-292.1208	-278.5292	-13.59164	1.719447	0.00142603	0.100443	0.4605	0.437631	0.05739929
52600	-299.4214	-286.2369	-13.18446	1.57721	0.0501037	0.491817	0.15779	0.300289	0.1490316
52800	-293.6703	-279.0393	-14.631	1.735274	0.030019	0.0921295	0.263553	0.614299	0.1431588
53000	-293.3766	-280.9549	-12.42178	1.629815	0.0660648	0.0546796	0.513603	0.365652	0.03039118
53200	-293.9449	-279.048	-14.89687	1.701496	0.0612125	0.000605657	0.918854	0.0193279	0.1963739
53400	-291.7688	-279.3358	-12.43291	1.524204	0.0207647	0.0338828	0.500628	0.444725	0.1355876
53600	-293.9164	-284.5695	-9.346979	1.304414	0.067136	0.21894	0.614391	0.0995334	0.04704956
53800	-292.4858	-279.7692	-12.71663	1.604929	0.0248957	0.118616	0.491538	0.364951	0.08164858
54000	-296.5715	-278.8778	-17.69375	2.130795	0.0686876	0.00291296	0.769545	0.158854	0.05646887
54200	-298.4822	-289.7694	-8.712821	1.204765	0.101563	0.017446	0.773651	0.107339	0.07945531
54400	-292.2172	-278.7595	-13.45766	1.60604	0.0110668	0.111574	0.825058	0.0523011	0.151119
54600	-296.4052	-282.1595	-14.24564	1.842936	0.235839	0.0261124	0.0626129	0.675436	0.001556127
54800	-293.3068	-280.3118	-12.99502	1.709947	0.009421	0.28961	0.560823	0.140146	0.00927598
55000	-295.2637	-281.8964	-13.36722	1.397083	0.082865	0.0672941	0.412515	0.437326	0.3388642
55200	-290.5078	-278.9515	-11.55634	1.471245	0.0291859	0.0384283	0.754733	0.177653	0.1005884
55400	-290.8465	-280.4617	-10.38485	1.436468	0.0938464	0.0176703	0.229274	0.65921	0.02101287
55600	-290.5044	-280.4249	-10.07953	1.408088	0.00379294	0.121996	0.57158	0.302631	0.01859727
55800	-298.15	-283.1298	-15.02025	1.755888	0.176922	0.119053	0.66546	0.0385647	0.1590554
56000	-294.9565	-280.5826	-14.37386	1.579196	0.0386756	0.0652578	0.88718	0.00888637	0.2601885
56200	-291.2858	-279.9015	-11.38428	1.365374	0.0317616	0.0407801	0.364421	0.563037	0.1828382
56400	-292.1024	-278.5968	-13.50559	1.555074	0.00131695	0.0404254	0.829195	0.129063	0.2122542
56600	-290.2621	-278.8708	-11.39129	1.482279	0.0265378	0.0430687	0.391102	0.539292	0.07365825
56800	-294.5685	-285.7943	-8.774228	1.15111	0.0173019	0.165556	0.324742	0.4924	0.1367891
57000	-297.6821	-283.8659	-13.81617	1.512125	0.11149	0.0588079	0.169055	0.660647	0.2653997
57200	-292.1375	-284.3621	-7.775372	1.188852	0.0952404	0.0616387	0.065919	0.777202	0.008304226
57400	-292.7916	-279.4121	-13.37946	1.679336	0.0263593	0.0402621	0.476626	0.456753	0.07319262
57600	-292.6469	-279.8862	-12.76076	1.428574	0.0509479	0.060258	0.254845	0.633949	0.2541732
57800	-293.3464	-284.1288	-9.217578	1.090265	0.0220745	0.0894089	0.72847	0.160047	0.2397206
58000	-293.0741	-281.1957	-11.87847	1.562491	0.0787051	0.120724	0.233215	0.567356	0.04479812
58200	-291.5544	-281.5912	-9.963196	1.335672	0.000794081	0.034852	0.622108	0.342246	0.07556679
58400	-294.6788	-282.9079	-11.77082	1.52622	0.061854	0.104714	0.445889	0.387543	0.06470283
58600	-291.8178	-281.0872	-10.73062	1.403384	0.0217081	0.0553639	0.213572	0.709356	0.0843499
58800	-291.4113	-281.1736	-10.23775	1.24006	0.0017011	0.136093	0.667432	0.194774	0.193702
59000	-297.4751	-288.9287	-8.546399	1.179282	0.0611727	0.0632287	0.418445	0.457154	0.0873741
59200	-296.2165	-282.1222	-14.09437	1.783085	0.109372	0.324711	0.150752	0.415165	0.04477474
59400	-289.7205	-281.2783	-8.442213	1.204342	0.00936182	0.0398425	0.734108	0.216688	0.05729267
59600	-291.1871	-281.0725	-10.11458	1.357106	0.0226114	0.185302	0.237981	0.554106	0.07064765
59800	-291.6269	-281.6247	-10.00221	1.203619	0.0187575	0.0912502	0.819583	0.0704093	0.2058014
60000	-288.7338	-279.2919	-9.441827	1.323508	0.00336756	0.0478667	0.806865	0.141901	0.0383652
60200	-295.3805	-283.9095	-11.47095	1.432845	0.00939283	0.371024	0.13619	0.483393	0.1258155
60400	-296.7259	-284.0762	-12.64968	1.644373	0.197908	0.241181	0.255682	0.30523	0.03940379
60600	-296.6773	-283.315	-13.36226	1.574118	0.136698	0.000616864	0.255956	0.606729	0.1775667
60800	-294.7331	-284.2341	-10.49905	1.2836	0.0509372	0.244061	0.149369	0.555633	0.1792725
61000	-291.4716	-280.7892	-10.68233	1.471042	0.0162842	0.170415	0.810546	0.00275488	0.01651671
61200	-292.7759	-284.0278	-8.748106	1.089555	0.0224478	0.0647641	0.504665	0.408123	0.1923238
61400	-291.4284	-278.742	-12.68635	1.618879	0.0168935	0.107984	0.144565	0.730557	0.06667866
61600	-295.2188	-283.9212	-11.29761	1.444271	0.0133725	0.239387	0.272225	0.475016	0.09666908
61800	-291.6906	-279.8339	-11.85674	1.512983	0.00900581	0.150655	0.538246	0.302093	0.09051059
62000	-290.4648	-281.8401	-8.624673	1.280319	0.0347702	0.089517	0.540732	0.334981	0.002032877
62200	-290.3901	-280.8129	-9.577195	1.349876	0.0359896	0.0266851	0.656452	0.280873	0.02688979
62400	-291.6247	-279.932	-11.69266	1.526924	0.0762438	0.0236178	0.113712	0.786427	0.05924934
62600	-295.3112	-284.7219	-10.58932	1.27408	0.0657511	0.121794	0.242933	0.569522	0.2014016
62800	-292.8109	-285.6723	-7.138595	1.100097	0.0785183	0.0710444	0.0210566	0.829381	0.0321111
63000	-289.6966	-278.3854	-11.31116	1.45088	0.00332864	0.035769	0.428498	0.532405	0.09446067
63200	-290.866	-278.4382	-12.42772	1.435782	0.0101654	0.0203478	0.511976	0.457511	0.2162896
63400	-292.5902	-281.7122	-10.87799	1.420116	0.00875493	0.273309	0.517023	0.200913	0.08307154
63600	-290.0663	-281.816	-8.250285	1.229842	0.000310642	0.0766155	0.161995	0.761079	0.01443332
63800	-294.244	-284.0773	-10.16671	1.386802	0.0610617	0.307614	0.419633	0.211691	0.04855121
64000	-290.1406	-280.1114	-10.02922	1.414091	0.00366734	0.0287572	0.446944	0.520631	0.008172613
64200	-291.1904	-282.0472	-9.143225	1.322634	0.0130912	0.00123669	0.954159	0.0315135	0.0115032
64400	-297.9774	-283.2708	-14.70662	1.849649	0.0262375	0.372362	0.108964	0.492437	0.03797939
64600	-293.5305	-279.3316	-14.19892	1.742947	0.0491392	0.0150857	0.518793	0.416982	0.0909387
64800	-295.0057	-281.992	-13.01362	1.470125	0.0710304	0.143931	0.660354	0.124684	0.2415623
65000	-291.2536	-278.4296	-12.82398	1.657603	0.00307724	0.119696	0.729573	0.147654	0.04304808
65200	-294.3372	-281.3692	-12.96799	1.554076	0.0041589	0.335066	0.391425	0.26935	0.1549978
65400	-290.6278	-278.0682	-12.55964	1.504952	0.00695073	0.0605441	0.889524	0.0429815	0.1634695
65600	-293.4152	-279.2959	-14.11933	1.827989	0.0128738	0.181028	0.228832	0.577266	0.003802812
65800	-291.9053	-281.3745	-10.53079	1.294287	0.0136244	0.038203	0.779229	0.168944	0.1752295
66000	-289.1375	-280.1877	-8.949805	1.290095	0.0314653	0.044178	0.567178	0.357179	0.02370157
66200	-291.7336	-280.9054	-10.82821	1.497486	0.0345431	0.0868626	0.250908	0.627686	0.005258207
66400	-288.5829	-278.2809	-10.30198	1.417298	0.00649195	0.0262983	0.0465262	0.920684	0.03133507
66600	-292.1032	-281.6319	-10.47125	1.384061	0.0931579	0.0714566	0.182634	0.652752	0.07935393
66800	-291.4783	-280.148	-11.33027	1.394926	0.0277782	0.0118128	0.0217886	0.93862	0.1528141
67000	-292.7358	-284.7162	-8.019568	1.217158	0.0380724	0.0981766	0.572848	0.290903	0.004613879
67200	-292.7622	-279.558	-13.20415	1.533856	0.00288562	0.12509	0.0313561	0.840668	0.1937832
67400	-291.495	-279.7075	-11.78748	1.581722	0.0317976	0.00663724	0.137829	0.823736	0.01625637
67600	-295.1738	-282.6542	-12.51968	1.341281	0.119183	0.0278321	0.392006	0.460979	0.315509
67800	-294.6455	-282.3885	-12.25699	1.598953	0.0230258	0.408844	0.320026	0.248104	0.04592006
68000	-289.1365	-281.0893	-8.047172	1.194867	0.0106385	0.0498777	0.0202074	0.919276	0.02818043
68200	-298.0077	-281.2356	-16.77218	1.845366	0.0292527	0.0976047	0.440252	0.432891	0.2397946
68400	-292.32	-279.7612	-12.55884	1.556641	0.00634338	0.219872	0.65275	0.121034	0.1146229
68600	-292.4613	-278.8821	-13.57917	1.580563	0.0419269	0.0729182	0.883125	0.00202966	0.187857
68800	-294.7784	-280.4268	-14.35153	1.676095	0.0996829	0.0258058	0.153171	0.72134	0.1715867
69000	-295.3053	-289.4667	-5.838654	0.9443623	0.0690966	0.0176067	0.491587	0.42171	0.05638749
69200	-290.0788	-280.6225	-9.456307	1.314058	0.0114352	0.0931572	0.800486	0.0949216	0.04992736
69400	-287.9774	-278.8328	-9.144637	1.309284	0.0116964	0.00385218	0.144853	0.839598	0.02401468
69600	-293.7698	-280.2186	-13.55116	1.747283	0.0155966	0.0669362	0.24351	0.673957	0.02807494
69800	-292.4497	-279.0882	-13.36151	1.68825	0.00872083	0.0636189	0.20105	0.72661	0.06721613
70000	-293.329	-284.8511	-8.477881	1.152499	0.000187569	0.234121	0.758269	0.00742235	0.1090226
70200	-292.4398	-279.8478	-12.59204	1.460683	0.0329756	0.0164382	0.518835	0.431751	0.2152098
70400	-294.2759	-278.1705	-16.1054	1.621924	0.0426725	0.0155544	0.349099	0.592674	0.3914095
70600	-289.3791	-279.4302	-9.948899	1.323051	0.00576207	0.0452426	0.270767	0.678228	0.08658138
70800	-289.7934	-279.694	-10.09935	1.301432	0.0148682	0.00275419	0.457367	0.525011	0.1233535
71000	-294.3693	-284.4661	-9.903212	1.252526	0.0122921	0.0913308	0.108256	0.788121	0.1535072
71200	-293.2257	-279.641	-13.58469	1.705762	0.00248537	0.126248	0.278782	0.592484	0.07040506
71400	-290.7282	-278.9447	-11.78351	1.466422	0.00484912	0.0835344	0.858109	0.0535071	0.1271217
71600	-288.6863	-278.1275	-10.55873	1.430787	0.000830181	0.0333802	0.0701182	0.895671	0.04307081
71800	-290.7237	-279.3091	-11.41459	1.504336	0.00921754	0.114252	0.0345149	0.842016	0.0539621
72000	-292.2704	-280.1722	-12.09821	1.393421	0.0583913	0.0195324	0.460553	0.461523	0.2288718
72200	-290.7496	-282.056	-8.693583	1.148933	0.00218375	0.0315607	0.615199	0.351056	0.1328029
72400	-295.4217	-280.3918	-15.02992	1.479835	0.0322145	0.102143	0.00990217	0.855741	0.4131857
72600	-291.0191	-279.36	-11.65907	1.431015	0.0137248	0.0199152	0.94809	0.0182696	0.1476314
72800	-293.6392	-282.9592	-10.67998	1.331767	0.0844771	0.121638	0.164967	0.628918	0.1490422
73000	-293.673	-282.7879	-10.88511	1.323765	0.100687	0.00328282	0.827503	0.068527	0.1752846
73200	-292.0337	-283.6214	-8.412337	1.257289	0.0445923	0.013615	0.27879	0.663003	0.003711545
73400	-291.6604	-282.8866	-8.773846	1.1824	0.0483055	0.0842772	0.572062	0.295355	0.109276
73600	-292.814	-280.6536	-12.16036	1.378847	0.0103268	0.141936	0.089317	0.75842	0.2442907
73800	-294.2629	-277.8562	-16.40672	1.563313	0.000653906	0.0264418	0.0922811	0.880623	0.4840725
74000	-289.2599	-280.5926	-8.667353	1.212834	0.00936576	0.0427601	0.0595996	0.888274	0.07057353
74200	-298.2629	-285.1422	-13.1207	1.60134	0.162972	0.0168698	0.596745	0.223413	0.1277231
74400	-289.2233	-280.5041	-8.719164	1.278909	0.0168323	0.00649878	0.746727	0.229942	0.01226938
74600	-289.892	-281.849	-8.043016	1.191924	0.0125754	0.0805069	0.596885	0.310033	0.03092018
74800	-292.2729	-280.4837	-11.78922	1.346715	0.00381709	0.0226484	0.815016	0.158519	0.2394052
75000	-296.9778	-282.1804	-14.79739	1.436644	0.0623876	2.80404e-05	0.777686	0.159898	0.4482452
75200	-291.8381	-278.6909	-13.14717	1.550071	0.02221	0.0837572	0.799979	0.0940536	0.1757447
75400	-292.6981	-280.6285	-12.06963	1.365556	0.0402877	0.00353837	0.91477	0.0414043	0.247235
75600	-290.8679	-277.4019	-13.466	1.543802	0.00134866	0.0166	0.973326	0.00872519	0.2127929
75800	-292.1771	-283.9305	-8.246568	1.149375	0.0140494	0.0935172	0.0273559	0.865078	0.08985731
76000	-291.8607	-281.4694	-10.39127	1.406547	0.0355834	0.00220706	0.560913	0.401297	0.04846898
76200	-290.378	-279.3118	-11.06618	1.51715	0.00416422	0.0466279	0.479049	0.470159	0.009016554
76400	-289.1942	-280.393	-8.801231	1.248249	0.001156	0.0308358	0.753357	0.214651	0.04951066
76600	-290.6979	-281.124	-9.573905	1.194269	0.0199687	0.013432	0.362086	0.604513	0.1723657
76800	-293.0702	-283.2038	-9.866488	1.256115	0.0178841	0.0936658	0.536821	0.351629	0.14326
77000	-292.1675	-279.5295	-12.63794	1.614893	0.0109378	0.0437194	0.14715	0.798193	0.06460479
77200	-291.6389	-279.9701	-11.6688	1.546221	0.0905285	0.031496	0.302031	0.575945	0.03848246
77400	-292.7859	-282.0189	-10.76701	1.444013	0.0305474	0.141428	0.0392315	0.788793	0.05173618
77600	-296.9814	-284.627	-12.35442	1.605162	0.296296	0.0436723	0.390706	0.269326	0.04829394
77800	-290.1964	-277.7974	-12.39904	1.520673	0.0137018	0.0117495	0.721413	0.253135	0.1344837
78000	-291.9175	-280.5199	-11.39761	1.487744	0.0678125	0.027026	0.153967	0.751194	0.07099057
78200	-292.6036	-281.1129	-11.49076	1.564305	0.144063	0.0168689	0.529049	0.31002	0.004555071
78400	-290.142	-279.5839	-10.55811	1.43533	0.00856028	0.0733256	0.607217	0.310897	0.03863646
78600	-293.2238	-278.3656	-14.85821	1.685988	0.0105491	0.0664747	0.203441	0.719535	0.2071059
78800	-291.5414	-284.7366	-6.804741	1.089688	0.0100391	0.0101404	0.368727	0.611094	0.0104676
79000	-298.0081	-288.5018	-9.506339	1.235981	0.0389028	0.489273	0.0554179	0.416406	0.1280796
79200	-293.4584	-283.9845	-9.47393	1.287011	0.0399854	0.239653	0.276082	0.44428	0.07560028
79400	-294.0788	-284.7904	-9.288462	1.078637	0.0130282	0.0515803	0.329025	0.606367	0.2579452
79600	-295.3372	-280.8408	-14.4964	1.804645	0.104591	0.0631063	0.642067	0.190235	0.06499286
79800	-291.0341	-278.8652	-12.16887	1.498601	0.0123458	0.0462718	0.0561626	0.88522	0.1323214
80000	-291.175	-280.3262	-10.84889	1.301271	0.0311407	0.0406755	0.47456	0.453623	0.1928528
80200	-292.4059	-280.7651	-11.64085	1.573588	0.012599	0.174781	0.571905	0.240715	0.009978209
80400	-290.4061	-282.2854	-8.120675	1.177131	0.0251597	0.0571988	0.258363	0.659279	0.05178948
80600	-294.8995	-280.2325	-14.66698	1.786538	0.00109341	0.0170827	0.483352	0.498472	0.09503376
80800	-292.8193	-282.6652	-10.15411	1.420502	0.10765	0.0298272	0.667653	0.19487	0.01426945
81000	-296.9025	-283.212	-13.69052	1.677942	0.0418895	0.0795315	0.304894	0.573685	0.1032964
81200	-292.5229	-282.8918	-9.63109	1.162008	0.0251883	0.0799543	0.0697056	0.825152	0.2098644
81400	-289.6649	-278.2736	-11.39132	1.433502	0.0125152	0.0111842	0.405483	0.570818	0.1213191
81600	-294.6286	-282.5621	-12.06647	1.505741	0.0515515	0.310648	0.176136	0.461665	0.1168758
81800	-290.7152	-280.2915	-10.42373	1.357283	0.0141877	0.0523226	0.291457	0.642032	0.09902432
82000	-289.6611	-279.4458	-10.21531	1.378166	0.00815858	0.0689164	0.316399	0.606526	0.05970382
82200	-293.8522	-279.9972	-13.85493	1.61247	0.00694504	0.161694	0.489496	0.341864	0.1826156
82400	-291.0987	-278.8509	-12.24774	1.604897	0.0567868	0.0198551	0.0994287	0.823929	0.03857628
82600	-291.18	-279.1613	-12.01868	1.525819	0.0285471	0.0398137	0.161741	0.769898	0.09249191
82800	-294.8408	-281.8527	-12.9881	1.659406	0.0570418	0.201866	0.619844	0.121248	0.0575406
83000	-294.5563	-284.0531	-10.50319	1.461485	0.0600328	0.067822	0.264935	0.60721	0.008123682
83200	-290.5799	-278.8568	-11.72307	1.554932	0.0508517	0.0110727	0.548411	0.389664	0.03545354
83400	-293.2171	-278.8561	-14.36107	1.601663	0.00905015	0.098083	0.780812	0.112055	0.2449536
83600	-294.7651	-284.1197	-10.64534	1.325776	0.0335197	0.17932	0.547446	0.239714	0.1540294
83800	-290.3844	-280.0173	-10.36712	1.415526	0.0194874	0.127714	0.133358	0.71944	0.039653
84000	-290.1923	-281.7556	-8.436682	1.224269	0.0124341	0.0434455	0.405016	0.539104	0.0383238
84200	-291.0503	-281.3889	-9.661422	1.313723	0.0162494	0.0196865	0.448472	0.515592	0.06963299
84400	-289.3981	-280.0401	-9.357978	1.343508	0.0249246	0.0202886	0.458595	0.496191	0.01158673
84600	-295.6188	-280.7404	-14.87836	1.586909	0.0458765	0.012295	0.102995	0.838834	0.3135422
84800	-292.538	-284.6535	-7.884465	1.179026	0.0711837	0.114277	0.287652	0.526887	0.02815298
85000	-291.2356	-282.8875	-8.348118	1.114808	0.0396209	0.00221138	0.247468	0.7107	0.1338694
85200	-291.976	-282.0638	-9.91223	1.285055	0.0626703	0.0749944	0.172048	0.690287	0.1190119
85400	-294.3315	-279.5687	-14.76274	1.884262	0.0296965	0.0831786	0.325174	0.561951	0.01123457
85600	-294.137	-279.8109	-14.32613	1.751566	0.0172406	0.092505	0.0968907	0.793364	0.09835886
85800	-289.7794	-281.1486	-8.63088	1.27507	0.0352397	0.0466226	0.643794	0.274344	0.007710717
86000	-296.2123	-281.5206	-14.69171	1.790871	0.0682346	0.0307122	0.892371	0.0086826	0.09999454
86200	-290.156	-280.6347	-9.521314	1.306897	0.0237157	0.0586828	0.378461	0.53914	0.06311666
86400	-292.7496	-279.4505	-13.29908	1.403961	0.0169654	0.00156176	0.145737	0.835736	0.3305374
86600	-288.5376	-279.9582	-8.579414	1.237107	0.00493313	0.00752152	0.947395	0.0401505	0.03845448
86800	-289.7566	-280.2562	-9.500368	1.365424	0.00768549	0.144961	0.361507	0.485846	0.004403161
87000	-299.0185	-289.2731	-9.74541	1.256905	0.0035268	0.439497	0.534147	0.0228297	0.1283379
87200	-288.119	-278.9488	-9.170223	1.308853	0.00658362	0.00340462	0.577175	0.412837	0.02683508
87400	-295.6388	-285.9677	-9.671112	1.385768	0.140109	0.00091357	0.419143	0.439835	0.001320462
87600	-291.4698	-282.1197	-9.350101	1.283536	0.000624555	0.117875	0.798315	0.0831854	0.06780272
87800	-290.5968	-280.1248	-10.47203	1.393288	0.0755774	0.0228826	0.654562	0.246978	0.07029959
88000	-290.7766	-279.4298	-11.34675	1.540668	0.0217232	0.047538	0.525469	0.40527	0.01308985
88200	-296.4607	-289.345	-7.115728	1.099291	0.041279	0.141708	0.759468	0.0575452	0.03193246
88400	-291.5081	-279.0868	-12.42138	1.545757	0.00793233	0.157989	0.74828	0.0857986	0.1114966
88600	-298.9597	-291.1836	-7.776114	1.173174	0.112549	0.00563389	0.227806	0.654011	0.02461797
88800	-289.9803	-279.8526	-10.12768	1.360563	0.0172049	0.038196	0.559166	0.385433	0.06931878
89000	-291.3256	-281.3875	-9.938041	1.396446	0.0708702	0.107154	0.762486	0.0594894	0.0166768
89200	-291.3295	-282.6197	-8.709763	1.261112	0.0249255	0.0375945	0.0250862	0.912394	0.02929762
89400	-292.6352	-278.49	-14.14519	1.721263	0.0502866	0.0364006	0.252756	0.660557	0.1076162
89600	-297.4413	-284.8247	-12.61651	1.581267	0.266547	0.0850943	0.0761649	0.572194	0.09559704
89800	-294.5783	-282.1337	-12.44461	1.564707	0.11708	0.123405	0.432041	0.327474	0.09490436
90000	-291.1741	-278.4896	-12.68449	1.503574	0.000418474	0.0111825	0.619298	0.369101	0.1729775
90200	-292.3643	-284.2103	-8.153956	1.131602	0.0448738	0.0478078	0.339977	0.567341	0.09719367
90400	-291.8242	-281.2772	-10.54704	1.318145	0.0831289	0.0261117	0.260716	0.630043	0.1496888
90600	-289.6844	-282.6664	-7.017959	1.100766	0.000977369	0.020879	0.185948	0.792196	0.01967084
90800	-292.677	-278.9613	-13.71572	1.467177	0.0118703	0.0869943	0.613625	0.28751	0.3099695
91000	-290.0984	-281.6735	-8.424938	1.227612	0.0364995	0.0691742	0.0269126	0.867414	0.03316176
91200	-291.3164	-281.423	-9.89338	1.384203	0.0523077	0.0931793	0.0243777	0.830135	0.0240145
91400	-298.1689	-283.1068	-15.0621	1.67761	0.040681	0.312249	0.233912	0.413158	0.2412017
91600	-290.9639	-280.9599	-10.00394	1.417563	0.0267406	0.126443	0.759859	0.0869567	0.002729497
91800	-292.0323	-281.6093	-10.42298	1.440107	0.00371426	0.13735	0.37385	0.485085	0.02100321
92000	-293.78	-279.6754	-14.10459	1.819438	0.0582124	0.0550878	0.860522	0.0261777	0.01104527
92200	-288.7731	-279.6071	-9.165914	1.281745	0.0202469	0.022857	0.286558	0.670338	0.05222854
92400	-293.2989	-280.2198	-13.07907	1.464168	0.0117163	0.0815128	0.749388	0.157383	0.2547833
92600	-294.9161	-281.5648	-13.35137	1.479619	0.00174537	0.257225	0.522949	0.21808	0.2641616
92800	-291.447	-279.2409	-12.20607	1.608659	0.0489507	0.0576341	0.830008	0.0634067	0.03139519
93000	-290.1488	-278.5828	-11.56601	1.54088	0.0415726	0.0330704	0.21369	0.711667	0.03406111
93200	-289.4239	-278.4545	-10.96939	1.483073	0.0251323	0.0410781	0.27386	0.65993	0.03237686
93400	-291.0736	-278.5242	-12.54943	1.666804	0.0432011	0.0373828	0.0784337	0.840982	0.007956793
93600	-292.6853	-281.6257	-11.05958	1.47569	0.0860568	0.0864536	0.0209543	0.806535	0.04890862
93800	-300.2924	-285.8036	-14.48879	1.806315	0.0487198	0.76807	0.0776858	0.105524	0.05819458
94000	-293.5861	-284.3552	-9.230879	1.298122	0.0294975	0.0324723	0.486918	0.451112	0.04381635
94200	-293.6606	-281.8828	-11.77782	1.393927	0.0435776	0.116992	0.316978	0.522452	0.1992114
94400	-291.629	-278.3836	-13.24546	1.736852	0.0165973	0.0585977	0.16931	0.755495	0.00734832
94600	-292.6348	-279.0487	-13.5861	1.74299	0.0432325	0.0222487	0.83538	0.0991385	0.03345605
94800	-292.9519	-285.4695	-7.482382	1.066198	0.0064602	0.0851853	0.726948	0.181406	0.09644572
95000	-292.1358	-279.9482	-12.18757	1.632147	0.0700406	0.0188449	0.0186135	0.892501	0.006276278
95200	-292.9769	-284.3251	-8.651817	1.185576	0.0159936	0.0264135	0.734596	0.222997	0.09340555
95400	-295.0487	-288.0574	-6.991302	1.045994	0.0543379	0.0806816	0.0338218	0.831159	0.06814406
95600	-292.0353	-277.4942	-14.54107	1.846209	0.0231728	0.00475568	0.933622	0.0384497	0.02669426
95800	-293.7023	-278.5559	-15.14641	1.801188	0.00707139	0.0654595	0.658964	0.268505	0.1294244
96000	-289.3385	-278.6382	-10.70035	1.4777	0.0210269	0.00984634	0.103839	0.865287	0.01189987
96200	-293.7458	-281.6773	-12.06844	1.583098	0.128119	0.0378743	0.357919	0.476088	0.04090165
96400	-290.9213	-278.9709	-11.95041	1.569563	0.0556521	0.0297454	0.586174	0.328429	0.0430661
96600	-290.5053	-280.5109	-9.994413	1.396119	2.35351e-06	0.167181	0.0956974	0.73712	0.02253764
96800	-290.5059	-279.2627	-11.24319	1.465817	0.0283165	0.0468831	0.360121	0.564679	0.07605588
97000	-290.6282	-281.9872	-8.641	1.264372	0.0345117	0.0806417	0.802242	0.0826048	0.01904386
97200	-289.8898	-280.8034	-9.086439	1.268136	0.0199796	0.0726941	0.630994	0.276332	0.05763199
97400	-291.8404	-279.539	-12.30143	1.648262	0.029517	0.0440595	0.334582	0.591842	0.001744457
97600	-295.0278	-281.0266	-14.00115	1.766485	0.044741	0.0218075	0.735889	0.197563	0.05384574
97800	-291.4453	-280.8487	-10.59658	1.419942	0.00819296	0.128566	0.148195	0.715046	0.05756634
98000	-296.9583	-282.7526	-14.20571	1.838542	0.055373	0.408293	0.447757	0.0885768	0.001908217
98200	-290.9264	-280.4334	-10.49296	1.446993	0.00883076	0.198611	0.354831	0.437727	0.02118043
98400	-293.1823	-281.5995	-11.58277	1.486708	0.118447	0.0869278	0.138694	0.655931	0.08755993
98600	-294.2174	-286.1781	-8.039254	1.186766	0.0454868	0.0439315	0.375476	0.535106	0.03414397
98800	-289.5925	-279.7166	-9.875829	1.287531	0.00412729	0.0359972	0.226447	0.733429	0.1151903
99000	-290.7348	-280.6938	-10.04108	1.33857	0.0141901	0.0447044	0.366046	0.57506	0.08335399
99200	-288.8692	-280.1576	-8.711561	1.237012	0.00583704	0.0544739	0.00444617	0.935243	0.05127527
99400	-291.2081	-278.0912	-13.11695	1.587644	0.01125	0.0661572	0.334093	0.5885	0.1383059
99600	-291.4801	-279.8484	-11.63168	1.345651	0.0138248	0.0479644	0.34015	0.598061	0.2278623
99800	-293.4172	-278.352	-15.06523	1.822983	0.0397534	0.0125397	0.201605	0.746102	0.1008618
100000	-290.6009	-280.9817	-9.619238	1.360247	0.0283088	0.0943382	0.57651	0.300843	0.02085894
100200	-291.0153	-278.4924	-12.52292	1.606195	0.0222282	0.0897749	0.72785	0.160147	0.06375541
100400	-292.1905	-278.5082	-13.68235	1.773279	0.0437887	0.0307074	0.481894	0.44361	0.01451224
100600	-295.4053	-278.2714	-17.13392	1.995877	0.00875323	0.0456036	0.649977	0.295666	0.136559
100800	-291.4771	-280.5765	-10.90057	1.485438	0.0221168	0.146528	0.14334	0.688015	0.0239733
101000	-294.3696	-279.7231	-14.64648	1.840359	0.0899318	0.116542	0.112322	0.681205	0.04337804
101200	-290.1505	-277.8716	-12.27887	1.603878	0.0145324	0.0259213	0.741814	0.217732	0.04205968
101400	-295.1002	-278.4949	-16.60522	1.989838	0.0527484	0.0274833	0.918831	0.00093762	0.08847441
101600	-289.5426	-278.7322	-10.81037	1.370796	0.00997188	0.00293202	0.608679	0.378417	0.1245649
101800	-292.8679	-282.7397	-10.1282	1.186843	0.0114182	0.0336591	0.227787	0.727136	0.2395128
102000	-289.8244	-278.6549	-11.16957	1.501658	0.015159	0.0915395	0.454213	0.439089	0.03375703
102200	-289.9073	-279.5675	-10.33978	1.299539	0.00121782	0.0677661	0.156304	0.774712	0.1475363
102400	-292.7568	-282.1706	-10.58613	1.368467	0.0996147	0.00601321	0.120539	0.773833	0.1029285
102600	-291.8455	-280.952	-10.89347	1.389244	0.000907882	0.2207	0.139947	0.638446	0.115061
102800	-295.8781	-282.3823	-13.49581	1.702118	0.0295286	0.153939	0.118841	0.697692	0.06262338
103000	-295.258	-284.4856	-10.7724	1.236522	0.0329713	0.0489883	0.0149854	0.903055	0.2408562
103200	-291.9554	-279.8178	-12.13757	1.584178	0.015742	0.139097	0.0651502	0.780011	0.04649852
103400	-291.0621	-279.9242	-11.13795	1.374723	0.0181828	0.10089	0.814267	0.0666605	0.1516859
103600	-289.6287	-278.6998	-10.92888	1.477871	0.0159025	0.0560738	0.234316	0.693708	0.03317363
103800	-289.6755	-279.7382	-9.93729	1.379209	0.00573382	0.102499	0.440114	0.451653	0.03246741
104000	-293.3479	-278.6323	-14.71561	1.612603	0.0157698	0.0939025	0.857605	0.0327223	0.271602
104200	-295.2637	-282.086	-13.17772	1.642295	0.00933878	0.103351	0.10318	0.784131	0.08892394
104400	-289.191	-279.7586	-9.432425	1.313089	0.0281093	0.0204508	0.0270092	0.924431	0.04799147
104600	-291.2246	-281.1871	-10.03752	1.422699	0.084782	0.0363534	0.0890403	0.789824	0.001001194
104800	-288.9919	-280.7236	-8.268303	1.229888	0.00524261	0.0349668	0.95954	0.000250371	0.01634733
105000	-293.0153	-280.5095	-12.50576	1.622496	0.0622712	0.110993	0.221426	0.605309	0.04615511
105200	-294.2634	-278.1963	-16.06713	1.685394	0.0167684	0.00226555	0.364082	0.616884	0.3283877
105400	-291.8701	-280.0676	-11.80249	1.444445	0.0344336	0.0256388	0.0869172	0.85301	0.1499336
105600	-290.9514	-279.2893	-11.66213	1.508113	0.0458718	0.0384366	0.724674	0.191017	0.0740331
105800	-291.8644	-277.7116	-14.15276	1.533755	6.03236e-05	0.0513158	0.294982	0.653641	0.2865302
106000	-293.3174	-284.0813	-9.236155	1.328662	0.141264	0.03389	0.283133	0.541713	0.01458441
106200	-291.9426	-281.903	-10.0396	1.225016	0.0514222	0.0583853	0.00177112	0.888421	0.1888861
106400	-292.6947	-283.6592	-9.035554	1.089905	0.00564436	0.0617926	0.708637	0.223926	0.2205205
106600	-291.2482	-282.497	-8.751193	1.150359	0.0475313	0.00234748	0.142036	0.808085	0.1376452
106800	-293.96	-279.7905	-14.16944	1.340826	0.0163368	0.0592467	0.713427	0.21099	0.4770587
107000	-294.3108	-279.9585	-14.3523	1.746914	0.00719189	0.276911	0.518024	0.197872	0.1060141
107200	-289.9095	-280.2582	-9.651318	1.322468	0.0545453	0.0144064	0.623824	0.307224	0.05973487
107400	-292.425	-283.1489	-9.276119	1.15499	0.0428802	0.0375198	0.376819	0.542781	0.1835245
107600	-293.4137	-282.1785	-11.23522	1.523888	0.007498	0.13309	0.487244	0.372168	0.01912339
107800	-291.8934	-283.1156	-8.777763	1.244945	0.00620666	0.0537828	0.30844	0.631571	0.0518371
108000	-294.2966	-280.1494	-14.14726	1.830092	0.0194062	0.251007	0.492368	0.237219	0.004539405
108200	-296.4748	-281.3365	-15.13831	1.672924	0.00338241	0.275554	0.622349	0.0987148	0.2448799
108400	-291.7469	-281.0532	-10.69368	1.453194	0.0320306	0.0790582	0.717794	0.171117	0.0350363
108600	-290.8575	-281.8543	-9.003128	1.314125	0.0859119	0.00283629	0.284116	0.627136	0.005898264
108800	-290.5862	-280.0952	-10.49102	1.451068	0.00138511	0.0113175	0.409822	0.577475	0.01722464
109000	-290.1479	-281.4065	-8.741434	1.28575	0.00742927	0.0910884	0.016075	0.885407	0.008043561
109200	-293.2341	-279.9793	-13.25477	1.615921	0.0593712	0.0634281	0.00443193	0.872769	0.124748
109400	-294.2283	-280.3717	-13.8566	1.732232	0.0282183	0.0933877	0.634331	0.244063	0.07152123
109600	-291.2822	-280.714	-10.56822	1.476191	0.0115906	0.255104	0.701081	0.0322241	0.0005735628
109800	-290.1384	-281.2523	-8.886117	1.282026	0.0227064	0.109382	0.489322	0.37859	0.02538003
110000	-293.1846	-281.5364	-11.64815	1.41814	0.0464802	0.0674247	0.335032	0.551063	0.1613541
110200	-296.5328	-280.2099	-16.32293	1.895344	0.0201186	0.232945	0.651431	0.0955053	0.1486006
110400	-293.8261	-280.9355	-12.89059	1.684137	0.0919752	0.0063338	0.332236	0.569455	0.0242104
110600	-293.7726	-280.3789	-13.39371	1.611554	0.0142239	0.272713	0.337938	0.375125	0.1410511
110800	-290.7936	-280.1022	-10.69138	1.441125	0.00433644	0.0151552	0.939069	0.0414389	0.04674605
111000	-293.1541	-282.3701	-10.78399	1.422624	0.150647	0.0440182	0.304392	0.500943	0.07204781
111200	-291.9152	-281.5646	-10.35057	1.427848	0.00865733	0.0481789	0.390466	0.552698	0.02527826
111400	-293.1847	-284.5152	-8.669497	1.070804	0.000950515	0.0742131	0.72142	0.203417	0.2046761
111600	-296.4942	-281.1201	-15.37403	1.762583	0.0620186	0.15314	0.535297	0.249544	0.1955999
111800	-295.2531	-280.5132	-14.73996	1.470113	0.047996	0.0224576	0.160946	0.7686	0.4007899
112000	-291.5628	-280.1432	-11.41964	1.483048	0.00176709	0.112057	0.811939	0.0742368	0.07664842
112200	-293.3165	-284.9001	-8.416374	1.205981	0.0259059	0.029257	0.666138	0.278699	0.0515632
112400	-295.6323	-283.3455	-12.2868	1.189077	0.0183297	0.00669813	0.255833	0.719139	0.435101
112600	-293.2588	-286.5569	-6.701969	1.032772	0.00643967	0.00401516	0.394818	0.594727	0.05619469
112800	-296.2724	-284.7392	-11.5332	1.192674	0.072973	0.161532	0.0075023	0.757992	0.3610274
113000	-290.7595	-280.1998	-10.55972	1.388595	0.0368864	0.101087	0.668995	0.193032	0.08315681
113200	-288.6526	-278.9774	-9.675141	1.289945	0.00945223	0.0097149	0.4671	0.513733	0.09283371
113400	-299.1091	-282.2722	-16.8369	2.067162	0.0236044	0.167572	0.489995	0.318828	0.0338845
113600	-289.5824	-279.855	-9.727394	1.376979	0.00272521	0.038705	0.102855	0.855714	0.01477885
113800	-291.1064	-279.7919	-11.3145	1.544134	0.000306706	0.184091	0.484509	0.331093	0.007045328
114000	-293.5312	-280.2378	-13.29338	1.607691	0.060974	0.014536	0.28992	0.63457	0.137352
114200	-292.2105	-279.0305	-13.18002	1.65737	0.075672	0.033138	0.481813	0.409377	0.07767686
114400	-290.0825	-280.8369	-9.245656	1.31844	0.0177656	0.0764749	0.244604	0.661155	0.02507959
114600	-293.9176	-282.0977	-11.81995	1.554272	0.0462962	0.167475	0.417242	0.368986	0.04615012
114800	-289.975	-280.6871	-9.287921	1.340622	0.0432796	0.0345996	0.717773	0.204348	0.007882672
115000	-290.14	-281.0902	-9.049731	1.314535	0.00208163	0.0356026	0.313436	0.64888	0.00978916
115200	-300.7936	-280.4209	-20.37266	2.015592	0.028934	0.189181	0.552657	0.229228	0.4203281
115400	-289.9155	-280.4786	-9.436858	1.305159	0.0143573	0.0916485	0.65946	0.234535	0.05519819
115600	-288.1205	-278.2918	-9.828698	1.376265	0.00416896	0.0268655	0.875466	0.0934995	0.02537907
115800	-290.0284	-278.8716	-11.15678	1.425586	0.00269712	0.0308358	0.877862	0.0886054	0.1071761
116000	-292.5799	-282.7492	-9.83065	1.312323	0.115493	0.0517802	0.758698	0.0740297	0.08630546
116200	-292.9022	-280.1477	-12.75455	1.379561	0.00588565	0.135502	0.340601	0.518011	0.2993483
116400	-290.2518	-279.3446	-10.90724	1.445889	0.00977063	0.0286909	0.457012	0.504527	0.06145573
116600	-291.8008	-282.0731	-9.727753	1.347821	0.0253461	0.0287827	0.386878	0.558994	0.04224696
116800	-290.5839	-279.4516	-11.13231	1.479136	0.0045847	0.0892628	0.531942	0.37421	0.05290555
117000	-289.3445	-279.7398	-9.604732	1.332677	0.000773241	0.0520569	0.908271	0.0388984	0.0463144
117200	-294.6278	-283.3644	-11.26338	1.490074	0.0393978	0.0254523	0.398556	0.536593	0.05447108
117400	-289.6563	-280.2697	-9.38658	1.347409	0.0178814	0.0263903	0.88537	0.070358	0.01066205
117600	-294.3344	-286.4849	-7.849449	1.075126	0.0159865	0.0663218	0.640596	0.277095	0.1247783
117800	-291.5245	-281.1983	-10.32623	1.445269	0.0470254	0.118894	0.488882	0.345199	0.0070221
118000	-292.6355	-282.7239	-9.911632	1.173315	0.0277537	0.0539409	0.895695	0.0226107	0.2254076
118200	-289.483	-278.824	-10.65899	1.360969	0.000557841	0.0513616	0.423734	0.524347	0.1191175
118400	-293.5156	-283.8293	-9.686323	1.248009	0.0150274	0.0903629	0.606404	0.288206	0.1359844
118600	-291.314	-278.6053	-12.70872	1.505128	0.0258667	0.0132112	0.581779	0.379143	0.1746332
118800	-289.8571	-279.3277	-10.52946	1.439167	0.01322	0.0829498	0.454775	0.449055	0.0321405
119000	-295.2359	-286.8979	-8.33804	1.074666	0.0188378	0.222285	0.147137	0.61174	0.1694733
119200	-293.8505	-285.9977	-7.852772	1.182574	0.0868847	0.100285	0.640864	0.171966	0.0213736
119400	-297.1901	-281.964	-15.22614	1.81937	0.0327855	0.0253986	0.861369	0.0804472	0.1221059
119600	-289.91	-280.2262	-9.683805	1.289684	0.000927594	0.0617994	0.409	0.528273	0.0949434
119800	-290.5103	-280.8228	-9.687533	1.261118	0.000343143	0.0538918	0.133613	0.812153	0.1231001
120000	-290.1055	-279.5993	-10.50626	1.4654	0.00576599	0.0610367	0.539955	0.393243	0.004991778
120200	-288.7782	-279.407	-9.371182	1.34759	0.0240301	0.0406824	0.472741	0.462546	0.00908747
120400	-291.3542	-280.8908	-10.46339	1.370265	0.0683553	0.0351394	0.165015	0.73149	0.09172181
120600	-291.584	-278.7421	-12.84191	1.580451	0.0229436	0.02192	0.108503	0.846634	0.1221295
120800	-290.8294	-280.9354	-9.894027	1.39797	0.0309547	0.108773	0.116995	0.743278	0.01094805
121000	-293.9268	-287.1775	-6.749351	0.9707332	0.0143337	0.00531684	0.566231	0.414118	0.1185396
121200	-289.6389	-281.0667	-8.572139	1.194046	0.00684006	0.0475945	0.894499	0.0510663	0.07848397
121400	-289.2287	-278.7863	-10.44233	1.37198	0.00546454	0.00889051	0.723944	0.261701	0.08915087
121600	-290.3527	-280.5155	-9.837161	1.236351	0.00836977	0.0762259	0.566512	0.348892	0.1585469
121800	-298.2106	-285.4533	-12.75726	1.365505	0.0973487	0.19986	0.49134	0.211451	0.3178252
122000	-290.3258	-279.5899	-10.73594	1.372776	0.0109607	0.100987	0.875079	0.012974	0.1142807
122200	-293.4576	-279.3144	-14.1432	1.79711	0.1135	0.0172839	0.535031	0.334185	0.0363729
122400	-291.7011	-280.0839	-11.61718	1.506785	0.0191335	0.121902	0.00407668	0.854888	0.07368611
122600	-293.5423	-284.7437	-8.798635	1.017758	0.0104004	0.0381659	0.248232	0.703202	0.2678452
122800	-291.0176	-279.318	-11.6996	1.519069	0.0235261	0.0141131	0.759193	0.203168	0.06685746
123000	-292.9277	-280.7751	-12.15258	1.602374	0.0470643	0.0545203	0.617901	0.280514	0.03129046
123200	-294.6575	-284.3837	-10.27387	1.145675	0.0450738	0.132418	0.42728	0.395228	0.2869623
123400	-292.0566	-280.3866	-11.67002	1.468616	0.0508833	0.0444895	0.127585	0.777043	0.113562
123600	-292.8323	-278.936	-13.89635	1.804823	0.073111	0.0298675	0.592098	0.304923	0.0046357
123800	-289.4722	-280.3602	-9.112019	1.327649	0.0130907	0.0100605	0.783953	0.192896	0.00339197
124000	-291.9464	-282.1283	-9.818135	1.400228	0.0208873	0.14536	0.211178	0.622574	0.001498208
124200	-290.1166	-279.4678	-10.6488	1.245131	0.000456545	0.00429487	0.216602	0.778646	0.2294749
124400	-300.6212	-286.4137	-14.20746	1.415309	0.0579628	0.282305	0.245579	0.414153	0.3892141
124600	-291.8938	-283.6988	-8.194975	1.181543	0.0468733	0.0853517	0.632533	0.235242	0.05528957
124800	-292.3775	-282.4106	-9.966877	1.305842	0.110588	0.0370319	0.326004	0.526376	0.1054597
125000	-292.2346	-278.6755	-13.5591	1.677042	0.00981836	0.0439732	0.351671	0.594537	0.09729626
125200	-294.2714	-284.0337	-10.23776	1.264128	0.123546	0.0465027	0.427868	0.402084	0.1717861
125400	-293.4257	-283.2014	-10.22436	1.271471	0.00658502	0.0682692	0.264633	0.660513	0.1656259
125600	-295.8701	-279.8366	-16.03342	1.91797	0.0450046	0.0951817	0.79764	0.0621736	0.09967674
125800	-289.9296	-279.4457	-10.48398	1.459415	0.00347379	0.0899192	0.223497	0.68311	0.008647142
126000	-298.3804	-280.9515	-17.42896	1.649356	0.0433718	0.0642025	0.317038	0.575388	0.4937256
126200	-289.9543	-282.4234	-7.53083	1.155606	0.0144804	0.0055837	0.837339	0.142597	0.01673516
126400	-291.2305	-281.4156	-9.814881	1.395594	0.0346183	0.180293	0.552103	0.232986	0.005665572
126600	-293.1788	-278.3293	-14.84948	1.586283	0.0268714	0.0651664	0.816431	0.0915308	0.3052748
126800	-289.5908	-279.2841	-10.30673	1.344554	0.00883763	0.0656803	0.263292	0.66219	0.1012414
127000	-295.4496	-281.691	-13.75858	1.735273	0.147119	0.149796	0.576864	0.126221	0.06009411
127200	-290.9117	-280.3934	-10.51826	1.365114	0.0155339	0.0230606	0.0823026	0.879103	0.1027726
127400	-290.0776	-280.3524	-9.725216	1.337275	0.022942	0.0817252	0.699741	0.195591	0.05326128
127600	-290.8694	-279.7611	-11.1083	1.442827	0.0271003	0.0578805	0.175578	0.739441	0.08518985
127800	-289.6115	-277.4149	-12.19658	1.552557	0.00295822	0.00299429	0.533037	0.461011	0.08424806
128000	-289.6446	-279.2088	-10.43574	1.331665	0.0173117	0.000676871	0.263806	0.718205	0.1254272
128200	-292.0428	-278.3632	-13.6796	1.758395	0.0384385	0.046927	0.518605	0.39603	0.02850335
128400	-289.8015	-280.2945	-9.506983	1.347071	0.0180325	0.0997436	0.719233	0.162991	0.02238873
128600	-292.2489	-278.1732	-14.07574	1.600035	0.012856	0.0464907	0.231811	0.708842	0.2190292
128800	-298.3463	-281.2388	-17.10744	1.980526	0.0250376	0.242064	0.176099	0.5568	0.1475173
129000	-289.9727	-280.2287	-9.743953	1.282489	0.00151845	0.0444526	0.211937	0.742092	0.1056797
129200	-291.5043	-278.9621	-12.54212	1.665401	0.0175279	0.0914945	0.450536	0.440442	0.008676412
129400	-295.4489	-285.9055	-9.54341	1.293067	0.037421	0.0279703	0.781906	0.152702	0.07571159
129600	-291.792	-280.2682	-11.52378	1.363113	0.00764909	0.0914478	0.581974	0.318929	0.2015873
129800	-294.3203	-283.305	-11.01536	1.351478	0.00565693	0.215943	0.224795	0.553604	0.1663363
130000	-291.2649	-280.7586	-10.50627	1.41355	0.0421524	0.154495	0.740719	0.0626334	0.05431452
130200	-296.8821	-286.0913	-10.79075	1.330354	0.154448	0.199624	0.635475	0.0104523	0.1627134
130400	-295.3979	-289.1201	-6.277788	0.9906707	0.0159338	0.0537402	0.13295	0.797376	0.05284134
130600	-290.6325	-280.1447	-10.48772	1.413359	0.00866836	0.0189811	0.778466	0.193885	0.05315601
130800	-289.4178	-277.6564	-11.76134	1.583963	0.00803922	0.0221681	0.0203329	0.94946	0.01164608
131000	-297.4195	-281.2685	-16.15098	1.581422	0.0755584	0.139482	0.750001	0.0349588	0.4324585
131200	-293.4729	-279.4313	-14.04156	1.619845	0.00907476	0.0687287	0.600582	0.321614	0.2026289
131400	-294.8587	-285.5448	-9.313914	1.178887	0.0995951	0.106663	0.42106	0.372682	0.1655956
131600	-291.7757	-283.625	-8.15067	1.14008	0.0431834	0.0267836	0.13795	0.792083	0.08927906
131800	-291.1326	-279.3003	-11.83238	1.45754	0.0158987	0.0587467	0.780522	0.144833	0.1409524
132000	-290.1002	-279.6338	-10.46637	1.375801	0.0304129	0.0148793	0.105137	0.849571	0.08717241
132200	-297.0099	-286.4595	-10.55032	1.20072	0.0964873	0.0653174	0.0353424	0.802853	0.256165
132400	-294.0305	-280.9015	-13.12907	1.719098	0.114387	0.00903743	0.524595	0.351981	0.01309539
132600	-290.1847	-279.6076	-10.57715	1.404108	0.00620525	0.06086	0.186978	0.745956	0.07102591
132800	-291.8424	-279.2908	-12.55155	1.620368	0.00408036	0.00611349	0.253461	0.736345	0.0530673
133000	-294.6127	-283.5837	-11.02904	1.50322	0.0889171	0.192558	0.471507	0.247018	0.01921525
133200	-295.9174	-279.6926	-16.22476	1.929811	0.0151195	0.0945471	0.0520892	0.838244	0.1119677
133400	-289.8735	-279.3488	-10.52471	1.453894	0.014398	0.0784148	0.893535	0.0136524	0.0174459
133600	-289.7314	-279.6678	-10.06358	1.39421	0.000954093	0.0328313	0.429761	0.536454	0.03033716
133800	-291.88	-278.2128	-13.66722	1.500939	0.00606733	0.000652626	0.326051	0.667229	0.2682028
134000	-291.4038	-280.4151	-10.9887	1.437904	0.020273	0.0876498	0.32056	0.571517	0.07725535
134200	-292.3247	-279.1896	-13.13513	1.653459	0.0155851	0.0205505	0.0830967	0.880768	0.07554846
134400	-297.593	-288.7852	-8.807835	1.223187	0.0484507	0.0933682	0.393112	0.465069	0.0715443
134600	-294.305	-279.1347	-15.17025	1.568415	0.0611552	0.038324	0.214823	0.685698	0.3564907
134800	-289.6369	-281.0208	-8.616088	1.233661	0.0275609	0.00454028	0.238038	0.729861	0.04603237
135000	-294.2646	-283.6468	-10.61782	1.465551	0.00416342	0.0950921	0.124152	0.776592	0.01510504
135200	-287.8525	-278.2078	-9.644655	1.364888	0.000325281	0.0102021	0.187416	0.802057	0.01875171
135400	-292.5993	-279.4072	-13.19207	1.504807	0.0223503	0.0223417	0.550448	0.40486	0.2314152
135600	-291.5852	-281.1319	-10.45334	1.453418	0.0316345	0.142558	0.672207	0.1536	0.01143844
135800	-289.8295	-279.6024	-10.22717	1.399137	0.00685073	0.0842657	0.300021	0.608862	0.04203561
136000	-292.06	-281.0973	-10.96274	1.445325	0.038072	0.0262093	0.0849944	0.850724	0.0693807
136200	-290.5788	-279.7993	-10.77946	1.350903	0.0533514	0.0111591	0.743954	0.191535	0.1406149
136400	-289.7625	-278.6016	-11.16089	1.474031	0.0190375	0.00663923	0.865817	0.108506	0.05969088
136600	-294.2851	-281.0649	-13.22027	1.64358	0.014111	0.0138682	0.885504	0.0865169	0.08963042
136800	-295.6506	-279.1471	-16.50343	1.983936	0.00531832	0.0116624	0.230868	0.752151	0.08184127
137000	-292.5423	-282.1766	-10.3657	1.441968	0.000806241	0.161768	0.2256	0.611825	0.01436305
137200	-295.0523	-283.833	-11.21928	1.217123	0.0516392	0.155608	0.0459667	0.746786	0.3111058
137400	-292.1389	-280.9047	-11.23422	1.381123	0.00182283	0.133161	0.31055	0.554466	0.159063
137600	-292.3097	-280.9512	-11.35854	1.524755	0.0322676	0.128991	0.264497	0.574244	0.02989723
137800	-294.9658	-288.2129	-6.752956	1.088762	0.100251	0.116232	0.131938	0.651579	0.006287649
138000	-294.1012	-285.0578	-9.04337	1.295659	0.0664142	0.282554	0.136709	0.514323	0.02746921
138200	-290.6157	-280.4225	-10.19317	1.309717	0.022413	0.0437241	0.0700868	0.863776	0.1223788
138400	-291.9043	-278.006	-13.89823	1.80471	0.00384888	0.0873729	0.67501	0.233768	0.004925481
138600	-289.4823	-279.423	-10.05934	1.307934	5.35686e-05	0.0626106	0.00342851	0.933907	0.1117727
138800	-289.9614	-282.2373	-7.724058	1.160572	0.0122109	0.0112542	0.306911	0.669624	0.03068211
139000	-297.5767	-286.2861	-11.2906	1.468119	0.0448948	0.0862698	0.477127	0.391709	0.07783504
139200	-291.1112	-279.8461	-11.26512	1.485705	0.0146349	0.0787583	0.530289	0.376318	0.05855326
139400	-290.2153	-279.2223	-10.99299	1.4524	0.0259438	0.0832323	0.717562	0.173262	0.06329622
139600	-292.2692	-279.1344	-13.13481	1.721579	0.0353647	0.0515246	0.835355	0.0777556	0.01150277
139800	-291.1684	-280.3288	-10.83954	1.391835	0.00502556	0.192194	0.0405342	0.762247	0.106422
140000	-292.1327	-279.8419	-12.29087	1.591144	0.0649281	0.0870852	0.135902	0.712085	0.05631911
140200	-292.7513	-285.8621	-6.889198	1.01377	0.00666784	0.0200029	0.394283	0.579046	0.09058995
140400	-296.1073	-278.8878	-17.21941	2.062874	0.0287376	0.063224	0.458148	0.449891	0.07633294
140600	-292.8555	-284.3611	-8.494324	1.239956	0.0388256	0.219599	0.0782034	0.663372	0.02836303
140800	-290.5585	-281.7939	-8.764564	1.246199	0.040475	0.0188794	0.0315205	0.909125	0.04762924
141000	-289.172	-277.9383	-11.2337	1.51066	0.0251597	0.00615993	0.852671	0.116009	0.03114545
141200	-291.7579	-285.6774	-6.080493	1.007952	0.0157124	0.0546477	0.123213	0.806427	0.01918316
141400	-292.0756	-280.4306	-11.64504	1.460056	6.08544e-05	0.0797772	0.670424	0.249738	0.1181479
141600	-295.9687	-280.1316	-15.83708	1.605242	0.00324121	0.0405074	0.202446	0.753806	0.3743342
141800	-292.9103	-280.5198	-12.39054	1.509223	0.062872	0.0806648	0.634629	0.221834	0.1472208
142000	-295.0186	-283.2581	-11.76056	1.316542	0.0806498	0.0606843	0.767836	0.09083	0.2657103
142200	-289.2903	-277.9878	-11.30255	1.548553	0.00586977	0.0342765	0.560238	0.399615	0.001579396
142400	-291.3026	-280.3777	-10.92495	1.398123	0.00514125	0.0233466	0.725913	0.245599	0.1107366
142600	-292.6623	-281.5955	-11.06679	1.524426	0.128237	0.0991158	0.296025	0.476622	0.002132622
142800	-292.9868	-282.1531	-10.83368	1.432087	0.0203411	0.042433	0.458054	0.479171	0.06875667
143000	-291.1431	-278.9778	-12.16529	1.609587	0.00101336	0.190083	0.0738804	0.735023	0.02565583
143200	-292.3943	-279.1831	-13.21118	1.695773	0.0421056	0.0871142	0.142315	0.728465	0.04308493
143400	-288.8753	-278.6339	-10.24139	1.420388	0.0186883	0.0222643	0.463562	0.495486	0.02275531
143600	-295.2315	-281.8941	-13.33742	1.687273	0.011737	0.230717	0.169473	0.588073	0.06483469
143800	-291.4836	-281.6534	-9.830232	1.319481	0.0255325	0.10902	0.454365	0.411083	0.08110458
144000	-293.0418	-282.1351	-10.90668	1.32792	0.0407685	0.198829	0.518582	0.24182	0.1731971
144200	-290.3542	-280.5437	-9.810544	1.394315	0.0126191	0.105937	0.454907	0.426538	0.006376319
144400	-289.4119	-280.0033	-9.408549	1.285967	0.0126515	0.0502062	0.293667	0.643475	0.07174007
144600	-290.0774	-281.9445	-8.132871	1.201429	0.0214941	0.0143761	0.574848	0.389281	0.03016292
144800	-291.7178	-282.0505	-9.667314	1.372214	0.0609269	0.115079	0.82033	0.00366411	0.01416859
145000	-289.7922	-278.4421	-11.35002	1.463229	0.0109049	0.0531668	0.0128295	0.923099	0.0883001
145200	-290.5779	-278.7788	-11.79905	1.519781	0.0493205	0.0194951	0.354826	0.576358	0.07702449
145400	-293.3685	-280.2341	-13.13444	1.502491	0.0572112	0.00910693	0.726661	0.207021	0.2165571
145600	-290.496	-281.1291	-9.366979	1.34789	0.0298867	0.132213	0.614134	0.223766	0.008295852
145800	-293.0268	-283.1363	-9.890449	1.387717	0.128874	0.0742007	0.453204	0.343721	0.02074944
146000	-293.4529	-279.4769	-13.97609	1.638988	0.0453981	0.0355668	0.151315	0.76772	0.1716187
146200	-294.9951	-287.0454	-7.949632	1.062321	0.00384836	0.103472	0.322419	0.570261	0.1406446
146400	-289.341	-280.6385	-8.702501	1.218661	0.0281767	0.0133536	0.0697887	0.888681	0.06832088
146600	-294.4039	-281.2479	-13.15604	1.404052	0.0651619	0.0431888	0.0936774	0.797972	0.3209621
146800	-291.461	-278.9503	-12.5107	1.559936	0.00419301	0.0872093	0.618318	0.29028	0.1077213
147000	-293.5746	-281.156	-12.41866	1.305099	0.0333418	0.0489041	0.791026	0.126729	0.3358634
147200	-292.0355	-280.5464	-11.48908	1.517741	0.0580675	0.0577607	0.774447	0.109725	0.04941641
147400	-291.8603	-280.4674	-11.3929	1.412683	0.042103	0.0820515	0.399567	0.476278	0.1375365
147600	-291.8436	-281.31	-10.53361	1.3084	0.0023343	0.121042	0.103159	0.773465	0.1586416
147800	-291.3215	-279.0575	-12.26405	1.626945	0.0239459	0.0818201	0.114372	0.779862	0.01867283
148000	-292.2794	-282.4099	-9.86956	1.369223	0.0552755	0.104147	0.263477	0.577101	0.03616517
148200	-289.5257	-279.3451	-10.18057	1.427841	0.0260374	0.00427172	0.684666	0.285025	0.009669931
148400	-292.3693	-280.7493	-11.62001	1.307671	0.000977691	0.0356399	0.125759	0.837623	0.2649671
148600	-293.1819	-281.5864	-11.5955	1.408317	0.0950068	0.0942671	0.194128	0.616598	0.1634532
148800	-289.1641	-279.5752	-9.588871	1.360056	0.0272866	0.0133595	0.927047	0.0323068	0.01768242
149000	-293.1219	-280.0737	-13.04828	1.536895	0.0487217	0.0170144	0.366526	0.567738	0.1811585
149200	-294.6943	-278.3346	-16.35962	1.877019	0.00427718	0.0557852	0.254441	0.685496	0.1726994
149400	-294.9259	-281.1295	-13.79636	1.74823	0.200423	0.0197875	0.550351	0.229438	0.05034262
149600	-290.8598	-280.7024	-10.1574	1.320092	0.0117978	0.0997562	0.360081	0.528365	0.1097823
149800	-292.4575	-281.21	-11.24758	1.512532	0.0568374	0.0251953	0.49446	0.423507	0.0306901
150000	-291.5804	-283.19	-8.390393	1.233997	0.0044957	0.152689	0.658322	0.184494	0.02391005
150200	-292.4247	-282.9932	-9.431522	1.303093	0.0201321	0.176015	0.318277	0.485576	0.05879224
150400	-290.4797	-280.8924	-9.587226	1.219196	0.0201068	0.0031419	0.365461	0.61129	0.1539806
150600	-292.3163	-284.3711	-7.945195	1.182921	0.0105123	0.230623	0.40046	0.358405	0.03031208
150800	-289.3533	-277.9287	-11.42463	1.520393	0.00392997	0.0591313	0.444126	0.492812	0.04003206
151000	-291.5489	-281.5554	-9.993457	1.40049	0.0391596	0.0812768	0.674341	0.205223	0.01763392
151200	-289.2991	-281.0598	-8.239219	1.207979	0.0188863	0.0244484	0.560001	0.396664	0.03453276
151400	-291.7282	-278.4914	-13.2368	1.491263	0.0225595	0.0217585	0.844747	0.110935	0.2389118
151600	-291.6897	-278.7146	-12.9751	1.708474	0.00600547	0.00723549	0.830952	0.155807	0.008533164
151800	-292.9954	-282.4409	-10.55454	1.442779	0.0548946	0.176939	0.0891776	0.678988	0.03048992
152000	-289.9701	-278.946	-11.02405	1.490075	0.0314284	0.0792176	0.413717	0.475637	0.0307953
152200	-290.016	-279.1849	-10.83114	1.499205	0.0257679	0.0422802	0.420867	0.511085	0.003742684
152400	-290.1735	-279.7491	-10.42441	1.329607	0.0204986	0.00184541	0.959332	0.0183236	0.1273217
152600	-292.4389	-283.8322	-8.606731	1.253	0.0379275	0.200981	0.0315286	0.729563	0.02600327
152800	-293.3943	-280.5965	-12.79783	1.502249	0.0500381	0.1356	0.753457	0.0609051	0.1918355
153000	-292.3912	-278.729	-13.66216	1.730257	0.0247666	0.109656	0.719124	0.146454	0.05470471
153200	-290.7486	-278.9193	-11.82932	1.421633	0.00745492	0.0292453	0.283969	0.679331	0.171028
153400	-290.9907	-278.5446	-12.44606	1.39656	0.00178121	0.00297847	0.538261	0.45698	0.2554869
153600	-292.0135	-278.9596	-13.05391	1.708124	0.0800574	0.00942803	0.125271	0.785243	0.01660415
153800	-294.6013	-280.495	-14.10622	1.807744	0.017432	0.139465	0.122365	0.720738	0.02220221
154000	-292.9145	-279.3339	-13.58058	1.510321	0.0464133	0.0342968	0.111948	0.807342	0.2608623
154200	-292.1705	-280.6208	-11.54968	1.453659	0.0185045	0.0717406	0.0288933	0.880862	0.1190456
154400	-294.1829	-279.1461	-15.03685	1.545867	0.00940287	0.0787652	0.534512	0.37732	0.3714212
154600	-291.0949	-279.0303	-12.0646	1.408412	0.000854181	0.0715851	0.913667	0.0138941	0.2109903
154800	-291.9676	-278.643	-13.32456	1.575225	0.0205613	0.0346612	0.160692	0.784086	0.1718207
155000	-291.6803	-278.4213	-13.25898	1.565394	0.041956	0.0175645	0.890983	0.049496	0.1737512
155200	-290.8868	-281.4599	-9.426905	1.270509	0.00282246	0.0865241	0.760802	0.149852	0.0874503
155400	-294.0335	-286.0905	-7.942995	1.191345	0.0216722	0.17053	0.644775	0.163023	0.02233012
155600	-294.0375	-282.8399	-11.19764	1.419703	0.056153	0.0143887	0.572221	0.357237	0.1104747
155800	-291.3049	-282.4535	-8.851442	1.211932	0.0660719	0.0145836	0.739113	0.180231	0.08964107
156000	-294.0903	-282.1847	-11.90556	1.589055	0.0339107	0.075242	0.881218	0.00962885	0.02100191
156200	-293.3705	-283.7534	-9.617089	1.193756	0.0105414	0.173078	0.206265	0.610116	0.1814869
156400	-296.9572	-284.6582	-12.29901	1.462771	0.083771	0.0959431	0.0949389	0.725347	0.1707501
156600	-294.0953	-288.3326	-5.762659	0.9310537	0.0159069	0.0889742	0.666289	0.22883	0.06159572
156800	-291.6169	-283.0854	-8.531504	1.159103	0.0212688	0.0287894	0.254183	0.695759	0.1068721
157000	-290.9053	-281.8315	-9.073809	1.320354	0.0731358	0.0797896	0.644257	0.202817	0.006672485
157200	-291.2654	-279.0447	-12.22069	1.437505	0.020665	0.0697859	0.86094	0.0486095	0.1937184
157400	-297.6485	-285.3563	-12.29215	1.29401	0.0031956	0.296844	0.115906	0.584055	0.32861
157600	-290.7761	-278.4064	-12.36973	1.430161	0.0144973	0.035197	0.201121	0.749184	0.2162368
157800	-289.667	-280.135	-9.531927	1.23491	0.0111809	0.00125775	0.477663	0.509898	0.131682
158000	-295.7046	-282.6724	-13.03214	1.525727	0.0968318	0.101654	0.49833	0.303184	0.191017
158200	-291.8586	-280.4373	-11.42125	1.414483	0.0230096	0.100215	0.453482	0.423293	0.1443478
158400	-292.8345	-281.365	-11.46949	1.514197	0.0183951	0.00607339	0.695356	0.280176	0.04923766
158600	-297.0607	-281.476	-15.58479	1.800022	0.0761176	0.201801	0.605687	0.116394	0.1679989
158800	-297.4973	-281.348	-16.14935	1.962544	0.016349	0.0975687	0.445565	0.440517	0.06655974
159000	-292.4663	-281.566	-10.90029	1.444734	0.0524456	0.125466	0.717893	0.104195	0.06167346
159200	-297.0644	-284.2235	-12.8409	1.64176	0.12658	0.215869	0.249736	0.407816	0.06046434
159400	-292.1059	-282.1594	-9.946487	1.393927	0.137721	0.0200943	0.720842	0.121342	0.01968117
159600	-290.9361	-280.0455	-10.8906	1.502772	0.0769729	0.0268677	0.122391	0.773768	0.00594891
159800	-293.0648	-281.1891	-11.87567	1.491241	0.00775921	0.195527	0.0237516	0.772962	0.1145072
160000	-292.2753	-278.8414	-13.43385	1.486459	0.00727533	0.0439836	0.334957	0.613784	0.2649455
160200	-291.9386	-280.739	-11.19963	1.432864	0.00105887	0.253787	0.416988	0.328166	0.1019491
160400	-293.6235	-281.7211	-11.90235	1.586651	0.0297781	0.348473	0.0876398	0.534109	0.02257104
160600	-296.6336	-286.1349	-10.49872	1.340551	0.0529848	0.0264898	0.849378	0.0711469	0.1192912
160800	-291.9305	-279.9616	-11.96893	1.58651	0.0142437	0.0318377	0.2997	0.654219	0.03010963
161000	-291.7976	-280.9347	-10.86289	1.453074	0.0374095	0.203298	0.133324	0.625968	0.05072489
161200	-292.4311	-278.4256	-14.00548	1.512403	0.0206811	0.0462643	0.635884	0.297171	0.2973217
161400	-294.2813	-283.2593	-11.02194	1.254973	0.030657	0.0535817	0.0505278	0.865233	0.2473652
161600	-291.3258	-280.0441	-11.28168	1.516757	0.0473141	0.131518	0.760765	0.060403	0.03035907
161800	-292.3513	-282.4106	-9.940691	1.209537	0.00113477	0.0874984	0.273617	0.63775	0.1976273
162000	-292.5272	-280.8292	-11.69802	1.490861	0.0619738	0.140822	0.259244	0.53796	0.09593759
162200	-292.4174	-282.3891	-10.02828	1.30755	0.058921	0.0370939	0.886745	0.0172405	0.1088147
162400	-289.8242	-280.2319	-9.592295	1.252925	0.00841466	0.00749906	0.627754	0.356333	0.1219942
162600	-289.8339	-281.0316	-8.80233	1.278283	0.0333119	0.0770528	0.801871	0.0877647	0.02098579
162800	-294.92	-283.9242	-10.99581	1.485777	0.0862021	0.0147062	0.713748	0.185344	0.03284723
163000	-294.7572	-281.5586	-13.19852	1.733048	0.0557168	0.213339	0.20968	0.521264	0.006334665
163200	-291.3847	-281.0727	-10.31201	1.412924	0.000624998	0.062058	0.526764	0.410553	0.03554289
163400	-300.6811	-287.964	-12.71706	1.393376	0.177338	0.372901	0.421363	0.0283976	0.286362
163600	-300.2653	-287.6691	-12.59615	1.606922	0.0865541	0.145486	0.0823511	0.685608	0.06809604
163800	-290.2409	-281.4097	-8.831244	1.299759	0.0253098	0.108892	0.0360389	0.829759	0.003169735
164000	-290.5168	-280.9429	-9.573939	1.372414	0.0187151	0.0632835	0.726055	0.191946	0.004671118
164200	-298.035	-287.4589	-10.57613	1.371286	0.00535243	0.463134	0.279167	0.252347	0.09790398
164400	-293.0898	-279.4431	-13.64662	1.537059	0.0157489	0.0273416	0.881104	0.0758059	0.2312412
164600	-290.9384	-277.9853	-12.9531	1.708246	0.011297	0.0383685	0.819106	0.131229	0.006935764
164800	-290.4424	-279.9424	-10.49993	1.430135	7.42221e-05	0.178332	0.786379	0.0352147	0.0375916
165000	-300.1929	-287.6243	-12.56861	1.207254	0.0688072	0.31072	0.0738702	0.546602	0.4375868
165200	-294.3836	-283.6286	-10.75497	1.425792	0.0113653	0.407455	0.329741	0.251439	0.06738756
165400	-299.2917	-281.5614	-17.73025	2.192315	0.0397007	0.437678	0.311481	0.211141	0.0006513375
165600	-292.3477	-277.5618	-14.78597	1.586109	0.00137102	0.0411477	0.183515	0.773967	0.2955671
165800	-289.1251	-279.1907	-9.934427	1.411706	0.0345295	0.0114046	0.873937	0.0801293	0.001642476
166000	-296.4946	-281.0563	-15.43836	1.880976	0.0772994	0.0989473	0.158297	0.665457	0.08061587
166200	-291.4986	-280.1736	-11.32504	1.303337	0.00346861	0.0700221	0.350891	0.575618	0.2393795
166400	-293.4681	-283.0473	-10.42084	1.404612	0.0462567	0.148903	0.0324907	0.772349	0.05338844
166600	-293.879	-278.1006	-15.77843	1.960342	0.0259635	0.061114	0.198971	0.713951	0.03694299
166800	-291.1986	-281.3262	-9.87246	1.222676	0.00613837	0.0989172	0.554291	0.340653	0.176531
167000	-290.375	-279.7938	-10.58118	1.473816	0.0655978	0.00111227	0.134051	0.799239	0.004162186
167200	-290.8052	-280.2987	-10.50644	1.311505	0.01641	0.0588836	0.334734	0.589972	0.1523846
167400	-291.5509	-279.0978	-12.45308	1.658225	0.00653504	0.182325	0.386458	0.424682	0.0068648
167600	-291.8519	-283.7957	-8.056231	1.21769	0.00854837	0.0577931	0.424257	0.509402	0.007812273
167800	-288.3907	-277.2447	-11.14599	1.506444	0.000963054	0.00343015	0.234494	0.761113	0.02686302
168000	-291.6199	-281.8886	-9.73122	1.308245	0.0178053	0.203998	0.19358	0.584617	0.08109071
168200	-290.1293	-282.9729	-7.156397	1.117207	0.0131942	0.0594255	0.73577	0.19161	0.01749191
168400	-294.5124	-279.4891	-15.02326	1.891186	0.0639844	0.137147	0.384869	0.413999	0.02994263
168600	-289.6809	-280.1351	-9.545806	1.281477	0.00968674	0.0107971	0.735076	0.24444	0.08886431
168800	-289.694	-280.8477	-8.846323	1.283217	0.0141032	0.0803403	0.760304	0.145253	0.02061677
169000	-294.7254	-280.645	-14.08046	1.775998	0.018763	0.075552	0.65432	0.251365	0.0483193
169200	-291.3179	-280.9387	-10.37924	1.341674	0.0606683	0.00563933	0.917069	0.0166233	0.1100125
169400	-295.4306	-282.2159	-13.21471	1.580431	0.053567	0.338436	0.515217	0.0927804	0.1528511
169600	-292.5732	-277.2835	-15.28968	1.674308	0.00315596	0.0318978	0.256214	0.708732	0.2635689
169800	-293.0737	-280.5356	-12.53809	1.577946	0.0729421	0.120993	0.228054	0.578012	0.09154559
170000	-292.2935	-279.5508	-12.74266	1.692934	0.00420144	0.00131249	0.2152	0.779286	0.001276669
170200	-291.96	-281.865	-10.09498	1.373149	0.000122497	0.267109	0.387021	0.345747	0.05374789
170400	-294.1742	-281.7441	-12.43007	1.586462	0.0981193	0.0127097	0.536148	0.353023	0.07299286
170600	-291.8207	-280.5336	-11.2871	1.535819	0.0719505	0.122651	0.489444	0.315955	0.01242475
170800	-290.4077	-280.5926	-9.815131	1.309433	0.044222	0.00924068	0.879299	0.0672382	0.08926048
171000	-293.2383	-278.8289	-14.40938	1.858281	0.0777536	0.0290436	0.497583	0.39562	0.002544228
171200	-295.3978	-281.8984	-13.49943	1.457732	0.0353914	0.0913587	0.677331	0.195919	0.2982989
171400	-294.8801	-285.8952	-8.984864	1.064693	0.0192645	0.118572	0.0974832	0.76468	0.2406418
171600	-295.6428	-286.5782	-9.064658	1.187415	0.044354	0.195898	0.0405353	0.719213	0.1335304
171800	-294.5717	-285.117	-9.454753	1.152323	0.0148855	0.202665	0.400781	0.381669	0.2025451
172000	-295.5675	-285.807	-9.760474	1.147151	0.0615277	0.166654	0.287377	0.484441	0.2327148
172200	-291.6704	-282.3899	-9.280523	1.320021	0.022622	0.209408	0.465145	0.302825	0.02700502
172400	-291.0995	-279.5865	-11.51302	1.545811	0.00147195	0.0733803	0.56344	0.361708	0.02456853
172600	-293.0496	-279.9984	-13.05119	1.545478	0.049735	0.137224	0.573531	0.23951	0.1735913
172800	-293.4677	-284.6266	-8.841089	1.261968	0.0976895	0.105497	0.778834	0.0179791	0.04073619
173000	-296.3262	-284.4414	-11.88487	1.311107	0.138082	0.121945	0.440167	0.299806	0.2818773
173200	-293.8911	-278.7871	-15.10401	1.814142	0.0654259	0.0347887	0.70618	0.193606	0.1131341
173400	-293.3591	-280.4642	-12.89482	1.433562	0.00192528	0.0667857	0.531983	0.399306	0.2609805
173600	-291.9276	-282.9235	-9.004061	1.216523	0.0249132	0.107838	0.855645	0.0116033	0.09924385
173800	-289.3475	-278.4751	-10.87243	1.43259	0.00831189	0.00918158	0.615312	0.367194	0.07071994
174000	-290.4255	-282.0674	-8.358107	1.214806	0.0406952	0.0122776	0.494973	0.452054	0.03876294
174200	-292.286	-282.08	-10.20604	1.117642	0.0192646	0.0151796	0.459488	0.506067	0.3058052
174400	-289.8458	-278.9781	-10.86766	1.453897	0.0163245	0.0833198	0.392567	0.507789	0.05041123
174600	-291.2884	-279.5102	-11.77824	1.575481	0.020316	0.139776	0.746833	0.0930754	0.02149276
174800	-292.4337	-280.4442	-11.98945	1.585935	0.0563845	0.183893	0.00753615	0.752187	0.03134105
175000	-291.0828	-280.4436	-10.63915	1.408331	0.0781515	0.0446608	0.510521	0.366666	0.07186587
175200	-292.0443	-282.3111	-9.733189	1.231726	0.0250392	0.130139	0.500483	0.344339	0.1540137
175400	-296.5372	-285.14	-11.39726	1.320074	0.0167847	0.284837	0.642341	0.0560368	0.2310874
175600	-291.9638	-277.8431	-14.12076	1.614423	0.00790598	0.0424258	0.741823	0.207846	0.2075457
175800	-289.6184	-279.6138	-10.00457	1.395487	0.0220084	0.0955514	0.69812	0.18432	0.02367623
176000	-301.1229	-288.1467	-12.97616	1.654757	0.163582	0.383837	0.159942	0.292639	0.05958361
176200	-294.5727	-285.39	-9.182659	1.285407	0.147377	0.12515	0.252124	0.475349	0.0505899
176400	-293.011	-281.7933	-11.21769	1.241165	0.00781035	0.0366308	0.46441	0.491149	0.2867004
176600	-292.6306	-279.9174	-12.71314	1.638361	0.033863	0.181242	0.410041	0.374853	0.05024023
176800	-291.7197	-282.9716	-8.748077	1.180337	0.0609359	0.0154374	0.754355	0.169271	0.109335
177000	-289.8178	-278.688	-11.12972	1.382696	0.0109799	0.0138356	0.953968	0.0212165	0.1440293
177200	-291.5381	-279.4222	-12.11597	1.442046	0.0142082	0.000782139	0.190515	0.794494	0.1860048
177400	-292.9935	-280.0655	-12.92804	1.651629	0.015601	0.17124	0.55249	0.260668	0.05850719
177600	-295.6143	-285.3571	-10.25718	1.414991	0.0643685	0.387623	0.0246279	0.523381	0.02853358
177800	-294.8594	-280.0891	-14.77028	1.677355	0.0326941	0.208889	0.540282	0.218136	0.2128161
178000	-290.0673	-278.7896	-11.27772	1.521447	0.020321	0.074833	0.271692	0.633154	0.02541103
178200	-291.1005	-279.4283	-11.67224	1.36739	0.0252155	0.035526	0.261332	0.677926	0.2085213
178400	-297.2291	-278.7659	-18.46321	2.149032	0.0445402	0.00953842	0.676094	0.269827	0.1173292
178600	-291.7035	-283.3874	-8.316108	1.114267	0.0382848	0.0568284	0.613527	0.29136	0.1304349
178800	-292.5405	-277.9474	-14.5931	1.80053	0.0257998	0.054919	0.877339	0.0419418	0.07647979
179000	-294.0997	-282.7976	-11.30209	1.535754	0.0526053	0.258237	0.138696	0.550462	0.01391125
179200	-290.7749	-278.4084	-12.36651	1.562762	0.0121441	0.00644246	0.0629859	0.918428	0.09253739
179400	-291.5268	-284.8922	-6.634598	1.07925	0.0282279	0.0149449	0.563626	0.393201	0.003992746
179600	-291.9951	-284.1714	-7.823715	1.101489	0.0181886	0.115495	0.63676	0.229557	0.09540584
179800	-292.6291	-279.2658	-13.36332	1.583142	0.0260007	0.0231973	0.26069	0.690112	0.1719138
180000	-292.1191	-279.6386	-12.48045	1.609101	0.0783211	0.0510684	0.314479	0.556132	0.05567593
180200	-288.5818	-278.7711	-9.810612	1.308923	0.000560069	0.0103177	0.487456	0.501666	0.08778806
180400	-293.6729	-280.6912	-12.98169	1.702346	0.109133	0.11198	0.19655	0.582337	0.0155049
180600	-295.3744	-283.4179	-11.95647	1.428113	1.24125e-05	0.162962	0.826943	0.0100828	0.1724261
180800	-293.0533	-281.8035	-11.24979	1.451472	0.130048	0.045801	0.31124	0.512911	0.0908268
181000	-290.6311	-278.6502	-11.98092	1.442424	0.0108609	0.00911893	0.331761	0.64826	0.1682751
181200	-291.9369	-282.9111	-9.025809	1.276953	0.00840645	0.0979178	0.448118	0.445558	0.04308209
181400	-289.3647	-278.4714	-10.89328	1.467608	0.0171185	0.00120146	0.500105	0.481575	0.03953282
181600	-292.4199	-282.3659	-10.054	1.422149	0.00183801	0.0818646	0.864924	0.0513735	0.003079147
181800	-290.9655	-281.8431	-9.122396	1.328464	0.0085183	0.151202	0.768548	0.0717311	0.003523353
182000	-294.9849	-284.3957	-10.58915	1.437501	0.13207	0.123263	0.728806	0.0158617	0.03866947
182200	-290.1064	-280.9326	-9.173798	1.3158	0.0151732	0.0517648	0.518964	0.414098	0.02074897
182400	-294.4364	-282.6718	-11.76457	1.526935	0.0613734	0.102254	0.603516	0.232857	0.06892354
182600	-290.1319	-280.5471	-9.584733	1.270294	0.0231533	0.0196055	0.73829	0.218951	0.1017526
182800	-293.6133	-280.9146	-12.69873	1.645276	0.0895272	0.0965305	0.00259537	0.811347	0.04175945
183000	-290.3902	-282.9584	-7.431769	1.151413	0.00672539	0.0642874	0.0197389	0.909248	0.01098221
183200	-292.9095	-284.379	-8.530535	1.200832	0.00174532	0.134001	0.570405	0.293849	0.06979957
183400	-297.4548	-282.9467	-14.5081	1.666047	0.132799	0.057513	0.549124	0.260564	0.1920773
183600	-296.0747	-284.6401	-11.43463	1.127972	0.015954	0.157207	0.0108108	0.816028	0.4176105
183800	-290.2394	-281.1344	-9.104962	1.289831	0.0163167	0.0947192	0.613119	0.275845	0.03857965
184000	-292.2742	-277.0564	-15.21786	1.644968	0.00388833	0.00921821	0.703445	0.283449	0.2842586
184200	-292.828	-283.8885	-8.939508	1.240975	0.0518317	0.0691874	0.729299	0.149682	0.06818303
184400	-290.2562	-280.3765	-9.879732	1.404491	0.013123	0.114803	0.468722	0.403352	0.003373433
184600	-292.772	-281.3063	-11.46562	1.379151	0.0275211	0.163597	0.714878	0.094004	0.1797167
184800	-291.1629	-281.1985	-9.964319	1.367545	0.00294646	0.0971673	0.32281	0.577077	0.04646701
185000	-291.8786	-279.6136	-12.26498	1.458346	0.0453506	0.00299808	0.944722	0.00692948	0.1778821
185200	-292.6077	-279.868	-12.73972	1.686195	0.0340182	0.0378683	0.66139	0.266724	0.007516314
185400	-292.1197	-280.6314	-11.48836	1.534249	0.0395994	0.0933309	0.531503	0.335567	0.03432719
185600	-292.3253	-281.0035	-11.32173	1.482857	0.0380235	0.0422831	0.730067	0.189626	0.06850343
185800	-293.5056	-286.4056	-7.100006	1.1297	0.0116599	0.1664	0.675084	0.146857	0.0002612011
186000	-293.7772	-283.7196	-10.05758	1.415015	0.0237935	0.0335196	0.163027	0.77966	0.01046446
186200	-291.0049	-280.6732	-10.33167	1.395811	0.00456739	0.0885779	0.0284821	0.878373	0.05639906
186400	-289.2374	-280.6128	-8.624562	1.241446	0.0028276	0.0383459	0.935428	0.023399	0.03867333
186600	-293.1764	-284.3233	-8.853116	1.260169	0.0813943	0.0114258	0.0454995	0.86168	0.04238876
186800	-292.1691	-277.9339	-14.23521	1.803684	0.0121713	0.0752382	0.902425	0.0101655	0.03897372
187000	-295.7859	-278.7749	-17.01108	2.058838	0.0281136	0.112069	0.627849	0.231969	0.06108522
187200	-291.9899	-283.2121	-8.777797	1.153748	0.00278212	0.157278	0.469278	0.370662	0.1361675
187400	-291.4546	-277.6773	-13.77728	1.739241	0.0034938	0.0627515	0.471058	0.462697	0.05647493
187600	-291.2537	-282.0018	-9.251881	1.22669	0.0122765	0.0562025	0.909701	0.0218204	0.1154217
187800	-293.3098	-280.093	-13.21686	1.55469	0.0389517	0.167739	0.633297	0.160012	0.1765085
188000	-292.0984	-281.7518	-10.34655	1.320813	0.0176703	0.156105	0.81407	0.0121552	0.128844
188200	-292.9456	-280.4044	-12.54114	1.664591	0.0238823	0.0383551	0.0655754	0.872187	0.00886322
188400	-293.8791	-282.9828	-10.89622	1.389034	0.0557407	0.0265929	0.0496052	0.868061	0.1171426
188600	-291.8605	-282.5354	-9.325086	1.34194	0.0358263	0.0280312	0.587003	0.34914	0.01024859
188800	-289.0647	-277.7162	-11.3485	1.523854	0.00294644	0.041813	0.624716	0.330525	0.02938581
189000	-295.9201	-282.2902	-13.62992	1.637314	0.100973	0.287769	0.0710136	0.540244	0.1415471
189200	-289.8358	-280.02	-9.815779	1.384567	0.0146695	0.0795092	0.105851	0.799971	0.0164727
189400	-291.1913	-279.9181	-11.27327	1.450718	0.082443	0.00701772	0.832264	0.078275	0.09287642
189600	-291.8959	-281.7756	-10.12036	1.299149	0.0387316	0.0350956	0.484415	0.441758	0.1279063
189800	-294.6411	-280.0322	-14.60892	1.837417	0.0564978	0.229565	0.424429	0.289508	0.0427683
190000	-292.4909	-278.1615	-14.32936	1.730577	0.0349629	0.050569	0.317728	0.59674	0.1183865
190200	-292.7133	-283.1343	-9.578996	1.320854	0.00217481	0.0333855	0.405574	0.558865	0.05513724
190400	-294.5942	-280.776	-13.81823	1.637524	0.0993221	0.00738427	0.54133	0.351964	0.1588105
190600	-293.0457	-279.9567	-13.08903	1.503992	0.0894496	0.0395352	0.578814	0.292202	0.2139943
190800	-297.3842	-279.8007	-17.58352	1.992293	0.041741	0.229357	0.382984	0.345918	0.1790665
191000	-293.453	-284.4572	-8.995729	1.283239	0.0172772	0.254816	0.556726	0.171181	0.03560029
191200	-289.8516	-279.3614	-10.49027	1.399266	0.0564536	0.00131591	0.864075	0.0781551	0.06670024
191400	-293.7885	-278.8085	-14.9799	1.722141	0.0359656	0.101858	0.685338	0.176839	0.1888591
191600	-292.1325	-279.5098	-12.62278	1.539297	0.0065833	0.0966951	0.53466	0.362061	0.1375368
191800	-290.7388	-279.5302	-11.20857	1.469594	0.0342761	0.0310492	0.0842548	0.85042	0.06708909
192000	-289.3447	-279.5986	-9.746076	1.369973	0.017908	0.0339779	0.880304	0.0678103	0.02332595
192200	-291.3284	-281.3568	-9.971602	1.387322	0.0335134	0.171475	0.303629	0.491382	0.02830771
192400	-291.2165	-279.9316	-11.28489	1.502128	0.0661138	0.0432514	0.677933	0.212701	0.04524189
192600	-289.9121	-279.8564	-10.05566	1.386869	0.0212598	0.114142	0.0340073	0.830591	0.03690571
192800	-289.1723	-279.015	-10.15725	1.332885	0.00330505	0.0335533	0.854933	0.108209	0.09736194
193000	-292.462	-279.7569	-12.70516	1.538005	0.00780424	0.140209	0.224965	0.627022	0.1428622
193200	-295.4067	-286.5058	-8.900956	1.268319	0.0198966	0.0805815	0.53099	0.368531	0.03975935
193400	-295.8359	-280.7721	-15.06381	1.763612	0.00865335	0.198651	0.132168	0.660527	0.1576351
193600	-295.5321	-285.0121	-10.52006	1.078397	0.0649657	0.0219356	0.509579	0.403519	0.3730975
193800	-296.1044	-285.8654	-10.23907	1.207718	0.102098	0.0383017	0.541204	0.318396	0.2253683
194000	-290.9247	-280.7763	-10.14844	1.281201	0.0273927	0.00096575	0.185967	0.785675	0.1453467
194200	-288.4463	-279.5294	-8.916864	1.270701	0.0178029	0.00587792	0.422099	0.554221	0.03894163
194400	-291.8482	-278.7489	-13.09931	1.694674	0.00701415	0.150578	0.518381	0.324026	0.03422266
194600	-291.7831	-281.1937	-10.58943	1.265896	0.0474803	0.0562103	0.00222839	0.894081	0.2031805
194800	-291.8835	-283.4075	-8.47604	1.251267	0.0532645	0.0339751	0.51118	0.401581	0.01539798
195000	-291.8281	-280.8741	-10.95398	1.361407	0.0181892	0.0268352	0.220909	0.734067	0.1514034
195200	-296.8932	-283.613	-13.28014	1.662456	0.054581	0.0701111	0.468058	0.40725	0.07898869
195400	-289.7959	-278.5718	-11.22416	1.536076	0.00652395	0.060367	0.349404	0.583705	0.006178999
195600	-291.8263	-281.5707	-10.2556	1.404016	0.10849	0.0156921	0.0619484	0.813869	0.03926768
195800	-299.3558	-284.252	-15.10379	1.847953	0.0775071	0.0125505	0.842533	0.067409	0.08133994
196000	-291.3432	-280.0567	-11.28645	1.509787	0.0321906	0.0383106	0.920355	0.0091435	0.03644885
196200	-293.6732	-281.4859	-12.18733	1.414069	0.0918813	0.0249631	0.384877	0.498279	0.2177832
196400	-292.2776	-280.0503	-12.22725	1.43019	0.0705338	0.0324651	0.175337	0.721664	0.2047035
196600	-292.6852	-277.9161	-14.76905	1.669783	0.0161598	0.0507142	0.700997	0.232129	0.2175986
196800	-291.5368	-282.6057	-8.931143	1.295976	0.0405753	0.204527	0.665469	0.0894288	0.01623657
197000	-297.9342	-279.366	-18.56827	1.467309	0.0592737	0.0204783	0.161315	0.758933	0.7748705
197200	-294.0267	-283.8094	-10.21725	1.339426	0.114892	0.0439009	0.13484	0.706367	0.09591508
197400	-291.9272	-281.9598	-9.967384	1.347266	0.101861	0.0469031	0.511074	0.340162	0.06674219
197600	-292.019	-279.9899	-12.02905	1.591547	0.0214255	0.111721	0.078354	0.788499	0.02993021
197800	-291.9054	-282.6598	-9.245607	1.271746	0.00323399	0.0743231	0.824478	0.0979649	0.07051029
198000	-291.8805	-279.9007	-11.97981	1.523248	0.0637298	0.0186753	0.407361	0.510234	0.09056498
198200	-293.7718	-285.1585	-8.613317	1.17044	0.0614825	0.107031	0.673814	0.157673	0.1071085
198400	-289.8221	-280.1791	-9.642984	1.340034	0.0303124	0.0032403	0.75207	0.214377	0.04316258
198600	-289.4648	-280.5797	-8.885076	1.284577	0.0057182	0.0696062	0.547226	0.37745	0.02300628
198800	-292.35	-283.4764	-8.873578	1.230511	0.029548	0.0446901	0.891046	0.0347162	0.07498641
199000	-291.8451	-281.2552	-10.58983	1.351971	0.0761869	0.0626512	0.817958	0.043204	0.1219129
199200	-293.0507	-285.7887	-7.262063	1.134564	0.0696579	0.054504	0.615537	0.260301	0.01104209
199400	-292.785	-283.3161	-9.468945	1.25763	0.0117431	0.0709294	0.362197	0.55513	0.1078838
199600	-292.13	-279.497	-12.63306	1.417963	0.0297789	0.000395311	0.196018	0.773808	0.2485516
199800	-290.8111	-278.735	-12.07613	1.555892	0.0232077	0.00762924	0.590832	0.378331	0.07042188
200000	-294.5529	-286.3955	-8.157397	1.112914	0.0301501	0.17321	0.0157258	0.780914	0.1178004
