Iteration	Posterior	Likelihood	Prior	branch_rates	root_freq[1]	root_freq[2]	root_freq[3]	root_freq[4]	speciation_rate
0	-284.7241	-282.3784	-2.345739	0.5837517	0.0170357	0.158692	0.0484769	0.775795	0.06886848
200	-286.1571	-281.375	-4.782092	0.6501926	0.018847	0.0219397	0.300945	0.658268	0.2365015
400	-284.1463	-282.6872	-1.459118	0.549811	0.0154794	0.132867	0.0851796	0.766474	0.01559505
600	-286.5729	-283.5764	-2.996481	0.7029511	0.0414331	0.234642	0.149301	0.574624	0.01665925
800	-285.1956	-281.8969	-3.298732	0.6194321	0.0541904	0.0727909	0.086105	0.786914	0.1240915
1000	-287.2487	-283.1317	-4.116936	0.7515571	0.0785237	0.116637	0.761149	0.0436898	0.07752147
1200	-285.2753	-284.2181	-1.05716	0.5014702	0.0211634	0.0843594	0.808114	0.0863636	0.02227801
1400	-285.8533	-282.7913	-3.061983	0.7017583	0.067044	0.519178	0.271763	0.142016	0.02361256
1600	-284.7821	-281.1267	-3.655445	0.7400106	0.0272796	0.0632466	0.287581	0.621892	0.04395975
1800	-283.8975	-281.5043	-2.393183	0.6272788	0.0142719	0.259749	0.0300803	0.695899	0.03102098
2000	-285.1113	-282.0009	-3.110346	0.706955	0.0169902	0.615312	0.00862411	0.359074	0.02392012
2200	-283.9033	-281.465	-2.438309	0.6339894	0.00503764	0.0417692	0.748232	0.204961	0.02856245
2400	-287.4678	-284.1585	-3.309304	0.7231686	0.118898	0.661917	0.116107	0.103078	0.02789779
2600	-285.3056	-283.8833	-1.422301	0.513633	0.0522529	0.137645	0.576546	0.233556	0.0458597
2800	-286.8281	-282.9959	-3.832146	0.7232133	0.0843294	0.484739	0.379251	0.0516805	0.07732513
3000	-286.6549	-284.1266	-2.528306	0.6367482	0.00343297	0.234573	0.232839	0.529155	0.03574432
3200	-287.2391	-284.9716	-2.267443	0.4320681	0.00225232	0.0458528	0.335547	0.616348	0.1979927
3400	-283.7116	-282.744	-0.9675856	0.514842	0.000457959	0.240842	0.422887	0.335813	0.001792484
3600	-288.0227	-282.027	-5.995723	0.6032694	0.0246713	0.269017	0.520217	0.186094	0.3909104
3800	-288.3333	-288.3853	0.05191217	0.3947718	0.0388569	0.0806532	0.32739	0.553099	0.01837514
4000	-287.8398	-282.2539	-5.585883	0.8062658	0.0345967	0.722461	0.0730693	0.169873	0.1654952
4200	-289.2048	-287.5572	-1.647675	0.5611429	0.150206	0.406609	0.257979	0.185205	0.02303462
4400	-284.2295	-280.7503	-3.479252	0.7122431	0.000166614	0.273006	0.406904	0.319924	0.05359885
4600	-284.1112	-283.1828	-0.928345	0.4881418	0.0225795	0.0240641	0.938181	0.015175	0.0231395
4800	-285.093	-282.151	-2.942034	0.6257386	0.035938	0.227036	0.653822	0.0832042	0.08360818
5000	-285.1098	-283.7526	-1.35721	0.549714	0.0666805	0.172224	0.645536	0.11556	0.005673405
5200	-283.033	-280.9092	-2.123805	0.6283835	0.000768283	0.194844	0.796015	0.00837314	0.003826023
5400	-286.0096	-285.4275	-0.582019	0.4562716	0.0541505	0.0569557	0.496113	0.392781	0.02057336
5600	-283.5647	-282.1966	-1.368153	0.5493877	0.00229578	0.158121	0.292472	0.547111	0.006909915
5800	-288.4451	-281.7305	-6.714657	0.753254	0.0149185	0.252864	0.139754	0.592463	0.3274346
6000	-287.1397	-285.359	-1.780719	0.5421673	0.0287946	0.109035	0.53583	0.326341	0.05228103
6200	-286.4476	-282.1055	-4.342099	0.7317011	0.0316264	0.319304	0.0716148	0.577455	0.1205125
6400	-285.893	-283.2713	-2.621709	0.5999411	0.0361823	0.250663	0.550447	0.162707	0.0793155
6600	-287.3243	-282.2973	-5.026969	0.8096862	0.0760804	0.135508	0.248549	0.539863	0.1105283
6800	-286.2376	-283.5092	-2.72833	0.66212	0.0259459	0.719093	0.0958302	0.159131	0.02971466
7000	-285.2394	-281.121	-4.1184	0.623968	0.00241702	0.162464	0.686185	0.148934	0.1945277
7200	-283.1748	-281.118	-2.056756	0.6172209	0.00610389	0.127418	0.0503904	0.816087	0.008016476
7400	-286.7529	-281.9469	-4.805994	0.7129306	0.00209013	0.251725	0.353069	0.393117	0.1858652
7600	-284.6531	-283.1659	-1.487258	0.5189681	0.00421118	0.328081	0.0228678	0.64484	0.04711684
7800	-284.055	-282.1178	-1.937268	0.6030305	0.0561264	0.0454386	0.548213	0.350222	0.01024325
8000	-283.7335	-281.0862	-2.647304	0.6844695	0.0144052	0.1489	0.58806	0.248635	0.0002223126
8200	-286.9157	-284.2053	-2.710406	0.6770868	0.0321071	0.340442	0.326453	0.300997	0.01325583
8400	-285.4748	-283.345	-2.129781	0.6190665	0.013238	0.498672	0.303261	0.184829	0.01374905
8600	-283.6775	-281.4277	-2.249839	0.5508677	0.00322342	0.12686	0.0199106	0.850006	0.08897113
8800	-284.7016	-282.4297	-2.271882	0.6358446	0.0108649	0.0961996	0.434686	0.45825	0.0108186
9000	-285.0281	-284.6112	-0.4169137	0.4446061	0.0254238	0.0850976	0.0925675	0.796911	0.01581237
9200	-286.3207	-284.0577	-2.263059	0.615682	0.13345	0.0495816	0.0294176	0.78755	0.02926421
9400	-288.5224	-287.2326	-1.289815	0.5398007	0.094547	0.166261	0.2253	0.513892	0.008402795
9600	-286.8285	-285.8606	-0.9679406	0.4432642	0.00229463	0.0926234	0.650607	0.254475	0.07074361
9800	-285.1194	-281.4148	-3.704635	0.788283	0.0051883	0.113199	0.616052	0.265561	0.002160521
10000	-285.4376	-283.4827	-1.954866	0.5589986	0.0524129	0.399074	0.0910323	0.45748	0.05395425
10200	-283.0605	-280.7533	-2.307145	0.6026147	0.00990387	0.0521305	0.716193	0.221772	0.04570166
10400	-285.1319	-282.6591	-2.47285	0.5381155	0.0121691	0.348384	0.503556	0.135891	0.1230957
10600	-285.8085	-285.3576	-0.4509033	0.4528162	0.0161472	0.141543	0.582339	0.259972	0.01149505
10800	-289.1309	-284.4141	-4.716742	0.8476926	0.15106	0.670339	0.147785	0.0308161	0.04277752
11000	-288.5247	-286.016	-2.508764	0.5537764	0.107758	0.260651	0.383254	0.248338	0.1140978
11200	-285.3711	-281.8774	-3.493648	0.7399002	0.0233434	0.849614	0.0654043	0.0616385	0.02848887
11400	-284.7902	-281.7035	-3.086709	0.6792502	0.0498691	0.0996302	0.262565	0.587936	0.04801899
11600	-285.0773	-281.1768	-3.900517	0.6414129	0.0116232	0.0949925	0.316152	0.577232	0.1630291
11800	-287.5916	-282.55	-5.041583	0.8909331	0.0612724	0.639077	0.210277	0.089373	0.03327288
12000	-284.3115	-283.4212	-0.8903542	0.5058244	0.0200927	0.173103	0.580232	0.226572	0.003020866
12200	-284.8704	-281.0191	-3.851345	0.7472784	0.0231135	0.0780762	0.534485	0.364326	0.05613908
12400	-286.8324	-284.4413	-2.391042	0.5047547	0.0621715	0.129389	0.361642	0.446797	0.1431566
12600	-284.3965	-282.3739	-2.022579	0.575814	0.060115	0.0168743	0.32367	0.599341	0.04383027
12800	-286.9212	-283.3187	-3.602444	0.5381785	0.00762186	0.235593	0.133242	0.623543	0.2288327
13000	-287.6264	-283.7576	-3.868815	0.8015696	0.0354478	0.1608	0.645679	0.158074	0.005176321
13200	-284.4887	-283.0097	-1.478992	0.5507611	0.0211448	0.0378273	0.848483	0.0925445	0.01595406
13400	-286.8343	-284.3346	-2.499683	0.5744729	0.0411103	0.371764	0.292127	0.294998	0.09299422
13600	-283.581	-280.8673	-2.713633	0.5928453	0.012843	0.0379812	0.530089	0.419087	0.09349546
13800	-287.1217	-281.9071	-5.214588	0.7567725	0.00245613	0.422252	0.547732	0.0275597	0.1819577
14000	-283.7889	-281.3699	-2.418959	0.6502813	0.0402727	0.02548	0.783384	0.150863	0.01099895
14200	-287.0751	-281.7183	-5.356883	0.566634	0.0159471	0.134273	0.586499	0.263281	0.3693314
14400	-290.4823	-283.5026	-6.979672	0.794959	0.0133558	0.532003	0.413332	0.0413096	0.3189257
14600	-284.9004	-281.9263	-2.974056	0.7111842	0.0559618	0.274244	0.0970474	0.572747	0.006062891
14800	-284.6083	-281.0826	-3.525675	0.7654966	0.0254339	0.0743494	0.644125	0.256092	0.006816865
15000	-286.6108	-284.1902	-2.420643	0.5329268	0.00988461	0.230921	0.0251833	0.734011	0.1232786
15200	-285.2636	-283.0921	-2.171538	0.5964612	0.0806919	0.202334	0.424434	0.292541	0.03874535
15400	-287.1519	-286.3106	-0.8413966	0.4691852	0.0101813	0.15434	0.152961	0.682519	0.03380387
15600	-285.3699	-282.7414	-2.628505	0.6462063	0.0271812	0.144614	0.0259001	0.802305	0.03414956
15800	-286.6066	-281.9289	-4.677641	0.6920572	0.0485943	0.0485933	0.716547	0.186265	0.1923349
16000	-284.2412	-281.599	-2.642138	0.6021019	0.0114721	0.270773	0.0743503	0.643405	0.07831608
16200	-283.9112	-281.4614	-2.449744	0.658024	0.0261684	0.245115	0.403797	0.32492	0.006644577
16400	-288.9991	-286.7514	-2.247733	0.5842409	0.0214294	0.593672	0.206464	0.178434	0.0584342
16600	-284.7514	-283.5401	-1.21136	0.5261976	0.0304041	0.151157	0.640084	0.178356	0.01376461
16800	-284.6734	-282.7282	-1.94521	0.5933138	0.0421123	0.3441	0.016905	0.596883	0.02041052
17000	-285.4367	-281.7146	-3.722178	0.6529182	0.0433881	0.163252	0.770643	0.0227176	0.13234
17200	-284.6647	-282.9984	-1.66625	0.5650072	0.0343611	0.02661	0.352348	0.586681	0.02045713
17400	-285.8023	-283.531	-2.271355	0.4982804	0.000642742	0.200611	0.668349	0.130397	0.136092
17600	-286.6256	-285.0612	-1.564441	0.5203784	0.0633013	0.0297901	0.799489	0.107419	0.05282236
17800	-285.4154	-283.0536	-2.361876	0.6459446	0.0355054	0.48446	0.120119	0.359916	0.009962147
18000	-283.3086	-280.9931	-2.315448	0.6084571	0.000125008	0.331023	0.466692	0.202161	0.04091091
18200	-286.4243	-285.247	-1.177365	0.4778118	0.0162929	0.188856	0.111584	0.683267	0.05539774
18400	-285.4516	-282.2369	-3.21478	0.733735	0.0318501	0.0226258	0.876815	0.0687092	0.007321524
18600	-289.2235	-282.3686	-6.854882	0.6727168	0.0151799	0.105958	0.760012	0.11885	0.4059828
18800	-285.9377	-284.8228	-1.114836	0.4896001	0.0275334	0.549656	0.135156	0.287654	0.03957736
19000	-287.1412	-283.9223	-3.218951	0.5867346	0.00677839	0.0278706	0.476623	0.488728	0.1438078
19200	-283.2734	-281.8795	-1.393842	0.5521489	0.0264503	0.00702321	0.392502	0.574024	0.006827084
19400	-284.9382	-281.8127	-3.125539	0.7236289	0.0330635	0.180661	0.595096	0.19118	0.008524775
19600	-287.2927	-284.9174	-2.375281	0.6084408	0.07951	0.233499	0.497702	0.189288	0.04741425
19800	-284.8126	-280.6718	-4.140763	0.7355903	0.00456917	0.197287	0.692006	0.106137	0.0938659
20000	-285.4688	-283.1716	-2.297183	0.5095057	0.0252239	0.181075	0.52583	0.267872	0.1331798
20200	-287.1432	-284.4474	-2.695824	0.666458	0.057959	0.350096	0.252637	0.339307	0.02282184
20400	-283.939	-282.3083	-1.630715	0.5303102	0.00925829	0.155613	0.0282622	0.806867	0.04901626
20600	-283.688	-281.6301	-2.057958	0.575552	0.0045463	0.0458054	0.655332	0.294316	0.04805111
20800	-285.1456	-281.2457	-3.899816	0.7141561	0.0178882	0.215798	0.144509	0.621806	0.09318747
21000	-284.039	-282.4343	-1.604708	0.536964	0.0139354	0.284908	0.0605884	0.640568	0.04091335
21200	-283.8277	-282.4579	-1.369792	0.5319648	0.0304495	0.153291	0.25028	0.565979	0.0235213
21400	-288.592	-283.1072	-5.484778	0.6945318	0.115777	0.0619268	0.292474	0.529823	0.2640324
21600	-289.7733	-281.8912	-7.88205	0.6202035	0.00195059	0.541438	0.0163946	0.440217	0.5606465
21800	-283.6819	-281.6332	-2.048742	0.5941257	0.00231057	0.00106125	0.626559	0.370069	0.02872092
22000	-287.5738	-282.6007	-4.973046	0.7117344	0.0298298	0.0664745	0.00696912	0.896727	0.203243
22200	-288.9495	-286.4439	-2.505581	0.5102371	0.0294326	0.105651	0.264949	0.599968	0.1468344
22400	-285.7427	-283.8024	-1.940302	0.564571	0.0185195	0.038874	0.608763	0.333843	0.04604131
22600	-285.9893	-284.1001	-1.889264	0.6006667	0.033939	0.090982	0.453932	0.421147	0.007924707
22800	-283.3843	-281.8428	-1.541479	0.5586511	0.00615204	0.0256065	0.224081	0.74416	0.01478298
23000	-285.5915	-283.8315	-1.760035	0.5781138	0.0110819	0.418781	0.0389347	0.531203	0.01679036
23200	-286.4869	-284.6847	-1.802183	0.5104457	0.000959466	0.0181387	0.502657	0.478245	0.08720867
23400	-287.56	-285.0768	-2.483265	0.4421903	0.0130916	0.305471	0.411406	0.270032	0.2105582
23600	-288.3145	-282.196	-6.118452	0.8540203	0.025684	0.670066	0.0334776	0.270772	0.1731946
23800	-283.8095	-281.6001	-2.209422	0.6316914	0.0289363	0.187862	0.0976744	0.685527	0.00882277
24000	-291.5522	-287.8938	-3.658355	0.7477983	0.262333	0.0571356	0.296187	0.384344	0.03798965
24200	-285.9216	-282.9092	-3.012313	0.6702533	0.0252339	0.809474	0.146458	0.018834	0.0487741
24400	-287.8813	-283.4382	-4.443123	0.6928689	0.0322681	0.650361	0.0470296	0.270342	0.1715593
24600	-285.6109	-283.8538	-1.757052	0.5855523	0.0397579	0.170975	0.358251	0.431016	0.00944014
24800	-288.0419	-281.066	-6.975919	0.7724341	1.22737e-05	0.527008	0.146337	0.326642	0.3385696
25000	-287.2326	-280.6319	-6.600728	0.6480807	0.00637949	0.141948	0.656852	0.194821	0.412879
25200	-284.6487	-281.3605	-3.288185	0.7296257	0.0178125	0.353089	0.0621641	0.566935	0.01847895
25400	-284.4652	-281.3708	-3.094392	0.6193523	0.000430377	0.141078	0.263268	0.595224	0.1068846
25600	-285.6102	-282.8828	-2.727429	0.6359142	0.0261107	0.330556	0.292782	0.35055	0.05543595
25800	-283.3518	-280.547	-2.80476	0.6587679	0.00659751	0.0946487	0.390399	0.508354	0.0399808
26000	-290.2522	-282.6922	-7.560046	0.9749383	0.00470082	0.323827	0.00205126	0.669421	0.1986186
26200	-286.7079	-283.2062	-3.501659	0.5783008	0.0512169	0.0361455	0.462813	0.449824	0.184939
26400	-284.1164	-282.5782	-1.538283	0.5270504	0.029087	0.166366	0.180809	0.623738	0.04392425
26600	-285.29	-282.4355	-2.854421	0.6780653	0.0325922	0.457987	0.389775	0.119646	0.02601904
26800	-284.2792	-281.8996	-2.379561	0.6474433	0.0521969	0.0783629	0.231808	0.637632	0.01015375
27000	-286.0723	-282.8596	-3.212639	0.6760569	0.0190938	0.446358	0.282345	0.252204	0.06198908
27200	-283.9714	-280.9465	-3.024902	0.68274	0.015192	0.152854	0.299802	0.532152	0.03787168
27400	-283.5025	-282.1985	-1.303998	0.542573	0.000235739	0.121935	0.621172	0.256658	0.007227219
27600	-284.4742	-282.1205	-2.353738	0.5026653	0.000169432	0.00578023	0.97189	0.0221599	0.1453178
27800	-284.7035	-282.0989	-2.604533	0.65486	0.0479346	0.143346	0.740367	0.068353	0.02492991
28000	-287.8127	-283.9982	-3.814497	0.5218041	0.0293612	0.108358	0.46457	0.39771	0.2607122
28200	-283.8316	-281.213	-2.618633	0.6523789	0.0109166	0.402847	0.376763	0.209473	0.02832403
28400	-286.3255	-282.2015	-4.124062	0.7005387	0.0124792	0.253921	0.310593	0.423007	0.1298287
28600	-289.0893	-285.4319	-3.657425	0.4960213	0.0680486	0.0105571	0.908865	0.0125293	0.2672169
28800	-284.6635	-282.421	-2.242431	0.5443145	0.00644898	0.019183	0.300488	0.67388	0.09138184
29000	-290.5958	-285.1617	-5.434142	0.5411637	0.00561616	0.119792	0.12053	0.754062	0.3909283
29200	-284.4284	-281.3249	-3.103485	0.7066669	0.000123282	0.798103	0.169423	0.0323507	0.02275689
29400	-286.7562	-283.8208	-2.935365	0.59742	0.0654789	0.366745	0.399922	0.167853	0.1122706
29600	-287.5946	-286.5493	-1.045273	0.4858615	0.00476058	0.353912	0.44602	0.195307	0.03561589
29800	-289.6853	-283.456	-6.22924	0.6874028	0.0960163	0.166823	0.711219	0.0259416	0.3519217
30000	-287.6826	-286.2371	-1.445524	0.5346233	0.126961	0.436259	0.370283	0.0664968	0.02845299
30200	-288.5807	-282.9054	-5.675236	0.7703429	0.0378574	0.265198	0.285187	0.411758	0.2189317
30400	-285.2323	-281.8131	-3.419197	0.7456959	0.0275545	0.233164	0.510224	0.229058	0.01597645
30600	-285.6186	-281.2841	-4.334588	0.7222493	0.0156742	0.429407	0.156567	0.398352	0.12632
30800	-284.0102	-281.5952	-2.414981	0.5831002	0.0210263	0.0868708	0.231693	0.66041	0.07543619
31000	-287.3435	-285.1309	-2.212559	0.5584825	0.0175093	0.246405	0.539445	0.19664	0.07579946
31200	-285.7435	-280.713	-5.030553	0.7322167	0.00783571	0.0805102	0.128282	0.783373	0.1830967
31400	-286.6463	-281.2941	-5.352145	0.9076903	0.00187472	0.00380338	0.0641647	0.930157	0.04617146
31600	-286.4355	-285.6572	-0.77826	0.4956352	0.0533171	0.000996929	0.673363	0.272323	0.002014074
31800	-286.0075	-284.3523	-1.655141	0.5647361	0.0147492	0.325251	0.185817	0.474182	0.02044236
32000	-284.43	-282.9899	-1.440081	0.5442414	0.00521193	0.0729017	0.709767	0.212119	0.01844003
32200	-285.084	-283.2503	-1.833685	0.5760053	0.00271381	0.136154	0.186213	0.674919	0.02675138
32400	-284.9537	-283.4777	-1.476022	0.5545674	0.00637434	0.238954	0.33802	0.416652	0.01253709
32600	-286.2919	-283.0665	-3.225431	0.6047077	0.0527405	0.0668997	0.87955	0.000810189	0.1348358
32800	-283.8187	-282.0979	-1.720766	0.5771264	0.00951294	0.247341	0.608776	0.13437	0.01443104
33000	-285.2801	-283.0975	-2.182597	0.6225725	0.073826	0.458089	0.136855	0.33123	0.01493372
33200	-287.4543	-281.5071	-5.947235	0.768248	0.0497766	0.0401229	0.50879	0.401311	0.2381042
33400	-286.1548	-284.3321	-1.822736	0.5644945	0.0800565	0.307276	0.484956	0.127711	0.03519983
33600	-284.5396	-281.2118	-3.327748	0.7386854	0.0207135	0.109854	0.253696	0.615737	0.01363124
33800	-283.7283	-281.2515	-2.476867	0.6525931	0.00368798	0.266316	0.51418	0.215816	0.01465183
34000	-285.6492	-281.5935	-4.055689	0.577576	0.0186235	0.213052	0.4461	0.322225	0.2347686
34200	-285.6261	-281.0804	-4.545624	0.7973229	0.00791954	0.0342246	0.866935	0.0909204	0.07618603
34400	-286.7039	-282.0349	-4.668999	0.6926611	0.0449674	0.446407	0.0501775	0.458448	0.1870787
34600	-288.0206	-287.2034	-0.817146	0.4922588	0.0602224	0.0970139	0.0100325	0.832731	0.009026804
34800	-284.5081	-281.3697	-3.138379	0.631664	0.0308429	0.0559508	0.647638	0.265569	0.09860358
35000	-285.3051	-282.2538	-3.05126	0.6802723	0.0390976	0.0173425	0.0811009	0.862459	0.04308968
35200	-285.2836	-281.8171	-3.466513	0.7073562	0.0314959	0.487542	0.209365	0.271598	0.05823613
35400	-286.9277	-282.4944	-4.433363	0.8125869	0.0139906	0.0930484	0.820191	0.0727704	0.04936384
35600	-283.6678	-281.6155	-2.052261	0.6171203	0.0147319	0.114946	0.42226	0.448062	0.007817441
35800	-286.6492	-283.1206	-3.528577	0.5439735	0.0240537	0.502176	0.279914	0.193857	0.2159395
36000	-287.2483	-283.6211	-3.627204	0.6678826	0.0730921	0.213611	0.140867	0.57243	0.111429
36200	-288.587	-286.1991	-2.387934	0.5377962	0.0223842	0.0111997	0.776718	0.189698	0.117119
36400	-286.2215	-282.7639	-3.457642	0.6637548	0.0814847	0.29504	0.0604475	0.563027	0.09788785
36600	-286.1751	-283.9471	-2.228073	0.6311294	0.0235241	0.261455	0.0553795	0.659641	0.01105005
36800	-284.5633	-281.1141	-3.449183	0.6813605	0.0302536	0.0380716	0.14184	0.789835	0.07914225
37000	-288.8883	-285.9223	-2.965975	0.6421	0.038029	0.453202	0.183126	0.325642	0.0721102
37200	-286.0225	-282.3717	-3.650837	0.5424547	0.0092286	0.146267	0.721898	0.122606	0.232155
37400	-290.7445	-289.0728	-1.671665	0.5574115	0.129633	0.35004	0.311791	0.208536	0.02899873
37600	-285.8103	-282.4583	-3.351926	0.7463345	0.0428355	0.283883	0.62819	0.0450914	0.008606151
37800	-288.2449	-286.3142	-1.930758	0.4349091	0.0588892	0.0193126	0.658382	0.263416	0.1666486
38000	-286.0604	-282.1967	-3.863678	0.672079	0.00544541	0.09599	0.241511	0.657054	0.1299656
38200	-288.256	-283.7985	-4.457511	0.7372147	0.134752	0.412464	0.342302	0.110482	0.1281151
38400	-288.3236	-283.8234	-4.500249	0.6190585	0.0189732	0.186749	0.249426	0.544852	0.2459064
38600	-289.1789	-282.6701	-6.508822	0.7326282	0.071622	0.186544	0.203871	0.537963	0.3303373
38800	-284.8808	-282.2491	-2.631732	0.617643	0.0423416	0.363632	0.214894	0.379132	0.06287479
39000	-286.6994	-281.8885	-4.810882	0.6394299	0.0568409	0.0766193	0.820519	0.046021	0.2516009
39200	-285.8477	-284.5127	-1.334959	0.4851449	0.0232604	0.66075	0.126716	0.189273	0.06428443
39400	-289.3573	-282.8994	-6.457901	0.9000538	0.045625	0.326964	0.00519778	0.622213	0.1597717
39600	-283.9162	-281.6169	-2.299361	0.5771024	0.028608	0.0954421	0.303371	0.572579	0.06840334
39800	-285.2847	-282.414	-2.87075	0.6814278	0.0224247	0.414563	0.0378551	0.525157	0.02456127
40000	-287.4874	-283.1927	-4.294714	0.6178998	0.0100587	0.0536887	0.3366	0.599652	0.2260301
40200	-284.4311	-281.5249	-2.906256	0.5676115	0.0113821	0.137329	0.302255	0.549034	0.1366268
40400	-283.2157	-280.5957	-2.620006	0.6445293	0.00561166	0.0913778	0.509523	0.393487	0.0360918
40600	-288.3304	-286.4397	-1.890734	0.5793961	0.0239912	0.259084	0.236186	0.480738	0.02723287
40800	-283.113	-281.5182	-1.594803	0.5597112	0.0143274	0.00119748	0.369555	0.61492	0.01893576
41000	-284.4179	-282.5015	-1.916379	0.610681	0.0325832	0.0846138	0.768562	0.114241	0.0008762808
41200	-283.3398	-282.0378	-1.302001	0.5422556	0.00135389	0.0494625	0.233444	0.71574	0.007663309
41400	-284.9671	-281.6794	-3.287758	0.6603186	0.0462958	0.146806	0.566284	0.240614	0.08465967
41600	-284.304	-282.1659	-2.138033	0.5937549	0.0139057	0.405344	0.316605	0.264146	0.03791204
41800	-287.2911	-286.0257	-1.265449	0.484512	0.0397574	0.14402	0.333453	0.482769	0.05713059
42000	-286.6697	-283.0925	-3.577261	0.6222887	0.0955418	0.0935667	0.0346313	0.77626	0.1481958
42200	-287.6118	-285.9873	-1.624529	0.5665705	0.15189	0.172573	0.011692	0.663845	0.01489686
42400	-291.6138	-288.4619	-3.151939	0.5779066	0.0781217	0.125023	0.406766	0.390089	0.1481333
42600	-284.7654	-283.9361	-0.829318	0.489093	0.0212381	0.127743	0.431494	0.419525	0.01297225
42800	-285.3801	-281.8201	-3.560066	0.5471087	0.0189335	0.000526307	0.919469	0.0610712	0.2122558
43000	-283.8786	-280.7496	-3.128963	0.6910358	0.00401354	0.208679	0.35428	0.433027	0.04025594
43200	-287.5405	-282.745	-4.795524	0.8083084	0.0851324	0.273433	0.505423	0.136011	0.08858598
43400	-285.4692	-282.1294	-3.339812	0.7280905	0.00772856	0.151179	0.335252	0.505841	0.0251972
43600	-288.707	-284.1274	-4.57959	0.7710408	0.0390624	0.361525	0.0937262	0.505687	0.1024382
43800	-287.6977	-286.3106	-1.387092	0.5463679	0.105622	0.526462	0.0501381	0.317778	0.01170764
44000	-285.8824	-283.2936	-2.58884	0.5227947	0.0274156	0.118051	0.336765	0.517768	0.1497685
44200	-286.676	-282.9848	-3.691168	0.7780661	0.0886229	0.0711068	0.158945	0.681325	0.01052078
44400	-286.0608	-283.1658	-2.894913	0.6364917	0.0708716	0.215543	0.422338	0.291248	0.0703808
44600	-286.5347	-284.674	-1.860704	0.4824877	0.0149067	0.339053	0.418613	0.227427	0.1162253
44800	-284.5301	-280.6196	-3.910495	0.7584072	0.00471245	0.102495	0.160689	0.732104	0.05107042
45000	-282.9023	-280.7814	-2.120873	0.6263771	0.00137023	0.136258	0.351751	0.510621	0.005384031
45200	-284.9032	-283.3049	-1.598305	0.5248277	0.0400377	0.187232	0.159089	0.613642	0.05107926
45400	-287.9443	-282.4908	-5.453562	0.5512454	0.00734504	0.112492	0.287305	0.592858	0.3921041
45600	-286.4991	-283.3999	-3.099297	0.6814223	0.0209824	0.363876	0.244155	0.370986	0.04773384
45800	-287.1827	-284.3161	-2.866535	0.6437099	0.0150717	0.151278	0.622776	0.210874	0.05981675
46000	-285.0299	-284.1989	-0.8310904	0.4628203	0.0150056	0.0400417	0.433878	0.511075	0.03819864
46200	-286.6423	-283.1198	-3.522512	0.736143	0.0442574	0.336927	0.405144	0.213672	0.03646027
46400	-284.0645	-282.2288	-1.835656	0.5607462	0.040694	0.105507	0.781436	0.0723625	0.04043188
46600	-285.5085	-282.8767	-2.631836	0.6397709	0.0327358	0.326346	0.00703752	0.63388	0.04208682
46800	-284.9098	-281.7683	-3.141455	0.7232844	0.0411141	0.0624339	0.264331	0.632121	0.01057357
47000	-287.6215	-281.697	-5.924541	0.6048423	0.0192915	0.125446	0.5832	0.272062	0.3921021
47200	-288.2197	-281.5022	-6.717538	0.6136523	0.0327176	0.0505884	0.483145	0.433549	0.4564544
47400	-286.3236	-281.6974	-4.626193	0.7783129	0.0442229	0.201335	0.591888	0.162554	0.10189
47600	-284.3501	-281.4734	-2.876702	0.6201838	0.019113	0.265732	0.315753	0.399401	0.08389364
47800	-285.5337	-282.4645	-3.069199	0.5973368	0.000600888	0.281121	0.502454	0.215824	0.1245193
48000	-286.5084	-282.6235	-3.884916	0.5560846	0.0246593	0.170806	0.0831209	0.721414	0.2420526
48200	-285.0134	-282.7542	-2.25918	0.6336145	0.0415573	0.116367	0.0333349	0.808741	0.01209253
48400	-283.2426	-280.9053	-2.337338	0.6436131	0.017106	0.0342594	0.627897	0.320738	0.00955978
48600	-288.1256	-284.9427	-3.182866	0.7094607	0.00779486	0.316902	0.201993	0.47331	0.02743814
48800	-283.0777	-280.9823	-2.095325	0.6174517	0.00955347	0.103716	0.868301	0.0184296	0.01152123
49000	-288.5369	-284.3608	-4.17613	0.4754517	0.00139419	0.4595	0.505739	0.0333667	0.3411192
49200	-286.0429	-281.2178	-4.825148	0.669062	0.00176051	0.280575	0.635308	0.0823566	0.2259362
49400	-290.8001	-283.0238	-7.776279	0.8116638	0.13011	0.040682	0.673564	0.155645	0.3871546
49600	-286.5435	-284.7682	-1.77531	0.5576459	0.0879604	0.184504	0.129711	0.597825	0.03837377
49800	-286.0608	-285.1553	-0.9055689	0.4836276	0.0458745	0.121992	0.313368	0.518766	0.02567316
50000	-284.0515	-281.4353	-2.616148	0.6208658	0.0186776	0.0249024	0.442671	0.513749	0.05928634
50200	-288.6229	-287.5738	-1.049098	0.4636067	0.12582	0.218298	0.566224	0.0896586	0.05721707
50400	-290.3428	-283.6806	-6.662224	0.6580188	0.0988118	0.286332	0.440432	0.174424	0.4206919
50600	-288.7099	-285.2216	-3.488297	0.7200804	0.210901	0.557967	0.0341413	0.196991	0.04817258
50800	-285.0214	-282.1572	-2.86423	0.6605541	0.0114965	0.8045	0.101806	0.0821975	0.0442768
51000	-283.8478	-280.6917	-3.156016	0.5737815	0.00188925	0.0217037	0.511611	0.464796	0.1520884
51200	-284.7194	-281.9168	-2.802561	0.608178	0.0267843	0.341663	0.566289	0.0652633	0.0881628
51400	-284.5162	-281.1527	-3.363512	0.6345387	0.011818	0.0536844	0.653272	0.281226	0.1187442
51600	-286.5411	-284.6116	-1.929554	0.5923446	0.0396416	0.254275	0.187379	0.518704	0.02027439
51800	-287.9787	-283.0053	-4.973442	0.7831248	0.0981878	0.0940509	0.264857	0.542904	0.1317046
52000	-285.5921	-281.649	-3.9431	0.7769582	0.0139575	0.126578	0.744164	0.115301	0.0356114
52200	-285.01	-282.8334	-2.176534	0.6233982	0.00275831	0.341713	0.0216487	0.63388	0.01372983
52400	-283.9658	-281.2111	-2.754765	0.6621976	0.0212879	0.112112	0.293606	0.572994	0.03223823
52600	-286.0282	-283.8146	-2.21358	0.6208951	0.0190414	0.155147	0.640913	0.184899	0.01971871
52800	-287.0183	-282.078	-4.940285	0.8450742	0.0456508	0.103729	0.707803	0.142817	0.06673745
53000	-284.716	-282.2039	-2.512152	0.6402874	0.0520225	0.325233	0.295645	0.327099	0.02940067
53200	-284.1279	-281.8572	-2.270722	0.6200713	0.0239071	0.292309	0.509512	0.174271	0.02605882
53400	-286.3016	-283.9784	-2.323202	0.6134452	0.0376532	0.241385	0.0837511	0.63721	0.03760323
53600	-284.6132	-282.025	-2.588258	0.6096803	0.034559	0.305759	0.346408	0.313274	0.06594194
53800	-285.5133	-282.7808	-2.732472	0.6071042	0.0290042	0.297717	0.650108	0.0231706	0.08158965
54000	-288.6523	-285.156	-3.496349	0.7430808	0.0641219	0.0721726	0.134063	0.729642	0.02560597
54200	-285.5287	-283.7214	-1.807317	0.504742	0.0590747	0.06367	0.617375	0.25988	0.09007213
54400	-287.5527	-283.2888	-4.263945	0.8090949	0.075285	0.526111	0.135312	0.263292	0.03628221
54600	-287.5349	-282.5574	-4.977409	0.5897073	0.0186321	0.231834	0.472563	0.276971	0.3166457
54800	-287.1254	-286.4542	-0.671224	0.4842919	0.0287863	0.737991	0.136671	0.0965522	0.002650761
55000	-286.5822	-284.4933	-2.088839	0.6286206	0.124772	0.425965	0.195687	0.253575	0.0002252115
55200	-283.8391	-281.1736	-2.665504	0.6552416	0.0141694	0.112427	0.602436	0.270968	0.03044497
55400	-283.958	-281.6815	-2.27653	0.595056	0.0094556	0.181744	0.0084932	0.800307	0.0493915
55600	-283.9271	-281.6116	-2.315443	0.6301109	0.0514711	0.00489751	0.233226	0.710405	0.02022941
55800	-289.5489	-282.6939	-6.854904	0.6482565	0.0290522	0.59692	0.263863	0.110164	0.4460419
56000	-286.9299	-283.2112	-3.718664	0.6418404	0.077419	0.477456	0.0680803	0.377045	0.1419562
56200	-283.9605	-281.9182	-2.042312	0.5957168	0.033559	0.0771706	0.728576	0.160694	0.02681163
56400	-285.3048	-281.5614	-3.743438	0.6319072	0.0118009	0.562678	0.141133	0.284388	0.1541053
56600	-290.0725	-287.4432	-2.629301	0.6668973	0.213387	0.0581005	0.10237	0.626143	0.01562335
56800	-283.8072	-282.4927	-1.314483	0.531693	0.013806	0.31089	0.106154	0.56915	0.018438
57000	-285.6191	-282.9375	-2.681559	0.6877311	0.0232984	0.145319	0.085645	0.745737	0.0003947935
57200	-287.2335	-283.515	-3.718503	0.7043313	0.0490633	0.752182	0.0983872	0.100368	0.08815531
57400	-288.0331	-284.5441	-3.488968	0.5182218	0.0386061	0.0757422	0.232688	0.652964	0.2377773
57600	-287.4957	-284.8652	-2.630512	0.6214248	0.0885473	0.21727	0.470614	0.223569	0.05954072
57800	-284.5669	-283.1523	-1.414674	0.5531924	0.0647869	0.108564	0.0055448	0.821104	0.007769222
58000	-286.1734	-284.4704	-1.703017	0.5843938	0.0686407	0.070169	0.824811	0.0363796	0.005572636
58200	-287.3257	-285.2459	-2.079784	0.527166	0.00386351	0.406272	0.251393	0.338472	0.09389292
58400	-283.4624	-281.0189	-2.443475	0.6038149	0.0107738	0.0770415	0.798177	0.114007	0.05670455
58600	-285.7771	-282.1286	-3.648517	0.7475808	0.0747869	0.114645	0.00567699	0.804891	0.03564921
58800	-284.316	-280.8575	-3.458515	0.645429	0.0238372	0.0100447	0.348687	0.617431	0.1146565
59000	-284.1302	-280.8873	-3.242865	0.6039898	0.0105985	0.0385905	0.0201321	0.930679	0.1330968
59200	-289.2006	-286.7895	-2.411101	0.4491088	0.064265	0.165757	0.211577	0.558401	0.1946049
59400	-283.3824	-280.746	-2.636416	0.678821	0.011768	0.189583	0.42581	0.37284	0.004590256
59600	-284.4695	-281.4706	-2.998838	0.673448	0.0244416	0.172466	0.429133	0.373959	0.04528385
59800	-286.9719	-283.1272	-3.84464	0.6974116	0.100987	0.231452	0.533305	0.134256	0.1028316
60000	-285.8286	-283.5906	-2.237996	0.6426022	0.0990795	0.34488	0.438662	0.117379	0.001106835
60200	-287.9772	-282.0143	-5.962915	0.7571796	0.023012	0.143899	0.792244	0.0408455	0.2561195
60400	-285.132	-282.8154	-2.316649	0.6132867	0.00302537	0.283917	0.0898309	0.623227	0.03608764
60600	-284.9491	-282.7663	-2.182783	0.5598361	0.0159502	0.188182	0.188838	0.60703	0.07551404
60800	-286.9644	-285.2523	-1.712125	0.5615908	0.0243579	0.0872295	0.695782	0.19263	0.02775267
61000	-286.0986	-282.2436	-3.855031	0.5289116	0.00874246	0.0147153	0.7931	0.183442	0.2600182
61200	-284.3396	-281.8534	-2.4862	0.5825739	0.019991	0.123299	0.45533	0.40138	0.0824177
61400	-286.4626	-284.2178	-2.244766	0.6115269	0.110247	0.262161	0.196016	0.431576	0.0318175
61600	-285.7998	-284.0164	-1.783449	0.5255152	0.0501335	0.172997	0.475044	0.301825	0.06803606
61800	-283.3429	-281.4858	-1.857081	0.5788603	0.00127583	0.0730436	0.772694	0.152986	0.02571104
62000	-284.601	-281.1509	-3.450056	0.7186199	0.0229805	0.249107	0.70659	0.0213227	0.04514956
62200	-286.3422	-282.3067	-4.035475	0.6563199	0.00681877	0.522078	0.406263	0.0648402	0.16552
62400	-287.2447	-285.0288	-2.215891	0.5705809	0.0473955	0.0317721	0.668084	0.252748	0.06498709
62600	-285.283	-284.5408	-0.7421423	0.4389029	0.00279032	0.0671569	0.240537	0.689516	0.05062131
62800	-286.448	-284.3645	-2.083489	0.521323	0.0404401	0.109681	0.537346	0.312533	0.09974618
63000	-283.9391	-281.5232	-2.415905	0.6264785	0.0451228	0.0140973	0.80399	0.13679	0.03359663
63200	-289.2999	-286.9149	-2.385027	0.4595097	0.0624149	0.281281	0.0364083	0.619896	0.1851587
63400	-286.677	-282.0582	-4.618856	0.6677013	0.0499969	0.343555	0.186086	0.420362	0.2046286
63600	-284.4569	-282.1656	-2.291262	0.6001552	0.0367379	0.202322	0.397156	0.363784	0.04588068
63800	-289.2233	-282.1567	-7.066618	0.7564211	0.0145641	0.341258	0.569151	0.0750267	0.3542968
64000	-284.5556	-281.7976	-2.757986	0.6859092	0.0253844	0.0193019	0.571497	0.383816	0.009501081
64200	-288.6922	-283.3206	-5.37157	0.8972388	0.0340297	0.2007	0.0580887	0.707182	0.05753291
64400	-283.8217	-282.1776	-1.644094	0.5557711	0.00194714	0.11355	0.326496	0.558007	0.02778325
64600	-284.0365	-281.863	-2.173572	0.5940193	0.00216109	0.727519	0.215119	0.055201	0.04138633
64800	-287.5975	-283.4004	-4.197117	0.6409865	0.0450004	0.145103	0.362407	0.44749	0.1943333
65000	-286.7258	-282.8558	-3.870021	0.7343292	0.0790749	0.463681	0.13197	0.325274	0.06934826
65200	-284.8386	-283.0594	-1.779259	0.5574482	0.00232044	0.123879	0.812846	0.0609541	0.03770769
65400	-287.835	-285.6216	-2.213408	0.615916	0.0142536	0.0843658	0.714615	0.186765	0.02508888
65600	-287.0709	-283.7819	-3.288993	0.4649226	0.0248137	0.0303933	0.199243	0.74555	0.2642739
65800	-289.1713	-284.7983	-4.372984	0.7227741	0.0814572	0.330281	0.157621	0.430641	0.1327427
66000	-286.0469	-283.9026	-2.144281	0.488141	0.00151791	0.108707	0.639443	0.250332	0.1342828
66200	-286.8613	-282.7665	-4.094821	0.7406565	0.0517434	0.00610963	0.553124	0.389023	0.08635413
66400	-283.7673	-282.3744	-1.392944	0.55083	0.0261645	0.226392	0.48416	0.263283	0.008006054
66600	-287.9395	-282.8113	-5.128219	0.874323	0.10327	0.0737907	0.187663	0.635276	0.05802059
66800	-285.9884	-282.5795	-3.408951	0.7428884	0.0372485	0.254534	0.288129	0.420089	0.01746317
67000	-288.926	-285.6278	-3.29819	0.5561817	0.0831999	0.326544	0.316825	0.273431	0.1830635
67200	-285.4778	-283.3427	-2.135055	0.585805	0.0748068	0.338067	0.509809	0.0773179	0.04497125
67400	-285.8995	-284.4664	-1.43307	0.5196768	0.0795079	0.163766	0.221018	0.535708	0.04097488
67600	-287.9432	-283.0495	-4.893762	0.8221147	0.0348367	0.568675	0.384273	0.0122153	0.08632247
67800	-289.0536	-284.0287	-5.024841	0.8224915	0.0957642	0.708525	0.0410385	0.154673	0.09776239
68000	-285.0154	-283.6382	-1.377204	0.5001863	0.0222613	0.0399378	0.0179381	0.919863	0.0548159
68200	-284.9075	-281.4731	-3.434372	0.7440221	0.00277193	0.256568	0.369847	0.370813	0.01903125
68400	-283.1939	-281.4902	-1.703722	0.5834851	0.0135663	0.0300722	0.916217	0.0401446	0.006530249
68600	-283.477	-281.0401	-2.436869	0.6452611	0.022017	0.0888583	0.234444	0.654681	0.01765174
68800	-286.4387	-281.4557	-4.982965	0.7762168	0.036428	0.0646881	0.86236	0.0365238	0.1407949
69000	-285.9476	-284.6746	-1.272994	0.5408134	0.0769264	0.117768	0.710386	0.0949195	0.006264468
69200	-285.0484	-282.2714	-2.777	0.6480739	0.0138683	0.525178	0.34021	0.120744	0.04831821
69400	-283.818	-283.2482	-0.5697479	0.4657673	0.00892385	0.0452475	0.848137	0.0976914	0.01045753
69600	-286.0226	-281.7799	-4.24269	0.6665353	0.03315	0.398844	0.5553	0.0127062	0.1702406
69800	-288.1061	-282.0127	-6.093416	0.7839441	0.0010785	0.378186	0.588728	0.0320069	0.2352805
70000	-286.4031	-281.7968	-4.606227	0.6726484	0.00264325	0.729524	0.206789	0.0610431	0.1985224
70200	-284.6171	-281.5397	-3.077348	0.6297888	0.041773	0.1187	0.253105	0.586422	0.09338704
70400	-285.5762	-282.9957	-2.58057	0.6531428	0.0847861	0.330808	0.265194	0.319211	0.02362556
70600	-285.9583	-281.7542	-4.204095	0.7225255	0.0312486	0.190378	0.34118	0.437194	0.1151704
70800	-285.8209	-283.1602	-2.660623	0.6027995	0.0128459	0.495721	0.0384421	0.452991	0.07965524
71000	-287.8985	-284.5572	-3.341256	0.675209	0.0370589	0.0304082	0.886732	0.0458007	0.07948057
71200	-288.7232	-283.787	-4.936269	0.6927748	0.0347758	0.200164	0.401135	0.363925	0.2070633
71400	-286.3573	-285.3316	-1.025723	0.5197624	0.0383568	0.11114	0.787069	0.063435	0.002680207
71600	-287.3348	-283.7407	-3.594011	0.6540799	0.0891583	0.124336	0.243312	0.543193	0.1241667
71800	-283.9594	-281.0547	-2.904666	0.6870244	0.0203775	0.241486	0.580639	0.157498	0.02228939
72000	-284.755	-281.3433	-3.411753	0.7609546	0.0127531	0.233488	0.0576299	0.696129	0.0001835788
72200	-283.7248	-281.703	-2.02182	0.5854534	0.0115009	0.134076	0.12913	0.725293	0.03501841
72400	-285.8812	-283.5995	-2.281692	0.6012874	0.0143221	0.0308239	0.899258	0.0555959	0.04600703
72600	-284.7706	-281.1092	-3.661347	0.7219983	0.000457542	0.203631	0.0336978	0.762214	0.06158437
72800	-289.9575	-284.3174	-5.640034	0.9255554	0.0449991	0.0125171	0.930521	0.0119629	0.05664155
73000	-286.0836	-283.5478	-2.535854	0.5835504	0.0151086	0.447579	0.243336	0.293976	0.08798988
73200	-288.1401	-284.5228	-3.617263	0.7650327	0.0756815	0.714439	0.0908748	0.119005	0.0162491
73400	-285.2464	-280.9223	-4.324101	0.7555588	0.00348312	0.393512	0.388072	0.214932	0.09314737
73600	-286.7685	-283.3797	-3.388792	0.6327194	0.0155612	0.0395614	0.675829	0.269049	0.1187742
73800	-283.6533	-281.7566	-1.896708	0.5828089	0.0170922	0.0563805	0.103097	0.82343	0.02565701
74000	-285.7607	-283.1	-2.660727	0.6535407	0.0769589	0.646196	0.18259	0.0942561	0.03117466
74200	-284.0304	-280.7444	-3.286031	0.6904866	0.00110796	0.214461	0.487611	0.29682	0.05643496
74400	-283.331	-281.1077	-2.223248	0.6200851	0.0144805	0.0762694	0.862333	0.046917	0.02148415
74600	-284.4212	-282.9685	-1.452696	0.5298009	0.00339656	0.369499	0.275897	0.351207	0.03316328
74800	-286.3996	-282.8823	-3.517269	0.7263406	0.0420808	0.218842	0.00501518	0.734062	0.04319181
75000	-285.0884	-282.0846	-3.003748	0.7078336	0.0191366	0.218613	0.700545	0.0617046	0.01230757
75200	-288.2518	-283.6226	-4.629112	0.7698767	0.0639714	0.1355	0.586731	0.213797	0.1131114
75400	-285.2748	-281.4397	-3.835031	0.7942622	0.0311556	0.0799856	0.109875	0.778984	0.009158639
75600	-284.6326	-282.3609	-2.271653	0.5759706	0.0307547	0.352917	0.17551	0.440818	0.06791623
75800	-288.6076	-286.3889	-2.218606	0.5540574	0.0456293	0.36593	0.300988	0.287453	0.08562973
76000	-291.0438	-285.0203	-6.023488	0.6506564	0.0984589	0.0131204	0.471965	0.416456	0.348616
76200	-284.379	-283.8539	-0.5250657	0.4709204	0.0150788	0.205903	0.445094	0.333925	0.001457523
76400	-285.549	-283.3739	-2.17515	0.6306211	0.0355316	0.0144278	0.651214	0.298826	0.00682194
76600	-287.4701	-282.8938	-4.576264	0.7112304	0.00601269	0.516457	0.244766	0.232765	0.1560109
76800	-288.4083	-285.7715	-2.636739	0.5804542	0.057613	0.674859	0.177152	0.0903757	0.1017003
77000	-285.7514	-283.9419	-1.8095	0.5825334	0.0292186	0.0664299	0.399486	0.504865	0.01729238
77200	-285.3253	-282.1653	-3.160024	0.6910155	0.0392782	0.388962	0.317111	0.254649	0.04434014
77400	-288.2001	-281.3661	-6.833967	0.6904724	0.0326883	0.11704	0.458915	0.391357	0.3961629
77600	-283.1532	-280.8143	-2.338901	0.6155251	0.0100728	0.0291674	0.330243	0.630517	0.03642386
77800	-284.5457	-280.761	-3.784698	0.619119	0.00122923	0.16581	0.593445	0.239516	0.1701716
78000	-283.5062	-282.7962	-0.7099783	0.4900829	0.00501317	0.152006	0.0634503	0.77953	0.0008202661
78200	-285.1443	-281.1708	-3.973516	0.7610917	0.0241548	0.0909173	0.725439	0.159489	0.05439798
78400	-285.2119	-281.9528	-3.259127	0.5556367	0.0244806	0.10588	0.34358	0.526059	0.1814223
78600	-283.8676	-282.0202	-1.847419	0.5824025	0.0107754	0.482315	0.203675	0.303234	0.02141322
78800	-284.1797	-281.4913	-2.688427	0.651816	0.0361877	0.222522	0.0116761	0.729614	0.03542223
79000	-285.3732	-281.5266	-3.846529	0.767036	0.00557523	0.0518111	0.374579	0.568034	0.03618612
79200	-284.9432	-282.6843	-2.258942	0.5910817	0.0172286	0.241548	0.0213059	0.719918	0.0526138
79400	-288.0009	-285.1624	-2.838552	0.5476614	0.0969427	0.251843	0.624861	0.0263529	0.1502637
79600	-283.9048	-281.8299	-2.074909	0.6119983	0.0313593	0.292221	0.266163	0.410257	0.01475443
79800	-289.7337	-285.9625	-3.771208	0.6388552	0.0760996	0.164152	0.477562	0.282186	0.155734
80000	-284.5765	-281.7885	-2.787992	0.6544011	0.000594792	0.0145034	0.629869	0.355033	0.04387739
80200	-287.9736	-285.2917	-2.68198	0.5263817	0.0800116	0.24875	0.517683	0.153556	0.1562045
80400	-287.4395	-283.5533	-3.886223	0.6412828	0.0224484	0.206819	0.0828662	0.687867	0.164551
80600	-285.7437	-283.1449	-2.598837	0.6643777	0.0689437	0.12804	0.139618	0.663398	0.01458499
80800	-285.2148	-282.4487	-2.76613	0.5724509	0.00873684	0.358229	0.0681138	0.564921	0.1200682
81000	-286.7045	-280.7468	-5.957735	0.700423	0.0122368	0.0501542	0.902903	0.0347064	0.3023232
81200	-288.7618	-284.9174	-3.844472	0.7468336	0.0425626	0.87363	0.00827464	0.0755326	0.05754885
81400	-284.5174	-282.7881	-1.729299	0.5346851	0.00669161	0.0539361	0.724302	0.215071	0.05326218
81600	-284.8331	-282.0064	-2.826655	0.6205612	0.0389743	0.381087	0.0819192	0.49802	0.07840191
81800	-285.6694	-282.4565	-3.212971	0.669075	0.0427574	0.00792949	0.213575	0.735738	0.06763453
82000	-285.5561	-283.7067	-1.849393	0.5896382	0.0573282	0.12372	0.25477	0.564182	0.01428751
82200	-283.4679	-281.4331	-2.034803	0.5950638	0.00939676	0.216031	0.518132	0.25644	0.02716544
82400	-284.3449	-280.833	-3.511932	0.6479715	0.00833898	0.0834378	0.113864	0.79436	0.1181621
82600	-287.6731	-285.129	-2.544111	0.6141628	0.0115621	0.701932	0.137251	0.149255	0.05941325
82800	-286.5166	-282.8726	-3.644009	0.7356864	0.03372	0.604389	0.203786	0.158105	0.04692399
83000	-289.6902	-287.3578	-2.332365	0.5943258	0.142759	0.293036	0.445842	0.118363	0.05786396
83200	-287.856	-282.936	-4.919929	0.65446	0.0428766	0.191165	0.589861	0.176098	0.2414111
83400	-285.2127	-282.7105	-2.502199	0.656427	0.0537073	0.220739	0.641463	0.0840909	0.01301662
83600	-285.4943	-284.9138	-0.5805209	0.4759573	0.00173963	0.0786034	0.827553	0.0921038	0.001967144
83800	-286.8967	-282.1335	-4.763132	0.6748192	0.000392302	0.0317759	0.835051	0.132781	0.2098092
84000	-286.231	-282.4515	-3.779568	0.7097224	0.0853724	0.142348	0.668411	0.103869	0.08657019
84200	-284.7733	-281.5007	-3.272509	0.5820274	0.00609632	0.267525	0.159853	0.566526	0.1577624
84400	-289.9075	-287.3805	-2.527024	0.625677	0.129512	0.397022	0.306622	0.166843	0.04581191
84600	-286.2069	-281.6785	-4.528423	0.7812907	0.0421891	0.125824	0.826556	0.00543059	0.08976011
84800	-286.4665	-283.447	-3.019476	0.6245554	0.0311521	0.396366	0.359952	0.212531	0.09548984
85000	-285.3696	-280.8466	-4.523042	0.7295002	0.0207724	0.0709525	0.432734	0.475541	0.138076
85200	-285.8263	-283.111	-2.715347	0.5410678	0.0115861	0.296523	0.335856	0.356034	0.1407469
85400	-290.0485	-284.9746	-5.07387	0.7478528	0.117827	0.339943	0.197766	0.344465	0.1807428
85600	-285.4	-282.2934	-3.106634	0.6238694	0.0455502	0.246284	0.338594	0.369572	0.1028695
85800	-287.6744	-282.7062	-4.968233	0.7961559	0.0137156	0.240371	0.45745	0.288463	0.1209306
86000	-285.6588	-284.5135	-1.145374	0.473547	0.0169353	0.0201841	0.933446	0.029435	0.0567678
86200	-287.3335	-283.5537	-3.779815	0.7189002	0.00841708	0.532638	0.00433416	0.45461	0.07793434
86400	-289.0413	-285.9563	-3.084989	0.6270344	0.0660101	0.182465	0.749894	0.00163127	0.09833445
86600	-287.0434	-282.8908	-4.152612	0.7333365	0.09229	0.216512	0.627095	0.0641026	0.1001616
86800	-285.5215	-283.5238	-1.99769	0.6067422	0.0974951	0.0611643	0.620741	0.2206	0.01239749
87000	-285.2074	-282.3892	-2.818157	0.683177	0.0562072	0.0537697	0.264021	0.626003	0.01796561
87200	-288.3018	-282.3918	-5.910068	0.7825668	0.0801897	0.255766	0.570157	0.0938879	0.2214464
87400	-285.6746	-282.0782	-3.596489	0.5938389	0.0313317	0.198924	0.665526	0.104219	0.1752493
87600	-286.7333	-285.4052	-1.328158	0.4739493	0.047935	0.146686	0.52428	0.281098	0.07461299
87800	-284.7615	-281.2686	-3.492833	0.6558041	0.0144921	0.199946	0.307273	0.478288	0.11028
88000	-284.8285	-283.2087	-1.619791	0.5555359	0.0536397	0.0287326	0.711906	0.205722	0.02559256
88200	-287.3291	-283.5172	-3.811871	0.737366	0.057537	0.511384	0.389905	0.0411748	0.06375851
88400	-286.0088	-283.4671	-2.541685	0.5625926	0.089239	0.00568002	0.0499697	0.855111	0.1047993
88600	-289.4089	-288.6877	-0.7212393	0.4599569	0.0153135	0.393077	0.180927	0.410683	0.03040975
88800	-286.7736	-283.0223	-3.751379	0.7896868	0.0169869	0.714571	0.0726146	0.195828	0.005226962
89000	-285.4425	-283.6671	-1.775433	0.5004851	0.0239531	0.107613	0.405699	0.462735	0.09054103
89200	-285.3843	-283.0826	-2.301764	0.5517363	0.00830527	0.163094	0.437762	0.390839	0.09311617
89400	-288.9617	-286.258	-2.703725	0.5041737	0.0667315	0.0823295	0.530084	0.320855	0.1791641
89600	-284.5703	-282.0637	-2.506636	0.665517	0.0669686	0.0176939	0.908173	0.00716468	0.004969695
89800	-284.7631	-282.5641	-2.199008	0.6345002	0.0362199	0.0989818	0.61891	0.245889	0.005018538
90000	-287.7083	-283.575	-4.133244	0.6577515	0.0458063	0.0713544	0.270182	0.612657	0.1694268
90200	-285.9007	-281.0556	-4.845123	0.7486864	0.0158723	0.301142	0.159445	0.523541	0.1516095
90400	-284.6519	-282.4778	-2.174096	0.5809471	0.00319355	0.105898	0.350709	0.540199	0.05367838
90600	-285.8952	-281.5771	-4.318143	0.8331099	0.0280491	0.0594034	0.148226	0.764322	0.01834483
90800	-288.7195	-283.9788	-4.740667	0.6557689	0.0322239	0.196544	0.576201	0.195031	0.2266
91000	-289.9399	-283.9413	-5.998573	0.5346825	0.010247	0.503596	0.438613	0.0475441	0.4621092
91200	-285.4423	-282.1048	-3.337428	0.6504504	0.0678485	0.0921672	0.0959314	0.744053	0.09866065
91400	-287.6293	-283.115	-4.514268	0.8103068	0.119644	0.0681474	0.430296	0.381913	0.05883214
91600	-285.3929	-281.9931	-3.399826	0.6060014	0.0382364	0.0938754	0.0794514	0.788437	0.1483603
91800	-285.1066	-281.716	-3.390637	0.6889093	0.0301328	0.532637	0.0882509	0.34898	0.06696269
92000	-285.9974	-284.7077	-1.289688	0.513181	0.00752152	0.142156	0.554235	0.296087	0.03490845
92200	-284.2994	-282.6686	-1.630794	0.5612684	0.00488396	0.422056	0.24758	0.32548	0.02102194
92400	-284.4449	-281.3955	-3.049385	0.7077419	0.0042337	0.2076	0.306931	0.481236	0.01676497
92600	-285.8779	-282.5642	-3.313744	0.6559936	0.0724921	0.0119931	0.176136	0.739379	0.0932736
92800	-285.5044	-283.8868	-1.617656	0.5447801	0.0472507	0.00117663	0.840655	0.110917	0.03488048
93000	-290.1074	-283.6438	-6.463586	0.845088	0.135748	0.190118	0.00319508	0.670939	0.2147075
93200	-288.3334	-283.4518	-4.881573	0.7736575	0.00953551	0.631882	0.173156	0.185427	0.132254
93400	-286.2878	-285.5009	-0.7869142	0.4430497	0.0313941	0.276818	0.484919	0.206869	0.05189553
93600	-287.2247	-285.4541	-1.770647	0.5826055	0.0775933	0.352648	0.440651	0.129107	0.01406906
93800	-285.2041	-282.3632	-2.840869	0.5574044	0.00126662	0.00738273	0.787951	0.2034	0.1357134
94000	-290.0911	-289.2795	-0.8115784	0.4322795	0.0547751	0.03256	0.0550629	0.857602	0.06401527
94200	-286.4997	-283.4999	-2.999777	0.61859	0.0257703	0.629948	0.244012	0.10027	0.09723932
94400	-289.3427	-281.076	-8.266647	0.7856198	0.01453	0.193007	0.469581	0.322881	0.4467036
94600	-285.3064	-282.1959	-3.110418	0.721762	0.030117	0.540678	0.289314	0.139891	0.009209395
94800	-283.5425	-282.144	-1.398508	0.5546294	0.0119978	0.115388	0.479328	0.393286	0.004829213
95000	-285.2129	-282.693	-2.519865	0.5973982	0.060573	0.198322	0.508416	0.232689	0.07037573
95200	-284.3092	-281.3153	-2.993913	0.6486574	0.0209446	0.134647	0.203557	0.64085	0.0681087
95400	-285.5434	-281.9754	-3.56791	0.626271	0.017621	0.245624	0.151493	0.585262	0.146486
95600	-283.4036	-281.6945	-1.709062	0.5754559	0.0229686	0.190912	0.407095	0.379024	0.01461684
95800	-286.0632	-283.0855	-2.97778	0.6458476	0.100248	0.0811914	0.388846	0.429715	0.06927612
96000	-285.0366	-281.3431	-3.693505	0.7382263	0.0230308	0.414683	0.391878	0.170409	0.05014095
96200	-284.3025	-281.6875	-2.614985	0.6054997	0.010275	0.0868391	0.0957471	0.807139	0.07337002
96400	-285.2506	-282.9562	-2.294378	0.6029273	0.0281526	0.105198	0.116454	0.750195	0.04452967
96600	-284.7411	-283.1631	-1.577993	0.5502106	0.0235538	0.0680326	0.45489	0.453524	0.02563266
96800	-284.2751	-282.2655	-2.009629	0.5777841	0.0526967	0.0109841	0.103794	0.832525	0.04087507
97000	-289.4976	-283.2836	-6.214027	0.653924	0.0123731	0.00318077	0.400659	0.583787	0.3652447
97200	-283.3989	-281.3015	-2.097409	0.6296306	0.00381979	0.23008	0.201673	0.564427	7.739926e-05
97400	-284.736	-282.4767	-2.259343	0.6265344	0.00759793	0.37776	0.592984	0.0216586	0.01825127
97600	-284.1353	-280.7476	-3.387719	0.7540927	0.0109983	0.0178707	0.13318	0.837951	0.004566488
97800	-284.9993	-282.7883	-2.210984	0.5950912	0.00615289	0.00853633	0.823091	0.16222	0.04451777
98000	-285.3138	-282.891	-2.4228	0.6393764	0.0188778	0.118479	0.182781	0.679862	0.02227259
98200	-287.2966	-281.0627	-6.233881	0.7263726	0.00398208	0.387651	0.267995	0.340372	0.3027583
98400	-285.6894	-283.4725	-2.216912	0.5147845	0.0173688	0.237265	0.611385	0.133981	0.1174633
98600	-287.3231	-284.0204	-3.302676	0.5042248	0.0268744	0.528922	0.0180735	0.42613	0.2317106
98800	-282.5678	-280.7333	-1.834461	0.5887009	0.00406768	0.0338108	0.859281	0.10284	0.01389294
99000	-285.8975	-285.4414	-0.4561044	0.4492312	0.0148728	0.0873046	0.793591	0.104231	0.01542191
99200	-288.0869	-284.5913	-3.495684	0.5221483	0.038372	0.0643725	0.302545	0.594711	0.2358646
99400	-286.8907	-284.5272	-2.363489	0.649725	0.0401995	0.479618	0.0408277	0.439354	0.006168357
99600	-285.6641	-281.4329	-4.231197	0.7660537	0.0117066	0.53124	0.0226017	0.434451	0.07396254
99800	-286.8837	-285.1031	-1.780607	0.5866093	0.00930702	0.363683	0.422898	0.204112	0.01080784
100000	-285.874	-282.8703	-3.003708	0.6578617	0.0672643	0.151835	0.293863	0.487038	0.06050348
100200	-285.9809	-282.4133	-3.567603	0.7541041	0.0718232	0.54629	0.146914	0.234973	0.02220795
100400	-285.2102	-284.3421	-0.8681267	0.4913125	0.0135844	0.0396204	0.515094	0.431701	0.01440259
100600	-287.3695	-284.157	-3.212504	0.5602569	0.0812287	0.274042	0.121646	0.523084	0.172824
100800	-285.6763	-281.7289	-3.947402	0.7289818	0.0355899	0.140068	0.417258	0.407084	0.08318882
101000	-287.3784	-282.0016	-5.376707	0.7519484	0.0356497	0.03286	0.117869	0.813621	0.2058111
101200	-285.1528	-281.7856	-3.367156	0.7292077	0.00134451	0.122058	0.413963	0.462634	0.02663669
101400	-285.1124	-283.6583	-1.454123	0.5575982	0.019437	0.495195	0.0251593	0.460209	0.007562745
101600	-286.4065	-283.942	-2.464502	0.5832544	0.101651	0.160513	0.587584	0.150252	0.07900448
101800	-288.8471	-283.4071	-5.439938	0.8318729	0.0280736	0.718709	0.170897	0.0823207	0.1287467
102000	-285.4089	-283.4069	-2.00198	0.5713267	0.0211002	0.0528646	0.722104	0.203931	0.04714606
102200	-286.6074	-285.4935	-1.113933	0.505442	0.035399	0.191838	0.738841	0.0339225	0.0237532
102400	-287.099	-284.9007	-2.19834	0.5752686	0.084561	0.037119	0.69234	0.18598	0.06194218
102600	-290.0468	-284.5041	-5.542673	0.6643151	0.0652834	0.0769871	0.536538	0.321191	0.3051363
102800	-288.4534	-286.5696	-1.883804	0.4473433	0.0488609	0.121907	0.653663	0.175569	0.1484334
103000	-285.6722	-281.5991	-4.073089	0.8237232	0.0156207	0.44149	0.301418	0.241472	0.003445024
103200	-284.6936	-281.9893	-2.704297	0.6249912	0.0356374	0.306748	0.403855	0.253759	0.06265967
103400	-285.4157	-281.5128	-3.902863	0.7835675	0.00349024	0.125045	0.832387	0.0390774	0.02627321
103600	-289.4218	-285.4965	-3.925297	0.8034036	0.182643	0.216311	0.328821	0.272225	0.00887622
103800	-285.1246	-283.1566	-1.967927	0.6025241	0.0156638	0.0157976	0.793198	0.17534	0.01312913
104000	-286.0413	-282.4533	-3.58802	0.7206053	0.0505179	0.230653	0.157099	0.561731	0.0573343
104200	-289.1957	-288.4645	-0.731185	0.4573467	0.00168222	0.801744	0.10222	0.0943539	0.03298157
104400	-288.3119	-284.148	-4.16391	0.6588547	0.135315	0.327381	0.190627	0.346677	0.172309
104600	-284.0085	-281.8955	-2.113001	0.6182367	0.0170584	0.281839	0.433681	0.267422	0.01254403
104800	-286.1946	-281.5839	-4.610771	0.5804326	0.0041886	0.361414	0.314857	0.31954	0.2864086
105000	-285.9625	-281.5014	-4.46113	0.6649995	0.033274	0.0225187	0.435579	0.508628	0.1928858
105200	-288.1029	-283.5881	-4.514715	0.7696536	0.139919	0.520322	0.219521	0.120238	0.1004193
105400	-285.6858	-283.8061	-1.879655	0.5303923	0.0103102	0.237448	0.718047	0.0341957	0.07454051
105600	-285.0323	-282.2762	-2.756075	0.6189882	0.00836151	0.379405	0.0787854	0.533448	0.07283862
105800	-287.111	-282.3708	-4.740135	0.7541555	0.0546866	0.0447804	0.829343	0.07119	0.1354116
106000	-289.0435	-284.0209	-5.022657	0.7774447	0.114651	0.67307	0.127771	0.0845076	0.1446856
106200	-290.0451	-286.0128	-4.032349	0.5429798	0.122178	0.386194	0.351301	0.140327	0.2664876
106400	-286.2392	-282.28	-3.959295	0.7981599	0.015717	0.0727356	0.245347	0.6662	0.01792435
106600	-284.7492	-283.7075	-1.041744	0.5054858	0.0192943	0.0829763	0.573968	0.323762	0.01715766
106800	-286.5497	-282.0385	-4.51115	0.7616029	0.0554121	0.405248	0.0432121	0.496128	0.1064993
107000	-285.3187	-281.1084	-4.210311	0.5917519	0.00640346	0.0365647	0.0800674	0.876964	0.2382284
107200	-283.9267	-282.5505	-1.376154	0.5385933	0.00248672	0.148299	0.559724	0.28949	0.01786932
107400	-287.6033	-285.2384	-2.364916	0.5494005	0.0517971	0.0404768	0.48402	0.423706	0.09895612
107600	-286.1307	-281.9852	-4.145527	0.7288032	0.0694802	0.0183536	0.14531	0.766856	0.1036353
107800	-285.2557	-282.417	-2.838674	0.6806398	0.0882857	0.0149935	0.423525	0.473196	0.02241941
108000	-284.7522	-283.2996	-1.452625	0.5439503	0.0252063	0.691807	0.142965	0.140022	0.02029699
108200	-287.4246	-283.6793	-3.745307	0.5312556	0.0134334	0.280053	0.11174	0.594774	0.2539002
108400	-283.9818	-281.3735	-2.608313	0.6797141	0.0192565	0.361399	0.352213	0.267131	0.001058124
108600	-285.2162	-281.7874	-3.428766	0.7226412	0.00200972	0.415178	0.298109	0.284703	0.03958485
108800	-284.5117	-282.0444	-2.467377	0.6431108	0.0074156	0.478032	0.373209	0.141344	0.02242966
109000	-287.0136	-281.9783	-5.035221	0.7439507	0.0675767	0.155775	0.185382	0.591266	0.174238
109200	-290.6043	-287.6911	-2.913269	0.697917	0.210251	0.16401	0.596096	0.0296434	0.01328896
109400	-286.3925	-282.7886	-3.603942	0.7777976	0.0676176	0.0874236	0.596272	0.248686	0.002503754
109600	-285.1025	-283.3198	-1.782678	0.530984	0.0353784	0.0664995	0.312752	0.585371	0.06391951
109800	-289.1016	-286.0187	-3.082817	0.722217	0.0440941	0.497038	0.209947	0.248921	0.006055731
110000	-288.2404	-284.6225	-3.617892	0.5838722	0.0357105	0.279266	0.0214476	0.663576	0.1854048
110200	-287.3636	-283.3949	-3.96868	0.6605527	0.1013	0.438994	0.282494	0.177212	0.1521217
110400	-283.1473	-281.3361	-1.811176	0.5975257	7.95784e-05	0.275884	0.0934458	0.630591	0.003351346
110600	-285.2331	-283.6196	-1.613482	0.5143968	0.0293428	0.0241418	0.331707	0.614809	0.06147696
110800	-283.6876	-280.6719	-3.015746	0.6745386	0.0085873	0.0517866	0.167204	0.772422	0.0454247
111000	-285.0721	-281.5119	-3.560135	0.7010949	0.00325559	0.147913	0.201091	0.64774	0.07135711
111200	-285.6839	-282.1149	-3.569009	0.5958696	0.04793	0.111756	0.749372	0.0909419	0.1733333
111400	-285.216	-281.7372	-3.478765	0.6762407	0.0314132	0.178427	0.591965	0.198195	0.08658864
111600	-289.473	-287.9636	-1.509337	0.4934924	0.0713586	0.717157	0.0564585	0.155026	0.07585264
111800	-286.1368	-281.8103	-4.326534	0.8035846	0.0590659	0.110781	0.608238	0.221915	0.04797153
112000	-287.5847	-284.9825	-2.602221	0.5309417	0.0686151	0.0211424	0.876983	0.0332597	0.1417609
112200	-285.3794	-283.0139	-2.365545	0.6138207	0.00111555	0.226263	0.203721	0.5689	0.04138326
112400	-286.9295	-284.0441	-2.885439	0.6189955	0.130487	0.0885112	0.125128	0.655874	0.08573477
112600	-283.9352	-282.6207	-1.314447	0.5476652	0.0248424	0.103585	0.024097	0.847476	0.003536364
112800	-283.8824	-282.2575	-1.624941	0.5321408	0.000234827	0.0205699	0.264766	0.714429	0.04617603
113000	-285.3894	-284.0816	-1.307844	0.5441089	0.0720592	0.280322	0.294074	0.353544	0.006214369
113200	-285.7893	-281.4682	-4.321122	0.6864682	0.00998673	0.609053	0.253951	0.127009	0.1590322
113400	-287.9272	-285.2753	-2.651972	0.6292915	0.151122	0.164905	0.268006	0.415967	0.05286793
113600	-289.6902	-285.5654	-4.124791	0.7665018	0.0233419	0.132848	0.810851	0.0329593	0.06255372
113800	-284.6142	-282.5622	-2.052007	0.5509701	0.034733	0.0464139	0.0292116	0.889642	0.07083095
114000	-283.7862	-281.9164	-1.869808	0.5908579	0.00746534	0.57148	0.140942	0.280113	0.01526998
114200	-288.6568	-286.3623	-2.294523	0.5249667	0.0551409	0.161448	0.764877	0.018534	0.1146275
114400	-290.2187	-285.3553	-4.863391	0.7354643	0.101515	0.168495	0.306603	0.423387	0.1684445
114600	-287.7816	-284.8637	-2.917843	0.6379876	0.134254	0.614814	0.0492631	0.201668	0.07240717
114800	-287.1777	-283.7163	-3.461357	0.7115903	0.0642169	0.122754	0.169015	0.644014	0.05289369
115000	-285.3248	-282.2102	-3.114638	0.6674567	0.0379393	0.228518	0.72974	0.00380223	0.06282435
115200	-286.0277	-282.3367	-3.691038	0.6307131	0.0224147	0.161372	0.24549	0.570723	0.1553748
115400	-285.8121	-283.3898	-2.422347	0.6589566	0.0798016	0.44231	0.419803	0.0580849	0.00310868
115600	-287.0437	-284.8103	-2.233418	0.5647573	0.0540907	0.151329	0.686354	0.108227	0.07471669
115800	-282.8612	-281.1066	-1.754646	0.5816047	0.00574934	0.00602958	0.0621803	0.926041	0.01327148
116000	-286.1583	-283.8142	-2.344041	0.6180786	0.0382858	0.151707	0.793468	0.0165391	0.03571739
116200	-284.9016	-282.2288	-2.672806	0.5464149	0.0411639	0.00760819	0.44509	0.506138	0.1335469
116400	-284.4225	-281.56	-2.862518	0.6546504	0.0191671	0.312022	0.0679448	0.600866	0.0492329
116600	-288.0462	-283.2026	-4.843585	0.5838118	0.0341958	0.451696	0.372627	0.141481	0.3075541
116800	-287.4084	-283.9926	-3.415848	0.4620403	0.0147239	0.122403	0.763806	0.0990673	0.2753073
117000	-285.855	-281.1785	-4.676572	0.8026602	0.000251828	0.117502	0.440564	0.441683	0.08345546
117200	-285.3552	-282.1031	-3.252068	0.7139167	0.0159373	0.257101	0.150721	0.576241	0.02999288
117400	-289.9589	-282.1675	-7.79144	1.00596	0.0325069	0.310683	0.452966	0.203844	0.1976063
117600	-284.8247	-280.6081	-4.216591	0.6484985	0.0157462	0.0338909	0.0982832	0.85208	0.1844632
117800	-285.9476	-284.5146	-1.433037	0.5513168	0.0983934	0.118259	0.620135	0.163212	0.01137852
118000	-286.091	-283.5148	-2.576163	0.4936628	0.0135007	0.0760406	0.0337961	0.876663	0.1687993
118200	-283.8032	-281.5297	-2.273503	0.5905358	0.0118509	0.220504	0.222661	0.544984	0.05439061
118400	-292.6739	-290.6797	-1.994178	0.5027794	0.18182	0.228334	0.100453	0.489393	0.1092189
118600	-286.916	-283.8551	-3.060904	0.648852	0.0260374	0.145917	0.0441689	0.783877	0.07649114
118800	-287.7793	-281.9643	-5.815015	0.9137218	0.0339057	0.17781	0.59651	0.191774	0.08945392
119000	-286.0775	-284.0242	-2.053332	0.6173266	0.0777937	0.563563	0.296854	0.0617896	0.007778015
119200	-287.1336	-285.8645	-1.269101	0.50981	0.0309648	0.0458388	0.648797	0.2744	0.03420169
119400	-285.1044	-282.2012	-2.903172	0.6973007	0.00302893	0.748485	0.227632	0.0208536	0.01230116
119600	-286.5553	-283.6727	-2.882556	0.4852019	0.0159484	0.0201782	0.326659	0.637214	0.202716
119800	-284.324	-282.108	-2.216066	0.5772985	0.00234467	0.222174	0.242896	0.532585	0.0615747
120000	-283.8647	-281.1992	-2.665517	0.635674	0.0123581	0.17265	0.361759	0.453233	0.04868745
120200	-286.9719	-282.9834	-3.988554	0.5842362	0.0163756	0.354863	0.144064	0.484698	0.2277683
120400	-287.7452	-286.658	-1.087291	0.4115854	0.000129239	0.393402	0.130736	0.475733	0.1095661
120600	-284.6388	-281.0041	-3.634735	0.7665681	0.0194175	0.0791129	0.109608	0.791862	0.01650588
120800	-289.1026	-285.2804	-3.822163	0.7481881	0.170163	0.181353	0.519977	0.128507	0.05333773
121000	-285.8245	-281.5702	-4.254307	0.6373962	0.00920198	0.0470063	0.14115	0.802642	0.1956764
121200	-283.7124	-282.3849	-1.32755	0.5052346	0.00840304	0.00355941	0.485265	0.502773	0.04433822
121400	-284.1298	-282.8209	-1.308839	0.5127148	0.0279712	0.144063	0.035183	0.792783	0.03579861
121600	-285.8286	-282.6511	-3.177475	0.6225218	0.0594562	0.101576	0.726206	0.112761	0.1121692
121800	-286.1043	-283.7203	-2.383987	0.5818823	0.0530867	0.122554	0.227401	0.596958	0.07485641
122000	-285.6084	-280.6987	-4.909712	0.6642773	0.0061227	0.214114	0.0402692	0.739494	0.2358751
122200	-286.0327	-283.089	-2.94368	0.5336744	0.0278708	0.0581281	0.598883	0.315118	0.1740282
122400	-284.8092	-282.542	-2.267181	0.6083449	0.0136975	0.285874	0.287742	0.412687	0.03696968
122600	-285.2817	-281.0036	-4.278074	0.7500017	0.0306252	0.0206087	0.571453	0.377313	0.09509797
122800	-288.1149	-285.1783	-2.936622	0.523967	0.076503	0.559444	0.357458	0.00659415	0.179898
123000	-284.6031	-281.659	-2.944153	0.5819528	0.0261322	0.10087	0.140786	0.732211	0.1242297
123200	-285.8202	-280.723	-5.097238	0.7015159	0.00696531	0.0731232	0.909756	0.0101551	0.2199524
123400	-287.5644	-282.2969	-5.267543	0.904139	0.0243995	0.235024	0.661779	0.0787976	0.04329764
123600	-291.7329	-281.8839	-9.848968	0.869364	0.0359582	0.111139	0.111672	0.741231	0.518709
123800	-284.3673	-281.0773	-3.290029	0.7049005	0.0257708	0.0696487	0.779765	0.124815	0.04295252
124000	-288.1375	-283.8478	-4.289718	0.8021155	0.0747666	0.241168	0.358636	0.325429	0.0443991
124200	-286.6947	-282.3843	-4.310435	0.5847173	0.0117116	0.274997	0.209306	0.503986	0.2582215
124400	-288.3945	-286.0656	-2.328863	0.6176286	0.0892981	0.636954	0.0881498	0.185598	0.03418683
124600	-289.6591	-287.9905	-1.668661	0.5727886	0.0826487	0.109189	0.0763916	0.731771	0.01339642
124800	-286.7988	-282.4212	-4.377525	0.7429519	0.0237592	0.265192	0.0306587	0.680391	0.1113246
125000	-287.2936	-286.6975	-0.5961297	0.4696537	0.0330117	0.515894	0.0710886	0.380005	0.009258425
125200	-283.899	-282.2563	-1.642739	0.5740466	0.0452149	0.156	0.246481	0.552305	0.009623921
125400	-285.9114	-281.5643	-4.347097	0.8373817	0.0134245	0.441199	0.0433139	0.502062	0.0171848
125600	-283.2766	-281.8391	-1.437471	0.5270707	0.00403475	0.0925339	0.650548	0.252883	0.03421349
125800	-285.0714	-282.8732	-2.198213	0.5875417	0.0283403	0.310558	0.106466	0.554635	0.05060007
126000	-283.2723	-282.1244	-1.147929	0.5103814	0.00979104	0.0417503	0.361676	0.586782	0.02280748
126200	-283.0073	-280.76	-2.247345	0.6367324	0.000291234	0.108881	0.00252193	0.888306	0.007597506
126400	-287.5003	-283.935	-3.565274	0.6656642	0.0222305	0.439619	0.0933553	0.444795	0.1112284
126600	-286.7796	-282.4754	-4.304108	0.7735951	0.0723301	0.237281	0.101855	0.588534	0.07563853
126800	-284.5651	-282.6675	-1.897645	0.6000112	0.0218092	0.0915188	0.0190696	0.867602	0.00916683
127000	-285.1796	-284.6382	-0.5414013	0.454698	0.00439959	0.270385	0.667741	0.0574747	0.01827929
127200	-284.941	-282.0193	-2.921695	0.5808005	0.0122545	0.0841706	0.0631678	0.840407	0.1261813
127400	-285.8456	-284.4481	-1.397498	0.5238514	0.0219655	0.465333	0.417896	0.0948058	0.03317354
127600	-285.5737	-282.3324	-3.241325	0.7317862	0.0471402	0.262656	0.547635	0.142569	0.01201807
127800	-284.6058	-282.0747	-2.531121	0.6143375	0.031923	0.0914787	0.855496	0.0211023	0.05627596
128000	-284.0037	-281.6613	-2.342394	0.6434402	0.0146026	0.408127	0.355125	0.222145	0.01026165
128200	-284.2441	-281.6704	-2.573712	0.6536565	0.00233438	0.807319	0.0196356	0.170711	0.02289173
128400	-283.4241	-281.2361	-2.188008	0.5727664	0.000870949	0.0239312	0.865054	0.110144	0.06385778
128600	-285.8699	-282.0699	-3.799963	0.6972368	0.0483879	0.262963	0.684511	0.00413775	0.09840486
128800	-285.0961	-283.0013	-2.094747	0.59821	0.0013056	0.0394987	0.275863	0.683333	0.03099959
129000	-285.3848	-282.1759	-3.20887	0.7359759	0.0630661	0.448129	0.0706416	0.418163	0.004748727
129200	-289.0626	-285.1648	-3.89774	0.6774757	0.0905713	0.187539	0.0909141	0.630975	0.132241
129400	-287.6321	-283.5944	-4.037684	0.7945776	0.0123862	0.0336412	0.675627	0.278346	0.02964477
129600	-283.7969	-282.2764	-1.520484	0.5637008	0.0157771	0.00607118	0.964126	0.0140257	0.00811564
129800	-285.3458	-281.2423	-4.103525	0.6934419	0.0407216	0.0627117	0.671197	0.22537	0.1306899
130000	-287.2532	-282.9391	-4.314014	0.7051937	0.0261524	0.0719005	0.447258	0.45469	0.1430654
130200	-284.0519	-281.7455	-2.306401	0.5470733	0.00274056	0.218559	0.0630967	0.715604	0.09796783
130400	-288.218	-286.7972	-1.420746	0.5368459	0.0563618	0.451111	0.474548	0.0179791	0.02356292
130600	-287.7196	-283.3031	-4.416533	0.8460324	0.0716794	0.113625	0.239864	0.574832	0.0151685
130800	-287.2023	-281.6168	-5.585482	0.7353635	0.0379903	0.0246655	0.733922	0.203422	0.2358007
131000	-285.1618	-281.5132	-3.648609	0.7295527	0.0350769	0.136999	0.436893	0.391031	0.05364678
131200	-284.6805	-282.5379	-2.14258	0.6014133	0.0361684	0.406386	0.241927	0.315519	0.03154332
131400	-284.1651	-282.2323	-1.932761	0.5498278	0.018778	0.285302	0.390297	0.305623	0.05998852
131600	-283.6764	-281.522	-2.154379	0.5485011	0.00341766	0.0940909	0.144683	0.757808	0.08092487
131800	-287.9475	-282.2905	-5.657077	0.8355078	0.0653851	0.0628497	0.51804	0.353725	0.1441533
132000	-283.9096	-281.1009	-2.808658	0.6547282	0.0178653	0.191462	0.586212	0.20446	0.04359538
132200	-285.2943	-282.9582	-2.33612	0.6406199	0.00420603	0.180016	0.740415	0.0753628	0.01231995
132400	-286.3895	-282.8546	-3.534982	0.7600377	0.0333554	0.33013	0.419174	0.217341	0.01338244
132600	-288.5871	-286.4477	-2.139346	0.5201049	0.122447	0.149132	0.690585	0.0378359	0.1095041
132800	-289.3576	-285.5188	-3.838859	0.7938438	0.0686133	0.422367	0.0865574	0.422463	0.009752117
133000	-285.95	-283.8728	-2.077134	0.5584553	0.0494976	0.0324913	0.906963	0.0110485	0.06756544
133200	-289.405	-283.5304	-5.874581	1.006009	0.0196815	0.192945	0.0624323	0.724941	0.00143197
133400	-284.1026	-281.6562	-2.446334	0.6202007	0.0360274	0.119479	0.407569	0.436924	0.04180351
133600	-284.0956	-281.6715	-2.424138	0.5753802	0.00349093	0.0406524	0.100428	0.855429	0.08374773
133800	-283.7578	-281.3709	-2.386867	0.563968	0.00150057	0.0751551	0.515648	0.407697	0.09113823
134000	-286.1228	-284.3669	-1.755966	0.508765	0.0132155	0.222085	0.349653	0.415046	0.08086438
134200	-286.1672	-282.3939	-3.77328	0.7877602	0.00674107	0.420878	0.0531417	0.51924	0.009415568
134400	-289.1328	-282.3361	-6.796642	0.729529	0.0621215	0.103806	0.359898	0.474175	0.3540346
134600	-288.6383	-284.2464	-4.391915	0.6073676	0.0538024	0.0534482	0.233987	0.658762	0.2481165
134800	-285.4615	-284.1525	-1.309097	0.528649	0.00921299	0.435014	0.297915	0.257858	0.02105742
135000	-286.1473	-284.7803	-1.367046	0.5009085	0.0431668	0.0580413	0.816289	0.082503	0.0522472
135200	-283.4489	-281.532	-1.916873	0.6092048	0.000153006	0.599669	0.302303	0.0978755	0.002327532
135400	-284.387	-281.808	-2.579	0.6512301	0.0119963	0.668887	0.270924	0.0481928	0.02598116
135600	-284.0553	-282.2117	-1.84359	0.5554977	0.0271235	0.145765	0.616848	0.210263	0.04582063
135800	-290.8422	-284.0791	-6.763067	0.9804084	0.0400311	0.601263	0.169843	0.188862	0.117168
136000	-288.0839	-282.399	-5.684867	0.709654	0.00368516	0.707207	0.0236898	0.265418	0.2704352
136200	-285.7438	-281.9687	-3.775163	0.6374338	0.0128442	0.114093	0.834974	0.038089	0.149246
136400	-287.0069	-283.5336	-3.473213	0.7011585	0.105516	0.0158151	0.178583	0.700086	0.06554314
136600	-282.4674	-281.2059	-1.261491	0.5451624	0.0020981	0.0259242	0.577445	0.394533	0.0009006637
136800	-286.9583	-283.929	-3.02927	0.6863495	0.113169	0.471937	0.115043	0.299851	0.03509784
137000	-287.5445	-281.9492	-5.595291	0.8515212	0.0340157	0.0226352	0.178024	0.765325	0.1251854
137200	-285.5744	-282.9051	-2.669235	0.5706035	0.0528774	0.0440681	0.494335	0.40872	0.1099887
137400	-286.2101	-283.1831	-3.027002	0.6439284	0.0221441	0.569496	0.243818	0.164541	0.07623379
137600	-285.8246	-283.8247	-1.999892	0.6196469	0.0360539	0.554196	0.311336	0.0984137	0.0002978739
137800	-287.0945	-281.6807	-5.413804	0.5603171	0.0020001	0.111718	0.785755	0.100527	0.3737538
138000	-289.9774	-282.8702	-7.107126	0.738757	0.0148225	0.128665	0.411404	0.445109	0.3783291
138200	-283.5056	-282.0761	-1.429529	0.5583044	0.0229147	0.11744	0.350952	0.508693	0.004408283
138400	-284.0965	-281.5093	-2.587236	0.6529871	0.0192289	0.298686	0.541661	0.140423	0.02479351
138600	-286.6792	-284.5056	-2.173589	0.6343807	0.00708529	0.222455	0.619475	0.150984	0.002736978
138800	-284.4914	-283.0833	-1.40813	0.5345859	0.0118706	0.0255633	0.698205	0.264361	0.02417611
139000	-284.1958	-280.9081	-3.287734	0.7167679	0.0133715	0.0382337	0.200134	0.748261	0.03057078
139200	-284.1231	-281.2859	-2.837198	0.6248115	0.00130511	0.533806	0.390876	0.0740131	0.0755978
139400	-287.1617	-285.0631	-2.09854	0.4659987	0.0242502	0.244902	0.452589	0.278258	0.1529052
139600	-285.1955	-281.8378	-3.35773	0.7061101	0.00511779	0.527664	0.0881756	0.379043	0.04870914
139800	-287.1512	-282.6639	-4.487339	0.8435265	0.0280303	0.137163	0.405713	0.429093	0.02531988
140000	-286.1286	-283.1169	-3.011649	0.5910515	0.046532	0.346286	0.188462	0.41872	0.1215748
140200	-285.418	-283.7541	-1.663866	0.5319967	0.0207169	0.0555981	0.590591	0.333094	0.05122701
140400	-286.5348	-281.8478	-4.687007	0.8552129	0.0287571	0.502577	0.0525124	0.416154	0.03331556
140600	-283.8607	-281.5197	-2.340985	0.5904691	0.0122511	0.115381	0.454932	0.417436	0.0605259
140800	-287.0465	-285.0128	-2.033742	0.5691946	0.0306031	0.889159	0.0052188	0.0750195	0.05164449
141000	-283.3015	-280.7903	-2.511157	0.6535703	0.000532947	0.249774	0.00989541	0.739797	0.01659762
141200	-288.129	-285.5257	-2.603355	0.6070202	0.0402645	0.618401	0.163118	0.178217	0.07123764
141400	-283.1156	-281.7684	-1.347267	0.5492051	0.0238173	8.48654e-05	0.0968075	0.87929	0.005249442
141600	-285.8053	-284.2668	-1.538534	0.5670675	0.0203761	0.457842	0.510936	0.0108466	0.006551144
141800	-286.6121	-280.9649	-5.647216	0.7664916	0.0107369	0.191067	0.206836	0.591361	0.2085016
142000	-286.5077	-282.5123	-3.995322	0.6595009	0.0577074	0.217582	0.0909906	0.63372	0.1540028
142200	-285.491	-282.5681	-2.922971	0.7035093	0.049116	0.101848	0.80378	0.0452561	0.008737445
142400	-288.3886	-285.4738	-2.914739	0.5514786	0.0904231	0.0750213	0.486999	0.347557	0.1523937
142600	-286.3599	-285.4925	-0.8674619	0.4830967	0.06898	0.0204038	0.00544002	0.905176	0.02272172
142800	-284.5474	-282.7348	-1.812694	0.550955	0.00548895	0.161457	0.546605	0.286449	0.04664954
143000	-284.961	-283.7667	-1.194269	0.5287251	0.0208144	0.37117	0.345384	0.262632	0.009901947
143200	-283.8447	-281.6328	-2.211886	0.5792595	0.003689	0.295032	0.378687	0.322592	0.0586918
143400	-286.494	-285.0176	-1.476377	0.5623454	0.0297024	0.435985	0.295388	0.238924	0.005114825
143600	-287.5845	-281.9322	-5.65231	0.8763948	0.036575	0.0673817	0.270728	0.625316	0.1048186
143800	-285.5291	-284.2969	-1.232245	0.5342671	0.0376819	0.586432	0.114789	0.261098	0.008582521
144000	-283.2956	-281.1592	-2.136361	0.6217345	0.018528	0.178377	0.161687	0.641407	0.01132157
144200	-284.8295	-281.5539	-3.275682	0.6660529	0.0278485	0.175708	0.258767	0.537676	0.07960098
144400	-286.1265	-282.9383	-3.18826	0.7296748	0.0616084	0.521547	0.0311525	0.385692	0.00906132
144600	-287.1775	-284.4274	-2.750093	0.5741522	0.0200293	0.813714	0.00304148	0.163215	0.116474
144800	-284.5292	-281.0991	-3.430133	0.6190067	0.00687885	0.108828	0.4015	0.482794	0.1379454
145000	-288.6455	-284.1692	-4.47632	0.6652398	0.113195	0.637161	0.0990733	0.150571	0.1925873
145200	-290.2996	-283.8143	-6.485356	0.6123192	0.00041325	0.0386674	0.494757	0.466162	0.4226695
145400	-287.1399	-281.6291	-5.510771	0.6588157	0.0279748	0.0143821	0.738579	0.219065	0.2991283
145600	-289.5833	-286.6381	-2.945282	0.6032578	0.0514585	0.508928	0.0810632	0.358551	0.1103786
145800	-286.9959	-283.2931	-3.70285	0.780604	0.026899	0.814657	0.101922	0.0565216	0.009832363
146000	-285.562	-282.2043	-3.3577	0.6330183	0.00702591	0.543715	0.219968	0.229291	0.1205059
146200	-284.3461	-281.5159	-2.830281	0.6429279	0.0169472	0.197921	0.614378	0.170754	0.05852016
146400	-286.3841	-285.3196	-1.064514	0.4977002	0.0743174	0.0296501	0.128792	0.767241	0.02667349
146600	-286.0588	-280.5533	-5.505489	0.6561362	0.00236248	0.061903	0.559421	0.376313	0.3010785
146800	-285.0551	-281.2171	-3.837992	0.750311	0.0135669	0.234627	0.610189	0.141617	0.0513593
147000	-284.9569	-283.0932	-1.863759	0.5946094	0.00272221	0.31107	0.421921	0.264286	0.01129768
147200	-288.7749	-283.2204	-5.554555	0.7679734	0.0613851	0.555716	0.138451	0.244448	0.200655
147400	-282.7706	-280.9521	-1.818529	0.5825603	0.000747441	0.139763	0.539089	0.3204	0.01837722
147600	-283.505	-281.4863	-2.018756	0.5668752	0.013361	0.149262	0.0373059	0.800071	0.05205615
147800	-285.4924	-283.5684	-1.924079	0.5105708	0.0344908	0.0439878	0.704723	0.216799	0.0933937
148000	-286.1412	-283.3013	-2.839848	0.5862018	0.0622888	0.113496	0.0204171	0.803798	0.1128022
148200	-288.1762	-285.8096	-2.366624	0.603646	0.0565809	0.0620998	0.625454	0.255865	0.05091167
148400	-284.6606	-283.9011	-0.7595624	0.4853792	0.0236259	0.20622	0.327019	0.443135	0.01000633
148600	-285.7562	-283.1801	-2.57611	0.6510156	0.0152576	0.0317215	0.763257	0.189763	0.02482544
148800	-284.4256	-281.3375	-3.088155	0.6330849	0.00671245	0.550723	0.094725	0.34784	0.09101106
149000	-283.6133	-282.7555	-0.8578525	0.494169	0.0017827	0.0501453	0.449609	0.498463	0.01094815
149200	-287.6967	-285.2704	-2.42632	0.6455021	0.174008	0.0122535	0.338237	0.475502	0.0167334
149400	-283.5641	-280.9729	-2.591268	0.6440162	0.00342887	0.131605	0.712216	0.15275	0.03397216
149600	-283.7687	-281.5958	-2.17292	0.5766123	0.0143154	0.0904644	0.266568	0.628652	0.05845654
149800	-284.5252	-281.5985	-2.926705	0.6325815	0.016551	0.437731	0.497833	0.0478855	0.07726473
150000	-285.9211	-283.2457	-2.6754	0.6860105	0.0563257	0.394748	0.242994	0.305932	0.001480149
150200	-285.9112	-284.7199	-1.191335	0.5320346	0.0854274	0.12488	0.201786	0.587906	0.006769702
150400	-284.9572	-282.9385	-2.01866	0.6039128	0.0716738	0.105542	0.332233	0.490551	0.01723476
150600	-286.2016	-282.5973	-3.604251	0.5495821	0.014557	0.0722132	0.736267	0.176963	0.2215013
150800	-288.7434	-286.2647	-2.478675	0.6583102	0.0928567	0.292289	0.245336	0.369519	0.009120536
151000	-286.6671	-283.601	-3.066066	0.7008906	0.0103098	0.264521	0.554298	0.170871	0.02422332
151200	-288.6939	-283.5295	-5.164407	0.6674897	0.113153	0.105321	0.630673	0.150853	0.2566158
151400	-284.8292	-283.7571	-1.072178	0.5125166	0.0440325	0.314352	0.14087	0.500745	0.01384361
151600	-282.6967	-281.0663	-1.630434	0.5697051	0.00320875	0.151373	0.719588	0.12583	0.01255426
151800	-287.7629	-286.278	-1.484893	0.4976969	0.0245897	0.332024	0.182694	0.460692	0.06728152
152000	-290.4345	-283.9191	-6.515369	0.9662396	0.0264113	0.012176	0.475811	0.485602	0.1042248
152200	-287.2635	-281.7478	-5.515688	0.6840252	0.0305923	0.033662	0.347725	0.58802	0.2818101
152400	-286.2714	-281.5222	-4.749234	0.8149986	0.0214338	0.0219678	0.455892	0.500707	0.07930173
152600	-284.1885	-283.1203	-1.06826	0.5131902	0.0148868	0.137049	0.577439	0.270625	0.01263932
152800	-285.1788	-281.6099	-3.568912	0.6314178	0.00873329	0.465325	0.0767453	0.449196	0.1392393
153000	-285.6186	-281.6464	-3.972168	0.711362	0.0243737	0.493715	0.0174187	0.464492	0.1031811
153200	-286.0287	-284.5459	-1.482788	0.5100723	0.0410472	0.191659	0.0332372	0.734057	0.05588663
153400	-284.278	-283.0291	-1.248968	0.5323783	0.0227945	0.112737	0.324441	0.540027	0.01200428
153600	-287.0695	-283.2046	-3.864833	0.7353278	0.0166137	0.644441	0.000151476	0.338794	0.06855153
153800	-285.1445	-283.1508	-1.993635	0.5966589	0.0581126	0.215758	0.121524	0.604606	0.02191599
154000	-286.5115	-282.8697	-3.641804	0.7344021	0.0645247	0.557234	0.278194	0.100047	0.04988566
154200	-284.2819	-283.0432	-1.238732	0.534537	0.00235905	0.601025	0.158483	0.238133	0.008896384
154400	-286.6136	-284.2962	-2.317406	0.6130395	0.00519497	0.249727	0.0455478	0.699531	0.03586777
154600	-284.4885	-281.7358	-2.752713	0.6551342	0.0366416	0.0835454	0.539645	0.340168	0.0387353
154800	-286.3041	-282.3864	-3.917671	0.6638613	0.0693939	0.181417	0.280789	0.4684	0.1440974
155000	-286.3386	-284.3543	-1.984223	0.5932469	0.100129	0.0779024	0.485609	0.336359	0.02452806
155200	-285.4244	-281.3655	-4.058885	0.786272	0.00866792	0.433335	0.138324	0.419673	0.03958631
155400	-288.5752	-287.2203	-1.354849	0.554149	0.0210492	0.321125	0.369482	0.288344	0.001288585
155600	-287.4345	-286.4725	-0.9620726	0.4627779	0.0563888	0.401407	0.249873	0.292331	0.05065119
155800	-284.909	-283.3191	-1.589929	0.5115767	0.0155887	0.0824606	0.320511	0.58144	0.0625384
156000	-286.8398	-281.6683	-5.171529	0.7329874	0.0127057	0.625207	0.307601	0.0544872	0.1993654
156200	-285.487	-283.3971	-2.089888	0.5869533	0.0714086	0.217496	0.48232	0.228776	0.04048863
156400	-285.8175	-282.8148	-3.002611	0.6266143	0.0744384	0.242912	0.460577	0.222073	0.08976718
156600	-284.9433	-282.3163	-2.627005	0.6177003	0.0030052	0.509623	0.0698161	0.417555	0.06381205
156800	-284.0567	-281.3752	-2.681492	0.6735436	0.0156688	0.102841	0.878928	0.0025623	0.01403547
157000	-284.4433	-282.7702	-1.673175	0.577494	0.0545648	0.107162	0.435159	0.403115	0.009418411
157200	-284.5708	-281.8314	-2.739351	0.6017475	0.0206384	0.275501	0.264983	0.438877	0.08853553
157400	-287.737	-284.0844	-3.652596	0.755828	0.00649946	0.467185	0.0461417	0.480174	0.02782483
157600	-287.541	-283.0038	-4.537213	0.7706595	0.0477847	0.0819847	0.554823	0.315407	0.1004183
157800	-284.4443	-283.3635	-1.080791	0.5262344	0.048413	0.037054	0.0279275	0.886605	0.001683137
158000	-283.4584	-281.7748	-1.683651	0.5795906	0.00491307	0.386563	0.387226	0.221298	0.008263012
158200	-291.7708	-284.5776	-7.193188	1.061865	0.0232163	0.058588	0.562154	0.356042	0.0769584
158400	-286.9765	-284.5757	-2.400826	0.6360425	0.00961053	0.430387	0.320369	0.239634	0.02402404
158600	-286.9109	-282.766	-4.144949	0.7214307	0.0618793	0.732844	0.0298459	0.175431	0.1083774
158800	-287.7425	-284.1536	-3.588938	0.7402889	0.118779	0.238949	0.0353454	0.606928	0.03681607
159000	-285.8531	-283.1856	-2.667511	0.64333	0.0852415	0.0972806	0.42801	0.389468	0.04082174
159200	-283.8059	-282.0923	-1.713615	0.570241	0.014085	0.229102	0.512891	0.243922	0.01968446
159400	-289.7264	-286.3069	-3.41949	0.7013333	0.023527	0.261057	0.61387	0.101547	0.05566871
159600	-284.7008	-282.0263	-2.674469	0.6859413	0.0163513	0.186594	0.68685	0.110205	0.001428022
159800	-286.2586	-284.6253	-1.633261	0.5364033	0.0689005	0.0104171	0.345798	0.574884	0.04500611
160000	-285.9466	-283.7837	-2.162922	0.5331928	0.0550252	0.254963	0.525365	0.164647	0.09726237
160200	-287.2232	-286.0921	-1.131091	0.5043058	0.0745899	0.398584	0.020104	0.506722	0.02745258
160400	-284.3076	-282.683	-1.624532	0.5632638	0.0359293	0.171003	0.768894	0.024174	0.01793966
160600	-286.4237	-285.1268	-1.296864	0.5255155	0.0924105	0.254475	0.151868	0.501247	0.02282276
160800	-284.0708	-280.8609	-3.209923	0.7115985	0.0202404	0.0305412	0.904455	0.0447632	0.02825395
161000	-283.6838	-281.7888	-1.894983	0.562756	0.00963504	0.249026	0.738473	0.00286632	0.04439298
161200	-284.0231	-281.3367	-2.686391	0.6870989	0.0420348	0.067009	0.331485	0.559472	0.001454411
161400	-287.7642	-282.3954	-5.368858	0.6771186	0.0667306	0.207085	0.156481	0.569703	0.2694592
161600	-284.8875	-281.3899	-3.497554	0.7664237	0.0382153	0.0888559	0.729136	0.143793	0.003203156
161800	-285.3087	-282.6739	-2.634789	0.5701078	0.0134651	0.0499513	0.706162	0.230422	0.107966
162000	-284.0481	-281.0443	-3.003753	0.6799442	0.0199864	0.16141	0.066996	0.751608	0.03913157
162200	-285.9561	-282.2192	-3.736856	0.6758767	0.0479289	0.29222	0.589844	0.0700069	0.1141356
162400	-289.4342	-283.7635	-5.67071	0.5294775	0.0396536	0.0058993	0.87174	0.0827075	0.4187253
162600	-285.2627	-283.217	-2.045648	0.5708435	0.0770074	0.105383	0.17383	0.64378	0.05133947
162800	-285.794	-283.1706	-2.623387	0.6170482	0.0236278	0.419277	0.0657493	0.491346	0.06373729
163000	-285.284	-281.8573	-3.426715	0.6945576	0.0316822	0.100706	0.856027	0.0115848	0.06627855
163200	-285.0525	-281.4106	-3.641883	0.5833875	0.0177293	0.0747004	0.824393	0.0831775	0.1899343
163400	-286.3426	-282.6908	-3.651851	0.7223916	0.00654978	0.142902	0.343696	0.506853	0.06194684
163600	-287.5868	-286.4032	-1.183638	0.4157887	0.0167615	0.121933	0.0372996	0.824006	0.1137182
163800	-284.7319	-282.6486	-2.083219	0.579722	0.0265148	0.0881251	0.124814	0.760546	0.04534945
164000	-285.2882	-281.0435	-4.24465	0.7177335	0.0025024	0.412687	0.315145	0.269666	0.1211594
164200	-285.31	-282.2125	-3.097461	0.7246578	0.0704032	0.000612427	0.922637	0.00634737	0.004974771
164400	-283.3058	-281.6028	-1.70295	0.5833286	0.00377895	0.450677	0.393251	0.152292	0.006612426
164600	-284.6984	-282.7397	-1.958733	0.6134679	0.0570554	0.418683	0.353674	0.170587	0.002295646
164800	-285.4674	-284.4338	-1.033553	0.5187316	0.0618256	0.262165	0.424893	0.251116	0.004343212
165000	-289.4539	-284.1045	-5.349438	0.5972583	0.0125347	0.383718	0.515147	0.0886	0.3423577
165200	-285.6412	-282.5891	-3.052117	0.6704872	0.0670659	0.107183	0.520934	0.304817	0.05362601
165400	-284.7301	-281.8575	-2.872667	0.7067117	0.0119574	0.016867	0.794703	0.176472	0.0005060945
165600	-282.9544	-281.3907	-1.563709	0.5619667	0.0197119	0.00663092	0.331638	0.642019	0.0135116
165800	-285.0214	-280.9377	-4.083713	0.7640096	0.00912762	0.09787	0.290616	0.602386	0.06356166
166000	-284.2603	-281.9568	-2.303511	0.6277611	0.0252341	0.164002	0.718785	0.0919789	0.02201739
166200	-285.6922	-284.1288	-1.56333	0.4687133	0.022527	0.146924	0.107206	0.723342	0.1011963
166400	-286.8009	-284.1117	-2.689231	0.630554	0.00446829	0.178149	0.394285	0.423097	0.05811076
166600	-286.242	-283.9191	-2.322858	0.6411883	0.124689	0.299221	0.0558753	0.520215	0.01071301
166800	-285.6485	-281.9886	-3.659896	0.750687	0.0633459	0.151227	0.391516	0.393911	0.03413231
167000	-286.6592	-282.6779	-3.98125	0.5810066	0.0332428	0.145564	0.480399	0.340794	0.2271178
167200	-283.5585	-282.6742	-0.8843077	0.494425	0.00195336	0.0738075	0.70708	0.217159	0.01322326
167400	-284.2775	-281.2734	-3.004141	0.6708302	0.00489246	0.0203818	0.142301	0.832424	0.0474712
167600	-286.4927	-284.0339	-2.458796	0.5549351	0.0456082	0.00488288	0.405181	0.544328	0.1058982
167800	-283.1229	-281.4165	-1.706439	0.5761069	0.00717125	0.11761	0.319078	0.556141	0.01373068
168000	-292.373	-287.9223	-4.450608	0.6531211	0.153536	0.0120838	0.524428	0.309952	0.2054431
168200	-286.3104	-281.9694	-4.341027	0.6596006	0.0235607	0.213387	0.28605	0.477003	0.1905824
168400	-285.825	-284.1043	-1.720766	0.5664802	0.0782588	0.41195	0.161154	0.348638	0.02457075
168600	-284.3758	-282.8029	-1.57284	0.5220011	0.0228934	0.0505154	0.605831	0.32076	0.05277591
168800	-284.624	-283.5224	-1.101525	0.4853121	0.000879857	0.410515	0.177208	0.411397	0.04222021
169000	-285.7527	-281.9304	-3.822339	0.7629607	0.0532314	0.386313	0.0790924	0.481363	0.03883449
169200	-285.2733	-281.4071	-3.866163	0.7233565	0.0408436	0.00480209	0.0357783	0.918576	0.08081332
169400	-284.175	-282.2675	-1.907427	0.5603488	0.0108471	0.0277274	0.568827	0.392599	0.04895601
169600	-285.5929	-282.8167	-2.776142	0.6331015	0.0782382	0.0654315	0.0144659	0.841864	0.0610143
169800	-283.9502	-282.9771	-0.973115	0.5012644	0.000452816	0.319643	0.167183	0.51272	0.01483358
170000	-288.4176	-281.9431	-6.474501	0.6161082	0.0227737	0.168662	0.162302	0.646263	0.4369754
170200	-284.9542	-283.1082	-1.84601	0.5644183	0.0150593	0.558498	0.0573472	0.369095	0.03787231
170400	-286.0453	-285.233	-0.8123471	0.4717536	0.0287107	0.29552	0.559689	0.11608	0.02701908
170600	-283.1692	-281.1077	-2.061452	0.5983354	0.00155494	0.0314613	0.665281	0.301703	0.02672492
170800	-286.6796	-282.9551	-3.724491	0.637192	0.0674195	0.194889	0.163498	0.574194	0.1459898
171000	-285.1182	-282.6153	-2.502889	0.5826713	0.00387563	0.027283	0.948055	0.0207859	0.08200375
171200	-290.4751	-283.9582	-6.516894	0.7235814	0.154422	0.314253	0.0117538	0.519571	0.3443098
171400	-287.3986	-284.4713	-2.927297	0.6775853	0.0439418	0.622473	0.105033	0.228553	0.03304736
171600	-283.7562	-280.6278	-3.128376	0.697398	0.0163891	0.0724478	0.695323	0.21584	0.03380462
171800	-286.0358	-282.756	-3.279761	0.6551836	0.0434716	0.0152183	0.83908	0.10223	0.09026356
172000	-288.7917	-285.4608	-3.330906	0.6411876	0.0870978	0.171966	0.348338	0.392599	0.1099207
172200	-283.995	-281.2241	-2.770943	0.6415736	0.00928895	0.0264702	0.328958	0.635283	0.05345909
172400	-286.2447	-282.1276	-4.1171	0.7717126	0.0621559	0.458583	0.27743	0.201831	0.05873168
172600	-291.0111	-286.1439	-4.867168	0.8019567	0.218184	0.00351103	0.670113	0.108192	0.1024424
172800	-286.1334	-283.0928	-3.040599	0.6923455	0.010492	0.0215817	0.563149	0.404778	0.03134603
173000	-285.6724	-285.0534	-0.6189448	0.4773341	0.0538992	0.0611005	0.776937	0.108064	0.004334097
173200	-284.7181	-282.0963	-2.621772	0.6660053	0.0327133	0.554089	0.409847	0.00334978	0.01532173
173400	-283.6871	-282.619	-1.068054	0.4978026	0.000757891	0.166948	0.0746004	0.757694	0.02676152
173600	-284.7386	-281.9757	-2.762822	0.6652073	0.0224329	0.334103	0.218215	0.42525	0.03055064
173800	-283.2023	-280.8492	-2.353134	0.654181	0.00821051	0.213031	0.148903	0.629856	0.001059075
174000	-284.1547	-282.3026	-1.852196	0.5702762	0.00833909	0.428197	0.220779	0.342685	0.03263006
174200	-285.6641	-283.1489	-2.515191	0.5995099	0.044835	0.560985	0.0414523	0.352728	0.06888196
174400	-288.0616	-282.3116	-5.749948	0.7134001	0.0597768	0.137995	0.126622	0.675606	0.2675447
174600	-284.7299	-282.7992	-1.93072	0.5729262	0.0086662	0.243054	0.181369	0.56691	0.03749436
174800	-287.6004	-287.3533	-0.2471168	0.4396795	0.0234486	0.158278	0.312502	0.505772	0.004634002
175000	-288.1645	-287.4476	-0.7168612	0.481169	0.115234	0.0994156	0.725521	0.0598287	0.009894564
175200	-287.4085	-282.1445	-5.263965	0.8996559	0.0202643	0.266374	0.661071	0.0522904	0.04563642
175400	-286.6193	-285.6961	-0.9231745	0.4610562	0.0317016	0.154685	0.624934	0.188679	0.04818314
175600	-288.0743	-284.0993	-3.974998	0.6850603	0.0871279	0.310273	0.0758599	0.526739	0.1314023
175800	-285.3935	-282.1421	-3.251369	0.6610825	0.0319922	0.12364	0.836681	0.00768664	0.08059434
176000	-282.7995	-280.9482	-1.851307	0.5900059	0.00365374	0.162964	0.0971515	0.736231	0.01425645
176200	-288.137	-281.9058	-6.23124	0.8463484	0.0106684	0.00327391	0.21953	0.766528	0.19424
176400	-288.4866	-287.3526	-1.133998	0.5182292	0.107162	0.305315	0.492409	0.0951138	0.01414709
176600	-286.0877	-283.0772	-3.010463	0.5819301	0.0423072	0.0676332	0.23048	0.65958	0.1306461
176800	-284.9731	-283.7707	-1.202419	0.5146488	0.0551101	0.195655	0.192257	0.556978	0.02407899
177000	-283.9123	-282.5664	-1.345926	0.5134812	0.00930091	0.00588516	0.189325	0.795489	0.03784479
177200	-284.6284	-281.7332	-2.895172	0.6541755	0.0157946	0.043805	0.175909	0.764491	0.05446649
177400	-286.0371	-283.7955	-2.241565	0.6198822	0.0780494	0.552907	0.0435192	0.325525	0.0233816
177600	-285.6377	-284.5369	-1.10079	0.4962475	0.0733522	0.090407	0.652155	0.184086	0.03189808
177800	-285.4436	-282.9734	-2.470156	0.6600031	0.0811608	0.42067	0.08232	0.415849	0.006689557
178000	-285.8721	-283.7546	-2.117481	0.5308036	0.0195074	0.555334	0.413043	0.0121154	0.09502024
178200	-283.8414	-282.3364	-1.505001	0.5669795	0.0120293	0.309027	0.396164	0.28278	0.003338825
178400	-285.6098	-281.1729	-4.436811	0.7051361	0.00314739	0.643949	0.0923139	0.260589	0.1529946
178600	-287.3655	-282.0887	-5.276761	0.5377744	0.00215145	0.0442013	0.024681	0.928966	0.3894947
178800	-283.9342	-280.9791	-2.955085	0.6398807	0.00135624	0.125056	0.332909	0.540679	0.07095017
179000	-285.2829	-281.937	-3.345879	0.7144158	0.0184072	0.293237	0.621163	0.0671937	0.03994171
179200	-286.5894	-282.8598	-3.729605	0.6970534	0.0978199	0.0502367	0.446752	0.405192	0.09460795
179400	-286.7402	-283.6121	-3.128153	0.541186	0.00652502	0.220688	0.276571	0.496216	0.1751708
179600	-283.2387	-281.1401	-2.098631	0.5919078	0.00474561	0.0848354	0.269558	0.640861	0.03620029
179800	-284.6629	-281.5746	-3.088286	0.6700959	0.0323164	0.229458	0.619857	0.118369	0.0568588
180000	-287.5245	-283.1046	-4.41989	0.8198809	0.111436	0.160459	0.337957	0.390147	0.04070901
180200	-283.7971	-281.1465	-2.650591	0.6563711	0.00229923	0.039239	0.29406	0.664402	0.02787492
180400	-284.5031	-280.9761	-3.527	0.7191733	0.000721345	0.140047	0.217052	0.642179	0.05241079
180600	-283.6207	-281.9048	-1.715933	0.5610966	0.0103385	0.226759	0.346437	0.416466	0.02905786
180800	-288.0763	-285.5715	-2.504771	0.5156382	0.0772019	0.0108715	0.336866	0.575061	0.1497003
181000	-285.7491	-282.392	-3.357091	0.7194381	0.0110183	0.539528	0.0592341	0.39022	0.03445263
181200	-285.6013	-284.2467	-1.354539	0.5419225	0.0387173	0.199268	0.731457	0.0305578	0.01249955
181400	-285.7166	-283.1796	-2.536988	0.5563386	0.0244249	0.647677	0.0462692	0.281629	0.1117396
181600	-285.464	-283.607	-1.856937	0.5838286	0.0602218	0.335306	0.076954	0.527518	0.02103305
181800	-286.8309	-283.5247	-3.306271	0.7405519	0.064285	0.322935	0.0953516	0.517428	0.009751545
182000	-285.3722	-282.3335	-3.038739	0.5390246	0.0113654	0.221407	0.658286	0.108942	0.1730597
182200	-285.818	-280.9653	-4.852645	0.6684018	0.0018311	0.0872499	0.712513	0.198406	0.2222944
182400	-286.7053	-284.8734	-1.8319	0.5782745	0.0377974	0.171889	0.225451	0.564862	0.02281732
182600	-289.108	-284.0412	-5.066798	0.8628123	0.156613	0.164776	0.266581	0.412029	0.06209598
182800	-284.7859	-281.4235	-3.362419	0.7327424	0.0283327	0.155873	0.0185605	0.797234	0.02322518
183000	-288.3419	-286.483	-1.858863	0.547073	0.0455166	0.449986	0.337454	0.167043	0.05730338
183200	-284.0683	-281.3207	-2.74766	0.647943	0.0125013	0.361187	0.446072	0.18024	0.04442746
183400	-286.1168	-284.3172	-1.799628	0.5922631	0.0455368	0.374876	0.0267424	0.552845	0.007498898
183600	-284.0792	-280.9752	-3.103986	0.6884675	0.00463163	0.130294	0.619496	0.245578	0.04038474
183800	-288.633	-283.8922	-4.740875	0.7286776	0.117227	0.253301	0.0298997	0.599572	0.1622586
184000	-290.0467	-282.8094	-7.237275	0.9313311	0.112357	0.0686543	0.471263	0.347726	0.2160305
184200	-285.9647	-283.566	-2.398613	0.6099831	0.0527113	0.433728	0.336881	0.17668	0.04706199
184400	-287.4079	-282.8249	-4.582923	0.8617828	0.00346071	0.88455	0.0584361	0.0535531	0.01591132
184600	-286.5919	-283.2017	-3.39013	0.6552783	0.094401	0.00071447	0.206422	0.698463	0.1020859
184800	-286.1864	-284.1527	-2.03371	0.6127801	0.0279132	0.392702	0.309755	0.26963	0.01016056
185000	-286.5624	-285.1559	-1.406489	0.544617	0.110119	0.294734	0.393108	0.20204	0.01514777
185200	-284.1595	-281.0943	-3.065224	0.6479545	0.000726596	0.0978413	0.725245	0.176187	0.07400238
185400	-284.0518	-281.7198	-2.331937	0.5870242	0.0307092	0.103863	0.377104	0.488323	0.06203317
185600	-283.9259	-281.5501	-2.375819	0.6473567	0.0260817	0.327345	0.193463	0.45311	0.009719322
185800	-288.8206	-285.6539	-3.166737	0.7105325	0.142578	0.349677	0.36108	0.146665	0.02591879
186000	-285.4339	-284.0849	-1.34904	0.5034305	0.00712608	0.105921	0.0737288	0.813224	0.04914972
186200	-284.9401	-281.2082	-3.731872	0.6554229	0.0192025	0.288197	0.419901	0.272699	0.1315962
186400	-287.2143	-285.7612	-1.453112	0.5527578	0.00711284	0.261145	0.720942	0.0107997	0.01171259
186600	-283.3096	-281.1669	-2.142681	0.5588345	0.00397012	0.0853405	0.634648	0.276042	0.07109666
186800	-284.0058	-281.7664	-2.239379	0.5726635	0.00529588	0.264675	0.633144	0.0968852	0.06820093
187000	-283.2952	-281.7242	-1.570958	0.5489354	0.00381597	0.0203553	0.317417	0.658412	0.02703471
187200	-290.5606	-286.9547	-3.605953	0.7197833	0.03829	0.30621	0.452014	0.203486	0.05860469
187400	-287.419	-285.2589	-2.160082	0.5997242	0.041503	0.605178	0.194881	0.158437	0.03416788
187600	-284.9882	-280.7014	-4.286839	0.7000695	0.0111171	0.197351	0.518006	0.273526	0.1416661
187800	-284.0723	-281.3303	-2.741979	0.6838052	0.0239685	0.0400672	0.0651492	0.870815	0.009832292
188000	-283.4477	-282.0108	-1.436922	0.547501	0.0119998	0.00774085	0.14575	0.83451	0.01544873
188200	-284.8862	-281.2653	-3.620957	0.5562045	0.0018792	0.0535636	0.719016	0.225541	0.2142755
188400	-285.5263	-283.7725	-1.753856	0.5435226	0.0143425	0.114937	0.437972	0.432748	0.04947603
188600	-289.3929	-284.0413	-5.351612	0.9207448	0.0107527	0.730132	0.226763	0.0323524	0.03365782
188800	-285.3371	-284.6664	-0.6706378	0.4524542	0.0448608	0.00760929	0.233884	0.713646	0.03201384
189000	-284.9527	-282.1504	-2.802292	0.6582199	0.0399206	0.423174	0.129738	0.407168	0.04104547
189200	-284.0164	-282.3369	-1.679508	0.5596671	0.0100537	0.231166	0.301072	0.457708	0.02725567
189400	-286.0952	-284.9211	-1.174038	0.5168074	0.0777097	0.192428	0.0153017	0.714561	0.01928893
189600	-284.4189	-282.4609	-1.958001	0.610206	0.00255561	0.344176	0.213314	0.439955	0.005298116
189800	-286.8141	-283.6166	-3.197429	0.6527073	0.0160608	0.150122	0.641694	0.192123	0.08116165
190000	-287.6691	-283.3052	-4.363909	0.6463054	0.0114436	0.0673085	0.823665	0.0975833	0.2054059
190200	-285.9203	-283.0887	-2.831589	0.5271691	0.0110931	0.0722487	0.0754577	0.841201	0.1690383
190400	-284.6697	-282.1752	-2.494581	0.6497257	0.00647679	0.74153	0.043538	0.208455	0.01876573
190600	-286.4814	-281.7943	-4.687114	0.722651	0.0417128	0.439361	0.136717	0.382209	0.1589201
190800	-283.2736	-281.4998	-1.77378	0.5716386	0.0153626	0.0501188	0.0269598	0.907559	0.02449314
191000	-284.3101	-282.7352	-1.57491	0.5703224	0.0020225	0.395196	0.456049	0.146733	0.006803824
191200	-283.1608	-281.9267	-1.23417	0.5261303	0.0059526	0.000439316	0.209767	0.783841	0.01603899
191400	-285.2039	-283.1972	-2.006688	0.5461953	0.0274966	0.224486	0.474091	0.273927	0.06897567
191600	-291.1626	-285.0562	-6.10639	0.9018811	0.157528	0.577079	0.198461	0.0669327	0.1241182
191800	-283.873	-281.811	-2.062061	0.5712379	0.0325861	0.118213	0.247136	0.602065	0.05195764
192000	-286.3769	-281.3373	-5.039609	0.6945049	0.0161732	0.0693395	0.423793	0.490695	0.2201487
192200	-286.3189	-283.4101	-2.908783	0.6284823	0.0895152	0.0449954	0.0412781	0.824211	0.08009207
192400	-283.8402	-280.8099	-3.030327	0.6076524	0.0105944	0.0641738	0.684457	0.240775	0.1103828
192600	-284.3037	-281.501	-2.802742	0.6391948	0.0280717	0.091485	0.0737889	0.806654	0.05908683
192800	-285.1105	-281.8332	-3.277245	0.6723941	0.00265691	0.348144	0.565565	0.0836334	0.07145271
193000	-284.9975	-282.0299	-2.967596	0.671403	0.0375383	0.215868	0.094916	0.651677	0.04302686
193200	-285.2665	-282.8422	-2.42431	0.5790348	0.0303915	0.845958	0.046047	0.0776037	0.07938137
193400	-287.3701	-281.6658	-5.704305	0.9300658	0.00782405	0.0546496	0.831555	0.105971	0.058267
193600	-285.712	-283.888	-1.823978	0.5717218	0.0546189	0.373139	0.203018	0.369224	0.02913609
193800	-286.1674	-281.5738	-4.593609	0.7177797	0.048559	0.00114485	0.723905	0.226391	0.1531908
194000	-283.1043	-280.8174	-2.28692	0.6250315	0.0129458	0.0114794	0.341386	0.634189	0.02279796
194200	-288.8834	-287.2433	-1.640183	0.4829094	0.0940647	0.47457	0.221835	0.209531	0.09669618
194400	-283.8046	-281.8239	-1.980687	0.5885384	0.0362576	0.0360986	0.686336	0.241308	0.02759898
194600	-286.4645	-283.0691	-3.395382	0.6984578	0.0601841	0.221545	0.216785	0.501486	0.05841867
194800	-289.6586	-282.0837	-7.574917	0.7066391	0.0371925	0.105745	0.801465	0.0555974	0.4611186
195000	-285.3151	-282.9372	-2.377869	0.5993459	0.0340207	0.787628	0.0819421	0.0964093	0.05642597
195200	-284.8538	-281.5336	-3.320209	0.6980709	0.00618533	0.165388	0.562048	0.266379	0.05305169
195400	-288.9856	-285.5727	-3.412895	0.5861951	0.0680308	0.429566	0.155931	0.346473	0.1658204
195600	-286.7841	-284.0407	-2.743429	0.5705847	0.0163435	0.656289	0.22683	0.100537	0.1201262
195800	-285.905	-281.4486	-4.456377	0.6296631	0.00892314	0.394113	0.0453049	0.551659	0.2255643
196000	-285.649	-282.897	-2.752004	0.5918637	0.0488668	0.22771	0.314985	0.408438	0.09817331
196200	-285.3938	-281.6405	-3.753305	0.611096	0.00220937	0.648793	0.324664	0.0243337	0.1768974
196400	-286.1646	-281.507	-4.657592	0.8428317	0.00296927	0.0555411	0.641995	0.299494	0.04228038
196600	-289.5784	-285.1824	-4.39596	0.7912157	0.000867757	0.324963	0.115546	0.558624	0.06807827
196800	-288.8273	-286.0945	-2.732832	0.6578571	0.053728	0.616627	0.096711	0.232933	0.03317037
197000	-284.6023	-281.9535	-2.648821	0.6735158	0.00661717	0.685738	0.119789	0.187856	0.01103668
197200	-287.1088	-286.0264	-1.082345	0.5030231	0.0104339	0.225698	0.736631	0.027237	0.02415745
197400	-285.4318	-282.9018	-2.529979	0.5559039	0.00267626	0.625938	0.237135	0.134251	0.1127021
197600	-286.038	-282.6488	-3.389192	0.7262123	0.0237857	0.0572796	0.0290727	0.889862	0.03264529
197800	-284.8009	-281.8235	-2.977352	0.6845405	0.0438881	0.162319	0.543619	0.250174	0.03214005
198000	-286.5875	-283.9259	-2.661676	0.6086068	0.0279771	0.135553	0.0816857	0.754784	0.07574832
198200	-288.4292	-286.2833	-2.145922	0.5874623	0.0927915	0.726451	0.133938	0.0468189	0.04673972
198400	-284.4376	-280.8097	-3.627827	0.6323559	0.0105046	0.0211636	0.725478	0.242853	0.1456615
198600	-287.9074	-284.5033	-3.404134	0.7518187	0.0190812	0.518328	0.394891	0.0676992	0.008653885
198800	-287.3984	-285.1753	-2.223039	0.5853616	0.11338	0.165409	0.270268	0.450943	0.05516103
199000	-284.8553	-282.0514	-2.803894	0.5888967	0.0105033	0.123028	0.155689	0.71078	0.104477
199200	-289.1191	-282.2829	-6.836197	0.7482355	0.0834089	0.055113	0.401748	0.45973	0.3449896
199400	-286.0988	-282.9186	-3.180152	0.6766062	0.00532127	0.380922	0.337978	0.275778	0.05786223
199600	-286.811	-282.2378	-4.573145	0.6843888	0.000912372	0.375912	0.296497	0.326678	0.1870807
199800	-285.6048	-284.4311	-1.173639	0.5136883	0.0164066	0.137148	0.107394	0.739051	0.02257303
200000	-289.6136	-287.3448	-2.268852	0.5084526	0.0196191	0.120039	0.412814	0.447528	0.1335815
